Hmm ... looks like a package

This is pdfTeX, Version 3.14159265-2.6-1.40.17 (TeX Live 2016/Debian) (preloaded format=pdflatex)
 restricted \write18 enabled.
entering extended mode
LaTeX2e <2017/01/01> patch level 3
Babel <3.9r> and hyphenation patterns for 83 language(s) loaded.
(./Rd2.tex
(/usr/share/texlive/texmf-dist/tex/latex/base/book.cls
Document Class: book 2014/09/29 v1.4h Standard LaTeX document class
(/usr/share/texlive/texmf-dist/tex/latex/base/bk10.clo))
(/home/tomas/cran/rcnst/build/share/texmf/tex/latex/Rd.sty
(/usr/share/texlive/texmf-dist/tex/latex/base/ifthen.sty)
(/usr/share/texlive/texmf-dist/tex/latex/tools/longtable.sty)
(/usr/share/texlive/texmf-dist/tex/latex/tools/bm.sty)
(/usr/share/texlive/texmf-dist/tex/latex/base/alltt.sty)
(/usr/share/texlive/texmf-dist/tex/latex/tools/verbatim.sty)
(/usr/share/texlive/texmf-dist/tex/latex/url/url.sty)
(/usr/share/texlive/texmf-dist/tex/latex/base/textcomp.sty
(/usr/share/texlive/texmf-dist/tex/latex/base/ts1enc.def))
(/usr/share/texlive/texmf-dist/tex/latex/base/fontenc.sty
(/usr/share/texlive/texmf-dist/tex/latex/base/t1enc.def))
(/usr/share/texlive/texmf-dist/tex/latex/psnfss/times.sty)
(/usr/share/texlive/texmf-dist/tex/latex/inconsolata/zi4.sty
`inconsolata-zi4' v1.112, 2017/01/04 Text macros for Inconsolata (msharpe)
(/usr/share/texlive/texmf-dist/tex/latex/xkeyval/xkeyval.sty
(/usr/share/texlive/texmf-dist/tex/generic/xkeyval/xkeyval.tex
(/usr/share/texlive/texmf-dist/tex/generic/xkeyval/xkvutils.tex
(/usr/share/texlive/texmf-dist/tex/generic/xkeyval/keyval.tex)))))
(/usr/share/texlive/texmf-dist/tex/latex/graphics/color.sty
(/usr/share/texlive/texmf-dist/tex/latex/graphics-cfg/color.cfg)
(/usr/share/texlive/texmf-dist/tex/latex/graphics-def/pdftex.def
(/usr/share/texlive/texmf-dist/tex/generic/oberdiek/infwarerr.sty)
(/usr/share/texlive/texmf-dist/tex/generic/oberdiek/ltxcmds.sty)))
(/usr/share/texlive/texmf-dist/tex/latex/hyperref/hyperref.sty
(/usr/share/texlive/texmf-dist/tex/generic/oberdiek/hobsub-hyperref.sty
(/usr/share/texlive/texmf-dist/tex/generic/oberdiek/hobsub-generic.sty))
(/usr/share/texlive/texmf-dist/tex/generic/ifxetex/ifxetex.sty)
(/usr/share/texlive/texmf-dist/tex/latex/oberdiek/auxhook.sty)
(/usr/share/texlive/texmf-dist/tex/latex/oberdiek/kvoptions.sty)
(/usr/share/texlive/texmf-dist/tex/latex/hyperref/pd1enc.def)
(/usr/share/texlive/texmf-dist/tex/latex/latexconfig/hyperref.cfg))

Package hyperref Message: Driver (autodetected): hpdftex.

(/usr/share/texlive/texmf-dist/tex/latex/hyperref/hpdftex.def
(/usr/share/texlive/texmf-dist/tex/latex/oberdiek/rerunfilecheck.sty))

Package hyperref Warning: Option `hyperindex' has already been used,
(hyperref)                setting the option has no effect on input line 366.


Package hyperref Warning: Option `pagebackref' has already been used,
(hyperref)                setting the option has no effect on input line 366.

) (/usr/share/texlive/texmf-dist/tex/latex/base/makeidx.sty)
(/usr/share/texlive/texmf-dist/tex/latex/base/inputenc.sty
(/usr/share/texlive/texmf-dist/tex/latex/base/utf8.def
(/usr/share/texlive/texmf-dist/tex/latex/base/t1enc.dfu)
(/usr/share/texlive/texmf-dist/tex/latex/base/ot1enc.dfu)
(/usr/share/texlive/texmf-dist/tex/latex/base/omsenc.dfu)
(/usr/share/texlive/texmf-dist/tex/latex/base/ts1enc.dfu))
(/usr/share/texlive/texmf-dist/tex/latex/base/latin1.def))
Writing index file Rd2.idx
No file Rd2.aux.
(/usr/share/texlive/texmf-dist/tex/latex/base/ts1cmr.fd)
(/usr/share/texlive/texmf-dist/tex/latex/psnfss/t1ptm.fd)
(/usr/share/texlive/texmf-dist/tex/context/base/mkii/supp-pdf.mkii
[Loading MPS to PDF converter (version 2006.09.02).]
) (/usr/share/texlive/texmf-dist/tex/latex/hyperref/nameref.sty
(/usr/share/texlive/texmf-dist/tex/generic/oberdiek/gettitlestring.sty))
(/usr/share/texlive/texmf-dist/tex/latex/inconsolata/t1zi4.fd)
(/usr/share/texlive/texmf-dist/tex/latex/psnfss/t1phv.fd)
(/usr/share/texlive/texmf-dist/tex/latex/base/utf8.def) [1{/var/lib/texmf/fonts
/map/pdftex/updmap/pdftex.map}] [2]
Underfull \hbox (badness 10000) in paragraph at lines 89--96

(/usr/share/texlive/texmf-dist/tex/latex/inconsolata/ts1zi4.fd)
(/usr/share/texlive/texmf-dist/tex/latex/base/utf8.def) [3]
Underfull \hbox (badness 10000) in paragraph at lines 149--156

(/usr/share/texlive/texmf-dist/tex/latex/base/utf8.def) [4]
Overfull \hbox (5.28088pt too wide) in paragraph at lines 205--205
 []\T1/zi4/m/n/9 x=matrix(c(0,NA,NA,NA,NA,30,0,NA,NA,NA,10,NA,0,NA,NA,NA,70,50,
0,10,NA,40,20,60,0),ncol=5)[] 
(/usr/share/texlive/texmf-dist/tex/latex/base/utf8.def) [5]
Underfull \hbox (badness 10000) in paragraph at lines 244--251

(/usr/share/texlive/texmf-dist/tex/latex/base/utf8.def) [6]
Underfull \hbox (badness 10000) in paragraph at lines 297--304

[7] (/usr/share/texlive/texmf-dist/tex/latex/base/utf8.def) [8]
Underfull \hbox (badness 10000) in paragraph at lines 377--384

(/usr/share/texlive/texmf-dist/tex/latex/base/utf8.def) [9]
Overfull \hbox (41.2064pt too wide) in paragraph at lines 444--448
\T1/ptm/m/n/10 fied er-ror bound. For more in-for-ma-tion on the ANN li-brary p
lease visit http://www.cs.umd.edu/~mount/ANN/. 

Underfull \hbox (badness 10000) in paragraph at lines 459--462


Underfull \hbox (badness 10000) in paragraph at lines 459--462

[10]
Underfull \hbox (badness 10000) in paragraph at lines 464--467


Underfull \hbox (badness 10000) in paragraph at lines 464--467


Underfull \hbox (badness 10000) in paragraph at lines 468--471


Underfull \hbox (badness 10000) in paragraph at lines 468--471


Underfull \hbox (badness 10000) in paragraph at lines 473--480

(/usr/share/texlive/texmf-dist/tex/latex/base/utf8.def) [11]
Overfull \hbox (23.6287pt too wide) in paragraph at lines 539--540
[]\T1/ptm/m/n/10 Should sam-pling be with re-place-ment, \T1/zi4/m/n/10 bagging
 = TRUE\T1/ptm/m/n/10 . By de-fault \T1/zi4/m/n/10 bagging = FALSE\T1/ptm/m/n/1
0 . 

Overfull \hbox (28.69777pt too wide) in paragraph at lines 557--558
\T1/ptm/m/n/10 Very low prox-im-i-ties be-tween sam-ples are ig-nored by (de-fa
ult) set-ting \T1/zi4/m/n/10 epsilon = 0.05\T1/ptm/m/n/10 . 
[12]
Overfull \hbox (4.42671pt too wide) in paragraph at lines 580--581
[]\T1/ptm/m/n/10 a ma-trix con-tain-ing the all clas-si-fi-ca-tion ob-tained ma
x-i-miz-ing the cross-validation

Underfull \hbox (badness 10000) in paragraph at lines 595--602

[13]
Overfull \hbox (6.76555pt too wide) in paragraph at lines 611--611
 []\T1/zi4/m/n/9 # plot(kk$pp,col=as.numeric(labels), xlab="First component", y
lab="Second component",cex=2)[] 
(/usr/share/texlive/texmf-dist/tex/latex/base/utf8.def)
Overfull \hbox (34.1577pt too wide) in paragraph at lines 636--637
[]\T1/ptm/m/n/10 The func-tion re-turns a vec-tor of val-ues in-di-cat-ing the 
"im-por-tance" of each vari-able. If "\T1/zi4/m/n/10 method="loadings"

Underfull \hbox (badness 10000) in paragraph at lines 644--651

[14] (/usr/share/texlive/texmf-dist/tex/latex/base/utf8.def)
Underfull \hbox (badness 10000) in paragraph at lines 691--708


Underfull \hbox (badness 10000) in paragraph at lines 691--708


Underfull \hbox (badness 10000) in paragraph at lines 691--708

[15] (/usr/share/texlive/texmf-dist/tex/latex/base/utf8.def)
Underfull \hbox (badness 10000) in paragraph at lines 748--755

[16] (/usr/share/texlive/texmf-dist/tex/latex/base/utf8.def)
Underfull \hbox (badness 10000) in paragraph at lines 793--800

[17]
Overfull \hbox (0.77168pt too wide) in paragraph at lines 818--818
 []\T1/zi4/m/n/9 # plot(kk$pp,pch=21,bg=rainbow(22)[class],xlab="First Componen
t",ylab="Second Component")[] 
(/usr/share/texlive/texmf-dist/tex/latex/base/utf8.def)
Overfull \hbox (7.19864pt too wide) in paragraph at lines 841--842
[]\T1/ptm/m/n/10 the nor-mal-iza-tion method to be used. Choices are "\T1/zi4/m
/n/10 none\T1/ptm/m/n/10 ", "\T1/zi4/m/n/10 pqn\T1/ptm/m/n/10 ", "\T1/zi4/m/n/1
0 sum\T1/ptm/m/n/10 ", "\T1/zi4/m/n/10 median\T1/ptm/m/n/10 ",

Overfull \hbox (5.62735pt too wide) in paragraph at lines 842--843
[]\T1/ptm/m/n/10 Reference sam-ple for Prob-a-bilis-tic Quo-tient Nor-mal-iza-t
ion. (by de-fault = NULL). 
[18] (/usr/share/texlive/texmf-dist/tex/latex/psnfss/ts1ptm.fd)
Underfull \hbox (badness 10000) in paragraph at lines 876--888


Underfull \hbox (badness 10000) in paragraph at lines 876--888

[19] (/usr/share/texlive/texmf-dist/tex/latex/base/utf8.def) [20]
Underfull \hbox (badness 10000) in paragraph at lines 964--971

[21] (/usr/share/texlive/texmf-dist/tex/latex/base/utf8.def) [22]
Underfull \hbox (badness 10000) in paragraph at lines 1047--1054

(/usr/share/texlive/texmf-dist/tex/latex/base/utf8.def) [23]
Overfull \hbox (7.29903pt too wide) in paragraph at lines 1090--1091
[]\T1/ptm/m/n/10 the scal-ing method to be used. Choices are "\T1/zi4/m/n/10 no
ne\T1/ptm/m/n/10 ", "\T1/zi4/m/n/10 centering\T1/ptm/m/n/10 ", "\T1/zi4/m/n/10 
autoscaling\T1/ptm/m/n/10 ",

Overfull \hbox (12.51636pt too wide) in paragraph at lines 1121--1133
\T1/ptm/m/n/10 Cen-ter-ing, scal-ing, and trans-for-ma-tions: im-prov-ing the b
i-o-log-i-cal in-for-ma-tion con-tent of metabolomics

Underfull \hbox (badness 10000) in paragraph at lines 1121--1133


Underfull \hbox (badness 10000) in paragraph at lines 1121--1133

[24] (/usr/share/texlive/texmf-dist/tex/latex/base/utf8.def) [25]
Underfull \hbox (badness 10000) in paragraph at lines 1184--1192

(/usr/share/texlive/texmf-dist/tex/latex/base/utf8.def) [26]
Underfull \hbox (badness 10000) in paragraph at lines 1245--1262


Underfull \hbox (badness 10000) in paragraph at lines 1245--1262


Underfull \hbox (badness 10000) in paragraph at lines 1245--1262

(/usr/share/texlive/texmf-dist/tex/latex/base/utf8.def) [27]
Underfull \hbox (badness 10000) in paragraph at lines 1311--1318

(/usr/share/texlive/texmf-dist/tex/latex/base/utf8.def) [28]
Underfull \hbox (badness 10000) in paragraph at lines 1353--1360

No file Rd2.ind.
[29] (/tmp/Rtmpgl63nR/Rd2pdf82577e2c33c4/Rd2.aux)

Package rerunfilecheck Warning: File `Rd2.out' has changed.
(rerunfilecheck)                Rerun to get outlines right
(rerunfilecheck)                or use package `bookmark'.

 )
(see the transcript file for additional information)pdfTeX warning (dest): name
{Rfn.kmeans} has been referenced but does not exist, replaced by a fixed one

{/usr/share/texlive/texmf-dist/fonts/enc/dvips/inconsolata/i4-ts1.enc}{/usr/sha
re/texlive/texmf-dist/fonts/enc/dvips/base/8r.enc}{/usr/share/texlive/texmf-dis
t/fonts/enc/dvips/inconsolata/i4-t1-0.enc}</usr/share/texlive/texmf-dist/fonts/
type1/public/inconsolata/Inconsolata-zi4r.pfb></usr/share/texlive/texmf-dist/fo
nts/type1/urw/helvetic/uhvr8a.pfb></usr/share/texlive/texmf-dist/fonts/type1/ur
w/times/utmb8a.pfb></usr/share/texlive/texmf-dist/fonts/type1/urw/times/utmr8a.
pfb></usr/share/texlive/texmf-dist/fonts/type1/urw/times/utmr8a.pfb></usr/share
/texlive/texmf-dist/fonts/type1/urw/times/utmri8a.pfb>
Output written on Rd2.pdf (29 pages, 140560 bytes).
Transcript written on Rd2.log.
This is pdfTeX, Version 3.14159265-2.6-1.40.17 (TeX Live 2016/Debian) (preloaded format=pdflatex)
 restricted \write18 enabled.
entering extended mode
LaTeX2e <2017/01/01> patch level 3
Babel <3.9r> and hyphenation patterns for 83 language(s) loaded.
(./Rd2.tex
(/usr/share/texlive/texmf-dist/tex/latex/base/book.cls
Document Class: book 2014/09/29 v1.4h Standard LaTeX document class
(/usr/share/texlive/texmf-dist/tex/latex/base/bk10.clo))
(/home/tomas/cran/rcnst/build/share/texmf/tex/latex/Rd.sty
(/usr/share/texlive/texmf-dist/tex/latex/base/ifthen.sty)
(/usr/share/texlive/texmf-dist/tex/latex/tools/longtable.sty)
(/usr/share/texlive/texmf-dist/tex/latex/tools/bm.sty)
(/usr/share/texlive/texmf-dist/tex/latex/base/alltt.sty)
(/usr/share/texlive/texmf-dist/tex/latex/tools/verbatim.sty)
(/usr/share/texlive/texmf-dist/tex/latex/url/url.sty)
(/usr/share/texlive/texmf-dist/tex/latex/base/textcomp.sty
(/usr/share/texlive/texmf-dist/tex/latex/base/ts1enc.def))
(/usr/share/texlive/texmf-dist/tex/latex/base/fontenc.sty
(/usr/share/texlive/texmf-dist/tex/latex/base/t1enc.def))
(/usr/share/texlive/texmf-dist/tex/latex/psnfss/times.sty)
(/usr/share/texlive/texmf-dist/tex/latex/inconsolata/zi4.sty
`inconsolata-zi4' v1.112, 2017/01/04 Text macros for Inconsolata (msharpe)
(/usr/share/texlive/texmf-dist/tex/latex/xkeyval/xkeyval.sty
(/usr/share/texlive/texmf-dist/tex/generic/xkeyval/xkeyval.tex
(/usr/share/texlive/texmf-dist/tex/generic/xkeyval/xkvutils.tex
(/usr/share/texlive/texmf-dist/tex/generic/xkeyval/keyval.tex)))))
(/usr/share/texlive/texmf-dist/tex/latex/graphics/color.sty
(/usr/share/texlive/texmf-dist/tex/latex/graphics-cfg/color.cfg)
(/usr/share/texlive/texmf-dist/tex/latex/graphics-def/pdftex.def
(/usr/share/texlive/texmf-dist/tex/generic/oberdiek/infwarerr.sty)
(/usr/share/texlive/texmf-dist/tex/generic/oberdiek/ltxcmds.sty)))
(/usr/share/texlive/texmf-dist/tex/latex/hyperref/hyperref.sty
(/usr/share/texlive/texmf-dist/tex/generic/oberdiek/hobsub-hyperref.sty
(/usr/share/texlive/texmf-dist/tex/generic/oberdiek/hobsub-generic.sty))
(/usr/share/texlive/texmf-dist/tex/generic/ifxetex/ifxetex.sty)
(/usr/share/texlive/texmf-dist/tex/latex/oberdiek/auxhook.sty)
(/usr/share/texlive/texmf-dist/tex/latex/oberdiek/kvoptions.sty)
(/usr/share/texlive/texmf-dist/tex/latex/hyperref/pd1enc.def)
(/usr/share/texlive/texmf-dist/tex/latex/latexconfig/hyperref.cfg))

Package hyperref Message: Driver (autodetected): hpdftex.

(/usr/share/texlive/texmf-dist/tex/latex/hyperref/hpdftex.def
(/usr/share/texlive/texmf-dist/tex/latex/oberdiek/rerunfilecheck.sty))

Package hyperref Warning: Option `hyperindex' has already been used,
(hyperref)                setting the option has no effect on input line 366.


Package hyperref Warning: Option `pagebackref' has already been used,
(hyperref)                setting the option has no effect on input line 366.

) (/usr/share/texlive/texmf-dist/tex/latex/base/makeidx.sty)
(/usr/share/texlive/texmf-dist/tex/latex/base/inputenc.sty
(/usr/share/texlive/texmf-dist/tex/latex/base/utf8.def
(/usr/share/texlive/texmf-dist/tex/latex/base/t1enc.dfu)
(/usr/share/texlive/texmf-dist/tex/latex/base/ot1enc.dfu)
(/usr/share/texlive/texmf-dist/tex/latex/base/omsenc.dfu)
(/usr/share/texlive/texmf-dist/tex/latex/base/ts1enc.dfu))
(/usr/share/texlive/texmf-dist/tex/latex/base/latin1.def))
Writing index file Rd2.idx
(/tmp/Rtmpgl63nR/Rd2pdf82577e2c33c4/Rd2.aux)
(/usr/share/texlive/texmf-dist/tex/latex/base/ts1cmr.fd)
(/usr/share/texlive/texmf-dist/tex/latex/psnfss/t1ptm.fd)
(/usr/share/texlive/texmf-dist/tex/context/base/mkii/supp-pdf.mkii
[Loading MPS to PDF converter (version 2006.09.02).]
) (/usr/share/texlive/texmf-dist/tex/latex/hyperref/nameref.sty
(/usr/share/texlive/texmf-dist/tex/generic/oberdiek/gettitlestring.sty))
(/tmp/Rtmpgl63nR/Rd2pdf82577e2c33c4/Rd2.out)
(/tmp/Rtmpgl63nR/Rd2pdf82577e2c33c4/Rd2.out)
(/usr/share/texlive/texmf-dist/tex/latex/inconsolata/t1zi4.fd)
(/usr/share/texlive/texmf-dist/tex/latex/psnfss/t1phv.fd)
(/tmp/Rtmpgl63nR/Rd2pdf82577e2c33c4/Rd2.toc [1{/var/lib/texmf/fonts/map/pdftex/
updmap/pdftex.map}]) (/usr/share/texlive/texmf-dist/tex/latex/base/utf8.def)
[2]
Underfull \hbox (badness 10000) in paragraph at lines 89--96

(/usr/share/texlive/texmf-dist/tex/latex/inconsolata/ts1zi4.fd) [3]
(/usr/share/texlive/texmf-dist/tex/latex/base/utf8.def)
Underfull \hbox (badness 10000) in paragraph at lines 149--156

(/usr/share/texlive/texmf-dist/tex/latex/base/utf8.def) [4]
Overfull \hbox (5.28088pt too wide) in paragraph at lines 205--205
 []\T1/zi4/m/n/9 x=matrix(c(0,NA,NA,NA,NA,30,0,NA,NA,NA,10,NA,0,NA,NA,NA,70,50,
0,10,NA,40,20,60,0),ncol=5)[] 
(/usr/share/texlive/texmf-dist/tex/latex/base/utf8.def) [5]
Underfull \hbox (badness 10000) in paragraph at lines 244--251

(/usr/share/texlive/texmf-dist/tex/latex/base/utf8.def) [6]
Underfull \hbox (badness 10000) in paragraph at lines 297--304

[7] (/usr/share/texlive/texmf-dist/tex/latex/base/utf8.def) [8]
Underfull \hbox (badness 10000) in paragraph at lines 377--384

(/usr/share/texlive/texmf-dist/tex/latex/base/utf8.def) [9]
Overfull \hbox (41.2064pt too wide) in paragraph at lines 444--448
\T1/ptm/m/n/10 fied er-ror bound. For more in-for-ma-tion on the ANN li-brary p
lease visit http://www.cs.umd.edu/~mount/ANN/. 

Underfull \hbox (badness 10000) in paragraph at lines 459--462


Underfull \hbox (badness 10000) in paragraph at lines 459--462

[10]
Underfull \hbox (badness 10000) in paragraph at lines 464--467


Underfull \hbox (badness 10000) in paragraph at lines 464--467


Underfull \hbox (badness 10000) in paragraph at lines 468--471


Underfull \hbox (badness 10000) in paragraph at lines 468--471


Underfull \hbox (badness 10000) in paragraph at lines 473--480

(/usr/share/texlive/texmf-dist/tex/latex/base/utf8.def) [11]
Overfull \hbox (23.6287pt too wide) in paragraph at lines 539--540
[]\T1/ptm/m/n/10 Should sam-pling be with re-place-ment, \T1/zi4/m/n/10 bagging
 = TRUE\T1/ptm/m/n/10 . By de-fault \T1/zi4/m/n/10 bagging = FALSE\T1/ptm/m/n/1
0 . 

Overfull \hbox (28.69777pt too wide) in paragraph at lines 557--558
\T1/ptm/m/n/10 Very low prox-im-i-ties be-tween sam-ples are ig-nored by (de-fa
ult) set-ting \T1/zi4/m/n/10 epsilon = 0.05\T1/ptm/m/n/10 . 
[12]
Overfull \hbox (4.42671pt too wide) in paragraph at lines 580--581
[]\T1/ptm/m/n/10 a ma-trix con-tain-ing the all clas-si-fi-ca-tion ob-tained ma
x-i-miz-ing the cross-validation

Underfull \hbox (badness 10000) in paragraph at lines 595--602

[13]
Overfull \hbox (6.76555pt too wide) in paragraph at lines 611--611
 []\T1/zi4/m/n/9 # plot(kk$pp,col=as.numeric(labels), xlab="First component", y
lab="Second component",cex=2)[] 
(/usr/share/texlive/texmf-dist/tex/latex/base/utf8.def)
Overfull \hbox (34.1577pt too wide) in paragraph at lines 636--637
[]\T1/ptm/m/n/10 The func-tion re-turns a vec-tor of val-ues in-di-cat-ing the 
"im-por-tance" of each vari-able. If "\T1/zi4/m/n/10 method="loadings"

Underfull \hbox (badness 10000) in paragraph at lines 644--651

[14] (/usr/share/texlive/texmf-dist/tex/latex/base/utf8.def)
Underfull \hbox (badness 10000) in paragraph at lines 691--708


Underfull \hbox (badness 10000) in paragraph at lines 691--708


Underfull \hbox (badness 10000) in paragraph at lines 691--708

[15] (/usr/share/texlive/texmf-dist/tex/latex/base/utf8.def)
Underfull \hbox (badness 10000) in paragraph at lines 748--755

[16] (/usr/share/texlive/texmf-dist/tex/latex/base/utf8.def)
Underfull \hbox (badness 10000) in paragraph at lines 793--800

[17]
Overfull \hbox (0.77168pt too wide) in paragraph at lines 818--818
 []\T1/zi4/m/n/9 # plot(kk$pp,pch=21,bg=rainbow(22)[class],xlab="First Componen
t",ylab="Second Component")[] 
(/usr/share/texlive/texmf-dist/tex/latex/base/utf8.def)
Overfull \hbox (7.19864pt too wide) in paragraph at lines 841--842
[]\T1/ptm/m/n/10 the nor-mal-iza-tion method to be used. Choices are "\T1/zi4/m
/n/10 none\T1/ptm/m/n/10 ", "\T1/zi4/m/n/10 pqn\T1/ptm/m/n/10 ", "\T1/zi4/m/n/1
0 sum\T1/ptm/m/n/10 ", "\T1/zi4/m/n/10 median\T1/ptm/m/n/10 ",

Overfull \hbox (5.62735pt too wide) in paragraph at lines 842--843
[]\T1/ptm/m/n/10 Reference sam-ple for Prob-a-bilis-tic Quo-tient Nor-mal-iza-t
ion. (by de-fault = NULL). 
[18] (/usr/share/texlive/texmf-dist/tex/latex/psnfss/ts1ptm.fd)
Underfull \hbox (badness 10000) in paragraph at lines 876--888


Underfull \hbox (badness 10000) in paragraph at lines 876--888

[19] (/usr/share/texlive/texmf-dist/tex/latex/base/utf8.def) [20]
Underfull \hbox (badness 10000) in paragraph at lines 964--971

[21] (/usr/share/texlive/texmf-dist/tex/latex/base/utf8.def) [22]
Underfull \hbox (badness 10000) in paragraph at lines 1047--1054

(/usr/share/texlive/texmf-dist/tex/latex/base/utf8.def) [23]
Overfull \hbox (7.29903pt too wide) in paragraph at lines 1090--1091
[]\T1/ptm/m/n/10 the scal-ing method to be used. Choices are "\T1/zi4/m/n/10 no
ne\T1/ptm/m/n/10 ", "\T1/zi4/m/n/10 centering\T1/ptm/m/n/10 ", "\T1/zi4/m/n/10 
autoscaling\T1/ptm/m/n/10 ",

Overfull \hbox (12.51636pt too wide) in paragraph at lines 1121--1133
\T1/ptm/m/n/10 Cen-ter-ing, scal-ing, and trans-for-ma-tions: im-prov-ing the b
i-o-log-i-cal in-for-ma-tion con-tent of metabolomics

Underfull \hbox (badness 10000) in paragraph at lines 1121--1133


Underfull \hbox (badness 10000) in paragraph at lines 1121--1133

[24] (/usr/share/texlive/texmf-dist/tex/latex/base/utf8.def) [25]
Underfull \hbox (badness 10000) in paragraph at lines 1184--1192

(/usr/share/texlive/texmf-dist/tex/latex/base/utf8.def) [26]
Underfull \hbox (badness 10000) in paragraph at lines 1245--1262


Underfull \hbox (badness 10000) in paragraph at lines 1245--1262


Underfull \hbox (badness 10000) in paragraph at lines 1245--1262

(/usr/share/texlive/texmf-dist/tex/latex/base/utf8.def) [27]
Underfull \hbox (badness 10000) in paragraph at lines 1311--1318

(/usr/share/texlive/texmf-dist/tex/latex/base/utf8.def) [28]
Underfull \hbox (badness 10000) in paragraph at lines 1353--1360

No file Rd2.ind.
[29] (/tmp/Rtmpgl63nR/Rd2pdf82577e2c33c4/Rd2.aux) )
(see the transcript file for additional information)pdfTeX warning (dest): name
{Rfn.kmeans} has been referenced but does not exist, replaced by a fixed one

{/usr/share/texlive/texmf-dist/fonts/enc/dvips/inconsolata/i4-ts1.enc}{/usr/sha
re/texlive/texmf-dist/fonts/enc/dvips/base/8r.enc}{/usr/share/texlive/texmf-dis
t/fonts/enc/dvips/inconsolata/i4-t1-0.enc}</usr/share/texlive/texmf-dist/fonts/
type1/public/inconsolata/Inconsolata-zi4r.pfb></usr/share/texlive/texmf-dist/fo
nts/type1/urw/helvetic/uhvr8a.pfb></usr/share/texlive/texmf-dist/fonts/type1/ur
w/times/utmb8a.pfb></usr/share/texlive/texmf-dist/fonts/type1/urw/times/utmr8a.
pfb></usr/share/texlive/texmf-dist/fonts/type1/urw/times/utmr8a.pfb></usr/share
/texlive/texmf-dist/fonts/type1/urw/times/utmri8a.pfb>
Output written on Rd2.pdf (29 pages, 142880 bytes).
Transcript written on Rd2.log.
This is makeindex, version 2.15 [TeX Live 2016] (kpathsea + Thai support).
Scanning input file Rd2.idx....done (53 entries accepted, 0 rejected).
Sorting entries....done (320 comparisons).
Generating output file Rd2.ind....done (94 lines written, 2 warnings).
Output written in Rd2.ind.
Transcript written in Rd2.ilg.
This is pdfTeX, Version 3.14159265-2.6-1.40.17 (TeX Live 2016/Debian) (preloaded format=pdflatex)
 restricted \write18 enabled.
entering extended mode
LaTeX2e <2017/01/01> patch level 3
Babel <3.9r> and hyphenation patterns for 83 language(s) loaded.
(./Rd2.tex
(/usr/share/texlive/texmf-dist/tex/latex/base/book.cls
Document Class: book 2014/09/29 v1.4h Standard LaTeX document class
(/usr/share/texlive/texmf-dist/tex/latex/base/bk10.clo))
(/home/tomas/cran/rcnst/build/share/texmf/tex/latex/Rd.sty
(/usr/share/texlive/texmf-dist/tex/latex/base/ifthen.sty)
(/usr/share/texlive/texmf-dist/tex/latex/tools/longtable.sty)
(/usr/share/texlive/texmf-dist/tex/latex/tools/bm.sty)
(/usr/share/texlive/texmf-dist/tex/latex/base/alltt.sty)
(/usr/share/texlive/texmf-dist/tex/latex/tools/verbatim.sty)
(/usr/share/texlive/texmf-dist/tex/latex/url/url.sty)
(/usr/share/texlive/texmf-dist/tex/latex/base/textcomp.sty
(/usr/share/texlive/texmf-dist/tex/latex/base/ts1enc.def))
(/usr/share/texlive/texmf-dist/tex/latex/base/fontenc.sty
(/usr/share/texlive/texmf-dist/tex/latex/base/t1enc.def))
(/usr/share/texlive/texmf-dist/tex/latex/psnfss/times.sty)
(/usr/share/texlive/texmf-dist/tex/latex/inconsolata/zi4.sty
`inconsolata-zi4' v1.112, 2017/01/04 Text macros for Inconsolata (msharpe)
(/usr/share/texlive/texmf-dist/tex/latex/xkeyval/xkeyval.sty
(/usr/share/texlive/texmf-dist/tex/generic/xkeyval/xkeyval.tex
(/usr/share/texlive/texmf-dist/tex/generic/xkeyval/xkvutils.tex
(/usr/share/texlive/texmf-dist/tex/generic/xkeyval/keyval.tex)))))
(/usr/share/texlive/texmf-dist/tex/latex/graphics/color.sty
(/usr/share/texlive/texmf-dist/tex/latex/graphics-cfg/color.cfg)
(/usr/share/texlive/texmf-dist/tex/latex/graphics-def/pdftex.def
(/usr/share/texlive/texmf-dist/tex/generic/oberdiek/infwarerr.sty)
(/usr/share/texlive/texmf-dist/tex/generic/oberdiek/ltxcmds.sty)))
(/usr/share/texlive/texmf-dist/tex/latex/hyperref/hyperref.sty
(/usr/share/texlive/texmf-dist/tex/generic/oberdiek/hobsub-hyperref.sty
(/usr/share/texlive/texmf-dist/tex/generic/oberdiek/hobsub-generic.sty))
(/usr/share/texlive/texmf-dist/tex/generic/ifxetex/ifxetex.sty)
(/usr/share/texlive/texmf-dist/tex/latex/oberdiek/auxhook.sty)
(/usr/share/texlive/texmf-dist/tex/latex/oberdiek/kvoptions.sty)
(/usr/share/texlive/texmf-dist/tex/latex/hyperref/pd1enc.def)
(/usr/share/texlive/texmf-dist/tex/latex/latexconfig/hyperref.cfg))

Package hyperref Message: Driver (autodetected): hpdftex.

(/usr/share/texlive/texmf-dist/tex/latex/hyperref/hpdftex.def
(/usr/share/texlive/texmf-dist/tex/latex/oberdiek/rerunfilecheck.sty))

Package hyperref Warning: Option `hyperindex' has already been used,
(hyperref)                setting the option has no effect on input line 366.


Package hyperref Warning: Option `pagebackref' has already been used,
(hyperref)                setting the option has no effect on input line 366.

) (/usr/share/texlive/texmf-dist/tex/latex/base/makeidx.sty)
(/usr/share/texlive/texmf-dist/tex/latex/base/inputenc.sty
(/usr/share/texlive/texmf-dist/tex/latex/base/utf8.def
(/usr/share/texlive/texmf-dist/tex/latex/base/t1enc.dfu)
(/usr/share/texlive/texmf-dist/tex/latex/base/ot1enc.dfu)
(/usr/share/texlive/texmf-dist/tex/latex/base/omsenc.dfu)
(/usr/share/texlive/texmf-dist/tex/latex/base/ts1enc.dfu))
(/usr/share/texlive/texmf-dist/tex/latex/base/latin1.def))
Writing index file Rd2.idx
(/tmp/Rtmpgl63nR/Rd2pdf82577e2c33c4/Rd2.aux)
(/usr/share/texlive/texmf-dist/tex/latex/base/ts1cmr.fd)
(/usr/share/texlive/texmf-dist/tex/latex/psnfss/t1ptm.fd)
(/usr/share/texlive/texmf-dist/tex/context/base/mkii/supp-pdf.mkii
[Loading MPS to PDF converter (version 2006.09.02).]
) (/usr/share/texlive/texmf-dist/tex/latex/hyperref/nameref.sty
(/usr/share/texlive/texmf-dist/tex/generic/oberdiek/gettitlestring.sty))
(/tmp/Rtmpgl63nR/Rd2pdf82577e2c33c4/Rd2.out)
(/tmp/Rtmpgl63nR/Rd2pdf82577e2c33c4/Rd2.out)
(/usr/share/texlive/texmf-dist/tex/latex/inconsolata/t1zi4.fd)
(/usr/share/texlive/texmf-dist/tex/latex/psnfss/t1phv.fd)
(/tmp/Rtmpgl63nR/Rd2pdf82577e2c33c4/Rd2.toc [1{/var/lib/texmf/fonts/map/pdftex/
updmap/pdftex.map}]) (/usr/share/texlive/texmf-dist/tex/latex/base/utf8.def)
[2]
Underfull \hbox (badness 10000) in paragraph at lines 89--96

(/usr/share/texlive/texmf-dist/tex/latex/inconsolata/ts1zi4.fd) [3]
(/usr/share/texlive/texmf-dist/tex/latex/base/utf8.def)
Underfull \hbox (badness 10000) in paragraph at lines 149--156

(/usr/share/texlive/texmf-dist/tex/latex/base/utf8.def) [4]
Overfull \hbox (5.28088pt too wide) in paragraph at lines 205--205
 []\T1/zi4/m/n/9 x=matrix(c(0,NA,NA,NA,NA,30,0,NA,NA,NA,10,NA,0,NA,NA,NA,70,50,
0,10,NA,40,20,60,0),ncol=5)[] 
(/usr/share/texlive/texmf-dist/tex/latex/base/utf8.def) [5]
Underfull \hbox (badness 10000) in paragraph at lines 244--251

(/usr/share/texlive/texmf-dist/tex/latex/base/utf8.def) [6]
Underfull \hbox (badness 10000) in paragraph at lines 297--304

[7] (/usr/share/texlive/texmf-dist/tex/latex/base/utf8.def) [8]
Underfull \hbox (badness 10000) in paragraph at lines 377--384

(/usr/share/texlive/texmf-dist/tex/latex/base/utf8.def) [9]
Overfull \hbox (41.2064pt too wide) in paragraph at lines 444--448
\T1/ptm/m/n/10 fied er-ror bound. For more in-for-ma-tion on the ANN li-brary p
lease visit http://www.cs.umd.edu/~mount/ANN/. 

Underfull \hbox (badness 10000) in paragraph at lines 459--462


Underfull \hbox (badness 10000) in paragraph at lines 459--462

[10]
Underfull \hbox (badness 10000) in paragraph at lines 464--467


Underfull \hbox (badness 10000) in paragraph at lines 464--467


Underfull \hbox (badness 10000) in paragraph at lines 468--471


Underfull \hbox (badness 10000) in paragraph at lines 468--471


Underfull \hbox (badness 10000) in paragraph at lines 473--480

(/usr/share/texlive/texmf-dist/tex/latex/base/utf8.def) [11]
Overfull \hbox (23.6287pt too wide) in paragraph at lines 539--540
[]\T1/ptm/m/n/10 Should sam-pling be with re-place-ment, \T1/zi4/m/n/10 bagging
 = TRUE\T1/ptm/m/n/10 . By de-fault \T1/zi4/m/n/10 bagging = FALSE\T1/ptm/m/n/1
0 . 

Overfull \hbox (28.69777pt too wide) in paragraph at lines 557--558
\T1/ptm/m/n/10 Very low prox-im-i-ties be-tween sam-ples are ig-nored by (de-fa
ult) set-ting \T1/zi4/m/n/10 epsilon = 0.05\T1/ptm/m/n/10 . 
[12]
Overfull \hbox (4.42671pt too wide) in paragraph at lines 580--581
[]\T1/ptm/m/n/10 a ma-trix con-tain-ing the all clas-si-fi-ca-tion ob-tained ma
x-i-miz-ing the cross-validation

Underfull \hbox (badness 10000) in paragraph at lines 595--602

[13]
Overfull \hbox (6.76555pt too wide) in paragraph at lines 611--611
 []\T1/zi4/m/n/9 # plot(kk$pp,col=as.numeric(labels), xlab="First component", y
lab="Second component",cex=2)[] 
(/usr/share/texlive/texmf-dist/tex/latex/base/utf8.def)
Overfull \hbox (34.1577pt too wide) in paragraph at lines 636--637
[]\T1/ptm/m/n/10 The func-tion re-turns a vec-tor of val-ues in-di-cat-ing the 
"im-por-tance" of each vari-able. If "\T1/zi4/m/n/10 method="loadings"

Underfull \hbox (badness 10000) in paragraph at lines 644--651

[14] (/usr/share/texlive/texmf-dist/tex/latex/base/utf8.def)
Underfull \hbox (badness 10000) in paragraph at lines 691--708


Underfull \hbox (badness 10000) in paragraph at lines 691--708


Underfull \hbox (badness 10000) in paragraph at lines 691--708

[15] (/usr/share/texlive/texmf-dist/tex/latex/base/utf8.def)
Underfull \hbox (badness 10000) in paragraph at lines 748--755

[16] (/usr/share/texlive/texmf-dist/tex/latex/base/utf8.def)
Underfull \hbox (badness 10000) in paragraph at lines 793--800

[17]
Overfull \hbox (0.77168pt too wide) in paragraph at lines 818--818
 []\T1/zi4/m/n/9 # plot(kk$pp,pch=21,bg=rainbow(22)[class],xlab="First Componen
t",ylab="Second Component")[] 
(/usr/share/texlive/texmf-dist/tex/latex/base/utf8.def)
Overfull \hbox (7.19864pt too wide) in paragraph at lines 841--842
[]\T1/ptm/m/n/10 the nor-mal-iza-tion method to be used. Choices are "\T1/zi4/m
/n/10 none\T1/ptm/m/n/10 ", "\T1/zi4/m/n/10 pqn\T1/ptm/m/n/10 ", "\T1/zi4/m/n/1
0 sum\T1/ptm/m/n/10 ", "\T1/zi4/m/n/10 median\T1/ptm/m/n/10 ",

Overfull \hbox (5.62735pt too wide) in paragraph at lines 842--843
[]\T1/ptm/m/n/10 Reference sam-ple for Prob-a-bilis-tic Quo-tient Nor-mal-iza-t
ion. (by de-fault = NULL). 
[18] (/usr/share/texlive/texmf-dist/tex/latex/psnfss/ts1ptm.fd)
Underfull \hbox (badness 10000) in paragraph at lines 876--888


Underfull \hbox (badness 10000) in paragraph at lines 876--888

[19] (/usr/share/texlive/texmf-dist/tex/latex/base/utf8.def) [20]
Underfull \hbox (badness 10000) in paragraph at lines 964--971

[21] (/usr/share/texlive/texmf-dist/tex/latex/base/utf8.def) [22]
Underfull \hbox (badness 10000) in paragraph at lines 1047--1054

(/usr/share/texlive/texmf-dist/tex/latex/base/utf8.def) [23]
Overfull \hbox (7.29903pt too wide) in paragraph at lines 1090--1091
[]\T1/ptm/m/n/10 the scal-ing method to be used. Choices are "\T1/zi4/m/n/10 no
ne\T1/ptm/m/n/10 ", "\T1/zi4/m/n/10 centering\T1/ptm/m/n/10 ", "\T1/zi4/m/n/10 
autoscaling\T1/ptm/m/n/10 ",

Overfull \hbox (12.51636pt too wide) in paragraph at lines 1121--1133
\T1/ptm/m/n/10 Cen-ter-ing, scal-ing, and trans-for-ma-tions: im-prov-ing the b
i-o-log-i-cal in-for-ma-tion con-tent of metabolomics

Underfull \hbox (badness 10000) in paragraph at lines 1121--1133


Underfull \hbox (badness 10000) in paragraph at lines 1121--1133

[24] (/usr/share/texlive/texmf-dist/tex/latex/base/utf8.def) [25]
Underfull \hbox (badness 10000) in paragraph at lines 1184--1192

(/usr/share/texlive/texmf-dist/tex/latex/base/utf8.def) [26]
Underfull \hbox (badness 10000) in paragraph at lines 1245--1262


Underfull \hbox (badness 10000) in paragraph at lines 1245--1262


Underfull \hbox (badness 10000) in paragraph at lines 1245--1262

(/usr/share/texlive/texmf-dist/tex/latex/base/utf8.def) [27]
Underfull \hbox (badness 10000) in paragraph at lines 1311--1318

(/usr/share/texlive/texmf-dist/tex/latex/base/utf8.def) [28]
Underfull \hbox (badness 10000) in paragraph at lines 1353--1360

(/tmp/Rtmpgl63nR/Rd2pdf82577e2c33c4/Rd2.ind [29] [30])
(/tmp/Rtmpgl63nR/Rd2pdf82577e2c33c4/Rd2.aux)

Package rerunfilecheck Warning: File `Rd2.out' has changed.
(rerunfilecheck)                Rerun to get outlines right
(rerunfilecheck)                or use package `bookmark'.

 )
(see the transcript file for additional information)pdfTeX warning (dest): name
{Rfn.kmeans} has been referenced but does not exist, replaced by a fixed one

{/usr/share/texlive/texmf-dist/fonts/enc/dvips/inconsolata/i4-ts1.enc}{/usr/sha
re/texlive/texmf-dist/fonts/enc/dvips/base/8r.enc}{/usr/share/texlive/texmf-dis
t/fonts/enc/dvips/inconsolata/i4-t1-0.enc}</usr/share/texlive/texmf-dist/fonts/
type1/public/inconsolata/Inconsolata-zi4r.pfb></usr/share/texlive/texmf-dist/fo
nts/type1/public/amsfonts/cm/cmsy10.pfb></usr/share/texlive/texmf-dist/fonts/ty
pe1/urw/helvetic/uhvr8a.pfb></usr/share/texlive/texmf-dist/fonts/type1/urw/time
s/utmb8a.pfb></usr/share/texlive/texmf-dist/fonts/type1/urw/times/utmr8a.pfb></
usr/share/texlive/texmf-dist/fonts/type1/urw/times/utmr8a.pfb></usr/share/texli
ve/texmf-dist/fonts/type1/urw/times/utmri8a.pfb>
Output written on Rd2.pdf (30 pages, 153756 bytes).
Transcript written on Rd2.log.
This is makeindex, version 2.15 [TeX Live 2016] (kpathsea + Thai support).
Scanning input file Rd2.idx....done (53 entries accepted, 0 rejected).
Sorting entries....done (320 comparisons).
Generating output file Rd2.ind....done (94 lines written, 2 warnings).
Output written in Rd2.ind.
Transcript written in Rd2.ilg.
This is pdfTeX, Version 3.14159265-2.6-1.40.17 (TeX Live 2016/Debian) (preloaded format=pdflatex)
 restricted \write18 enabled.
entering extended mode
LaTeX2e <2017/01/01> patch level 3
Babel <3.9r> and hyphenation patterns for 83 language(s) loaded.
(./Rd2.tex
(/usr/share/texlive/texmf-dist/tex/latex/base/book.cls
Document Class: book 2014/09/29 v1.4h Standard LaTeX document class
(/usr/share/texlive/texmf-dist/tex/latex/base/bk10.clo))
(/home/tomas/cran/rcnst/build/share/texmf/tex/latex/Rd.sty
(/usr/share/texlive/texmf-dist/tex/latex/base/ifthen.sty)
(/usr/share/texlive/texmf-dist/tex/latex/tools/longtable.sty)
(/usr/share/texlive/texmf-dist/tex/latex/tools/bm.sty)
(/usr/share/texlive/texmf-dist/tex/latex/base/alltt.sty)
(/usr/share/texlive/texmf-dist/tex/latex/tools/verbatim.sty)
(/usr/share/texlive/texmf-dist/tex/latex/url/url.sty)
(/usr/share/texlive/texmf-dist/tex/latex/base/textcomp.sty
(/usr/share/texlive/texmf-dist/tex/latex/base/ts1enc.def))
(/usr/share/texlive/texmf-dist/tex/latex/base/fontenc.sty
(/usr/share/texlive/texmf-dist/tex/latex/base/t1enc.def))
(/usr/share/texlive/texmf-dist/tex/latex/psnfss/times.sty)
(/usr/share/texlive/texmf-dist/tex/latex/inconsolata/zi4.sty
`inconsolata-zi4' v1.112, 2017/01/04 Text macros for Inconsolata (msharpe)
(/usr/share/texlive/texmf-dist/tex/latex/xkeyval/xkeyval.sty
(/usr/share/texlive/texmf-dist/tex/generic/xkeyval/xkeyval.tex
(/usr/share/texlive/texmf-dist/tex/generic/xkeyval/xkvutils.tex
(/usr/share/texlive/texmf-dist/tex/generic/xkeyval/keyval.tex)))))
(/usr/share/texlive/texmf-dist/tex/latex/graphics/color.sty
(/usr/share/texlive/texmf-dist/tex/latex/graphics-cfg/color.cfg)
(/usr/share/texlive/texmf-dist/tex/latex/graphics-def/pdftex.def
(/usr/share/texlive/texmf-dist/tex/generic/oberdiek/infwarerr.sty)
(/usr/share/texlive/texmf-dist/tex/generic/oberdiek/ltxcmds.sty)))
(/usr/share/texlive/texmf-dist/tex/latex/hyperref/hyperref.sty
(/usr/share/texlive/texmf-dist/tex/generic/oberdiek/hobsub-hyperref.sty
(/usr/share/texlive/texmf-dist/tex/generic/oberdiek/hobsub-generic.sty))
(/usr/share/texlive/texmf-dist/tex/generic/ifxetex/ifxetex.sty)
(/usr/share/texlive/texmf-dist/tex/latex/oberdiek/auxhook.sty)
(/usr/share/texlive/texmf-dist/tex/latex/oberdiek/kvoptions.sty)
(/usr/share/texlive/texmf-dist/tex/latex/hyperref/pd1enc.def)
(/usr/share/texlive/texmf-dist/tex/latex/latexconfig/hyperref.cfg))

Package hyperref Message: Driver (autodetected): hpdftex.

(/usr/share/texlive/texmf-dist/tex/latex/hyperref/hpdftex.def
(/usr/share/texlive/texmf-dist/tex/latex/oberdiek/rerunfilecheck.sty))

Package hyperref Warning: Option `hyperindex' has already been used,
(hyperref)                setting the option has no effect on input line 366.


Package hyperref Warning: Option `pagebackref' has already been used,
(hyperref)                setting the option has no effect on input line 366.

) (/usr/share/texlive/texmf-dist/tex/latex/base/makeidx.sty)
(/usr/share/texlive/texmf-dist/tex/latex/base/inputenc.sty
(/usr/share/texlive/texmf-dist/tex/latex/base/utf8.def
(/usr/share/texlive/texmf-dist/tex/latex/base/t1enc.dfu)
(/usr/share/texlive/texmf-dist/tex/latex/base/ot1enc.dfu)
(/usr/share/texlive/texmf-dist/tex/latex/base/omsenc.dfu)
(/usr/share/texlive/texmf-dist/tex/latex/base/ts1enc.dfu))
(/usr/share/texlive/texmf-dist/tex/latex/base/latin1.def))
Writing index file Rd2.idx
(/tmp/Rtmpgl63nR/Rd2pdf82577e2c33c4/Rd2.aux)
(/usr/share/texlive/texmf-dist/tex/latex/base/ts1cmr.fd)
(/usr/share/texlive/texmf-dist/tex/latex/psnfss/t1ptm.fd)
(/usr/share/texlive/texmf-dist/tex/context/base/mkii/supp-pdf.mkii
[Loading MPS to PDF converter (version 2006.09.02).]
) (/usr/share/texlive/texmf-dist/tex/latex/hyperref/nameref.sty
(/usr/share/texlive/texmf-dist/tex/generic/oberdiek/gettitlestring.sty))
(/tmp/Rtmpgl63nR/Rd2pdf82577e2c33c4/Rd2.out)
(/tmp/Rtmpgl63nR/Rd2pdf82577e2c33c4/Rd2.out)
(/usr/share/texlive/texmf-dist/tex/latex/inconsolata/t1zi4.fd)
(/usr/share/texlive/texmf-dist/tex/latex/psnfss/t1phv.fd)
(/tmp/Rtmpgl63nR/Rd2pdf82577e2c33c4/Rd2.toc [1{/var/lib/texmf/fonts/map/pdftex/
updmap/pdftex.map}]) (/usr/share/texlive/texmf-dist/tex/latex/base/utf8.def)
[2]
Underfull \hbox (badness 10000) in paragraph at lines 89--96

(/usr/share/texlive/texmf-dist/tex/latex/inconsolata/ts1zi4.fd) [3]
(/usr/share/texlive/texmf-dist/tex/latex/base/utf8.def)
Underfull \hbox (badness 10000) in paragraph at lines 149--156

(/usr/share/texlive/texmf-dist/tex/latex/base/utf8.def) [4]
Overfull \hbox (5.28088pt too wide) in paragraph at lines 205--205
 []\T1/zi4/m/n/9 x=matrix(c(0,NA,NA,NA,NA,30,0,NA,NA,NA,10,NA,0,NA,NA,NA,70,50,
0,10,NA,40,20,60,0),ncol=5)[] 
(/usr/share/texlive/texmf-dist/tex/latex/base/utf8.def) [5]
Underfull \hbox (badness 10000) in paragraph at lines 244--251

(/usr/share/texlive/texmf-dist/tex/latex/base/utf8.def) [6]
Underfull \hbox (badness 10000) in paragraph at lines 297--304

[7] (/usr/share/texlive/texmf-dist/tex/latex/base/utf8.def) [8]
Underfull \hbox (badness 10000) in paragraph at lines 377--384

(/usr/share/texlive/texmf-dist/tex/latex/base/utf8.def) [9]
Overfull \hbox (41.2064pt too wide) in paragraph at lines 444--448
\T1/ptm/m/n/10 fied er-ror bound. For more in-for-ma-tion on the ANN li-brary p
lease visit http://www.cs.umd.edu/~mount/ANN/. 

Underfull \hbox (badness 10000) in paragraph at lines 459--462


Underfull \hbox (badness 10000) in paragraph at lines 459--462

[10]
Underfull \hbox (badness 10000) in paragraph at lines 464--467


Underfull \hbox (badness 10000) in paragraph at lines 464--467


Underfull \hbox (badness 10000) in paragraph at lines 468--471


Underfull \hbox (badness 10000) in paragraph at lines 468--471


Underfull \hbox (badness 10000) in paragraph at lines 473--480

(/usr/share/texlive/texmf-dist/tex/latex/base/utf8.def) [11]
Overfull \hbox (23.6287pt too wide) in paragraph at lines 539--540
[]\T1/ptm/m/n/10 Should sam-pling be with re-place-ment, \T1/zi4/m/n/10 bagging
 = TRUE\T1/ptm/m/n/10 . By de-fault \T1/zi4/m/n/10 bagging = FALSE\T1/ptm/m/n/1
0 . 

Overfull \hbox (28.69777pt too wide) in paragraph at lines 557--558
\T1/ptm/m/n/10 Very low prox-im-i-ties be-tween sam-ples are ig-nored by (de-fa
ult) set-ting \T1/zi4/m/n/10 epsilon = 0.05\T1/ptm/m/n/10 . 
[12]
Overfull \hbox (4.42671pt too wide) in paragraph at lines 580--581
[]\T1/ptm/m/n/10 a ma-trix con-tain-ing the all clas-si-fi-ca-tion ob-tained ma
x-i-miz-ing the cross-validation

Underfull \hbox (badness 10000) in paragraph at lines 595--602

[13]
Overfull \hbox (6.76555pt too wide) in paragraph at lines 611--611
 []\T1/zi4/m/n/9 # plot(kk$pp,col=as.numeric(labels), xlab="First component", y
lab="Second component",cex=2)[] 
(/usr/share/texlive/texmf-dist/tex/latex/base/utf8.def)
Overfull \hbox (34.1577pt too wide) in paragraph at lines 636--637
[]\T1/ptm/m/n/10 The func-tion re-turns a vec-tor of val-ues in-di-cat-ing the 
"im-por-tance" of each vari-able. If "\T1/zi4/m/n/10 method="loadings"

Underfull \hbox (badness 10000) in paragraph at lines 644--651

[14] (/usr/share/texlive/texmf-dist/tex/latex/base/utf8.def)
Underfull \hbox (badness 10000) in paragraph at lines 691--708


Underfull \hbox (badness 10000) in paragraph at lines 691--708


Underfull \hbox (badness 10000) in paragraph at lines 691--708

[15] (/usr/share/texlive/texmf-dist/tex/latex/base/utf8.def)
Underfull \hbox (badness 10000) in paragraph at lines 748--755

[16] (/usr/share/texlive/texmf-dist/tex/latex/base/utf8.def)
Underfull \hbox (badness 10000) in paragraph at lines 793--800

[17]
Overfull \hbox (0.77168pt too wide) in paragraph at lines 818--818
 []\T1/zi4/m/n/9 # plot(kk$pp,pch=21,bg=rainbow(22)[class],xlab="First Componen
t",ylab="Second Component")[] 
(/usr/share/texlive/texmf-dist/tex/latex/base/utf8.def)
Overfull \hbox (7.19864pt too wide) in paragraph at lines 841--842
[]\T1/ptm/m/n/10 the nor-mal-iza-tion method to be used. Choices are "\T1/zi4/m
/n/10 none\T1/ptm/m/n/10 ", "\T1/zi4/m/n/10 pqn\T1/ptm/m/n/10 ", "\T1/zi4/m/n/1
0 sum\T1/ptm/m/n/10 ", "\T1/zi4/m/n/10 median\T1/ptm/m/n/10 ",

Overfull \hbox (5.62735pt too wide) in paragraph at lines 842--843
[]\T1/ptm/m/n/10 Reference sam-ple for Prob-a-bilis-tic Quo-tient Nor-mal-iza-t
ion. (by de-fault = NULL). 
[18] (/usr/share/texlive/texmf-dist/tex/latex/psnfss/ts1ptm.fd)
Underfull \hbox (badness 10000) in paragraph at lines 876--888


Underfull \hbox (badness 10000) in paragraph at lines 876--888

[19] (/usr/share/texlive/texmf-dist/tex/latex/base/utf8.def) [20]
Underfull \hbox (badness 10000) in paragraph at lines 964--971

[21] (/usr/share/texlive/texmf-dist/tex/latex/base/utf8.def) [22]
Underfull \hbox (badness 10000) in paragraph at lines 1047--1054

(/usr/share/texlive/texmf-dist/tex/latex/base/utf8.def) [23]
Overfull \hbox (7.29903pt too wide) in paragraph at lines 1090--1091
[]\T1/ptm/m/n/10 the scal-ing method to be used. Choices are "\T1/zi4/m/n/10 no
ne\T1/ptm/m/n/10 ", "\T1/zi4/m/n/10 centering\T1/ptm/m/n/10 ", "\T1/zi4/m/n/10 
autoscaling\T1/ptm/m/n/10 ",

Overfull \hbox (12.51636pt too wide) in paragraph at lines 1121--1133
\T1/ptm/m/n/10 Cen-ter-ing, scal-ing, and trans-for-ma-tions: im-prov-ing the b
i-o-log-i-cal in-for-ma-tion con-tent of metabolomics

Underfull \hbox (badness 10000) in paragraph at lines 1121--1133


Underfull \hbox (badness 10000) in paragraph at lines 1121--1133

[24] (/usr/share/texlive/texmf-dist/tex/latex/base/utf8.def) [25]
Underfull \hbox (badness 10000) in paragraph at lines 1184--1192

(/usr/share/texlive/texmf-dist/tex/latex/base/utf8.def) [26]
Underfull \hbox (badness 10000) in paragraph at lines 1245--1262


Underfull \hbox (badness 10000) in paragraph at lines 1245--1262


Underfull \hbox (badness 10000) in paragraph at lines 1245--1262

(/usr/share/texlive/texmf-dist/tex/latex/base/utf8.def) [27]
Underfull \hbox (badness 10000) in paragraph at lines 1311--1318

(/usr/share/texlive/texmf-dist/tex/latex/base/utf8.def) [28]
Underfull \hbox (badness 10000) in paragraph at lines 1353--1360

(/tmp/Rtmpgl63nR/Rd2pdf82577e2c33c4/Rd2.ind [29] [30])
(/tmp/Rtmpgl63nR/Rd2pdf82577e2c33c4/Rd2.aux) )
(see the transcript file for additional information)pdfTeX warning (dest): name
{Rfn.kmeans} has been referenced but does not exist, replaced by a fixed one

{/usr/share/texlive/texmf-dist/fonts/enc/dvips/inconsolata/i4-ts1.enc}{/usr/sha
re/texlive/texmf-dist/fonts/enc/dvips/base/8r.enc}{/usr/share/texlive/texmf-dis
t/fonts/enc/dvips/inconsolata/i4-t1-0.enc}</usr/share/texlive/texmf-dist/fonts/
type1/public/inconsolata/Inconsolata-zi4r.pfb></usr/share/texlive/texmf-dist/fo
nts/type1/public/amsfonts/cm/cmsy10.pfb></usr/share/texlive/texmf-dist/fonts/ty
pe1/urw/helvetic/uhvr8a.pfb></usr/share/texlive/texmf-dist/fonts/type1/urw/time
s/utmb8a.pfb></usr/share/texlive/texmf-dist/fonts/type1/urw/times/utmr8a.pfb></
usr/share/texlive/texmf-dist/fonts/type1/urw/times/utmr8a.pfb></usr/share/texli
ve/texmf-dist/fonts/type1/urw/times/utmri8a.pfb>
Output written on Rd2.pdf (30 pages, 154577 bytes).
Transcript written on Rd2.log.
Saving output to ‘KODAMA-manual.pdf’ ...
Done
You may want to clean up by 'rm -rf /tmp/Rtmpgl63nR/Rd2pdf82577e2c33c4'
