* using log directory ‘/var/scratch2/tomas/cran/rlibro/check/eva3dm.Rcheck’
* using R Under development (unstable) (2024-11-21 r87360)
* using platform: x86_64-pc-linux-gnu
* R was compiled by
    gcc (GCC) 14.2.1 20240912 (Red Hat 14.2.1-3)
    GNU Fortran (GCC) 14.2.1 20240912 (Red Hat 14.2.1-3)
* running under: Fedora Linux 40 (MATE-Compiz)
* using session charset: UTF-8
* checking for file ‘eva3dm/DESCRIPTION’ ... OK
* checking extension type ... Package
* this is package ‘eva3dm’ version ‘0.99’
* package encoding: UTF-8
* checking package namespace information ... OK
* checking package dependencies ... OK
* checking if this is a source package ... OK
* checking if there is a namespace ... OK
* checking for executable files ... OK
* checking for hidden files and directories ... OK
* checking for portable file names ... OK
* checking for sufficient/correct file permissions ... OK
* checking whether package ‘eva3dm’ can be installed ... OK
* checking package directory ... OK
* checking DESCRIPTION meta-information ... OK
* checking top-level files ... OK
* checking for left-over files ... OK
* checking index information ... OK
* checking package subdirectories ... OK
* checking code files for non-ASCII characters ... OK
* checking R files for syntax errors ... OK
* checking whether the package can be loaded ... OK
* checking whether the package can be loaded with stated dependencies ... OK
* checking whether the package can be unloaded cleanly ... OK
* checking whether the namespace can be loaded with stated dependencies ... OK
* checking whether the namespace can be unloaded cleanly ... OK
* checking loading without being on the library search path ... OK
* checking dependencies in R code ... OK
* checking S3 generic/method consistency ... OK
* checking replacement functions ... OK
* checking foreign function calls ... OK
* checking R code for possible problems ... OK
* checking Rd files ... OK
* checking Rd metadata ... OK
* checking Rd cross-references ... OK
* checking for missing documentation entries ... OK
* checking for code/documentation mismatches ... OK
* checking Rd \usage sections ... OK
* checking Rd contents ... OK
* checking for unstated dependencies in examples ... OK
* checking examples ... OK
* checking for unstated dependencies in ‘tests’ ... OK
* checking tests ... ERROR
  Running ‘testthat.R’
Running the tests in ‘tests/testthat.R’ failed.
Last 13 lines of output:
      ▆
   1. └─eva3dm::atr(...) at test-utils.R:11:3
   2.   └─ncdf4::nc_open(filename = file, write = to_write)
  ── Error ('test-utils.R:11:3'): utility functios are functional! ───────────────
  Error in `if (nc$safemode) {
      return()
  }`: argument is of length zero
  Backtrace:
      ▆
   1. └─eva3dm::atr(...) at test-utils.R:11:3
   2.   └─ncdf4::nc_close(meta) at test-utils.R:11:3
  
  [ FAIL 3 | WARN 0 | SKIP 0 | PASS 6 ]
  Error: Test failures
  Execution halted
* checking PDF version of manual ... OK
* DONE
Status: 1 ERROR
