--- re-building ‘Binary-and-continuous-features.Rmd’ using rmarkdown

Attaching package: 'igraph'

The following objects are masked from 'package:stats':

    decompose, spectrum

The following object is masked from 'package:base':

    union


Attaching package: 'dplyr'

The following objects are masked from 'package:igraph':

    as_data_frame, groups, union

The following objects are masked from 'package:stats':

    filter, lag

The following objects are masked from 'package:base':

    intersect, setdiff, setequal, union

Loading required package: ggplot2
Using `stress` as default layout
ERROR: modification of compiler constant of type integer, length 1
ERROR: the modified value of the constant is:
[1] 7
ERROR: the original value of the constant is:
[1] 1
ERROR: the modified constant is at index 12
ERROR: the modified constant is in this function body:
{
    cols <- enquo(cols)
    if (.top_level) {
        mask$set_current_group(1L)
    }
    else {
        cols <- quo_set_env(cols, data_mask_top(quo_get_env(cols), 
            recursive = FALSE, inherit = TRUE))
    }
    vars <- tidyselect::eval_select(cols, data = mask$across_cols())
    vars <- names(vars)
    if (is.null(fns)) {
        if (!is.null(names)) {
            glue_mask <- across_glue_mask(.caller_env, .col = vars, 
                .fn = "1")
            names <- vec_as_names(glue(names, .envir = glue_mask), 
                repair = "check_unique")
        }
        value <- list(vars = vars, fns = fns, names = names)
        return(value)
    }
    if (is.function(fns) || is_formula(fns)) {
        names <- names %||% "{.col}"
        fns <- list(`1` = fns)
    }
    else {
        names <- names %||% "{.col}_{.fn}"
    }
    if (!is.list(fns)) {
        abort(c("Problem with `across()` input `.fns`.", i = "Input `.fns` must be NULL, a function, a formula, or a list of functions/formulas."))
    }
    expr_protect <- function(x) {
        call2(quote, x)
    }
    fns <- map(fns, function(fn) {
        if (is_formula(fn) && .top_level) {
            f_rhs(fn) <- call2(quote(rlang::eval_tidy), expr_protect(f_rhs(fn)), 
                data = mask$get_rlang_mask())
        }
        fn <- as_function(fn)
        fn
    })
    if (is.null(names(fns))) {
        names_fns <- seq_along(fns)
    }
    else {
        names_fns <- names(fns)
        empties <- which(names_fns == "")
        if (length(empties)) {
            names_fns[empties] <- empties
        }
    }
    glue_mask <- glue_mask <- across_glue_mask(.caller_env, .col = rep(vars, 
        each = length(fns)), .fn = rep(names_fns, length(vars)))
    names <- vec_as_names(glue(names, .envir = glue_mask), repair = "check_unique")
    list(vars = vars, fns = fns, names = names)
}
Function across_setup_impl in namespace dplyr has this body.
Fatal error: compiler constants were modified!

--- re-building ‘separate-peels-quintet.Rmd’ using rmarkdown

Attaching package: 'dplyr'

The following objects are masked from 'package:stats':

    filter, lag

The following objects are masked from 'package:base':

    intersect, setdiff, setequal, union


Attaching package: 'igraph'

The following objects are masked from 'package:purrr':

    compose, simplify

The following object is masked from 'package:tidyr':

    crossing

The following objects are masked from 'package:dplyr':

    as_data_frame, groups, union

The following objects are masked from 'package:stats':

    decompose, spectrum

The following object is masked from 'package:base':

    union

Using `stress` as default layout
ERROR: modification of compiler constant of type integer, length 1
ERROR: the modified value of the constant is:
[1] 40
ERROR: the original value of the constant is:
[1] 1
ERROR: the modified constant is at index 12
ERROR: the modified constant is in this function body:
{
    cols <- enquo(cols)
    if (.top_level) {
        mask$set_current_group(1L)
    }
    else {
        cols <- quo_set_env(cols, data_mask_top(quo_get_env(cols), 
            recursive = FALSE, inherit = TRUE))
    }
    vars <- tidyselect::eval_select(cols, data = mask$across_cols())
    vars <- names(vars)
    if (is.null(fns)) {
        if (!is.null(names)) {
            glue_mask <- across_glue_mask(.caller_env, .col = vars, 
                .fn = "1")
            names <- vec_as_names(glue(names, .envir = glue_mask), 
                repair = "check_unique")
        }
        value <- list(vars = vars, fns = fns, names = names)
        return(value)
    }
    if (is.function(fns) || is_formula(fns)) {
        names <- names %||% "{.col}"
        fns <- list(`1` = fns)
    }
    else {
        names <- names %||% "{.col}_{.fn}"
    }
    if (!is.list(fns)) {
        abort(c("Problem with `across()` input `.fns`.", i = "Input `.fns` must be NULL, a function, a formula, or a list of functions/formulas."))
    }
    expr_protect <- function(x) {
        call2(quote, x)
    }
    fns <- map(fns, function(fn) {
        if (is_formula(fn) && .top_level) {
            f_rhs(fn) <- call2(quote(rlang::eval_tidy), expr_protect(f_rhs(fn)), 
                data = mask$get_rlang_mask())
        }
        fn <- as_function(fn)
        fn
    })
    if (is.null(names(fns))) {
        names_fns <- seq_along(fns)
    }
    else {
        names_fns <- names(fns)
        empties <- which(names_fns == "")
        if (length(empties)) {
            names_fns[empties] <- empties
        }
    }
    glue_mask <- glue_mask <- across_glue_mask(.caller_env, .col = rep(vars, 
        each = length(fns)), .fn = rep(names_fns, length(vars)))
    names <- vec_as_names(glue(names, .envir = glue_mask), repair = "check_unique")
    list(vars = vars, fns = fns, names = names)
}
Function across_setup_impl in namespace dplyr has this body.
Fatal error: compiler constants were modified!

SUMMARY: processing the following files failed:
  ‘Binary-and-continuous-features.Rmd’ ‘separate-peels-quintet.Rmd’

Error: Vignette re-building failed.
Execution halted
