* installing *source* package ‘ps’ ...
** package ‘ps’ successfully unpacked and MD5 sums checked
** libs
make[1]: Entering directory '/tmp/RtmpnjKe9h/R.INSTALL89ca49993193/ps/src'
gcc -g -O2  -Wall px.c -o px
gcc -I"/var/scratch2/tomas/cran/rlibro/build/include" -DNDEBUG   -I/usr/local/include   -fpic  -g -O2  -c init.c -o init.o
gcc -I"/var/scratch2/tomas/cran/rlibro/build/include" -DNDEBUG   -I/usr/local/include   -fpic  -g -O2  -c api-common.c -o api-common.o
gcc -I"/var/scratch2/tomas/cran/rlibro/build/include" -DNDEBUG   -I/usr/local/include   -fpic  -g -O2  -c common.c -o common.o
gcc -I"/var/scratch2/tomas/cran/rlibro/build/include" -DNDEBUG   -I/usr/local/include   -fpic  -g -O2  -c extra.c -o extra.o
gcc -I"/var/scratch2/tomas/cran/rlibro/build/include" -DNDEBUG   -I/usr/local/include   -fpic  -g -O2  -c dummy.c -o dummy.o
gcc -I"/var/scratch2/tomas/cran/rlibro/build/include" -DNDEBUG   -I/usr/local/include   -fpic  -g -O2  -c posix.c -o posix.o
gcc -I"/var/scratch2/tomas/cran/rlibro/build/include" -DNDEBUG   -I/usr/local/include   -fpic  -g -O2  -c api-posix.c -o api-posix.o
gcc -I"/var/scratch2/tomas/cran/rlibro/build/include" -DNDEBUG   -I/usr/local/include   -fpic  -g -O2  -c linux.c -o linux.o
gcc -I"/var/scratch2/tomas/cran/rlibro/build/include" -DNDEBUG   -I/usr/local/include   -fpic  -g -O2  -c api-linux.c -o api-linux.o
gcc -shared -L/usr/local/lib64 -o ps.so init.o api-common.o common.o extra.o dummy.o posix.o api-posix.o linux.o api-linux.o
make[1]: Leaving directory '/tmp/RtmpnjKe9h/R.INSTALL89ca49993193/ps/src'
installing via 'install.libs.R' to /var/scratch2/tomas/cran/rlibro/lib/ps
** R
** inst
** byte-compile and prepare package for lazy loading
** help
*** installing help indices
** building package indices
** testing if installed package can be loaded
* DONE (ps)
