* using log directory ‘/home/tomas/cran/rcnst/check/SADISA.Rcheck’
* using R Under development (unstable) (2018-02-11 r74244)
* using platform: x86_64-pc-linux-gnu (64-bit)
* using session charset: UTF-8
* checking for file ‘SADISA/DESCRIPTION’ ... OK
* checking extension type ... Package
* this is package ‘SADISA’ version ‘1.0’
* checking package namespace information ... OK
* checking package dependencies ... OK
* checking if this is a source package ... OK
* checking if there is a namespace ... OK
* checking for executable files ... OK
* checking for hidden files and directories ... OK
* checking for portable file names ... OK
* checking for sufficient/correct file permissions ... OK
* checking whether package ‘SADISA’ can be installed ... OK
* checking package directory ... OK
* checking ‘build’ directory ... OK
* checking DESCRIPTION meta-information ... OK
* checking top-level files ... OK
* checking for left-over files ... OK
* checking index information ... OK
* checking package subdirectories ... OK
* checking R files for non-ASCII characters ... OK
* checking R files for syntax errors ... OK
* checking whether the package can be loaded ... OK
* checking whether the package can be loaded with stated dependencies ... OK
* checking whether the package can be unloaded cleanly ... OK
* checking whether the namespace can be loaded with stated dependencies ... OK
* checking whether the namespace can be unloaded cleanly ... OK
* checking loading without being on the library search path ... OK
* checking dependencies in R code ... NOTE
Namespace in Imports field not imported from: ‘subplex’
  All declared Imports should be used.
* checking S3 generic/method consistency ... OK
* checking replacement functions ... OK
* checking foreign function calls ... OK
* checking R code for possible problems ... OK
* checking Rd files ... OK
* checking Rd metadata ... OK
* checking Rd cross-references ... OK
* checking for missing documentation entries ... OK
* checking for code/documentation mismatches ... OK
* checking Rd \usage sections ... OK
* checking Rd contents ... OK
* checking for unstated dependencies in examples ... OK
* checking contents of ‘data’ directory ... OK
* checking data for non-ASCII characters ... OK
* checking data for ASCII and uncompressed saves ... OK
* checking installed files from ‘inst/doc’ ... OK
* checking files in ‘vignettes’ ... OK
* checking examples ... ERROR
Running examples in ‘SADISA-Ex.R’ failed
The error most likely occurred in:

> ### Name: SADISA_ML
> ### Title: Performs maximum likelihood parameter estimation for requested
> ###   model
> ### Aliases: SADISA_ML
> ### Keywords: model species-abundance-distribution
> 
> ### ** Examples
> 
> utils::data(datasets);
> utils::data(fitresults);
> result <- SADISA_ML(
+    abund = datasets$dset1.abunvec[[1]],
+    initpars = fitresults$fit1a.parsopt[[1]],
+    labelpars = c(1,1),
+    model = c('pm','dl'),
+    tol = c(1E-1, 1E-1, 1E-1)
+    );
The loglikelihood for the initial parameter values is -317.7003.
ERROR: modification of compiler constant of type double, length 1
ERROR: the modified value of the constant is:
[1] -1
ERROR: the original value of the constant is:
[1] 1
ERROR: the modified constant is at index 9
ERROR: the modified constant is in this function body:
{
    con <- list(reltol = .Machine$double.eps, maxit = 10000, 
        parscale = 1)
    namc <- names(control)[names(control) %in% names(con)]
    con[namc] <- control[namc]
    fn <- match.fun(fn)
    tryCatch(.Call(call_subplex, par, fn, tol = con$reltol, maxnfe = con$maxit, 
        scale = con$parscale, hessian, environment(fn), pairlist(...)), 
        error = function(e) {
            stop("in ", sQuote("subplex"), ": ", conditionMessage(e), 
                call. = FALSE)
        })
}
Function subplex in namespace subplex has this body.
Fatal error: compiler constants were modified!

* checking for unstated dependencies in vignettes ... OK
* checking package vignettes in ‘inst/doc’ ... OK
* checking running R code from vignettes ... NONE
* checking re-building of vignette outputs ... WARNING
Error in re-building vignettes:
  ...
Warning in engine$weave(file, quiet = quiet, encoding = enc) :
  Pandoc (>= 1.12.3) and/or pandoc-citeproc not available. Falling back to R Markdown v1.
ERROR: modification of compiler constant of type double, length 1
ERROR: the modified value of the constant is:
[1] -1
ERROR: the original value of the constant is:
[1] 1
ERROR: the modified constant is at index 9
ERROR: the modified constant is in this function body:
{
    con <- list(reltol = .Machine$double.eps, maxit = 10000, 
        parscale = 1)
    namc <- names(control)[names(control) %in% names(con)]
    con[namc] <- control[namc]
    fn <- match.fun(fn)
    tryCatch(.Call(call_subplex, par, fn, tol = con$reltol, maxnfe = con$maxit, 
        scale = con$parscale, hessian, environment(fn), pairlist(...)), 
        error = function(e) {
            stop("in ", sQuote("subplex"), ": ", conditionMessage(e), 
                call. = FALSE)
        })
}
Function subplex in namespace subplex has this body.
Fatal error: compiler constants were modified!


* checking PDF version of manual ... OK
* DONE
Status: 1 ERROR, 1 WARNING, 1 NOTE
