* using log directory ‘/home/tomas/cran/rlibro/check/FishResp.Rcheck’
* using R Under development (unstable) (2018-01-02 r74022)
* using platform: x86_64-pc-linux-gnu (64-bit)
* using session charset: UTF-8
* checking for file ‘FishResp/DESCRIPTION’ ... OK
* checking extension type ... Package
* this is package ‘FishResp’ version ‘0.1.0’
* checking package namespace information ... OK
* checking package dependencies ... OK
* checking if this is a source package ... OK
* checking if there is a namespace ... OK
* checking for executable files ... OK
* checking for hidden files and directories ... OK
* checking for portable file names ... OK
* checking for sufficient/correct file permissions ... OK
* checking whether package ‘FishResp’ can be installed ... OK
* checking package directory ... OK
* checking DESCRIPTION meta-information ... OK
* checking top-level files ... OK
* checking for left-over files ... OK
* checking index information ... OK
* checking package subdirectories ... OK
* checking R files for non-ASCII characters ... OK
* checking R files for syntax errors ... OK
* checking whether the package can be loaded ... OK
* checking whether the package can be loaded with stated dependencies ... OK
* checking whether the package can be unloaded cleanly ... OK
* checking whether the namespace can be loaded with stated dependencies ... OK
* checking whether the namespace can be unloaded cleanly ... OK
* checking loading without being on the library search path ... OK
* checking dependencies in R code ... OK
* checking S3 generic/method consistency ... OK
* checking replacement functions ... OK
* checking foreign function calls ... OK
* checking R code for possible problems ... OK
* checking Rd files ... OK
* checking Rd metadata ... OK
* checking Rd cross-references ... OK
* checking for missing documentation entries ... OK
* checking for code/documentation mismatches ... OK
* checking Rd \usage sections ... OK
* checking Rd contents ... OK
* checking for unstated dependencies in examples ... OK
* checking contents of ‘data’ directory ... OK
* checking data for non-ASCII characters ... OK
* checking data for ASCII and uncompressed saves ... OK
* checking examples ... ERROR
Running examples in ‘FishResp-Ex.R’ failed
The error most likely occurred in:

> ### Name: export.MR
> ### Title: Export Metabolic Rate
> ### Aliases: export.MR
> 
> ### ** Examples
> 
> # if the data have been already loaded to R,
> # skip the first three lines of the code:
> setwd(path.package("FishResp", quiet = FALSE))
> load("data/SMR.RData")
> load("data/AMR.RData")
> 
> results <- export.MR(SMR, AMR,
+                      file = "results.txt",
+                      simplify = TRUE,
+                      MS = TRUE,
+                      plot.MS.abs = TRUE,
+                      plot.MS.mass = TRUE,
+                      plot.MS.fact = TRUE)
Warning in file(file, ifelse(append, "a", "w")) :
  cannot open file 'results.txt': Read-only file system
Error in file(file, ifelse(append, "a", "w")) : 
  cannot open the connection
Calls: export.MR -> write.table -> file
Execution halted
* checking PDF version of manual ... OK
* DONE
Status: 1 ERROR
