* using log directory ‘/home/tomas/cran/rlibro/check/knitr.Rcheck’
* using R Under development (unstable) (2018-01-02 r74022)
* using platform: x86_64-pc-linux-gnu (64-bit)
* using session charset: UTF-8
* checking for file ‘knitr/DESCRIPTION’ ... OK
* checking extension type ... Package
* this is package ‘knitr’ version ‘1.18’
* checking package namespace information ... OK
* checking package dependencies ... OK
* checking if this is a source package ... OK
* checking if there is a namespace ... OK
* checking for executable files ... OK
* checking for hidden files and directories ... OK
* checking for portable file names ... OK
* checking for sufficient/correct file permissions ... OK
* checking whether package ‘knitr’ can be installed ... OK
* checking package directory ... OK
* checking ‘build’ directory ... OK
* checking DESCRIPTION meta-information ... OK
* checking top-level files ... OK
* checking for left-over files ... OK
* checking index information ... OK
* checking package subdirectories ... OK
* checking R files for non-ASCII characters ... OK
* checking R files for syntax errors ... OK
* checking whether the package can be loaded ... OK
* checking whether the package can be loaded with stated dependencies ... OK
* checking whether the package can be unloaded cleanly ... OK
* checking whether the namespace can be loaded with stated dependencies ... OK
* checking whether the namespace can be unloaded cleanly ... OK
* checking loading without being on the library search path ... OK
* checking dependencies in R code ... OK
* checking S3 generic/method consistency ... OK
* checking replacement functions ... OK
* checking foreign function calls ... OK
* checking R code for possible problems ... OK
* checking Rd files ... OK
* checking Rd metadata ... OK
* checking Rd cross-references ... OK
* checking for missing documentation entries ... OK
* checking for code/documentation mismatches ... OK
* checking Rd \usage sections ... OK
* checking Rd contents ... OK
* checking for unstated dependencies in examples ... OK
* checking installed files from ‘inst/doc’ ... OK
* checking files in ‘vignettes’ ... OK
* checking examples ... ERROR
Running examples in ‘knitr-Ex.R’ failed
The error most likely occurred in:

> ### Name: spin
> ### Title: Spin goat's hair into wool
> ### Aliases: spin
> 
> ### ** Examples
> 
> #' write normal text like this and chunk options like below
> 
> #+ label, opt=value
> 
> # /*
> #' these lines are treated as comments in spin()
> 1 + 1
[1] 2
> # */
> 
> (s = system.file("examples", "knitr-spin.R", package = "knitr"))
[1] "/homero/tomas/cran/rlibro/lib/knitr/examples/knitr-spin.R"
> spin(s)  # default markdown
Warning in file(file, ifelse(append, "a", "w")) :
  cannot open file '/homero/tomas/cran/rlibro/lib/knitr/examples/knitr-spin.Rmd': Read-only file system
Error in file(file, ifelse(append, "a", "w")) : 
  cannot open the connection
Calls: spin -> cat -> file
Execution halted
* checking for unstated dependencies in ‘tests’ ... OK
* checking tests ... OK
  Running ‘run-all.R’
* checking for unstated dependencies in vignettes ... OK
* checking package vignettes in ‘inst/doc’ ... OK
* checking running R code from vignettes ... NONE
* checking re-building of vignette outputs ... OK
* checking PDF version of manual ... OK
* DONE
Status: 1 ERROR
