Package CEC version 0.10.2
Package built using 75992/R 3.6.0; x86_64-pc-linux-gnu; 2019-01-16 13:00:52 UTC; unix   
Checked with rchk version c132302c5d39a55c436a06df73e539a1bace7486
More information at https://github.com/kalibera/cran-checks/blob/master/rchk/PROTECT.md

Function cec::r::r_ext_ptr<cec::centers_param>::r_ext_ptr()
  [PB] has possible protection stack imbalance CEC/src/./r_ext_ptr.h:15

Function cec::r::r_ext_ptr<cec::centers_param>::~r_ext_ptr()
  [PB] has negative depth CEC/src/./r_ext_ptr.h:47
  [PB] has possible protection stack imbalance CEC/src/./r_ext_ptr.h:48

Function cec::r::r_ext_ptr<cec::clustering_results>::r_ext_ptr()
  [PB] has possible protection stack imbalance CEC/src/./r_ext_ptr.h:15

Function cec::r::r_ext_ptr<cec::clustering_results>::~r_ext_ptr()
  [PB] has negative depth CEC/src/./r_ext_ptr.h:47
  [PB] has possible protection stack imbalance CEC/src/./r_ext_ptr.h:48

Function cec::r::r_ext_ptr<cec::control_param>::r_ext_ptr()
  [PB] has possible protection stack imbalance CEC/src/./r_ext_ptr.h:15

Function cec::r::r_ext_ptr<cec::control_param>::~r_ext_ptr()
  [PB] has negative depth CEC/src/./r_ext_ptr.h:47
  [PB] has possible protection stack imbalance CEC/src/./r_ext_ptr.h:48

Function cec::r::r_ext_ptr<cec::mat>::r_ext_ptr()
  [PB] has possible protection stack imbalance CEC/src/./r_ext_ptr.h:15

Function cec::r::r_ext_ptr<cec::mat>::~r_ext_ptr()
  [PB] has negative depth CEC/src/./r_ext_ptr.h:47
  [PB] has possible protection stack imbalance CEC/src/./r_ext_ptr.h:48

Function cec::r::r_ext_ptr<cec::models_param>::r_ext_ptr()
  [PB] has possible protection stack imbalance CEC/src/./r_ext_ptr.h:15

Function cec::r::r_ext_ptr<cec::models_param>::~r_ext_ptr()
  [PB] has negative depth CEC/src/./r_ext_ptr.h:47
  [PB] has possible protection stack imbalance CEC/src/./r_ext_ptr.h:48

Function cec::r::r_ext_ptr<cec::split_param>::r_ext_ptr()
  [PB] has possible protection stack imbalance CEC/src/./r_ext_ptr.h:15

Function cec::r::r_ext_ptr<cec::split_param>::~r_ext_ptr()
  [PB] has negative depth CEC/src/./r_ext_ptr.h:47
  [PB] has possible protection stack imbalance CEC/src/./r_ext_ptr.h:48

Function cec::r::r_ext_ptr<std::__1::vector<double, std::__1::allocator<double> > >::r_ext_ptr()
  [PB] has possible protection stack imbalance CEC/src/./r_ext_ptr.h:15

Function cec::r::r_ext_ptr<std::__1::vector<double, std::__1::allocator<double> > >::~r_ext_ptr()
  [PB] has negative depth CEC/src/./r_ext_ptr.h:47
  [PB] has possible protection stack imbalance CEC/src/./r_ext_ptr.h:48

Function cec::r::r_ext_ptr<std::__1::vector<int, std::__1::allocator<int> > >::r_ext_ptr()
  [PB] has possible protection stack imbalance CEC/src/./r_ext_ptr.h:15

Function cec::r::r_ext_ptr<std::__1::vector<int, std::__1::allocator<int> > >::~r_ext_ptr()
  [PB] has negative depth CEC/src/./r_ext_ptr.h:47
  [PB] has possible protection stack imbalance CEC/src/./r_ext_ptr.h:48

Function cec::r::r_ext_ptr<std::__1::vector<std::__1::shared_ptr<cec::model_spec>, std::__1::allocator<std::__1::shared_ptr<cec::model_spec> > > >::r_ext_ptr()
  [PB] has possible protection stack imbalance CEC/src/./r_ext_ptr.h:15

Function cec::r::r_ext_ptr<std::__1::vector<std::__1::shared_ptr<cec::model_spec>, std::__1::allocator<std::__1::shared_ptr<cec::model_spec> > > >::~r_ext_ptr()
  [PB] has negative depth CEC/src/./r_ext_ptr.h:47
  [PB] has possible protection stack imbalance CEC/src/./r_ext_ptr.h:48
