Package clock version 0.4.1
Package built using 80948/R 4.2.0; x86_64-pc-linux-gnu; 2021-09-23 03:34:34 UTC; unix   
Checked with rchk version 35d5d01a98903a5f3e9ec166dcdb2f790ecb784f LLVM version 11.0.0
More information at https://github.com/kalibera/cran-checks/blob/master/rchk/PROTECT.md
For rchk in docker image see https://github.com/kalibera/rchk/blob/master/doc/DOCKER.md

Function cpp11::writable::r_vector<SEXPREC*> sys_time_info_impl<rclock::duration::duration1<std::__1::chrono::duration<int, std::__1::ratio<86400l, 1l> > > >(rclock::duration::duration1<std::__1::chrono::duration<int, std::__1::ratio<86400l, 1l> > > const&, cpp11::r_vector<cpp11::r_string> const&)
  [UP] unprotected variable abbreviation_elt while calling allocating function cpp11::writable::r_vector<cpp11::r_string>::operator SEXPREC*() const clock/src/sys-time.cpp:77

Function cpp11::writable::r_vector<SEXPREC*> sys_time_info_impl<rclock::duration::duration2<std::__1::chrono::duration<long long, std::__1::ratio<1l, 1l> > > >(rclock::duration::duration2<std::__1::chrono::duration<long long, std::__1::ratio<1l, 1l> > > const&, cpp11::r_vector<cpp11::r_string> const&)
  [UP] unprotected variable abbreviation_elt while calling allocating function cpp11::writable::r_vector<cpp11::r_string>::operator SEXPREC*() const clock/src/sys-time.cpp:77

Function cpp11::writable::r_vector<SEXPREC*> sys_time_info_impl<rclock::duration::duration3<std::__1::chrono::duration<long long, std::__1::ratio<1l, 1000000000l> > > >(rclock::duration::duration3<std::__1::chrono::duration<long long, std::__1::ratio<1l, 1000000000l> > > const&, cpp11::r_vector<cpp11::r_string> const&)
  [UP] unprotected variable abbreviation_elt while calling allocating function cpp11::writable::r_vector<cpp11::r_string>::operator SEXPREC*() const clock/src/sys-time.cpp:77

Function cpp11::writable::r_vector<SEXPREC*> sys_time_info_impl<rclock::duration::duration3<std::__1::chrono::duration<long long, std::__1::ratio<1l, 1000000l> > > >(rclock::duration::duration3<std::__1::chrono::duration<long long, std::__1::ratio<1l, 1000000l> > > const&, cpp11::r_vector<cpp11::r_string> const&)
  [UP] unprotected variable abbreviation_elt while calling allocating function cpp11::writable::r_vector<cpp11::r_string>::operator SEXPREC*() const clock/src/sys-time.cpp:77

Function cpp11::writable::r_vector<SEXPREC*> sys_time_info_impl<rclock::duration::duration3<std::__1::chrono::duration<long long, std::__1::ratio<1l, 1000l> > > >(rclock::duration::duration3<std::__1::chrono::duration<long long, std::__1::ratio<1l, 1000l> > > const&, cpp11::r_vector<cpp11::r_string> const&)
  [UP] unprotected variable abbreviation_elt while calling allocating function cpp11::writable::r_vector<cpp11::r_string>::operator SEXPREC*() const clock/src/sys-time.cpp:77

Function cpp11::writable::r_vector<cpp11::r_string> format_calendar_impl<rclock::gregorian::y>(rclock::gregorian::y const&)
  [UP] unprotected variable r_string while calling allocating function cpp11::writable::r_vector<cpp11::r_string>::operator SEXPREC*() const clock/src/./calendar.h:74

Function cpp11::writable::r_vector<cpp11::r_string> format_calendar_impl<rclock::gregorian::ym>(rclock::gregorian::ym const&)
  [UP] unprotected variable r_string while calling allocating function cpp11::writable::r_vector<cpp11::r_string>::operator SEXPREC*() const clock/src/./calendar.h:74

Function cpp11::writable::r_vector<cpp11::r_string> format_calendar_impl<rclock::gregorian::ymd>(rclock::gregorian::ymd const&)
  [UP] unprotected variable r_string while calling allocating function cpp11::writable::r_vector<cpp11::r_string>::operator SEXPREC*() const clock/src/./calendar.h:74

Function cpp11::writable::r_vector<cpp11::r_string> format_calendar_impl<rclock::gregorian::ymdh>(rclock::gregorian::ymdh const&)
  [UP] unprotected variable r_string while calling allocating function cpp11::writable::r_vector<cpp11::r_string>::operator SEXPREC*() const clock/src/./calendar.h:74

Function cpp11::writable::r_vector<cpp11::r_string> format_calendar_impl<rclock::gregorian::ymdhm>(rclock::gregorian::ymdhm const&)
  [UP] unprotected variable r_string while calling allocating function cpp11::writable::r_vector<cpp11::r_string>::operator SEXPREC*() const clock/src/./calendar.h:74

Function cpp11::writable::r_vector<cpp11::r_string> format_calendar_impl<rclock::gregorian::ymdhms>(rclock::gregorian::ymdhms const&)
  [UP] unprotected variable r_string while calling allocating function cpp11::writable::r_vector<cpp11::r_string>::operator SEXPREC*() const clock/src/./calendar.h:74

Function cpp11::writable::r_vector<cpp11::r_string> format_calendar_impl<rclock::gregorian::ymdhmss<std::__1::chrono::duration<long long, std::__1::ratio<1l, 1000000000l> > > >(rclock::gregorian::ymdhmss<std::__1::chrono::duration<long long, std::__1::ratio<1l, 1000000000l> > > const&)
  [UP] unprotected variable r_string while calling allocating function cpp11::writable::r_vector<cpp11::r_string>::operator SEXPREC*() const clock/src/./calendar.h:74

Function cpp11::writable::r_vector<cpp11::r_string> format_calendar_impl<rclock::gregorian::ymdhmss<std::__1::chrono::duration<long long, std::__1::ratio<1l, 1000000l> > > >(rclock::gregorian::ymdhmss<std::__1::chrono::duration<long long, std::__1::ratio<1l, 1000000l> > > const&)
  [UP] unprotected variable r_string while calling allocating function cpp11::writable::r_vector<cpp11::r_string>::operator SEXPREC*() const clock/src/./calendar.h:74

Function cpp11::writable::r_vector<cpp11::r_string> format_calendar_impl<rclock::gregorian::ymdhmss<std::__1::chrono::duration<long long, std::__1::ratio<1l, 1000l> > > >(rclock::gregorian::ymdhmss<std::__1::chrono::duration<long long, std::__1::ratio<1l, 1000l> > > const&)
  [UP] unprotected variable r_string while calling allocating function cpp11::writable::r_vector<cpp11::r_string>::operator SEXPREC*() const clock/src/./calendar.h:74

Function cpp11::writable::r_vector<cpp11::r_string> format_calendar_impl<rclock::iso::y>(rclock::iso::y const&)
  [UP] unprotected variable r_string while calling allocating function cpp11::writable::r_vector<cpp11::r_string>::operator SEXPREC*() const clock/src/./calendar.h:74

Function cpp11::writable::r_vector<cpp11::r_string> format_calendar_impl<rclock::iso::ywn>(rclock::iso::ywn const&)
  [UP] unprotected variable r_string while calling allocating function cpp11::writable::r_vector<cpp11::r_string>::operator SEXPREC*() const clock/src/./calendar.h:74

Function cpp11::writable::r_vector<cpp11::r_string> format_calendar_impl<rclock::iso::ywnwd>(rclock::iso::ywnwd const&)
  [UP] unprotected variable r_string while calling allocating function cpp11::writable::r_vector<cpp11::r_string>::operator SEXPREC*() const clock/src/./calendar.h:74

Function cpp11::writable::r_vector<cpp11::r_string> format_calendar_impl<rclock::iso::ywnwdh>(rclock::iso::ywnwdh const&)
  [UP] unprotected variable r_string while calling allocating function cpp11::writable::r_vector<cpp11::r_string>::operator SEXPREC*() const clock/src/./calendar.h:74

Function cpp11::writable::r_vector<cpp11::r_string> format_calendar_impl<rclock::iso::ywnwdhm>(rclock::iso::ywnwdhm const&)
  [UP] unprotected variable r_string while calling allocating function cpp11::writable::r_vector<cpp11::r_string>::operator SEXPREC*() const clock/src/./calendar.h:74

Function cpp11::writable::r_vector<cpp11::r_string> format_calendar_impl<rclock::iso::ywnwdhms>(rclock::iso::ywnwdhms const&)
  [UP] unprotected variable r_string while calling allocating function cpp11::writable::r_vector<cpp11::r_string>::operator SEXPREC*() const clock/src/./calendar.h:74

Function cpp11::writable::r_vector<cpp11::r_string> format_calendar_impl<rclock::iso::ywnwdhmss<std::__1::chrono::duration<long long, std::__1::ratio<1l, 1000000000l> > > >(rclock::iso::ywnwdhmss<std::__1::chrono::duration<long long, std::__1::ratio<1l, 1000000000l> > > const&)
  [UP] unprotected variable r_string while calling allocating function cpp11::writable::r_vector<cpp11::r_string>::operator SEXPREC*() const clock/src/./calendar.h:74

Function cpp11::writable::r_vector<cpp11::r_string> format_calendar_impl<rclock::iso::ywnwdhmss<std::__1::chrono::duration<long long, std::__1::ratio<1l, 1000000l> > > >(rclock::iso::ywnwdhmss<std::__1::chrono::duration<long long, std::__1::ratio<1l, 1000000l> > > const&)
  [UP] unprotected variable r_string while calling allocating function cpp11::writable::r_vector<cpp11::r_string>::operator SEXPREC*() const clock/src/./calendar.h:74

Function cpp11::writable::r_vector<cpp11::r_string> format_calendar_impl<rclock::iso::ywnwdhmss<std::__1::chrono::duration<long long, std::__1::ratio<1l, 1000l> > > >(rclock::iso::ywnwdhmss<std::__1::chrono::duration<long long, std::__1::ratio<1l, 1000l> > > const&)
  [UP] unprotected variable r_string while calling allocating function cpp11::writable::r_vector<cpp11::r_string>::operator SEXPREC*() const clock/src/./calendar.h:74

Function cpp11::writable::r_vector<cpp11::r_string> format_calendar_impl<rclock::rquarterly::y<(quarterly::start)10> >(rclock::rquarterly::y<(quarterly::start)10> const&)
  [UP] unprotected variable r_string while calling allocating function cpp11::writable::r_vector<cpp11::r_string>::operator SEXPREC*() const clock/src/./calendar.h:74

Function cpp11::writable::r_vector<cpp11::r_string> format_calendar_impl<rclock::rquarterly::y<(quarterly::start)11> >(rclock::rquarterly::y<(quarterly::start)11> const&)
  [UP] unprotected variable r_string while calling allocating function cpp11::writable::r_vector<cpp11::r_string>::operator SEXPREC*() const clock/src/./calendar.h:74

Function cpp11::writable::r_vector<cpp11::r_string> format_calendar_impl<rclock::rquarterly::y<(quarterly::start)12> >(rclock::rquarterly::y<(quarterly::start)12> const&)
  [UP] unprotected variable r_string while calling allocating function cpp11::writable::r_vector<cpp11::r_string>::operator SEXPREC*() const clock/src/./calendar.h:74

Function cpp11::writable::r_vector<cpp11::r_string> format_calendar_impl<rclock::rquarterly::y<(quarterly::start)1> >(rclock::rquarterly::y<(quarterly::start)1> const&)
  [UP] unprotected variable r_string while calling allocating function cpp11::writable::r_vector<cpp11::r_string>::operator SEXPREC*() const clock/src/./calendar.h:74

Function cpp11::writable::r_vector<cpp11::r_string> format_calendar_impl<rclock::rquarterly::y<(quarterly::start)2> >(rclock::rquarterly::y<(quarterly::start)2> const&)
  [UP] unprotected variable r_string while calling allocating function cpp11::writable::r_vector<cpp11::r_string>::operator SEXPREC*() const clock/src/./calendar.h:74

Function cpp11::writable::r_vector<cpp11::r_string> format_calendar_impl<rclock::rquarterly::y<(quarterly::start)3> >(rclock::rquarterly::y<(quarterly::start)3> const&)
  [UP] unprotected variable r_string while calling allocating function cpp11::writable::r_vector<cpp11::r_string>::operator SEXPREC*() const clock/src/./calendar.h:74

Function cpp11::writable::r_vector<cpp11::r_string> format_calendar_impl<rclock::rquarterly::y<(quarterly::start)4> >(rclock::rquarterly::y<(quarterly::start)4> const&)
  [UP] unprotected variable r_string while calling allocating function cpp11::writable::r_vector<cpp11::r_string>::operator SEXPREC*() const clock/src/./calendar.h:74

Function cpp11::writable::r_vector<cpp11::r_string> format_calendar_impl<rclock::rquarterly::y<(quarterly::start)5> >(rclock::rquarterly::y<(quarterly::start)5> const&)
  [UP] unprotected variable r_string while calling allocating function cpp11::writable::r_vector<cpp11::r_string>::operator SEXPREC*() const clock/src/./calendar.h:74

Function cpp11::writable::r_vector<cpp11::r_string> format_calendar_impl<rclock::rquarterly::y<(quarterly::start)6> >(rclock::rquarterly::y<(quarterly::start)6> const&)
  [UP] unprotected variable r_string while calling allocating function cpp11::writable::r_vector<cpp11::r_string>::operator SEXPREC*() const clock/src/./calendar.h:74

Function cpp11::writable::r_vector<cpp11::r_string> format_calendar_impl<rclock::rquarterly::y<(quarterly::start)7> >(rclock::rquarterly::y<(quarterly::start)7> const&)
  [UP] unprotected variable r_string while calling allocating function cpp11::writable::r_vector<cpp11::r_string>::operator SEXPREC*() const clock/src/./calendar.h:74

Function cpp11::writable::r_vector<cpp11::r_string> format_calendar_impl<rclock::rquarterly::y<(quarterly::start)8> >(rclock::rquarterly::y<(quarterly::start)8> const&)
  [UP] unprotected variable r_string while calling allocating function cpp11::writable::r_vector<cpp11::r_string>::operator SEXPREC*() const clock/src/./calendar.h:74

Function cpp11::writable::r_vector<cpp11::r_string> format_calendar_impl<rclock::rquarterly::y<(quarterly::start)9> >(rclock::rquarterly::y<(quarterly::start)9> const&)
  [UP] unprotected variable r_string while calling allocating function cpp11::writable::r_vector<cpp11::r_string>::operator SEXPREC*() const clock/src/./calendar.h:74

Function cpp11::writable::r_vector<cpp11::r_string> format_calendar_impl<rclock::rquarterly::yqn<(quarterly::start)10> >(rclock::rquarterly::yqn<(quarterly::start)10> const&)
  [UP] unprotected variable r_string while calling allocating function cpp11::writable::r_vector<cpp11::r_string>::operator SEXPREC*() const clock/src/./calendar.h:74

Function cpp11::writable::r_vector<cpp11::r_string> format_calendar_impl<rclock::rquarterly::yqn<(quarterly::start)11> >(rclock::rquarterly::yqn<(quarterly::start)11> const&)
  [UP] unprotected variable r_string while calling allocating function cpp11::writable::r_vector<cpp11::r_string>::operator SEXPREC*() const clock/src/./calendar.h:74

Function cpp11::writable::r_vector<cpp11::r_string> format_calendar_impl<rclock::rquarterly::yqn<(quarterly::start)12> >(rclock::rquarterly::yqn<(quarterly::start)12> const&)
  [UP] unprotected variable r_string while calling allocating function cpp11::writable::r_vector<cpp11::r_string>::operator SEXPREC*() const clock/src/./calendar.h:74

Function cpp11::writable::r_vector<cpp11::r_string> format_calendar_impl<rclock::rquarterly::yqn<(quarterly::start)1> >(rclock::rquarterly::yqn<(quarterly::start)1> const&)
  [UP] unprotected variable r_string while calling allocating function cpp11::writable::r_vector<cpp11::r_string>::operator SEXPREC*() const clock/src/./calendar.h:74

Function cpp11::writable::r_vector<cpp11::r_string> format_calendar_impl<rclock::rquarterly::yqn<(quarterly::start)2> >(rclock::rquarterly::yqn<(quarterly::start)2> const&)
  [UP] unprotected variable r_string while calling allocating function cpp11::writable::r_vector<cpp11::r_string>::operator SEXPREC*() const clock/src/./calendar.h:74

Function cpp11::writable::r_vector<cpp11::r_string> format_calendar_impl<rclock::rquarterly::yqn<(quarterly::start)3> >(rclock::rquarterly::yqn<(quarterly::start)3> const&)
  [UP] unprotected variable r_string while calling allocating function cpp11::writable::r_vector<cpp11::r_string>::operator SEXPREC*() const clock/src/./calendar.h:74

Function cpp11::writable::r_vector<cpp11::r_string> format_calendar_impl<rclock::rquarterly::yqn<(quarterly::start)4> >(rclock::rquarterly::yqn<(quarterly::start)4> const&)
  [UP] unprotected variable r_string while calling allocating function cpp11::writable::r_vector<cpp11::r_string>::operator SEXPREC*() const clock/src/./calendar.h:74

Function cpp11::writable::r_vector<cpp11::r_string> format_calendar_impl<rclock::rquarterly::yqn<(quarterly::start)5> >(rclock::rquarterly::yqn<(quarterly::start)5> const&)
  [UP] unprotected variable r_string while calling allocating function cpp11::writable::r_vector<cpp11::r_string>::operator SEXPREC*() const clock/src/./calendar.h:74

Function cpp11::writable::r_vector<cpp11::r_string> format_calendar_impl<rclock::rquarterly::yqn<(quarterly::start)6> >(rclock::rquarterly::yqn<(quarterly::start)6> const&)
  [UP] unprotected variable r_string while calling allocating function cpp11::writable::r_vector<cpp11::r_string>::operator SEXPREC*() const clock/src/./calendar.h:74

Function cpp11::writable::r_vector<cpp11::r_string> format_calendar_impl<rclock::rquarterly::yqn<(quarterly::start)7> >(rclock::rquarterly::yqn<(quarterly::start)7> const&)
  [UP] unprotected variable r_string while calling allocating function cpp11::writable::r_vector<cpp11::r_string>::operator SEXPREC*() const clock/src/./calendar.h:74

Function cpp11::writable::r_vector<cpp11::r_string> format_calendar_impl<rclock::rquarterly::yqn<(quarterly::start)8> >(rclock::rquarterly::yqn<(quarterly::start)8> const&)
  [UP] unprotected variable r_string while calling allocating function cpp11::writable::r_vector<cpp11::r_string>::operator SEXPREC*() const clock/src/./calendar.h:74

Function cpp11::writable::r_vector<cpp11::r_string> format_calendar_impl<rclock::rquarterly::yqn<(quarterly::start)9> >(rclock::rquarterly::yqn<(quarterly::start)9> const&)
  [UP] unprotected variable r_string while calling allocating function cpp11::writable::r_vector<cpp11::r_string>::operator SEXPREC*() const clock/src/./calendar.h:74

Function cpp11::writable::r_vector<cpp11::r_string> format_calendar_impl<rclock::rquarterly::yqnqd<(quarterly::start)10> >(rclock::rquarterly::yqnqd<(quarterly::start)10> const&)
  [UP] unprotected variable r_string while calling allocating function cpp11::writable::r_vector<cpp11::r_string>::operator SEXPREC*() const clock/src/./calendar.h:74

Function cpp11::writable::r_vector<cpp11::r_string> format_calendar_impl<rclock::rquarterly::yqnqd<(quarterly::start)11> >(rclock::rquarterly::yqnqd<(quarterly::start)11> const&)
  [UP] unprotected variable r_string while calling allocating function cpp11::writable::r_vector<cpp11::r_string>::operator SEXPREC*() const clock/src/./calendar.h:74

Function cpp11::writable::r_vector<cpp11::r_string> format_calendar_impl<rclock::rquarterly::yqnqd<(quarterly::start)12> >(rclock::rquarterly::yqnqd<(quarterly::start)12> const&)
  [UP] unprotected variable r_string while calling allocating function cpp11::writable::r_vector<cpp11::r_string>::operator SEXPREC*() const clock/src/./calendar.h:74

Function cpp11::writable::r_vector<cpp11::r_string> format_calendar_impl<rclock::rquarterly::yqnqd<(quarterly::start)1> >(rclock::rquarterly::yqnqd<(quarterly::start)1> const&)
  [UP] unprotected variable r_string while calling allocating function cpp11::writable::r_vector<cpp11::r_string>::operator SEXPREC*() const clock/src/./calendar.h:74

Function cpp11::writable::r_vector<cpp11::r_string> format_calendar_impl<rclock::rquarterly::yqnqd<(quarterly::start)2> >(rclock::rquarterly::yqnqd<(quarterly::start)2> const&)
  [UP] unprotected variable r_string while calling allocating function cpp11::writable::r_vector<cpp11::r_string>::operator SEXPREC*() const clock/src/./calendar.h:74

Function cpp11::writable::r_vector<cpp11::r_string> format_calendar_impl<rclock::rquarterly::yqnqd<(quarterly::start)3> >(rclock::rquarterly::yqnqd<(quarterly::start)3> const&)
  [UP] unprotected variable r_string while calling allocating function cpp11::writable::r_vector<cpp11::r_string>::operator SEXPREC*() const clock/src/./calendar.h:74

Function cpp11::writable::r_vector<cpp11::r_string> format_calendar_impl<rclock::rquarterly::yqnqd<(quarterly::start)4> >(rclock::rquarterly::yqnqd<(quarterly::start)4> const&)
  [UP] unprotected variable r_string while calling allocating function cpp11::writable::r_vector<cpp11::r_string>::operator SEXPREC*() const clock/src/./calendar.h:74

Function cpp11::writable::r_vector<cpp11::r_string> format_calendar_impl<rclock::rquarterly::yqnqd<(quarterly::start)5> >(rclock::rquarterly::yqnqd<(quarterly::start)5> const&)
  [UP] unprotected variable r_string while calling allocating function cpp11::writable::r_vector<cpp11::r_string>::operator SEXPREC*() const clock/src/./calendar.h:74

Function cpp11::writable::r_vector<cpp11::r_string> format_calendar_impl<rclock::rquarterly::yqnqd<(quarterly::start)6> >(rclock::rquarterly::yqnqd<(quarterly::start)6> const&)
  [UP] unprotected variable r_string while calling allocating function cpp11::writable::r_vector<cpp11::r_string>::operator SEXPREC*() const clock/src/./calendar.h:74

Function cpp11::writable::r_vector<cpp11::r_string> format_calendar_impl<rclock::rquarterly::yqnqd<(quarterly::start)7> >(rclock::rquarterly::yqnqd<(quarterly::start)7> const&)
  [UP] unprotected variable r_string while calling allocating function cpp11::writable::r_vector<cpp11::r_string>::operator SEXPREC*() const clock/src/./calendar.h:74

Function cpp11::writable::r_vector<cpp11::r_string> format_calendar_impl<rclock::rquarterly::yqnqd<(quarterly::start)8> >(rclock::rquarterly::yqnqd<(quarterly::start)8> const&)
  [UP] unprotected variable r_string while calling allocating function cpp11::writable::r_vector<cpp11::r_string>::operator SEXPREC*() const clock/src/./calendar.h:74

Function cpp11::writable::r_vector<cpp11::r_string> format_calendar_impl<rclock::rquarterly::yqnqd<(quarterly::start)9> >(rclock::rquarterly::yqnqd<(quarterly::start)9> const&)
  [UP] unprotected variable r_string while calling allocating function cpp11::writable::r_vector<cpp11::r_string>::operator SEXPREC*() const clock/src/./calendar.h:74

Function cpp11::writable::r_vector<cpp11::r_string> format_calendar_impl<rclock::rquarterly::yqnqdh<(quarterly::start)10> >(rclock::rquarterly::yqnqdh<(quarterly::start)10> const&)
  [UP] unprotected variable r_string while calling allocating function cpp11::writable::r_vector<cpp11::r_string>::operator SEXPREC*() const clock/src/./calendar.h:74

Function cpp11::writable::r_vector<cpp11::r_string> format_calendar_impl<rclock::rquarterly::yqnqdh<(quarterly::start)11> >(rclock::rquarterly::yqnqdh<(quarterly::start)11> const&)
  [UP] unprotected variable r_string while calling allocating function cpp11::writable::r_vector<cpp11::r_string>::operator SEXPREC*() const clock/src/./calendar.h:74

Function cpp11::writable::r_vector<cpp11::r_string> format_calendar_impl<rclock::rquarterly::yqnqdh<(quarterly::start)12> >(rclock::rquarterly::yqnqdh<(quarterly::start)12> const&)
  [UP] unprotected variable r_string while calling allocating function cpp11::writable::r_vector<cpp11::r_string>::operator SEXPREC*() const clock/src/./calendar.h:74

Function cpp11::writable::r_vector<cpp11::r_string> format_calendar_impl<rclock::rquarterly::yqnqdh<(quarterly::start)1> >(rclock::rquarterly::yqnqdh<(quarterly::start)1> const&)
  [UP] unprotected variable r_string while calling allocating function cpp11::writable::r_vector<cpp11::r_string>::operator SEXPREC*() const clock/src/./calendar.h:74

Function cpp11::writable::r_vector<cpp11::r_string> format_calendar_impl<rclock::rquarterly::yqnqdh<(quarterly::start)2> >(rclock::rquarterly::yqnqdh<(quarterly::start)2> const&)
  [UP] unprotected variable r_string while calling allocating function cpp11::writable::r_vector<cpp11::r_string>::operator SEXPREC*() const clock/src/./calendar.h:74

Function cpp11::writable::r_vector<cpp11::r_string> format_calendar_impl<rclock::rquarterly::yqnqdh<(quarterly::start)3> >(rclock::rquarterly::yqnqdh<(quarterly::start)3> const&)
  [UP] unprotected variable r_string while calling allocating function cpp11::writable::r_vector<cpp11::r_string>::operator SEXPREC*() const clock/src/./calendar.h:74

Function cpp11::writable::r_vector<cpp11::r_string> format_calendar_impl<rclock::rquarterly::yqnqdh<(quarterly::start)4> >(rclock::rquarterly::yqnqdh<(quarterly::start)4> const&)
  [UP] unprotected variable r_string while calling allocating function cpp11::writable::r_vector<cpp11::r_string>::operator SEXPREC*() const clock/src/./calendar.h:74

Function cpp11::writable::r_vector<cpp11::r_string> format_calendar_impl<rclock::rquarterly::yqnqdh<(quarterly::start)5> >(rclock::rquarterly::yqnqdh<(quarterly::start)5> const&)
  [UP] unprotected variable r_string while calling allocating function cpp11::writable::r_vector<cpp11::r_string>::operator SEXPREC*() const clock/src/./calendar.h:74

Function cpp11::writable::r_vector<cpp11::r_string> format_calendar_impl<rclock::rquarterly::yqnqdh<(quarterly::start)6> >(rclock::rquarterly::yqnqdh<(quarterly::start)6> const&)
  [UP] unprotected variable r_string while calling allocating function cpp11::writable::r_vector<cpp11::r_string>::operator SEXPREC*() const clock/src/./calendar.h:74

Function cpp11::writable::r_vector<cpp11::r_string> format_calendar_impl<rclock::rquarterly::yqnqdh<(quarterly::start)7> >(rclock::rquarterly::yqnqdh<(quarterly::start)7> const&)
  [UP] unprotected variable r_string while calling allocating function cpp11::writable::r_vector<cpp11::r_string>::operator SEXPREC*() const clock/src/./calendar.h:74

Function cpp11::writable::r_vector<cpp11::r_string> format_calendar_impl<rclock::rquarterly::yqnqdh<(quarterly::start)8> >(rclock::rquarterly::yqnqdh<(quarterly::start)8> const&)
  [UP] unprotected variable r_string while calling allocating function cpp11::writable::r_vector<cpp11::r_string>::operator SEXPREC*() const clock/src/./calendar.h:74

Function cpp11::writable::r_vector<cpp11::r_string> format_calendar_impl<rclock::rquarterly::yqnqdh<(quarterly::start)9> >(rclock::rquarterly::yqnqdh<(quarterly::start)9> const&)
  [UP] unprotected variable r_string while calling allocating function cpp11::writable::r_vector<cpp11::r_string>::operator SEXPREC*() const clock/src/./calendar.h:74

Function cpp11::writable::r_vector<cpp11::r_string> format_calendar_impl<rclock::rquarterly::yqnqdhm<(quarterly::start)10> >(rclock::rquarterly::yqnqdhm<(quarterly::start)10> const&)
  [UP] unprotected variable r_string while calling allocating function cpp11::writable::r_vector<cpp11::r_string>::operator SEXPREC*() const clock/src/./calendar.h:74

Function cpp11::writable::r_vector<cpp11::r_string> format_calendar_impl<rclock::rquarterly::yqnqdhm<(quarterly::start)11> >(rclock::rquarterly::yqnqdhm<(quarterly::start)11> const&)
  [UP] unprotected variable r_string while calling allocating function cpp11::writable::r_vector<cpp11::r_string>::operator SEXPREC*() const clock/src/./calendar.h:74

Function cpp11::writable::r_vector<cpp11::r_string> format_calendar_impl<rclock::rquarterly::yqnqdhm<(quarterly::start)12> >(rclock::rquarterly::yqnqdhm<(quarterly::start)12> const&)
  [UP] unprotected variable r_string while calling allocating function cpp11::writable::r_vector<cpp11::r_string>::operator SEXPREC*() const clock/src/./calendar.h:74

Function cpp11::writable::r_vector<cpp11::r_string> format_calendar_impl<rclock::rquarterly::yqnqdhm<(quarterly::start)1> >(rclock::rquarterly::yqnqdhm<(quarterly::start)1> const&)
  [UP] unprotected variable r_string while calling allocating function cpp11::writable::r_vector<cpp11::r_string>::operator SEXPREC*() const clock/src/./calendar.h:74

Function cpp11::writable::r_vector<cpp11::r_string> format_calendar_impl<rclock::rquarterly::yqnqdhm<(quarterly::start)2> >(rclock::rquarterly::yqnqdhm<(quarterly::start)2> const&)
  [UP] unprotected variable r_string while calling allocating function cpp11::writable::r_vector<cpp11::r_string>::operator SEXPREC*() const clock/src/./calendar.h:74

Function cpp11::writable::r_vector<cpp11::r_string> format_calendar_impl<rclock::rquarterly::yqnqdhm<(quarterly::start)3> >(rclock::rquarterly::yqnqdhm<(quarterly::start)3> const&)
  [UP] unprotected variable r_string while calling allocating function cpp11::writable::r_vector<cpp11::r_string>::operator SEXPREC*() const clock/src/./calendar.h:74

Function cpp11::writable::r_vector<cpp11::r_string> format_calendar_impl<rclock::rquarterly::yqnqdhm<(quarterly::start)4> >(rclock::rquarterly::yqnqdhm<(quarterly::start)4> const&)
  [UP] unprotected variable r_string while calling allocating function cpp11::writable::r_vector<cpp11::r_string>::operator SEXPREC*() const clock/src/./calendar.h:74

Function cpp11::writable::r_vector<cpp11::r_string> format_calendar_impl<rclock::rquarterly::yqnqdhm<(quarterly::start)5> >(rclock::rquarterly::yqnqdhm<(quarterly::start)5> const&)
  [UP] unprotected variable r_string while calling allocating function cpp11::writable::r_vector<cpp11::r_string>::operator SEXPREC*() const clock/src/./calendar.h:74

Function cpp11::writable::r_vector<cpp11::r_string> format_calendar_impl<rclock::rquarterly::yqnqdhm<(quarterly::start)6> >(rclock::rquarterly::yqnqdhm<(quarterly::start)6> const&)
  [UP] unprotected variable r_string while calling allocating function cpp11::writable::r_vector<cpp11::r_string>::operator SEXPREC*() const clock/src/./calendar.h:74

Function cpp11::writable::r_vector<cpp11::r_string> format_calendar_impl<rclock::rquarterly::yqnqdhm<(quarterly::start)7> >(rclock::rquarterly::yqnqdhm<(quarterly::start)7> const&)
  [UP] unprotected variable r_string while calling allocating function cpp11::writable::r_vector<cpp11::r_string>::operator SEXPREC*() const clock/src/./calendar.h:74

Function cpp11::writable::r_vector<cpp11::r_string> format_calendar_impl<rclock::rquarterly::yqnqdhm<(quarterly::start)8> >(rclock::rquarterly::yqnqdhm<(quarterly::start)8> const&)
  [UP] unprotected variable r_string while calling allocating function cpp11::writable::r_vector<cpp11::r_string>::operator SEXPREC*() const clock/src/./calendar.h:74

Function cpp11::writable::r_vector<cpp11::r_string> format_calendar_impl<rclock::rquarterly::yqnqdhm<(quarterly::start)9> >(rclock::rquarterly::yqnqdhm<(quarterly::start)9> const&)
  [UP] unprotected variable r_string while calling allocating function cpp11::writable::r_vector<cpp11::r_string>::operator SEXPREC*() const clock/src/./calendar.h:74

Function cpp11::writable::r_vector<cpp11::r_string> format_calendar_impl<rclock::rquarterly::yqnqdhms<(quarterly::start)10> >(rclock::rquarterly::yqnqdhms<(quarterly::start)10> const&)
  [UP] unprotected variable r_string while calling allocating function cpp11::writable::r_vector<cpp11::r_string>::operator SEXPREC*() const clock/src/./calendar.h:74

Function cpp11::writable::r_vector<cpp11::r_string> format_calendar_impl<rclock::rquarterly::yqnqdhms<(quarterly::start)11> >(rclock::rquarterly::yqnqdhms<(quarterly::start)11> const&)
  [UP] unprotected variable r_string while calling allocating function cpp11::writable::r_vector<cpp11::r_string>::operator SEXPREC*() const clock/src/./calendar.h:74

Function cpp11::writable::r_vector<cpp11::r_string> format_calendar_impl<rclock::rquarterly::yqnqdhms<(quarterly::start)12> >(rclock::rquarterly::yqnqdhms<(quarterly::start)12> const&)
  [UP] unprotected variable r_string while calling allocating function cpp11::writable::r_vector<cpp11::r_string>::operator SEXPREC*() const clock/src/./calendar.h:74

Function cpp11::writable::r_vector<cpp11::r_string> format_calendar_impl<rclock::rquarterly::yqnqdhms<(quarterly::start)1> >(rclock::rquarterly::yqnqdhms<(quarterly::start)1> const&)
  [UP] unprotected variable r_string while calling allocating function cpp11::writable::r_vector<cpp11::r_string>::operator SEXPREC*() const clock/src/./calendar.h:74

Function cpp11::writable::r_vector<cpp11::r_string> format_calendar_impl<rclock::rquarterly::yqnqdhms<(quarterly::start)2> >(rclock::rquarterly::yqnqdhms<(quarterly::start)2> const&)
  [UP] unprotected variable r_string while calling allocating function cpp11::writable::r_vector<cpp11::r_string>::operator SEXPREC*() const clock/src/./calendar.h:74

Function cpp11::writable::r_vector<cpp11::r_string> format_calendar_impl<rclock::rquarterly::yqnqdhms<(quarterly::start)3> >(rclock::rquarterly::yqnqdhms<(quarterly::start)3> const&)
  [UP] unprotected variable r_string while calling allocating function cpp11::writable::r_vector<cpp11::r_string>::operator SEXPREC*() const clock/src/./calendar.h:74

Function cpp11::writable::r_vector<cpp11::r_string> format_calendar_impl<rclock::rquarterly::yqnqdhms<(quarterly::start)4> >(rclock::rquarterly::yqnqdhms<(quarterly::start)4> const&)
  [UP] unprotected variable r_string while calling allocating function cpp11::writable::r_vector<cpp11::r_string>::operator SEXPREC*() const clock/src/./calendar.h:74

Function cpp11::writable::r_vector<cpp11::r_string> format_calendar_impl<rclock::rquarterly::yqnqdhms<(quarterly::start)5> >(rclock::rquarterly::yqnqdhms<(quarterly::start)5> const&)
  [UP] unprotected variable r_string while calling allocating function cpp11::writable::r_vector<cpp11::r_string>::operator SEXPREC*() const clock/src/./calendar.h:74

Function cpp11::writable::r_vector<cpp11::r_string> format_calendar_impl<rclock::rquarterly::yqnqdhms<(quarterly::start)6> >(rclock::rquarterly::yqnqdhms<(quarterly::start)6> const&)
  [UP] unprotected variable r_string while calling allocating function cpp11::writable::r_vector<cpp11::r_string>::operator SEXPREC*() const clock/src/./calendar.h:74

Function cpp11::writable::r_vector<cpp11::r_string> format_calendar_impl<rclock::rquarterly::yqnqdhms<(quarterly::start)7> >(rclock::rquarterly::yqnqdhms<(quarterly::start)7> const&)
  [UP] unprotected variable r_string while calling allocating function cpp11::writable::r_vector<cpp11::r_string>::operator SEXPREC*() const clock/src/./calendar.h:74

Function cpp11::writable::r_vector<cpp11::r_string> format_calendar_impl<rclock::rquarterly::yqnqdhms<(quarterly::start)8> >(rclock::rquarterly::yqnqdhms<(quarterly::start)8> const&)
  [UP] unprotected variable r_string while calling allocating function cpp11::writable::r_vector<cpp11::r_string>::operator SEXPREC*() const clock/src/./calendar.h:74

Function cpp11::writable::r_vector<cpp11::r_string> format_calendar_impl<rclock::rquarterly::yqnqdhms<(quarterly::start)9> >(rclock::rquarterly::yqnqdhms<(quarterly::start)9> const&)
  [UP] unprotected variable r_string while calling allocating function cpp11::writable::r_vector<cpp11::r_string>::operator SEXPREC*() const clock/src/./calendar.h:74

Function cpp11::writable::r_vector<cpp11::r_string> format_calendar_impl<rclock::rquarterly::yqnqdhmss<std::__1::chrono::duration<long long, std::__1::ratio<1l, 1000000000l> >, (quarterly::start)10> >(rclock::rquarterly::yqnqdhmss<std::__1::chrono::duration<long long, std::__1::ratio<1l, 1000000000l> >, (quarterly::start)10> const&)
  [UP] unprotected variable r_string while calling allocating function cpp11::writable::r_vector<cpp11::r_string>::operator SEXPREC*() const clock/src/./calendar.h:74

Function cpp11::writable::r_vector<cpp11::r_string> format_calendar_impl<rclock::rquarterly::yqnqdhmss<std::__1::chrono::duration<long long, std::__1::ratio<1l, 1000000000l> >, (quarterly::start)11> >(rclock::rquarterly::yqnqdhmss<std::__1::chrono::duration<long long, std::__1::ratio<1l, 1000000000l> >, (quarterly::start)11> const&)
  [UP] unprotected variable r_string while calling allocating function cpp11::writable::r_vector<cpp11::r_string>::operator SEXPREC*() const clock/src/./calendar.h:74

Function cpp11::writable::r_vector<cpp11::r_string> format_calendar_impl<rclock::rquarterly::yqnqdhmss<std::__1::chrono::duration<long long, std::__1::ratio<1l, 1000000000l> >, (quarterly::start)12> >(rclock::rquarterly::yqnqdhmss<std::__1::chrono::duration<long long, std::__1::ratio<1l, 1000000000l> >, (quarterly::start)12> const&)
  [UP] unprotected variable r_string while calling allocating function cpp11::writable::r_vector<cpp11::r_string>::operator SEXPREC*() const clock/src/./calendar.h:74

Function cpp11::writable::r_vector<cpp11::r_string> format_calendar_impl<rclock::rquarterly::yqnqdhmss<std::__1::chrono::duration<long long, std::__1::ratio<1l, 1000000000l> >, (quarterly::start)1> >(rclock::rquarterly::yqnqdhmss<std::__1::chrono::duration<long long, std::__1::ratio<1l, 1000000000l> >, (quarterly::start)1> const&)
  [UP] unprotected variable r_string while calling allocating function cpp11::writable::r_vector<cpp11::r_string>::operator SEXPREC*() const clock/src/./calendar.h:74

Function cpp11::writable::r_vector<cpp11::r_string> format_calendar_impl<rclock::rquarterly::yqnqdhmss<std::__1::chrono::duration<long long, std::__1::ratio<1l, 1000000000l> >, (quarterly::start)2> >(rclock::rquarterly::yqnqdhmss<std::__1::chrono::duration<long long, std::__1::ratio<1l, 1000000000l> >, (quarterly::start)2> const&)
  [UP] unprotected variable r_string while calling allocating function cpp11::writable::r_vector<cpp11::r_string>::operator SEXPREC*() const clock/src/./calendar.h:74

Function cpp11::writable::r_vector<cpp11::r_string> format_calendar_impl<rclock::rquarterly::yqnqdhmss<std::__1::chrono::duration<long long, std::__1::ratio<1l, 1000000000l> >, (quarterly::start)3> >(rclock::rquarterly::yqnqdhmss<std::__1::chrono::duration<long long, std::__1::ratio<1l, 1000000000l> >, (quarterly::start)3> const&)
  [UP] unprotected variable r_string while calling allocating function cpp11::writable::r_vector<cpp11::r_string>::operator SEXPREC*() const clock/src/./calendar.h:74

Function cpp11::writable::r_vector<cpp11::r_string> format_calendar_impl<rclock::rquarterly::yqnqdhmss<std::__1::chrono::duration<long long, std::__1::ratio<1l, 1000000000l> >, (quarterly::start)4> >(rclock::rquarterly::yqnqdhmss<std::__1::chrono::duration<long long, std::__1::ratio<1l, 1000000000l> >, (quarterly::start)4> const&)
  [UP] unprotected variable r_string while calling allocating function cpp11::writable::r_vector<cpp11::r_string>::operator SEXPREC*() const clock/src/./calendar.h:74

Function cpp11::writable::r_vector<cpp11::r_string> format_calendar_impl<rclock::rquarterly::yqnqdhmss<std::__1::chrono::duration<long long, std::__1::ratio<1l, 1000000000l> >, (quarterly::start)5> >(rclock::rquarterly::yqnqdhmss<std::__1::chrono::duration<long long, std::__1::ratio<1l, 1000000000l> >, (quarterly::start)5> const&)
  [UP] unprotected variable r_string while calling allocating function cpp11::writable::r_vector<cpp11::r_string>::operator SEXPREC*() const clock/src/./calendar.h:74

Function cpp11::writable::r_vector<cpp11::r_string> format_calendar_impl<rclock::rquarterly::yqnqdhmss<std::__1::chrono::duration<long long, std::__1::ratio<1l, 1000000000l> >, (quarterly::start)6> >(rclock::rquarterly::yqnqdhmss<std::__1::chrono::duration<long long, std::__1::ratio<1l, 1000000000l> >, (quarterly::start)6> const&)
  [UP] unprotected variable r_string while calling allocating function cpp11::writable::r_vector<cpp11::r_string>::operator SEXPREC*() const clock/src/./calendar.h:74

Function cpp11::writable::r_vector<cpp11::r_string> format_calendar_impl<rclock::rquarterly::yqnqdhmss<std::__1::chrono::duration<long long, std::__1::ratio<1l, 1000000000l> >, (quarterly::start)7> >(rclock::rquarterly::yqnqdhmss<std::__1::chrono::duration<long long, std::__1::ratio<1l, 1000000000l> >, (quarterly::start)7> const&)
  [UP] unprotected variable r_string while calling allocating function cpp11::writable::r_vector<cpp11::r_string>::operator SEXPREC*() const clock/src/./calendar.h:74

Function cpp11::writable::r_vector<cpp11::r_string> format_calendar_impl<rclock::rquarterly::yqnqdhmss<std::__1::chrono::duration<long long, std::__1::ratio<1l, 1000000000l> >, (quarterly::start)8> >(rclock::rquarterly::yqnqdhmss<std::__1::chrono::duration<long long, std::__1::ratio<1l, 1000000000l> >, (quarterly::start)8> const&)
  [UP] unprotected variable r_string while calling allocating function cpp11::writable::r_vector<cpp11::r_string>::operator SEXPREC*() const clock/src/./calendar.h:74

Function cpp11::writable::r_vector<cpp11::r_string> format_calendar_impl<rclock::rquarterly::yqnqdhmss<std::__1::chrono::duration<long long, std::__1::ratio<1l, 1000000000l> >, (quarterly::start)9> >(rclock::rquarterly::yqnqdhmss<std::__1::chrono::duration<long long, std::__1::ratio<1l, 1000000000l> >, (quarterly::start)9> const&)
  [UP] unprotected variable r_string while calling allocating function cpp11::writable::r_vector<cpp11::r_string>::operator SEXPREC*() const clock/src/./calendar.h:74

Function cpp11::writable::r_vector<cpp11::r_string> format_calendar_impl<rclock::rquarterly::yqnqdhmss<std::__1::chrono::duration<long long, std::__1::ratio<1l, 1000000l> >, (quarterly::start)10> >(rclock::rquarterly::yqnqdhmss<std::__1::chrono::duration<long long, std::__1::ratio<1l, 1000000l> >, (quarterly::start)10> const&)
  [UP] unprotected variable r_string while calling allocating function cpp11::writable::r_vector<cpp11::r_string>::operator SEXPREC*() const clock/src/./calendar.h:74

Function cpp11::writable::r_vector<cpp11::r_string> format_calendar_impl<rclock::rquarterly::yqnqdhmss<std::__1::chrono::duration<long long, std::__1::ratio<1l, 1000000l> >, (quarterly::start)11> >(rclock::rquarterly::yqnqdhmss<std::__1::chrono::duration<long long, std::__1::ratio<1l, 1000000l> >, (quarterly::start)11> const&)
  [UP] unprotected variable r_string while calling allocating function cpp11::writable::r_vector<cpp11::r_string>::operator SEXPREC*() const clock/src/./calendar.h:74

Function cpp11::writable::r_vector<cpp11::r_string> format_calendar_impl<rclock::rquarterly::yqnqdhmss<std::__1::chrono::duration<long long, std::__1::ratio<1l, 1000000l> >, (quarterly::start)12> >(rclock::rquarterly::yqnqdhmss<std::__1::chrono::duration<long long, std::__1::ratio<1l, 1000000l> >, (quarterly::start)12> const&)
  [UP] unprotected variable r_string while calling allocating function cpp11::writable::r_vector<cpp11::r_string>::operator SEXPREC*() const clock/src/./calendar.h:74

Function cpp11::writable::r_vector<cpp11::r_string> format_calendar_impl<rclock::rquarterly::yqnqdhmss<std::__1::chrono::duration<long long, std::__1::ratio<1l, 1000000l> >, (quarterly::start)1> >(rclock::rquarterly::yqnqdhmss<std::__1::chrono::duration<long long, std::__1::ratio<1l, 1000000l> >, (quarterly::start)1> const&)
  [UP] unprotected variable r_string while calling allocating function cpp11::writable::r_vector<cpp11::r_string>::operator SEXPREC*() const clock/src/./calendar.h:74

Function cpp11::writable::r_vector<cpp11::r_string> format_calendar_impl<rclock::rquarterly::yqnqdhmss<std::__1::chrono::duration<long long, std::__1::ratio<1l, 1000000l> >, (quarterly::start)2> >(rclock::rquarterly::yqnqdhmss<std::__1::chrono::duration<long long, std::__1::ratio<1l, 1000000l> >, (quarterly::start)2> const&)
  [UP] unprotected variable r_string while calling allocating function cpp11::writable::r_vector<cpp11::r_string>::operator SEXPREC*() const clock/src/./calendar.h:74

Function cpp11::writable::r_vector<cpp11::r_string> format_calendar_impl<rclock::rquarterly::yqnqdhmss<std::__1::chrono::duration<long long, std::__1::ratio<1l, 1000000l> >, (quarterly::start)3> >(rclock::rquarterly::yqnqdhmss<std::__1::chrono::duration<long long, std::__1::ratio<1l, 1000000l> >, (quarterly::start)3> const&)
  [UP] unprotected variable r_string while calling allocating function cpp11::writable::r_vector<cpp11::r_string>::operator SEXPREC*() const clock/src/./calendar.h:74

Function cpp11::writable::r_vector<cpp11::r_string> format_calendar_impl<rclock::rquarterly::yqnqdhmss<std::__1::chrono::duration<long long, std::__1::ratio<1l, 1000000l> >, (quarterly::start)4> >(rclock::rquarterly::yqnqdhmss<std::__1::chrono::duration<long long, std::__1::ratio<1l, 1000000l> >, (quarterly::start)4> const&)
  [UP] unprotected variable r_string while calling allocating function cpp11::writable::r_vector<cpp11::r_string>::operator SEXPREC*() const clock/src/./calendar.h:74

Function cpp11::writable::r_vector<cpp11::r_string> format_calendar_impl<rclock::rquarterly::yqnqdhmss<std::__1::chrono::duration<long long, std::__1::ratio<1l, 1000000l> >, (quarterly::start)5> >(rclock::rquarterly::yqnqdhmss<std::__1::chrono::duration<long long, std::__1::ratio<1l, 1000000l> >, (quarterly::start)5> const&)
  [UP] unprotected variable r_string while calling allocating function cpp11::writable::r_vector<cpp11::r_string>::operator SEXPREC*() const clock/src/./calendar.h:74

Function cpp11::writable::r_vector<cpp11::r_string> format_calendar_impl<rclock::rquarterly::yqnqdhmss<std::__1::chrono::duration<long long, std::__1::ratio<1l, 1000000l> >, (quarterly::start)6> >(rclock::rquarterly::yqnqdhmss<std::__1::chrono::duration<long long, std::__1::ratio<1l, 1000000l> >, (quarterly::start)6> const&)
  [UP] unprotected variable r_string while calling allocating function cpp11::writable::r_vector<cpp11::r_string>::operator SEXPREC*() const clock/src/./calendar.h:74

Function cpp11::writable::r_vector<cpp11::r_string> format_calendar_impl<rclock::rquarterly::yqnqdhmss<std::__1::chrono::duration<long long, std::__1::ratio<1l, 1000000l> >, (quarterly::start)7> >(rclock::rquarterly::yqnqdhmss<std::__1::chrono::duration<long long, std::__1::ratio<1l, 1000000l> >, (quarterly::start)7> const&)
  [UP] unprotected variable r_string while calling allocating function cpp11::writable::r_vector<cpp11::r_string>::operator SEXPREC*() const clock/src/./calendar.h:74

Function cpp11::writable::r_vector<cpp11::r_string> format_calendar_impl<rclock::rquarterly::yqnqdhmss<std::__1::chrono::duration<long long, std::__1::ratio<1l, 1000000l> >, (quarterly::start)8> >(rclock::rquarterly::yqnqdhmss<std::__1::chrono::duration<long long, std::__1::ratio<1l, 1000000l> >, (quarterly::start)8> const&)
  [UP] unprotected variable r_string while calling allocating function cpp11::writable::r_vector<cpp11::r_string>::operator SEXPREC*() const clock/src/./calendar.h:74

Function cpp11::writable::r_vector<cpp11::r_string> format_calendar_impl<rclock::rquarterly::yqnqdhmss<std::__1::chrono::duration<long long, std::__1::ratio<1l, 1000000l> >, (quarterly::start)9> >(rclock::rquarterly::yqnqdhmss<std::__1::chrono::duration<long long, std::__1::ratio<1l, 1000000l> >, (quarterly::start)9> const&)
  [UP] unprotected variable r_string while calling allocating function cpp11::writable::r_vector<cpp11::r_string>::operator SEXPREC*() const clock/src/./calendar.h:74

Function cpp11::writable::r_vector<cpp11::r_string> format_calendar_impl<rclock::rquarterly::yqnqdhmss<std::__1::chrono::duration<long long, std::__1::ratio<1l, 1000l> >, (quarterly::start)10> >(rclock::rquarterly::yqnqdhmss<std::__1::chrono::duration<long long, std::__1::ratio<1l, 1000l> >, (quarterly::start)10> const&)
  [UP] unprotected variable r_string while calling allocating function cpp11::writable::r_vector<cpp11::r_string>::operator SEXPREC*() const clock/src/./calendar.h:74

Function cpp11::writable::r_vector<cpp11::r_string> format_calendar_impl<rclock::rquarterly::yqnqdhmss<std::__1::chrono::duration<long long, std::__1::ratio<1l, 1000l> >, (quarterly::start)11> >(rclock::rquarterly::yqnqdhmss<std::__1::chrono::duration<long long, std::__1::ratio<1l, 1000l> >, (quarterly::start)11> const&)
  [UP] unprotected variable r_string while calling allocating function cpp11::writable::r_vector<cpp11::r_string>::operator SEXPREC*() const clock/src/./calendar.h:74

Function cpp11::writable::r_vector<cpp11::r_string> format_calendar_impl<rclock::rquarterly::yqnqdhmss<std::__1::chrono::duration<long long, std::__1::ratio<1l, 1000l> >, (quarterly::start)12> >(rclock::rquarterly::yqnqdhmss<std::__1::chrono::duration<long long, std::__1::ratio<1l, 1000l> >, (quarterly::start)12> const&)
  [UP] unprotected variable r_string while calling allocating function cpp11::writable::r_vector<cpp11::r_string>::operator SEXPREC*() const clock/src/./calendar.h:74

Function cpp11::writable::r_vector<cpp11::r_string> format_calendar_impl<rclock::rquarterly::yqnqdhmss<std::__1::chrono::duration<long long, std::__1::ratio<1l, 1000l> >, (quarterly::start)1> >(rclock::rquarterly::yqnqdhmss<std::__1::chrono::duration<long long, std::__1::ratio<1l, 1000l> >, (quarterly::start)1> const&)
  [UP] unprotected variable r_string while calling allocating function cpp11::writable::r_vector<cpp11::r_string>::operator SEXPREC*() const clock/src/./calendar.h:74

Function cpp11::writable::r_vector<cpp11::r_string> format_calendar_impl<rclock::rquarterly::yqnqdhmss<std::__1::chrono::duration<long long, std::__1::ratio<1l, 1000l> >, (quarterly::start)2> >(rclock::rquarterly::yqnqdhmss<std::__1::chrono::duration<long long, std::__1::ratio<1l, 1000l> >, (quarterly::start)2> const&)
  [UP] unprotected variable r_string while calling allocating function cpp11::writable::r_vector<cpp11::r_string>::operator SEXPREC*() const clock/src/./calendar.h:74

Function cpp11::writable::r_vector<cpp11::r_string> format_calendar_impl<rclock::rquarterly::yqnqdhmss<std::__1::chrono::duration<long long, std::__1::ratio<1l, 1000l> >, (quarterly::start)3> >(rclock::rquarterly::yqnqdhmss<std::__1::chrono::duration<long long, std::__1::ratio<1l, 1000l> >, (quarterly::start)3> const&)
  [UP] unprotected variable r_string while calling allocating function cpp11::writable::r_vector<cpp11::r_string>::operator SEXPREC*() const clock/src/./calendar.h:74

Function cpp11::writable::r_vector<cpp11::r_string> format_calendar_impl<rclock::rquarterly::yqnqdhmss<std::__1::chrono::duration<long long, std::__1::ratio<1l, 1000l> >, (quarterly::start)4> >(rclock::rquarterly::yqnqdhmss<std::__1::chrono::duration<long long, std::__1::ratio<1l, 1000l> >, (quarterly::start)4> const&)
  [UP] unprotected variable r_string while calling allocating function cpp11::writable::r_vector<cpp11::r_string>::operator SEXPREC*() const clock/src/./calendar.h:74

Function cpp11::writable::r_vector<cpp11::r_string> format_calendar_impl<rclock::rquarterly::yqnqdhmss<std::__1::chrono::duration<long long, std::__1::ratio<1l, 1000l> >, (quarterly::start)5> >(rclock::rquarterly::yqnqdhmss<std::__1::chrono::duration<long long, std::__1::ratio<1l, 1000l> >, (quarterly::start)5> const&)
  [UP] unprotected variable r_string while calling allocating function cpp11::writable::r_vector<cpp11::r_string>::operator SEXPREC*() const clock/src/./calendar.h:74

Function cpp11::writable::r_vector<cpp11::r_string> format_calendar_impl<rclock::rquarterly::yqnqdhmss<std::__1::chrono::duration<long long, std::__1::ratio<1l, 1000l> >, (quarterly::start)6> >(rclock::rquarterly::yqnqdhmss<std::__1::chrono::duration<long long, std::__1::ratio<1l, 1000l> >, (quarterly::start)6> const&)
  [UP] unprotected variable r_string while calling allocating function cpp11::writable::r_vector<cpp11::r_string>::operator SEXPREC*() const clock/src/./calendar.h:74

Function cpp11::writable::r_vector<cpp11::r_string> format_calendar_impl<rclock::rquarterly::yqnqdhmss<std::__1::chrono::duration<long long, std::__1::ratio<1l, 1000l> >, (quarterly::start)7> >(rclock::rquarterly::yqnqdhmss<std::__1::chrono::duration<long long, std::__1::ratio<1l, 1000l> >, (quarterly::start)7> const&)
  [UP] unprotected variable r_string while calling allocating function cpp11::writable::r_vector<cpp11::r_string>::operator SEXPREC*() const clock/src/./calendar.h:74

Function cpp11::writable::r_vector<cpp11::r_string> format_calendar_impl<rclock::rquarterly::yqnqdhmss<std::__1::chrono::duration<long long, std::__1::ratio<1l, 1000l> >, (quarterly::start)8> >(rclock::rquarterly::yqnqdhmss<std::__1::chrono::duration<long long, std::__1::ratio<1l, 1000l> >, (quarterly::start)8> const&)
  [UP] unprotected variable r_string while calling allocating function cpp11::writable::r_vector<cpp11::r_string>::operator SEXPREC*() const clock/src/./calendar.h:74

Function cpp11::writable::r_vector<cpp11::r_string> format_calendar_impl<rclock::rquarterly::yqnqdhmss<std::__1::chrono::duration<long long, std::__1::ratio<1l, 1000l> >, (quarterly::start)9> >(rclock::rquarterly::yqnqdhmss<std::__1::chrono::duration<long long, std::__1::ratio<1l, 1000l> >, (quarterly::start)9> const&)
  [UP] unprotected variable r_string while calling allocating function cpp11::writable::r_vector<cpp11::r_string>::operator SEXPREC*() const clock/src/./calendar.h:74

Function cpp11::writable::r_vector<cpp11::r_string> format_calendar_impl<rclock::weekday::y>(rclock::weekday::y const&)
  [UP] unprotected variable r_string while calling allocating function cpp11::writable::r_vector<cpp11::r_string>::operator SEXPREC*() const clock/src/./calendar.h:74

Function cpp11::writable::r_vector<cpp11::r_string> format_calendar_impl<rclock::weekday::ym>(rclock::weekday::ym const&)
  [UP] unprotected variable r_string while calling allocating function cpp11::writable::r_vector<cpp11::r_string>::operator SEXPREC*() const clock/src/./calendar.h:74

Function cpp11::writable::r_vector<cpp11::r_string> format_calendar_impl<rclock::weekday::ymwd>(rclock::weekday::ymwd const&)
  [UP] unprotected variable r_string while calling allocating function cpp11::writable::r_vector<cpp11::r_string>::operator SEXPREC*() const clock/src/./calendar.h:74

Function cpp11::writable::r_vector<cpp11::r_string> format_calendar_impl<rclock::weekday::ymwdh>(rclock::weekday::ymwdh const&)
  [UP] unprotected variable r_string while calling allocating function cpp11::writable::r_vector<cpp11::r_string>::operator SEXPREC*() const clock/src/./calendar.h:74

Function cpp11::writable::r_vector<cpp11::r_string> format_calendar_impl<rclock::weekday::ymwdhm>(rclock::weekday::ymwdhm const&)
  [UP] unprotected variable r_string while calling allocating function cpp11::writable::r_vector<cpp11::r_string>::operator SEXPREC*() const clock/src/./calendar.h:74

Function cpp11::writable::r_vector<cpp11::r_string> format_calendar_impl<rclock::weekday::ymwdhms>(rclock::weekday::ymwdhms const&)
  [UP] unprotected variable r_string while calling allocating function cpp11::writable::r_vector<cpp11::r_string>::operator SEXPREC*() const clock/src/./calendar.h:74

Function cpp11::writable::r_vector<cpp11::r_string> format_calendar_impl<rclock::weekday::ymwdhmss<std::__1::chrono::duration<long long, std::__1::ratio<1l, 1000000000l> > > >(rclock::weekday::ymwdhmss<std::__1::chrono::duration<long long, std::__1::ratio<1l, 1000000000l> > > const&)
  [UP] unprotected variable r_string while calling allocating function cpp11::writable::r_vector<cpp11::r_string>::operator SEXPREC*() const clock/src/./calendar.h:74

Function cpp11::writable::r_vector<cpp11::r_string> format_calendar_impl<rclock::weekday::ymwdhmss<std::__1::chrono::duration<long long, std::__1::ratio<1l, 1000000l> > > >(rclock::weekday::ymwdhmss<std::__1::chrono::duration<long long, std::__1::ratio<1l, 1000000l> > > const&)
  [UP] unprotected variable r_string while calling allocating function cpp11::writable::r_vector<cpp11::r_string>::operator SEXPREC*() const clock/src/./calendar.h:74

Function cpp11::writable::r_vector<cpp11::r_string> format_calendar_impl<rclock::weekday::ymwdhmss<std::__1::chrono::duration<long long, std::__1::ratio<1l, 1000l> > > >(rclock::weekday::ymwdhmss<std::__1::chrono::duration<long long, std::__1::ratio<1l, 1000l> > > const&)
  [UP] unprotected variable r_string while calling allocating function cpp11::writable::r_vector<cpp11::r_string>::operator SEXPREC*() const clock/src/./calendar.h:74

Function cpp11::writable::r_vector<cpp11::r_string> format_calendar_impl<rclock::yearday::y>(rclock::yearday::y const&)
  [UP] unprotected variable r_string while calling allocating function cpp11::writable::r_vector<cpp11::r_string>::operator SEXPREC*() const clock/src/./calendar.h:74

Function cpp11::writable::r_vector<cpp11::r_string> format_calendar_impl<rclock::yearday::yyd>(rclock::yearday::yyd const&)
  [UP] unprotected variable r_string while calling allocating function cpp11::writable::r_vector<cpp11::r_string>::operator SEXPREC*() const clock/src/./calendar.h:74

Function cpp11::writable::r_vector<cpp11::r_string> format_calendar_impl<rclock::yearday::yydh>(rclock::yearday::yydh const&)
  [UP] unprotected variable r_string while calling allocating function cpp11::writable::r_vector<cpp11::r_string>::operator SEXPREC*() const clock/src/./calendar.h:74

Function cpp11::writable::r_vector<cpp11::r_string> format_calendar_impl<rclock::yearday::yydhm>(rclock::yearday::yydhm const&)
  [UP] unprotected variable r_string while calling allocating function cpp11::writable::r_vector<cpp11::r_string>::operator SEXPREC*() const clock/src/./calendar.h:74

Function cpp11::writable::r_vector<cpp11::r_string> format_calendar_impl<rclock::yearday::yydhms>(rclock::yearday::yydhms const&)
  [UP] unprotected variable r_string while calling allocating function cpp11::writable::r_vector<cpp11::r_string>::operator SEXPREC*() const clock/src/./calendar.h:74

Function cpp11::writable::r_vector<cpp11::r_string> format_calendar_impl<rclock::yearday::yydhmss<std::__1::chrono::duration<long long, std::__1::ratio<1l, 1000000000l> > > >(rclock::yearday::yydhmss<std::__1::chrono::duration<long long, std::__1::ratio<1l, 1000000000l> > > const&)
  [UP] unprotected variable r_string while calling allocating function cpp11::writable::r_vector<cpp11::r_string>::operator SEXPREC*() const clock/src/./calendar.h:74

Function cpp11::writable::r_vector<cpp11::r_string> format_calendar_impl<rclock::yearday::yydhmss<std::__1::chrono::duration<long long, std::__1::ratio<1l, 1000000l> > > >(rclock::yearday::yydhmss<std::__1::chrono::duration<long long, std::__1::ratio<1l, 1000000l> > > const&)
  [UP] unprotected variable r_string while calling allocating function cpp11::writable::r_vector<cpp11::r_string>::operator SEXPREC*() const clock/src/./calendar.h:74

Function cpp11::writable::r_vector<cpp11::r_string> format_calendar_impl<rclock::yearday::yydhmss<std::__1::chrono::duration<long long, std::__1::ratio<1l, 1000l> > > >(rclock::yearday::yydhmss<std::__1::chrono::duration<long long, std::__1::ratio<1l, 1000l> > > const&)
  [UP] unprotected variable r_string while calling allocating function cpp11::writable::r_vector<cpp11::r_string>::operator SEXPREC*() const clock/src/./calendar.h:74

Function cpp11::writable::r_vector<cpp11::r_string> format_duration_impl<rclock::duration::duration1<std::__1::chrono::duration<int, std::__1::ratio<2629746l, 1l> > > >(rclock::duration::duration1<std::__1::chrono::duration<int, std::__1::ratio<2629746l, 1l> > > const&)
  [UP] unprotected variable r_string while calling allocating function cpp11::writable::r_vector<cpp11::r_string>::operator SEXPREC*() const clock/src/duration.cpp:112

Function cpp11::writable::r_vector<cpp11::r_string> format_duration_impl<rclock::duration::duration1<std::__1::chrono::duration<int, std::__1::ratio<31556952l, 1l> > > >(rclock::duration::duration1<std::__1::chrono::duration<int, std::__1::ratio<31556952l, 1l> > > const&)
  [UP] unprotected variable r_string while calling allocating function cpp11::writable::r_vector<cpp11::r_string>::operator SEXPREC*() const clock/src/duration.cpp:112

Function cpp11::writable::r_vector<cpp11::r_string> format_duration_impl<rclock::duration::duration1<std::__1::chrono::duration<int, std::__1::ratio<604800l, 1l> > > >(rclock::duration::duration1<std::__1::chrono::duration<int, std::__1::ratio<604800l, 1l> > > const&)
  [UP] unprotected variable r_string while calling allocating function cpp11::writable::r_vector<cpp11::r_string>::operator SEXPREC*() const clock/src/duration.cpp:112

Function cpp11::writable::r_vector<cpp11::r_string> format_duration_impl<rclock::duration::duration1<std::__1::chrono::duration<int, std::__1::ratio<7889238l, 1l> > > >(rclock::duration::duration1<std::__1::chrono::duration<int, std::__1::ratio<7889238l, 1l> > > const&)
  [UP] unprotected variable r_string while calling allocating function cpp11::writable::r_vector<cpp11::r_string>::operator SEXPREC*() const clock/src/duration.cpp:112

Function cpp11::writable::r_vector<cpp11::r_string> format_duration_impl<rclock::duration::duration1<std::__1::chrono::duration<int, std::__1::ratio<86400l, 1l> > > >(rclock::duration::duration1<std::__1::chrono::duration<int, std::__1::ratio<86400l, 1l> > > const&)
  [UP] unprotected variable r_string while calling allocating function cpp11::writable::r_vector<cpp11::r_string>::operator SEXPREC*() const clock/src/duration.cpp:112

Function cpp11::writable::r_vector<cpp11::r_string> format_duration_impl<rclock::duration::duration2<std::__1::chrono::duration<long long, std::__1::ratio<1l, 1l> > > >(rclock::duration::duration2<std::__1::chrono::duration<long long, std::__1::ratio<1l, 1l> > > const&)
  [UP] unprotected variable r_string while calling allocating function cpp11::writable::r_vector<cpp11::r_string>::operator SEXPREC*() const clock/src/duration.cpp:112

Function cpp11::writable::r_vector<cpp11::r_string> format_duration_impl<rclock::duration::duration2<std::__1::chrono::duration<long, std::__1::ratio<3600l, 1l> > > >(rclock::duration::duration2<std::__1::chrono::duration<long, std::__1::ratio<3600l, 1l> > > const&)
  [UP] unprotected variable r_string while calling allocating function cpp11::writable::r_vector<cpp11::r_string>::operator SEXPREC*() const clock/src/duration.cpp:112

Function cpp11::writable::r_vector<cpp11::r_string> format_duration_impl<rclock::duration::duration2<std::__1::chrono::duration<long, std::__1::ratio<60l, 1l> > > >(rclock::duration::duration2<std::__1::chrono::duration<long, std::__1::ratio<60l, 1l> > > const&)
  [UP] unprotected variable r_string while calling allocating function cpp11::writable::r_vector<cpp11::r_string>::operator SEXPREC*() const clock/src/duration.cpp:112

Function cpp11::writable::r_vector<cpp11::r_string> format_duration_impl<rclock::duration::duration3<std::__1::chrono::duration<long long, std::__1::ratio<1l, 1000000000l> > > >(rclock::duration::duration3<std::__1::chrono::duration<long long, std::__1::ratio<1l, 1000000000l> > > const&)
  [UP] unprotected variable r_string while calling allocating function cpp11::writable::r_vector<cpp11::r_string>::operator SEXPREC*() const clock/src/duration.cpp:112

Function cpp11::writable::r_vector<cpp11::r_string> format_duration_impl<rclock::duration::duration3<std::__1::chrono::duration<long long, std::__1::ratio<1l, 1000000l> > > >(rclock::duration::duration3<std::__1::chrono::duration<long long, std::__1::ratio<1l, 1000000l> > > const&)
  [UP] unprotected variable r_string while calling allocating function cpp11::writable::r_vector<cpp11::r_string>::operator SEXPREC*() const clock/src/duration.cpp:112

Function cpp11::writable::r_vector<cpp11::r_string> format_duration_impl<rclock::duration::duration3<std::__1::chrono::duration<long long, std::__1::ratio<1l, 1000l> > > >(rclock::duration::duration3<std::__1::chrono::duration<long long, std::__1::ratio<1l, 1000l> > > const&)
  [UP] unprotected variable r_string while calling allocating function cpp11::writable::r_vector<cpp11::r_string>::operator SEXPREC*() const clock/src/duration.cpp:112
