Package deSolve version 1.20
Package built using 74301/R 3.5.0; x86_64-pc-linux-gnu; 2018-02-26 09:31:19 UTC; unix   
Checked with rchk version 63f79d910f5835174fcaa5a0a7d2409348f7d2ac
More information at https://github.com/kalibera/cran-checks/blob/master/rchk/PROTECT.md

Function C_daejac_func
  [PB] has possible protection stack imbalance deSolve/src/call_daspk.c:176

Function C_deriv_func
  [PB] has possible protection stack imbalance deSolve/src/call_lsoda.c:131

Function C_deriv_func_rad
  [PB] has possible protection stack imbalance deSolve/src/call_radau.c:87

Function C_deriv_out
  [PB] has possible protection stack imbalance deSolve/src/call_lsoda.c:152

Function C_deriv_out_rad
  [PB] has possible protection stack imbalance deSolve/src/call_radau.c:128

Function C_event_func
  [PB] has possible protection stack imbalance deSolve/src/forcings.c:174

Function C_jac_func
  [PB] has possible protection stack imbalance deSolve/src/call_lsoda.c:189

Function C_jac_func_rad
  [PB] has possible protection stack imbalance deSolve/src/call_radau.c:306

Function C_jac_vec
  [PB] has possible protection stack imbalance deSolve/src/call_lsoda.c:210

Function C_mas_func_rad
  [PB] has possible protection stack imbalance deSolve/src/call_radau.c:108

Function C_out
  [PB] has possible protection stack imbalance deSolve/src/call_daspk.c:153

Function C_res_func
  [PB] has possible protection stack imbalance deSolve/src/call_daspk.c:130

Function C_root_func
  [PB] has possible protection stack imbalance deSolve/src/call_lsoda.c:170

Function C_root_radau
  [PB] has possible protection stack imbalance deSolve/src/call_radau.c:182

Function C_zderiv_func
  [PB] has possible protection stack imbalance deSolve/src/call_zvode.c:59

Function C_zjac_func
  [PB] has possible protection stack imbalance deSolve/src/call_zvode.c:78

Function call_DLL
  [PB] has possible protection stack imbalance deSolve/src/DLLutil.c:75

Function call_euler
  [PB] has possible protection stack imbalance deSolve/src/call_euler.c:163

Function call_lsoda
  [PB] has possible protection stack imbalance deSolve/src/call_lsoda.c:639

Function call_radau
  [PB] has possible protection stack imbalance deSolve/src/call_radau.c:575

Function call_rk4
  [PB] has possible protection stack imbalance deSolve/src/call_rk4.c:196

Function call_rkAuto
  [PB] has possible protection stack imbalance deSolve/src/call_rkAuto.c:305

Function call_rkFixed
  [PB] has possible protection stack imbalance deSolve/src/call_rkFixed.c:254

Function call_rkImplicit
  [PB] has possible protection stack imbalance deSolve/src/call_rkImplicit.c:266

Function call_zvode
  [PB] has possible protection stack imbalance deSolve/src/call_zvode.c:315

Function derivs
  [PB] has possible protection stack imbalance deSolve/src/rk_util.c:170

Function initParms
  [PB] has possible protection stack imbalance deSolve/src/deSolve_utils.c:112

Function initdaeglobals
  [PB] has possible protection stack imbalance deSolve/src/deSolve_utils.c:97

Function initglobals
  [PB] has possible protection stack imbalance deSolve/src/deSolve_utils.c:89

Function returnearly
  [PB] has possible protection stack imbalance deSolve/src/deSolve_utils.c:161

Function terminate
  [PB] has possible protection stack imbalance deSolve/src/deSolve_utils.c:186
