Package economiccomplexity version 2.1.0
Package built using 89438/R 4.6.0; x86_64-pc-linux-gnu; 2026-02-19 21:37:42 UTC; unix   
Checked with rchk version 35618ebbccf3cd0b45a3530e6303970a22a9056b LLVM version 14.0.6
More information at https://github.com/kalibera/cran-checks/blob/master/rchk/PROTECT.md
For rchk in docker image see https://github.com/kalibera/rchk/blob/master/doc/DOCKER.md

Function cpp4r::matrix<cpp4r::r_vector<double>, double, cpp4r::by_column> Mat_to_dblint_matrix_<double, cpp4r::matrix<cpp4r::r_vector<double>, double, cpp4r::by_column> >(arma::Mat<double> const&)
  [UP] unprotected variable data while calling allocating function cpp4r::detail::store::get_root() cpp4r/include/cpp4r/protect.hpp:248
  [UP] unprotected variable data while calling allocating function Rf_cons cpp4r/include/cpp4r/protect.hpp:258

Function cpp4r::r_vector<double> Col_to_dblint_<double, cpp4r::r_vector<double> >(arma::Col<double> const&)
  [UP] unprotected variable data while calling allocating function cpp4r::detail::store::get_root() cpp4r/include/cpp4r/protect.hpp:248
  [UP] unprotected variable data while calling allocating function Rf_cons cpp4r/include/cpp4r/protect.hpp:258

Function cpp4r::writable::r_vector<cpp4r::r_string>::r_vector(long)
  [UP] calling allocating function cpp4r::writable::r_vector<cpp4r::r_string>::r_vector(SEXPREC*, cpp4r::writable::fresh_allocation_tag) with argument allocated using decltype (((std::__1::declval<SEXPREC* (*)(unsigned int, long)>)())((std::declval<unsigned int&&>)(), (std::declval<long const&>)())) cpp4r::protect::function<SEXPREC* (unsigned int, long)>::operator()<unsigned int, long const&>(unsigned int&&, long const&) const cpp4r/include/cpp4r/r_vector_writable_impl.hpp:198

Function eigenvalues_method_(cpp4r::matrix<cpp4r::r_vector<double>, double, cpp4r::by_column> const&, int const&)
  [UP] unprotected variable dimnames while calling allocating function cpp4r::attribute_proxy<cpp4r::writable::r_vector<double> >& cpp4r::attribute_proxy<cpp4r::writable::r_vector<double> >::operator=<SEXPREC*>(SEXPREC*) economiccomplexity/src/code.cpp:146
  [UP] unprotected variable dimnames while calling allocating function cpp4r::writable::r_vector<double>::attr(char const*) const economiccomplexity/src/code.cpp:146

Function fitness_method_(cpp4r::matrix<cpp4r::r_vector<double>, double, cpp4r::by_column> const&, int const&, double const&)
  [UP] unprotected variable dimnames while calling allocating function cpp4r::attribute_proxy<cpp4r::writable::r_vector<double> >& cpp4r::attribute_proxy<cpp4r::writable::r_vector<double> >::operator=<SEXPREC*>(SEXPREC*) economiccomplexity/src/code.cpp:67
  [UP] unprotected variable dimnames while calling allocating function cpp4r::writable::r_vector<double>::attr(char const*) const economiccomplexity/src/code.cpp:67

Function reflections_method_(cpp4r::matrix<cpp4r::r_vector<double>, double, cpp4r::by_column> const&, int const&)
  [UP] unprotected variable dimnames while calling allocating function cpp4r::attribute_proxy<cpp4r::writable::r_vector<double> >& cpp4r::attribute_proxy<cpp4r::writable::r_vector<double> >::operator=<SEXPREC*>(SEXPREC*) economiccomplexity/src/code.cpp:109
  [UP] unprotected variable dimnames while calling allocating function cpp4r::writable::r_vector<double>::attr(char const*) const economiccomplexity/src/code.cpp:109
