Package grandR version 0.2.6
Package built using 87667/R 4.5.0; x86_64-pc-linux-gnu; 2025-01-31 00:25:42 UTC; unix   
Checked with rchk version 35618ebbccf3cd0b45a3530e6303970a22a9056b LLVM version 14.0.6
More information at https://github.com/kalibera/cran-checks/blob/master/rchk/PROTECT.md
For rchk in docker image see https://github.com/kalibera/rchk/blob/master/doc/DOCKER.md

Function fastsparsematcompmult
  [UP] unprotected variable Ri while calling allocating function Rf_xlengthgets(V,?) grandR/src/fastsparsemat.c:135
  [UP] unprotected variable Ri while calling allocating function Rf_xlengthgets(V,?) grandR/src/fastsparsemat.c:136
  [UP] unprotected variable Rj while calling allocating function Rf_xlengthgets(V,?) grandR/src/fastsparsemat.c:136
  [UP] unprotected variable Ri while calling allocating function Rf_allocVector grandR/src/fastsparsemat.c:138
  [UP] unprotected variable Rj while calling allocating function Rf_allocVector grandR/src/fastsparsemat.c:138
  [UP] unprotected variable Rx while calling allocating function Rf_allocVector grandR/src/fastsparsemat.c:138

Function fastsparsematcompmult1m
  [UP] unprotected variable Ri while calling allocating function Rf_xlengthgets(V,?) grandR/src/fastsparsemat.c:202
  [UP] unprotected variable Ri while calling allocating function Rf_xlengthgets(V,?) grandR/src/fastsparsemat.c:203
  [UP] unprotected variable Rj while calling allocating function Rf_xlengthgets(V,?) grandR/src/fastsparsemat.c:203
  [UP] unprotected variable Ri while calling allocating function Rf_allocVector grandR/src/fastsparsemat.c:205
  [UP] unprotected variable Rj while calling allocating function Rf_allocVector grandR/src/fastsparsemat.c:205
  [UP] unprotected variable Rx while calling allocating function Rf_allocVector grandR/src/fastsparsemat.c:205

Function fastsparsematsum
  [UP] unprotected variable Ri while calling allocating function Rf_xlengthgets(V,?) grandR/src/fastsparsemat.c:76
  [UP] unprotected variable Ri while calling allocating function Rf_xlengthgets(V,?) grandR/src/fastsparsemat.c:77
  [UP] unprotected variable Rj while calling allocating function Rf_xlengthgets(V,?) grandR/src/fastsparsemat.c:77
  [UP] unprotected variable Ri while calling allocating function Rf_allocVector grandR/src/fastsparsemat.c:79
  [UP] unprotected variable Rj while calling allocating function Rf_allocVector grandR/src/fastsparsemat.c:79
  [UP] unprotected variable Rx while calling allocating function Rf_allocVector grandR/src/fastsparsemat.c:79
