Package gRc version 0.4-2
Package built using 73252/R 3.5.0; x86_64-pc-linux-gnu; 2017-09-14 05:52:11 UTC; unix   
Checked with rchk version b118bbcfd496724b04ea20eaa5e1eeeb8635c2dd

Function trAW
  [UP] unprotected variable Adims while calling allocating function Rf_getAttrib(?,S:dim) gRc/src/clevertrace.c:258
  [UP] unprotected variable Adims while calling allocating function Rf_coerceVector gRc/src/clevertrace.c:260
  [UP] unprotected variable Wdims while calling allocating function Rf_coerceVector gRc/src/clevertrace.c:260
  [UP] unprotected variable Adims while calling allocating function Rf_coerceVector gRc/src/clevertrace.c:261
  [UP] unprotected variable Wdims while calling allocating function Rf_coerceVector gRc/src/clevertrace.c:261

Function trAWB
  [UP] unprotected variable Adims while calling allocating function Rf_getAttrib(?,S:dim) gRc/src/clevertrace.c:290
  [UP] unprotected variable Adims while calling allocating function Rf_getAttrib(?,S:dim) gRc/src/clevertrace.c:291
  [UP] unprotected variable Wdims while calling allocating function Rf_getAttrib(?,S:dim) gRc/src/clevertrace.c:291
  [UP] unprotected variable Adims while calling allocating function Rf_coerceVector gRc/src/clevertrace.c:294
  [UP] unprotected variable Bdims while calling allocating function Rf_coerceVector gRc/src/clevertrace.c:294
  [UP] unprotected variable Wdims while calling allocating function Rf_coerceVector gRc/src/clevertrace.c:294
  [UP] unprotected variable Adims while calling allocating function Rf_coerceVector gRc/src/clevertrace.c:295
  [UP] unprotected variable Bdims while calling allocating function Rf_coerceVector gRc/src/clevertrace.c:295
  [UP] unprotected variable Wdims while calling allocating function Rf_coerceVector gRc/src/clevertrace.c:295
  [UP] unprotected variable Adims while calling allocating function Rf_coerceVector gRc/src/clevertrace.c:296
  [UP] unprotected variable Bdims while calling allocating function Rf_coerceVector gRc/src/clevertrace.c:296
  [UP] unprotected variable Wdims while calling allocating function Rf_coerceVector gRc/src/clevertrace.c:296

Function trAWBW
  [UP] unprotected variable Adims while calling allocating function Rf_getAttrib(?,S:dim) gRc/src/clevertrace.c:400
  [UP] unprotected variable Adims while calling allocating function Rf_getAttrib(?,S:dim) gRc/src/clevertrace.c:401
  [UP] unprotected variable Wdims while calling allocating function Rf_getAttrib(?,S:dim) gRc/src/clevertrace.c:401
  [UP] unprotected variable Adims while calling allocating function Rf_coerceVector gRc/src/clevertrace.c:403
  [UP] unprotected variable Bdims while calling allocating function Rf_coerceVector gRc/src/clevertrace.c:403
  [UP] unprotected variable Wdims while calling allocating function Rf_coerceVector gRc/src/clevertrace.c:403
  [UP] unprotected variable Adims while calling allocating function Rf_coerceVector gRc/src/clevertrace.c:404
  [UP] unprotected variable Bdims while calling allocating function Rf_coerceVector gRc/src/clevertrace.c:404
  [UP] unprotected variable Wdims while calling allocating function Rf_coerceVector gRc/src/clevertrace.c:404
  [UP] unprotected variable Adims while calling allocating function Rf_coerceVector gRc/src/clevertrace.c:405
  [UP] unprotected variable Bdims while calling allocating function Rf_coerceVector gRc/src/clevertrace.c:405
  [UP] unprotected variable Wdims while calling allocating function Rf_coerceVector gRc/src/clevertrace.c:405
