Package luajr version 0.1.7
Package built using 86483/R 4.5.0; x86_64-pc-linux-gnu; 2024-04-26 14:36:17 UTC; unix   
Checked with rchk version fdc068715daa3a256062cc20e0d4a5157dacc9a4 LLVM version 14.0.6
More information at https://github.com/kalibera/cran-checks/blob/master/rchk/PROTECT.md
For rchk in docker image see https://github.com/kalibera/rchk/blob/master/doc/DOCKER.md

Function push_R_list(lua_State*, SEXPREC*, char)
  [UP] unprotected variable names while calling allocating function lua_pushlightuserdata luajr/src/push_to.cpp:103
  [UP] unprotected variable names while calling allocating function lua_createtable luajr/src/push_to.cpp:108
  [UP] unprotected variable names while calling allocating function luajr_pushsexp luajr/src/push_to.cpp:113
  [UP] unprotected variable names while calling allocating function lua_rawseti luajr/src/push_to.cpp:114
  [UP] unprotected variable names while calling allocating function lua_createtable luajr/src/push_to.cpp:118
  [UP] unprotected variable names while calling allocating function lua_pushstring luajr/src/push_to.cpp:127
  [UP] unprotected variable names while calling allocating function lua_pushinteger luajr/src/push_to.cpp:128
  [UP] unprotected variable names while calling allocating function lua_rawset luajr/src/push_to.cpp:129
  [UP] unprotected variable names while calling allocating function lua_createtable luajr/src/push_to.cpp:142
  [UP] unprotected variable names while calling allocating function lua_pushstring luajr/src/push_to.cpp:151
  [UP] unprotected variable names while calling allocating function luajr_pushsexp luajr/src/push_to.cpp:152
  [UP] unprotected variable names while calling allocating function lua_rawset luajr/src/push_to.cpp:153
  [UP] unprotected variable names while calling allocating function luajr_pushsexp luajr/src/push_to.cpp:158
  [UP] unprotected variable names while calling allocating function lua_rawseti luajr/src/push_to.cpp:159
