Package lvec version 0.1.1
Package built using 73000/R 3.5.0; x86_64-pc-linux-gnu; 2017-07-30 22:15:45 UTC; unix   
Checked with rchk version b118bbcfd496724b04ea20eaa5e1eeeb8635c2dd

Function as_rvec_visitor::rvec() const
  [PB] has negative depth lvec/src/as_rvec.cpp:46
  [PB] has possible protection stack imbalance lvec/src/as_rvec.cpp:47

Function as_rvec_visitor::visit(ldat::lvec<cppr::boolean>&)
  [PB] has possible protection stack imbalance lvec/src/as_rvec.cpp:33

Function as_rvec_visitor::visit(ldat::lvec<double>&)
  [PB] has possible protection stack imbalance lvec/src/as_rvec.cpp:17

Function as_rvec_visitor::visit(ldat::lvec<int>&)
  [PB] has possible protection stack imbalance lvec/src/as_rvec.cpp:25

Function as_rvec_visitor::visit(ldat::lvec<std::__1::basic_string<char, std::__1::char_traits<char>, std::__1::allocator<char> > >&)
  [PB] has possible protection stack imbalance lvec/src/as_rvec.cpp:42

Function cppr::protSEXP::protSEXP(SEXPREC*)
  [PB] has possible protection stack imbalance lvec/src/./cppr.h:26

Function cppr::protSEXP::~protSEXP()
  [PB] has negative depth lvec/src/./cppr.h:27
  [PB] has possible protection stack imbalance lvec/src/./cppr.h:27

Function cppr::rvec<cppr::character>::rvec(SEXPREC*)
  [PB] has possible protection stack imbalance lvec/src/./cppr.h:192

Function cppr::rvec<cppr::character>::rvec(long)
  [PB] has possible protection stack imbalance lvec/src/./cppr.h:197

Function cppr::rvec<cppr::character>::~rvec()
  [PB] has negative depth lvec/src/./cppr.h:200
  [PB] has possible protection stack imbalance lvec/src/./cppr.h:201

Function cppr::rvec<cppr::integer>::rvec(SEXPREC*)
  [PB] has possible protection stack imbalance lvec/src/./cppr.h:146

Function cppr::rvec<cppr::integer>::rvec(long)
  [PB] has possible protection stack imbalance lvec/src/./cppr.h:152

Function cppr::rvec<cppr::integer>::~rvec()
  [PB] has negative depth lvec/src/./cppr.h:155
  [PB] has possible protection stack imbalance lvec/src/./cppr.h:156

Function cppr::rvec<cppr::logical>::rvec(SEXPREC*)
  [PB] has possible protection stack imbalance lvec/src/./cppr.h:146

Function cppr::rvec<cppr::logical>::rvec(long)
  [PB] has possible protection stack imbalance lvec/src/./cppr.h:152

Function cppr::rvec<cppr::logical>::~rvec()
  [PB] has negative depth lvec/src/./cppr.h:155
  [PB] has possible protection stack imbalance lvec/src/./cppr.h:156

Function cppr::rvec<cppr::numeric>::rvec(SEXPREC*)
  [PB] has possible protection stack imbalance lvec/src/./cppr.h:146

Function cppr::rvec<cppr::numeric>::rvec(long)
  [PB] has possible protection stack imbalance lvec/src/./cppr.h:152

Function cppr::rvec<cppr::numeric>::~rvec()
  [PB] has negative depth lvec/src/./cppr.h:155
  [PB] has possible protection stack imbalance lvec/src/./cppr.h:156
