Package minqa version 1.2.4
Package built using 74924/R 3.6.0; x86_64-pc-linux-gnu; 2018-06-20 17:23:28 UTC; unix   
Checked with rchk version b882e37fb462917a8ab94e70394f3a797250b4e1
More information at https://github.com/kalibera/cran-checks/blob/master/rchk/PROTECT.md

Function bobyqa_cpp
  [UP] calling allocating function double Rcpp::as<double>(SEXPREC*) with argument allocated using Rcpp::Environment_Impl<Rcpp::PreserveStorage>::get(std::__1::basic_string<char, std::__1::char_traits<char>, std::__1::allocator<char> > const&) const minqa/src/minqa.cpp:106
  [UP] calling allocating function double Rcpp::as<double>(SEXPREC*) with argument allocated using Rcpp::Environment_Impl<Rcpp::PreserveStorage>::get(std::__1::basic_string<char, std::__1::char_traits<char>, std::__1::allocator<char> > const&) const minqa/src/minqa.cpp:107
  [UP] calling allocating function int Rcpp::as<int>(SEXPREC*) with argument allocated using Rcpp::Environment_Impl<Rcpp::PreserveStorage>::get(std::__1::basic_string<char, std::__1::char_traits<char>, std::__1::allocator<char> > const&) const minqa/src/minqa.cpp:109
  [UP] calling allocating function int Rcpp::as<int>(SEXPREC*) with argument allocated using Rcpp::Environment_Impl<Rcpp::PreserveStorage>::get(std::__1::basic_string<char, std::__1::char_traits<char>, std::__1::allocator<char> > const&) const minqa/src/minqa.cpp:110
  [UP] calling allocating function int Rcpp::as<int>(SEXPREC*) with argument allocated using Rcpp::Environment_Impl<Rcpp::PreserveStorage>::get(std::__1::basic_string<char, std::__1::char_traits<char>, std::__1::allocator<char> > const&) const minqa/src/minqa.cpp:111

Function calfun_
  [UP] calling allocating function Rcpp::Vector<13, Rcpp::PreserveStorage>::Vector(SEXPREC*) with argument allocated using Rcpp::Environment_Impl<Rcpp::PreserveStorage>::get(std::__1::basic_string<char, std::__1::char_traits<char>, std::__1::allocator<char> > const&) const minqa/src/minqa.cpp:25
  [UP] calling allocating function Rf_asReal with argument allocated using Rf_eval minqa/src/minqa.cpp:34

Function newuoa_cpp
  [UP] calling allocating function double Rcpp::as<double>(SEXPREC*) with argument allocated using Rcpp::Environment_Impl<Rcpp::PreserveStorage>::get(std::__1::basic_string<char, std::__1::char_traits<char>, std::__1::allocator<char> > const&) const minqa/src/minqa.cpp:168
  [UP] calling allocating function double Rcpp::as<double>(SEXPREC*) with argument allocated using Rcpp::Environment_Impl<Rcpp::PreserveStorage>::get(std::__1::basic_string<char, std::__1::char_traits<char>, std::__1::allocator<char> > const&) const minqa/src/minqa.cpp:169
  [UP] calling allocating function int Rcpp::as<int>(SEXPREC*) with argument allocated using Rcpp::Environment_Impl<Rcpp::PreserveStorage>::get(std::__1::basic_string<char, std::__1::char_traits<char>, std::__1::allocator<char> > const&) const minqa/src/minqa.cpp:170
  [UP] calling allocating function int Rcpp::as<int>(SEXPREC*) with argument allocated using Rcpp::Environment_Impl<Rcpp::PreserveStorage>::get(std::__1::basic_string<char, std::__1::char_traits<char>, std::__1::allocator<char> > const&) const minqa/src/minqa.cpp:171
  [UP] calling allocating function int Rcpp::as<int>(SEXPREC*) with argument allocated using Rcpp::Environment_Impl<Rcpp::PreserveStorage>::get(std::__1::basic_string<char, std::__1::char_traits<char>, std::__1::allocator<char> > const&) const minqa/src/minqa.cpp:172

Function uobyqa_cpp
  [UP] calling allocating function double Rcpp::as<double>(SEXPREC*) with argument allocated using Rcpp::Environment_Impl<Rcpp::PreserveStorage>::get(std::__1::basic_string<char, std::__1::char_traits<char>, std::__1::allocator<char> > const&) const minqa/src/minqa.cpp:137
  [UP] calling allocating function double Rcpp::as<double>(SEXPREC*) with argument allocated using Rcpp::Environment_Impl<Rcpp::PreserveStorage>::get(std::__1::basic_string<char, std::__1::char_traits<char>, std::__1::allocator<char> > const&) const minqa/src/minqa.cpp:138
  [UP] calling allocating function int Rcpp::as<int>(SEXPREC*) with argument allocated using Rcpp::Environment_Impl<Rcpp::PreserveStorage>::get(std::__1::basic_string<char, std::__1::char_traits<char>, std::__1::allocator<char> > const&) const minqa/src/minqa.cpp:139
  [UP] calling allocating function int Rcpp::as<int>(SEXPREC*) with argument allocated using Rcpp::Environment_Impl<Rcpp::PreserveStorage>::get(std::__1::basic_string<char, std::__1::char_traits<char>, std::__1::allocator<char> > const&) const minqa/src/minqa.cpp:140
