Package nseval version 0.4.2
Package built using 82503/R 4.3.0; x86_64-pc-linux-gnu; 2022-06-21 06:33:46 UTC; unix   
Checked with rchk version 29e18222e1cfa67ba8e63bd3b22a25f78593c554 LLVM version 14.0.0
More information at https://github.com/kalibera/cran-checks/blob/master/rchk/PROTECT.md
For rchk in docker image see https://github.com/kalibera/rchk/blob/master/doc/DOCKER.md

Function _dots_unpack
  [UP] unprotected variable input_names while calling allocating function _quotation_to_promsxp nseval/src/dots.c:83

Function _flist_to_dotsxp
  [UP] unprotected variable names while calling allocating function Rf_allocList nseval/src/dots.c:203
  [UP] unprotected variable names while calling allocating function Rf_install nseval/src/dots.c:208
  [UP] unprotected variable names while calling allocating function _quotation_to_promsxp nseval/src/dots.c:213

Function _locate
  [UP] unprotected variable x while calling allocating function Rf_findVarInFrame3(?,S:force,?) nseval/src/getpromise.c:43
  [UP] unprotected variable x while calling allocating function Rf_install nseval/src/getpromise.c:43
  [UP] unprotected variable x while calling allocating function Rf_list2 nseval/src/getpromise.c:44
  [UP] unprotected variable x while calling allocating function R_forceAndCall nseval/src/getpromise.c:45

Function append_item
  [PB] has possible protection stack imbalance nseval/src/dots.c:351

Function arg_get
  [UP] calling allocating function unwrap_promise with a fresh pointer (binding <arg 1>) nseval/src/getpromise.c:520
  [UP] calling allocating function arg_get_from_nonpromise with a fresh pointer (binding <arg 2>) nseval/src/getpromise.c:535

Function unwrap_promise
  [UP] unprotected variable tortoise while calling allocating function unwrap_step nseval/src/getpromise.c:162
  [UP] unprotected variable tortoise while calling allocating function unwrap_step nseval/src/getpromise.c:173
  [UP] calling allocating function unwrap_step with a fresh pointer (tortoise <arg 1>) nseval/src/getpromise.c:182
