Package pomp version 2.1
Package built using 76654/R 3.7.0; x86_64-pc-linux-gnu; 2019-06-03 23:06:06 UTC; unix   
Checked with rchk version e904af503d348d9704682081216d92ba35f57e07
More information at https://github.com/kalibera/cran-checks/blob/master/rchk/PROTECT.md

Suspicious call (two or more unprotected arguments) to R_do_slot at do_partrans pomp/src/partrans.c:70
Suspicious call (two or more unprotected arguments) to R_do_slot at do_partrans pomp/src/partrans.c:73
Suspicious call (two or more unprotected arguments) to R_do_slot at do_skeleton pomp/src/skeleton.c:366
Suspicious call (two or more unprotected arguments) to Rf_lcons at paste pomp/src/./pomp_defines.h:244
Suspicious call (two or more unprotected arguments) to Rf_lcons at paste0 pomp/src/./pomp_defines.h:237
Suspicious call (two or more unprotected arguments) to R_do_slot at pomp_desolve_setup pomp/src/trajectory.c:163

Function __pomp_Rfun_ssa_ratefn
  [UP] calling allocating function Rf_eval with argument allocated using Rf_lcons pomp/src/ssa.c:204

Function eval_call
  [UP] calling allocating function Rf_eval with argument allocated using Rf_lcons pomp/src/dmeasure.c:82

Function eval_call.130
  [UP] calling allocating function Rf_eval with argument allocated using Rf_lcons pomp/src/partrans.c:39

Function eval_call.253
  [UP] calling allocating function Rf_eval with argument allocated using Rf_lcons pomp/src/rinit.c:55

Function eval_call.28
  [UP] calling allocating function Rf_eval with argument allocated using Rf_lcons pomp/src/dprior.c:41

Function eval_call.293
  [UP] calling allocating function Rf_eval with argument allocated using Rf_lcons pomp/src/rmeasure.c:69

Function eval_call.318
  [UP] calling allocating function Rf_eval with argument allocated using Rf_lcons pomp/src/rprior.c:37

Function eval_call.367
  [UP] calling allocating function Rf_eval with argument allocated using Rf_lcons pomp/src/skeleton.c:72

Function eval_call.44
  [UP] calling allocating function Rf_eval with argument allocated using Rf_lcons pomp/src/dprocess.c:79

Function eval_call.68
  [UP] calling allocating function Rf_eval with argument allocated using Rf_lcons pomp/src/euler.c:74

Function paste0
  [UP] calling allocating function Rf_eval with argument allocated using Rf_lcons(S:paste0,?) pomp/src/./pomp_defines.h:237
