Package PRIMME version 3.2-6
Package built using 86189/R 4.4.0; x86_64-pc-linux-gnu; 2024-03-25 23:32:15 UTC; unix   
Checked with rchk version fdc068715daa3a256062cc20e0d4a5157dacc9a4 LLVM version 14.0.6
More information at https://github.com/kalibera/cran-checks/blob/master/rchk/PROTECT.md
For rchk in docker image see https://github.com/kalibera/rchk/blob/master/doc/DOCKER.md

Function void matrixMatvecEigs<double, 14, double, getMassMatrixField>(void*, int*, void*, int*, int*, primme_params*, int*)
  [UP] calling allocating function void copyMatrix_SEXP<double>(SEXPREC*, double*, int, int, int, bool) with a fresh pointer (vy <arg 1>) PRIMME/src/primmeR.cpp:506

Function void matrixMatvecEigs<double, 14, double, getMatrixField>(void*, int*, void*, int*, int*, primme_params*, int*)
  [UP] calling allocating function void copyMatrix_SEXP<double>(SEXPREC*, double*, int, int, int, bool) with a fresh pointer (vy <arg 1>) PRIMME/src/primmeR.cpp:506

Function void matrixMatvecEigs<double, 14, double, getPreconditionerField>(void*, int*, void*, int*, int*, primme_params*, int*)
  [UP] calling allocating function void copyMatrix_SEXP<double>(SEXPREC*, double*, int, int, int, bool) with a fresh pointer (vy <arg 1>) PRIMME/src/primmeR.cpp:506

Function void matrixMatvecEigs<std::__1::complex<double>, 15, Rcomplex, getMassMatrixField>(void*, int*, void*, int*, int*, primme_params*, int*)
  [UP] calling allocating function void copyMatrix_SEXP<Rcomplex>(SEXPREC*, Rcomplex*, int, int, int, bool) with a fresh pointer (vy <arg 1>) PRIMME/src/primmeR.cpp:506

Function void matrixMatvecEigs<std::__1::complex<double>, 15, Rcomplex, getMatrixField>(void*, int*, void*, int*, int*, primme_params*, int*)
  [UP] calling allocating function void copyMatrix_SEXP<Rcomplex>(SEXPREC*, Rcomplex*, int, int, int, bool) with a fresh pointer (vy <arg 1>) PRIMME/src/primmeR.cpp:506

Function void matrixMatvecEigs<std::__1::complex<double>, 15, Rcomplex, getPreconditionerField>(void*, int*, void*, int*, int*, primme_params*, int*)
  [UP] calling allocating function void copyMatrix_SEXP<Rcomplex>(SEXPREC*, Rcomplex*, int, int, int, bool) with a fresh pointer (vy <arg 1>) PRIMME/src/primmeR.cpp:506

Function void matrixMatvecSvds<double, 14, double, getSvdsForMatrix>(void*, int*, void*, int*, int*, int*, primme_svds_params*, int*)
  [UP] calling allocating function void copyMatrix_SEXP<double>(SEXPREC*, double*, int, int, int, bool) with a fresh pointer (vy <arg 1>) PRIMME/src/primmeR.cpp:1064

Function void matrixMatvecSvds<double, 14, double, getSvdsForPreconditioner>(void*, int*, void*, int*, int*, int*, primme_svds_params*, int*)
  [UP] calling allocating function void copyMatrix_SEXP<double>(SEXPREC*, double*, int, int, int, bool) with a fresh pointer (vy <arg 1>) PRIMME/src/primmeR.cpp:1064

Function void matrixMatvecSvds<std::__1::complex<double>, 15, Rcomplex, getSvdsForMatrix>(void*, int*, void*, int*, int*, int*, primme_svds_params*, int*)
  [UP] calling allocating function void copyMatrix_SEXP<Rcomplex>(SEXPREC*, Rcomplex*, int, int, int, bool) with a fresh pointer (vy <arg 1>) PRIMME/src/primmeR.cpp:1064

Function void matrixMatvecSvds<std::__1::complex<double>, 15, Rcomplex, getSvdsForPreconditioner>(void*, int*, void*, int*, int*, int*, primme_svds_params*, int*)
  [UP] calling allocating function void copyMatrix_SEXP<Rcomplex>(SEXPREC*, Rcomplex*, int, int, int, bool) with a fresh pointer (vy <arg 1>) PRIMME/src/primmeR.cpp:1064
