Package purrrlyr version 0.0.3
Package built using 75450/R 3.6.0; x86_64-pc-linux-gnu; 2018-10-18 11:13:10 UTC; unix   
Checked with rchk version 469bf6658025c101b69dc0a915b0cf1edf4c98f2
More information at https://github.com/kalibera/cran-checks/blob/master/rchk/PROTECT.md

Function call_loop
  [UP] unprotected variable i_val while calling allocating function Rf_allocVector purrrlyr/src/map.c:25
  [UP] unprotected variable i_val while calling allocating function R_CheckUserInterrupt purrrlyr/src/map.c:28
  [UP] unprotected variable i_val while calling allocating function Rf_eval purrrlyr/src/map.c:32
  [UP] unprotected variable i_val while calling allocating function set_vector_value purrrlyr/src/map.c:36

Function get_ij_elt(SEXPREC*, int, int)
  [UP] calling allocating function get_vector_elt(SEXPREC*, long) with argument allocated using get_vector_elt(SEXPREC*, long) purrrlyr/src/utils.cpp:57

Function map2_impl
  [UP] unprotected variable x_val while calling allocating function Rf_eval purrrlyr/src/map.c:87
  [UP] unprotected variable x_val while calling allocating function Rf_ScalarInteger purrrlyr/src/map.c:104
  [UP] unprotected variable x_val while calling allocating function Rf_lang3(S:[[,?,?) purrrlyr/src/map.c:105
  [UP] unprotected variable x_val while calling allocating function Rf_lang3(S:[[,?,?) purrrlyr/src/map.c:106
  [UP] unprotected variable x_val while calling allocating function Rf_lang4(?,?,?,S:...) purrrlyr/src/map.c:107
  [UP] unprotected variable x_val while calling allocating function call_loop purrrlyr/src/map.c:109
  [UP] calling allocating function copy_names with a fresh pointer (x_val <arg 1>) purrrlyr/src/map.c:110
  [UP] calling allocating function copy_names(V,?) with a fresh pointer (x_val <arg 1>) purrrlyr/src/map.c:110

Function pmap_impl
  [UP] unprotected variable l_val while calling allocating function Rf_asChar purrrlyr/src/map.c:120
  [UP] unprotected variable l_val while calling allocating function Rf_asChar purrrlyr/src/map.c:157
  [UP] unprotected variable l_val while calling allocating function Rf_install purrrlyr/src/map.c:158
  [UP] unprotected variable l_val while calling allocating function Rf_install purrrlyr/src/map.c:159
  [UP] unprotected variable l_val while calling allocating function Rf_ScalarInteger purrrlyr/src/map.c:160
  [UP] unprotected variable l_val while calling allocating function Rf_lang1(S:...) purrrlyr/src/map.c:167
  [UP] unprotected variable l_val while calling allocating function Rf_ScalarInteger purrrlyr/src/map.c:175
  [UP] unprotected variable l_val while calling allocating function Rf_install purrrlyr/src/map.c:176
  [UP] unprotected variable l_val while calling allocating function Rf_lang3(S:c,V,?) purrrlyr/src/map.c:176
  [UP] unprotected variable l_val while calling allocating function Rf_lang3(S:[[,?,?) purrrlyr/src/map.c:177
  [UP] unprotected variable l_val while calling allocating function Rf_lcons purrrlyr/src/map.c:179
  [UP] unprotected variable l_val while calling allocating function Rf_install purrrlyr/src/map.c:181
  [UP] unprotected variable l_val while calling allocating function Rf_lcons purrrlyr/src/map.c:186
  [UP] unprotected variable l_val while calling allocating function call_loop purrrlyr/src/map.c:188
