Package rbamtools version 2.16.6
Package built using 73252/R 3.5.0; x86_64-pc-linux-gnu; 2017-09-14 05:54:29 UTC; unix   
Checked with rchk version b118bbcfd496724b04ea20eaa5e1eeeb8635c2dd

Suspicious call (two or more unprotected arguments) to R_do_slot_assign at bam_count_segment_aligns rbamtools/src/rbamtools.cpp:4625
Suspicious call (two or more unprotected arguments) to R_do_slot_assign at bam_count_segment_melt_down rbamtools/src/rbamtools.cpp:4702
Suspicious call (two or more unprotected arguments) to R_do_slot_assign at bam_count_segment_melt_down rbamtools/src/rbamtools.cpp:4703
Suspicious call (two or more unprotected arguments) to R_do_slot_assign at bam_count_segment_melt_down rbamtools/src/rbamtools.cpp:4704
Suspicious call (two or more unprotected arguments) to R_do_slot_assign at bam_count_segment_melt_down rbamtools/src/rbamtools.cpp:4705

Function atmptr<int>::atmptr(unsigned int)
  [PB] has possible protection stack imbalance rbamtools/src/./extptr.h:133

Function bam_count_segment_aligns
  [UP] unprotected variable pSeqCount while calling allocating function R_alloc rbamtools/src/rbamtools.cpp:4623
  [UP] unprotected variable pSeqCount while calling allocating function Rf_allocVector rbamtools/src/rbamtools.cpp:4628
  [UP] unprotected variable pSeqCount while calling allocating function Rf_allocVector rbamtools/src/rbamtools.cpp:4634

Function bam_count_segment_melt_down
  [UP] unprotected variable pInPosition while calling allocating function R_do_slot(?,S:count) rbamtools/src/rbamtools.cpp:4656
  [UP] unprotected variable pInPosition while calling allocating function Rf_install rbamtools/src/rbamtools.cpp:4656

Function bam_range_get_align_depth
  [UP] unprotected variable alignDepth while calling allocating function Rf_mkString rbamtools/src/rbamtools.cpp:2884
  [UP] unprotected variable alignDepth while calling allocating function Rf_allocVector rbamtools/src/rbamtools.cpp:2888
  [UP] unprotected variable alignDepth while calling allocating function Rf_allocVector rbamtools/src/rbamtools.cpp:2904
  [UP] unprotected variable alignDepth while calling allocating function Rf_mkChar rbamtools/src/rbamtools.cpp:2907
  [UP] unprotected variable alignDepth while calling allocating function Rf_mkChar rbamtools/src/rbamtools.cpp:2908
  [UP] unprotected variable alignDepth while calling allocating function Rf_mkChar rbamtools/src/rbamtools.cpp:2909
  [UP] unprotected variable alignDepth while calling allocating function Rf_mkChar rbamtools/src/rbamtools.cpp:2910
  [UP] unprotected variable alignDepth while calling allocating function Rf_mkChar rbamtools/src/rbamtools.cpp:2911
  [UP] unprotected variable alignDepth while calling allocating function Rf_mkChar rbamtools/src/rbamtools.cpp:2912
  [UP] unprotected variable alignDepth while calling allocating function Rf_mkChar rbamtools/src/rbamtools.cpp:2913
  [UP] unprotected variable alignDepth while calling allocating function Rf_mkChar rbamtools/src/rbamtools.cpp:2914
  [UP] unprotected variable alignDepth while calling allocating function Rf_setAttrib(V,S:names,V) rbamtools/src/rbamtools.cpp:2915
  [UP] unprotected variable alignDepth while calling allocating function Rf_mkString rbamtools/src/rbamtools.cpp:2917
  [UP] unprotected variable alignDepth while calling allocating function Rf_allocVector rbamtools/src/rbamtools.cpp:2921
  [UP] unprotected variable alignDepth while calling allocating function Rf_mkChar rbamtools/src/rbamtools.cpp:2924
  [UP] unprotected variable alignDepth while calling allocating function Rf_mkChar rbamtools/src/rbamtools.cpp:2926
  [UP] unprotected variable alignDepth while calling allocating function Rf_allocVector rbamtools/src/rbamtools.cpp:2928
  [UP] unprotected variable alignDepth while calling allocating function Rf_mkChar rbamtools/src/rbamtools.cpp:2930

Function data_frame::addIntColumn(char const*)
  [PB] has possible protection stack imbalance rbamtools/src/./data_frame.h:64

Function data_frame::data_frame(unsigned int, unsigned int)
  [PB] has possible protection stack imbalance rbamtools/src/./data_frame.h:28

Function gap_site_list_fetch
  [UP] unprotected variable list while calling allocating function Rprintf rbamtools/src/rbamtools.cpp:1054
