Package rgdal version 1.3-1
Package built using 74847/R 3.6.0; x86_64-pc-linux-gnu; 2018-06-05 10:47:56 UTC; unix   
Checked with rchk version b882e37fb462917a8ab94e70394f3a797250b4e1
More information at https://github.com/kalibera/cran-checks/blob/master/rchk/PROTECT.md

Function RGDAL_CloseDataset
  [UP] calling allocating function RGDAL_DeleteHandle with a fresh pointer (sxpHandle <arg 1>) rgdal/src/gdal-bindings.cpp:593

Function RGDAL_CopyDataset
  [UP] calling allocating function R_MakeExternalPtr with argument allocated using Rf_mkChar rgdal/src/gdal-bindings.cpp:783

Function RGDAL_CreateDataset
  [UP] calling allocating function R_MakeExternalPtr with argument allocated using Rf_mkChar rgdal/src/gdal-bindings.cpp:648

Function RGDAL_GetDatasetDriver
  [UP] calling allocating function R_MakeExternalPtr with argument allocated using Rf_mkChar rgdal/src/gdal-bindings.cpp:909

Function RGDAL_GetDriver
  [UP] calling allocating function R_MakeExternalPtr with argument allocated using Rf_mkChar rgdal/src/gdal-bindings.cpp:459

Function RGDAL_GetRasterBand
  [UP] calling allocating function R_MakeExternalPtr with argument allocated using Rf_mkChar rgdal/src/gdal-bindings.cpp:950

Function RGDAL_NullHandle
  [UP] calling allocating function R_MakeExternalPtr(?,V,?) with argument allocated using Rf_mkString rgdal/src/gdal-bindings.cpp:357

Function RGDAL_OpenDataset
  [UP] calling allocating function R_MakeExternalPtr with argument allocated using Rf_mkChar rgdal/src/gdal-bindings.cpp:738

Function RGDAL_Polygon_c
  [UP] calling allocating function R_do_new_object with argument allocated using R_do_MAKE_CLASS sp/include/sp_xports.c:77

Function RGDAL_Polygons_c
  [UP] calling allocating function R_do_new_object with argument allocated using R_do_MAKE_CLASS sp/include/sp_xports.c:237

Function RGDAL_SpatialPolygons_c
  [UP] calling allocating function R_do_new_object with argument allocated using R_do_MAKE_CLASS sp/include/sp_xports.c:324

Function getObjHandle(SEXPREC*)
  [UP] calling allocating function Rf_getAttrib(?,V) with argument allocated using Rf_mkString rgdal/src/gdal-bindings.cpp:68

Function ogrDataFrame
  [UP] calling allocating function Rf_getAttrib(?,V) with argument allocated using Rf_mkString rgdal/src/ogrsource.cpp:780
  [UP] calling allocating function Rf_getAttrib(?,V) with argument allocated using Rf_mkString rgdal/src/ogrsource.cpp:781
  [UP] calling allocating function Rf_getAttrib(?,V) with argument allocated using Rf_mkString rgdal/src/ogrsource.cpp:787
  [UP] calling allocating function Rf_getAttrib(?,V) with argument allocated using Rf_mkString rgdal/src/ogrsource.cpp:789

Function ogrListLayers
  [UP] calling allocating function Rf_getAttrib(?,V) with argument allocated using Rf_mkString rgdal/src/ogrsource.cpp:1121
