Package tidyr version 0.7.2
Package built using 73554/R 3.5.0; x86_64-pc-linux-gnu; 2017-10-17 10:02:44 UTC; unix   
Checked with rchk version 97ceff3509ba01fd98333a063217cf304ce9009c
More information at https://github.com/kalibera/cran-checks/blob/master/rchk/PROTECT.md

Function fillDown(SEXPREC*)
  [UP] unprotected variable out while calling allocating function LOGICAL tidyr/src/fill.cpp:11
  [UP] allocating function LOGICAL may destroy its unprotected argument (out <arg 1>), which is later used. tidyr/src/fill.cpp:12
  [UP] unprotected variable out while calling allocating function INTEGER tidyr/src/fill.cpp:24
  [UP] allocating function INTEGER may destroy its unprotected argument (out <arg 1>), which is later used. tidyr/src/fill.cpp:25
  [UP] unprotected variable out while calling allocating function REAL tidyr/src/fill.cpp:38
  [UP] allocating function REAL may destroy its unprotected argument (out <arg 1>), which is later used. tidyr/src/fill.cpp:39
  [UP] unprotected variable lastVal while calling allocating function STRING_ELT tidyr/src/fill.cpp:55
  [UP] unprotected variable out while calling allocating function STRING_ELT tidyr/src/fill.cpp:55
  [UP] unprotected variable out while calling allocating function STRING_ELT tidyr/src/fill.cpp:56
  [UP] allocating function SET_STRING_ELT may destroy its unprotected argument (lastVal <arg 3>), which is later used. tidyr/src/fill.cpp:57
  [UP] allocating function SET_STRING_ELT may destroy its unprotected argument (out <arg 1>), which is later used. tidyr/src/fill.cpp:57
  [UP] unprotected variable out while calling allocating function VECTOR_ELT tidyr/src/fill.cpp:66
  [UP] unprotected variable out while calling allocating function VECTOR_ELT tidyr/src/fill.cpp:67
  [UP] allocating function SET_VECTOR_ELT may destroy its unprotected argument (out <arg 1>), which is later used. tidyr/src/fill.cpp:68

Function fillUp(SEXPREC*)
  [UP] unprotected variable out while calling allocating function LOGICAL tidyr/src/fill.cpp:89
  [UP] allocating function LOGICAL may destroy its unprotected argument (out <arg 1>), which is later used. tidyr/src/fill.cpp:90
  [UP] unprotected variable out while calling allocating function INTEGER tidyr/src/fill.cpp:102
  [UP] allocating function INTEGER may destroy its unprotected argument (out <arg 1>), which is later used. tidyr/src/fill.cpp:103
  [UP] unprotected variable out while calling allocating function REAL tidyr/src/fill.cpp:116
  [UP] allocating function REAL may destroy its unprotected argument (out <arg 1>), which is later used. tidyr/src/fill.cpp:117
  [UP] unprotected variable lastVal while calling allocating function STRING_ELT tidyr/src/fill.cpp:133
  [UP] unprotected variable out while calling allocating function STRING_ELT tidyr/src/fill.cpp:133
  [UP] unprotected variable out while calling allocating function STRING_ELT tidyr/src/fill.cpp:134
  [UP] allocating function SET_STRING_ELT may destroy its unprotected argument (lastVal <arg 3>), which is later used. tidyr/src/fill.cpp:135
  [UP] allocating function SET_STRING_ELT may destroy its unprotected argument (out <arg 1>), which is later used. tidyr/src/fill.cpp:135
  [UP] unprotected variable out while calling allocating function VECTOR_ELT tidyr/src/fill.cpp:144
  [UP] unprotected variable out while calling allocating function VECTOR_ELT tidyr/src/fill.cpp:145
  [UP] allocating function SET_VECTOR_ELT may destroy its unprotected argument (out <arg 1>), which is later used. tidyr/src/fill.cpp:146
