Package tiff version 0.1-5
Package built using 75443/R 3.6.0; x86_64-pc-linux-gnu; 2018-10-16 09:31:07 UTC; unix   
Checked with rchk version 469bf6658025c101b69dc0a915b0cf1edf4c98f2
More information at https://github.com/kalibera/cran-checks/blob/master/rchk/PROTECT.md

Suspicious call (two or more unprotected arguments) to Rf_setAttrib at read_tiff /var/scratch2/tomas/cran/rchk/pkgbuild/NHBXoMqL/tiff/src/read.c:265

Function read_tiff
  [UP] unprotected variable multi_tail while calling allocating function Rf_allocVector /var/scratch2/tomas/cran/rchk/pkgbuild/NHBXoMqL/tiff/src/read.c:213
  [UP] unprotected variable multi_tail while calling allocating function Rf_allocVector /var/scratch2/tomas/cran/rchk/pkgbuild/NHBXoMqL/tiff/src/read.c:214
  [UP] unprotected variable multi_tail while calling allocating function Rf_allocVector /var/scratch2/tomas/cran/rchk/pkgbuild/NHBXoMqL/tiff/src/read.c:220
  [UP] unprotected variable multi_tail while calling allocating function Rf_allocVector /var/scratch2/tomas/cran/rchk/pkgbuild/NHBXoMqL/tiff/src/read.c:250
  [UP] unprotected variable multi_tail while calling allocating function Rf_setAttrib(V,S:dim,V) /var/scratch2/tomas/cran/rchk/pkgbuild/NHBXoMqL/tiff/src/read.c:255
  [UP] unprotected variable multi_tail while calling allocating function TIFF_add_info(?,V) /var/scratch2/tomas/cran/rchk/pkgbuild/NHBXoMqL/tiff/src/read.c:257
  [UP] unprotected variable multi_tail while calling allocating function Rf_allocVector /var/scratch2/tomas/cran/rchk/pkgbuild/NHBXoMqL/tiff/src/read.c:260
  [UP] unprotected variable multi_tail while calling allocating function Rf_setAttrib(V,S:dim,V) /var/scratch2/tomas/cran/rchk/pkgbuild/NHBXoMqL/tiff/src/read.c:263
  [UP] unprotected variable multi_tail while calling allocating function Rf_mkString /var/scratch2/tomas/cran/rchk/pkgbuild/NHBXoMqL/tiff/src/read.c:264
  [UP] unprotected variable multi_tail while calling allocating function Rf_setAttrib(V,S:class,V) /var/scratch2/tomas/cran/rchk/pkgbuild/NHBXoMqL/tiff/src/read.c:264
  [UP] unprotected variable multi_tail while calling allocating function Rf_ScalarInteger /var/scratch2/tomas/cran/rchk/pkgbuild/NHBXoMqL/tiff/src/read.c:265
  [UP] unprotected variable multi_tail while calling allocating function Rf_install /var/scratch2/tomas/cran/rchk/pkgbuild/NHBXoMqL/tiff/src/read.c:265
  [UP] unprotected variable multi_tail while calling allocating function Rf_setAttrib(V,S:channels,V) /var/scratch2/tomas/cran/rchk/pkgbuild/NHBXoMqL/tiff/src/read.c:265
  [UP] unprotected variable multi_tail while calling allocating function TIFF_add_info(?,V) /var/scratch2/tomas/cran/rchk/pkgbuild/NHBXoMqL/tiff/src/read.c:267
  [UP] unprotected variable multi_tail while calling allocating function Rf_cons(V,?) /var/scratch2/tomas/cran/rchk/pkgbuild/NHBXoMqL/tiff/src/read.c:279
  [UP] unprotected variable multi_tail while calling allocating function Rf_warning /var/scratch2/tomas/cran/rchk/pkgbuild/NHBXoMqL/tiff/src/read.c:294
  [UP] unprotected variable multi_tail while calling allocating function Rf_allocVector /var/scratch2/tomas/cran/rchk/pkgbuild/NHBXoMqL/tiff/src/read.c:297
  [UP] unprotected variable multi_tail while calling allocating function Rf_allocVector /var/scratch2/tomas/cran/rchk/pkgbuild/NHBXoMqL/tiff/src/read.c:457
  [UP] unprotected variable multi_tail while calling allocating function Rf_setAttrib(?,S:dim,V) /var/scratch2/tomas/cran/rchk/pkgbuild/NHBXoMqL/tiff/src/read.c:462
  [UP] unprotected variable multi_tail while calling allocating function Rf_allocMatrix /var/scratch2/tomas/cran/rchk/pkgbuild/NHBXoMqL/tiff/src/read.c:465
  [UP] unprotected variable multi_tail while calling allocating function setAttr /var/scratch2/tomas/cran/rchk/pkgbuild/NHBXoMqL/tiff/src/read.c:472
  [UP] unprotected variable multi_tail while calling allocating function TIFF_add_info /var/scratch2/tomas/cran/rchk/pkgbuild/NHBXoMqL/tiff/src/read.c:475
  [UP] unprotected variable multi_tail while calling allocating function Rf_cons /var/scratch2/tomas/cran/rchk/pkgbuild/NHBXoMqL/tiff/src/read.c:487
