* installing *source* package ‘RNeXML’ ...
** package ‘RNeXML’ successfully unpacked and MD5 sums checked
** R
** data
** demo
** inst
** byte-compile and prepare package for lazy loading
in method for ‘coerce’ with signature ‘"phylo","nexml"’: no definition for class “phylo”
in method for ‘coerce’ with signature ‘"multiPhylo","nexml"’: no definition for class “multiPhylo”
in method for ‘coerce’ with signature ‘"nexml","multiPhyloList"’: no definition for class “multiPhyloList”
in method for ‘coerce’ with signature ‘"nexml","multiPhylo"’: no definition for class “multiPhylo”
in method for ‘coerce’ with signature ‘"nexml","phylo"’: no definition for class “phylo”
in method for ‘coerce’ with signature ‘"phyloS4","phylo"’: no definition for class “phyloS4”
in method for ‘coerce’ with signature ‘"phylo","phyloS4"’: no definition for class “phyloS4”
** help
*** installing help indices
** building package indices
** installing vignettes
** testing if installed package can be loaded
* DONE (RNeXML)
