Mplus VERSION 8.3
MUTHEN & MUTHEN
10/04/2021   8:31 PM

INPUT INSTRUCTIONS

  TITLE: Measurement Invariance Model for BIN_2
  DATA: FILE =
   "C:/Users/colev/Dropbox/aMNLFA_12212017/UMNfix_082021/aMNLFA/inst/extdata/calibration.dat
  VARIABLE:
  NAMES = ID BIN_1 BIN_2 BIN_3 BIN_4 BIN_5 BIN_6 BIN_7 BIN_8 BIN_9 BIN_10 BIN_11
       BIN_12 AGE GENDER STUDY;
  MISSING=.;
  !
  !
  !
  USEVARIABLES= BIN_1 BIN_2 BIN_3 BIN_4 BIN_5 BIN_6 BIN_7 BIN_8 BIN_9 BIN_10 BIN_11 BIN_12
   AGE GENDER STUDY ;
  AUXILIARY= ;
  CATEGORICAL= BIN_1 BIN_2 BIN_3 BIN_4 BIN_5 BIN_6 BIN_7 BIN_8 BIN_9 BIN_10 BIN_11 BIN_12 ;
  !
  CONSTRAINT= AGE GENDER STUDY ;
  ANALYSIS: ESTIMATOR=ML;ALGORITHM=INTEGRATION;INTEGRATION=MONTECARLO;PROCESSORS=4;
  MODEL: [ETA@0]; ETA@1;
  ETA BY BIN_1*(l1);
  ETA BY BIN_2*(l2);
  ETA BY BIN_3*(l3);
  ETA BY BIN_4*(l4);
  ETA BY BIN_5*(l5);
  ETA BY BIN_6*(l6);
  ETA BY BIN_7*(l7);
  ETA BY BIN_8*(l8);
  ETA BY BIN_9*(l9);
  ETA BY BIN_10*(l10);
  ETA BY BIN_11*(l11);
  ETA BY BIN_12*(l12);
  BIN_2 on AGE GENDER STUDY;
  MODEL CONSTRAINT: new(
  l2_00*1
  l2_1*0
  l2_2*0
  l2_3*0
  );
  l2=l2_00
  +l2_1*AGE
  +l2_2*GENDER
  +l2_3*STUDY
  ;
  OUTPUT: tech1;



*** WARNING
  Input line exceeded 90 characters. Some input may be truncated.
   "C:/Users/colev/Dropbox/aMNLFA_12212017/UMNfix_082021/aMNLFA/inst/extdata/calibration.dat"
*** WARNING in DATA command
  Statement not terminated by a semicolon:
  FILE = "C:/Users/colev/Dropbox/aMNLFA_12212017/UMNfix_082021/aMNLFA/inst/extdata/calibration.dat"
   2 WARNING(S) FOUND IN THE INPUT INSTRUCTIONS



Measurement Invariance Model for BIN_2

SUMMARY OF ANALYSIS

Number of groups                                                 1
Number of observations                                         500

Number of dependent variables                                   12
Number of independent variables                                  3
Number of continuous latent variables                            1

Observed dependent variables

  Binary and ordered categorical (ordinal)
   BIN_1       BIN_2       BIN_3       BIN_4       BIN_5       BIN_6
   BIN_7       BIN_8       BIN_9       BIN_10      BIN_11      BIN_12

Observed independent variables
   AGE         GENDER      STUDY

Continuous latent variables
   ETA


Estimator                                                       ML
Information matrix                                        OBSERVED
Optimization Specifications for the Quasi-Newton Algorithm for
Continuous Outcomes
  Maximum number of iterations                                 100
  Convergence criterion                                  0.100D-05
Optimization Specifications for the EM Algorithm
  Maximum number of iterations                                 500
  Convergence criteria
    Loglikelihood change                                 0.100D-02
    Relative loglikelihood change                        0.100D-05
    Derivative                                           0.100D-02
Optimization Specifications for the M step of the EM Algorithm for
Categorical Latent variables
  Number of M step iterations                                    1
  M step convergence criterion                           0.100D-02
  Basis for M step termination                           ITERATION
Optimization Specifications for the M step of the EM Algorithm for
Censored, Binary or Ordered Categorical (Ordinal), Unordered
Categorical (Nominal) and Count Outcomes
  Number of M step iterations                                    1
  M step convergence criterion                           0.100D-02
  Basis for M step termination                           ITERATION
  Maximum value for logit thresholds                            15
  Minimum value for logit thresholds                           -15
  Minimum expected cell size for chi-square              0.100D-01
Maximum number of iterations for H1                           2000
Convergence criterion for H1                             0.100D-03
Optimization algorithm                                         EMA
Integration Specifications
  Type                                                  MONTECARLO
  Number of integration points                                1000
  Dimensions of numerical integration                            1
  Adaptive quadrature                                           ON
  Monte Carlo integration seed                                   0
Link                                                         LOGIT
Cholesky                                                        ON

Input data file(s)
  C:/Users/colev/Dropbox/aMNLFA_12212017/UMNfix_082021/aMNLFA/inst/extdata/calib
Input data format  FREE


SUMMARY OF DATA

     Number of missing data patterns             1
     Number of y missing data patterns           0
     Number of u missing data patterns           1


COVARIANCE COVERAGE OF DATA

Minimum covariance coverage value   0.100


UNIVARIATE PROPORTIONS AND COUNTS FOR CATEGORICAL VARIABLES

    BIN_1
      Category 1    0.634          317.000
      Category 2    0.366          183.000
    BIN_2
      Category 1    0.670          335.000
      Category 2    0.330          165.000
    BIN_3
      Category 1    0.638          319.000
      Category 2    0.362          181.000
    BIN_4
      Category 1    0.738          369.000
      Category 2    0.262          131.000
    BIN_5
      Category 1    0.740          370.000
      Category 2    0.260          130.000
    BIN_6
      Category 1    0.810          405.000
      Category 2    0.190           95.000
    BIN_7
      Category 1    0.588          294.000
      Category 2    0.412          206.000
    BIN_8
      Category 1    0.678          339.000
      Category 2    0.322          161.000
    BIN_9
      Category 1    0.698          349.000
      Category 2    0.302          151.000
    BIN_10
      Category 1    0.726          363.000
      Category 2    0.274          137.000
    BIN_11
      Category 1    0.758          379.000
      Category 2    0.242          121.000
    BIN_12
      Category 1    0.790          395.000
      Category 2    0.210          105.000



UNIVARIATE SAMPLE STATISTICS


     UNIVARIATE HIGHER-ORDER MOMENT DESCRIPTIVE STATISTICS

         Variable/         Mean/     Skewness/   Minimum/ % with                Percentiles
        Sample Size      Variance    Kurtosis    Maximum  Min/Max      20%/60%    40%/80%    Median

     AGE                  -0.302       0.223      -4.000    0.60%      -2.000     -1.000      0.000
             500.000       2.183      -0.195       4.000    0.60%       0.000      1.000
     GENDER                0.024      -0.048      -1.000   48.80%      -1.000     -1.000      1.000
             500.000       0.999      -1.998       1.000   51.20%       1.000      1.000
     STUDY                 0.000       0.000      -1.000   50.00%      -1.000     -1.000      0.000
             500.000       1.000      -2.000       1.000   50.00%       1.000      1.000


THE MODEL ESTIMATION TERMINATED NORMALLY



MODEL FIT INFORMATION

Number of Free Parameters                       30

Loglikelihood

          H0 Value                       -2976.567

Information Criteria

          Akaike (AIC)                    6013.134
          Bayesian (BIC)                  6139.572
          Sample-Size Adjusted BIC        6044.350
            (n* = (n + 2) / 24)



MODEL RESULTS

                                                    Two-Tailed
                    Estimate       S.E.  Est./S.E.    P-Value

 ETA      BY
    BIN_1              1.009      0.145      6.974      0.000
    BIN_2            999.000      0.000    999.000    999.000
    BIN_3              1.086      0.150      7.246      0.000
    BIN_4              2.290      0.291      7.872      0.000
    BIN_5              1.803      0.226      7.994      0.000
    BIN_6              2.499      0.340      7.351      0.000
    BIN_7              0.880      0.134      6.558      0.000
    BIN_8              1.383      0.176      7.838      0.000
    BIN_9              1.620      0.201      8.046      0.000
    BIN_10             1.923      0.239      8.040      0.000
    BIN_11             2.345      0.300      7.824      0.000
    BIN_12             2.784      0.382      7.298      0.000

 BIN_2      ON
    AGE                0.318      0.131      2.416      0.016
    GENDER            -0.979      0.178     -5.497      0.000
    STUDY              0.994      0.203      4.906      0.000

 Means
    ETA                0.000      0.000    999.000    999.000

 Thresholds
    BIN_1$1            0.664      0.115      5.766      0.000
    BIN_2$1            1.011      0.171      5.903      0.000
    BIN_3$1            0.701      0.119      5.908      0.000
    BIN_4$1            1.847      0.227      8.122      0.000
    BIN_5$1            1.610      0.185      8.693      0.000
    BIN_6$1            2.696      0.311      8.674      0.000
    BIN_7$1            0.414      0.107      3.867      0.000
    BIN_8$1            1.011      0.139      7.278      0.000
    BIN_9$1            1.225      0.157      7.778      0.000
    BIN_10$1           1.560      0.189      8.262      0.000
    BIN_11$1           2.061      0.245      8.417      0.000
    BIN_12$1           2.679      0.330      8.125      0.000

 Variances
    ETA                1.000      0.000    999.000    999.000

New/Additional Parameters
    L2_00              1.589      0.239      6.660      0.000
    L2_1              -0.238      0.166     -1.436      0.151
    L2_2              -0.118      0.241     -0.487      0.626
    L2_3              -0.023      0.291     -0.079      0.937


LOGISTIC REGRESSION ODDS RATIO RESULTS

                                         (Est. - 1) Two-Tailed
                    Estimate       S.E.     / S.E.    P-Value

 BIN_2      ON
    AGE                1.374      0.181      2.070      0.038
    GENDER             0.376      0.067     -9.329      0.000
    STUDY              2.703      0.548      3.108      0.002


QUALITY OF NUMERICAL RESULTS

     Condition Number for the Information Matrix              0.415E-02
       (ratio of smallest to largest eigenvalue)


TECHNICAL 1 OUTPUT


     PARAMETER SPECIFICATION


           TAU
              BIN_1$1       BIN_2$1       BIN_3$1       BIN_4$1       BIN_5$1
              ________      ________      ________      ________      ________
                   16            17            18            19            20


           TAU
              BIN_6$1       BIN_7$1       BIN_8$1       BIN_9$1       BIN_10$1
              ________      ________      ________      ________      ________
                   21            22            23            24            25


           TAU
              BIN_11$1      BIN_12$1
              ________      ________
                   26            27


           NU
              BIN_1         BIN_2         BIN_3         BIN_4         BIN_5
              ________      ________      ________      ________      ________
                    0             0             0             0             0


           NU
              BIN_6         BIN_7         BIN_8         BIN_9         BIN_10
              ________      ________      ________      ________      ________
                    0             0             0             0             0


           NU
              BIN_11        BIN_12        AGE           GENDER        STUDY
              ________      ________      ________      ________      ________
                    0             0             0             0             0


           LAMBDA
              ETA           BIN_2         AGE           GENDER        STUDY
              ________      ________      ________      ________      ________
 BIN_1              1             0             0             0             0
 BIN_2              0             0             0             0             0
 BIN_3              2             0             0             0             0
 BIN_4              3             0             0             0             0
 BIN_5              4             0             0             0             0
 BIN_6              5             0             0             0             0
 BIN_7              6             0             0             0             0
 BIN_8              7             0             0             0             0
 BIN_9              8             0             0             0             0
 BIN_10             9             0             0             0             0
 BIN_11            10             0             0             0             0
 BIN_12            11             0             0             0             0
 AGE                0             0             0             0             0
 GENDER             0             0             0             0             0
 STUDY              0             0             0             0             0


           THETA
              BIN_1         BIN_2         BIN_3         BIN_4         BIN_5
              ________      ________      ________      ________      ________
 BIN_1              0
 BIN_2              0             0
 BIN_3              0             0             0
 BIN_4              0             0             0             0
 BIN_5              0             0             0             0             0
 BIN_6              0             0             0             0             0
 BIN_7              0             0             0             0             0
 BIN_8              0             0             0             0             0
 BIN_9              0             0             0             0             0
 BIN_10             0             0             0             0             0
 BIN_11             0             0             0             0             0
 BIN_12             0             0             0             0             0
 AGE                0             0             0             0             0
 GENDER             0             0             0             0             0
 STUDY              0             0             0             0             0


           THETA
              BIN_6         BIN_7         BIN_8         BIN_9         BIN_10
              ________      ________      ________      ________      ________
 BIN_6              0
 BIN_7              0             0
 BIN_8              0             0             0
 BIN_9              0             0             0             0
 BIN_10             0             0             0             0             0
 BIN_11             0             0             0             0             0
 BIN_12             0             0             0             0             0
 AGE                0             0             0             0             0
 GENDER             0             0             0             0             0
 STUDY              0             0             0             0             0


           THETA
              BIN_11        BIN_12        AGE           GENDER        STUDY
              ________      ________      ________      ________      ________
 BIN_11             0
 BIN_12             0             0
 AGE                0             0             0
 GENDER             0             0             0             0
 STUDY              0             0             0             0             0


           ALPHA
              ETA           BIN_2         AGE           GENDER        STUDY
              ________      ________      ________      ________      ________
                    0             0             0             0             0


           BETA
              ETA           BIN_2         AGE           GENDER        STUDY
              ________      ________      ________      ________      ________
 ETA                0             0             0             0             0
 BIN_2             12             0            13            14            15
 AGE                0             0             0             0             0
 GENDER             0             0             0             0             0
 STUDY              0             0             0             0             0


           PSI
              ETA           BIN_2         AGE           GENDER        STUDY
              ________      ________      ________      ________      ________
 ETA                0
 BIN_2              0             0
 AGE                0             0             0
 GENDER             0             0             0             0
 STUDY              0             0             0             0             0


     PARAMETER SPECIFICATION FOR THE ADDITIONAL PARAMETERS


           NEW/ADDITIONAL PARAMETERS
              L2_00         L2_1          L2_2          L2_3
              ________      ________      ________      ________
                   28            29            30            31


     STARTING VALUES


           TAU
              BIN_1$1       BIN_2$1       BIN_3$1       BIN_4$1       BIN_5$1
              ________      ________      ________      ________      ________
                0.549         0.708         0.567         1.036         1.046


           TAU
              BIN_6$1       BIN_7$1       BIN_8$1       BIN_9$1       BIN_10$1
              ________      ________      ________      ________      ________
                1.450         0.356         0.745         0.838         0.974


           TAU
              BIN_11$1      BIN_12$1
              ________      ________
                1.142         1.325


           NU
              BIN_1         BIN_2         BIN_3         BIN_4         BIN_5
              ________      ________      ________      ________      ________
                0.000         0.000         0.000         0.000         0.000


           NU
              BIN_6         BIN_7         BIN_8         BIN_9         BIN_10
              ________      ________      ________      ________      ________
                0.000         0.000         0.000         0.000         0.000


           NU
              BIN_11        BIN_12        AGE           GENDER        STUDY
              ________      ________      ________      ________      ________
                0.000         0.000         0.000         0.000         0.000


           LAMBDA
              ETA           BIN_2         AGE           GENDER        STUDY
              ________      ________      ________      ________      ________
 BIN_1          1.000         0.000         0.000         0.000         0.000
 BIN_2          0.000         1.000         0.000         0.000         0.000
 BIN_3          1.000         0.000         0.000         0.000         0.000
 BIN_4          1.000         0.000         0.000         0.000         0.000
 BIN_5          1.000         0.000         0.000         0.000         0.000
 BIN_6          1.000         0.000         0.000         0.000         0.000
 BIN_7          1.000         0.000         0.000         0.000         0.000
 BIN_8          1.000         0.000         0.000         0.000         0.000
 BIN_9          1.000         0.000         0.000         0.000         0.000
 BIN_10         1.000         0.000         0.000         0.000         0.000
 BIN_11         1.000         0.000         0.000         0.000         0.000
 BIN_12         1.000         0.000         0.000         0.000         0.000
 AGE            0.000         0.000         1.000         0.000         0.000
 GENDER         0.000         0.000         0.000         1.000         0.000
 STUDY          0.000         0.000         0.000         0.000         1.000


           THETA
              BIN_1         BIN_2         BIN_3         BIN_4         BIN_5
              ________      ________      ________      ________      ________
 BIN_1          1.000
 BIN_2          0.000         0.000
 BIN_3          0.000         0.000         1.000
 BIN_4          0.000         0.000         0.000         1.000
 BIN_5          0.000         0.000         0.000         0.000         1.000
 BIN_6          0.000         0.000         0.000         0.000         0.000
 BIN_7          0.000         0.000         0.000         0.000         0.000
 BIN_8          0.000         0.000         0.000         0.000         0.000
 BIN_9          0.000         0.000         0.000         0.000         0.000
 BIN_10         0.000         0.000         0.000         0.000         0.000
 BIN_11         0.000         0.000         0.000         0.000         0.000
 BIN_12         0.000         0.000         0.000         0.000         0.000
 AGE            0.000         0.000         0.000         0.000         0.000
 GENDER         0.000         0.000         0.000         0.000         0.000
 STUDY          0.000         0.000         0.000         0.000         0.000


           THETA
              BIN_6         BIN_7         BIN_8         BIN_9         BIN_10
              ________      ________      ________      ________      ________
 BIN_6          1.000
 BIN_7          0.000         1.000
 BIN_8          0.000         0.000         1.000
 BIN_9          0.000         0.000         0.000         1.000
 BIN_10         0.000         0.000         0.000         0.000         1.000
 BIN_11         0.000         0.000         0.000         0.000         0.000
 BIN_12         0.000         0.000         0.000         0.000         0.000
 AGE            0.000         0.000         0.000         0.000         0.000
 GENDER         0.000         0.000         0.000         0.000         0.000
 STUDY          0.000         0.000         0.000         0.000         0.000


           THETA
              BIN_11        BIN_12        AGE           GENDER        STUDY
              ________      ________      ________      ________      ________
 BIN_11         1.000
 BIN_12         0.000         1.000
 AGE            0.000         0.000         0.000
 GENDER         0.000         0.000         0.000         0.000
 STUDY          0.000         0.000         0.000         0.000         0.000


           ALPHA
              ETA           BIN_2         AGE           GENDER        STUDY
              ________      ________      ________      ________      ________
                0.000         0.000         0.000         0.000         0.000


           BETA
              ETA           BIN_2         AGE           GENDER        STUDY
              ________      ________      ________      ________      ________
 ETA            0.000         0.000         0.000         0.000         0.000
 BIN_2          1.000         0.000         0.000         0.000         0.000
 AGE            0.000         0.000         0.000         0.000         0.000
 GENDER         0.000         0.000         0.000         0.000         0.000
 STUDY          0.000         0.000         0.000         0.000         0.000


           PSI
              ETA           BIN_2         AGE           GENDER        STUDY
              ________      ________      ________      ________      ________
 ETA            1.000
 BIN_2          0.000         1.000
 AGE            0.000         0.000         1.091
 GENDER         0.000         0.000         0.000         0.500
 STUDY          0.000         0.000         0.000         0.000         0.500


     STARTING VALUES FOR THE ADDITIONAL PARAMETERS


           NEW/ADDITIONAL PARAMETERS
              L2_00         L2_1          L2_2          L2_3
              ________      ________      ________      ________
                1.000         0.000         0.000         0.000


     Beginning Time:  20:31:41
        Ending Time:  20:32:22
       Elapsed Time:  00:00:41



MUTHEN & MUTHEN
3463 Stoner Ave.
Los Angeles, CA  90066

Tel: (310) 391-9971
Fax: (310) 391-8971
Web: www.StatModel.com
Support: Support@StatModel.com

Copyright (c) 1998-2019 Muthen & Muthen
