* using log directory ‘/home/tomas/cran/rcnst/check/flexclust.Rcheck’
* using R Under development (unstable) (2017-08-14 r73093)
* using platform: x86_64-pc-linux-gnu (64-bit)
* using session charset: UTF-8
* checking for file ‘flexclust/DESCRIPTION’ ... OK
* this is package ‘flexclust’ version ‘1.3-4’
* checking package namespace information ... OK
* checking package dependencies ... OK
* checking if this is a source package ... OK
* checking if there is a namespace ... OK
* checking for executable files ... OK
* checking for hidden files and directories ... OK
* checking for portable file names ... OK
* checking for sufficient/correct file permissions ... OK
* checking whether package ‘flexclust’ can be installed ... OK
* checking package directory ... OK
* checking DESCRIPTION meta-information ... OK
* checking top-level files ... OK
* checking for left-over files ... OK
* checking index information ... OK
* checking package subdirectories ... OK
* checking R files for non-ASCII characters ... OK
* checking R files for syntax errors ... OK
* checking whether the package can be loaded ... OK
* checking whether the package can be loaded with stated dependencies ... OK
* checking whether the package can be unloaded cleanly ... OK
* checking whether the namespace can be loaded with stated dependencies ... OK
* checking whether the namespace can be unloaded cleanly ... OK
* checking loading without being on the library search path ... OK
* checking dependencies in R code ... NOTE
'library' or 'require' call to ‘clue’ in package code.
  Please use :: or requireNamespace() instead.
  See section 'Suggested packages' in the 'Writing R Extensions' manual.
There are ::: calls to the package's namespace in its code. A package
  almost never needs to use ::: for its own objects:
  ‘getData’ ‘newKccaObject’
* checking S3 generic/method consistency ... OK
* checking replacement functions ... OK
* checking foreign function calls ... OK
* checking R code for possible problems ... NOTE
as.kcca.hclust: no visible global function definition for ‘cutree’
bootFlexclust: no visible global function definition for ‘runif’
boxOverlap: no visible binding for global variable ‘quantile’
cclust: no visible global function definition for ‘complete.cases’
centMedian: no visible binding for global variable ‘median’
centOptim: no visible global function definition for ‘optim’
centOptim01: no visible global function definition for ‘optim’
clusterEllipses: no visible global function definition for ‘cov’
clusterHulls: no visible global function definition for
  ‘complete.cases’
clusterHulls: no visible global function definition for ‘median’
clusterHulls: no visible global function definition for ‘chull’
distCor: no visible global function definition for ‘cor’
getDifferentCluster: no visible global function definition for
  ‘solve_LSAP’
kcca: no visible global function definition for ‘complete.cases’
kccaFamily : <anonymous>: no visible binding for global variable
  ‘median’
kruskalTest: no visible global function definition for ‘kruskal.test’
kruskalTest: no visible global function definition for ‘p.adjust’
medianInside: no visible binding for global variable ‘median’
medianInside: no visible binding for global variable ‘quantile’
panelShadow: no visible global function definition for ‘hcl’
panelShadow: no visible global function definition for ‘approx’
panelShadowBP: no visible global function definition for ‘quantile’
panelShadowViolin: no visible global function definition for ‘density’
perturbClusters: no visible global function definition for ‘runif’
priceFeature : circle: no visible global function definition for
  ‘runif’
priceFeature : square: no visible global function definition for
  ‘runif’
propBarchart: no visible global function definition for ‘aggregate’
propBarchart: no visible global function definition for ‘p.adjust’
randomTourMatrix: no visible global function definition for ‘rnorm’
randomTourRennes: no visible global function definition for ‘rnorm’
shadowStars: no visible global function definition for ‘dist’
stepFlexclust : bestKcca: no visible global function definition for
  ‘runif’
stripes: no visible global function definition for ‘grey’
placeLabels,projAxes: no visible global function definition for ‘tail’
Undefined global functions or variables:
  aggregate approx chull complete.cases cor cov cutree density dist
  grey hcl kruskal.test median optim p.adjust quantile rnorm runif
  solve_LSAP tail
Consider adding
  importFrom("grDevices", "chull", "grey", "hcl")
  importFrom("stats", "aggregate", "approx", "complete.cases", "cor",
             "cov", "cutree", "density", "dist", "kruskal.test",
             "median", "optim", "p.adjust", "quantile", "rnorm", "runif")
  importFrom("utils", "tail")
to your NAMESPACE file.
* checking Rd files ... OK
* checking Rd metadata ... OK
* checking Rd cross-references ... OK
* checking for missing documentation entries ... OK
* checking for code/documentation mismatches ... OK
* checking Rd \usage sections ... OK
* checking Rd contents ... OK
* checking for unstated dependencies in examples ... OK
* checking contents of ‘data’ directory ... OK
* checking data for non-ASCII characters ... OK
* checking data for ASCII and uncompressed saves ... OK
* checking line endings in C/C++/Fortran sources/headers ... OK
* checking compiled code ... NOTE
Note: information on .o files is not available
* checking examples ... OK
* checking for unstated dependencies in ‘tests’ ... OK
* checking tests ... ERROR
  Running ‘boot.R’
  Running ‘disttests.R’
Running the tests in ‘tests/disttests.R’ failed.
Last 13 lines of output:
  > rownames(x) <- 1:nrow(x)
  > 
  > ## test canberra at margin
  > x[1:10,1] <- 0
  > x[1:20,2] <- 0
  > x[1:30,3] <- 0
  > 
  > stopifnot(all.equal(dist2(x,x,"eucl"), as.matrix(dist(x, "eucl"))))
  > stopifnot(all.equal(dist2(x,x,"man"), as.matrix(dist(x, "man"))))
  > stopifnot(all.equal(dist2(x,x,"max"), as.matrix(dist(x, "max"))))
  > stopifnot(all.equal(dist2(x,x,"bin"), as.matrix(dist(x, "bin"))))
  > stopifnot(all.equal(dist2(x,x,"can"), as.matrix(dist(x, "can"))))
  Error: dist2(x, x, "can") and as.matrix(dist(x, "can")) are not equal:
    Mean relative difference: 0.9823613
  Execution halted
* checking PDF version of manual ... OK
* DONE
Status: 1 ERROR, 3 NOTEs
