Hmm ... looks like a package

This is pdfTeX, Version 3.14159265-2.6-1.40.17 (TeX Live 2016/Debian) (preloaded format=pdflatex)
 restricted \write18 enabled.
entering extended mode
LaTeX2e <2017/01/01> patch level 3
Babel <3.9r> and hyphenation patterns for 83 language(s) loaded.
(./Rd2.tex
(/usr/share/texlive/texmf-dist/tex/latex/base/book.cls
Document Class: book 2014/09/29 v1.4h Standard LaTeX document class
(/usr/share/texlive/texmf-dist/tex/latex/base/bk10.clo))
(/home/tomas/cran/rcnst/build/share/texmf/tex/latex/Rd.sty
(/usr/share/texlive/texmf-dist/tex/latex/base/ifthen.sty)
(/usr/share/texlive/texmf-dist/tex/latex/tools/longtable.sty)
(/usr/share/texlive/texmf-dist/tex/latex/tools/bm.sty)
(/usr/share/texlive/texmf-dist/tex/latex/base/alltt.sty)
(/usr/share/texlive/texmf-dist/tex/latex/tools/verbatim.sty)
(/usr/share/texlive/texmf-dist/tex/latex/url/url.sty)
(/usr/share/texlive/texmf-dist/tex/latex/base/textcomp.sty
(/usr/share/texlive/texmf-dist/tex/latex/base/ts1enc.def))
(/usr/share/texlive/texmf-dist/tex/latex/base/fontenc.sty
(/usr/share/texlive/texmf-dist/tex/latex/base/t1enc.def))
(/usr/share/texlive/texmf-dist/tex/latex/psnfss/times.sty)
(/usr/share/texlive/texmf-dist/tex/latex/inconsolata/zi4.sty
`inconsolata-zi4' v1.112, 2017/01/04 Text macros for Inconsolata (msharpe)
(/usr/share/texlive/texmf-dist/tex/latex/xkeyval/xkeyval.sty
(/usr/share/texlive/texmf-dist/tex/generic/xkeyval/xkeyval.tex
(/usr/share/texlive/texmf-dist/tex/generic/xkeyval/xkvutils.tex
(/usr/share/texlive/texmf-dist/tex/generic/xkeyval/keyval.tex)))))
(/usr/share/texlive/texmf-dist/tex/latex/graphics/color.sty
(/usr/share/texlive/texmf-dist/tex/latex/graphics-cfg/color.cfg)
(/usr/share/texlive/texmf-dist/tex/latex/graphics-def/pdftex.def
(/usr/share/texlive/texmf-dist/tex/generic/oberdiek/infwarerr.sty)
(/usr/share/texlive/texmf-dist/tex/generic/oberdiek/ltxcmds.sty)))
(/usr/share/texlive/texmf-dist/tex/latex/hyperref/hyperref.sty
(/usr/share/texlive/texmf-dist/tex/generic/oberdiek/hobsub-hyperref.sty
(/usr/share/texlive/texmf-dist/tex/generic/oberdiek/hobsub-generic.sty))
(/usr/share/texlive/texmf-dist/tex/generic/ifxetex/ifxetex.sty)
(/usr/share/texlive/texmf-dist/tex/latex/oberdiek/auxhook.sty)
(/usr/share/texlive/texmf-dist/tex/latex/oberdiek/kvoptions.sty)
(/usr/share/texlive/texmf-dist/tex/latex/hyperref/pd1enc.def)
(/usr/share/texlive/texmf-dist/tex/latex/latexconfig/hyperref.cfg))

Package hyperref Message: Driver (autodetected): hpdftex.

(/usr/share/texlive/texmf-dist/tex/latex/hyperref/hpdftex.def
(/usr/share/texlive/texmf-dist/tex/latex/oberdiek/rerunfilecheck.sty))

Package hyperref Warning: Option `hyperindex' has already been used,
(hyperref)                setting the option has no effect on input line 366.


Package hyperref Warning: Option `pagebackref' has already been used,
(hyperref)                setting the option has no effect on input line 366.

) (/usr/share/texlive/texmf-dist/tex/latex/base/makeidx.sty)
(/usr/share/texlive/texmf-dist/tex/latex/base/inputenc.sty
(/usr/share/texlive/texmf-dist/tex/latex/base/utf8.def
(/usr/share/texlive/texmf-dist/tex/latex/base/t1enc.dfu)
(/usr/share/texlive/texmf-dist/tex/latex/base/ot1enc.dfu)
(/usr/share/texlive/texmf-dist/tex/latex/base/omsenc.dfu)
(/usr/share/texlive/texmf-dist/tex/latex/base/ts1enc.dfu))
(/usr/share/texlive/texmf-dist/tex/latex/base/latin1.def))
Writing index file Rd2.idx
No file Rd2.aux.
(/usr/share/texlive/texmf-dist/tex/latex/base/ts1cmr.fd)
(/usr/share/texlive/texmf-dist/tex/latex/psnfss/t1ptm.fd)
(/usr/share/texlive/texmf-dist/tex/context/base/mkii/supp-pdf.mkii
[Loading MPS to PDF converter (version 2006.09.02).]
) (/usr/share/texlive/texmf-dist/tex/latex/hyperref/nameref.sty
(/usr/share/texlive/texmf-dist/tex/generic/oberdiek/gettitlestring.sty))
(/usr/share/texlive/texmf-dist/tex/latex/inconsolata/t1zi4.fd)
(/usr/share/texlive/texmf-dist/tex/latex/psnfss/t1phv.fd)
(/usr/share/texlive/texmf-dist/tex/latex/base/utf8.def) [1{/var/lib/texmf/fonts
/map/pdftex/updmap/pdftex.map}]
(/usr/share/texlive/texmf-dist/tex/latex/base/utf8.def) [2] [3]
(/usr/share/texlive/texmf-dist/tex/latex/base/utf8.def)
(/usr/share/texlive/texmf-dist/tex/latex/inconsolata/ts1zi4.fd) [4] [5]
(/usr/share/texlive/texmf-dist/tex/latex/base/utf8.def) [6]
(/usr/share/texlive/texmf-dist/tex/latex/base/utf8.def)
Overfull \hbox (87.0979pt too wide) in paragraph at lines 389--394
[]\T1/ptm/m/n/10 Availability of \T1/ptm/b/n/10 mul-ti-core \T1/ptm/m/n/10 is c
hecked when \T1/ptm/b/n/10 flex-clust \T1/ptm/m/n/10 is loaded and stored in \T
1/zi4/m/n/10 getOption("flexclust")$have_multicore\T1/ptm/m/n/10 .
[7] (/usr/share/texlive/texmf-dist/tex/latex/base/utf8.def) [8] [9]
(/usr/share/texlive/texmf-dist/tex/latex/base/utf8.def) [10]
(/usr/share/texlive/texmf-dist/tex/latex/base/utf8.def)
Overfull \hbox (1.69882pt too wide) in paragraph at lines 629--631
[]\T1/ptm/m/n/10 Distance mea-sure, one of \T1/zi4/m/n/10 "euclidean" \T1/ptm/m
/n/10 (mean square dis-tance) or \T1/zi4/m/n/10 "manhattan "
[11] [12] (/usr/share/texlive/texmf-dist/tex/latex/base/utf8.def) [13]
Overfull \hbox (39.07915pt too wide) in paragraph at lines 744--747
\T1/ptm/m/n/10 ated with \T1/zi4/m/n/10 save.data=TRUE\T1/ptm/m/n/10 , then the
se are used by de-fault. Ig-nored if \T1/zi4/m/n/10 method="centers"\T1/ptm/m/n
/10 . 

Overfull \hbox (11.8783pt too wide) in paragraph at lines 750--752
[]\T1/ptm/m/n/10 Compute sym-met-ric or asym-met-ric shadow val-ues? Ig-nored i
f \T1/zi4/m/n/10 method="centers"\T1/ptm/m/n/10 . 
(/usr/share/texlive/texmf-dist/tex/latex/base/utf8.def) [14] [15]
(/usr/share/texlive/texmf-dist/tex/latex/base/utf8.def) [16]
(/usr/share/texlive/texmf-dist/tex/latex/base/utf8.def) [17]
(/usr/share/texlive/texmf-dist/tex/latex/base/utf8.def) [18]
(/usr/share/texlive/texmf-dist/tex/latex/base/utf8.def)
Overfull \hbox (80.4769pt too wide) in paragraph at lines 1104--1107
[]\T1/ptm/m/n/10 Vector of length 2 with pa-ram-e-ters for ex-po-nen-tial learn
-ing rate of form $\OML/cmm/m/it/10 par\OT1/cmr/m/n/10 1 \OMS/cmsy/m/n/10 ^^C \
OT1/cmr/m/n/10 (\OML/cmm/m/it/10 par\OT1/cmr/m/n/10 2\OML/cmm/m/it/10 =par\OT1/
cmr/m/n/10 1)[]\OML/cmm/m/it/10 iter=iter:max\OT1/cmr/m/n/10 )$\T1/ptm/m/n/10 .
 
[19] (/usr/share/texlive/texmf-dist/tex/latex/base/utf8.def) [20]
(/usr/share/texlive/texmf-dist/tex/latex/base/utf8.def) [21]
(/usr/share/texlive/texmf-dist/tex/latex/base/utf8.def) [22] [23]
(/usr/share/texlive/texmf-dist/tex/latex/base/utf8.def) [24] [25] [26]
(/usr/share/texlive/texmf-dist/tex/latex/base/utf8.def)
(/usr/share/texlive/texmf-dist/tex/latex/base/utf8.def) [27]
(/usr/share/texlive/texmf-dist/tex/latex/base/utf8.def)
(/usr/share/texlive/texmf-dist/tex/latex/base/utf8.def) [28]
(/usr/share/texlive/texmf-dist/tex/latex/base/utf8.def) [29]
(/usr/share/texlive/texmf-dist/tex/latex/base/utf8.def)
(/usr/share/texlive/texmf-dist/tex/latex/base/utf8.def) [30] [31]
(/usr/share/texlive/texmf-dist/tex/latex/base/utf8.def)
(/usr/share/texlive/texmf-dist/tex/latex/base/utf8.def) [32]
(/usr/share/texlive/texmf-dist/tex/latex/base/utf8.def) [33] [34]
(/usr/share/texlive/texmf-dist/tex/latex/base/utf8.def) [35] [36]
(/usr/share/texlive/texmf-dist/tex/latex/base/utf8.def) [37]
(/usr/share/texlive/texmf-dist/tex/latex/base/utf8.def) [38] [39] [40]
(/usr/share/texlive/texmf-dist/tex/latex/base/utf8.def) [41]
(/usr/share/texlive/texmf-dist/tex/latex/base/utf8.def) [42]
(/usr/share/texlive/texmf-dist/tex/latex/base/utf8.def) [43] [44]
(/usr/share/texlive/texmf-dist/tex/latex/base/utf8.def) [45] [46]
(/usr/share/texlive/texmf-dist/tex/latex/base/utf8.def) [47] [48]
(/usr/share/texlive/texmf-dist/tex/latex/base/utf8.def) [49]
No file Rd2.ind.
[50] (/tmp/RtmpYKUaoj/Rd2pdf4abd6b796fb0/Rd2.aux)

Package rerunfilecheck Warning: File `Rd2.out' has changed.
(rerunfilecheck)                Rerun to get outlines right
(rerunfilecheck)                or use package `bookmark'.

 )
(see the transcript file for additional information)pdfTeX warning (dest): name
{Rfn.gpar} has been referenced but does not exist, replaced by a fixed one

pdfTeX warning (dest): name{Rfn.silhouette} has been referenced but does not ex
ist, replaced by a fixed one

pdfTeX warning (dest): name{Rfn.x11} has been referenced but does not exist, re
placed by a fixed one

pdfTeX warning (dest): name{Rfn.bwplot\\unhbox\040\\voidb@x\040\\kern\040\\z@\0
40\\char\040`\\protect\040\\relax\040\\kern\040.16667em\040kcca.Rdash.method} h
as been referenced but does not exist, replaced by a fixed one

pdfTeX warning (dest): name{Rfn.kruskal.test} has been referenced but does not 
exist, replaced by a fixed one

pdfTeX warning (dest): name{Rfn.prop.test} has been referenced but does not exi
st, replaced by a fixed one

pdfTeX warning (dest): name{Rfn.bwplot} has been referenced but does not exist,
 replaced by a fixed one

pdfTeX warning (dest): name{Rfn.barchart} has been referenced but does not exis
t, replaced by a fixed one

pdfTeX warning (dest): name{Rfn.p.adjust} has been referenced but does not exis
t, replaced by a fixed one

pdfTeX warning (dest): name{Rfn.arrows} has been referenced but does not exist,
 replaced by a fixed one

pdfTeX warning (dest): name{Rfn.text} has been referenced but does not exist, r
eplaced by a fixed one

pdfTeX warning (dest): name{Rfn.prcomp} has been referenced but does not exist,
 replaced by a fixed one

pdfTeX warning (dest): name{Rfn.solve.Rul.LSAP} has been referenced but does no
t exist, replaced by a fixed one

pdfTeX warning (dest): name{Rfn.hcl} has been referenced but does not exist, re
placed by a fixed one

pdfTeX warning (dest): name{Rfn.dist} has been referenced but does not exist, r
eplaced by a fixed one

pdfTeX warning (dest): name{Rfn.cutree} has been referenced but does not exist,
 replaced by a fixed one

pdfTeX warning (dest): name{Rfn.coerce} has been referenced but does not exist,
 replaced by a fixed one

pdfTeX warning (dest): name{Rfn.pam} has been referenced but does not exist, re
placed by a fixed one

pdfTeX warning (dest): name{Rfn.kmeans} has been referenced but does not exist,
 replaced by a fixed one

pdfTeX warning (dest): name{Rfn.grep} has been referenced but does not exist, r
eplaced by a fixed one

pdfTeX warning (dest): name{Rfn.makeCluster} has been referenced but does not e
xist, replaced by a fixed one

{/usr/share/texlive/texmf-dist/fonts/enc/dvips/inconsolata/i4-ts1.enc}{/usr/sha
re/texlive/texmf-dist/fonts/enc/dvips/base/8r.enc}{/usr/share/texlive/texmf-dis
t/fonts/enc/dvips/inconsolata/i4-t1-0.enc}</usr/share/texlive/texmf-dist/fonts/
type1/public/inconsolata/Inconsolata-zi4r.pfb></usr/share/texlive/texmf-dist/fo
nts/type1/public/amsfonts/cm/cmmi10.pfb></usr/share/texlive/texmf-dist/fonts/ty
pe1/public/amsfonts/cm/cmmi7.pfb></usr/share/texlive/texmf-dist/fonts/type1/pub
lic/amsfonts/cm/cmr10.pfb></usr/share/texlive/texmf-dist/fonts/type1/public/ams
fonts/cm/cmr7.pfb></usr/share/texlive/texmf-dist/fonts/type1/public/amsfonts/cm
/cmsy10.pfb></usr/share/texlive/texmf-dist/fonts/type1/urw/helvetic/uhvr8a.pfb>
</usr/share/texlive/texmf-dist/fonts/type1/urw/times/utmb8a.pfb></usr/share/tex
live/texmf-dist/fonts/type1/urw/times/utmr8a.pfb></usr/share/texlive/texmf-dist
/fonts/type1/urw/times/utmr8a.pfb></usr/share/texlive/texmf-dist/fonts/type1/ur
w/times/utmri8a.pfb>
Output written on Rd2.pdf (50 pages, 226919 bytes).
Transcript written on Rd2.log.
This is pdfTeX, Version 3.14159265-2.6-1.40.17 (TeX Live 2016/Debian) (preloaded format=pdflatex)
 restricted \write18 enabled.
entering extended mode
LaTeX2e <2017/01/01> patch level 3
Babel <3.9r> and hyphenation patterns for 83 language(s) loaded.
(./Rd2.tex
(/usr/share/texlive/texmf-dist/tex/latex/base/book.cls
Document Class: book 2014/09/29 v1.4h Standard LaTeX document class
(/usr/share/texlive/texmf-dist/tex/latex/base/bk10.clo))
(/home/tomas/cran/rcnst/build/share/texmf/tex/latex/Rd.sty
(/usr/share/texlive/texmf-dist/tex/latex/base/ifthen.sty)
(/usr/share/texlive/texmf-dist/tex/latex/tools/longtable.sty)
(/usr/share/texlive/texmf-dist/tex/latex/tools/bm.sty)
(/usr/share/texlive/texmf-dist/tex/latex/base/alltt.sty)
(/usr/share/texlive/texmf-dist/tex/latex/tools/verbatim.sty)
(/usr/share/texlive/texmf-dist/tex/latex/url/url.sty)
(/usr/share/texlive/texmf-dist/tex/latex/base/textcomp.sty
(/usr/share/texlive/texmf-dist/tex/latex/base/ts1enc.def))
(/usr/share/texlive/texmf-dist/tex/latex/base/fontenc.sty
(/usr/share/texlive/texmf-dist/tex/latex/base/t1enc.def))
(/usr/share/texlive/texmf-dist/tex/latex/psnfss/times.sty)
(/usr/share/texlive/texmf-dist/tex/latex/inconsolata/zi4.sty
`inconsolata-zi4' v1.112, 2017/01/04 Text macros for Inconsolata (msharpe)
(/usr/share/texlive/texmf-dist/tex/latex/xkeyval/xkeyval.sty
(/usr/share/texlive/texmf-dist/tex/generic/xkeyval/xkeyval.tex
(/usr/share/texlive/texmf-dist/tex/generic/xkeyval/xkvutils.tex
(/usr/share/texlive/texmf-dist/tex/generic/xkeyval/keyval.tex)))))
(/usr/share/texlive/texmf-dist/tex/latex/graphics/color.sty
(/usr/share/texlive/texmf-dist/tex/latex/graphics-cfg/color.cfg)
(/usr/share/texlive/texmf-dist/tex/latex/graphics-def/pdftex.def
(/usr/share/texlive/texmf-dist/tex/generic/oberdiek/infwarerr.sty)
(/usr/share/texlive/texmf-dist/tex/generic/oberdiek/ltxcmds.sty)))
(/usr/share/texlive/texmf-dist/tex/latex/hyperref/hyperref.sty
(/usr/share/texlive/texmf-dist/tex/generic/oberdiek/hobsub-hyperref.sty
(/usr/share/texlive/texmf-dist/tex/generic/oberdiek/hobsub-generic.sty))
(/usr/share/texlive/texmf-dist/tex/generic/ifxetex/ifxetex.sty)
(/usr/share/texlive/texmf-dist/tex/latex/oberdiek/auxhook.sty)
(/usr/share/texlive/texmf-dist/tex/latex/oberdiek/kvoptions.sty)
(/usr/share/texlive/texmf-dist/tex/latex/hyperref/pd1enc.def)
(/usr/share/texlive/texmf-dist/tex/latex/latexconfig/hyperref.cfg))

Package hyperref Message: Driver (autodetected): hpdftex.

(/usr/share/texlive/texmf-dist/tex/latex/hyperref/hpdftex.def
(/usr/share/texlive/texmf-dist/tex/latex/oberdiek/rerunfilecheck.sty))

Package hyperref Warning: Option `hyperindex' has already been used,
(hyperref)                setting the option has no effect on input line 366.


Package hyperref Warning: Option `pagebackref' has already been used,
(hyperref)                setting the option has no effect on input line 366.

) (/usr/share/texlive/texmf-dist/tex/latex/base/makeidx.sty)
(/usr/share/texlive/texmf-dist/tex/latex/base/inputenc.sty
(/usr/share/texlive/texmf-dist/tex/latex/base/utf8.def
(/usr/share/texlive/texmf-dist/tex/latex/base/t1enc.dfu)
(/usr/share/texlive/texmf-dist/tex/latex/base/ot1enc.dfu)
(/usr/share/texlive/texmf-dist/tex/latex/base/omsenc.dfu)
(/usr/share/texlive/texmf-dist/tex/latex/base/ts1enc.dfu))
(/usr/share/texlive/texmf-dist/tex/latex/base/latin1.def))
Writing index file Rd2.idx
(/tmp/RtmpYKUaoj/Rd2pdf4abd6b796fb0/Rd2.aux)
(/usr/share/texlive/texmf-dist/tex/latex/base/ts1cmr.fd)
(/usr/share/texlive/texmf-dist/tex/latex/psnfss/t1ptm.fd)
(/usr/share/texlive/texmf-dist/tex/context/base/mkii/supp-pdf.mkii
[Loading MPS to PDF converter (version 2006.09.02).]
) (/usr/share/texlive/texmf-dist/tex/latex/hyperref/nameref.sty
(/usr/share/texlive/texmf-dist/tex/generic/oberdiek/gettitlestring.sty))
(/tmp/RtmpYKUaoj/Rd2pdf4abd6b796fb0/Rd2.out)
(/tmp/RtmpYKUaoj/Rd2pdf4abd6b796fb0/Rd2.out)
(/usr/share/texlive/texmf-dist/tex/latex/inconsolata/t1zi4.fd)
(/usr/share/texlive/texmf-dist/tex/latex/psnfss/t1phv.fd)
(/tmp/RtmpYKUaoj/Rd2pdf4abd6b796fb0/Rd2.toc [1{/var/lib/texmf/fonts/map/pdftex/
updmap/pdftex.map}]) (/usr/share/texlive/texmf-dist/tex/latex/base/utf8.def)
[2] (/usr/share/texlive/texmf-dist/tex/latex/base/utf8.def) [3] [4]
(/usr/share/texlive/texmf-dist/tex/latex/base/utf8.def)
(/usr/share/texlive/texmf-dist/tex/latex/inconsolata/ts1zi4.fd) [5] [6]
(/usr/share/texlive/texmf-dist/tex/latex/base/utf8.def)
(/usr/share/texlive/texmf-dist/tex/latex/base/utf8.def) [7]
Overfull \hbox (87.0979pt too wide) in paragraph at lines 389--394
[]\T1/ptm/m/n/10 Availability of \T1/ptm/b/n/10 mul-ti-core \T1/ptm/m/n/10 is c
hecked when \T1/ptm/b/n/10 flex-clust \T1/ptm/m/n/10 is loaded and stored in \T
1/zi4/m/n/10 getOption("flexclust")$have_multicore\T1/ptm/m/n/10 .
[8] (/usr/share/texlive/texmf-dist/tex/latex/base/utf8.def) [9] [10]
(/usr/share/texlive/texmf-dist/tex/latex/base/utf8.def) [11]
(/usr/share/texlive/texmf-dist/tex/latex/base/utf8.def)
Overfull \hbox (1.69882pt too wide) in paragraph at lines 629--631
[]\T1/ptm/m/n/10 Distance mea-sure, one of \T1/zi4/m/n/10 "euclidean" \T1/ptm/m
/n/10 (mean square dis-tance) or \T1/zi4/m/n/10 "manhattan "
[12] [13] (/usr/share/texlive/texmf-dist/tex/latex/base/utf8.def)
Overfull \hbox (39.07915pt too wide) in paragraph at lines 744--747
\T1/ptm/m/n/10 ated with \T1/zi4/m/n/10 save.data=TRUE\T1/ptm/m/n/10 , then the
se are used by de-fault. Ig-nored if \T1/zi4/m/n/10 method="centers"\T1/ptm/m/n
/10 . 

Overfull \hbox (11.8783pt too wide) in paragraph at lines 750--752
[]\T1/ptm/m/n/10 Compute sym-met-ric or asym-met-ric shadow val-ues? Ig-nored i
f \T1/zi4/m/n/10 method="centers"\T1/ptm/m/n/10 . 
[14] (/usr/share/texlive/texmf-dist/tex/latex/base/utf8.def) [15]
(/usr/share/texlive/texmf-dist/tex/latex/base/utf8.def) [16]
(/usr/share/texlive/texmf-dist/tex/latex/base/utf8.def) [17]
(/usr/share/texlive/texmf-dist/tex/latex/base/utf8.def) [18]
(/usr/share/texlive/texmf-dist/tex/latex/base/utf8.def) [19]
Overfull \hbox (80.4769pt too wide) in paragraph at lines 1104--1107
[]\T1/ptm/m/n/10 Vector of length 2 with pa-ram-e-ters for ex-po-nen-tial learn
-ing rate of form $\OML/cmm/m/it/10 par\OT1/cmr/m/n/10 1 \OMS/cmsy/m/n/10 ^^C \
OT1/cmr/m/n/10 (\OML/cmm/m/it/10 par\OT1/cmr/m/n/10 2\OML/cmm/m/it/10 =par\OT1/
cmr/m/n/10 1)[]\OML/cmm/m/it/10 iter=iter:max\OT1/cmr/m/n/10 )$\T1/ptm/m/n/10 .
 
[20] (/usr/share/texlive/texmf-dist/tex/latex/base/utf8.def) [21]
(/usr/share/texlive/texmf-dist/tex/latex/base/utf8.def) [22]
(/usr/share/texlive/texmf-dist/tex/latex/base/utf8.def) [23]
(/usr/share/texlive/texmf-dist/tex/latex/base/utf8.def) [24] [25] [26]
(/usr/share/texlive/texmf-dist/tex/latex/base/utf8.def)
(/usr/share/texlive/texmf-dist/tex/latex/base/utf8.def) [27]
(/usr/share/texlive/texmf-dist/tex/latex/base/utf8.def) [28]
(/usr/share/texlive/texmf-dist/tex/latex/base/utf8.def)
(/usr/share/texlive/texmf-dist/tex/latex/base/utf8.def) [29]
(/usr/share/texlive/texmf-dist/tex/latex/base/utf8.def) [30]
(/usr/share/texlive/texmf-dist/tex/latex/base/utf8.def) [31]
(/usr/share/texlive/texmf-dist/tex/latex/base/utf8.def)
(/usr/share/texlive/texmf-dist/tex/latex/base/utf8.def) [32]
(/usr/share/texlive/texmf-dist/tex/latex/base/utf8.def) [33] [34]
(/usr/share/texlive/texmf-dist/tex/latex/base/utf8.def) [35] [36]
(/usr/share/texlive/texmf-dist/tex/latex/base/utf8.def) [37]
(/usr/share/texlive/texmf-dist/tex/latex/base/utf8.def) [38] [39] [40]
(/usr/share/texlive/texmf-dist/tex/latex/base/utf8.def) [41]
(/usr/share/texlive/texmf-dist/tex/latex/base/utf8.def) [42]
(/usr/share/texlive/texmf-dist/tex/latex/base/utf8.def) [43] [44]
(/usr/share/texlive/texmf-dist/tex/latex/base/utf8.def) [45] [46]
(/usr/share/texlive/texmf-dist/tex/latex/base/utf8.def) [47] [48]
(/usr/share/texlive/texmf-dist/tex/latex/base/utf8.def) [49]
No file Rd2.ind.
[50] (/tmp/RtmpYKUaoj/Rd2pdf4abd6b796fb0/Rd2.aux) )
(see the transcript file for additional information)pdfTeX warning (dest): name
{Rfn.gpar} has been referenced but does not exist, replaced by a fixed one

pdfTeX warning (dest): name{Rfn.silhouette} has been referenced but does not ex
ist, replaced by a fixed one

pdfTeX warning (dest): name{Rfn.x11} has been referenced but does not exist, re
placed by a fixed one

pdfTeX warning (dest): name{Rfn.bwplot\\unhbox\040\\voidb@x\040\\kern\040\\z@\0
40\\char\040`\\protect\040\\relax\040\\kern\040.16667em\040kcca.Rdash.method} h
as been referenced but does not exist, replaced by a fixed one

pdfTeX warning (dest): name{Rfn.kruskal.test} has been referenced but does not 
exist, replaced by a fixed one

pdfTeX warning (dest): name{Rfn.prop.test} has been referenced but does not exi
st, replaced by a fixed one

pdfTeX warning (dest): name{Rfn.bwplot} has been referenced but does not exist,
 replaced by a fixed one

pdfTeX warning (dest): name{Rfn.barchart} has been referenced but does not exis
t, replaced by a fixed one

pdfTeX warning (dest): name{Rfn.p.adjust} has been referenced but does not exis
t, replaced by a fixed one

pdfTeX warning (dest): name{Rfn.arrows} has been referenced but does not exist,
 replaced by a fixed one

pdfTeX warning (dest): name{Rfn.text} has been referenced but does not exist, r
eplaced by a fixed one

pdfTeX warning (dest): name{Rfn.prcomp} has been referenced but does not exist,
 replaced by a fixed one

pdfTeX warning (dest): name{Rfn.solve.Rul.LSAP} has been referenced but does no
t exist, replaced by a fixed one

pdfTeX warning (dest): name{Rfn.hcl} has been referenced but does not exist, re
placed by a fixed one

pdfTeX warning (dest): name{Rfn.dist} has been referenced but does not exist, r
eplaced by a fixed one

pdfTeX warning (dest): name{Rfn.cutree} has been referenced but does not exist,
 replaced by a fixed one

pdfTeX warning (dest): name{Rfn.coerce} has been referenced but does not exist,
 replaced by a fixed one

pdfTeX warning (dest): name{Rfn.pam} has been referenced but does not exist, re
placed by a fixed one

pdfTeX warning (dest): name{Rfn.kmeans} has been referenced but does not exist,
 replaced by a fixed one

pdfTeX warning (dest): name{Rfn.grep} has been referenced but does not exist, r
eplaced by a fixed one

pdfTeX warning (dest): name{Rfn.makeCluster} has been referenced but does not e
xist, replaced by a fixed one

{/usr/share/texlive/texmf-dist/fonts/enc/dvips/inconsolata/i4-ts1.enc}{/usr/sha
re/texlive/texmf-dist/fonts/enc/dvips/base/8r.enc}{/usr/share/texlive/texmf-dis
t/fonts/enc/dvips/inconsolata/i4-t1-0.enc}</usr/share/texlive/texmf-dist/fonts/
type1/public/inconsolata/Inconsolata-zi4r.pfb></usr/share/texlive/texmf-dist/fo
nts/type1/public/amsfonts/cm/cmmi10.pfb></usr/share/texlive/texmf-dist/fonts/ty
pe1/public/amsfonts/cm/cmmi7.pfb></usr/share/texlive/texmf-dist/fonts/type1/pub
lic/amsfonts/cm/cmr10.pfb></usr/share/texlive/texmf-dist/fonts/type1/public/ams
fonts/cm/cmr7.pfb></usr/share/texlive/texmf-dist/fonts/type1/public/amsfonts/cm
/cmsy10.pfb></usr/share/texlive/texmf-dist/fonts/type1/urw/helvetic/uhvr8a.pfb>
</usr/share/texlive/texmf-dist/fonts/type1/urw/times/utmb8a.pfb></usr/share/tex
live/texmf-dist/fonts/type1/urw/times/utmr8a.pfb></usr/share/texlive/texmf-dist
/fonts/type1/urw/times/utmr8a.pfb></usr/share/texlive/texmf-dist/fonts/type1/ur
w/times/utmri8a.pfb>
Output written on Rd2.pdf (50 pages, 230904 bytes).
Transcript written on Rd2.log.
This is makeindex, version 2.15 [TeX Live 2016] (kpathsea + Thai support).
Scanning input file Rd2.idx....done (226 entries accepted, 4 rejected).
Sorting entries.....done (1888 comparisons).
Generating output file Rd2.ind....done (374 lines written, 0 warnings).
Output written in Rd2.ind.
Transcript written in Rd2.ilg.
This is pdfTeX, Version 3.14159265-2.6-1.40.17 (TeX Live 2016/Debian) (preloaded format=pdflatex)
 restricted \write18 enabled.
entering extended mode
LaTeX2e <2017/01/01> patch level 3
Babel <3.9r> and hyphenation patterns for 83 language(s) loaded.
(./Rd2.tex
(/usr/share/texlive/texmf-dist/tex/latex/base/book.cls
Document Class: book 2014/09/29 v1.4h Standard LaTeX document class
(/usr/share/texlive/texmf-dist/tex/latex/base/bk10.clo))
(/home/tomas/cran/rcnst/build/share/texmf/tex/latex/Rd.sty
(/usr/share/texlive/texmf-dist/tex/latex/base/ifthen.sty)
(/usr/share/texlive/texmf-dist/tex/latex/tools/longtable.sty)
(/usr/share/texlive/texmf-dist/tex/latex/tools/bm.sty)
(/usr/share/texlive/texmf-dist/tex/latex/base/alltt.sty)
(/usr/share/texlive/texmf-dist/tex/latex/tools/verbatim.sty)
(/usr/share/texlive/texmf-dist/tex/latex/url/url.sty)
(/usr/share/texlive/texmf-dist/tex/latex/base/textcomp.sty
(/usr/share/texlive/texmf-dist/tex/latex/base/ts1enc.def))
(/usr/share/texlive/texmf-dist/tex/latex/base/fontenc.sty
(/usr/share/texlive/texmf-dist/tex/latex/base/t1enc.def))
(/usr/share/texlive/texmf-dist/tex/latex/psnfss/times.sty)
(/usr/share/texlive/texmf-dist/tex/latex/inconsolata/zi4.sty
`inconsolata-zi4' v1.112, 2017/01/04 Text macros for Inconsolata (msharpe)
(/usr/share/texlive/texmf-dist/tex/latex/xkeyval/xkeyval.sty
(/usr/share/texlive/texmf-dist/tex/generic/xkeyval/xkeyval.tex
(/usr/share/texlive/texmf-dist/tex/generic/xkeyval/xkvutils.tex
(/usr/share/texlive/texmf-dist/tex/generic/xkeyval/keyval.tex)))))
(/usr/share/texlive/texmf-dist/tex/latex/graphics/color.sty
(/usr/share/texlive/texmf-dist/tex/latex/graphics-cfg/color.cfg)
(/usr/share/texlive/texmf-dist/tex/latex/graphics-def/pdftex.def
(/usr/share/texlive/texmf-dist/tex/generic/oberdiek/infwarerr.sty)
(/usr/share/texlive/texmf-dist/tex/generic/oberdiek/ltxcmds.sty)))
(/usr/share/texlive/texmf-dist/tex/latex/hyperref/hyperref.sty
(/usr/share/texlive/texmf-dist/tex/generic/oberdiek/hobsub-hyperref.sty
(/usr/share/texlive/texmf-dist/tex/generic/oberdiek/hobsub-generic.sty))
(/usr/share/texlive/texmf-dist/tex/generic/ifxetex/ifxetex.sty)
(/usr/share/texlive/texmf-dist/tex/latex/oberdiek/auxhook.sty)
(/usr/share/texlive/texmf-dist/tex/latex/oberdiek/kvoptions.sty)
(/usr/share/texlive/texmf-dist/tex/latex/hyperref/pd1enc.def)
(/usr/share/texlive/texmf-dist/tex/latex/latexconfig/hyperref.cfg))

Package hyperref Message: Driver (autodetected): hpdftex.

(/usr/share/texlive/texmf-dist/tex/latex/hyperref/hpdftex.def
(/usr/share/texlive/texmf-dist/tex/latex/oberdiek/rerunfilecheck.sty))

Package hyperref Warning: Option `hyperindex' has already been used,
(hyperref)                setting the option has no effect on input line 366.


Package hyperref Warning: Option `pagebackref' has already been used,
(hyperref)                setting the option has no effect on input line 366.

) (/usr/share/texlive/texmf-dist/tex/latex/base/makeidx.sty)
(/usr/share/texlive/texmf-dist/tex/latex/base/inputenc.sty
(/usr/share/texlive/texmf-dist/tex/latex/base/utf8.def
(/usr/share/texlive/texmf-dist/tex/latex/base/t1enc.dfu)
(/usr/share/texlive/texmf-dist/tex/latex/base/ot1enc.dfu)
(/usr/share/texlive/texmf-dist/tex/latex/base/omsenc.dfu)
(/usr/share/texlive/texmf-dist/tex/latex/base/ts1enc.dfu))
(/usr/share/texlive/texmf-dist/tex/latex/base/latin1.def))
Writing index file Rd2.idx
(/tmp/RtmpYKUaoj/Rd2pdf4abd6b796fb0/Rd2.aux)
(/usr/share/texlive/texmf-dist/tex/latex/base/ts1cmr.fd)
(/usr/share/texlive/texmf-dist/tex/latex/psnfss/t1ptm.fd)
(/usr/share/texlive/texmf-dist/tex/context/base/mkii/supp-pdf.mkii
[Loading MPS to PDF converter (version 2006.09.02).]
) (/usr/share/texlive/texmf-dist/tex/latex/hyperref/nameref.sty
(/usr/share/texlive/texmf-dist/tex/generic/oberdiek/gettitlestring.sty))
(/tmp/RtmpYKUaoj/Rd2pdf4abd6b796fb0/Rd2.out)
(/tmp/RtmpYKUaoj/Rd2pdf4abd6b796fb0/Rd2.out)
(/usr/share/texlive/texmf-dist/tex/latex/inconsolata/t1zi4.fd)
(/usr/share/texlive/texmf-dist/tex/latex/psnfss/t1phv.fd)
(/tmp/RtmpYKUaoj/Rd2pdf4abd6b796fb0/Rd2.toc [1{/var/lib/texmf/fonts/map/pdftex/
updmap/pdftex.map}]) (/usr/share/texlive/texmf-dist/tex/latex/base/utf8.def)
[2] (/usr/share/texlive/texmf-dist/tex/latex/base/utf8.def) [3] [4]
(/usr/share/texlive/texmf-dist/tex/latex/base/utf8.def)
(/usr/share/texlive/texmf-dist/tex/latex/inconsolata/ts1zi4.fd) [5] [6]
(/usr/share/texlive/texmf-dist/tex/latex/base/utf8.def)
(/usr/share/texlive/texmf-dist/tex/latex/base/utf8.def) [7]
Overfull \hbox (87.0979pt too wide) in paragraph at lines 389--394
[]\T1/ptm/m/n/10 Availability of \T1/ptm/b/n/10 mul-ti-core \T1/ptm/m/n/10 is c
hecked when \T1/ptm/b/n/10 flex-clust \T1/ptm/m/n/10 is loaded and stored in \T
1/zi4/m/n/10 getOption("flexclust")$have_multicore\T1/ptm/m/n/10 .
[8] (/usr/share/texlive/texmf-dist/tex/latex/base/utf8.def) [9] [10]
(/usr/share/texlive/texmf-dist/tex/latex/base/utf8.def) [11]
(/usr/share/texlive/texmf-dist/tex/latex/base/utf8.def)
Overfull \hbox (1.69882pt too wide) in paragraph at lines 629--631
[]\T1/ptm/m/n/10 Distance mea-sure, one of \T1/zi4/m/n/10 "euclidean" \T1/ptm/m
/n/10 (mean square dis-tance) or \T1/zi4/m/n/10 "manhattan "
[12] [13] (/usr/share/texlive/texmf-dist/tex/latex/base/utf8.def)
Overfull \hbox (39.07915pt too wide) in paragraph at lines 744--747
\T1/ptm/m/n/10 ated with \T1/zi4/m/n/10 save.data=TRUE\T1/ptm/m/n/10 , then the
se are used by de-fault. Ig-nored if \T1/zi4/m/n/10 method="centers"\T1/ptm/m/n
/10 . 

Overfull \hbox (11.8783pt too wide) in paragraph at lines 750--752
[]\T1/ptm/m/n/10 Compute sym-met-ric or asym-met-ric shadow val-ues? Ig-nored i
f \T1/zi4/m/n/10 method="centers"\T1/ptm/m/n/10 . 
[14] (/usr/share/texlive/texmf-dist/tex/latex/base/utf8.def) [15]
(/usr/share/texlive/texmf-dist/tex/latex/base/utf8.def) [16]
(/usr/share/texlive/texmf-dist/tex/latex/base/utf8.def) [17]
(/usr/share/texlive/texmf-dist/tex/latex/base/utf8.def) [18]
(/usr/share/texlive/texmf-dist/tex/latex/base/utf8.def) [19]
Overfull \hbox (80.4769pt too wide) in paragraph at lines 1104--1107
[]\T1/ptm/m/n/10 Vector of length 2 with pa-ram-e-ters for ex-po-nen-tial learn
-ing rate of form $\OML/cmm/m/it/10 par\OT1/cmr/m/n/10 1 \OMS/cmsy/m/n/10 ^^C \
OT1/cmr/m/n/10 (\OML/cmm/m/it/10 par\OT1/cmr/m/n/10 2\OML/cmm/m/it/10 =par\OT1/
cmr/m/n/10 1)[]\OML/cmm/m/it/10 iter=iter:max\OT1/cmr/m/n/10 )$\T1/ptm/m/n/10 .
 
[20] (/usr/share/texlive/texmf-dist/tex/latex/base/utf8.def) [21]
(/usr/share/texlive/texmf-dist/tex/latex/base/utf8.def) [22]
(/usr/share/texlive/texmf-dist/tex/latex/base/utf8.def) [23]
(/usr/share/texlive/texmf-dist/tex/latex/base/utf8.def) [24] [25] [26]
(/usr/share/texlive/texmf-dist/tex/latex/base/utf8.def)
(/usr/share/texlive/texmf-dist/tex/latex/base/utf8.def) [27]
(/usr/share/texlive/texmf-dist/tex/latex/base/utf8.def) [28]
(/usr/share/texlive/texmf-dist/tex/latex/base/utf8.def)
(/usr/share/texlive/texmf-dist/tex/latex/base/utf8.def) [29]
(/usr/share/texlive/texmf-dist/tex/latex/base/utf8.def) [30]
(/usr/share/texlive/texmf-dist/tex/latex/base/utf8.def) [31]
(/usr/share/texlive/texmf-dist/tex/latex/base/utf8.def)
(/usr/share/texlive/texmf-dist/tex/latex/base/utf8.def) [32]
(/usr/share/texlive/texmf-dist/tex/latex/base/utf8.def) [33] [34]
(/usr/share/texlive/texmf-dist/tex/latex/base/utf8.def) [35] [36]
(/usr/share/texlive/texmf-dist/tex/latex/base/utf8.def) [37]
(/usr/share/texlive/texmf-dist/tex/latex/base/utf8.def) [38] [39] [40]
(/usr/share/texlive/texmf-dist/tex/latex/base/utf8.def) [41]
(/usr/share/texlive/texmf-dist/tex/latex/base/utf8.def) [42]
(/usr/share/texlive/texmf-dist/tex/latex/base/utf8.def) [43] [44]
(/usr/share/texlive/texmf-dist/tex/latex/base/utf8.def) [45] [46]
(/usr/share/texlive/texmf-dist/tex/latex/base/utf8.def) [47] [48]
(/usr/share/texlive/texmf-dist/tex/latex/base/utf8.def) [49]
(/tmp/RtmpYKUaoj/Rd2pdf4abd6b796fb0/Rd2.ind [50]

LaTeX Font Warning: Font shape `T1/zi4/m/it' undefined
(Font)              using `T1/zi4/m/n' instead on input line 57.

[51] [52] [53]) (/tmp/RtmpYKUaoj/Rd2pdf4abd6b796fb0/Rd2.aux)

Package rerunfilecheck Warning: File `Rd2.out' has changed.
(rerunfilecheck)                Rerun to get outlines right
(rerunfilecheck)                or use package `bookmark'.


LaTeX Font Warning: Some font shapes were not available, defaults substituted.

 )
(see the transcript file for additional information)pdfTeX warning (dest): name
{Rfn.gpar} has been referenced but does not exist, replaced by a fixed one

pdfTeX warning (dest): name{Rfn.silhouette} has been referenced but does not ex
ist, replaced by a fixed one

pdfTeX warning (dest): name{Rfn.x11} has been referenced but does not exist, re
placed by a fixed one

pdfTeX warning (dest): name{Rfn.bwplot\\unhbox\040\\voidb@x\040\\kern\040\\z@\0
40\\char\040`\\protect\040\\relax\040\\kern\040.16667em\040kcca.Rdash.method} h
as been referenced but does not exist, replaced by a fixed one

pdfTeX warning (dest): name{Rfn.kruskal.test} has been referenced but does not 
exist, replaced by a fixed one

pdfTeX warning (dest): name{Rfn.prop.test} has been referenced but does not exi
st, replaced by a fixed one

pdfTeX warning (dest): name{Rfn.bwplot} has been referenced but does not exist,
 replaced by a fixed one

pdfTeX warning (dest): name{Rfn.barchart} has been referenced but does not exis
t, replaced by a fixed one

pdfTeX warning (dest): name{Rfn.p.adjust} has been referenced but does not exis
t, replaced by a fixed one

pdfTeX warning (dest): name{Rfn.arrows} has been referenced but does not exist,
 replaced by a fixed one

pdfTeX warning (dest): name{Rfn.text} has been referenced but does not exist, r
eplaced by a fixed one

pdfTeX warning (dest): name{Rfn.prcomp} has been referenced but does not exist,
 replaced by a fixed one

pdfTeX warning (dest): name{Rfn.solve.Rul.LSAP} has been referenced but does no
t exist, replaced by a fixed one

pdfTeX warning (dest): name{Rfn.hcl} has been referenced but does not exist, re
placed by a fixed one

pdfTeX warning (dest): name{Rfn.dist} has been referenced but does not exist, r
eplaced by a fixed one

pdfTeX warning (dest): name{Rfn.cutree} has been referenced but does not exist,
 replaced by a fixed one

pdfTeX warning (dest): name{Rfn.coerce} has been referenced but does not exist,
 replaced by a fixed one

pdfTeX warning (dest): name{Rfn.pam} has been referenced but does not exist, re
placed by a fixed one

pdfTeX warning (dest): name{Rfn.kmeans} has been referenced but does not exist,
 replaced by a fixed one

pdfTeX warning (dest): name{Rfn.grep} has been referenced but does not exist, r
eplaced by a fixed one

pdfTeX warning (dest): name{Rfn.makeCluster} has been referenced but does not e
xist, replaced by a fixed one

{/usr/share/texlive/texmf-dist/fonts/enc/dvips/inconsolata/i4-ts1.enc}{/usr/sha
re/texlive/texmf-dist/fonts/enc/dvips/base/8r.enc}{/usr/share/texlive/texmf-dis
t/fonts/enc/dvips/inconsolata/i4-t1-0.enc}</usr/share/texlive/texmf-dist/fonts/
type1/public/inconsolata/Inconsolata-zi4r.pfb></usr/share/texlive/texmf-dist/fo
nts/type1/public/amsfonts/cm/cmmi10.pfb></usr/share/texlive/texmf-dist/fonts/ty
pe1/public/amsfonts/cm/cmmi7.pfb></usr/share/texlive/texmf-dist/fonts/type1/pub
lic/amsfonts/cm/cmr10.pfb></usr/share/texlive/texmf-dist/fonts/type1/public/ams
fonts/cm/cmr7.pfb></usr/share/texlive/texmf-dist/fonts/type1/public/amsfonts/cm
/cmsy10.pfb></usr/share/texlive/texmf-dist/fonts/type1/urw/helvetic/uhvr8a.pfb>
</usr/share/texlive/texmf-dist/fonts/type1/urw/times/utmb8a.pfb></usr/share/tex
live/texmf-dist/fonts/type1/urw/times/utmr8a.pfb></usr/share/texlive/texmf-dist
/fonts/type1/urw/times/utmr8a.pfb></usr/share/texlive/texmf-dist/fonts/type1/ur
w/times/utmri8a.pfb>
Output written on Rd2.pdf (53 pages, 244840 bytes).
Transcript written on Rd2.log.
This is makeindex, version 2.15 [TeX Live 2016] (kpathsea + Thai support).
Scanning input file Rd2.idx....done (226 entries accepted, 4 rejected).
Sorting entries.....done (1888 comparisons).
Generating output file Rd2.ind....done (374 lines written, 0 warnings).
Output written in Rd2.ind.
Transcript written in Rd2.ilg.
This is pdfTeX, Version 3.14159265-2.6-1.40.17 (TeX Live 2016/Debian) (preloaded format=pdflatex)
 restricted \write18 enabled.
entering extended mode
LaTeX2e <2017/01/01> patch level 3
Babel <3.9r> and hyphenation patterns for 83 language(s) loaded.
(./Rd2.tex
(/usr/share/texlive/texmf-dist/tex/latex/base/book.cls
Document Class: book 2014/09/29 v1.4h Standard LaTeX document class
(/usr/share/texlive/texmf-dist/tex/latex/base/bk10.clo))
(/home/tomas/cran/rcnst/build/share/texmf/tex/latex/Rd.sty
(/usr/share/texlive/texmf-dist/tex/latex/base/ifthen.sty)
(/usr/share/texlive/texmf-dist/tex/latex/tools/longtable.sty)
(/usr/share/texlive/texmf-dist/tex/latex/tools/bm.sty)
(/usr/share/texlive/texmf-dist/tex/latex/base/alltt.sty)
(/usr/share/texlive/texmf-dist/tex/latex/tools/verbatim.sty)
(/usr/share/texlive/texmf-dist/tex/latex/url/url.sty)
(/usr/share/texlive/texmf-dist/tex/latex/base/textcomp.sty
(/usr/share/texlive/texmf-dist/tex/latex/base/ts1enc.def))
(/usr/share/texlive/texmf-dist/tex/latex/base/fontenc.sty
(/usr/share/texlive/texmf-dist/tex/latex/base/t1enc.def))
(/usr/share/texlive/texmf-dist/tex/latex/psnfss/times.sty)
(/usr/share/texlive/texmf-dist/tex/latex/inconsolata/zi4.sty
`inconsolata-zi4' v1.112, 2017/01/04 Text macros for Inconsolata (msharpe)
(/usr/share/texlive/texmf-dist/tex/latex/xkeyval/xkeyval.sty
(/usr/share/texlive/texmf-dist/tex/generic/xkeyval/xkeyval.tex
(/usr/share/texlive/texmf-dist/tex/generic/xkeyval/xkvutils.tex
(/usr/share/texlive/texmf-dist/tex/generic/xkeyval/keyval.tex)))))
(/usr/share/texlive/texmf-dist/tex/latex/graphics/color.sty
(/usr/share/texlive/texmf-dist/tex/latex/graphics-cfg/color.cfg)
(/usr/share/texlive/texmf-dist/tex/latex/graphics-def/pdftex.def
(/usr/share/texlive/texmf-dist/tex/generic/oberdiek/infwarerr.sty)
(/usr/share/texlive/texmf-dist/tex/generic/oberdiek/ltxcmds.sty)))
(/usr/share/texlive/texmf-dist/tex/latex/hyperref/hyperref.sty
(/usr/share/texlive/texmf-dist/tex/generic/oberdiek/hobsub-hyperref.sty
(/usr/share/texlive/texmf-dist/tex/generic/oberdiek/hobsub-generic.sty))
(/usr/share/texlive/texmf-dist/tex/generic/ifxetex/ifxetex.sty)
(/usr/share/texlive/texmf-dist/tex/latex/oberdiek/auxhook.sty)
(/usr/share/texlive/texmf-dist/tex/latex/oberdiek/kvoptions.sty)
(/usr/share/texlive/texmf-dist/tex/latex/hyperref/pd1enc.def)
(/usr/share/texlive/texmf-dist/tex/latex/latexconfig/hyperref.cfg))

Package hyperref Message: Driver (autodetected): hpdftex.

(/usr/share/texlive/texmf-dist/tex/latex/hyperref/hpdftex.def
(/usr/share/texlive/texmf-dist/tex/latex/oberdiek/rerunfilecheck.sty))

Package hyperref Warning: Option `hyperindex' has already been used,
(hyperref)                setting the option has no effect on input line 366.


Package hyperref Warning: Option `pagebackref' has already been used,
(hyperref)                setting the option has no effect on input line 366.

) (/usr/share/texlive/texmf-dist/tex/latex/base/makeidx.sty)
(/usr/share/texlive/texmf-dist/tex/latex/base/inputenc.sty
(/usr/share/texlive/texmf-dist/tex/latex/base/utf8.def
(/usr/share/texlive/texmf-dist/tex/latex/base/t1enc.dfu)
(/usr/share/texlive/texmf-dist/tex/latex/base/ot1enc.dfu)
(/usr/share/texlive/texmf-dist/tex/latex/base/omsenc.dfu)
(/usr/share/texlive/texmf-dist/tex/latex/base/ts1enc.dfu))
(/usr/share/texlive/texmf-dist/tex/latex/base/latin1.def))
Writing index file Rd2.idx
(/tmp/RtmpYKUaoj/Rd2pdf4abd6b796fb0/Rd2.aux)
(/usr/share/texlive/texmf-dist/tex/latex/base/ts1cmr.fd)
(/usr/share/texlive/texmf-dist/tex/latex/psnfss/t1ptm.fd)
(/usr/share/texlive/texmf-dist/tex/context/base/mkii/supp-pdf.mkii
[Loading MPS to PDF converter (version 2006.09.02).]
) (/usr/share/texlive/texmf-dist/tex/latex/hyperref/nameref.sty
(/usr/share/texlive/texmf-dist/tex/generic/oberdiek/gettitlestring.sty))
(/tmp/RtmpYKUaoj/Rd2pdf4abd6b796fb0/Rd2.out)
(/tmp/RtmpYKUaoj/Rd2pdf4abd6b796fb0/Rd2.out)
(/usr/share/texlive/texmf-dist/tex/latex/inconsolata/t1zi4.fd)
(/usr/share/texlive/texmf-dist/tex/latex/psnfss/t1phv.fd)
(/tmp/RtmpYKUaoj/Rd2pdf4abd6b796fb0/Rd2.toc [1{/var/lib/texmf/fonts/map/pdftex/
updmap/pdftex.map}]) (/usr/share/texlive/texmf-dist/tex/latex/base/utf8.def)
[2] (/usr/share/texlive/texmf-dist/tex/latex/base/utf8.def) [3] [4]
(/usr/share/texlive/texmf-dist/tex/latex/base/utf8.def)
(/usr/share/texlive/texmf-dist/tex/latex/inconsolata/ts1zi4.fd) [5] [6]
(/usr/share/texlive/texmf-dist/tex/latex/base/utf8.def)
(/usr/share/texlive/texmf-dist/tex/latex/base/utf8.def) [7]
Overfull \hbox (87.0979pt too wide) in paragraph at lines 389--394
[]\T1/ptm/m/n/10 Availability of \T1/ptm/b/n/10 mul-ti-core \T1/ptm/m/n/10 is c
hecked when \T1/ptm/b/n/10 flex-clust \T1/ptm/m/n/10 is loaded and stored in \T
1/zi4/m/n/10 getOption("flexclust")$have_multicore\T1/ptm/m/n/10 .
[8] (/usr/share/texlive/texmf-dist/tex/latex/base/utf8.def) [9] [10]
(/usr/share/texlive/texmf-dist/tex/latex/base/utf8.def) [11]
(/usr/share/texlive/texmf-dist/tex/latex/base/utf8.def)
Overfull \hbox (1.69882pt too wide) in paragraph at lines 629--631
[]\T1/ptm/m/n/10 Distance mea-sure, one of \T1/zi4/m/n/10 "euclidean" \T1/ptm/m
/n/10 (mean square dis-tance) or \T1/zi4/m/n/10 "manhattan "
[12] [13] (/usr/share/texlive/texmf-dist/tex/latex/base/utf8.def)
Overfull \hbox (39.07915pt too wide) in paragraph at lines 744--747
\T1/ptm/m/n/10 ated with \T1/zi4/m/n/10 save.data=TRUE\T1/ptm/m/n/10 , then the
se are used by de-fault. Ig-nored if \T1/zi4/m/n/10 method="centers"\T1/ptm/m/n
/10 . 

Overfull \hbox (11.8783pt too wide) in paragraph at lines 750--752
[]\T1/ptm/m/n/10 Compute sym-met-ric or asym-met-ric shadow val-ues? Ig-nored i
f \T1/zi4/m/n/10 method="centers"\T1/ptm/m/n/10 . 
[14] (/usr/share/texlive/texmf-dist/tex/latex/base/utf8.def) [15]
(/usr/share/texlive/texmf-dist/tex/latex/base/utf8.def) [16]
(/usr/share/texlive/texmf-dist/tex/latex/base/utf8.def) [17]
(/usr/share/texlive/texmf-dist/tex/latex/base/utf8.def) [18]
(/usr/share/texlive/texmf-dist/tex/latex/base/utf8.def) [19]
Overfull \hbox (80.4769pt too wide) in paragraph at lines 1104--1107
[]\T1/ptm/m/n/10 Vector of length 2 with pa-ram-e-ters for ex-po-nen-tial learn
-ing rate of form $\OML/cmm/m/it/10 par\OT1/cmr/m/n/10 1 \OMS/cmsy/m/n/10 ^^C \
OT1/cmr/m/n/10 (\OML/cmm/m/it/10 par\OT1/cmr/m/n/10 2\OML/cmm/m/it/10 =par\OT1/
cmr/m/n/10 1)[]\OML/cmm/m/it/10 iter=iter:max\OT1/cmr/m/n/10 )$\T1/ptm/m/n/10 .
 
[20] (/usr/share/texlive/texmf-dist/tex/latex/base/utf8.def) [21]
(/usr/share/texlive/texmf-dist/tex/latex/base/utf8.def) [22]
(/usr/share/texlive/texmf-dist/tex/latex/base/utf8.def) [23]
(/usr/share/texlive/texmf-dist/tex/latex/base/utf8.def) [24] [25] [26]
(/usr/share/texlive/texmf-dist/tex/latex/base/utf8.def)
(/usr/share/texlive/texmf-dist/tex/latex/base/utf8.def) [27]
(/usr/share/texlive/texmf-dist/tex/latex/base/utf8.def) [28]
(/usr/share/texlive/texmf-dist/tex/latex/base/utf8.def)
(/usr/share/texlive/texmf-dist/tex/latex/base/utf8.def) [29]
(/usr/share/texlive/texmf-dist/tex/latex/base/utf8.def) [30]
(/usr/share/texlive/texmf-dist/tex/latex/base/utf8.def) [31]
(/usr/share/texlive/texmf-dist/tex/latex/base/utf8.def)
(/usr/share/texlive/texmf-dist/tex/latex/base/utf8.def) [32]
(/usr/share/texlive/texmf-dist/tex/latex/base/utf8.def) [33] [34]
(/usr/share/texlive/texmf-dist/tex/latex/base/utf8.def) [35] [36]
(/usr/share/texlive/texmf-dist/tex/latex/base/utf8.def) [37]
(/usr/share/texlive/texmf-dist/tex/latex/base/utf8.def) [38] [39] [40]
(/usr/share/texlive/texmf-dist/tex/latex/base/utf8.def) [41]
(/usr/share/texlive/texmf-dist/tex/latex/base/utf8.def) [42]
(/usr/share/texlive/texmf-dist/tex/latex/base/utf8.def) [43] [44]
(/usr/share/texlive/texmf-dist/tex/latex/base/utf8.def) [45] [46]
(/usr/share/texlive/texmf-dist/tex/latex/base/utf8.def) [47] [48]
(/usr/share/texlive/texmf-dist/tex/latex/base/utf8.def) [49]
(/tmp/RtmpYKUaoj/Rd2pdf4abd6b796fb0/Rd2.ind [50]

LaTeX Font Warning: Font shape `T1/zi4/m/it' undefined
(Font)              using `T1/zi4/m/n' instead on input line 57.

[51] [52] [53]) (/tmp/RtmpYKUaoj/Rd2pdf4abd6b796fb0/Rd2.aux)

LaTeX Font Warning: Some font shapes were not available, defaults substituted.

 )
(see the transcript file for additional information)pdfTeX warning (dest): name
{Rfn.gpar} has been referenced but does not exist, replaced by a fixed one

pdfTeX warning (dest): name{Rfn.silhouette} has been referenced but does not ex
ist, replaced by a fixed one

pdfTeX warning (dest): name{Rfn.x11} has been referenced but does not exist, re
placed by a fixed one

pdfTeX warning (dest): name{Rfn.bwplot\\unhbox\040\\voidb@x\040\\kern\040\\z@\0
40\\char\040`\\protect\040\\relax\040\\kern\040.16667em\040kcca.Rdash.method} h
as been referenced but does not exist, replaced by a fixed one

pdfTeX warning (dest): name{Rfn.kruskal.test} has been referenced but does not 
exist, replaced by a fixed one

pdfTeX warning (dest): name{Rfn.prop.test} has been referenced but does not exi
st, replaced by a fixed one

pdfTeX warning (dest): name{Rfn.bwplot} has been referenced but does not exist,
 replaced by a fixed one

pdfTeX warning (dest): name{Rfn.barchart} has been referenced but does not exis
t, replaced by a fixed one

pdfTeX warning (dest): name{Rfn.p.adjust} has been referenced but does not exis
t, replaced by a fixed one

pdfTeX warning (dest): name{Rfn.arrows} has been referenced but does not exist,
 replaced by a fixed one

pdfTeX warning (dest): name{Rfn.text} has been referenced but does not exist, r
eplaced by a fixed one

pdfTeX warning (dest): name{Rfn.prcomp} has been referenced but does not exist,
 replaced by a fixed one

pdfTeX warning (dest): name{Rfn.solve.Rul.LSAP} has been referenced but does no
t exist, replaced by a fixed one

pdfTeX warning (dest): name{Rfn.hcl} has been referenced but does not exist, re
placed by a fixed one

pdfTeX warning (dest): name{Rfn.dist} has been referenced but does not exist, r
eplaced by a fixed one

pdfTeX warning (dest): name{Rfn.cutree} has been referenced but does not exist,
 replaced by a fixed one

pdfTeX warning (dest): name{Rfn.coerce} has been referenced but does not exist,
 replaced by a fixed one

pdfTeX warning (dest): name{Rfn.pam} has been referenced but does not exist, re
placed by a fixed one

pdfTeX warning (dest): name{Rfn.kmeans} has been referenced but does not exist,
 replaced by a fixed one

pdfTeX warning (dest): name{Rfn.grep} has been referenced but does not exist, r
eplaced by a fixed one

pdfTeX warning (dest): name{Rfn.makeCluster} has been referenced but does not e
xist, replaced by a fixed one

{/usr/share/texlive/texmf-dist/fonts/enc/dvips/inconsolata/i4-ts1.enc}{/usr/sha
re/texlive/texmf-dist/fonts/enc/dvips/base/8r.enc}{/usr/share/texlive/texmf-dis
t/fonts/enc/dvips/inconsolata/i4-t1-0.enc}</usr/share/texlive/texmf-dist/fonts/
type1/public/inconsolata/Inconsolata-zi4r.pfb></usr/share/texlive/texmf-dist/fo
nts/type1/public/amsfonts/cm/cmmi10.pfb></usr/share/texlive/texmf-dist/fonts/ty
pe1/public/amsfonts/cm/cmmi7.pfb></usr/share/texlive/texmf-dist/fonts/type1/pub
lic/amsfonts/cm/cmr10.pfb></usr/share/texlive/texmf-dist/fonts/type1/public/ams
fonts/cm/cmr7.pfb></usr/share/texlive/texmf-dist/fonts/type1/public/amsfonts/cm
/cmsy10.pfb></usr/share/texlive/texmf-dist/fonts/type1/urw/helvetic/uhvr8a.pfb>
</usr/share/texlive/texmf-dist/fonts/type1/urw/times/utmb8a.pfb></usr/share/tex
live/texmf-dist/fonts/type1/urw/times/utmr8a.pfb></usr/share/texlive/texmf-dist
/fonts/type1/urw/times/utmr8a.pfb></usr/share/texlive/texmf-dist/fonts/type1/ur
w/times/utmri8a.pfb>
Output written on Rd2.pdf (53 pages, 245013 bytes).
Transcript written on Rd2.log.
Saving output to ‘flexclust-manual.pdf’ ...
Done
You may want to clean up by 'rm -rf /tmp/RtmpYKUaoj/Rd2pdf4abd6b796fb0'
