* using log directory ‘/home/tomas/cran/rlibro/check/R2GUESS.Rcheck’
* using R Under development (unstable) (2018-03-13 r74401)
* using platform: x86_64-pc-linux-gnu (64-bit)
* using session charset: UTF-8
* checking for file ‘R2GUESS/DESCRIPTION’ ... OK
* this is package ‘R2GUESS’ version ‘1.7’
* checking package namespace information ... OK
* checking package dependencies ... OK
* checking if this is a source package ... OK
* checking if there is a namespace ... OK
* checking for executable files ... OK
* checking for hidden files and directories ... OK
* checking for portable file names ... OK
* checking for sufficient/correct file permissions ... OK
* checking whether package ‘R2GUESS’ can be installed ... OK
* checking package directory ... OK
* checking DESCRIPTION meta-information ... OK
* checking top-level files ... OK
* checking for left-over files ... OK
* checking index information ... OK
* checking package subdirectories ... OK
* checking R files for non-ASCII characters ... OK
* checking R files for syntax errors ... OK
* checking whether the package can be loaded ... OK
* checking whether the package can be loaded with stated dependencies ... OK
* checking whether the package can be unloaded cleanly ... OK
* checking whether the namespace can be loaded with stated dependencies ... OK
* checking whether the namespace can be unloaded cleanly ... OK
* checking loading without being on the library search path ... OK
* checking dependencies in R code ... OK
* checking S3 generic/method consistency ... OK
* checking replacement functions ... OK
* checking foreign function calls ... OK
* checking R code for possible problems ... OK
* checking Rd files ... OK
* checking Rd metadata ... OK
* checking Rd cross-references ... OK
* checking for missing documentation entries ... OK
* checking for code/documentation mismatches ... OK
* checking Rd \usage sections ... OK
* checking Rd contents ... OK
* checking for unstated dependencies in examples ... OK
* checking contents of ‘data’ directory ... OK
* checking data for non-ASCII characters ... OK
* checking data for ASCII and uncompressed saves ... OK
* checking line endings in shell scripts ... OK
* checking line endings in C/C++/Fortran sources/headers ... OK
* checking line endings in Makefiles ... OK
* checking compilation flags in Makevars ... OK
* checking for GNU extensions in Makefiles ... OK
* checking for portable use of $(BLAS_LIBS) and $(LAPACK_LIBS) ... OK
* checking compiled code ... OK
* checking examples ... ERROR
Running examples in ‘R2GUESS-Ex.R’ failed
The error most likely occurred in:

> ### Name: as.ESS.object
> ### Title: Compiles the main input and output files from a previous run of
> ###   'R2GUESS' and creates an ESS object.
> ### Aliases: as.ESS.object
> 
> ### ** Examples
> 
> dataX <- "data-X-C-CODE.txt"
> dataY <- "data-Y-ALL-C-CODE.txt"
> 
> path.input <- system.file("Input", package="R2GUESS")
> path.output <- system.file("Output", package="R2GUESS")
> path.par <- system.file("extdata", package="R2GUESS")
> file.par <- "Par_file_example_Hopx.xml"
> root.file.output <- "Example-GUESS-Y-Hopx"
> label.Y <- c("ADR","Fat","Heart","Kidney")
> my.env <- new.env()
> data(MAP.file,envir=my.env)
> MAP.file <- my.env$MAP.file
> modelY_Hopx <-as.ESS.object(dataY=dataY,dataX=dataX,path.input=path.input,
+     path.output=path.output,root.file.output=root.file.output,label.X=NULL,
+     label.Y=label.Y,path.par=path.par,file.par=file.par,MAP.file=MAP.file)
Warning in gzfile(file, "wb") :
  cannot open compressed file '/homero/tomas/cran/rlibro/lib/R2GUESS/Output/Example-GUESS-Y-Hopx_output_best_visited_models.RData', probable reason 'Read-only file system'
Error in gzfile(file, "wb") : cannot open the connection
Calls: as.ESS.object -> get.best.models -> save -> gzfile
Execution halted
* checking PDF version of manual ... OK
* DONE
Status: 1 ERROR
