* installing *source* package ‘R2GUESS’ ...
** package ‘R2GUESS’ successfully unpacked and MD5 sums checked
checking whether the C++ compiler works... yes
checking for C++ compiler default output file name... a.out
checking for suffix of executables... 
checking whether we are cross compiling... no
checking for suffix of object files... o
checking whether we are using the GNU C++ compiler... yes
checking whether g++ accepts -g... yes
checking for gsl-config... /usr/bin/gsl-config
checking for GSL - version >= 1.12... yes
checking whether CULA is installed... no
configure: creating ./config.status
config.status: creating src/Makevars
** libs
make[1]: Entering directory '/tmp/Rtmp1dtr3w/R.INSTALLade7fd39cae/R2GUESS/src'
g++  -I"/home/tomas/cran/rlibro/build/include" -DNDEBUG -I/usr/include  -I/usr/local/include   -fpic  -g -O2  -c Classes/CM.cc -o Classes/CM.o
g++  -I"/home/tomas/cran/rlibro/build/include" -DNDEBUG -I/usr/include  -I/usr/local/include   -fpic  -g -O2  -c Classes/Double_Matrices.cc -o Classes/Double_Matrices.o
g++  -I"/home/tomas/cran/rlibro/build/include" -DNDEBUG -I/usr/include  -I/usr/local/include   -fpic  -g -O2  -c Classes/Double_Matrices_cont.cc -o Classes/Double_Matrices_cont.o
g++  -I"/home/tomas/cran/rlibro/build/include" -DNDEBUG -I/usr/include  -I/usr/local/include   -fpic  -g -O2  -c Classes/DR.cc -o Classes/DR.o
g++  -I"/home/tomas/cran/rlibro/build/include" -DNDEBUG -I/usr/include  -I/usr/local/include   -fpic  -g -O2  -c Classes/g_AdMH.cc -o Classes/g_AdMH.o
g++  -I"/home/tomas/cran/rlibro/build/include" -DNDEBUG -I/usr/include  -I/usr/local/include   -fpic  -g -O2  -c Classes/Int_Matrices.cc -o Classes/Int_Matrices.o
g++  -I"/home/tomas/cran/rlibro/build/include" -DNDEBUG -I/usr/include  -I/usr/local/include   -fpic  -g -O2  -c Classes/Int_Matrices_var_dim.cc -o Classes/Int_Matrices_var_dim.o
g++  -I"/home/tomas/cran/rlibro/build/include" -DNDEBUG -I/usr/include  -I/usr/local/include   -fpic  -g -O2  -c Classes/Move_monitor.cc -o Classes/Move_monitor.o
g++  -I"/home/tomas/cran/rlibro/build/include" -DNDEBUG -I/usr/include  -I/usr/local/include   -fpic  -g -O2  -c Classes/Prior_param.cc -o Classes/Prior_param.o
g++  -I"/home/tomas/cran/rlibro/build/include" -DNDEBUG -I/usr/include  -I/usr/local/include   -fpic  -g -O2  -c Classes/String_Matrices.cc -o Classes/String_Matrices.o
g++  -I"/home/tomas/cran/rlibro/build/include" -DNDEBUG -I/usr/include  -I/usr/local/include   -fpic  -g -O2  -c Classes/Temperatures.cc -o Classes/Temperatures.o
g++  -I"/home/tomas/cran/rlibro/build/include" -DNDEBUG -I/usr/include  -I/usr/local/include   -fpic  -g -O2  -c Main/GUESS.cc -o Main/GUESS.o
g++  -I"/home/tomas/cran/rlibro/build/include" -DNDEBUG -I/usr/include  -I/usr/local/include   -fpic  -g -O2  -c Routines/cond_post.cc -o Routines/cond_post.o
g++  -I"/home/tomas/cran/rlibro/build/include" -DNDEBUG -I/usr/include  -I/usr/local/include   -fpic  -g -O2  -c Routines/dyn_name.cc -o Routines/dyn_name.o
g++  -I"/home/tomas/cran/rlibro/build/include" -DNDEBUG -I/usr/include  -I/usr/local/include   -fpic  -g -O2  -c Routines/matrix_handling.cc -o Routines/matrix_handling.o
g++  -I"/home/tomas/cran/rlibro/build/include" -DNDEBUG -I/usr/include  -I/usr/local/include   -fpic  -g -O2  -c Routines/moves.cc -o Routines/moves.o
g++  -I"/home/tomas/cran/rlibro/build/include" -DNDEBUG -I/usr/include  -I/usr/local/include   -fpic  -g -O2  -c Routines/post_processing.cc -o Routines/post_processing.o
g++  -I"/home/tomas/cran/rlibro/build/include" -DNDEBUG -I/usr/include  -I/usr/local/include   -fpic  -g -O2  -c Routines/rand.cc -o Routines/rand.o
g++  -I"/home/tomas/cran/rlibro/build/include" -DNDEBUG -I/usr/include  -I/usr/local/include   -fpic  -g -O2  -c Routines/regression.cc -o Routines/regression.o
g++  -I"/home/tomas/cran/rlibro/build/include" -DNDEBUG -I/usr/include  -I/usr/local/include   -fpic  -g -O2  -c Routines/xml_file_read.cc -o Routines/xml_file_read.o
Routines/xml_file_read.cc: In member function ‘bool MaXmlTagRead::GetTagPos(const char*, long int, long int, long int&)’:
Routines/xml_file_read.cc:154:32: warning: ignoring return value of ‘size_t fread(void*, size_t, size_t, FILE*)’, declared with attribute warn_unused_result [-Wunused-result]
    fread(&ch,sizeof(char),1,XF);
                                ^
Routines/xml_file_read.cc: In member function ‘bool MaXmlTagRead::GetTagFirstPos(const char*, long int, long int, long int&)’:
Routines/xml_file_read.cc:243:32: warning: ignoring return value of ‘size_t fread(void*, size_t, size_t, FILE*)’, declared with attribute warn_unused_result [-Wunused-result]
    fread(&ch,sizeof(char),1,XF);
                                ^
gcc -I"/home/tomas/cran/rlibro/build/include" -DNDEBUG -I/usr/include  -I/usr/local/include   -fpic  -g -O2  -c Routines/guess_math.c -o Routines/guess_math.o
g++  -L/usr/local/lib -o GUESS Classes/CM.o Classes/Double_Matrices.o Classes/Double_Matrices_cont.o Classes/DR.o Classes/g_AdMH.o Classes/Int_Matrices.o Classes/Int_Matrices_var_dim.o Classes/Move_monitor.o Classes/Prior_param.o Classes/String_Matrices.o Classes/Temperatures.o Main/GUESS.o Routines/cond_post.o Routines/dyn_name.o Routines/matrix_handling.o Routines/moves.o Routines/post_processing.o Routines/rand.o Routines/regression.o Routines/xml_file_read.o Routines/guess_math.o -L/usr/lib/x86_64-linux-gnu -lgsl -lgslcblas -lm
make[1]: Leaving directory '/tmp/Rtmp1dtr3w/R.INSTALLade7fd39cae/R2GUESS/src'
installing via 'install.libs.R' to /home/tomas/cran/rlibro/lib/R2GUESS
Installing GUESS to /home/tomas/cran/rlibro/lib/R2GUESS/bin
** R
** data
** inst
** preparing package for lazy loading
** help
*** installing help indices
** building package indices
** testing if installed package can be loaded
* DONE (R2GUESS)
