* using log directory ‘/home/tomas/cran/rlibro/check/ODMconverter.Rcheck’
* using R Under development (unstable) (2018-01-02 r74022)
* using platform: x86_64-pc-linux-gnu (64-bit)
* using session charset: UTF-8
* checking for file ‘ODMconverter/DESCRIPTION’ ... OK
* checking extension type ... Package
* this is package ‘ODMconverter’ version ‘2.3’
* checking package namespace information ... OK
* checking package dependencies ... OK
* checking if this is a source package ... OK
* checking if there is a namespace ... OK
* checking for executable files ... OK
* checking for hidden files and directories ... OK
* checking for portable file names ... OK
* checking for sufficient/correct file permissions ... OK
* checking whether package ‘ODMconverter’ can be installed ... OK
* checking package directory ... OK
* checking DESCRIPTION meta-information ... OK
* checking top-level files ... OK
* checking for left-over files ... OK
* checking index information ... OK
* checking package subdirectories ... OK
* checking R files for non-ASCII characters ... OK
* checking R files for syntax errors ... OK
* checking whether the package can be loaded ... OK
* checking whether the package can be loaded with stated dependencies ... OK
* checking whether the package can be unloaded cleanly ... OK
* checking whether the namespace can be loaded with stated dependencies ... OK
* checking whether the namespace can be unloaded cleanly ... OK
* checking loading without being on the library search path ... OK
* checking dependencies in R code ... OK
* checking S3 generic/method consistency ... OK
* checking replacement functions ... OK
* checking foreign function calls ... OK
* checking R code for possible problems ... OK
* checking Rd files ... OK
* checking Rd metadata ... OK
* checking Rd cross-references ... OK
* checking for missing documentation entries ... OK
* checking for code/documentation mismatches ... OK
* checking Rd \usage sections ... OK
* checking Rd contents ... OK
* checking for unstated dependencies in examples ... OK
* checking examples ... ERROR
Running examples in ‘ODMconverter-Ex.R’ failed
The error most likely occurred in:

> ### Name: CDA2ODM
> ### Title: CDA2ODM
> ### Aliases: CDA2ODM
> ### Keywords: ODM
> 
> ### ** Examples
> 
> CDA2ODM(CDAfile=file.path(path.package("ODMconverter"),"extdata","CDA_letter_basic.xml"))
[1] "Generating /homero/tomas/cran/rlibro/lib/ODMconverter/extdata/CDA_letter_basic.xml.odm.xml"
Warning in file(file, if (append) "a" else "w") :
  cannot open file '/homero/tomas/cran/rlibro/lib/ODMconverter/extdata/CDA_letter_basic.xml.odm.xml': Read-only file system
Error in file(file, if (append) "a" else "w") : 
  cannot open the connection
Calls: CDA2ODM -> sink -> file
Execution halted
* checking PDF version of manual ... OK
* DONE
Status: 1 ERROR
