* installing *source* package ‘quanteda’ ...
** package ‘quanteda’ successfully unpacked and MD5 sums checked
** libs
make[1]: Entering directory '/tmp/RtmpdziFe8/R.INSTALL3d8d6a30d662/quanteda/src'
g++ -std=gnu++11 -I/home/tomas/cran/rcnst/build/include -DNDEBUG -I. -I"/home/tomas/cran/rcnst/lib/Rcpp/include" -I"/home/tomas/cran/rcnst/lib/RcppParallel/include" -I"/home/tomas/cran/rcnst/lib/RcppArmadillo/include" -I/usr/local/include   -fpic  -g -O2 -c RcppExports.cpp -o RcppExports.o
g++ -std=gnu++11 -I/home/tomas/cran/rcnst/build/include -DNDEBUG -I. -I"/home/tomas/cran/rcnst/lib/Rcpp/include" -I"/home/tomas/cran/rcnst/lib/RcppParallel/include" -I"/home/tomas/cran/rcnst/lib/RcppArmadillo/include" -I/usr/local/include   -fpic  -g -O2 -c ca.cpp -o ca.o
g++ -std=gnu++11 -I/home/tomas/cran/rcnst/build/include -DNDEBUG -I. -I"/home/tomas/cran/rcnst/lib/Rcpp/include" -I"/home/tomas/cran/rcnst/lib/RcppParallel/include" -I"/home/tomas/cran/rcnst/lib/RcppArmadillo/include" -I/usr/local/include   -fpic  -g -O2 -c dist_mt.cpp -o dist_mt.o
g++ -std=gnu++11 -I/home/tomas/cran/rcnst/build/include -DNDEBUG -I. -I"/home/tomas/cran/rcnst/lib/Rcpp/include" -I"/home/tomas/cran/rcnst/lib/RcppParallel/include" -I"/home/tomas/cran/rcnst/lib/RcppArmadillo/include" -I/usr/local/include   -fpic  -g -O2 -c fcm_mt.cpp -o fcm_mt.o
gcc -I/home/tomas/cran/rcnst/build/include -DNDEBUG -I. -I"/home/tomas/cran/rcnst/lib/Rcpp/include" -I"/home/tomas/cran/rcnst/lib/RcppParallel/include" -I"/home/tomas/cran/rcnst/lib/RcppArmadillo/include" -I/usr/local/include   -fpic  -g -O2  -c init.c -o init.o
g++ -std=gnu++11 -I/home/tomas/cran/rcnst/build/include -DNDEBUG -I. -I"/home/tomas/cran/rcnst/lib/Rcpp/include" -I"/home/tomas/cran/rcnst/lib/RcppParallel/include" -I"/home/tomas/cran/rcnst/lib/RcppArmadillo/include" -I/usr/local/include   -fpic  -g -O2 -c sequences_mt.cpp -o sequences_mt.o
g++ -std=gnu++11 -I/home/tomas/cran/rcnst/build/include -DNDEBUG -I. -I"/home/tomas/cran/rcnst/lib/Rcpp/include" -I"/home/tomas/cran/rcnst/lib/RcppParallel/include" -I"/home/tomas/cran/rcnst/lib/RcppArmadillo/include" -I/usr/local/include   -fpic  -g -O2 -c tokens_compound_mt.cpp -o tokens_compound_mt.o
g++ -std=gnu++11 -I/home/tomas/cran/rcnst/build/include -DNDEBUG -I. -I"/home/tomas/cran/rcnst/lib/Rcpp/include" -I"/home/tomas/cran/rcnst/lib/RcppParallel/include" -I"/home/tomas/cran/rcnst/lib/RcppArmadillo/include" -I/usr/local/include   -fpic  -g -O2 -c tokens_detect_mt.cpp -o tokens_detect_mt.o
g++ -std=gnu++11 -I/home/tomas/cran/rcnst/build/include -DNDEBUG -I. -I"/home/tomas/cran/rcnst/lib/Rcpp/include" -I"/home/tomas/cran/rcnst/lib/RcppParallel/include" -I"/home/tomas/cran/rcnst/lib/RcppArmadillo/include" -I/usr/local/include   -fpic  -g -O2 -c tokens_kwic_mt.cpp -o tokens_kwic_mt.o
g++ -std=gnu++11 -I/home/tomas/cran/rcnst/build/include -DNDEBUG -I. -I"/home/tomas/cran/rcnst/lib/Rcpp/include" -I"/home/tomas/cran/rcnst/lib/RcppParallel/include" -I"/home/tomas/cran/rcnst/lib/RcppArmadillo/include" -I/usr/local/include   -fpic  -g -O2 -c tokens_lookup_mt.cpp -o tokens_lookup_mt.o
g++ -std=gnu++11 -I/home/tomas/cran/rcnst/build/include -DNDEBUG -I. -I"/home/tomas/cran/rcnst/lib/Rcpp/include" -I"/home/tomas/cran/rcnst/lib/RcppParallel/include" -I"/home/tomas/cran/rcnst/lib/RcppArmadillo/include" -I/usr/local/include   -fpic  -g -O2 -c tokens_match_mt.cpp -o tokens_match_mt.o
g++ -std=gnu++11 -I/home/tomas/cran/rcnst/build/include -DNDEBUG -I. -I"/home/tomas/cran/rcnst/lib/Rcpp/include" -I"/home/tomas/cran/rcnst/lib/RcppParallel/include" -I"/home/tomas/cran/rcnst/lib/RcppArmadillo/include" -I/usr/local/include   -fpic  -g -O2 -c tokens_ngrams_mt.cpp -o tokens_ngrams_mt.o
g++ -std=gnu++11 -I/home/tomas/cran/rcnst/build/include -DNDEBUG -I. -I"/home/tomas/cran/rcnst/lib/Rcpp/include" -I"/home/tomas/cran/rcnst/lib/RcppParallel/include" -I"/home/tomas/cran/rcnst/lib/RcppArmadillo/include" -I/usr/local/include   -fpic  -g -O2 -c tokens_recompile_mt.cpp -o tokens_recompile_mt.o
g++ -std=gnu++11 -I/home/tomas/cran/rcnst/build/include -DNDEBUG -I. -I"/home/tomas/cran/rcnst/lib/Rcpp/include" -I"/home/tomas/cran/rcnst/lib/RcppParallel/include" -I"/home/tomas/cran/rcnst/lib/RcppArmadillo/include" -I/usr/local/include   -fpic  -g -O2 -c tokens_replace_mt.cpp -o tokens_replace_mt.o
g++ -std=gnu++11 -I/home/tomas/cran/rcnst/build/include -DNDEBUG -I. -I"/home/tomas/cran/rcnst/lib/Rcpp/include" -I"/home/tomas/cran/rcnst/lib/RcppParallel/include" -I"/home/tomas/cran/rcnst/lib/RcppArmadillo/include" -I/usr/local/include   -fpic  -g -O2 -c tokens_select_mt.cpp -o tokens_select_mt.o
g++ -std=gnu++11 -I/home/tomas/cran/rcnst/build/include -DNDEBUG -I. -I"/home/tomas/cran/rcnst/lib/Rcpp/include" -I"/home/tomas/cran/rcnst/lib/RcppParallel/include" -I"/home/tomas/cran/rcnst/lib/RcppArmadillo/include" -I/usr/local/include   -fpic  -g -O2 -c utility.cpp -o utility.o
g++ -std=gnu++11 -I/home/tomas/cran/rcnst/build/include -DNDEBUG -I. -I"/home/tomas/cran/rcnst/lib/Rcpp/include" -I"/home/tomas/cran/rcnst/lib/RcppParallel/include" -I"/home/tomas/cran/rcnst/lib/RcppArmadillo/include" -I/usr/local/include   -fpic  -g -O2 -c wordfish.cpp -o wordfish.o
g++ -std=gnu++11 -I/home/tomas/cran/rcnst/build/include -DNDEBUG -I. -I"/home/tomas/cran/rcnst/lib/Rcpp/include" -I"/home/tomas/cran/rcnst/lib/RcppParallel/include" -I"/home/tomas/cran/rcnst/lib/RcppArmadillo/include" -I/usr/local/include   -fpic  -g -O2 -c wordfish_dense.cpp -o wordfish_dense.o
g++ -std=gnu++11 -I/home/tomas/cran/rcnst/build/include -DNDEBUG -I. -I"/home/tomas/cran/rcnst/lib/Rcpp/include" -I"/home/tomas/cran/rcnst/lib/RcppParallel/include" -I"/home/tomas/cran/rcnst/lib/RcppArmadillo/include" -I/usr/local/include   -fpic  -g -O2 -c wordfish_mt.cpp -o wordfish_mt.o
g++ -std=gnu++11 -shared -L/usr/local/lib -o quanteda.so RcppExports.o ca.o dist_mt.o fcm_mt.o init.o sequences_mt.o tokens_compound_mt.o tokens_detect_mt.o tokens_kwic_mt.o tokens_lookup_mt.o tokens_match_mt.o tokens_ngrams_mt.o tokens_recompile_mt.o tokens_replace_mt.o tokens_select_mt.o utility.o wordfish.o wordfish_dense.o wordfish_mt.o -L/home/tomas/cran/rcnst/build/lib -lRblas -L/home/tomas/cran/rcnst/build/lib -lRlapack
make[1]: Leaving directory '/tmp/RtmpdziFe8/R.INSTALL3d8d6a30d662/quanteda/src'
installing to /home/tomas/cran/rcnst/lib/quanteda/libs
** R
** data
*** moving datasets to lazyload DB
** demo
** inst
** byte-compile and prepare package for lazy loading
** help
*** installing help indices
** building package indices
** installing vignettes
** testing if installed package can be loaded
* DONE (quanteda)
