This is pdfTeX, Version 3.141592653-2.6-1.40.25 (TeX Live 2023/Fedora 40) (preloaded format=pdflatex 2024.11.11)  12 NOV 2024 10:01
entering extended mode
 restricted \write18 enabled.
 %&-line parsing enabled.
**\input ./Rd2.tex \input ./Rd2.tex \input ./Rd2.tex
 (./Rd2.tex
(/usr/share/texlive/texmf-dist/tex/latex/base/book.cls
Document Class: book 2022/07/02 v1.4n Standard LaTeX document class
(/usr/share/texlive/texmf-dist/tex/latex/base/bk10.clo
File: bk10.clo 2022/07/02 v1.4n Standard LaTeX file (size option)
)
\c@part=\count185
\c@chapter=\count186
\c@section=\count187
\c@subsection=\count188
\c@subsubsection=\count189
\c@paragraph=\count190
\c@subparagraph=\count191
\c@figure=\count192
\c@table=\count193
\abovecaptionskip=\skip48
\belowcaptionskip=\skip49
\bibindent=\dimen140
)
(/var/scratch2/tomas/cran/rcnst/build/share/texmf/tex/latex/Rd.sty
Package: Rd 

(/usr/share/texlive/texmf-dist/tex/latex/base/ifthen.sty
Package: ifthen 2022/04/13 v1.1d Standard LaTeX ifthen package (DPC)
)
(/usr/share/texlive/texmf-dist/tex/generic/iftex/iftex.sty
Package: iftex 2022/02/03 v1.0f TeX engine tests
)
(/usr/share/texlive/texmf-dist/tex/latex/tools/longtable.sty
Package: longtable 2021-09-01 v4.17 Multi-page Table package (DPC)
\LTleft=\skip50
\LTright=\skip51
\LTpre=\skip52
\LTpost=\skip53
\LTchunksize=\count194
\LTcapwidth=\dimen141
\LT@head=\box51
\LT@firsthead=\box52
\LT@foot=\box53
\LT@lastfoot=\box54
\LT@gbox=\box55
\LT@cols=\count195
\LT@rows=\count196
\c@LT@tables=\count197
\c@LT@chunks=\count198
\LT@p@ftn=\toks16
)
(/usr/share/texlive/texmf-dist/tex/latex/tools/bm.sty
Package: bm 2022/01/05 v1.2f Bold Symbol Support (DPC/FMi)
\symboldoperators=\mathgroup4
\symboldletters=\mathgroup5
\symboldsymbols=\mathgroup6
Package bm Info: No bold for \OMX/cmex/m/n, using \pmb.
LaTeX Font Info:    Redeclaring math alphabet \mathbf on input line 149.
)
(/usr/share/texlive/texmf-dist/tex/latex/base/alltt.sty
Package: alltt 2021/01/29 v2.0g defines alltt environment
)
(/usr/share/texlive/texmf-dist/tex/latex/tools/verbatim.sty
Package: verbatim 2022-07-02 v1.5u LaTeX2e package for verbatim enhancements
\every@verbatim=\toks17
\verbatim@line=\toks18
\verbatim@in@stream=\read2
)
(/usr/share/texlive/texmf-dist/tex/latex/url/url.sty
\Urlmuskip=\muskip16
Package: url 2013/09/16  ver 3.4  Verb mode for urls, etc.
)
(/usr/share/texlive/texmf-dist/tex/latex/base/textcomp.sty
Package: textcomp 2020/02/02 v2.0n Standard LaTeX package
)
(/usr/share/texlive/texmf-dist/tex/latex/amsmath/amsmath.sty
Package: amsmath 2022/04/08 v2.17n AMS math features
\@mathmargin=\skip54

For additional information on amsmath, use the `?' option.
(/usr/share/texlive/texmf-dist/tex/latex/amsmath/amstext.sty
Package: amstext 2021/08/26 v2.01 AMS text

(/usr/share/texlive/texmf-dist/tex/latex/amsmath/amsgen.sty
File: amsgen.sty 1999/11/30 v2.0 generic functions
\@emptytoks=\toks19
\ex@=\dimen142
))
(/usr/share/texlive/texmf-dist/tex/latex/amsmath/amsbsy.sty
Package: amsbsy 1999/11/29 v1.2d Bold Symbols
LaTeX Info: Redefining \boldsymbol on input line 28.
\pmbraise@=\dimen143
)
(/usr/share/texlive/texmf-dist/tex/latex/amsmath/amsopn.sty
Package: amsopn 2022/04/08 v2.04 operator names
)
\inf@bad=\count199
LaTeX Info: Redefining \frac on input line 234.
\uproot@=\count266
\leftroot@=\count267
LaTeX Info: Redefining \overline on input line 399.
LaTeX Info: Redefining \colon on input line 410.
\classnum@=\count268
\DOTSCASE@=\count269
LaTeX Info: Redefining \ldots on input line 496.
LaTeX Info: Redefining \dots on input line 499.
LaTeX Info: Redefining \cdots on input line 620.
\Mathstrutbox@=\box56
\strutbox@=\box57
LaTeX Info: Redefining \big on input line 722.
LaTeX Info: Redefining \Big on input line 723.
LaTeX Info: Redefining \bigg on input line 724.
LaTeX Info: Redefining \Bigg on input line 725.
\big@size=\dimen144
LaTeX Font Info:    Redeclaring font encoding OML on input line 743.
LaTeX Font Info:    Redeclaring font encoding OMS on input line 744.
\macc@depth=\count270
LaTeX Info: Redefining \bmod on input line 905.
LaTeX Info: Redefining \pmod on input line 910.
LaTeX Info: Redefining \smash on input line 940.
LaTeX Info: Redefining \relbar on input line 970.
LaTeX Info: Redefining \Relbar on input line 971.
\c@MaxMatrixCols=\count271
\dotsspace@=\muskip17
\c@parentequation=\count272
\dspbrk@lvl=\count273
\tag@help=\toks20
\row@=\count274
\column@=\count275
\maxfields@=\count276
\andhelp@=\toks21
\eqnshift@=\dimen145
\alignsep@=\dimen146
\tagshift@=\dimen147
\tagwidth@=\dimen148
\totwidth@=\dimen149
\lineht@=\dimen150
\@envbody=\toks22
\multlinegap=\skip55
\multlinetaggap=\skip56
\mathdisplay@stack=\toks23
LaTeX Info: Redefining \[ on input line 2953.
LaTeX Info: Redefining \] on input line 2954.
)
(/usr/share/texlive/texmf-dist/tex/latex/amsfonts/amsfonts.sty
Package: amsfonts 2013/01/14 v3.01 Basic AMSFonts support
\symAMSa=\mathgroup7
\symAMSb=\mathgroup8
LaTeX Font Info:    Redeclaring math symbol \hbar on input line 98.
LaTeX Font Info:    Overwriting math alphabet `\mathfrak' in version `bold'
(Font)                  U/euf/m/n --> U/euf/b/n on input line 106.
)
(/usr/share/texlive/texmf-dist/tex/latex/amsfonts/amssymb.sty
Package: amssymb 2013/01/14 v3.01 AMS font symbols
)
(/usr/share/texlive/texmf-dist/tex/latex/jknapltx/mathrsfs.sty
Package: mathrsfs 1996/01/01 Math RSFS package v1.0 (jk)
\symrsfs=\mathgroup9
)
\ldescriptionwidth=\skip57

(/usr/share/texlive/texmf-dist/tex/latex/base/fontenc.sty
Package: fontenc 2021/04/29 v2.0v Standard LaTeX package
)
(/usr/share/texlive/texmf-dist/tex/latex/psnfss/times.sty
Package: times 2020/03/25 PSNFSS-v9.3 (SPQR) 
)
(/usr/share/texlive/texmf-dist/tex/latex/inconsolata/zi4.sty
Package: zi4 2019/05/17 v1.12

`inconsolata-zi4' v1.12, 2019/05/17 Text macros for Inconsolata (msharpe)
(/usr/share/texlive/texmf-dist/tex/latex/xkeyval/xkeyval.sty
Package: xkeyval 2022/06/16 v2.9 package option processing (HA)

(/usr/share/texlive/texmf-dist/tex/generic/xkeyval/xkeyval.tex
(/usr/share/texlive/texmf-dist/tex/generic/xkeyval/xkvutils.tex
\XKV@toks=\toks24
\XKV@tempa@toks=\toks25

(/usr/share/texlive/texmf-dist/tex/generic/xkeyval/keyval.tex))
\XKV@depth=\count277
File: xkeyval.tex 2014/12/03 v2.7a key=value parser (HA)
))
\zifour@ocount=\count278
)
(/usr/share/texlive/texmf-dist/tex/latex/graphics/color.sty
Package: color 2022/01/06 v1.3d Standard LaTeX Color (DPC)

(/usr/share/texlive/texmf-dist/tex/latex/graphics-cfg/color.cfg
File: color.cfg 2016/01/02 v1.6 sample color configuration
)
Package color Info: Driver file: pdftex.def on input line 149.

(/usr/share/texlive/texmf-dist/tex/latex/graphics-def/pdftex.def
File: pdftex.def 2022/09/22 v1.2b Graphics/color driver for pdftex
)
(/usr/share/texlive/texmf-dist/tex/latex/graphics/mathcolor.ltx))
(/usr/share/texlive/texmf-dist/tex/latex/hyperref/hyperref.sty
Package: hyperref 2023-02-07 v7.00v Hypertext links for LaTeX

(/usr/share/texlive/texmf-dist/tex/generic/ltxcmds/ltxcmds.sty
Package: ltxcmds 2020-05-10 v1.25 LaTeX kernel commands for general use (HO)
)
(/usr/share/texlive/texmf-dist/tex/generic/pdftexcmds/pdftexcmds.sty
Package: pdftexcmds 2020-06-27 v0.33 Utility functions of pdfTeX for LuaTeX (HO
)

(/usr/share/texlive/texmf-dist/tex/generic/infwarerr/infwarerr.sty
Package: infwarerr 2019/12/03 v1.5 Providing info/warning/error messages (HO)
)
Package pdftexcmds Info: \pdf@primitive is available.
Package pdftexcmds Info: \pdf@ifprimitive is available.
Package pdftexcmds Info: \pdfdraftmode found.
)
(/usr/share/texlive/texmf-dist/tex/latex/kvsetkeys/kvsetkeys.sty
Package: kvsetkeys 2022-10-05 v1.19 Key value parser (HO)
)
(/usr/share/texlive/texmf-dist/tex/generic/kvdefinekeys/kvdefinekeys.sty
Package: kvdefinekeys 2019-12-19 v1.6 Define keys (HO)
)
(/usr/share/texlive/texmf-dist/tex/generic/pdfescape/pdfescape.sty
Package: pdfescape 2019/12/09 v1.15 Implements pdfTeX's escape features (HO)
)
(/usr/share/texlive/texmf-dist/tex/latex/hycolor/hycolor.sty
Package: hycolor 2020-01-27 v1.10 Color options for hyperref/bookmark (HO)
)
(/usr/share/texlive/texmf-dist/tex/latex/letltxmacro/letltxmacro.sty
Package: letltxmacro 2019/12/03 v1.6 Let assignment for LaTeX macros (HO)
)
(/usr/share/texlive/texmf-dist/tex/latex/auxhook/auxhook.sty
Package: auxhook 2019-12-17 v1.6 Hooks for auxiliary files (HO)
)
(/usr/share/texlive/texmf-dist/tex/latex/hyperref/nameref.sty
Package: nameref 2022-05-17 v2.50 Cross-referencing by name of section

(/usr/share/texlive/texmf-dist/tex/latex/refcount/refcount.sty
Package: refcount 2019/12/15 v3.6 Data extraction from label references (HO)
)
(/usr/share/texlive/texmf-dist/tex/generic/gettitlestring/gettitlestring.sty
Package: gettitlestring 2019/12/15 v1.6 Cleanup title references (HO)

(/usr/share/texlive/texmf-dist/tex/latex/kvoptions/kvoptions.sty
Package: kvoptions 2022-06-15 v3.15 Key value format for package options (HO)
))
\c@section@level=\count279
)
\@linkdim=\dimen151
\Hy@linkcounter=\count280
\Hy@pagecounter=\count281

(/usr/share/texlive/texmf-dist/tex/latex/hyperref/pd1enc.def
File: pd1enc.def 2023-02-07 v7.00v Hyperref: PDFDocEncoding definition (HO)
Now handling font encoding PD1 ...
... no UTF-8 mapping file for font encoding PD1
)
(/usr/share/texlive/texmf-dist/tex/generic/intcalc/intcalc.sty
Package: intcalc 2019/12/15 v1.3 Expandable calculations with integers (HO)
)
(/usr/share/texlive/texmf-dist/tex/generic/etexcmds/etexcmds.sty
Package: etexcmds 2019/12/15 v1.7 Avoid name clashes with e-TeX commands (HO)
)
\Hy@SavedSpaceFactor=\count282

(/usr/share/texlive/texmf-dist/tex/latex/hyperref/puenc.def
File: puenc.def 2023-02-07 v7.00v Hyperref: PDF Unicode definition (HO)
Now handling font encoding PU ...
... no UTF-8 mapping file for font encoding PU
)
Package hyperref Info: Hyper figures OFF on input line 4177.
Package hyperref Info: Link nesting OFF on input line 4182.
Package hyperref Info: Hyper index ON on input line 4185.
Package hyperref Info: Plain pages OFF on input line 4192.
Package hyperref Info: Backreferencing OFF on input line 4197.
Package hyperref Info: Implicit mode ON; LaTeX internals redefined.
Package hyperref Info: Bookmarks ON on input line 4425.
\c@Hy@tempcnt=\count283
LaTeX Info: Redefining \url on input line 4763.
\XeTeXLinkMargin=\dimen152

(/usr/share/texlive/texmf-dist/tex/generic/bitset/bitset.sty
Package: bitset 2019/12/09 v1.3 Handle bit-vector datatype (HO)

(/usr/share/texlive/texmf-dist/tex/generic/bigintcalc/bigintcalc.sty
Package: bigintcalc 2019/12/15 v1.5 Expandable calculations on big integers (HO
)
))
\Fld@menulength=\count284
\Field@Width=\dimen153
\Fld@charsize=\dimen154
Package hyperref Info: Hyper figures OFF on input line 6042.
Package hyperref Info: Link nesting OFF on input line 6047.
Package hyperref Info: Hyper index ON on input line 6050.
Package hyperref Info: backreferencing OFF on input line 6057.
Package hyperref Info: Link coloring OFF on input line 6062.
Package hyperref Info: Link coloring with OCG OFF on input line 6067.
Package hyperref Info: PDF/A mode OFF on input line 6072.

(/usr/share/texlive/texmf-dist/tex/latex/base/atbegshi-ltx.sty
Package: atbegshi-ltx 2021/01/10 v1.0c Emulation of the original atbegshi
package with kernel methods
)
\Hy@abspage=\count285
\c@Item=\count286
\c@Hfootnote=\count287
)
Package hyperref Info: Driver (autodetected): hpdftex.

(/usr/share/texlive/texmf-dist/tex/latex/hyperref/hpdftex.def
File: hpdftex.def 2023-02-07 v7.00v Hyperref driver for pdfTeX

(/usr/share/texlive/texmf-dist/tex/latex/base/atveryend-ltx.sty
Package: atveryend-ltx 2020/08/19 v1.0a Emulation of the original atveryend pac
kage
with kernel methods
)
\Fld@listcount=\count288
\c@bookmark@seq@number=\count289

(/usr/share/texlive/texmf-dist/tex/latex/rerunfilecheck/rerunfilecheck.sty
Package: rerunfilecheck 2022-07-10 v1.10 Rerun checks for auxiliary files (HO)

(/usr/share/texlive/texmf-dist/tex/generic/uniquecounter/uniquecounter.sty
Package: uniquecounter 2019/12/15 v1.4 Provide unlimited unique counter (HO)
)
Package uniquecounter Info: New unique counter `rerunfilecheck' on input line 2
85.
)
\Hy@SectionHShift=\skip58
)
Package hyperref Info: Option `colorlinks' set `true' on input line 413.
Package hyperref Info: Option `linktocpage' set `true' on input line 413.
Package hyperref Info: Option `plainpages' set `false' on input line 413.
)
(/usr/share/texlive/texmf-dist/tex/latex/base/makeidx.sty
Package: makeidx 2021/10/04 v1.0m Standard LaTeX package
)
\@indexfile=\write3
\openout3 = `Rd2.idx'.


Writing index file Rd2.idx
LaTeX Font Info:    Trying to load font information for T1+ptm on input line 8.

(/usr/share/texlive/texmf-dist/tex/latex/psnfss/t1ptm.fd
File: t1ptm.fd 2001/06/04 font definitions for T1/ptm.
)
(/usr/share/texlive/texmf-dist/tex/latex/l3backend/l3backend-pdftex.def
File: l3backend-pdftex.def 2023-01-16 L3 backend support: PDF output (pdfTeX)
\l__color_backend_stack_int=\count290
\l__pdf_internal_box=\box58
)
(/var/scratch2/tomas/tmp/RtmpoKYP94/Rd2pdf3fedb8415ff3ba/Rd2.aux)
\openout1 = `Rd2.aux'.

LaTeX Font Info:    Checking defaults for OML/cmm/m/it on input line 8.
LaTeX Font Info:    ... okay on input line 8.
LaTeX Font Info:    Checking defaults for OMS/cmsy/m/n on input line 8.
LaTeX Font Info:    ... okay on input line 8.
LaTeX Font Info:    Checking defaults for OT1/cmr/m/n on input line 8.
LaTeX Font Info:    ... okay on input line 8.
LaTeX Font Info:    Checking defaults for T1/cmr/m/n on input line 8.
LaTeX Font Info:    ... okay on input line 8.
LaTeX Font Info:    Checking defaults for TS1/cmr/m/n on input line 8.
LaTeX Font Info:    ... okay on input line 8.
LaTeX Font Info:    Checking defaults for OMX/cmex/m/n on input line 8.
LaTeX Font Info:    ... okay on input line 8.
LaTeX Font Info:    Checking defaults for U/cmr/m/n on input line 8.
LaTeX Font Info:    ... okay on input line 8.
LaTeX Font Info:    Checking defaults for PD1/pdf/m/n on input line 8.
LaTeX Font Info:    ... okay on input line 8.
LaTeX Font Info:    Checking defaults for PU/pdf/m/n on input line 8.
LaTeX Font Info:    ... okay on input line 8.

(/usr/share/texlive/texmf-dist/tex/context/base/mkii/supp-pdf.mkii
[Loading MPS to PDF converter (version 2006.09.02).]
\scratchcounter=\count291
\scratchdimen=\dimen155
\scratchbox=\box59
\nofMPsegments=\count292
\nofMParguments=\count293
\everyMPshowfont=\toks26
\MPscratchCnt=\count294
\MPscratchDim=\dimen156
\MPnumerator=\count295
\makeMPintoPDFobject=\count296
\everyMPtoPDFconversion=\toks27
)
Package hyperref Info: Link coloring ON on input line 8.
 (/var/scratch2/tomas/tmp/RtmpoKYP94/Rd2pdf3fedb8415ff3ba/Rd2.out)
(/var/scratch2/tomas/tmp/RtmpoKYP94/Rd2pdf3fedb8415ff3ba/Rd2.out)
\@outlinefile=\write4
\openout4 = `Rd2.out'.

LaTeX Font Info:    Trying to load font information for T1+zi4 on input line 27
.

(/usr/share/texlive/texmf-dist/tex/latex/inconsolata/t1zi4.fd
File: t1zi4.fd 2018/01/14 T1/zi4 (Inconsolata)
)
LaTeX Font Info:    Font shape `T1/zi4/m/n' will be
(Font)              scaled to size 10.0pt on input line 27.
LaTeX Font Info:    Trying to load font information for U+msa on input line 27.


(/usr/share/texlive/texmf-dist/tex/latex/amsfonts/umsa.fd
File: umsa.fd 2013/01/14 v3.01 AMS symbols A
)
LaTeX Font Info:    Trying to load font information for U+msb on input line 27.


(/usr/share/texlive/texmf-dist/tex/latex/amsfonts/umsb.fd
File: umsb.fd 2013/01/14 v3.01 AMS symbols B
)
LaTeX Font Info:    Trying to load font information for U+rsfs on input line 27
.

(/usr/share/texlive/texmf-dist/tex/latex/jknapltx/ursfs.fd
File: ursfs.fd 1998/03/24 rsfs font definition file (jk)
)
(/var/scratch2/tomas/tmp/RtmpoKYP94/Rd2pdf3fedb8415ff3ba/Rd2.toc [1


{/var/lib/texmf/fonts/map/pdftex/updmap/pdftex.map}{/usr/share/texlive/texmf-di
st/fonts/enc/dvips/base/8r.enc}{/usr/share/texlive/texmf-dist/fonts/enc/dvips/i
nconsolata/i4-t1-0.enc}] [2])
\tf@toc=\write5
\openout5 = `Rd2.toc'.

 [3]
Overfull \hbox (55.61035pt too wide) in paragraph at lines 128--144
[]\T1/ptm/m/n/10 Other opt-path: [][][]\T1/zi4/m/n/10 OptPath[][][][]\T1/ptm/m/
n/10 , [][][]\T1/zi4/m/n/10 getOptPathBestIndex[][][]()[]\T1/ptm/m/n/10 , [][][
]\T1/zi4/m/n/10 getOptPathCols[][][]()[]\T1/ptm/m/n/10 , [][][]\T1/zi4/m/n/10 g
etOptPathCol[][][]()[]\T1/ptm/m/n/10 , [][][]\T1/zi4/m/n/10 getOptPathDOB[][][]
()[]\T1/ptm/m/n/10 ,
 []


Overfull \hbox (45.36096pt too wide) in paragraph at lines 128--144
[][][]\T1/zi4/m/n/10 getOptPathLength[][][]()[]\T1/ptm/m/n/10 , [][][]\T1/zi4/m
/n/10 getOptPathParetoFront[][][]()[]\T1/ptm/m/n/10 , [][][]\T1/zi4/m/n/10 getO
ptPathX[][][]()[]\T1/ptm/m/n/10 , [][][]\T1/zi4/m/n/10 getOptPathY[][][]()[]\T1
/ptm/m/n/10 , [][][]\T1/zi4/m/n/10 setOptPathElDOB[][][]()[]\T1/ptm/m/n/10 ,
 []

LaTeX Font Info:    Font shape `T1/zi4/m/n' will be
(Font)              scaled to size 9.0pt on input line 147.
[4]
LaTeX Font Info:    Trying to load font information for TS1+zi4 on input line 1
83.
 (/usr/share/texlive/texmf-dist/tex/latex/inconsolata/ts1zi4.fd
File: ts1zi4.fd 2018/01/14 TS1/zi4 (Inconsolata)
)
LaTeX Font Info:    Font shape `TS1/zi4/m/n' will be
(Font)              scaled to size 10.0pt on input line 183.
 [5{/usr/share/texlive/texmf-dist/fonts/enc/dvips/inconsolata/i4-ts1.enc}] [6]
Overfull \hbox (14.17807pt too wide) in paragraph at lines 300--303
\T1/ptm/m/n/10 Re-turn re-sults as char-ac-ter vec-tor of lines []\T1/zi4/m/n/1
0 FALSE []\T1/ptm/m/n/10 or call [][][]\T1/zi4/m/n/10 irace::readParameters()[]
[][]
 []

[7]
Overfull \hbox (32.05867pt too wide) in paragraph at lines 348--355
\T1/ptm/m/n/10 Should all []\T1/zi4/m/n/10 df []\T1/ptm/m/n/10 columns be ini-t
ially con-verted to the type re-turned by []\T1/zi4/m/n/10 getParamTypes(df,
 []

[8] [9] [10] [11] [12] [13]
Overfull \hbox (17.62917pt too wide) in paragraph at lines 693--699
\T1/ptm/m/n/10 Func-tion from pack-age lhs. Pos-si-ble are: [][][]\T1/zi4/m/n/1
0 lhs::maximinLHS()[][][][]\T1/ptm/m/n/10 , [][][]\T1/zi4/m/n/10 lhs::randomLHS
()[][][][]\T1/ptm/m/n/10 ,
 []


Overfull \hbox (55.61093pt too wide) in paragraph at lines 693--699
[][][]\T1/zi4/m/n/10 lhs::geneticLHS()[][][][]\T1/ptm/m/n/10 , [][][]\T1/zi4/m/
n/10 lhs::improvedLHS()[][][][]\T1/ptm/m/n/10 , [][][]\T1/zi4/m/n/10 lhs::optAu
gmentLHS()[][][][]\T1/ptm/m/n/10 , [][][]\T1/zi4/m/n/10 lhs::optimumLHS()[][][]

 []

[14] [15] [16] [17] [18] [19] [20] [21]
Overfull \hbox (20.61035pt too wide) in paragraph at lines 1109--1125
[]\T1/ptm/m/n/10 Other opt-path: [][][]\T1/zi4/m/n/10 OptPath[][][][]\T1/ptm/m/
n/10 , [][][]\T1/zi4/m/n/10 addOptPathEl[][][]()[]\T1/ptm/m/n/10 , [][][]\T1/zi
4/m/n/10 getOptPathCols[][][]()[]\T1/ptm/m/n/10 , [][][]\T1/zi4/m/n/10 getOptPa
thCol[][][]()[]\T1/ptm/m/n/10 , [][][]\T1/zi4/m/n/10 getOptPathDOB[][][]()[]\T1
/ptm/m/n/10 ,
 []


Overfull \hbox (45.36096pt too wide) in paragraph at lines 1109--1125
[][][]\T1/zi4/m/n/10 getOptPathLength[][][]()[]\T1/ptm/m/n/10 , [][][]\T1/zi4/m
/n/10 getOptPathParetoFront[][][]()[]\T1/ptm/m/n/10 , [][][]\T1/zi4/m/n/10 getO
ptPathX[][][]()[]\T1/ptm/m/n/10 , [][][]\T1/zi4/m/n/10 getOptPathY[][][]()[]\T1
/ptm/m/n/10 , [][][]\T1/zi4/m/n/10 setOptPathElDOB[][][]()[]\T1/ptm/m/n/10 ,
 []

[22]
Overfull \hbox (50.61035pt too wide) in paragraph at lines 1178--1194
[]\T1/ptm/m/n/10 Other opt-path: [][][]\T1/zi4/m/n/10 OptPath[][][][]\T1/ptm/m/
n/10 , [][][]\T1/zi4/m/n/10 addOptPathEl[][][]()[]\T1/ptm/m/n/10 , [][][]\T1/zi
4/m/n/10 getOptPathBestIndex[][][]()[]\T1/ptm/m/n/10 , [][][]\T1/zi4/m/n/10 get
OptPathCols[][][]()[]\T1/ptm/m/n/10 , [][][]\T1/zi4/m/n/10 getOptPathDOB[][][](
)[]\T1/ptm/m/n/10 ,
 []


Overfull \hbox (45.36096pt too wide) in paragraph at lines 1178--1194
[][][]\T1/zi4/m/n/10 getOptPathLength[][][]()[]\T1/ptm/m/n/10 , [][][]\T1/zi4/m
/n/10 getOptPathParetoFront[][][]()[]\T1/ptm/m/n/10 , [][][]\T1/zi4/m/n/10 getO
ptPathX[][][]()[]\T1/ptm/m/n/10 , [][][]\T1/zi4/m/n/10 getOptPathY[][][]()[]\T1
/ptm/m/n/10 , [][][]\T1/zi4/m/n/10 setOptPathElDOB[][][]()[]\T1/ptm/m/n/10 ,
 []


Overfull \hbox (45.61035pt too wide) in paragraph at lines 1237--1253
[]\T1/ptm/m/n/10 Other opt-path: [][][]\T1/zi4/m/n/10 OptPath[][][][]\T1/ptm/m/
n/10 , [][][]\T1/zi4/m/n/10 addOptPathEl[][][]()[]\T1/ptm/m/n/10 , [][][]\T1/zi
4/m/n/10 getOptPathBestIndex[][][]()[]\T1/ptm/m/n/10 , [][][]\T1/zi4/m/n/10 get
OptPathCol[][][]()[]\T1/ptm/m/n/10 , [][][]\T1/zi4/m/n/10 getOptPathDOB[][][]()
[]\T1/ptm/m/n/10 ,
 []


Overfull \hbox (45.36096pt too wide) in paragraph at lines 1237--1253
[][][]\T1/zi4/m/n/10 getOptPathLength[][][]()[]\T1/ptm/m/n/10 , [][][]\T1/zi4/m
/n/10 getOptPathParetoFront[][][]()[]\T1/ptm/m/n/10 , [][][]\T1/zi4/m/n/10 getO
ptPathX[][][]()[]\T1/ptm/m/n/10 , [][][]\T1/zi4/m/n/10 getOptPathY[][][]()[]\T1
/ptm/m/n/10 , [][][]\T1/zi4/m/n/10 setOptPathElDOB[][][]()[]\T1/ptm/m/n/10 ,
 []

[23]
Overfull \hbox (50.61035pt too wide) in paragraph at lines 1289--1305
[]\T1/ptm/m/n/10 Other opt-path: [][][]\T1/zi4/m/n/10 OptPath[][][][]\T1/ptm/m/
n/10 , [][][]\T1/zi4/m/n/10 addOptPathEl[][][]()[]\T1/ptm/m/n/10 , [][][]\T1/zi
4/m/n/10 getOptPathBestIndex[][][]()[]\T1/ptm/m/n/10 , [][][]\T1/zi4/m/n/10 get
OptPathCols[][][]()[]\T1/ptm/m/n/10 , [][][]\T1/zi4/m/n/10 getOptPathCol[][][](
)[]\T1/ptm/m/n/10 ,
 []


Overfull \hbox (45.36096pt too wide) in paragraph at lines 1289--1305
[][][]\T1/zi4/m/n/10 getOptPathLength[][][]()[]\T1/ptm/m/n/10 , [][][]\T1/zi4/m
/n/10 getOptPathParetoFront[][][]()[]\T1/ptm/m/n/10 , [][][]\T1/zi4/m/n/10 getO
ptPathX[][][]()[]\T1/ptm/m/n/10 , [][][]\T1/zi4/m/n/10 getOptPathY[][][]()[]\T1
/ptm/m/n/10 , [][][]\T1/zi4/m/n/10 setOptPathElDOB[][][]()[]\T1/ptm/m/n/10 ,
 []

[24]
Overfull \hbox (50.61035pt too wide) in paragraph at lines 1339--1355
[]\T1/ptm/m/n/10 Other opt-path: [][][]\T1/zi4/m/n/10 OptPath[][][][]\T1/ptm/m/
n/10 , [][][]\T1/zi4/m/n/10 addOptPathEl[][][]()[]\T1/ptm/m/n/10 , [][][]\T1/zi
4/m/n/10 getOptPathBestIndex[][][]()[]\T1/ptm/m/n/10 , [][][]\T1/zi4/m/n/10 get
OptPathCols[][][]()[]\T1/ptm/m/n/10 , [][][]\T1/zi4/m/n/10 getOptPathCol[][][](
)[]\T1/ptm/m/n/10 ,
 []


Overfull \hbox (0.84094pt too wide) in paragraph at lines 1339--1355
[][][]\T1/zi4/m/n/10 getOptPathDOB[][][]()[]\T1/ptm/m/n/10 , [][][]\T1/zi4/m/n/
10 getOptPathEOL[][][]()[]\T1/ptm/m/n/10 , [][][]\T1/zi4/m/n/10 getOptPathError
Messages[][][]()[]\T1/ptm/m/n/10 , [][][]\T1/zi4/m/n/10 getOptPathExecTimes[][]
[]()[]\T1/ptm/m/n/10 ,
 []


Overfull \hbox (45.36096pt too wide) in paragraph at lines 1339--1355
[][][]\T1/zi4/m/n/10 getOptPathLength[][][]()[]\T1/ptm/m/n/10 , [][][]\T1/zi4/m
/n/10 getOptPathParetoFront[][][]()[]\T1/ptm/m/n/10 , [][][]\T1/zi4/m/n/10 getO
ptPathX[][][]()[]\T1/ptm/m/n/10 , [][][]\T1/zi4/m/n/10 getOptPathY[][][]()[]\T1
/ptm/m/n/10 , [][][]\T1/zi4/m/n/10 setOptPathElDOB[][][]()[]\T1/ptm/m/n/10 ,
 []

[25]
Overfull \hbox (50.61035pt too wide) in paragraph at lines 1391--1407
[]\T1/ptm/m/n/10 Other opt-path: [][][]\T1/zi4/m/n/10 OptPath[][][][]\T1/ptm/m/
n/10 , [][][]\T1/zi4/m/n/10 addOptPathEl[][][]()[]\T1/ptm/m/n/10 , [][][]\T1/zi
4/m/n/10 getOptPathBestIndex[][][]()[]\T1/ptm/m/n/10 , [][][]\T1/zi4/m/n/10 get
OptPathCols[][][]()[]\T1/ptm/m/n/10 , [][][]\T1/zi4/m/n/10 getOptPathCol[][][](
)[]\T1/ptm/m/n/10 ,
 []


Overfull \hbox (45.36096pt too wide) in paragraph at lines 1391--1407
[][][]\T1/zi4/m/n/10 getOptPathLength[][][]()[]\T1/ptm/m/n/10 , [][][]\T1/zi4/m
/n/10 getOptPathParetoFront[][][]()[]\T1/ptm/m/n/10 , [][][]\T1/zi4/m/n/10 getO
ptPathX[][][]()[]\T1/ptm/m/n/10 , [][][]\T1/zi4/m/n/10 getOptPathY[][][]()[]\T1
/ptm/m/n/10 , [][][]\T1/zi4/m/n/10 setOptPathElDOB[][][]()[]\T1/ptm/m/n/10 ,
 []


Overfull \hbox (50.61035pt too wide) in paragraph at lines 1443--1459
[]\T1/ptm/m/n/10 Other opt-path: [][][]\T1/zi4/m/n/10 OptPath[][][][]\T1/ptm/m/
n/10 , [][][]\T1/zi4/m/n/10 addOptPathEl[][][]()[]\T1/ptm/m/n/10 , [][][]\T1/zi
4/m/n/10 getOptPathBestIndex[][][]()[]\T1/ptm/m/n/10 , [][][]\T1/zi4/m/n/10 get
OptPathCols[][][]()[]\T1/ptm/m/n/10 , [][][]\T1/zi4/m/n/10 getOptPathCol[][][](
)[]\T1/ptm/m/n/10 ,
 []


Overfull \hbox (40.36096pt too wide) in paragraph at lines 1443--1459
[][][]\T1/zi4/m/n/10 getOptPathDOB[][][]()[]\T1/ptm/m/n/10 , [][][]\T1/zi4/m/n/
10 getOptPathEOL[][][]()[]\T1/ptm/m/n/10 , [][][]\T1/zi4/m/n/10 getOptPathEl[][
][]()[]\T1/ptm/m/n/10 , [][][]\T1/zi4/m/n/10 getOptPathExecTimes[][][]()[]\T1/p
tm/m/n/10 , [][][]\T1/zi4/m/n/10 getOptPathLength[][][]()[]\T1/ptm/m/n/10 ,
 []


Overfull \hbox (37.86096pt too wide) in paragraph at lines 1443--1459
[][][]\T1/zi4/m/n/10 getOptPathParetoFront[][][]()[]\T1/ptm/m/n/10 , [][][]\T1/
zi4/m/n/10 getOptPathX[][][]()[]\T1/ptm/m/n/10 , [][][]\T1/zi4/m/n/10 getOptPat
hY[][][]()[]\T1/ptm/m/n/10 , [][][]\T1/zi4/m/n/10 setOptPathElDOB[][][]()[]\T1/
ptm/m/n/10 , [][][]\T1/zi4/m/n/10 setOptPathElEOL[][][]() 
 []

[26]
Overfull \hbox (50.61035pt too wide) in paragraph at lines 1495--1511
[]\T1/ptm/m/n/10 Other opt-path: [][][]\T1/zi4/m/n/10 OptPath[][][][]\T1/ptm/m/
n/10 , [][][]\T1/zi4/m/n/10 addOptPathEl[][][]()[]\T1/ptm/m/n/10 , [][][]\T1/zi
4/m/n/10 getOptPathBestIndex[][][]()[]\T1/ptm/m/n/10 , [][][]\T1/zi4/m/n/10 get
OptPathCols[][][]()[]\T1/ptm/m/n/10 , [][][]\T1/zi4/m/n/10 getOptPathCol[][][](
)[]\T1/ptm/m/n/10 ,
 []


Overfull \hbox (60.36096pt too wide) in paragraph at lines 1495--1511
[][][]\T1/zi4/m/n/10 getOptPathDOB[][][]()[]\T1/ptm/m/n/10 , [][][]\T1/zi4/m/n/
10 getOptPathEOL[][][]()[]\T1/ptm/m/n/10 , [][][]\T1/zi4/m/n/10 getOptPathEl[][
][]()[]\T1/ptm/m/n/10 , [][][]\T1/zi4/m/n/10 getOptPathErrorMessages[][][]()[]\
T1/ptm/m/n/10 , [][][]\T1/zi4/m/n/10 getOptPathLength[][][]()[]\T1/ptm/m/n/10 ,

 []


Overfull \hbox (37.86096pt too wide) in paragraph at lines 1495--1511
[][][]\T1/zi4/m/n/10 getOptPathParetoFront[][][]()[]\T1/ptm/m/n/10 , [][][]\T1/
zi4/m/n/10 getOptPathX[][][]()[]\T1/ptm/m/n/10 , [][][]\T1/zi4/m/n/10 getOptPat
hY[][][]()[]\T1/ptm/m/n/10 , [][][]\T1/zi4/m/n/10 setOptPathElDOB[][][]()[]\T1/
ptm/m/n/10 , [][][]\T1/zi4/m/n/10 setOptPathElEOL[][][]() 
 []

[27]
Overfull \hbox (50.61035pt too wide) in paragraph at lines 1538--1554
[]\T1/ptm/m/n/10 Other opt-path: [][][]\T1/zi4/m/n/10 OptPath[][][][]\T1/ptm/m/
n/10 , [][][]\T1/zi4/m/n/10 addOptPathEl[][][]()[]\T1/ptm/m/n/10 , [][][]\T1/zi
4/m/n/10 getOptPathBestIndex[][][]()[]\T1/ptm/m/n/10 , [][][]\T1/zi4/m/n/10 get
OptPathCols[][][]()[]\T1/ptm/m/n/10 , [][][]\T1/zi4/m/n/10 getOptPathCol[][][](
)[]\T1/ptm/m/n/10 ,
 []


Overfull \hbox (75.36096pt too wide) in paragraph at lines 1538--1554
[][][]\T1/zi4/m/n/10 getOptPathDOB[][][]()[]\T1/ptm/m/n/10 , [][][]\T1/zi4/m/n/
10 getOptPathEOL[][][]()[]\T1/ptm/m/n/10 , [][][]\T1/zi4/m/n/10 getOptPathEl[][
][]()[]\T1/ptm/m/n/10 , [][][]\T1/zi4/m/n/10 getOptPathErrorMessages[][][]()[]\
T1/ptm/m/n/10 , [][][]\T1/zi4/m/n/10 getOptPathExecTimes[][][]()[]\T1/ptm/m/n/1
0 ,
 []


Overfull \hbox (37.86096pt too wide) in paragraph at lines 1538--1554
[][][]\T1/zi4/m/n/10 getOptPathParetoFront[][][]()[]\T1/ptm/m/n/10 , [][][]\T1/
zi4/m/n/10 getOptPathX[][][]()[]\T1/ptm/m/n/10 , [][][]\T1/zi4/m/n/10 getOptPat
hY[][][]()[]\T1/ptm/m/n/10 , [][][]\T1/zi4/m/n/10 setOptPathElDOB[][][]()[]\T1/
ptm/m/n/10 , [][][]\T1/zi4/m/n/10 setOptPathElEOL[][][]() 
 []

[28]
Overfull \hbox (50.61035pt too wide) in paragraph at lines 1605--1621
[]\T1/ptm/m/n/10 Other opt-path: [][][]\T1/zi4/m/n/10 OptPath[][][][]\T1/ptm/m/
n/10 , [][][]\T1/zi4/m/n/10 addOptPathEl[][][]()[]\T1/ptm/m/n/10 , [][][]\T1/zi
4/m/n/10 getOptPathBestIndex[][][]()[]\T1/ptm/m/n/10 , [][][]\T1/zi4/m/n/10 get
OptPathCols[][][]()[]\T1/ptm/m/n/10 , [][][]\T1/zi4/m/n/10 getOptPathCol[][][](
)[]\T1/ptm/m/n/10 ,
 []


Overfull \hbox (75.36096pt too wide) in paragraph at lines 1605--1621
[][][]\T1/zi4/m/n/10 getOptPathDOB[][][]()[]\T1/ptm/m/n/10 , [][][]\T1/zi4/m/n/
10 getOptPathEOL[][][]()[]\T1/ptm/m/n/10 , [][][]\T1/zi4/m/n/10 getOptPathEl[][
][]()[]\T1/ptm/m/n/10 , [][][]\T1/zi4/m/n/10 getOptPathErrorMessages[][][]()[]\
T1/ptm/m/n/10 , [][][]\T1/zi4/m/n/10 getOptPathExecTimes[][][]()[]\T1/ptm/m/n/1
0 ,
 []


Overfull \hbox (12.86096pt too wide) in paragraph at lines 1605--1621
[][][]\T1/zi4/m/n/10 getOptPathLength[][][]()[]\T1/ptm/m/n/10 , [][][]\T1/zi4/m
/n/10 getOptPathX[][][]()[]\T1/ptm/m/n/10 , [][][]\T1/zi4/m/n/10 getOptPathY[][
][]()[]\T1/ptm/m/n/10 , [][][]\T1/zi4/m/n/10 setOptPathElDOB[][][]()[]\T1/ptm/m
/n/10 , [][][]\T1/zi4/m/n/10 setOptPathElEOL[][][]() 
 []

[29]
Overfull \hbox (50.61035pt too wide) in paragraph at lines 1671--1687
[]\T1/ptm/m/n/10 Other opt-path: [][][]\T1/zi4/m/n/10 OptPath[][][][]\T1/ptm/m/
n/10 , [][][]\T1/zi4/m/n/10 addOptPathEl[][][]()[]\T1/ptm/m/n/10 , [][][]\T1/zi
4/m/n/10 getOptPathBestIndex[][][]()[]\T1/ptm/m/n/10 , [][][]\T1/zi4/m/n/10 get
OptPathCols[][][]()[]\T1/ptm/m/n/10 , [][][]\T1/zi4/m/n/10 getOptPathCol[][][](
)[]\T1/ptm/m/n/10 ,
 []


Overfull \hbox (75.36096pt too wide) in paragraph at lines 1671--1687
[][][]\T1/zi4/m/n/10 getOptPathDOB[][][]()[]\T1/ptm/m/n/10 , [][][]\T1/zi4/m/n/
10 getOptPathEOL[][][]()[]\T1/ptm/m/n/10 , [][][]\T1/zi4/m/n/10 getOptPathEl[][
][]()[]\T1/ptm/m/n/10 , [][][]\T1/zi4/m/n/10 getOptPathErrorMessages[][][]()[]\
T1/ptm/m/n/10 , [][][]\T1/zi4/m/n/10 getOptPathExecTimes[][][]()[]\T1/ptm/m/n/1
0 ,
 []


Overfull \hbox (62.86096pt too wide) in paragraph at lines 1671--1687
[][][]\T1/zi4/m/n/10 getOptPathLength[][][]()[]\T1/ptm/m/n/10 , [][][]\T1/zi4/m
/n/10 getOptPathParetoFront[][][]()[]\T1/ptm/m/n/10 , [][][]\T1/zi4/m/n/10 getO
ptPathY[][][]()[]\T1/ptm/m/n/10 , [][][]\T1/zi4/m/n/10 setOptPathElDOB[][][]()[
]\T1/ptm/m/n/10 , [][][]\T1/zi4/m/n/10 setOptPathElEOL[][][]() 
 []

[30]
Overfull \hbox (50.61035pt too wide) in paragraph at lines 1731--1747
[]\T1/ptm/m/n/10 Other opt-path: [][][]\T1/zi4/m/n/10 OptPath[][][][]\T1/ptm/m/
n/10 , [][][]\T1/zi4/m/n/10 addOptPathEl[][][]()[]\T1/ptm/m/n/10 , [][][]\T1/zi
4/m/n/10 getOptPathBestIndex[][][]()[]\T1/ptm/m/n/10 , [][][]\T1/zi4/m/n/10 get
OptPathCols[][][]()[]\T1/ptm/m/n/10 , [][][]\T1/zi4/m/n/10 getOptPathCol[][][](
)[]\T1/ptm/m/n/10 ,
 []


Overfull \hbox (75.36096pt too wide) in paragraph at lines 1731--1747
[][][]\T1/zi4/m/n/10 getOptPathDOB[][][]()[]\T1/ptm/m/n/10 , [][][]\T1/zi4/m/n/
10 getOptPathEOL[][][]()[]\T1/ptm/m/n/10 , [][][]\T1/zi4/m/n/10 getOptPathEl[][
][]()[]\T1/ptm/m/n/10 , [][][]\T1/zi4/m/n/10 getOptPathErrorMessages[][][]()[]\
T1/ptm/m/n/10 , [][][]\T1/zi4/m/n/10 getOptPathExecTimes[][][]()[]\T1/ptm/m/n/1
0 ,
 []


Overfull \hbox (62.86096pt too wide) in paragraph at lines 1731--1747
[][][]\T1/zi4/m/n/10 getOptPathLength[][][]()[]\T1/ptm/m/n/10 , [][][]\T1/zi4/m
/n/10 getOptPathParetoFront[][][]()[]\T1/ptm/m/n/10 , [][][]\T1/zi4/m/n/10 getO
ptPathX[][][]()[]\T1/ptm/m/n/10 , [][][]\T1/zi4/m/n/10 setOptPathElDOB[][][]()[
]\T1/ptm/m/n/10 , [][][]\T1/zi4/m/n/10 setOptPathElEOL[][][]() 
 []

[31] [32] [33] [34] [35] [36] [37] [38] [39] [40] [41]
Underfull \hbox (badness 10000) in paragraph at lines 2367--2368

 []

[42] [43] [44] [45] [46]
Underfull \vbox (badness 10000) has occurred while \output is active []

 [47]
[48] [49] [50] [51]
Overfull \hbox (11.09033pt too wide) in paragraph at lines 2918--2934
[]\T1/ptm/m/n/10 Other opt-path: [][][]\T1/zi4/m/n/10 addOptPathEl[][][]()[]\T1
/ptm/m/n/10 , [][][]\T1/zi4/m/n/10 getOptPathBestIndex[][][]()[]\T1/ptm/m/n/10 
, [][][]\T1/zi4/m/n/10 getOptPathCols[][][]()[]\T1/ptm/m/n/10 , [][][]\T1/zi4/m
/n/10 getOptPathCol[][][]()[]\T1/ptm/m/n/10 ,
 []


Overfull \hbox (75.36096pt too wide) in paragraph at lines 2918--2934
[][][]\T1/zi4/m/n/10 getOptPathDOB[][][]()[]\T1/ptm/m/n/10 , [][][]\T1/zi4/m/n/
10 getOptPathEOL[][][]()[]\T1/ptm/m/n/10 , [][][]\T1/zi4/m/n/10 getOptPathEl[][
][]()[]\T1/ptm/m/n/10 , [][][]\T1/zi4/m/n/10 getOptPathErrorMessages[][][]()[]\
T1/ptm/m/n/10 , [][][]\T1/zi4/m/n/10 getOptPathExecTimes[][][]()[]\T1/ptm/m/n/1
0 ,
 []


Overfull \hbox (45.36096pt too wide) in paragraph at lines 2918--2934
[][][]\T1/zi4/m/n/10 getOptPathLength[][][]()[]\T1/ptm/m/n/10 , [][][]\T1/zi4/m
/n/10 getOptPathParetoFront[][][]()[]\T1/ptm/m/n/10 , [][][]\T1/zi4/m/n/10 getO
ptPathX[][][]()[]\T1/ptm/m/n/10 , [][][]\T1/zi4/m/n/10 getOptPathY[][][]()[]\T1
/ptm/m/n/10 , [][][]\T1/zi4/m/n/10 setOptPathElDOB[][][]()[]\T1/ptm/m/n/10 ,
 []

[52]
Overfull \hbox (46.17798pt too wide) in paragraph at lines 2953--2959
\T1/ptm/m/n/10 filled in / sub-sti-tuted from a dic-tio-nary, in or-der to pro-
duce a con-crete valu, see [][][]\T1/zi4/m/n/10 evaluateParamExpressions()[][][
][]\T1/ptm/m/n/10 .
 []

[53]
Underfull \vbox (badness 10000) has occurred while \output is active []

 [54]
Underfull \vbox (badness 10000) has occurred while \output is active []

 [55]
[56] [57] [58]
Overfull \hbox (0.91853pt too wide) in paragraph at lines 3282--3287
[]\T1/ptm/m/n/10 We changed the de-faults of [][][]\T1/zi4/m/n/10 eaf::eafplot(
)[][][] []\T1/ptm/m/n/10 in the fol-low-ing way: The axis are la-beled by []\T1
/zi4/m/n/10 y.names[]\T1/ptm/m/n/10 ,
 []

[59] [60] [61] [62] [63]
Overfull \hbox (3.12897pt too wide) in paragraph at lines 3526--3529
\T1/ptm/m/n/10 Nu-meric miss-ing val-ues will be re-placed by []\T1/zi4/m/n/10 
max + impute.scale * (max - min)[]\T1/ptm/m/n/10 .
 []

[64] [65]
LaTeX Font Info:    Font shape `TS1/zi4/m/n' will be
(Font)              scaled to size 9.0pt on input line 3679.
 [66] [67]
Overfull \hbox (50.61035pt too wide) in paragraph at lines 3786--3802
[]\T1/ptm/m/n/10 Other opt-path: [][][]\T1/zi4/m/n/10 OptPath[][][][]\T1/ptm/m/
n/10 , [][][]\T1/zi4/m/n/10 addOptPathEl[][][]()[]\T1/ptm/m/n/10 , [][][]\T1/zi
4/m/n/10 getOptPathBestIndex[][][]()[]\T1/ptm/m/n/10 , [][][]\T1/zi4/m/n/10 get
OptPathCols[][][]()[]\T1/ptm/m/n/10 , [][][]\T1/zi4/m/n/10 getOptPathCol[][][](
)[]\T1/ptm/m/n/10 ,
 []


Overfull \hbox (75.36096pt too wide) in paragraph at lines 3786--3802
[][][]\T1/zi4/m/n/10 getOptPathDOB[][][]()[]\T1/ptm/m/n/10 , [][][]\T1/zi4/m/n/
10 getOptPathEOL[][][]()[]\T1/ptm/m/n/10 , [][][]\T1/zi4/m/n/10 getOptPathEl[][
][]()[]\T1/ptm/m/n/10 , [][][]\T1/zi4/m/n/10 getOptPathErrorMessages[][][]()[]\
T1/ptm/m/n/10 , [][][]\T1/zi4/m/n/10 getOptPathExecTimes[][][]()[]\T1/ptm/m/n/1
0 ,
 []


Overfull \hbox (42.86096pt too wide) in paragraph at lines 3786--3802
[][][]\T1/zi4/m/n/10 getOptPathLength[][][]()[]\T1/ptm/m/n/10 , [][][]\T1/zi4/m
/n/10 getOptPathParetoFront[][][]()[]\T1/ptm/m/n/10 , [][][]\T1/zi4/m/n/10 getO
ptPathX[][][]()[]\T1/ptm/m/n/10 , [][][]\T1/zi4/m/n/10 getOptPathY[][][]()[]\T1
/ptm/m/n/10 , [][][]\T1/zi4/m/n/10 setOptPathElEOL[][][]() 
 []

[68]
Overfull \hbox (50.61035pt too wide) in paragraph at lines 3834--3850
[]\T1/ptm/m/n/10 Other opt-path: [][][]\T1/zi4/m/n/10 OptPath[][][][]\T1/ptm/m/
n/10 , [][][]\T1/zi4/m/n/10 addOptPathEl[][][]()[]\T1/ptm/m/n/10 , [][][]\T1/zi
4/m/n/10 getOptPathBestIndex[][][]()[]\T1/ptm/m/n/10 , [][][]\T1/zi4/m/n/10 get
OptPathCols[][][]()[]\T1/ptm/m/n/10 , [][][]\T1/zi4/m/n/10 getOptPathCol[][][](
)[]\T1/ptm/m/n/10 ,
 []


Overfull \hbox (75.36096pt too wide) in paragraph at lines 3834--3850
[][][]\T1/zi4/m/n/10 getOptPathDOB[][][]()[]\T1/ptm/m/n/10 , [][][]\T1/zi4/m/n/
10 getOptPathEOL[][][]()[]\T1/ptm/m/n/10 , [][][]\T1/zi4/m/n/10 getOptPathEl[][
][]()[]\T1/ptm/m/n/10 , [][][]\T1/zi4/m/n/10 getOptPathErrorMessages[][][]()[]\
T1/ptm/m/n/10 , [][][]\T1/zi4/m/n/10 getOptPathExecTimes[][][]()[]\T1/ptm/m/n/1
0 ,
 []


Overfull \hbox (42.86096pt too wide) in paragraph at lines 3834--3850
[][][]\T1/zi4/m/n/10 getOptPathLength[][][]()[]\T1/ptm/m/n/10 , [][][]\T1/zi4/m
/n/10 getOptPathParetoFront[][][]()[]\T1/ptm/m/n/10 , [][][]\T1/zi4/m/n/10 getO
ptPathX[][][]()[]\T1/ptm/m/n/10 , [][][]\T1/zi4/m/n/10 getOptPathY[][][]()[]\T1
/ptm/m/n/10 , [][][]\T1/zi4/m/n/10 setOptPathElDOB[][][]() 
 []

[69] [70] [71] (/var/scratch2/tomas/tmp/RtmpoKYP94/Rd2pdf3fedb8415ff3ba/Rd2.ind
[72]

LaTeX Font Warning: Font shape `T1/zi4/m/it' undefined
(Font)              using `T1/zi4/m/n' instead on input line 64.

LaTeX Font Info:    Font shape `T1/zi4/m/it' will be
(Font)              scaled to size 10.0pt on input line 81.
[73

] [74] [75])
(/var/scratch2/tomas/tmp/RtmpoKYP94/Rd2pdf3fedb8415ff3ba/Rd2.aux)

LaTeX Font Warning: Some font shapes were not available, defaults substituted.

Package rerunfilecheck Info: File `Rd2.out' has not changed.
(rerunfilecheck)             Checksum: 03B31690B21F11B3B81C801DD40421D8;8765.
 ) 
Here is how much of TeX's memory you used:
 11019 strings out of 476041
 169251 string characters out of 5793163
 1867388 words of memory out of 6000000
 30650 multiletter control sequences out of 15000+600000
 546418 words of font info for 76 fonts, out of 8000000 for 9000
 1137 hyphenation exceptions out of 8191
 92i,6n,92p,296b,728s stack positions out of 10000i,1000n,20000p,200000b,200000s

pdfTeX warning (dest): name{Rfn.ggplot2::theme\(\)} has been referenced but doe
s not exist, replaced by a fixed one


pdfTeX warning (dest): name{Rfn.GGally::ggparcoord\(\)} has been referenced but
 does not exist, replaced by a fixed one


pdfTeX warning (dest): name{Rfn.NULL} has been referenced but does not exist, r
eplaced by a fixed one


pdfTeX warning (dest): name{Rfn.eaf::eafplot\(\)} has been referenced but does 
not exist, replaced by a fixed one


pdfTeX warning (dest): name{Rfn.base::sprintf\(\)} has been referenced but does
 not exist, replaced by a fixed one


pdfTeX warning (dest): name{Rfn.environment} has been referenced but does not e
xist, replaced by a fixed one


pdfTeX warning (dest): name{Rfn.logical} has been referenced but does not exist
, replaced by a fixed one


pdfTeX warning (dest): name{Rfn.numeric} has been referenced but does not exist
, replaced by a fixed one


pdfTeX warning (dest): name{Rfn.lhs::optimumLHS\(\)} has been referenced but do
es not exist, replaced by a fixed one


pdfTeX warning (dest): name{Rfn.lhs::optAugmentLHS\(\)} has been referenced but
 does not exist, replaced by a fixed one


pdfTeX warning (dest): name{Rfn.lhs::improvedLHS\(\)} has been referenced but d
oes not exist, replaced by a fixed one


pdfTeX warning (dest): name{Rfn.lhs::geneticLHS\(\)} has been referenced but do
es not exist, replaced by a fixed one


pdfTeX warning (dest): name{Rfn.lhs::maximinLHS\(\)} has been referenced but do
es not exist, replaced by a fixed one


pdfTeX warning (dest): name{Rfn.lhs::randomLHS\(\)} has been referenced but doe
s not exist, replaced by a fixed one


pdfTeX warning (dest): name{Rfn.ParamHelpers::ParamSet\(\)} has been referenced
 but does not exist, replaced by a fixed one


pdfTeX warning (dest): name{Rfn.any} has been referenced but does not exist, re
placed by a fixed one


pdfTeX warning (dest): name{Rfn.irace::readParameters\(\)} has been referenced 
but does not exist, replaced by a fixed one


pdfTeX warning (dest): name{Rfn.readParameters} has been referenced but does no
t exist, replaced by a fixed one


pdfTeX warning (dest): name{Rfn.TRUE} has been referenced but does not exist, r
eplaced by a fixed one


pdfTeX warning (dest): name{Rfn.list} has been referenced but does not exist, r
eplaced by a fixed one


pdfTeX warning (dest): name{Rfn.data.frame} has been referenced but does not ex
ist, replaced by a fixed one


pdfTeX warning (dest): name{Rfn.integer} has been referenced but does not exist
, replaced by a fixed one


pdfTeX warning (dest): name{Rfn.character} has been referenced but does not exi
st, replaced by a fixed one


pdfTeX warning (dest): name{Rfn.BBmisc::convertDataFrameCols\(\)} has been refe
renced but does not exist, replaced by a fixed one

</usr/share/texlive/texmf-dist/fonts/type1/public/inconsolata/Inconsolata-zi4r.
pfb></usr/share/texlive/texmf-dist/fonts/type1/public/amsfonts/cm/cmsy10.pfb></
usr/share/texlive/texmf-dist/fonts/type1/urw/times/utmb8a.pfb></usr/share/texli
ve/texmf-dist/fonts/type1/urw/times/utmr8a.pfb></usr/share/texlive/texmf-dist/f
onts/type1/urw/times/utmr8a.pfb></usr/share/texlive/texmf-dist/fonts/type1/urw/
times/utmri8a.pfb>
Output written on Rd2.pdf (75 pages, 256171 bytes).
PDF statistics:
 2222 PDF objects out of 2487 (max. 8388607)
 2110 compressed objects within 22 object streams
 637 named destinations out of 1000 (max. 500000)
 577 words of extra memory for PDF output out of 10000 (max. 10000000)

