* using log directory ‘/home/tomas/cran/rlibro/check/finch.Rcheck’
* using R Under development (unstable) (2018-01-20 r74146)
* using platform: x86_64-pc-linux-gnu (64-bit)
* using session charset: UTF-8
* checking for file ‘finch/DESCRIPTION’ ... OK
* this is package ‘finch’ version ‘0.1.0’
* checking package namespace information ... OK
* checking package dependencies ... OK
* checking if this is a source package ... OK
* checking if there is a namespace ... OK
* checking for executable files ... OK
* checking for hidden files and directories ... OK
* checking for portable file names ... OK
* checking for sufficient/correct file permissions ... OK
* checking whether package ‘finch’ can be installed ... OK
* checking package directory ... OK
* checking DESCRIPTION meta-information ... OK
* checking top-level files ... OK
* checking for left-over files ... OK
* checking index information ... OK
* checking package subdirectories ... OK
* checking R files for non-ASCII characters ... OK
* checking R files for syntax errors ... OK
* checking whether the package can be loaded ... OK
* checking whether the package can be loaded with stated dependencies ... OK
* checking whether the package can be unloaded cleanly ... OK
* checking whether the namespace can be loaded with stated dependencies ... OK
* checking whether the namespace can be unloaded cleanly ... OK
* checking loading without being on the library search path ... OK
* checking dependencies in R code ... OK
* checking S3 generic/method consistency ... OK
* checking replacement functions ... OK
* checking foreign function calls ... OK
* checking R code for possible problems ... OK
* checking Rd files ... OK
* checking Rd metadata ... OK
* checking Rd cross-references ... OK
* checking for missing documentation entries ... OK
* checking for code/documentation mismatches ... OK
* checking Rd \usage sections ... OK
* checking Rd contents ... OK
* checking for unstated dependencies in examples ... OK
* checking examples ... OK
* checking for unstated dependencies in ‘tests’ ... OK
* checking tests ... ERROR
  Running ‘test-all.R’
Running the tests in ‘tests/test-all.R’ failed.
Last 13 lines of output:
  > library('finch')
  > 
  > test_check('finch')
  ── 1. Error: dwca_get - works with a zip file - read=FALSE (@test-dwca_get.R#21)
  cannot open file '/homero/tomas/cran/rlibro/lib/finch/examples/0000154-150116162929234/multimedia.txt': Read-only file system
  1: dwca_read(zip, read = FALSE) at testthat/test-dwca_get.R:21
  2: process(x)
  3: utils::unzip(x, exdir = dirpath)
  
  ══ testthat results  ═══════════════════════════════════════════════════════════
  OK: 29 SKIPPED: 2 FAILED: 1
  1. Error: dwca_get - works with a zip file - read=FALSE (@test-dwca_get.R#21) 
  
  Error: testthat unit tests failed
  Execution halted
* checking PDF version of manual ... OK
* DONE
Status: 1 ERROR
