Hmm ... looks like a package

This is pdfTeX, Version 3.14159265-2.6-1.40.17 (TeX Live 2016/Debian) (preloaded format=pdflatex)
 restricted \write18 enabled.
entering extended mode
LaTeX2e <2017/01/01> patch level 3
Babel <3.9r> and hyphenation patterns for 83 language(s) loaded.
(./Rd2.tex
(/usr/share/texlive/texmf-dist/tex/latex/base/book.cls
Document Class: book 2014/09/29 v1.4h Standard LaTeX document class
(/usr/share/texlive/texmf-dist/tex/latex/base/bk10.clo))
(/home/tomas/cran/rcnst/build/share/texmf/tex/latex/Rd.sty
(/usr/share/texlive/texmf-dist/tex/latex/base/ifthen.sty)
(/usr/share/texlive/texmf-dist/tex/latex/tools/longtable.sty)
(/usr/share/texlive/texmf-dist/tex/latex/tools/bm.sty)
(/usr/share/texlive/texmf-dist/tex/latex/base/alltt.sty)
(/usr/share/texlive/texmf-dist/tex/latex/tools/verbatim.sty)
(/usr/share/texlive/texmf-dist/tex/latex/url/url.sty)
(/usr/share/texlive/texmf-dist/tex/latex/base/textcomp.sty
(/usr/share/texlive/texmf-dist/tex/latex/base/ts1enc.def))
(/usr/share/texlive/texmf-dist/tex/latex/base/fontenc.sty
(/usr/share/texlive/texmf-dist/tex/latex/base/t1enc.def))
(/usr/share/texlive/texmf-dist/tex/latex/psnfss/times.sty)
(/usr/share/texlive/texmf-dist/tex/latex/inconsolata/zi4.sty
`inconsolata-zi4' v1.112, 2017/01/04 Text macros for Inconsolata (msharpe)
(/usr/share/texlive/texmf-dist/tex/latex/xkeyval/xkeyval.sty
(/usr/share/texlive/texmf-dist/tex/generic/xkeyval/xkeyval.tex
(/usr/share/texlive/texmf-dist/tex/generic/xkeyval/xkvutils.tex
(/usr/share/texlive/texmf-dist/tex/generic/xkeyval/keyval.tex)))))
(/usr/share/texlive/texmf-dist/tex/latex/graphics/color.sty
(/usr/share/texlive/texmf-dist/tex/latex/graphics-cfg/color.cfg)
(/usr/share/texlive/texmf-dist/tex/latex/graphics-def/pdftex.def
(/usr/share/texlive/texmf-dist/tex/generic/oberdiek/infwarerr.sty)
(/usr/share/texlive/texmf-dist/tex/generic/oberdiek/ltxcmds.sty)))
(/usr/share/texlive/texmf-dist/tex/latex/hyperref/hyperref.sty
(/usr/share/texlive/texmf-dist/tex/generic/oberdiek/hobsub-hyperref.sty
(/usr/share/texlive/texmf-dist/tex/generic/oberdiek/hobsub-generic.sty))
(/usr/share/texlive/texmf-dist/tex/generic/ifxetex/ifxetex.sty)
(/usr/share/texlive/texmf-dist/tex/latex/oberdiek/auxhook.sty)
(/usr/share/texlive/texmf-dist/tex/latex/oberdiek/kvoptions.sty)
(/usr/share/texlive/texmf-dist/tex/latex/hyperref/pd1enc.def)
(/usr/share/texlive/texmf-dist/tex/latex/latexconfig/hyperref.cfg))

Package hyperref Message: Driver (autodetected): hpdftex.

(/usr/share/texlive/texmf-dist/tex/latex/hyperref/hpdftex.def
(/usr/share/texlive/texmf-dist/tex/latex/oberdiek/rerunfilecheck.sty))

Package hyperref Warning: Option `hyperindex' has already been used,
(hyperref)                setting the option has no effect on input line 366.


Package hyperref Warning: Option `pagebackref' has already been used,
(hyperref)                setting the option has no effect on input line 366.

) (/usr/share/texlive/texmf-dist/tex/latex/base/makeidx.sty)
(/usr/share/texlive/texmf-dist/tex/latex/base/inputenc.sty
(/usr/share/texlive/texmf-dist/tex/latex/base/utf8.def
(/usr/share/texlive/texmf-dist/tex/latex/base/t1enc.dfu)
(/usr/share/texlive/texmf-dist/tex/latex/base/ot1enc.dfu)
(/usr/share/texlive/texmf-dist/tex/latex/base/omsenc.dfu)
(/usr/share/texlive/texmf-dist/tex/latex/base/ts1enc.dfu))
(/usr/share/texlive/texmf-dist/tex/latex/base/latin1.def))
Writing index file Rd2.idx
No file Rd2.aux.
(/usr/share/texlive/texmf-dist/tex/latex/base/ts1cmr.fd)
(/usr/share/texlive/texmf-dist/tex/latex/psnfss/t1ptm.fd)
(/usr/share/texlive/texmf-dist/tex/context/base/mkii/supp-pdf.mkii
[Loading MPS to PDF converter (version 2006.09.02).]
) (/usr/share/texlive/texmf-dist/tex/latex/hyperref/nameref.sty
(/usr/share/texlive/texmf-dist/tex/generic/oberdiek/gettitlestring.sty))
(/usr/share/texlive/texmf-dist/tex/latex/inconsolata/t1zi4.fd)
(/usr/share/texlive/texmf-dist/tex/latex/psnfss/t1phv.fd)
(/usr/share/texlive/texmf-dist/tex/latex/base/utf8.def) [1{/var/lib/texmf/fonts
/map/pdftex/updmap/pdftex.map}] [2]
(/usr/share/texlive/texmf-dist/tex/latex/psnfss/ts1ptm.fd) [3] [4]
Overfull \hbox (33.37823pt too wide) in paragraph at lines 298--304
[]\T1/ptm/m/n/10 All ob-jects are im-ple-mented as re-spec-tive S4 classes [][]
\T1/zi4/m/n/10 unuran[][][]\T1/ptm/m/n/10 , [][]\T1/zi4/m/n/10 unuran.distr[][]
[]\T1/ptm/m/n/10 , [][]\T1/zi4/m/n/10 unuran.cont[][][]\T1/ptm/m/n/10 , [][]\T1
/zi4/m/n/10 unuran.discr[][][]\T1/ptm/m/n/10 ,

Overfull \hbox (21.26959pt too wide) in paragraph at lines 305--309
[]\T1/ptm/m/n/10 See [][]\T1/zi4/m/n/10 Runuran.special.generators[][][] \T1/pt
m/m/n/10 for an overview of spe-cial gen-er-a-tors and [][]\T1/zi4/m/n/10 Runur
an.distributions[][][]
(/usr/share/texlive/texmf-dist/tex/latex/base/utf8.def) [5] [6]
(/usr/share/texlive/texmf-dist/tex/latex/base/utf8.def) [7] [8]
(/usr/share/texlive/texmf-dist/tex/latex/base/utf8.def) [9]
(/usr/share/texlive/texmf-dist/tex/latex/base/utf8.def) [10]
(/usr/share/texlive/texmf-dist/tex/latex/base/utf8.def) [11] [12]
Overfull \hbox (21.56004pt too wide) in paragraph at lines 810--817
\T1/ptm/m/n/10 Wien, Wirtschaft-suniv., 2005. [][]$\T1/zi4/m/n/10 http : / / ep
ub . wu . ac . at / dyn / virlib / wp / showentry ? ID = epub-[]wu-[]01 _
(/usr/share/texlive/texmf-dist/tex/latex/inconsolata/ts1zi4.fd) [13]
(/usr/share/texlive/texmf-dist/tex/latex/base/utf8.def) [14]
(/usr/share/texlive/texmf-dist/tex/latex/base/utf8.def) [15] [16]
(/usr/share/texlive/texmf-dist/tex/latex/base/utf8.def) [17] [18] [19]
(/usr/share/texlive/texmf-dist/tex/latex/base/utf8.def) [20] [21]
(/usr/share/texlive/texmf-dist/tex/latex/base/utf8.def) [22] [23]
(/usr/share/texlive/texmf-dist/tex/latex/base/utf8.def) [24]
(/usr/share/texlive/texmf-dist/tex/latex/base/utf8.def) [25] [26]
(/usr/share/texlive/texmf-dist/tex/latex/base/utf8.def) [27] [28]
(/usr/share/texlive/texmf-dist/tex/latex/base/utf8.def) [29]
(/usr/share/texlive/texmf-dist/tex/latex/base/utf8.def) [30]
(/usr/share/texlive/texmf-dist/tex/latex/base/utf8.def) [31]
(/usr/share/texlive/texmf-dist/tex/latex/base/utf8.def) [32]
(/usr/share/texlive/texmf-dist/tex/latex/base/utf8.def) [33] [34]
(/usr/share/texlive/texmf-dist/tex/latex/base/utf8.def) [35]
(/usr/share/texlive/texmf-dist/tex/latex/base/utf8.def) [36]
(/usr/share/texlive/texmf-dist/tex/latex/base/utf8.def) [37]
(/usr/share/texlive/texmf-dist/tex/latex/base/utf8.def) [38]
(/usr/share/texlive/texmf-dist/tex/latex/base/utf8.def) [39]
(/usr/share/texlive/texmf-dist/tex/latex/base/utf8.def) [40]
Overfull \hbox (0.68655pt too wide) in paragraph at lines 2586--2588
[]\T1/ptm/m/n/10 Prause, K., 1997. Mod-elling fi-nan-cial data us-ing gen-er-al
-ized hy-per-bolic dis-tri-bu-tions. FDM preprint
[41] (/usr/share/texlive/texmf-dist/tex/latex/base/utf8.def) [42]
(/usr/share/texlive/texmf-dist/tex/latex/base/utf8.def) [43]
(/usr/share/texlive/texmf-dist/tex/latex/base/utf8.def) [44] [45]
(/usr/share/texlive/texmf-dist/tex/latex/base/utf8.def) [46]
(/usr/share/texlive/texmf-dist/tex/latex/base/utf8.def) [47]
(/usr/share/texlive/texmf-dist/tex/latex/base/utf8.def) [48]
(/usr/share/texlive/texmf-dist/tex/latex/base/utf8.def) [49]
(/usr/share/texlive/texmf-dist/tex/latex/base/utf8.def) [50] [51]
(/usr/share/texlive/texmf-dist/tex/latex/base/utf8.def) [52]
(/usr/share/texlive/texmf-dist/tex/latex/base/utf8.def) [53]
(/usr/share/texlive/texmf-dist/tex/latex/base/utf8.def) [54]
(/usr/share/texlive/texmf-dist/tex/latex/base/utf8.def) [55] [56]
(/usr/share/texlive/texmf-dist/tex/latex/base/utf8.def) [57]
(/usr/share/texlive/texmf-dist/tex/latex/base/utf8.def) [58]
(/usr/share/texlive/texmf-dist/tex/latex/base/utf8.def) [59]
(/usr/share/texlive/texmf-dist/tex/latex/base/utf8.def) [60] [61]
(/usr/share/texlive/texmf-dist/tex/latex/base/utf8.def) [62]
(/usr/share/texlive/texmf-dist/tex/latex/base/utf8.def) [63]
(/usr/share/texlive/texmf-dist/tex/latex/base/utf8.def) [64]
(/usr/share/texlive/texmf-dist/tex/latex/base/utf8.def) [65] [66]
(/usr/share/texlive/texmf-dist/tex/latex/base/utf8.def) [67]
(/usr/share/texlive/texmf-dist/tex/latex/base/utf8.def) [68]
(/usr/share/texlive/texmf-dist/tex/latex/base/utf8.def)
Overfull \hbox (63.8794pt too wide) in paragraph at lines 4298--4299
[]\T1/zi4/m/n/10 new ("unuran.cmv", dim=1, pdf=NULL, ll=NULL, ur=NULL,         
    mode=NULL, center=NULL, name=NA)\T1/ptm/m/n/10 . 
[69] (/usr/share/texlive/texmf-dist/tex/latex/base/utf8.def) [70] [71]
(/usr/share/texlive/texmf-dist/tex/latex/base/utf8.def)
Overfull \hbox (203.86917pt too wide) in paragraph at lines 4459--4460
[]\T1/zi4/m/n/10 new ("unuran.cont", cdf=NULL, pdf=NULL, dpdf=NULL, islog=FALSE
,             lb=NA, ub=NA, mode=NA, center=NA, area=NA, name=NA)\T1/ptm/m/n/10
 . 
[72] (/usr/share/texlive/texmf-dist/tex/latex/base/utf8.def) [73]
(/usr/share/texlive/texmf-dist/tex/latex/base/utf8.def) [74] [75]
Overfull \hbox (39.2383pt too wide) in paragraph at lines 4684--4688
[]\T1/ptm/m/n/10 area be-low squeeze func-tion for an acceptance-rejection meth
od. \T1/zi4/m/n/10 area.hat / area.squeeze
(/usr/share/texlive/texmf-dist/tex/latex/base/utf8.def)
Overfull \hbox (77.20932pt too wide) in paragraph at lines 4746--4747
[]\T1/zi4/m/n/10 new ("unuran.discr", cdf=NULL, pv=NULL, pmf=NULL, lb=NA, ub=NA
,             mode=NA, sum=NA, name=NA)\T1/ptm/m/n/10 . 
[76] (/usr/share/texlive/texmf-dist/tex/latex/base/utf8.def) [77] [78]
(/usr/share/texlive/texmf-dist/tex/latex/base/utf8.def)
(/usr/share/texlive/texmf-dist/tex/latex/base/utf8.def) [79]
(/usr/share/texlive/texmf-dist/tex/latex/base/utf8.def) [80] [81]
(/usr/share/texlive/texmf-dist/tex/latex/base/utf8.def) [82] [83]
(/usr/share/texlive/texmf-dist/tex/latex/base/utf8.def) [84]
(/usr/share/texlive/texmf-dist/tex/latex/base/utf8.def) [85] [86]
(/usr/share/texlive/texmf-dist/tex/latex/base/utf8.def) [87]
(/usr/share/texlive/texmf-dist/tex/latex/base/utf8.def) [88]
(/usr/share/texlive/texmf-dist/tex/latex/base/utf8.def) [89] [90]
(/usr/share/texlive/texmf-dist/tex/latex/base/utf8.def) [91]
(/usr/share/texlive/texmf-dist/tex/latex/base/utf8.def) [92]
(/usr/share/texlive/texmf-dist/tex/latex/base/utf8.def) [93]
(/usr/share/texlive/texmf-dist/tex/latex/base/utf8.def) [94]
(/usr/share/texlive/texmf-dist/tex/latex/base/utf8.def) [95] [96]
(/usr/share/texlive/texmf-dist/tex/latex/base/utf8.def) [97]
(/usr/share/texlive/texmf-dist/tex/latex/base/utf8.def) [98]
(/usr/share/texlive/texmf-dist/tex/latex/base/utf8.def) [99]
(/usr/share/texlive/texmf-dist/tex/latex/base/utf8.def) [100]
(/usr/share/texlive/texmf-dist/tex/latex/base/utf8.def) [101] [102]
(/usr/share/texlive/texmf-dist/tex/latex/base/utf8.def) [103]
(/usr/share/texlive/texmf-dist/tex/latex/base/utf8.def) [104]
(/usr/share/texlive/texmf-dist/tex/latex/base/utf8.def) [105]
(/usr/share/texlive/texmf-dist/tex/latex/base/utf8.def) [106] [107]
(/usr/share/texlive/texmf-dist/tex/latex/base/utf8.def) [108]
(/usr/share/texlive/texmf-dist/tex/latex/base/utf8.def) [109]
(/usr/share/texlive/texmf-dist/tex/latex/base/utf8.def) [110]
(/usr/share/texlive/texmf-dist/tex/latex/base/utf8.def) [111] [112]
(/usr/share/texlive/texmf-dist/tex/latex/base/utf8.def) [113]
(/usr/share/texlive/texmf-dist/tex/latex/base/utf8.def) [114]
(/usr/share/texlive/texmf-dist/tex/latex/base/utf8.def) [115]
(/usr/share/texlive/texmf-dist/tex/latex/base/utf8.def) [116] [117]
(/usr/share/texlive/texmf-dist/tex/latex/base/utf8.def) [118]
(/usr/share/texlive/texmf-dist/tex/latex/base/utf8.def) [119]
(/usr/share/texlive/texmf-dist/tex/latex/base/utf8.def) [120]
(/usr/share/texlive/texmf-dist/tex/latex/base/utf8.def) [121]
(/usr/share/texlive/texmf-dist/tex/latex/base/utf8.def) [122] [123]
(/usr/share/texlive/texmf-dist/tex/latex/base/utf8.def) [124]
(/usr/share/texlive/texmf-dist/tex/latex/base/utf8.def) [125]
(/usr/share/texlive/texmf-dist/tex/latex/base/utf8.def) [126]
(/usr/share/texlive/texmf-dist/tex/latex/base/utf8.def) [127] [128]
Overfull \hbox (24.58833pt too wide) in paragraph at lines 7952--7957
[]\T1/ptm/m/n/10 The seed of the aux-il-iary uni-form ran-dom num-ber gen-er-a-
tor can be set by means of \T1/zi4/m/n/10 set.aux.seed(seed)\T1/ptm/m/n/10 .

Underfull \vbox (badness 10000) has occurred while \output is active [129]
[130] (/usr/share/texlive/texmf-dist/tex/latex/base/utf8.def) [131]
No file Rd2.ind.
[132] (/tmp/RtmpNvREZI/Rd2pdf8ef2533449c0/Rd2.aux)

Package rerunfilecheck Warning: File `Rd2.out' has changed.
(rerunfilecheck)                Rerun to get outlines right
(rerunfilecheck)                or use package `bookmark'.

 )
(see the transcript file for additional information)pdfTeX warning (dest): name
{Rfn.rweibull} has been referenced but does not exist, replaced by a fixed one

pdfTeX warning (dest): name{Rfn.rt} has been referenced but does not exist, rep
laced by a fixed one

pdfTeX warning (dest): name{Rfn.rpois} has been referenced but does not exist, 
replaced by a fixed one

pdfTeX warning (dest): name{Rfn.rnorm} has been referenced but does not exist, 
replaced by a fixed one

pdfTeX warning (dest): name{Rfn.rnbinom} has been referenced but does not exist
, replaced by a fixed one

pdfTeX warning (dest): name{Rfn.rlogis} has been referenced but does not exist,
 replaced by a fixed one

pdfTeX warning (dest): name{Rfn.rlnorm} has been referenced but does not exist,
 replaced by a fixed one

pdfTeX warning (dest): name{Rfn.rhyper} has been referenced but does not exist,
 replaced by a fixed one

pdfTeX warning (dest): name{Rfn.rgeom} has been referenced but does not exist, 
replaced by a fixed one

pdfTeX warning (dest): name{Rfn.rgamma} has been referenced but does not exist,
 replaced by a fixed one

pdfTeX warning (dest): name{Rfn.rf} has been referenced but does not exist, rep
laced by a fixed one

pdfTeX warning (dest): name{Rfn.rexp} has been referenced but does not exist, r
eplaced by a fixed one

pdfTeX warning (dest): name{Rfn.rchisq} has been referenced but does not exist,
 replaced by a fixed one

pdfTeX warning (dest): name{Rfn.rcauchy} has been referenced but does not exist
, replaced by a fixed one

pdfTeX warning (dest): name{Rfn.rbinom} has been referenced but does not exist,
 replaced by a fixed one

pdfTeX warning (dest): name{Rfn.rbeta} has been referenced but does not exist, 
replaced by a fixed one

pdfTeX warning (dest): name{Rfn.runif} has been referenced but does not exist, 
replaced by a fixed one

pdfTeX warning (dest): name{Rfn.gamma} has been referenced but does not exist, 
replaced by a fixed one

pdfTeX warning (dest): name{Rfn.set.seed} has been referenced but does not exis
t, replaced by a fixed one

pdfTeX warning (dest): name{Rfn.RNGkind} has been referenced but does not exist
, replaced by a fixed one

pdfTeX warning (dest): name{Rfn..Random.seed} has been referenced but does not 
exist, replaced by a fixed one

{/usr/share/texlive/texmf-dist/fonts/enc/dvips/inconsolata/i4-ts1.enc}{/usr/sha
re/texlive/texmf-dist/fonts/enc/dvips/base/8r.enc}{/usr/share/texlive/texmf-dis
t/fonts/enc/dvips/inconsolata/i4-t1-0.enc}</usr/share/texlive/texmf-dist/fonts/
type1/public/inconsolata/Inconsolata-zi4r.pfb></usr/share/texlive/texmf-dist/fo
nts/type1/public/amsfonts/cm/cmex10.pfb></usr/share/texlive/texmf-dist/fonts/ty
pe1/public/amsfonts/cm/cmmi10.pfb></usr/share/texlive/texmf-dist/fonts/type1/pu
blic/amsfonts/cm/cmmi7.pfb></usr/share/texlive/texmf-dist/fonts/type1/public/am
sfonts/cm/cmr10.pfb></usr/share/texlive/texmf-dist/fonts/type1/public/amsfonts/
cm/cmr5.pfb></usr/share/texlive/texmf-dist/fonts/type1/public/amsfonts/cm/cmr7.
pfb></usr/share/texlive/texmf-dist/fonts/type1/public/amsfonts/cm/cmsy10.pfb></
usr/share/texlive/texmf-dist/fonts/type1/public/amsfonts/cm/cmsy7.pfb></usr/sha
re/texlive/texmf-dist/fonts/type1/urw/helvetic/uhvr8a.pfb></usr/share/texlive/t
exmf-dist/fonts/type1/urw/times/utmb8a.pfb></usr/share/texlive/texmf-dist/fonts
/type1/urw/times/utmr8a.pfb></usr/share/texlive/texmf-dist/fonts/type1/urw/time
s/utmr8a.pfb></usr/share/texlive/texmf-dist/fonts/type1/urw/times/utmri8a.pfb>
Output written on Rd2.pdf (132 pages, 447978 bytes).
Transcript written on Rd2.log.
This is pdfTeX, Version 3.14159265-2.6-1.40.17 (TeX Live 2016/Debian) (preloaded format=pdflatex)
 restricted \write18 enabled.
entering extended mode
LaTeX2e <2017/01/01> patch level 3
Babel <3.9r> and hyphenation patterns for 83 language(s) loaded.
(./Rd2.tex
(/usr/share/texlive/texmf-dist/tex/latex/base/book.cls
Document Class: book 2014/09/29 v1.4h Standard LaTeX document class
(/usr/share/texlive/texmf-dist/tex/latex/base/bk10.clo))
(/home/tomas/cran/rcnst/build/share/texmf/tex/latex/Rd.sty
(/usr/share/texlive/texmf-dist/tex/latex/base/ifthen.sty)
(/usr/share/texlive/texmf-dist/tex/latex/tools/longtable.sty)
(/usr/share/texlive/texmf-dist/tex/latex/tools/bm.sty)
(/usr/share/texlive/texmf-dist/tex/latex/base/alltt.sty)
(/usr/share/texlive/texmf-dist/tex/latex/tools/verbatim.sty)
(/usr/share/texlive/texmf-dist/tex/latex/url/url.sty)
(/usr/share/texlive/texmf-dist/tex/latex/base/textcomp.sty
(/usr/share/texlive/texmf-dist/tex/latex/base/ts1enc.def))
(/usr/share/texlive/texmf-dist/tex/latex/base/fontenc.sty
(/usr/share/texlive/texmf-dist/tex/latex/base/t1enc.def))
(/usr/share/texlive/texmf-dist/tex/latex/psnfss/times.sty)
(/usr/share/texlive/texmf-dist/tex/latex/inconsolata/zi4.sty
`inconsolata-zi4' v1.112, 2017/01/04 Text macros for Inconsolata (msharpe)
(/usr/share/texlive/texmf-dist/tex/latex/xkeyval/xkeyval.sty
(/usr/share/texlive/texmf-dist/tex/generic/xkeyval/xkeyval.tex
(/usr/share/texlive/texmf-dist/tex/generic/xkeyval/xkvutils.tex
(/usr/share/texlive/texmf-dist/tex/generic/xkeyval/keyval.tex)))))
(/usr/share/texlive/texmf-dist/tex/latex/graphics/color.sty
(/usr/share/texlive/texmf-dist/tex/latex/graphics-cfg/color.cfg)
(/usr/share/texlive/texmf-dist/tex/latex/graphics-def/pdftex.def
(/usr/share/texlive/texmf-dist/tex/generic/oberdiek/infwarerr.sty)
(/usr/share/texlive/texmf-dist/tex/generic/oberdiek/ltxcmds.sty)))
(/usr/share/texlive/texmf-dist/tex/latex/hyperref/hyperref.sty
(/usr/share/texlive/texmf-dist/tex/generic/oberdiek/hobsub-hyperref.sty
(/usr/share/texlive/texmf-dist/tex/generic/oberdiek/hobsub-generic.sty))
(/usr/share/texlive/texmf-dist/tex/generic/ifxetex/ifxetex.sty)
(/usr/share/texlive/texmf-dist/tex/latex/oberdiek/auxhook.sty)
(/usr/share/texlive/texmf-dist/tex/latex/oberdiek/kvoptions.sty)
(/usr/share/texlive/texmf-dist/tex/latex/hyperref/pd1enc.def)
(/usr/share/texlive/texmf-dist/tex/latex/latexconfig/hyperref.cfg))

Package hyperref Message: Driver (autodetected): hpdftex.

(/usr/share/texlive/texmf-dist/tex/latex/hyperref/hpdftex.def
(/usr/share/texlive/texmf-dist/tex/latex/oberdiek/rerunfilecheck.sty))

Package hyperref Warning: Option `hyperindex' has already been used,
(hyperref)                setting the option has no effect on input line 366.


Package hyperref Warning: Option `pagebackref' has already been used,
(hyperref)                setting the option has no effect on input line 366.

) (/usr/share/texlive/texmf-dist/tex/latex/base/makeidx.sty)
(/usr/share/texlive/texmf-dist/tex/latex/base/inputenc.sty
(/usr/share/texlive/texmf-dist/tex/latex/base/utf8.def
(/usr/share/texlive/texmf-dist/tex/latex/base/t1enc.dfu)
(/usr/share/texlive/texmf-dist/tex/latex/base/ot1enc.dfu)
(/usr/share/texlive/texmf-dist/tex/latex/base/omsenc.dfu)
(/usr/share/texlive/texmf-dist/tex/latex/base/ts1enc.dfu))
(/usr/share/texlive/texmf-dist/tex/latex/base/latin1.def))
Writing index file Rd2.idx
(/tmp/RtmpNvREZI/Rd2pdf8ef2533449c0/Rd2.aux)
(/usr/share/texlive/texmf-dist/tex/latex/base/ts1cmr.fd)
(/usr/share/texlive/texmf-dist/tex/latex/psnfss/t1ptm.fd)
(/usr/share/texlive/texmf-dist/tex/context/base/mkii/supp-pdf.mkii
[Loading MPS to PDF converter (version 2006.09.02).]
) (/usr/share/texlive/texmf-dist/tex/latex/hyperref/nameref.sty
(/usr/share/texlive/texmf-dist/tex/generic/oberdiek/gettitlestring.sty))
(/tmp/RtmpNvREZI/Rd2pdf8ef2533449c0/Rd2.out)
(/tmp/RtmpNvREZI/Rd2pdf8ef2533449c0/Rd2.out)
(/usr/share/texlive/texmf-dist/tex/latex/inconsolata/t1zi4.fd)
(/usr/share/texlive/texmf-dist/tex/latex/psnfss/t1phv.fd)
(/tmp/RtmpNvREZI/Rd2pdf8ef2533449c0/Rd2.toc [1{/var/lib/texmf/fonts/map/pdftex/
updmap/pdftex.map}] [2]) (/usr/share/texlive/texmf-dist/tex/latex/base/utf8.def
) [3] [4] (/usr/share/texlive/texmf-dist/tex/latex/psnfss/ts1ptm.fd) [5]
[6]
Overfull \hbox (33.37823pt too wide) in paragraph at lines 298--304
[]\T1/ptm/m/n/10 All ob-jects are im-ple-mented as re-spec-tive S4 classes [][]
\T1/zi4/m/n/10 unuran[][][]\T1/ptm/m/n/10 , [][]\T1/zi4/m/n/10 unuran.distr[][]
[]\T1/ptm/m/n/10 , [][]\T1/zi4/m/n/10 unuran.cont[][][]\T1/ptm/m/n/10 , [][]\T1
/zi4/m/n/10 unuran.discr[][][]\T1/ptm/m/n/10 ,

Overfull \hbox (21.26959pt too wide) in paragraph at lines 305--309
[]\T1/ptm/m/n/10 See [][]\T1/zi4/m/n/10 Runuran.special.generators[][][] \T1/pt
m/m/n/10 for an overview of spe-cial gen-er-a-tors and [][]\T1/zi4/m/n/10 Runur
an.distributions[][][]
(/usr/share/texlive/texmf-dist/tex/latex/base/utf8.def) [7] [8]
(/usr/share/texlive/texmf-dist/tex/latex/base/utf8.def) [9] [10]
(/usr/share/texlive/texmf-dist/tex/latex/base/utf8.def) [11]
(/usr/share/texlive/texmf-dist/tex/latex/base/utf8.def) [12]
(/usr/share/texlive/texmf-dist/tex/latex/base/utf8.def) [13] [14]
Overfull \hbox (21.56004pt too wide) in paragraph at lines 810--817
\T1/ptm/m/n/10 Wien, Wirtschaft-suniv., 2005. [][]$\T1/zi4/m/n/10 http : / / ep
ub . wu . ac . at / dyn / virlib / wp / showentry ? ID = epub-[]wu-[]01 _
(/usr/share/texlive/texmf-dist/tex/latex/inconsolata/ts1zi4.fd) [15]
(/usr/share/texlive/texmf-dist/tex/latex/base/utf8.def) [16]
(/usr/share/texlive/texmf-dist/tex/latex/base/utf8.def) [17] [18]
(/usr/share/texlive/texmf-dist/tex/latex/base/utf8.def) [19] [20] [21]
(/usr/share/texlive/texmf-dist/tex/latex/base/utf8.def) [22] [23]
(/usr/share/texlive/texmf-dist/tex/latex/base/utf8.def) [24] [25]
(/usr/share/texlive/texmf-dist/tex/latex/base/utf8.def) [26]
(/usr/share/texlive/texmf-dist/tex/latex/base/utf8.def) [27] [28]
(/usr/share/texlive/texmf-dist/tex/latex/base/utf8.def) [29] [30]
(/usr/share/texlive/texmf-dist/tex/latex/base/utf8.def) [31]
(/usr/share/texlive/texmf-dist/tex/latex/base/utf8.def) [32]
(/usr/share/texlive/texmf-dist/tex/latex/base/utf8.def) [33]
(/usr/share/texlive/texmf-dist/tex/latex/base/utf8.def) [34]
(/usr/share/texlive/texmf-dist/tex/latex/base/utf8.def) [35] [36]
(/usr/share/texlive/texmf-dist/tex/latex/base/utf8.def) [37]
(/usr/share/texlive/texmf-dist/tex/latex/base/utf8.def) [38]
(/usr/share/texlive/texmf-dist/tex/latex/base/utf8.def) [39]
(/usr/share/texlive/texmf-dist/tex/latex/base/utf8.def) [40]
(/usr/share/texlive/texmf-dist/tex/latex/base/utf8.def) [41]
(/usr/share/texlive/texmf-dist/tex/latex/base/utf8.def) [42]
Overfull \hbox (0.68655pt too wide) in paragraph at lines 2586--2588
[]\T1/ptm/m/n/10 Prause, K., 1997. Mod-elling fi-nan-cial data us-ing gen-er-al
-ized hy-per-bolic dis-tri-bu-tions. FDM preprint
[43] (/usr/share/texlive/texmf-dist/tex/latex/base/utf8.def) [44]
(/usr/share/texlive/texmf-dist/tex/latex/base/utf8.def) [45]
(/usr/share/texlive/texmf-dist/tex/latex/base/utf8.def) [46] [47]
(/usr/share/texlive/texmf-dist/tex/latex/base/utf8.def) [48]
(/usr/share/texlive/texmf-dist/tex/latex/base/utf8.def) [49]
(/usr/share/texlive/texmf-dist/tex/latex/base/utf8.def) [50]
(/usr/share/texlive/texmf-dist/tex/latex/base/utf8.def) [51]
(/usr/share/texlive/texmf-dist/tex/latex/base/utf8.def) [52] [53]
(/usr/share/texlive/texmf-dist/tex/latex/base/utf8.def) [54]
(/usr/share/texlive/texmf-dist/tex/latex/base/utf8.def) [55]
(/usr/share/texlive/texmf-dist/tex/latex/base/utf8.def) [56]
(/usr/share/texlive/texmf-dist/tex/latex/base/utf8.def) [57] [58]
(/usr/share/texlive/texmf-dist/tex/latex/base/utf8.def) [59]
(/usr/share/texlive/texmf-dist/tex/latex/base/utf8.def) [60]
(/usr/share/texlive/texmf-dist/tex/latex/base/utf8.def) [61]
(/usr/share/texlive/texmf-dist/tex/latex/base/utf8.def) [62] [63]
(/usr/share/texlive/texmf-dist/tex/latex/base/utf8.def) [64]
(/usr/share/texlive/texmf-dist/tex/latex/base/utf8.def) [65]
(/usr/share/texlive/texmf-dist/tex/latex/base/utf8.def) [66]
(/usr/share/texlive/texmf-dist/tex/latex/base/utf8.def) [67] [68]
(/usr/share/texlive/texmf-dist/tex/latex/base/utf8.def) [69]
(/usr/share/texlive/texmf-dist/tex/latex/base/utf8.def) [70]
(/usr/share/texlive/texmf-dist/tex/latex/base/utf8.def)
Overfull \hbox (63.8794pt too wide) in paragraph at lines 4298--4299
[]\T1/zi4/m/n/10 new ("unuran.cmv", dim=1, pdf=NULL, ll=NULL, ur=NULL,         
    mode=NULL, center=NULL, name=NA)\T1/ptm/m/n/10 . 
[71] (/usr/share/texlive/texmf-dist/tex/latex/base/utf8.def) [72] [73]
(/usr/share/texlive/texmf-dist/tex/latex/base/utf8.def)
Overfull \hbox (203.86917pt too wide) in paragraph at lines 4459--4460
[]\T1/zi4/m/n/10 new ("unuran.cont", cdf=NULL, pdf=NULL, dpdf=NULL, islog=FALSE
,             lb=NA, ub=NA, mode=NA, center=NA, area=NA, name=NA)\T1/ptm/m/n/10
 . 
[74] (/usr/share/texlive/texmf-dist/tex/latex/base/utf8.def) [75]
(/usr/share/texlive/texmf-dist/tex/latex/base/utf8.def) [76] [77]
Overfull \hbox (39.2383pt too wide) in paragraph at lines 4684--4688
[]\T1/ptm/m/n/10 area be-low squeeze func-tion for an acceptance-rejection meth
od. \T1/zi4/m/n/10 area.hat / area.squeeze
(/usr/share/texlive/texmf-dist/tex/latex/base/utf8.def)
Overfull \hbox (77.20932pt too wide) in paragraph at lines 4746--4747
[]\T1/zi4/m/n/10 new ("unuran.discr", cdf=NULL, pv=NULL, pmf=NULL, lb=NA, ub=NA
,             mode=NA, sum=NA, name=NA)\T1/ptm/m/n/10 . 
[78] (/usr/share/texlive/texmf-dist/tex/latex/base/utf8.def) [79] [80]
(/usr/share/texlive/texmf-dist/tex/latex/base/utf8.def)
(/usr/share/texlive/texmf-dist/tex/latex/base/utf8.def) [81]
(/usr/share/texlive/texmf-dist/tex/latex/base/utf8.def) [82] [83]
(/usr/share/texlive/texmf-dist/tex/latex/base/utf8.def) [84] [85]
(/usr/share/texlive/texmf-dist/tex/latex/base/utf8.def) [86]
(/usr/share/texlive/texmf-dist/tex/latex/base/utf8.def) [87] [88]
(/usr/share/texlive/texmf-dist/tex/latex/base/utf8.def) [89]
(/usr/share/texlive/texmf-dist/tex/latex/base/utf8.def) [90]
(/usr/share/texlive/texmf-dist/tex/latex/base/utf8.def) [91] [92]
(/usr/share/texlive/texmf-dist/tex/latex/base/utf8.def) [93]
(/usr/share/texlive/texmf-dist/tex/latex/base/utf8.def) [94]
(/usr/share/texlive/texmf-dist/tex/latex/base/utf8.def) [95]
(/usr/share/texlive/texmf-dist/tex/latex/base/utf8.def) [96]
(/usr/share/texlive/texmf-dist/tex/latex/base/utf8.def) [97] [98]
(/usr/share/texlive/texmf-dist/tex/latex/base/utf8.def) [99]
(/usr/share/texlive/texmf-dist/tex/latex/base/utf8.def) [100]
(/usr/share/texlive/texmf-dist/tex/latex/base/utf8.def) [101]
(/usr/share/texlive/texmf-dist/tex/latex/base/utf8.def) [102]
(/usr/share/texlive/texmf-dist/tex/latex/base/utf8.def) [103] [104]
(/usr/share/texlive/texmf-dist/tex/latex/base/utf8.def) [105]
(/usr/share/texlive/texmf-dist/tex/latex/base/utf8.def) [106]
(/usr/share/texlive/texmf-dist/tex/latex/base/utf8.def) [107]
(/usr/share/texlive/texmf-dist/tex/latex/base/utf8.def) [108] [109]
(/usr/share/texlive/texmf-dist/tex/latex/base/utf8.def) [110]
(/usr/share/texlive/texmf-dist/tex/latex/base/utf8.def) [111]
(/usr/share/texlive/texmf-dist/tex/latex/base/utf8.def) [112]
(/usr/share/texlive/texmf-dist/tex/latex/base/utf8.def) [113] [114]
(/usr/share/texlive/texmf-dist/tex/latex/base/utf8.def) [115]
(/usr/share/texlive/texmf-dist/tex/latex/base/utf8.def) [116]
(/usr/share/texlive/texmf-dist/tex/latex/base/utf8.def) [117]
(/usr/share/texlive/texmf-dist/tex/latex/base/utf8.def) [118] [119]
(/usr/share/texlive/texmf-dist/tex/latex/base/utf8.def) [120]
(/usr/share/texlive/texmf-dist/tex/latex/base/utf8.def) [121]
(/usr/share/texlive/texmf-dist/tex/latex/base/utf8.def) [122]
(/usr/share/texlive/texmf-dist/tex/latex/base/utf8.def) [123]
(/usr/share/texlive/texmf-dist/tex/latex/base/utf8.def) [124] [125]
(/usr/share/texlive/texmf-dist/tex/latex/base/utf8.def) [126]
(/usr/share/texlive/texmf-dist/tex/latex/base/utf8.def) [127]
(/usr/share/texlive/texmf-dist/tex/latex/base/utf8.def) [128]
(/usr/share/texlive/texmf-dist/tex/latex/base/utf8.def) [129] [130]
Overfull \hbox (24.58833pt too wide) in paragraph at lines 7952--7957
[]\T1/ptm/m/n/10 The seed of the aux-il-iary uni-form ran-dom num-ber gen-er-a-
tor can be set by means of \T1/zi4/m/n/10 set.aux.seed(seed)\T1/ptm/m/n/10 .

Underfull \vbox (badness 10000) has occurred while \output is active [131]
[132] (/usr/share/texlive/texmf-dist/tex/latex/base/utf8.def) [133]
No file Rd2.ind.
[134] (/tmp/RtmpNvREZI/Rd2pdf8ef2533449c0/Rd2.aux) )
(see the transcript file for additional information)pdfTeX warning (dest): name
{Rfn.rweibull} has been referenced but does not exist, replaced by a fixed one

pdfTeX warning (dest): name{Rfn.rt} has been referenced but does not exist, rep
laced by a fixed one

pdfTeX warning (dest): name{Rfn.rpois} has been referenced but does not exist, 
replaced by a fixed one

pdfTeX warning (dest): name{Rfn.rnorm} has been referenced but does not exist, 
replaced by a fixed one

pdfTeX warning (dest): name{Rfn.rnbinom} has been referenced but does not exist
, replaced by a fixed one

pdfTeX warning (dest): name{Rfn.rlogis} has been referenced but does not exist,
 replaced by a fixed one

pdfTeX warning (dest): name{Rfn.rlnorm} has been referenced but does not exist,
 replaced by a fixed one

pdfTeX warning (dest): name{Rfn.rhyper} has been referenced but does not exist,
 replaced by a fixed one

pdfTeX warning (dest): name{Rfn.rgeom} has been referenced but does not exist, 
replaced by a fixed one

pdfTeX warning (dest): name{Rfn.rgamma} has been referenced but does not exist,
 replaced by a fixed one

pdfTeX warning (dest): name{Rfn.rf} has been referenced but does not exist, rep
laced by a fixed one

pdfTeX warning (dest): name{Rfn.rexp} has been referenced but does not exist, r
eplaced by a fixed one

pdfTeX warning (dest): name{Rfn.rchisq} has been referenced but does not exist,
 replaced by a fixed one

pdfTeX warning (dest): name{Rfn.rcauchy} has been referenced but does not exist
, replaced by a fixed one

pdfTeX warning (dest): name{Rfn.rbinom} has been referenced but does not exist,
 replaced by a fixed one

pdfTeX warning (dest): name{Rfn.rbeta} has been referenced but does not exist, 
replaced by a fixed one

pdfTeX warning (dest): name{Rfn.runif} has been referenced but does not exist, 
replaced by a fixed one

pdfTeX warning (dest): name{Rfn.gamma} has been referenced but does not exist, 
replaced by a fixed one

pdfTeX warning (dest): name{Rfn.set.seed} has been referenced but does not exis
t, replaced by a fixed one

pdfTeX warning (dest): name{Rfn.RNGkind} has been referenced but does not exist
, replaced by a fixed one

pdfTeX warning (dest): name{Rfn..Random.seed} has been referenced but does not 
exist, replaced by a fixed one

{/usr/share/texlive/texmf-dist/fonts/enc/dvips/inconsolata/i4-ts1.enc}{/usr/sha
re/texlive/texmf-dist/fonts/enc/dvips/base/8r.enc}{/usr/share/texlive/texmf-dis
t/fonts/enc/dvips/inconsolata/i4-t1-0.enc}</usr/share/texlive/texmf-dist/fonts/
type1/public/inconsolata/Inconsolata-zi4r.pfb></usr/share/texlive/texmf-dist/fo
nts/type1/public/amsfonts/cm/cmex10.pfb></usr/share/texlive/texmf-dist/fonts/ty
pe1/public/amsfonts/cm/cmmi10.pfb></usr/share/texlive/texmf-dist/fonts/type1/pu
blic/amsfonts/cm/cmmi7.pfb></usr/share/texlive/texmf-dist/fonts/type1/public/am
sfonts/cm/cmr10.pfb></usr/share/texlive/texmf-dist/fonts/type1/public/amsfonts/
cm/cmr5.pfb></usr/share/texlive/texmf-dist/fonts/type1/public/amsfonts/cm/cmr7.
pfb></usr/share/texlive/texmf-dist/fonts/type1/public/amsfonts/cm/cmsy10.pfb></
usr/share/texlive/texmf-dist/fonts/type1/public/amsfonts/cm/cmsy7.pfb></usr/sha
re/texlive/texmf-dist/fonts/type1/urw/helvetic/uhvr8a.pfb></usr/share/texlive/t
exmf-dist/fonts/type1/urw/times/utmb8a.pfb></usr/share/texlive/texmf-dist/fonts
/type1/urw/times/utmr8a.pfb></usr/share/texlive/texmf-dist/fonts/type1/urw/time
s/utmr8a.pfb></usr/share/texlive/texmf-dist/fonts/type1/urw/times/utmri8a.pfb>
Output written on Rd2.pdf (134 pages, 458159 bytes).
Transcript written on Rd2.log.
This is makeindex, version 2.15 [TeX Live 2016] (kpathsea + Thai support).
Scanning input file Rd2.idx....done (660 entries accepted, 2 rejected).
Sorting entries........done (6533 comparisons).
Generating output file Rd2.ind....done (563 lines written, 2 warnings).
Output written in Rd2.ind.
Transcript written in Rd2.ilg.
This is pdfTeX, Version 3.14159265-2.6-1.40.17 (TeX Live 2016/Debian) (preloaded format=pdflatex)
 restricted \write18 enabled.
entering extended mode
LaTeX2e <2017/01/01> patch level 3
Babel <3.9r> and hyphenation patterns for 83 language(s) loaded.
(./Rd2.tex
(/usr/share/texlive/texmf-dist/tex/latex/base/book.cls
Document Class: book 2014/09/29 v1.4h Standard LaTeX document class
(/usr/share/texlive/texmf-dist/tex/latex/base/bk10.clo))
(/home/tomas/cran/rcnst/build/share/texmf/tex/latex/Rd.sty
(/usr/share/texlive/texmf-dist/tex/latex/base/ifthen.sty)
(/usr/share/texlive/texmf-dist/tex/latex/tools/longtable.sty)
(/usr/share/texlive/texmf-dist/tex/latex/tools/bm.sty)
(/usr/share/texlive/texmf-dist/tex/latex/base/alltt.sty)
(/usr/share/texlive/texmf-dist/tex/latex/tools/verbatim.sty)
(/usr/share/texlive/texmf-dist/tex/latex/url/url.sty)
(/usr/share/texlive/texmf-dist/tex/latex/base/textcomp.sty
(/usr/share/texlive/texmf-dist/tex/latex/base/ts1enc.def))
(/usr/share/texlive/texmf-dist/tex/latex/base/fontenc.sty
(/usr/share/texlive/texmf-dist/tex/latex/base/t1enc.def))
(/usr/share/texlive/texmf-dist/tex/latex/psnfss/times.sty)
(/usr/share/texlive/texmf-dist/tex/latex/inconsolata/zi4.sty
`inconsolata-zi4' v1.112, 2017/01/04 Text macros for Inconsolata (msharpe)
(/usr/share/texlive/texmf-dist/tex/latex/xkeyval/xkeyval.sty
(/usr/share/texlive/texmf-dist/tex/generic/xkeyval/xkeyval.tex
(/usr/share/texlive/texmf-dist/tex/generic/xkeyval/xkvutils.tex
(/usr/share/texlive/texmf-dist/tex/generic/xkeyval/keyval.tex)))))
(/usr/share/texlive/texmf-dist/tex/latex/graphics/color.sty
(/usr/share/texlive/texmf-dist/tex/latex/graphics-cfg/color.cfg)
(/usr/share/texlive/texmf-dist/tex/latex/graphics-def/pdftex.def
(/usr/share/texlive/texmf-dist/tex/generic/oberdiek/infwarerr.sty)
(/usr/share/texlive/texmf-dist/tex/generic/oberdiek/ltxcmds.sty)))
(/usr/share/texlive/texmf-dist/tex/latex/hyperref/hyperref.sty
(/usr/share/texlive/texmf-dist/tex/generic/oberdiek/hobsub-hyperref.sty
(/usr/share/texlive/texmf-dist/tex/generic/oberdiek/hobsub-generic.sty))
(/usr/share/texlive/texmf-dist/tex/generic/ifxetex/ifxetex.sty)
(/usr/share/texlive/texmf-dist/tex/latex/oberdiek/auxhook.sty)
(/usr/share/texlive/texmf-dist/tex/latex/oberdiek/kvoptions.sty)
(/usr/share/texlive/texmf-dist/tex/latex/hyperref/pd1enc.def)
(/usr/share/texlive/texmf-dist/tex/latex/latexconfig/hyperref.cfg))

Package hyperref Message: Driver (autodetected): hpdftex.

(/usr/share/texlive/texmf-dist/tex/latex/hyperref/hpdftex.def
(/usr/share/texlive/texmf-dist/tex/latex/oberdiek/rerunfilecheck.sty))

Package hyperref Warning: Option `hyperindex' has already been used,
(hyperref)                setting the option has no effect on input line 366.


Package hyperref Warning: Option `pagebackref' has already been used,
(hyperref)                setting the option has no effect on input line 366.

) (/usr/share/texlive/texmf-dist/tex/latex/base/makeidx.sty)
(/usr/share/texlive/texmf-dist/tex/latex/base/inputenc.sty
(/usr/share/texlive/texmf-dist/tex/latex/base/utf8.def
(/usr/share/texlive/texmf-dist/tex/latex/base/t1enc.dfu)
(/usr/share/texlive/texmf-dist/tex/latex/base/ot1enc.dfu)
(/usr/share/texlive/texmf-dist/tex/latex/base/omsenc.dfu)
(/usr/share/texlive/texmf-dist/tex/latex/base/ts1enc.dfu))
(/usr/share/texlive/texmf-dist/tex/latex/base/latin1.def))
Writing index file Rd2.idx
(/tmp/RtmpNvREZI/Rd2pdf8ef2533449c0/Rd2.aux)
(/usr/share/texlive/texmf-dist/tex/latex/base/ts1cmr.fd)
(/usr/share/texlive/texmf-dist/tex/latex/psnfss/t1ptm.fd)
(/usr/share/texlive/texmf-dist/tex/context/base/mkii/supp-pdf.mkii
[Loading MPS to PDF converter (version 2006.09.02).]
) (/usr/share/texlive/texmf-dist/tex/latex/hyperref/nameref.sty
(/usr/share/texlive/texmf-dist/tex/generic/oberdiek/gettitlestring.sty))
(/tmp/RtmpNvREZI/Rd2pdf8ef2533449c0/Rd2.out)
(/tmp/RtmpNvREZI/Rd2pdf8ef2533449c0/Rd2.out)
(/usr/share/texlive/texmf-dist/tex/latex/inconsolata/t1zi4.fd)
(/usr/share/texlive/texmf-dist/tex/latex/psnfss/t1phv.fd)
(/tmp/RtmpNvREZI/Rd2pdf8ef2533449c0/Rd2.toc [1{/var/lib/texmf/fonts/map/pdftex/
updmap/pdftex.map}] [2]) (/usr/share/texlive/texmf-dist/tex/latex/base/utf8.def
) [3] [4] (/usr/share/texlive/texmf-dist/tex/latex/psnfss/ts1ptm.fd) [5]
[6]
Overfull \hbox (33.37823pt too wide) in paragraph at lines 298--304
[]\T1/ptm/m/n/10 All ob-jects are im-ple-mented as re-spec-tive S4 classes [][]
\T1/zi4/m/n/10 unuran[][][]\T1/ptm/m/n/10 , [][]\T1/zi4/m/n/10 unuran.distr[][]
[]\T1/ptm/m/n/10 , [][]\T1/zi4/m/n/10 unuran.cont[][][]\T1/ptm/m/n/10 , [][]\T1
/zi4/m/n/10 unuran.discr[][][]\T1/ptm/m/n/10 ,

Overfull \hbox (21.26959pt too wide) in paragraph at lines 305--309
[]\T1/ptm/m/n/10 See [][]\T1/zi4/m/n/10 Runuran.special.generators[][][] \T1/pt
m/m/n/10 for an overview of spe-cial gen-er-a-tors and [][]\T1/zi4/m/n/10 Runur
an.distributions[][][]
(/usr/share/texlive/texmf-dist/tex/latex/base/utf8.def) [7] [8]
(/usr/share/texlive/texmf-dist/tex/latex/base/utf8.def) [9] [10]
(/usr/share/texlive/texmf-dist/tex/latex/base/utf8.def) [11]
(/usr/share/texlive/texmf-dist/tex/latex/base/utf8.def) [12]
(/usr/share/texlive/texmf-dist/tex/latex/base/utf8.def) [13] [14]
Overfull \hbox (21.56004pt too wide) in paragraph at lines 810--817
\T1/ptm/m/n/10 Wien, Wirtschaft-suniv., 2005. [][]$\T1/zi4/m/n/10 http : / / ep
ub . wu . ac . at / dyn / virlib / wp / showentry ? ID = epub-[]wu-[]01 _
(/usr/share/texlive/texmf-dist/tex/latex/inconsolata/ts1zi4.fd) [15]
(/usr/share/texlive/texmf-dist/tex/latex/base/utf8.def) [16]
(/usr/share/texlive/texmf-dist/tex/latex/base/utf8.def) [17] [18]
(/usr/share/texlive/texmf-dist/tex/latex/base/utf8.def) [19] [20] [21]
(/usr/share/texlive/texmf-dist/tex/latex/base/utf8.def) [22] [23]
(/usr/share/texlive/texmf-dist/tex/latex/base/utf8.def) [24] [25]
(/usr/share/texlive/texmf-dist/tex/latex/base/utf8.def) [26]
(/usr/share/texlive/texmf-dist/tex/latex/base/utf8.def) [27] [28]
(/usr/share/texlive/texmf-dist/tex/latex/base/utf8.def) [29] [30]
(/usr/share/texlive/texmf-dist/tex/latex/base/utf8.def) [31]
(/usr/share/texlive/texmf-dist/tex/latex/base/utf8.def) [32]
(/usr/share/texlive/texmf-dist/tex/latex/base/utf8.def) [33]
(/usr/share/texlive/texmf-dist/tex/latex/base/utf8.def) [34]
(/usr/share/texlive/texmf-dist/tex/latex/base/utf8.def) [35] [36]
(/usr/share/texlive/texmf-dist/tex/latex/base/utf8.def) [37]
(/usr/share/texlive/texmf-dist/tex/latex/base/utf8.def) [38]
(/usr/share/texlive/texmf-dist/tex/latex/base/utf8.def) [39]
(/usr/share/texlive/texmf-dist/tex/latex/base/utf8.def) [40]
(/usr/share/texlive/texmf-dist/tex/latex/base/utf8.def) [41]
(/usr/share/texlive/texmf-dist/tex/latex/base/utf8.def) [42]
Overfull \hbox (0.68655pt too wide) in paragraph at lines 2586--2588
[]\T1/ptm/m/n/10 Prause, K., 1997. Mod-elling fi-nan-cial data us-ing gen-er-al
-ized hy-per-bolic dis-tri-bu-tions. FDM preprint
[43] (/usr/share/texlive/texmf-dist/tex/latex/base/utf8.def) [44]
(/usr/share/texlive/texmf-dist/tex/latex/base/utf8.def) [45]
(/usr/share/texlive/texmf-dist/tex/latex/base/utf8.def) [46] [47]
(/usr/share/texlive/texmf-dist/tex/latex/base/utf8.def) [48]
(/usr/share/texlive/texmf-dist/tex/latex/base/utf8.def) [49]
(/usr/share/texlive/texmf-dist/tex/latex/base/utf8.def) [50]
(/usr/share/texlive/texmf-dist/tex/latex/base/utf8.def) [51]
(/usr/share/texlive/texmf-dist/tex/latex/base/utf8.def) [52] [53]
(/usr/share/texlive/texmf-dist/tex/latex/base/utf8.def) [54]
(/usr/share/texlive/texmf-dist/tex/latex/base/utf8.def) [55]
(/usr/share/texlive/texmf-dist/tex/latex/base/utf8.def) [56]
(/usr/share/texlive/texmf-dist/tex/latex/base/utf8.def) [57] [58]
(/usr/share/texlive/texmf-dist/tex/latex/base/utf8.def) [59]
(/usr/share/texlive/texmf-dist/tex/latex/base/utf8.def) [60]
(/usr/share/texlive/texmf-dist/tex/latex/base/utf8.def) [61]
(/usr/share/texlive/texmf-dist/tex/latex/base/utf8.def) [62] [63]
(/usr/share/texlive/texmf-dist/tex/latex/base/utf8.def) [64]
(/usr/share/texlive/texmf-dist/tex/latex/base/utf8.def) [65]
(/usr/share/texlive/texmf-dist/tex/latex/base/utf8.def) [66]
(/usr/share/texlive/texmf-dist/tex/latex/base/utf8.def) [67] [68]
(/usr/share/texlive/texmf-dist/tex/latex/base/utf8.def) [69]
(/usr/share/texlive/texmf-dist/tex/latex/base/utf8.def) [70]
(/usr/share/texlive/texmf-dist/tex/latex/base/utf8.def)
Overfull \hbox (63.8794pt too wide) in paragraph at lines 4298--4299
[]\T1/zi4/m/n/10 new ("unuran.cmv", dim=1, pdf=NULL, ll=NULL, ur=NULL,         
    mode=NULL, center=NULL, name=NA)\T1/ptm/m/n/10 . 
[71] (/usr/share/texlive/texmf-dist/tex/latex/base/utf8.def) [72] [73]
(/usr/share/texlive/texmf-dist/tex/latex/base/utf8.def)
Overfull \hbox (203.86917pt too wide) in paragraph at lines 4459--4460
[]\T1/zi4/m/n/10 new ("unuran.cont", cdf=NULL, pdf=NULL, dpdf=NULL, islog=FALSE
,             lb=NA, ub=NA, mode=NA, center=NA, area=NA, name=NA)\T1/ptm/m/n/10
 . 
[74] (/usr/share/texlive/texmf-dist/tex/latex/base/utf8.def) [75]
(/usr/share/texlive/texmf-dist/tex/latex/base/utf8.def) [76] [77]
Overfull \hbox (39.2383pt too wide) in paragraph at lines 4684--4688
[]\T1/ptm/m/n/10 area be-low squeeze func-tion for an acceptance-rejection meth
od. \T1/zi4/m/n/10 area.hat / area.squeeze
(/usr/share/texlive/texmf-dist/tex/latex/base/utf8.def)
Overfull \hbox (77.20932pt too wide) in paragraph at lines 4746--4747
[]\T1/zi4/m/n/10 new ("unuran.discr", cdf=NULL, pv=NULL, pmf=NULL, lb=NA, ub=NA
,             mode=NA, sum=NA, name=NA)\T1/ptm/m/n/10 . 
[78] (/usr/share/texlive/texmf-dist/tex/latex/base/utf8.def) [79] [80]
(/usr/share/texlive/texmf-dist/tex/latex/base/utf8.def)
(/usr/share/texlive/texmf-dist/tex/latex/base/utf8.def) [81]
(/usr/share/texlive/texmf-dist/tex/latex/base/utf8.def) [82] [83]
(/usr/share/texlive/texmf-dist/tex/latex/base/utf8.def) [84] [85]
(/usr/share/texlive/texmf-dist/tex/latex/base/utf8.def) [86]
(/usr/share/texlive/texmf-dist/tex/latex/base/utf8.def) [87] [88]
(/usr/share/texlive/texmf-dist/tex/latex/base/utf8.def) [89]
(/usr/share/texlive/texmf-dist/tex/latex/base/utf8.def) [90]
(/usr/share/texlive/texmf-dist/tex/latex/base/utf8.def) [91] [92]
(/usr/share/texlive/texmf-dist/tex/latex/base/utf8.def) [93]
(/usr/share/texlive/texmf-dist/tex/latex/base/utf8.def) [94]
(/usr/share/texlive/texmf-dist/tex/latex/base/utf8.def) [95]
(/usr/share/texlive/texmf-dist/tex/latex/base/utf8.def) [96]
(/usr/share/texlive/texmf-dist/tex/latex/base/utf8.def) [97] [98]
(/usr/share/texlive/texmf-dist/tex/latex/base/utf8.def) [99]
(/usr/share/texlive/texmf-dist/tex/latex/base/utf8.def) [100]
(/usr/share/texlive/texmf-dist/tex/latex/base/utf8.def) [101]
(/usr/share/texlive/texmf-dist/tex/latex/base/utf8.def) [102]
(/usr/share/texlive/texmf-dist/tex/latex/base/utf8.def) [103] [104]
(/usr/share/texlive/texmf-dist/tex/latex/base/utf8.def) [105]
(/usr/share/texlive/texmf-dist/tex/latex/base/utf8.def) [106]
(/usr/share/texlive/texmf-dist/tex/latex/base/utf8.def) [107]
(/usr/share/texlive/texmf-dist/tex/latex/base/utf8.def) [108] [109]
(/usr/share/texlive/texmf-dist/tex/latex/base/utf8.def) [110]
(/usr/share/texlive/texmf-dist/tex/latex/base/utf8.def) [111]
(/usr/share/texlive/texmf-dist/tex/latex/base/utf8.def) [112]
(/usr/share/texlive/texmf-dist/tex/latex/base/utf8.def) [113] [114]
(/usr/share/texlive/texmf-dist/tex/latex/base/utf8.def) [115]
(/usr/share/texlive/texmf-dist/tex/latex/base/utf8.def) [116]
(/usr/share/texlive/texmf-dist/tex/latex/base/utf8.def) [117]
(/usr/share/texlive/texmf-dist/tex/latex/base/utf8.def) [118] [119]
(/usr/share/texlive/texmf-dist/tex/latex/base/utf8.def) [120]
(/usr/share/texlive/texmf-dist/tex/latex/base/utf8.def) [121]
(/usr/share/texlive/texmf-dist/tex/latex/base/utf8.def) [122]
(/usr/share/texlive/texmf-dist/tex/latex/base/utf8.def) [123]
(/usr/share/texlive/texmf-dist/tex/latex/base/utf8.def) [124] [125]
(/usr/share/texlive/texmf-dist/tex/latex/base/utf8.def) [126]
(/usr/share/texlive/texmf-dist/tex/latex/base/utf8.def) [127]
(/usr/share/texlive/texmf-dist/tex/latex/base/utf8.def) [128]
(/usr/share/texlive/texmf-dist/tex/latex/base/utf8.def) [129] [130]
Overfull \hbox (24.58833pt too wide) in paragraph at lines 7952--7957
[]\T1/ptm/m/n/10 The seed of the aux-il-iary uni-form ran-dom num-ber gen-er-a-
tor can be set by means of \T1/zi4/m/n/10 set.aux.seed(seed)\T1/ptm/m/n/10 .

Underfull \vbox (badness 10000) has occurred while \output is active [131]
[132] (/usr/share/texlive/texmf-dist/tex/latex/base/utf8.def) [133]
(/tmp/RtmpNvREZI/Rd2pdf8ef2533449c0/Rd2.ind [134] [135]

LaTeX Font Warning: Font shape `T1/zi4/m/it' undefined
(Font)              using `T1/zi4/m/n' instead on input line 152.

[136] [137] [138]) (/tmp/RtmpNvREZI/Rd2pdf8ef2533449c0/Rd2.aux)

Package rerunfilecheck Warning: File `Rd2.out' has changed.
(rerunfilecheck)                Rerun to get outlines right
(rerunfilecheck)                or use package `bookmark'.


LaTeX Font Warning: Some font shapes were not available, defaults substituted.

 )
(see the transcript file for additional information)pdfTeX warning (dest): name
{Rfn.rweibull} has been referenced but does not exist, replaced by a fixed one

pdfTeX warning (dest): name{Rfn.rt} has been referenced but does not exist, rep
laced by a fixed one

pdfTeX warning (dest): name{Rfn.rpois} has been referenced but does not exist, 
replaced by a fixed one

pdfTeX warning (dest): name{Rfn.rnorm} has been referenced but does not exist, 
replaced by a fixed one

pdfTeX warning (dest): name{Rfn.rnbinom} has been referenced but does not exist
, replaced by a fixed one

pdfTeX warning (dest): name{Rfn.rlogis} has been referenced but does not exist,
 replaced by a fixed one

pdfTeX warning (dest): name{Rfn.rlnorm} has been referenced but does not exist,
 replaced by a fixed one

pdfTeX warning (dest): name{Rfn.rhyper} has been referenced but does not exist,
 replaced by a fixed one

pdfTeX warning (dest): name{Rfn.rgeom} has been referenced but does not exist, 
replaced by a fixed one

pdfTeX warning (dest): name{Rfn.rgamma} has been referenced but does not exist,
 replaced by a fixed one

pdfTeX warning (dest): name{Rfn.rf} has been referenced but does not exist, rep
laced by a fixed one

pdfTeX warning (dest): name{Rfn.rexp} has been referenced but does not exist, r
eplaced by a fixed one

pdfTeX warning (dest): name{Rfn.rchisq} has been referenced but does not exist,
 replaced by a fixed one

pdfTeX warning (dest): name{Rfn.rcauchy} has been referenced but does not exist
, replaced by a fixed one

pdfTeX warning (dest): name{Rfn.rbinom} has been referenced but does not exist,
 replaced by a fixed one

pdfTeX warning (dest): name{Rfn.rbeta} has been referenced but does not exist, 
replaced by a fixed one

pdfTeX warning (dest): name{Rfn.runif} has been referenced but does not exist, 
replaced by a fixed one

pdfTeX warning (dest): name{Rfn.gamma} has been referenced but does not exist, 
replaced by a fixed one

pdfTeX warning (dest): name{Rfn.set.seed} has been referenced but does not exis
t, replaced by a fixed one

pdfTeX warning (dest): name{Rfn.RNGkind} has been referenced but does not exist
, replaced by a fixed one

pdfTeX warning (dest): name{Rfn..Random.seed} has been referenced but does not 
exist, replaced by a fixed one

{/usr/share/texlive/texmf-dist/fonts/enc/dvips/inconsolata/i4-ts1.enc}{/usr/sha
re/texlive/texmf-dist/fonts/enc/dvips/base/8r.enc}{/usr/share/texlive/texmf-dis
t/fonts/enc/dvips/inconsolata/i4-t1-0.enc}</usr/share/texlive/texmf-dist/fonts/
type1/public/inconsolata/Inconsolata-zi4r.pfb></usr/share/texlive/texmf-dist/fo
nts/type1/public/amsfonts/cm/cmex10.pfb></usr/share/texlive/texmf-dist/fonts/ty
pe1/public/amsfonts/cm/cmmi10.pfb></usr/share/texlive/texmf-dist/fonts/type1/pu
blic/amsfonts/cm/cmmi7.pfb></usr/share/texlive/texmf-dist/fonts/type1/public/am
sfonts/cm/cmr10.pfb></usr/share/texlive/texmf-dist/fonts/type1/public/amsfonts/
cm/cmr5.pfb></usr/share/texlive/texmf-dist/fonts/type1/public/amsfonts/cm/cmr7.
pfb></usr/share/texlive/texmf-dist/fonts/type1/public/amsfonts/cm/cmsy10.pfb></
usr/share/texlive/texmf-dist/fonts/type1/public/amsfonts/cm/cmsy7.pfb></usr/sha
re/texlive/texmf-dist/fonts/type1/urw/helvetic/uhvr8a.pfb></usr/share/texlive/t
exmf-dist/fonts/type1/urw/times/utmb8a.pfb></usr/share/texlive/texmf-dist/fonts
/type1/urw/times/utmr8a.pfb></usr/share/texlive/texmf-dist/fonts/type1/urw/time
s/utmr8a.pfb></usr/share/texlive/texmf-dist/fonts/type1/urw/times/utmri8a.pfb>
Output written on Rd2.pdf (138 pages, 483462 bytes).
Transcript written on Rd2.log.
This is makeindex, version 2.15 [TeX Live 2016] (kpathsea + Thai support).
Scanning input file Rd2.idx....done (660 entries accepted, 2 rejected).
Sorting entries........done (6533 comparisons).
Generating output file Rd2.ind....done (563 lines written, 2 warnings).
Output written in Rd2.ind.
Transcript written in Rd2.ilg.
This is pdfTeX, Version 3.14159265-2.6-1.40.17 (TeX Live 2016/Debian) (preloaded format=pdflatex)
 restricted \write18 enabled.
entering extended mode
LaTeX2e <2017/01/01> patch level 3
Babel <3.9r> and hyphenation patterns for 83 language(s) loaded.
(./Rd2.tex
(/usr/share/texlive/texmf-dist/tex/latex/base/book.cls
Document Class: book 2014/09/29 v1.4h Standard LaTeX document class
(/usr/share/texlive/texmf-dist/tex/latex/base/bk10.clo))
(/home/tomas/cran/rcnst/build/share/texmf/tex/latex/Rd.sty
(/usr/share/texlive/texmf-dist/tex/latex/base/ifthen.sty)
(/usr/share/texlive/texmf-dist/tex/latex/tools/longtable.sty)
(/usr/share/texlive/texmf-dist/tex/latex/tools/bm.sty)
(/usr/share/texlive/texmf-dist/tex/latex/base/alltt.sty)
(/usr/share/texlive/texmf-dist/tex/latex/tools/verbatim.sty)
(/usr/share/texlive/texmf-dist/tex/latex/url/url.sty)
(/usr/share/texlive/texmf-dist/tex/latex/base/textcomp.sty
(/usr/share/texlive/texmf-dist/tex/latex/base/ts1enc.def))
(/usr/share/texlive/texmf-dist/tex/latex/base/fontenc.sty
(/usr/share/texlive/texmf-dist/tex/latex/base/t1enc.def))
(/usr/share/texlive/texmf-dist/tex/latex/psnfss/times.sty)
(/usr/share/texlive/texmf-dist/tex/latex/inconsolata/zi4.sty
`inconsolata-zi4' v1.112, 2017/01/04 Text macros for Inconsolata (msharpe)
(/usr/share/texlive/texmf-dist/tex/latex/xkeyval/xkeyval.sty
(/usr/share/texlive/texmf-dist/tex/generic/xkeyval/xkeyval.tex
(/usr/share/texlive/texmf-dist/tex/generic/xkeyval/xkvutils.tex
(/usr/share/texlive/texmf-dist/tex/generic/xkeyval/keyval.tex)))))
(/usr/share/texlive/texmf-dist/tex/latex/graphics/color.sty
(/usr/share/texlive/texmf-dist/tex/latex/graphics-cfg/color.cfg)
(/usr/share/texlive/texmf-dist/tex/latex/graphics-def/pdftex.def
(/usr/share/texlive/texmf-dist/tex/generic/oberdiek/infwarerr.sty)
(/usr/share/texlive/texmf-dist/tex/generic/oberdiek/ltxcmds.sty)))
(/usr/share/texlive/texmf-dist/tex/latex/hyperref/hyperref.sty
(/usr/share/texlive/texmf-dist/tex/generic/oberdiek/hobsub-hyperref.sty
(/usr/share/texlive/texmf-dist/tex/generic/oberdiek/hobsub-generic.sty))
(/usr/share/texlive/texmf-dist/tex/generic/ifxetex/ifxetex.sty)
(/usr/share/texlive/texmf-dist/tex/latex/oberdiek/auxhook.sty)
(/usr/share/texlive/texmf-dist/tex/latex/oberdiek/kvoptions.sty)
(/usr/share/texlive/texmf-dist/tex/latex/hyperref/pd1enc.def)
(/usr/share/texlive/texmf-dist/tex/latex/latexconfig/hyperref.cfg))

Package hyperref Message: Driver (autodetected): hpdftex.

(/usr/share/texlive/texmf-dist/tex/latex/hyperref/hpdftex.def
(/usr/share/texlive/texmf-dist/tex/latex/oberdiek/rerunfilecheck.sty))

Package hyperref Warning: Option `hyperindex' has already been used,
(hyperref)                setting the option has no effect on input line 366.


Package hyperref Warning: Option `pagebackref' has already been used,
(hyperref)                setting the option has no effect on input line 366.

) (/usr/share/texlive/texmf-dist/tex/latex/base/makeidx.sty)
(/usr/share/texlive/texmf-dist/tex/latex/base/inputenc.sty
(/usr/share/texlive/texmf-dist/tex/latex/base/utf8.def
(/usr/share/texlive/texmf-dist/tex/latex/base/t1enc.dfu)
(/usr/share/texlive/texmf-dist/tex/latex/base/ot1enc.dfu)
(/usr/share/texlive/texmf-dist/tex/latex/base/omsenc.dfu)
(/usr/share/texlive/texmf-dist/tex/latex/base/ts1enc.dfu))
(/usr/share/texlive/texmf-dist/tex/latex/base/latin1.def))
Writing index file Rd2.idx
(/tmp/RtmpNvREZI/Rd2pdf8ef2533449c0/Rd2.aux)
(/usr/share/texlive/texmf-dist/tex/latex/base/ts1cmr.fd)
(/usr/share/texlive/texmf-dist/tex/latex/psnfss/t1ptm.fd)
(/usr/share/texlive/texmf-dist/tex/context/base/mkii/supp-pdf.mkii
[Loading MPS to PDF converter (version 2006.09.02).]
) (/usr/share/texlive/texmf-dist/tex/latex/hyperref/nameref.sty
(/usr/share/texlive/texmf-dist/tex/generic/oberdiek/gettitlestring.sty))
(/tmp/RtmpNvREZI/Rd2pdf8ef2533449c0/Rd2.out)
(/tmp/RtmpNvREZI/Rd2pdf8ef2533449c0/Rd2.out)
(/usr/share/texlive/texmf-dist/tex/latex/inconsolata/t1zi4.fd)
(/usr/share/texlive/texmf-dist/tex/latex/psnfss/t1phv.fd)
(/tmp/RtmpNvREZI/Rd2pdf8ef2533449c0/Rd2.toc [1{/var/lib/texmf/fonts/map/pdftex/
updmap/pdftex.map}] [2]) (/usr/share/texlive/texmf-dist/tex/latex/base/utf8.def
) [3] [4] (/usr/share/texlive/texmf-dist/tex/latex/psnfss/ts1ptm.fd) [5]
[6]
Overfull \hbox (33.37823pt too wide) in paragraph at lines 298--304
[]\T1/ptm/m/n/10 All ob-jects are im-ple-mented as re-spec-tive S4 classes [][]
\T1/zi4/m/n/10 unuran[][][]\T1/ptm/m/n/10 , [][]\T1/zi4/m/n/10 unuran.distr[][]
[]\T1/ptm/m/n/10 , [][]\T1/zi4/m/n/10 unuran.cont[][][]\T1/ptm/m/n/10 , [][]\T1
/zi4/m/n/10 unuran.discr[][][]\T1/ptm/m/n/10 ,

Overfull \hbox (21.26959pt too wide) in paragraph at lines 305--309
[]\T1/ptm/m/n/10 See [][]\T1/zi4/m/n/10 Runuran.special.generators[][][] \T1/pt
m/m/n/10 for an overview of spe-cial gen-er-a-tors and [][]\T1/zi4/m/n/10 Runur
an.distributions[][][]
(/usr/share/texlive/texmf-dist/tex/latex/base/utf8.def) [7] [8]
(/usr/share/texlive/texmf-dist/tex/latex/base/utf8.def) [9] [10]
(/usr/share/texlive/texmf-dist/tex/latex/base/utf8.def) [11]
(/usr/share/texlive/texmf-dist/tex/latex/base/utf8.def) [12]
(/usr/share/texlive/texmf-dist/tex/latex/base/utf8.def) [13] [14]
Overfull \hbox (21.56004pt too wide) in paragraph at lines 810--817
\T1/ptm/m/n/10 Wien, Wirtschaft-suniv., 2005. [][]$\T1/zi4/m/n/10 http : / / ep
ub . wu . ac . at / dyn / virlib / wp / showentry ? ID = epub-[]wu-[]01 _
(/usr/share/texlive/texmf-dist/tex/latex/inconsolata/ts1zi4.fd) [15]
(/usr/share/texlive/texmf-dist/tex/latex/base/utf8.def) [16]
(/usr/share/texlive/texmf-dist/tex/latex/base/utf8.def) [17] [18]
(/usr/share/texlive/texmf-dist/tex/latex/base/utf8.def) [19] [20] [21]
(/usr/share/texlive/texmf-dist/tex/latex/base/utf8.def) [22] [23]
(/usr/share/texlive/texmf-dist/tex/latex/base/utf8.def) [24] [25]
(/usr/share/texlive/texmf-dist/tex/latex/base/utf8.def) [26]
(/usr/share/texlive/texmf-dist/tex/latex/base/utf8.def) [27] [28]
(/usr/share/texlive/texmf-dist/tex/latex/base/utf8.def) [29] [30]
(/usr/share/texlive/texmf-dist/tex/latex/base/utf8.def) [31]
(/usr/share/texlive/texmf-dist/tex/latex/base/utf8.def) [32]
(/usr/share/texlive/texmf-dist/tex/latex/base/utf8.def) [33]
(/usr/share/texlive/texmf-dist/tex/latex/base/utf8.def) [34]
(/usr/share/texlive/texmf-dist/tex/latex/base/utf8.def) [35] [36]
(/usr/share/texlive/texmf-dist/tex/latex/base/utf8.def) [37]
(/usr/share/texlive/texmf-dist/tex/latex/base/utf8.def) [38]
(/usr/share/texlive/texmf-dist/tex/latex/base/utf8.def) [39]
(/usr/share/texlive/texmf-dist/tex/latex/base/utf8.def) [40]
(/usr/share/texlive/texmf-dist/tex/latex/base/utf8.def) [41]
(/usr/share/texlive/texmf-dist/tex/latex/base/utf8.def) [42]
Overfull \hbox (0.68655pt too wide) in paragraph at lines 2586--2588
[]\T1/ptm/m/n/10 Prause, K., 1997. Mod-elling fi-nan-cial data us-ing gen-er-al
-ized hy-per-bolic dis-tri-bu-tions. FDM preprint
[43] (/usr/share/texlive/texmf-dist/tex/latex/base/utf8.def) [44]
(/usr/share/texlive/texmf-dist/tex/latex/base/utf8.def) [45]
(/usr/share/texlive/texmf-dist/tex/latex/base/utf8.def) [46] [47]
(/usr/share/texlive/texmf-dist/tex/latex/base/utf8.def) [48]
(/usr/share/texlive/texmf-dist/tex/latex/base/utf8.def) [49]
(/usr/share/texlive/texmf-dist/tex/latex/base/utf8.def) [50]
(/usr/share/texlive/texmf-dist/tex/latex/base/utf8.def) [51]
(/usr/share/texlive/texmf-dist/tex/latex/base/utf8.def) [52] [53]
(/usr/share/texlive/texmf-dist/tex/latex/base/utf8.def) [54]
(/usr/share/texlive/texmf-dist/tex/latex/base/utf8.def) [55]
(/usr/share/texlive/texmf-dist/tex/latex/base/utf8.def) [56]
(/usr/share/texlive/texmf-dist/tex/latex/base/utf8.def) [57] [58]
(/usr/share/texlive/texmf-dist/tex/latex/base/utf8.def) [59]
(/usr/share/texlive/texmf-dist/tex/latex/base/utf8.def) [60]
(/usr/share/texlive/texmf-dist/tex/latex/base/utf8.def) [61]
(/usr/share/texlive/texmf-dist/tex/latex/base/utf8.def) [62] [63]
(/usr/share/texlive/texmf-dist/tex/latex/base/utf8.def) [64]
(/usr/share/texlive/texmf-dist/tex/latex/base/utf8.def) [65]
(/usr/share/texlive/texmf-dist/tex/latex/base/utf8.def) [66]
(/usr/share/texlive/texmf-dist/tex/latex/base/utf8.def) [67] [68]
(/usr/share/texlive/texmf-dist/tex/latex/base/utf8.def) [69]
(/usr/share/texlive/texmf-dist/tex/latex/base/utf8.def) [70]
(/usr/share/texlive/texmf-dist/tex/latex/base/utf8.def)
Overfull \hbox (63.8794pt too wide) in paragraph at lines 4298--4299
[]\T1/zi4/m/n/10 new ("unuran.cmv", dim=1, pdf=NULL, ll=NULL, ur=NULL,         
    mode=NULL, center=NULL, name=NA)\T1/ptm/m/n/10 . 
[71] (/usr/share/texlive/texmf-dist/tex/latex/base/utf8.def) [72] [73]
(/usr/share/texlive/texmf-dist/tex/latex/base/utf8.def)
Overfull \hbox (203.86917pt too wide) in paragraph at lines 4459--4460
[]\T1/zi4/m/n/10 new ("unuran.cont", cdf=NULL, pdf=NULL, dpdf=NULL, islog=FALSE
,             lb=NA, ub=NA, mode=NA, center=NA, area=NA, name=NA)\T1/ptm/m/n/10
 . 
[74] (/usr/share/texlive/texmf-dist/tex/latex/base/utf8.def) [75]
(/usr/share/texlive/texmf-dist/tex/latex/base/utf8.def) [76] [77]
Overfull \hbox (39.2383pt too wide) in paragraph at lines 4684--4688
[]\T1/ptm/m/n/10 area be-low squeeze func-tion for an acceptance-rejection meth
od. \T1/zi4/m/n/10 area.hat / area.squeeze
(/usr/share/texlive/texmf-dist/tex/latex/base/utf8.def)
Overfull \hbox (77.20932pt too wide) in paragraph at lines 4746--4747
[]\T1/zi4/m/n/10 new ("unuran.discr", cdf=NULL, pv=NULL, pmf=NULL, lb=NA, ub=NA
,             mode=NA, sum=NA, name=NA)\T1/ptm/m/n/10 . 
[78] (/usr/share/texlive/texmf-dist/tex/latex/base/utf8.def) [79] [80]
(/usr/share/texlive/texmf-dist/tex/latex/base/utf8.def)
(/usr/share/texlive/texmf-dist/tex/latex/base/utf8.def) [81]
(/usr/share/texlive/texmf-dist/tex/latex/base/utf8.def) [82] [83]
(/usr/share/texlive/texmf-dist/tex/latex/base/utf8.def) [84] [85]
(/usr/share/texlive/texmf-dist/tex/latex/base/utf8.def) [86]
(/usr/share/texlive/texmf-dist/tex/latex/base/utf8.def) [87] [88]
(/usr/share/texlive/texmf-dist/tex/latex/base/utf8.def) [89]
(/usr/share/texlive/texmf-dist/tex/latex/base/utf8.def) [90]
(/usr/share/texlive/texmf-dist/tex/latex/base/utf8.def) [91] [92]
(/usr/share/texlive/texmf-dist/tex/latex/base/utf8.def) [93]
(/usr/share/texlive/texmf-dist/tex/latex/base/utf8.def) [94]
(/usr/share/texlive/texmf-dist/tex/latex/base/utf8.def) [95]
(/usr/share/texlive/texmf-dist/tex/latex/base/utf8.def) [96]
(/usr/share/texlive/texmf-dist/tex/latex/base/utf8.def) [97] [98]
(/usr/share/texlive/texmf-dist/tex/latex/base/utf8.def) [99]
(/usr/share/texlive/texmf-dist/tex/latex/base/utf8.def) [100]
(/usr/share/texlive/texmf-dist/tex/latex/base/utf8.def) [101]
(/usr/share/texlive/texmf-dist/tex/latex/base/utf8.def) [102]
(/usr/share/texlive/texmf-dist/tex/latex/base/utf8.def) [103] [104]
(/usr/share/texlive/texmf-dist/tex/latex/base/utf8.def) [105]
(/usr/share/texlive/texmf-dist/tex/latex/base/utf8.def) [106]
(/usr/share/texlive/texmf-dist/tex/latex/base/utf8.def) [107]
(/usr/share/texlive/texmf-dist/tex/latex/base/utf8.def) [108] [109]
(/usr/share/texlive/texmf-dist/tex/latex/base/utf8.def) [110]
(/usr/share/texlive/texmf-dist/tex/latex/base/utf8.def) [111]
(/usr/share/texlive/texmf-dist/tex/latex/base/utf8.def) [112]
(/usr/share/texlive/texmf-dist/tex/latex/base/utf8.def) [113] [114]
(/usr/share/texlive/texmf-dist/tex/latex/base/utf8.def) [115]
(/usr/share/texlive/texmf-dist/tex/latex/base/utf8.def) [116]
(/usr/share/texlive/texmf-dist/tex/latex/base/utf8.def) [117]
(/usr/share/texlive/texmf-dist/tex/latex/base/utf8.def) [118] [119]
(/usr/share/texlive/texmf-dist/tex/latex/base/utf8.def) [120]
(/usr/share/texlive/texmf-dist/tex/latex/base/utf8.def) [121]
(/usr/share/texlive/texmf-dist/tex/latex/base/utf8.def) [122]
(/usr/share/texlive/texmf-dist/tex/latex/base/utf8.def) [123]
(/usr/share/texlive/texmf-dist/tex/latex/base/utf8.def) [124] [125]
(/usr/share/texlive/texmf-dist/tex/latex/base/utf8.def) [126]
(/usr/share/texlive/texmf-dist/tex/latex/base/utf8.def) [127]
(/usr/share/texlive/texmf-dist/tex/latex/base/utf8.def) [128]
(/usr/share/texlive/texmf-dist/tex/latex/base/utf8.def) [129] [130]
Overfull \hbox (24.58833pt too wide) in paragraph at lines 7952--7957
[]\T1/ptm/m/n/10 The seed of the aux-il-iary uni-form ran-dom num-ber gen-er-a-
tor can be set by means of \T1/zi4/m/n/10 set.aux.seed(seed)\T1/ptm/m/n/10 .

Underfull \vbox (badness 10000) has occurred while \output is active [131]
[132] (/usr/share/texlive/texmf-dist/tex/latex/base/utf8.def) [133]
(/tmp/RtmpNvREZI/Rd2pdf8ef2533449c0/Rd2.ind [134] [135]

LaTeX Font Warning: Font shape `T1/zi4/m/it' undefined
(Font)              using `T1/zi4/m/n' instead on input line 152.

[136] [137] [138]) (/tmp/RtmpNvREZI/Rd2pdf8ef2533449c0/Rd2.aux)

LaTeX Font Warning: Some font shapes were not available, defaults substituted.

 )
(see the transcript file for additional information)pdfTeX warning (dest): name
{Rfn.rweibull} has been referenced but does not exist, replaced by a fixed one

pdfTeX warning (dest): name{Rfn.rt} has been referenced but does not exist, rep
laced by a fixed one

pdfTeX warning (dest): name{Rfn.rpois} has been referenced but does not exist, 
replaced by a fixed one

pdfTeX warning (dest): name{Rfn.rnorm} has been referenced but does not exist, 
replaced by a fixed one

pdfTeX warning (dest): name{Rfn.rnbinom} has been referenced but does not exist
, replaced by a fixed one

pdfTeX warning (dest): name{Rfn.rlogis} has been referenced but does not exist,
 replaced by a fixed one

pdfTeX warning (dest): name{Rfn.rlnorm} has been referenced but does not exist,
 replaced by a fixed one

pdfTeX warning (dest): name{Rfn.rhyper} has been referenced but does not exist,
 replaced by a fixed one

pdfTeX warning (dest): name{Rfn.rgeom} has been referenced but does not exist, 
replaced by a fixed one

pdfTeX warning (dest): name{Rfn.rgamma} has been referenced but does not exist,
 replaced by a fixed one

pdfTeX warning (dest): name{Rfn.rf} has been referenced but does not exist, rep
laced by a fixed one

pdfTeX warning (dest): name{Rfn.rexp} has been referenced but does not exist, r
eplaced by a fixed one

pdfTeX warning (dest): name{Rfn.rchisq} has been referenced but does not exist,
 replaced by a fixed one

pdfTeX warning (dest): name{Rfn.rcauchy} has been referenced but does not exist
, replaced by a fixed one

pdfTeX warning (dest): name{Rfn.rbinom} has been referenced but does not exist,
 replaced by a fixed one

pdfTeX warning (dest): name{Rfn.rbeta} has been referenced but does not exist, 
replaced by a fixed one

pdfTeX warning (dest): name{Rfn.runif} has been referenced but does not exist, 
replaced by a fixed one

pdfTeX warning (dest): name{Rfn.gamma} has been referenced but does not exist, 
replaced by a fixed one

pdfTeX warning (dest): name{Rfn.set.seed} has been referenced but does not exis
t, replaced by a fixed one

pdfTeX warning (dest): name{Rfn.RNGkind} has been referenced but does not exist
, replaced by a fixed one

pdfTeX warning (dest): name{Rfn..Random.seed} has been referenced but does not 
exist, replaced by a fixed one

{/usr/share/texlive/texmf-dist/fonts/enc/dvips/inconsolata/i4-ts1.enc}{/usr/sha
re/texlive/texmf-dist/fonts/enc/dvips/base/8r.enc}{/usr/share/texlive/texmf-dis
t/fonts/enc/dvips/inconsolata/i4-t1-0.enc}</usr/share/texlive/texmf-dist/fonts/
type1/public/inconsolata/Inconsolata-zi4r.pfb></usr/share/texlive/texmf-dist/fo
nts/type1/public/amsfonts/cm/cmex10.pfb></usr/share/texlive/texmf-dist/fonts/ty
pe1/public/amsfonts/cm/cmmi10.pfb></usr/share/texlive/texmf-dist/fonts/type1/pu
blic/amsfonts/cm/cmmi7.pfb></usr/share/texlive/texmf-dist/fonts/type1/public/am
sfonts/cm/cmr10.pfb></usr/share/texlive/texmf-dist/fonts/type1/public/amsfonts/
cm/cmr5.pfb></usr/share/texlive/texmf-dist/fonts/type1/public/amsfonts/cm/cmr7.
pfb></usr/share/texlive/texmf-dist/fonts/type1/public/amsfonts/cm/cmsy10.pfb></
usr/share/texlive/texmf-dist/fonts/type1/public/amsfonts/cm/cmsy7.pfb></usr/sha
re/texlive/texmf-dist/fonts/type1/urw/helvetic/uhvr8a.pfb></usr/share/texlive/t
exmf-dist/fonts/type1/urw/times/utmb8a.pfb></usr/share/texlive/texmf-dist/fonts
/type1/urw/times/utmr8a.pfb></usr/share/texlive/texmf-dist/fonts/type1/urw/time
s/utmr8a.pfb></usr/share/texlive/texmf-dist/fonts/type1/urw/times/utmri8a.pfb>
Output written on Rd2.pdf (138 pages, 484054 bytes).
Transcript written on Rd2.log.
Saving output to Runuran-manual.pdf ...
Done
You may want to clean up by 'rm -rf /tmp/RtmpNvREZI/Rd2pdf8ef2533449c0'
