Hmm ... looks like a package

This is pdfTeX, Version 3.14159265-2.6-1.40.17 (TeX Live 2016/Debian) (preloaded format=pdflatex)
 restricted \write18 enabled.
entering extended mode
LaTeX2e <2017/01/01> patch level 3
Babel <3.9r> and hyphenation patterns for 83 language(s) loaded.
(./Rd2.tex
(/usr/share/texlive/texmf-dist/tex/latex/base/book.cls
Document Class: book 2014/09/29 v1.4h Standard LaTeX document class
(/usr/share/texlive/texmf-dist/tex/latex/base/bk10.clo))
(/home/tomas/cran/rcnst/build/share/texmf/tex/latex/Rd.sty
(/usr/share/texlive/texmf-dist/tex/latex/base/ifthen.sty)
(/usr/share/texlive/texmf-dist/tex/latex/tools/longtable.sty)
(/usr/share/texlive/texmf-dist/tex/latex/tools/bm.sty)
(/usr/share/texlive/texmf-dist/tex/latex/base/alltt.sty)
(/usr/share/texlive/texmf-dist/tex/latex/tools/verbatim.sty)
(/usr/share/texlive/texmf-dist/tex/latex/url/url.sty)
(/usr/share/texlive/texmf-dist/tex/latex/base/textcomp.sty
(/usr/share/texlive/texmf-dist/tex/latex/base/ts1enc.def))
(/usr/share/texlive/texmf-dist/tex/latex/base/fontenc.sty
(/usr/share/texlive/texmf-dist/tex/latex/base/t1enc.def))
(/usr/share/texlive/texmf-dist/tex/latex/psnfss/times.sty)
(/usr/share/texlive/texmf-dist/tex/latex/inconsolata/zi4.sty
`inconsolata-zi4' v1.112, 2017/01/04 Text macros for Inconsolata (msharpe)
(/usr/share/texlive/texmf-dist/tex/latex/xkeyval/xkeyval.sty
(/usr/share/texlive/texmf-dist/tex/generic/xkeyval/xkeyval.tex
(/usr/share/texlive/texmf-dist/tex/generic/xkeyval/xkvutils.tex
(/usr/share/texlive/texmf-dist/tex/generic/xkeyval/keyval.tex)))))
(/usr/share/texlive/texmf-dist/tex/latex/graphics/color.sty
(/usr/share/texlive/texmf-dist/tex/latex/graphics-cfg/color.cfg)
(/usr/share/texlive/texmf-dist/tex/latex/graphics-def/pdftex.def
(/usr/share/texlive/texmf-dist/tex/generic/oberdiek/infwarerr.sty)
(/usr/share/texlive/texmf-dist/tex/generic/oberdiek/ltxcmds.sty)))
(/usr/share/texlive/texmf-dist/tex/latex/hyperref/hyperref.sty
(/usr/share/texlive/texmf-dist/tex/generic/oberdiek/hobsub-hyperref.sty
(/usr/share/texlive/texmf-dist/tex/generic/oberdiek/hobsub-generic.sty))
(/usr/share/texlive/texmf-dist/tex/generic/ifxetex/ifxetex.sty)
(/usr/share/texlive/texmf-dist/tex/latex/oberdiek/auxhook.sty)
(/usr/share/texlive/texmf-dist/tex/latex/oberdiek/kvoptions.sty)
(/usr/share/texlive/texmf-dist/tex/latex/hyperref/pd1enc.def)
(/usr/share/texlive/texmf-dist/tex/latex/latexconfig/hyperref.cfg))

Package hyperref Message: Driver (autodetected): hpdftex.

(/usr/share/texlive/texmf-dist/tex/latex/hyperref/hpdftex.def
(/usr/share/texlive/texmf-dist/tex/latex/oberdiek/rerunfilecheck.sty))

Package hyperref Warning: Option `hyperindex' has already been used,
(hyperref)                setting the option has no effect on input line 366.


Package hyperref Warning: Option `pagebackref' has already been used,
(hyperref)                setting the option has no effect on input line 366.

) (/usr/share/texlive/texmf-dist/tex/latex/base/makeidx.sty)
(/usr/share/texlive/texmf-dist/tex/latex/base/inputenc.sty
(/usr/share/texlive/texmf-dist/tex/latex/base/utf8.def
(/usr/share/texlive/texmf-dist/tex/latex/base/t1enc.dfu)
(/usr/share/texlive/texmf-dist/tex/latex/base/ot1enc.dfu)
(/usr/share/texlive/texmf-dist/tex/latex/base/omsenc.dfu)
(/usr/share/texlive/texmf-dist/tex/latex/base/ts1enc.dfu)))
Writing index file Rd2.idx
No file Rd2.aux.
(/usr/share/texlive/texmf-dist/tex/latex/base/ts1cmr.fd)
(/usr/share/texlive/texmf-dist/tex/latex/psnfss/t1ptm.fd)
(/usr/share/texlive/texmf-dist/tex/context/base/mkii/supp-pdf.mkii
[Loading MPS to PDF converter (version 2006.09.02).]
) (/usr/share/texlive/texmf-dist/tex/latex/hyperref/nameref.sty
(/usr/share/texlive/texmf-dist/tex/generic/oberdiek/gettitlestring.sty))
(/usr/share/texlive/texmf-dist/tex/latex/base/utf8.def)
(/usr/share/texlive/texmf-dist/tex/latex/inconsolata/t1zi4.fd)
(/usr/share/texlive/texmf-dist/tex/latex/psnfss/t1phv.fd)
(/usr/share/texlive/texmf-dist/tex/latex/base/utf8.def) [1{/var/lib/texmf/fonts
/map/pdftex/updmap/pdftex.map}]
(/usr/share/texlive/texmf-dist/tex/latex/base/utf8.def)
Overfull \hbox (7.04852pt too wide) in paragraph at lines 78--81
[]\T1/ptm/m/n/10 a ma-trix where each row gives an (x, y) shift to use when com
-put-ing co-occurrency
(/usr/share/texlive/texmf-dist/tex/latex/base/utf8.def) [2]
(/usr/share/texlive/texmf-dist/tex/latex/base/utf8.def)
(/usr/share/texlive/texmf-dist/tex/latex/base/utf8.def)
(/usr/share/texlive/texmf-dist/tex/latex/base/utf8.def) [3]
Underfull \hbox (badness 2245) in paragraph at lines 145--145
[]\T1/ptm/m/it/10 Image tex-ture mea-sures from grey-level co-occurrence ma-tri
-ces
[4]
Overfull \hbox (6.54869pt too wide) in paragraph at lines 220--223
\T1/ptm/m/n/10 late the GLCM tex-tures. For ex-am-ple: \T1/zi4/m/n/10 shift=mat
rix(c(1,1,-1,-1), byrow=TRUE, ncol=2) 

Overfull \hbox (118.41756pt too wide) in paragraph at lines 227--234
\T1/ptm/m/n/10 tions" (in the ter-mi-nol-ogy of com-monly used re-mote sens-ing
 soft-ware), use: \T1/zi4/m/n/10 shift=list(c(0,1), c(1,1), c(1,0), c(1,-1))\T1
/ptm/m/n/10 .
(/usr/share/texlive/texmf-dist/tex/latex/base/utf8.def) [5]
(/usr/share/texlive/texmf-dist/tex/latex/base/utf8.def)
(/usr/share/texlive/texmf-dist/tex/latex/inconsolata/ts1zi4.fd)
No file Rd2.ind.
[6] (/tmp/RtmpWRWvj8/Rd2pdf54632b44a5b0/Rd2.aux)

Package rerunfilecheck Warning: File `Rd2.out' has changed.
(rerunfilecheck)                Rerun to get outlines right
(rerunfilecheck)                or use package `bookmark'.

 )
(see the transcript file for additional information){/usr/share/texlive/texmf-d
ist/fonts/enc/dvips/inconsolata/i4-ts1.enc}{/usr/share/texlive/texmf-dist/fonts
/enc/dvips/base/8r.enc}{/usr/share/texlive/texmf-dist/fonts/enc/dvips/inconsola
ta/i4-t1-0.enc}</usr/share/texlive/texmf-dist/fonts/type1/public/inconsolata/In
consolata-zi4r.pfb></usr/share/texlive/texmf-dist/fonts/type1/urw/helvetic/uhvr
8a.pfb></usr/share/texlive/texmf-dist/fonts/type1/urw/times/utmb8a.pfb></usr/sh
are/texlive/texmf-dist/fonts/type1/urw/times/utmr8a.pfb></usr/share/texlive/tex
mf-dist/fonts/type1/urw/times/utmr8a.pfb></usr/share/texlive/texmf-dist/fonts/t
ype1/urw/times/utmri8a.pfb>
Output written on Rd2.pdf (6 pages, 94417 bytes).
Transcript written on Rd2.log.
This is pdfTeX, Version 3.14159265-2.6-1.40.17 (TeX Live 2016/Debian) (preloaded format=pdflatex)
 restricted \write18 enabled.
entering extended mode
LaTeX2e <2017/01/01> patch level 3
Babel <3.9r> and hyphenation patterns for 83 language(s) loaded.
(./Rd2.tex
(/usr/share/texlive/texmf-dist/tex/latex/base/book.cls
Document Class: book 2014/09/29 v1.4h Standard LaTeX document class
(/usr/share/texlive/texmf-dist/tex/latex/base/bk10.clo))
(/home/tomas/cran/rcnst/build/share/texmf/tex/latex/Rd.sty
(/usr/share/texlive/texmf-dist/tex/latex/base/ifthen.sty)
(/usr/share/texlive/texmf-dist/tex/latex/tools/longtable.sty)
(/usr/share/texlive/texmf-dist/tex/latex/tools/bm.sty)
(/usr/share/texlive/texmf-dist/tex/latex/base/alltt.sty)
(/usr/share/texlive/texmf-dist/tex/latex/tools/verbatim.sty)
(/usr/share/texlive/texmf-dist/tex/latex/url/url.sty)
(/usr/share/texlive/texmf-dist/tex/latex/base/textcomp.sty
(/usr/share/texlive/texmf-dist/tex/latex/base/ts1enc.def))
(/usr/share/texlive/texmf-dist/tex/latex/base/fontenc.sty
(/usr/share/texlive/texmf-dist/tex/latex/base/t1enc.def))
(/usr/share/texlive/texmf-dist/tex/latex/psnfss/times.sty)
(/usr/share/texlive/texmf-dist/tex/latex/inconsolata/zi4.sty
`inconsolata-zi4' v1.112, 2017/01/04 Text macros for Inconsolata (msharpe)
(/usr/share/texlive/texmf-dist/tex/latex/xkeyval/xkeyval.sty
(/usr/share/texlive/texmf-dist/tex/generic/xkeyval/xkeyval.tex
(/usr/share/texlive/texmf-dist/tex/generic/xkeyval/xkvutils.tex
(/usr/share/texlive/texmf-dist/tex/generic/xkeyval/keyval.tex)))))
(/usr/share/texlive/texmf-dist/tex/latex/graphics/color.sty
(/usr/share/texlive/texmf-dist/tex/latex/graphics-cfg/color.cfg)
(/usr/share/texlive/texmf-dist/tex/latex/graphics-def/pdftex.def
(/usr/share/texlive/texmf-dist/tex/generic/oberdiek/infwarerr.sty)
(/usr/share/texlive/texmf-dist/tex/generic/oberdiek/ltxcmds.sty)))
(/usr/share/texlive/texmf-dist/tex/latex/hyperref/hyperref.sty
(/usr/share/texlive/texmf-dist/tex/generic/oberdiek/hobsub-hyperref.sty
(/usr/share/texlive/texmf-dist/tex/generic/oberdiek/hobsub-generic.sty))
(/usr/share/texlive/texmf-dist/tex/generic/ifxetex/ifxetex.sty)
(/usr/share/texlive/texmf-dist/tex/latex/oberdiek/auxhook.sty)
(/usr/share/texlive/texmf-dist/tex/latex/oberdiek/kvoptions.sty)
(/usr/share/texlive/texmf-dist/tex/latex/hyperref/pd1enc.def)
(/usr/share/texlive/texmf-dist/tex/latex/latexconfig/hyperref.cfg))

Package hyperref Message: Driver (autodetected): hpdftex.

(/usr/share/texlive/texmf-dist/tex/latex/hyperref/hpdftex.def
(/usr/share/texlive/texmf-dist/tex/latex/oberdiek/rerunfilecheck.sty))

Package hyperref Warning: Option `hyperindex' has already been used,
(hyperref)                setting the option has no effect on input line 366.


Package hyperref Warning: Option `pagebackref' has already been used,
(hyperref)                setting the option has no effect on input line 366.

) (/usr/share/texlive/texmf-dist/tex/latex/base/makeidx.sty)
(/usr/share/texlive/texmf-dist/tex/latex/base/inputenc.sty
(/usr/share/texlive/texmf-dist/tex/latex/base/utf8.def
(/usr/share/texlive/texmf-dist/tex/latex/base/t1enc.dfu)
(/usr/share/texlive/texmf-dist/tex/latex/base/ot1enc.dfu)
(/usr/share/texlive/texmf-dist/tex/latex/base/omsenc.dfu)
(/usr/share/texlive/texmf-dist/tex/latex/base/ts1enc.dfu)))
Writing index file Rd2.idx
(/tmp/RtmpWRWvj8/Rd2pdf54632b44a5b0/Rd2.aux)
(/usr/share/texlive/texmf-dist/tex/latex/base/ts1cmr.fd)
(/usr/share/texlive/texmf-dist/tex/latex/psnfss/t1ptm.fd)
(/usr/share/texlive/texmf-dist/tex/context/base/mkii/supp-pdf.mkii
[Loading MPS to PDF converter (version 2006.09.02).]
) (/usr/share/texlive/texmf-dist/tex/latex/hyperref/nameref.sty
(/usr/share/texlive/texmf-dist/tex/generic/oberdiek/gettitlestring.sty))
(/tmp/RtmpWRWvj8/Rd2pdf54632b44a5b0/Rd2.out)
(/tmp/RtmpWRWvj8/Rd2pdf54632b44a5b0/Rd2.out)
(/usr/share/texlive/texmf-dist/tex/latex/base/utf8.def)
(/usr/share/texlive/texmf-dist/tex/latex/inconsolata/t1zi4.fd)
(/usr/share/texlive/texmf-dist/tex/latex/psnfss/t1phv.fd)
(/tmp/RtmpWRWvj8/Rd2pdf54632b44a5b0/Rd2.toc [1{/var/lib/texmf/fonts/map/pdftex/
updmap/pdftex.map}]) (/usr/share/texlive/texmf-dist/tex/latex/base/utf8.def)
(/usr/share/texlive/texmf-dist/tex/latex/base/utf8.def)
Overfull \hbox (7.04852pt too wide) in paragraph at lines 78--81
[]\T1/ptm/m/n/10 a ma-trix where each row gives an (x, y) shift to use when com
-put-ing co-occurrency
(/usr/share/texlive/texmf-dist/tex/latex/base/utf8.def) [2]
(/usr/share/texlive/texmf-dist/tex/latex/base/utf8.def)
(/usr/share/texlive/texmf-dist/tex/latex/base/utf8.def)
(/usr/share/texlive/texmf-dist/tex/latex/base/utf8.def) [3]
Underfull \hbox (badness 2245) in paragraph at lines 145--145
[]\T1/ptm/m/it/10 Image tex-ture mea-sures from grey-level co-occurrence ma-tri
-ces
[4]
Overfull \hbox (6.54869pt too wide) in paragraph at lines 220--223
\T1/ptm/m/n/10 late the GLCM tex-tures. For ex-am-ple: \T1/zi4/m/n/10 shift=mat
rix(c(1,1,-1,-1), byrow=TRUE, ncol=2) 

Overfull \hbox (118.41756pt too wide) in paragraph at lines 227--234
\T1/ptm/m/n/10 tions" (in the ter-mi-nol-ogy of com-monly used re-mote sens-ing
 soft-ware), use: \T1/zi4/m/n/10 shift=list(c(0,1), c(1,1), c(1,0), c(1,-1))\T1
/ptm/m/n/10 .
(/usr/share/texlive/texmf-dist/tex/latex/base/utf8.def) [5]
(/usr/share/texlive/texmf-dist/tex/latex/base/utf8.def)
(/usr/share/texlive/texmf-dist/tex/latex/inconsolata/ts1zi4.fd)
No file Rd2.ind.
[6] (/tmp/RtmpWRWvj8/Rd2pdf54632b44a5b0/Rd2.aux) )
(see the transcript file for additional information){/usr/share/texlive/texmf-d
ist/fonts/enc/dvips/inconsolata/i4-ts1.enc}{/usr/share/texlive/texmf-dist/fonts
/enc/dvips/base/8r.enc}{/usr/share/texlive/texmf-dist/fonts/enc/dvips/inconsola
ta/i4-t1-0.enc}</usr/share/texlive/texmf-dist/fonts/type1/public/inconsolata/In
consolata-zi4r.pfb></usr/share/texlive/texmf-dist/fonts/type1/urw/helvetic/uhvr
8a.pfb></usr/share/texlive/texmf-dist/fonts/type1/urw/times/utmb8a.pfb></usr/sh
are/texlive/texmf-dist/fonts/type1/urw/times/utmr8a.pfb></usr/share/texlive/tex
mf-dist/fonts/type1/urw/times/utmr8a.pfb></usr/share/texlive/texmf-dist/fonts/t
ype1/urw/times/utmri8a.pfb>
Output written on Rd2.pdf (6 pages, 95422 bytes).
Transcript written on Rd2.log.
This is makeindex, version 2.15 [TeX Live 2016] (kpathsea + Thai support).
Scanning input file Rd2.idx....done (16 entries accepted, 0 rejected).
Sorting entries....done (65 comparisons).
Generating output file Rd2.ind....done (34 lines written, 3 warnings).
Output written in Rd2.ind.
Transcript written in Rd2.ilg.
This is pdfTeX, Version 3.14159265-2.6-1.40.17 (TeX Live 2016/Debian) (preloaded format=pdflatex)
 restricted \write18 enabled.
entering extended mode
LaTeX2e <2017/01/01> patch level 3
Babel <3.9r> and hyphenation patterns for 83 language(s) loaded.
(./Rd2.tex
(/usr/share/texlive/texmf-dist/tex/latex/base/book.cls
Document Class: book 2014/09/29 v1.4h Standard LaTeX document class
(/usr/share/texlive/texmf-dist/tex/latex/base/bk10.clo))
(/home/tomas/cran/rcnst/build/share/texmf/tex/latex/Rd.sty
(/usr/share/texlive/texmf-dist/tex/latex/base/ifthen.sty)
(/usr/share/texlive/texmf-dist/tex/latex/tools/longtable.sty)
(/usr/share/texlive/texmf-dist/tex/latex/tools/bm.sty)
(/usr/share/texlive/texmf-dist/tex/latex/base/alltt.sty)
(/usr/share/texlive/texmf-dist/tex/latex/tools/verbatim.sty)
(/usr/share/texlive/texmf-dist/tex/latex/url/url.sty)
(/usr/share/texlive/texmf-dist/tex/latex/base/textcomp.sty
(/usr/share/texlive/texmf-dist/tex/latex/base/ts1enc.def))
(/usr/share/texlive/texmf-dist/tex/latex/base/fontenc.sty
(/usr/share/texlive/texmf-dist/tex/latex/base/t1enc.def))
(/usr/share/texlive/texmf-dist/tex/latex/psnfss/times.sty)
(/usr/share/texlive/texmf-dist/tex/latex/inconsolata/zi4.sty
`inconsolata-zi4' v1.112, 2017/01/04 Text macros for Inconsolata (msharpe)
(/usr/share/texlive/texmf-dist/tex/latex/xkeyval/xkeyval.sty
(/usr/share/texlive/texmf-dist/tex/generic/xkeyval/xkeyval.tex
(/usr/share/texlive/texmf-dist/tex/generic/xkeyval/xkvutils.tex
(/usr/share/texlive/texmf-dist/tex/generic/xkeyval/keyval.tex)))))
(/usr/share/texlive/texmf-dist/tex/latex/graphics/color.sty
(/usr/share/texlive/texmf-dist/tex/latex/graphics-cfg/color.cfg)
(/usr/share/texlive/texmf-dist/tex/latex/graphics-def/pdftex.def
(/usr/share/texlive/texmf-dist/tex/generic/oberdiek/infwarerr.sty)
(/usr/share/texlive/texmf-dist/tex/generic/oberdiek/ltxcmds.sty)))
(/usr/share/texlive/texmf-dist/tex/latex/hyperref/hyperref.sty
(/usr/share/texlive/texmf-dist/tex/generic/oberdiek/hobsub-hyperref.sty
(/usr/share/texlive/texmf-dist/tex/generic/oberdiek/hobsub-generic.sty))
(/usr/share/texlive/texmf-dist/tex/generic/ifxetex/ifxetex.sty)
(/usr/share/texlive/texmf-dist/tex/latex/oberdiek/auxhook.sty)
(/usr/share/texlive/texmf-dist/tex/latex/oberdiek/kvoptions.sty)
(/usr/share/texlive/texmf-dist/tex/latex/hyperref/pd1enc.def)
(/usr/share/texlive/texmf-dist/tex/latex/latexconfig/hyperref.cfg))

Package hyperref Message: Driver (autodetected): hpdftex.

(/usr/share/texlive/texmf-dist/tex/latex/hyperref/hpdftex.def
(/usr/share/texlive/texmf-dist/tex/latex/oberdiek/rerunfilecheck.sty))

Package hyperref Warning: Option `hyperindex' has already been used,
(hyperref)                setting the option has no effect on input line 366.


Package hyperref Warning: Option `pagebackref' has already been used,
(hyperref)                setting the option has no effect on input line 366.

) (/usr/share/texlive/texmf-dist/tex/latex/base/makeidx.sty)
(/usr/share/texlive/texmf-dist/tex/latex/base/inputenc.sty
(/usr/share/texlive/texmf-dist/tex/latex/base/utf8.def
(/usr/share/texlive/texmf-dist/tex/latex/base/t1enc.dfu)
(/usr/share/texlive/texmf-dist/tex/latex/base/ot1enc.dfu)
(/usr/share/texlive/texmf-dist/tex/latex/base/omsenc.dfu)
(/usr/share/texlive/texmf-dist/tex/latex/base/ts1enc.dfu)))
Writing index file Rd2.idx
(/tmp/RtmpWRWvj8/Rd2pdf54632b44a5b0/Rd2.aux)
(/usr/share/texlive/texmf-dist/tex/latex/base/ts1cmr.fd)
(/usr/share/texlive/texmf-dist/tex/latex/psnfss/t1ptm.fd)
(/usr/share/texlive/texmf-dist/tex/context/base/mkii/supp-pdf.mkii
[Loading MPS to PDF converter (version 2006.09.02).]
) (/usr/share/texlive/texmf-dist/tex/latex/hyperref/nameref.sty
(/usr/share/texlive/texmf-dist/tex/generic/oberdiek/gettitlestring.sty))
(/tmp/RtmpWRWvj8/Rd2pdf54632b44a5b0/Rd2.out)
(/tmp/RtmpWRWvj8/Rd2pdf54632b44a5b0/Rd2.out)
(/usr/share/texlive/texmf-dist/tex/latex/base/utf8.def)
(/usr/share/texlive/texmf-dist/tex/latex/inconsolata/t1zi4.fd)
(/usr/share/texlive/texmf-dist/tex/latex/psnfss/t1phv.fd)
(/tmp/RtmpWRWvj8/Rd2pdf54632b44a5b0/Rd2.toc [1{/var/lib/texmf/fonts/map/pdftex/
updmap/pdftex.map}]) (/usr/share/texlive/texmf-dist/tex/latex/base/utf8.def)
(/usr/share/texlive/texmf-dist/tex/latex/base/utf8.def)
Overfull \hbox (7.04852pt too wide) in paragraph at lines 78--81
[]\T1/ptm/m/n/10 a ma-trix where each row gives an (x, y) shift to use when com
-put-ing co-occurrency
(/usr/share/texlive/texmf-dist/tex/latex/base/utf8.def) [2]
(/usr/share/texlive/texmf-dist/tex/latex/base/utf8.def)
(/usr/share/texlive/texmf-dist/tex/latex/base/utf8.def)
(/usr/share/texlive/texmf-dist/tex/latex/base/utf8.def) [3]
Underfull \hbox (badness 2245) in paragraph at lines 145--145
[]\T1/ptm/m/it/10 Image tex-ture mea-sures from grey-level co-occurrence ma-tri
-ces
[4]
Overfull \hbox (6.54869pt too wide) in paragraph at lines 220--223
\T1/ptm/m/n/10 late the GLCM tex-tures. For ex-am-ple: \T1/zi4/m/n/10 shift=mat
rix(c(1,1,-1,-1), byrow=TRUE, ncol=2) 

Overfull \hbox (118.41756pt too wide) in paragraph at lines 227--234
\T1/ptm/m/n/10 tions" (in the ter-mi-nol-ogy of com-monly used re-mote sens-ing
 soft-ware), use: \T1/zi4/m/n/10 shift=list(c(0,1), c(1,1), c(1,0), c(1,-1))\T1
/ptm/m/n/10 .
(/usr/share/texlive/texmf-dist/tex/latex/base/utf8.def) [5]
(/usr/share/texlive/texmf-dist/tex/latex/base/utf8.def)
(/usr/share/texlive/texmf-dist/tex/latex/inconsolata/ts1zi4.fd)
(/tmp/RtmpWRWvj8/Rd2pdf54632b44a5b0/Rd2.ind [6] [7])
(/tmp/RtmpWRWvj8/Rd2pdf54632b44a5b0/Rd2.aux)

Package rerunfilecheck Warning: File `Rd2.out' has changed.
(rerunfilecheck)                Rerun to get outlines right
(rerunfilecheck)                or use package `bookmark'.

 )
(see the transcript file for additional information){/usr/share/texlive/texmf-d
ist/fonts/enc/dvips/inconsolata/i4-ts1.enc}{/usr/share/texlive/texmf-dist/fonts
/enc/dvips/base/8r.enc}{/usr/share/texlive/texmf-dist/fonts/enc/dvips/inconsola
ta/i4-t1-0.enc}</usr/share/texlive/texmf-dist/fonts/type1/public/inconsolata/In
consolata-zi4r.pfb></usr/share/texlive/texmf-dist/fonts/type1/public/amsfonts/c
m/cmsy10.pfb></usr/share/texlive/texmf-dist/fonts/type1/urw/helvetic/uhvr8a.pfb
></usr/share/texlive/texmf-dist/fonts/type1/urw/times/utmb8a.pfb></usr/share/te
xlive/texmf-dist/fonts/type1/urw/times/utmr8a.pfb></usr/share/texlive/texmf-dis
t/fonts/type1/urw/times/utmr8a.pfb></usr/share/texlive/texmf-dist/fonts/type1/u
rw/times/utmri8a.pfb>
Output written on Rd2.pdf (7 pages, 103947 bytes).
Transcript written on Rd2.log.
This is makeindex, version 2.15 [TeX Live 2016] (kpathsea + Thai support).
Scanning input file Rd2.idx....done (16 entries accepted, 0 rejected).
Sorting entries....done (65 comparisons).
Generating output file Rd2.ind....done (34 lines written, 3 warnings).
Output written in Rd2.ind.
Transcript written in Rd2.ilg.
This is pdfTeX, Version 3.14159265-2.6-1.40.17 (TeX Live 2016/Debian) (preloaded format=pdflatex)
 restricted \write18 enabled.
entering extended mode
LaTeX2e <2017/01/01> patch level 3
Babel <3.9r> and hyphenation patterns for 83 language(s) loaded.
(./Rd2.tex
(/usr/share/texlive/texmf-dist/tex/latex/base/book.cls
Document Class: book 2014/09/29 v1.4h Standard LaTeX document class
(/usr/share/texlive/texmf-dist/tex/latex/base/bk10.clo))
(/home/tomas/cran/rcnst/build/share/texmf/tex/latex/Rd.sty
(/usr/share/texlive/texmf-dist/tex/latex/base/ifthen.sty)
(/usr/share/texlive/texmf-dist/tex/latex/tools/longtable.sty)
(/usr/share/texlive/texmf-dist/tex/latex/tools/bm.sty)
(/usr/share/texlive/texmf-dist/tex/latex/base/alltt.sty)
(/usr/share/texlive/texmf-dist/tex/latex/tools/verbatim.sty)
(/usr/share/texlive/texmf-dist/tex/latex/url/url.sty)
(/usr/share/texlive/texmf-dist/tex/latex/base/textcomp.sty
(/usr/share/texlive/texmf-dist/tex/latex/base/ts1enc.def))
(/usr/share/texlive/texmf-dist/tex/latex/base/fontenc.sty
(/usr/share/texlive/texmf-dist/tex/latex/base/t1enc.def))
(/usr/share/texlive/texmf-dist/tex/latex/psnfss/times.sty)
(/usr/share/texlive/texmf-dist/tex/latex/inconsolata/zi4.sty
`inconsolata-zi4' v1.112, 2017/01/04 Text macros for Inconsolata (msharpe)
(/usr/share/texlive/texmf-dist/tex/latex/xkeyval/xkeyval.sty
(/usr/share/texlive/texmf-dist/tex/generic/xkeyval/xkeyval.tex
(/usr/share/texlive/texmf-dist/tex/generic/xkeyval/xkvutils.tex
(/usr/share/texlive/texmf-dist/tex/generic/xkeyval/keyval.tex)))))
(/usr/share/texlive/texmf-dist/tex/latex/graphics/color.sty
(/usr/share/texlive/texmf-dist/tex/latex/graphics-cfg/color.cfg)
(/usr/share/texlive/texmf-dist/tex/latex/graphics-def/pdftex.def
(/usr/share/texlive/texmf-dist/tex/generic/oberdiek/infwarerr.sty)
(/usr/share/texlive/texmf-dist/tex/generic/oberdiek/ltxcmds.sty)))
(/usr/share/texlive/texmf-dist/tex/latex/hyperref/hyperref.sty
(/usr/share/texlive/texmf-dist/tex/generic/oberdiek/hobsub-hyperref.sty
(/usr/share/texlive/texmf-dist/tex/generic/oberdiek/hobsub-generic.sty))
(/usr/share/texlive/texmf-dist/tex/generic/ifxetex/ifxetex.sty)
(/usr/share/texlive/texmf-dist/tex/latex/oberdiek/auxhook.sty)
(/usr/share/texlive/texmf-dist/tex/latex/oberdiek/kvoptions.sty)
(/usr/share/texlive/texmf-dist/tex/latex/hyperref/pd1enc.def)
(/usr/share/texlive/texmf-dist/tex/latex/latexconfig/hyperref.cfg))

Package hyperref Message: Driver (autodetected): hpdftex.

(/usr/share/texlive/texmf-dist/tex/latex/hyperref/hpdftex.def
(/usr/share/texlive/texmf-dist/tex/latex/oberdiek/rerunfilecheck.sty))

Package hyperref Warning: Option `hyperindex' has already been used,
(hyperref)                setting the option has no effect on input line 366.


Package hyperref Warning: Option `pagebackref' has already been used,
(hyperref)                setting the option has no effect on input line 366.

) (/usr/share/texlive/texmf-dist/tex/latex/base/makeidx.sty)
(/usr/share/texlive/texmf-dist/tex/latex/base/inputenc.sty
(/usr/share/texlive/texmf-dist/tex/latex/base/utf8.def
(/usr/share/texlive/texmf-dist/tex/latex/base/t1enc.dfu)
(/usr/share/texlive/texmf-dist/tex/latex/base/ot1enc.dfu)
(/usr/share/texlive/texmf-dist/tex/latex/base/omsenc.dfu)
(/usr/share/texlive/texmf-dist/tex/latex/base/ts1enc.dfu)))
Writing index file Rd2.idx
(/tmp/RtmpWRWvj8/Rd2pdf54632b44a5b0/Rd2.aux)
(/usr/share/texlive/texmf-dist/tex/latex/base/ts1cmr.fd)
(/usr/share/texlive/texmf-dist/tex/latex/psnfss/t1ptm.fd)
(/usr/share/texlive/texmf-dist/tex/context/base/mkii/supp-pdf.mkii
[Loading MPS to PDF converter (version 2006.09.02).]
) (/usr/share/texlive/texmf-dist/tex/latex/hyperref/nameref.sty
(/usr/share/texlive/texmf-dist/tex/generic/oberdiek/gettitlestring.sty))
(/tmp/RtmpWRWvj8/Rd2pdf54632b44a5b0/Rd2.out)
(/tmp/RtmpWRWvj8/Rd2pdf54632b44a5b0/Rd2.out)
(/usr/share/texlive/texmf-dist/tex/latex/base/utf8.def)
(/usr/share/texlive/texmf-dist/tex/latex/inconsolata/t1zi4.fd)
(/usr/share/texlive/texmf-dist/tex/latex/psnfss/t1phv.fd)
(/tmp/RtmpWRWvj8/Rd2pdf54632b44a5b0/Rd2.toc [1{/var/lib/texmf/fonts/map/pdftex/
updmap/pdftex.map}]) (/usr/share/texlive/texmf-dist/tex/latex/base/utf8.def)
(/usr/share/texlive/texmf-dist/tex/latex/base/utf8.def)
Overfull \hbox (7.04852pt too wide) in paragraph at lines 78--81
[]\T1/ptm/m/n/10 a ma-trix where each row gives an (x, y) shift to use when com
-put-ing co-occurrency
(/usr/share/texlive/texmf-dist/tex/latex/base/utf8.def) [2]
(/usr/share/texlive/texmf-dist/tex/latex/base/utf8.def)
(/usr/share/texlive/texmf-dist/tex/latex/base/utf8.def)
(/usr/share/texlive/texmf-dist/tex/latex/base/utf8.def) [3]
Underfull \hbox (badness 2245) in paragraph at lines 145--145
[]\T1/ptm/m/it/10 Image tex-ture mea-sures from grey-level co-occurrence ma-tri
-ces
[4]
Overfull \hbox (6.54869pt too wide) in paragraph at lines 220--223
\T1/ptm/m/n/10 late the GLCM tex-tures. For ex-am-ple: \T1/zi4/m/n/10 shift=mat
rix(c(1,1,-1,-1), byrow=TRUE, ncol=2) 

Overfull \hbox (118.41756pt too wide) in paragraph at lines 227--234
\T1/ptm/m/n/10 tions" (in the ter-mi-nol-ogy of com-monly used re-mote sens-ing
 soft-ware), use: \T1/zi4/m/n/10 shift=list(c(0,1), c(1,1), c(1,0), c(1,-1))\T1
/ptm/m/n/10 .
(/usr/share/texlive/texmf-dist/tex/latex/base/utf8.def) [5]
(/usr/share/texlive/texmf-dist/tex/latex/base/utf8.def)
(/usr/share/texlive/texmf-dist/tex/latex/inconsolata/ts1zi4.fd)
(/tmp/RtmpWRWvj8/Rd2pdf54632b44a5b0/Rd2.ind [6] [7])
(/tmp/RtmpWRWvj8/Rd2pdf54632b44a5b0/Rd2.aux) )
(see the transcript file for additional information){/usr/share/texlive/texmf-d
ist/fonts/enc/dvips/inconsolata/i4-ts1.enc}{/usr/share/texlive/texmf-dist/fonts
/enc/dvips/base/8r.enc}{/usr/share/texlive/texmf-dist/fonts/enc/dvips/inconsola
ta/i4-t1-0.enc}</usr/share/texlive/texmf-dist/fonts/type1/public/inconsolata/In
consolata-zi4r.pfb></usr/share/texlive/texmf-dist/fonts/type1/public/amsfonts/c
m/cmsy10.pfb></usr/share/texlive/texmf-dist/fonts/type1/urw/helvetic/uhvr8a.pfb
></usr/share/texlive/texmf-dist/fonts/type1/urw/times/utmb8a.pfb></usr/share/te
xlive/texmf-dist/fonts/type1/urw/times/utmr8a.pfb></usr/share/texlive/texmf-dis
t/fonts/type1/urw/times/utmr8a.pfb></usr/share/texlive/texmf-dist/fonts/type1/u
rw/times/utmri8a.pfb>
Output written on Rd2.pdf (7 pages, 104074 bytes).
Transcript written on Rd2.log.
Saving output to ‘glcm-manual.pdf’ ...
Done
You may want to clean up by 'rm -rf /tmp/RtmpWRWvj8/Rd2pdf54632b44a5b0'
