* using log directory ‘/var/scratch2/tomas/cran/rlibro/check/datareportR.Rcheck’
* using R Under development (unstable) (2025-10-19 r88945)
* using platform: x86_64-pc-linux-gnu
* R was compiled by
    gcc (GCC) 15.2.1 20250808 (Red Hat 15.2.1-1)
    GNU Fortran (GCC) 15.2.1 20250808 (Red Hat 15.2.1-1)
* running under: Fedora Linux 42 (MATE-Compiz)
* using session charset: UTF-8
* checking for file ‘datareportR/DESCRIPTION’ ... OK
* this is package ‘datareportR’ version ‘0.1’
* package encoding: UTF-8
* checking package namespace information ... OK
* checking package dependencies ... OK
* checking if this is a source package ... OK
* checking if there is a namespace ... OK
* checking for executable files ... OK
* checking for hidden files and directories ... OK
* checking for portable file names ... OK
* checking for sufficient/correct file permissions ... OK
* checking whether package ‘datareportR’ can be installed ... OK
* checking package directory ... OK
* checking DESCRIPTION meta-information ... OK
* checking top-level files ... OK
* checking for left-over files ... OK
* checking index information ... OK
* checking package subdirectories ... OK
* checking code files for non-ASCII characters ... OK
* checking R files for syntax errors ... OK
* checking whether the package can be loaded ... OK
* checking whether the package can be loaded with stated dependencies ... OK
* checking whether the package can be unloaded cleanly ... OK
* checking whether the namespace can be loaded with stated dependencies ... OK
* checking whether the namespace can be unloaded cleanly ... OK
* checking loading without being on the library search path ... OK
* checking dependencies in R code ... OK
* checking S3 generic/method consistency ... OK
* checking replacement functions ... OK
* checking foreign function calls ... OK
* checking R code for possible problems ... OK
* checking Rd files ... OK
* checking Rd metadata ... OK
* checking Rd cross-references ... OK
* checking for missing documentation entries ... OK
* checking for code/documentation mismatches ... OK
* checking Rd \usage sections ... OK
* checking Rd contents ... OK
* checking for unstated dependencies in examples ... OK
* checking examples ... OK
* checking for unstated dependencies in ‘tests’ ... OK
* checking tests ... ERROR
  Running ‘tinytest.R’
Running the tests in ‘tests/tinytest.R’ failed.
Complete output:
  > 
  > if ( requireNamespace("tinytest", quietly=TRUE) ){
  +   tinytest::test_package("datareportR")
  + }
  
  test_data_report.R............    0 tests    
  test_data_report.R............    0 tests    
  test_data_report.R............    0 tests    Error in file(con, "w") : cannot open the connection
  Calls: <Anonymous> ... FUN -> eval -> eval -> <Anonymous> -> writeLines -> file
  In addition: Warning message:
  In file(con, "w") :
    cannot open file '/var/scratch2ro/tomas/cran/rlibro/lib/datareportR/tinytest/data_report.Rmd': Read-only file system
  Execution halted
* checking PDF version of manual ... OK
* DONE
Status: 1 ERROR
