* installing *source* package ‘krm’ ...
** package ‘krm’ successfully unpacked and MD5 sums checked
** libs
make[1]: Entering directory '/tmp/RtmpamBKp4/R.INSTALL2cac2a298a75/krm/src'
g++  -I"/home/tomas/cran/rlibro/build/include" -DNDEBUG   -I/usr/local/include   -fpic  -g -O2  -c DirichletRV.cpp -o DirichletRV.o
g++  -I"/home/tomas/cran/rlibro/build/include" -DNDEBUG   -I/usr/local/include   -fpic  -g -O2  -c MI_kernel.cpp -o MI_kernel.o
g++  -I"/home/tomas/cran/rlibro/build/include" -DNDEBUG   -I/usr/local/include   -fpic  -g -O2  -c MixtureDirichletRV.cpp -o MixtureDirichletRV.o
g++  -I"/home/tomas/cran/rlibro/build/include" -DNDEBUG   -I/usr/local/include   -fpic  -g -O2  -c ProteinSequence.cpp -o ProteinSequence.o
g++  -I"/home/tomas/cran/rlibro/build/include" -DNDEBUG   -I/usr/local/include   -fpic  -g -O2  -c rvgs.cpp -o rvgs.o
g++  -I"/home/tomas/cran/rlibro/build/include" -DNDEBUG   -I/usr/local/include   -fpic  -g -O2  -c score_var.cpp -o score_var.o
g++  -I"/home/tomas/cran/rlibro/build/include" -DNDEBUG   -I/usr/local/include   -fpic  -g -O2  -c var_Q.cpp -o var_Q.o
g++ -shared -L/usr/local/lib -o krm.so DirichletRV.o MI_kernel.o MixtureDirichletRV.o ProteinSequence.o rvgs.o score_var.o var_Q.o -L/home/tomas/cran/rlibro/build/lib -lRlapack -L/home/tomas/cran/rlibro/build/lib -lRblas -lgfortran -lm -lquadmath
make[1]: Leaving directory '/tmp/RtmpamBKp4/R.INSTALL2cac2a298a75/krm/src'
installing to /home/tomas/cran/rlibro/lib/krm/libs
** R
** data
*** moving datasets to lazyload DB
** inst
** preparing package for lazy loading
** help
*** installing help indices
** building package indices
** testing if installed package can be loaded
* DONE (krm)
