Hmm ... looks like a package

This is pdfTeX, Version 3.14159265-2.6-1.40.17 (TeX Live 2016/Debian) (preloaded format=pdflatex)
 restricted \write18 enabled.
entering extended mode
LaTeX2e <2017/01/01> patch level 3
Babel <3.9r> and hyphenation patterns for 83 language(s) loaded.
(./Rd2.tex
(/usr/share/texlive/texmf-dist/tex/latex/base/book.cls
Document Class: book 2014/09/29 v1.4h Standard LaTeX document class
(/usr/share/texlive/texmf-dist/tex/latex/base/bk10.clo))
(/home/tomas/cran/rcnst/build/share/texmf/tex/latex/Rd.sty
(/usr/share/texlive/texmf-dist/tex/latex/base/ifthen.sty)
(/usr/share/texlive/texmf-dist/tex/latex/tools/longtable.sty)
(/usr/share/texlive/texmf-dist/tex/latex/tools/bm.sty)
(/usr/share/texlive/texmf-dist/tex/latex/base/alltt.sty)
(/usr/share/texlive/texmf-dist/tex/latex/tools/verbatim.sty)
(/usr/share/texlive/texmf-dist/tex/latex/url/url.sty)
(/usr/share/texlive/texmf-dist/tex/latex/base/textcomp.sty
(/usr/share/texlive/texmf-dist/tex/latex/base/ts1enc.def))
(/usr/share/texlive/texmf-dist/tex/latex/base/fontenc.sty
(/usr/share/texlive/texmf-dist/tex/latex/base/t1enc.def))
(/usr/share/texlive/texmf-dist/tex/latex/psnfss/times.sty)
(/usr/share/texlive/texmf-dist/tex/latex/inconsolata/zi4.sty
`inconsolata-zi4' v1.112, 2017/01/04 Text macros for Inconsolata (msharpe)
(/usr/share/texlive/texmf-dist/tex/latex/xkeyval/xkeyval.sty
(/usr/share/texlive/texmf-dist/tex/generic/xkeyval/xkeyval.tex
(/usr/share/texlive/texmf-dist/tex/generic/xkeyval/xkvutils.tex
(/usr/share/texlive/texmf-dist/tex/generic/xkeyval/keyval.tex)))))
(/usr/share/texlive/texmf-dist/tex/latex/graphics/color.sty
(/usr/share/texlive/texmf-dist/tex/latex/graphics-cfg/color.cfg)
(/usr/share/texlive/texmf-dist/tex/latex/graphics-def/pdftex.def
(/usr/share/texlive/texmf-dist/tex/generic/oberdiek/infwarerr.sty)
(/usr/share/texlive/texmf-dist/tex/generic/oberdiek/ltxcmds.sty)))
(/usr/share/texlive/texmf-dist/tex/latex/hyperref/hyperref.sty
(/usr/share/texlive/texmf-dist/tex/generic/oberdiek/hobsub-hyperref.sty
(/usr/share/texlive/texmf-dist/tex/generic/oberdiek/hobsub-generic.sty))
(/usr/share/texlive/texmf-dist/tex/generic/ifxetex/ifxetex.sty)
(/usr/share/texlive/texmf-dist/tex/latex/oberdiek/auxhook.sty)
(/usr/share/texlive/texmf-dist/tex/latex/oberdiek/kvoptions.sty)
(/usr/share/texlive/texmf-dist/tex/latex/hyperref/pd1enc.def)
(/usr/share/texlive/texmf-dist/tex/latex/latexconfig/hyperref.cfg))

Package hyperref Message: Driver (autodetected): hpdftex.

(/usr/share/texlive/texmf-dist/tex/latex/hyperref/hpdftex.def
(/usr/share/texlive/texmf-dist/tex/latex/oberdiek/rerunfilecheck.sty))

Package hyperref Warning: Option `hyperindex' has already been used,
(hyperref)                setting the option has no effect on input line 366.


Package hyperref Warning: Option `pagebackref' has already been used,
(hyperref)                setting the option has no effect on input line 366.

) (/usr/share/texlive/texmf-dist/tex/latex/base/makeidx.sty)
(/usr/share/texlive/texmf-dist/tex/latex/base/inputenc.sty
(/usr/share/texlive/texmf-dist/tex/latex/base/utf8.def
(/usr/share/texlive/texmf-dist/tex/latex/base/t1enc.dfu)
(/usr/share/texlive/texmf-dist/tex/latex/base/ot1enc.dfu)
(/usr/share/texlive/texmf-dist/tex/latex/base/omsenc.dfu)
(/usr/share/texlive/texmf-dist/tex/latex/base/ts1enc.dfu))
(/usr/share/texlive/texmf-dist/tex/latex/base/latin1.def))
Writing index file Rd2.idx
No file Rd2.aux.
(/usr/share/texlive/texmf-dist/tex/latex/base/ts1cmr.fd)
(/usr/share/texlive/texmf-dist/tex/latex/psnfss/t1ptm.fd)
(/usr/share/texlive/texmf-dist/tex/context/base/mkii/supp-pdf.mkii
[Loading MPS to PDF converter (version 2006.09.02).]
) (/usr/share/texlive/texmf-dist/tex/latex/hyperref/nameref.sty
(/usr/share/texlive/texmf-dist/tex/generic/oberdiek/gettitlestring.sty))
(/usr/share/texlive/texmf-dist/tex/latex/psnfss/ts1ptm.fd)
(/usr/share/texlive/texmf-dist/tex/latex/inconsolata/t1zi4.fd)
(/usr/share/texlive/texmf-dist/tex/latex/psnfss/t1phv.fd)
(/usr/share/texlive/texmf-dist/tex/latex/base/utf8.def) [1{/var/lib/texmf/fonts
/map/pdftex/updmap/pdftex.map}]
(/usr/share/texlive/texmf-dist/tex/latex/base/utf8.def)
(/usr/share/texlive/texmf-dist/tex/latex/base/utf8.def) [2]
(/usr/share/texlive/texmf-dist/tex/latex/base/utf8.def) [3]
(/usr/share/texlive/texmf-dist/tex/latex/base/utf8.def) [4]
(/usr/share/texlive/texmf-dist/tex/latex/base/utf8.def)
(/usr/share/texlive/texmf-dist/tex/latex/base/utf8.def) [5] [6]
(/usr/share/texlive/texmf-dist/tex/latex/base/utf8.def)
Overfull \hbox (6.22836pt too wide) in paragraph at lines 388--393
[]\T1/ptm/m/n/10 an op-tional data frame, list or en-vi-ron-ment (or ob-ject co
-ercible by [][]\T1/zi4/m/n/10 as.data.frame[][][]
[7] [8] [9] [10]
Overfull \hbox (7.19945pt too wide) in paragraph at lines 640--645
[][][]\T1/zi4/m/n/10 anova.glm[][][]\T1/ptm/m/n/10 , [][]\T1/zi4/m/n/10 summary
.glm[][][]\T1/ptm/m/n/10 , etc. for \T1/zi4/m/n/10 glm \T1/ptm/m/n/10 meth-ods,
 and the generic func-tions [][]\T1/zi4/m/n/10 anova[][][]\T1/ptm/m/n/10 , [][]
\T1/zi4/m/n/10 summary[][][]\T1/ptm/m/n/10 , [][]\T1/zi4/m/n/10 effects[][][]\T
1/ptm/m/n/10 ,
(/usr/share/texlive/texmf-dist/tex/latex/base/utf8.def) [11]
(/usr/share/texlive/texmf-dist/tex/latex/base/utf8.def) [12]
(/usr/share/texlive/texmf-dist/tex/latex/base/utf8.def) [13]
Overfull \hbox (6.22836pt too wide) in paragraph at lines 838--843
[]\T1/ptm/m/n/10 an op-tional data frame, list or en-vi-ron-ment (or ob-ject co
-ercible by [][]\T1/zi4/m/n/10 as.data.frame[][][]

Overfull \hbox (15.48872pt too wide) in paragraph at lines 860--863
\T1/zi4/m/n/10 method = "model.frame" \T1/ptm/m/n/10 re-turns the model frame (
the same as with \T1/zi4/m/n/10 model = TRUE\T1/ptm/m/n/10 ,
[14] [15] [16] (/usr/share/texlive/texmf-dist/tex/latex/base/utf8.def) [17]
(/usr/share/texlive/texmf-dist/tex/latex/base/utf8.def)
Overfull \hbox (66.32701pt too wide) in paragraph at lines 1118--1120
[]\T1/ptm/m/n/10 The C code called by this func-tion was writ-ten by Mark Selig
-man at Rapid Bi-o-log-ics, \T1/zi4/m/n/10 http://rapidbiologics.com 
[18] (/usr/share/texlive/texmf-dist/tex/latex/base/utf8.def) [19] [20]
(/usr/share/texlive/texmf-dist/tex/latex/base/utf8.def) [21]
(/usr/share/texlive/texmf-dist/tex/latex/base/utf8.def) [22]
(/usr/share/texlive/texmf-dist/tex/latex/base/utf8.def) [23]
(/usr/share/texlive/texmf-dist/tex/latex/base/utf8.def) [24]
(/usr/share/texlive/texmf-dist/tex/latex/base/utf8.def)
(/usr/share/texlive/texmf-dist/tex/latex/base/utf8.def) [25]
No file Rd2.ind.
[26] (/tmp/RtmpZOh5yQ/Rd2pdf9dc0c9ca69/Rd2.aux)

Package rerunfilecheck Warning: File `Rd2.out' has changed.
(rerunfilecheck)                Rerun to get outlines right
(rerunfilecheck)                or use package `bookmark'.

 )
(see the transcript file for additional information)pdfTeX warning (dest): name
{Rfn.ls.diag} has been referenced but does not exist, replaced by a fixed one

pdfTeX warning (dest): name{Rfn.ls.print} has been referenced but does not exis
t, replaced by a fixed one

pdfTeX warning (dest): name{Rfn.lsfit} has been referenced but does not exist, 
replaced by a fixed one

pdfTeX warning (dest): name{Rfn.qr} has been referenced but does not exist, rep
laced by a fixed one

pdfTeX warning (dest): name{Rfn.swiss} has been referenced but does not exist, 
replaced by a fixed one

pdfTeX warning (dest): name{Rfn.stackloss} has been referenced but does not exi
st, replaced by a fixed one

pdfTeX warning (dest): name{Rfn.longley} has been referenced but does not exist
, replaced by a fixed one

pdfTeX warning (dest): name{Rfn.LifeCycleSavings} has been referenced but does 
not exist, replaced by a fixed one

pdfTeX warning (dest): name{Rfn.freeny} has been referenced but does not exist,
 replaced by a fixed one

pdfTeX warning (dest): name{Rfn.attitude} has been referenced but does not exis
t, replaced by a fixed one

pdfTeX warning (dest): name{Rfn.anscombe} has been referenced but does not exis
t, replaced by a fixed one

pdfTeX warning (dest): name{Rfn.lm.wfit} has been referenced but does not exist
, replaced by a fixed one

pdfTeX warning (dest): name{Rfn.glm} has been referenced but does not exist, re
placed by a fixed one

pdfTeX warning (dest): name{Rfn.lm.influence} has been referenced but does not 
exist, replaced by a fixed one

pdfTeX warning (dest): name{Rfn.confint} has been referenced but does not exist
, replaced by a fixed one

pdfTeX warning (dest): name{Rfn.predict} has been referenced but does not exist
, replaced by a fixed one

pdfTeX warning (dest): name{Rfn.vcov} has been referenced but does not exist, r
eplaced by a fixed one

pdfTeX warning (dest): name{Rfn.fitted} has been referenced but does not exist,
 replaced by a fixed one

pdfTeX warning (dest): name{Rfn.coef} has been referenced but does not exist, r
eplaced by a fixed one

pdfTeX warning (dest): name{Rfn.anova.lm} has been referenced but does not exis
t, replaced by a fixed one

pdfTeX warning (dest): name{Rfn.summary.lm} has been referenced but does not ex
ist, replaced by a fixed one

pdfTeX warning (dest): name{Rfn.predict.lm} has been referenced but does not ex
ist, replaced by a fixed one

pdfTeX warning (dest): name{Rfn.ts.intersect} has been referenced but does not 
exist, replaced by a fixed one

pdfTeX warning (dest): name{Rfn.class} has been referenced but does not exist, 
replaced by a fixed one

pdfTeX warning (dest): name{Rfn.lm.fit} has been referenced but does not exist,
 replaced by a fixed one

pdfTeX warning (dest): name{Rfn.model.matrix} has been referenced but does not 
exist, replaced by a fixed one

pdfTeX warning (dest): name{Rfn.model.matrix.default} has been referenced but d
oes not exist, replaced by a fixed one

pdfTeX warning (dest): name{Rfn.aov} has been referenced but does not exist, re
placed by a fixed one

pdfTeX warning (dest): name{Rfn.loglin} has been referenced but does not exist,
 replaced by a fixed one

pdfTeX warning (dest): name{Rfn.lm} has been referenced but does not exist, rep
laced by a fixed one

pdfTeX warning (dest): name{Rfn.fitted.values} has been referenced but does not
 exist, replaced by a fixed one

pdfTeX warning (dest): name{Rfn.effects} has been referenced but does not exist
, replaced by a fixed one

pdfTeX warning (dest): name{Rfn.binomial} has been referenced but does not exis
t, replaced by a fixed one

pdfTeX warning (dest): name{Rfn.residuals} has been referenced but does not exi
st, replaced by a fixed one

pdfTeX warning (dest): name{Rfn.model.frame} has been referenced but does not e
xist, replaced by a fixed one

pdfTeX warning (dest): name{Rfn.terms} has been referenced but does not exist, 
replaced by a fixed one

pdfTeX warning (dest): name{Rfn.coefficients} has been referenced but does not 
exist, replaced by a fixed one

pdfTeX warning (dest): name{Rfn.anova.glm} has been referenced but does not exi
st, replaced by a fixed one

pdfTeX warning (dest): name{Rfn.anova} has been referenced but does not exist, 
replaced by a fixed one

pdfTeX warning (dest): name{Rfn.summary.glm} has been referenced but does not e
xist, replaced by a fixed one

pdfTeX warning (dest): name{Rfn.summary} has been referenced but does not exist
, replaced by a fixed one

pdfTeX warning (dest): name{Rfn.quasi} has been referenced but does not exist, 
replaced by a fixed one

pdfTeX warning (dest): name{Rfn.factor} has been referenced but does not exist,
 replaced by a fixed one

pdfTeX warning (dest): name{Rfn.glm.control} has been referenced but does not e
xist, replaced by a fixed one

pdfTeX warning (dest): name{Rfn.model.offset} has been referenced but does not 
exist, replaced by a fixed one

pdfTeX warning (dest): name{Rfn.offset} has been referenced but does not exist,
 replaced by a fixed one

pdfTeX warning (dest): name{Rfn.na.exclude} has been referenced but does not ex
ist, replaced by a fixed one

pdfTeX warning (dest): name{Rfn.na.omit} has been referenced but does not exist
, replaced by a fixed one

pdfTeX warning (dest): name{Rfn.na.fail} has been referenced but does not exist
, replaced by a fixed one

pdfTeX warning (dest): name{Rfn.options} has been referenced but does not exist
, replaced by a fixed one

pdfTeX warning (dest): name{Rfn.as.data.frame} has been referenced but does not
 exist, replaced by a fixed one

pdfTeX warning (dest): name{Rfn.family} has been referenced but does not exist,
 replaced by a fixed one

pdfTeX warning (dest): name{Rfn.formula} has been referenced but does not exist
, replaced by a fixed one

{/usr/share/texlive/texmf-dist/fonts/enc/dvips/base/8r.enc}{/usr/share/texlive/
texmf-dist/fonts/enc/dvips/inconsolata/i4-t1-0.enc}</usr/share/texlive/texmf-di
st/fonts/type1/public/inconsolata/Inconsolata-zi4r.pfb></usr/share/texlive/texm
f-dist/fonts/type1/public/amsfonts/cm/cmmi10.pfb></usr/share/texlive/texmf-dist
/fonts/type1/public/amsfonts/cm/cmmi7.pfb></usr/share/texlive/texmf-dist/fonts/
type1/public/amsfonts/cm/cmmib10.pfb></usr/share/texlive/texmf-dist/fonts/type1
/public/amsfonts/cm/cmr10.pfb></usr/share/texlive/texmf-dist/fonts/type1/urw/he
lvetic/uhvr8a.pfb></usr/share/texlive/texmf-dist/fonts/type1/urw/times/utmb8a.p
fb></usr/share/texlive/texmf-dist/fonts/type1/urw/times/utmr8a.pfb></usr/share/
texlive/texmf-dist/fonts/type1/urw/times/utmr8a.pfb></usr/share/texlive/texmf-d
ist/fonts/type1/urw/times/utmri8a.pfb>
Output written on Rd2.pdf (26 pages, 178983 bytes).
Transcript written on Rd2.log.
This is pdfTeX, Version 3.14159265-2.6-1.40.17 (TeX Live 2016/Debian) (preloaded format=pdflatex)
 restricted \write18 enabled.
entering extended mode
LaTeX2e <2017/01/01> patch level 3
Babel <3.9r> and hyphenation patterns for 83 language(s) loaded.
(./Rd2.tex
(/usr/share/texlive/texmf-dist/tex/latex/base/book.cls
Document Class: book 2014/09/29 v1.4h Standard LaTeX document class
(/usr/share/texlive/texmf-dist/tex/latex/base/bk10.clo))
(/home/tomas/cran/rcnst/build/share/texmf/tex/latex/Rd.sty
(/usr/share/texlive/texmf-dist/tex/latex/base/ifthen.sty)
(/usr/share/texlive/texmf-dist/tex/latex/tools/longtable.sty)
(/usr/share/texlive/texmf-dist/tex/latex/tools/bm.sty)
(/usr/share/texlive/texmf-dist/tex/latex/base/alltt.sty)
(/usr/share/texlive/texmf-dist/tex/latex/tools/verbatim.sty)
(/usr/share/texlive/texmf-dist/tex/latex/url/url.sty)
(/usr/share/texlive/texmf-dist/tex/latex/base/textcomp.sty
(/usr/share/texlive/texmf-dist/tex/latex/base/ts1enc.def))
(/usr/share/texlive/texmf-dist/tex/latex/base/fontenc.sty
(/usr/share/texlive/texmf-dist/tex/latex/base/t1enc.def))
(/usr/share/texlive/texmf-dist/tex/latex/psnfss/times.sty)
(/usr/share/texlive/texmf-dist/tex/latex/inconsolata/zi4.sty
`inconsolata-zi4' v1.112, 2017/01/04 Text macros for Inconsolata (msharpe)
(/usr/share/texlive/texmf-dist/tex/latex/xkeyval/xkeyval.sty
(/usr/share/texlive/texmf-dist/tex/generic/xkeyval/xkeyval.tex
(/usr/share/texlive/texmf-dist/tex/generic/xkeyval/xkvutils.tex
(/usr/share/texlive/texmf-dist/tex/generic/xkeyval/keyval.tex)))))
(/usr/share/texlive/texmf-dist/tex/latex/graphics/color.sty
(/usr/share/texlive/texmf-dist/tex/latex/graphics-cfg/color.cfg)
(/usr/share/texlive/texmf-dist/tex/latex/graphics-def/pdftex.def
(/usr/share/texlive/texmf-dist/tex/generic/oberdiek/infwarerr.sty)
(/usr/share/texlive/texmf-dist/tex/generic/oberdiek/ltxcmds.sty)))
(/usr/share/texlive/texmf-dist/tex/latex/hyperref/hyperref.sty
(/usr/share/texlive/texmf-dist/tex/generic/oberdiek/hobsub-hyperref.sty
(/usr/share/texlive/texmf-dist/tex/generic/oberdiek/hobsub-generic.sty))
(/usr/share/texlive/texmf-dist/tex/generic/ifxetex/ifxetex.sty)
(/usr/share/texlive/texmf-dist/tex/latex/oberdiek/auxhook.sty)
(/usr/share/texlive/texmf-dist/tex/latex/oberdiek/kvoptions.sty)
(/usr/share/texlive/texmf-dist/tex/latex/hyperref/pd1enc.def)
(/usr/share/texlive/texmf-dist/tex/latex/latexconfig/hyperref.cfg))

Package hyperref Message: Driver (autodetected): hpdftex.

(/usr/share/texlive/texmf-dist/tex/latex/hyperref/hpdftex.def
(/usr/share/texlive/texmf-dist/tex/latex/oberdiek/rerunfilecheck.sty))

Package hyperref Warning: Option `hyperindex' has already been used,
(hyperref)                setting the option has no effect on input line 366.


Package hyperref Warning: Option `pagebackref' has already been used,
(hyperref)                setting the option has no effect on input line 366.

) (/usr/share/texlive/texmf-dist/tex/latex/base/makeidx.sty)
(/usr/share/texlive/texmf-dist/tex/latex/base/inputenc.sty
(/usr/share/texlive/texmf-dist/tex/latex/base/utf8.def
(/usr/share/texlive/texmf-dist/tex/latex/base/t1enc.dfu)
(/usr/share/texlive/texmf-dist/tex/latex/base/ot1enc.dfu)
(/usr/share/texlive/texmf-dist/tex/latex/base/omsenc.dfu)
(/usr/share/texlive/texmf-dist/tex/latex/base/ts1enc.dfu))
(/usr/share/texlive/texmf-dist/tex/latex/base/latin1.def))
Writing index file Rd2.idx
(/tmp/RtmpZOh5yQ/Rd2pdf9dc0c9ca69/Rd2.aux)
(/usr/share/texlive/texmf-dist/tex/latex/base/ts1cmr.fd)
(/usr/share/texlive/texmf-dist/tex/latex/psnfss/t1ptm.fd)
(/usr/share/texlive/texmf-dist/tex/context/base/mkii/supp-pdf.mkii
[Loading MPS to PDF converter (version 2006.09.02).]
) (/usr/share/texlive/texmf-dist/tex/latex/hyperref/nameref.sty
(/usr/share/texlive/texmf-dist/tex/generic/oberdiek/gettitlestring.sty))
(/tmp/RtmpZOh5yQ/Rd2pdf9dc0c9ca69/Rd2.out)
(/tmp/RtmpZOh5yQ/Rd2pdf9dc0c9ca69/Rd2.out)
(/usr/share/texlive/texmf-dist/tex/latex/psnfss/ts1ptm.fd)
(/usr/share/texlive/texmf-dist/tex/latex/inconsolata/t1zi4.fd)
(/usr/share/texlive/texmf-dist/tex/latex/psnfss/t1phv.fd)
(/tmp/RtmpZOh5yQ/Rd2pdf9dc0c9ca69/Rd2.toc [1{/var/lib/texmf/fonts/map/pdftex/up
dmap/pdftex.map}]) (/usr/share/texlive/texmf-dist/tex/latex/base/utf8.def)
(/usr/share/texlive/texmf-dist/tex/latex/base/utf8.def) [2]
(/usr/share/texlive/texmf-dist/tex/latex/base/utf8.def)
(/usr/share/texlive/texmf-dist/tex/latex/base/utf8.def) [3] [4]
(/usr/share/texlive/texmf-dist/tex/latex/base/utf8.def)
(/usr/share/texlive/texmf-dist/tex/latex/base/utf8.def) [5]
(/usr/share/texlive/texmf-dist/tex/latex/base/utf8.def) [6]
(/usr/share/texlive/texmf-dist/tex/latex/base/utf8.def) [7]
Overfull \hbox (6.22836pt too wide) in paragraph at lines 388--393
[]\T1/ptm/m/n/10 an op-tional data frame, list or en-vi-ron-ment (or ob-ject co
-ercible by [][]\T1/zi4/m/n/10 as.data.frame[][][]
[8] [9] [10]
Overfull \hbox (7.19945pt too wide) in paragraph at lines 640--645
[][][]\T1/zi4/m/n/10 anova.glm[][][]\T1/ptm/m/n/10 , [][]\T1/zi4/m/n/10 summary
.glm[][][]\T1/ptm/m/n/10 , etc. for \T1/zi4/m/n/10 glm \T1/ptm/m/n/10 meth-ods,
 and the generic func-tions [][]\T1/zi4/m/n/10 anova[][][]\T1/ptm/m/n/10 , [][]
\T1/zi4/m/n/10 summary[][][]\T1/ptm/m/n/10 , [][]\T1/zi4/m/n/10 effects[][][]\T
1/ptm/m/n/10 ,
[11] (/usr/share/texlive/texmf-dist/tex/latex/base/utf8.def) [12]
(/usr/share/texlive/texmf-dist/tex/latex/base/utf8.def) [13]
(/usr/share/texlive/texmf-dist/tex/latex/base/utf8.def) [14]
Overfull \hbox (6.22836pt too wide) in paragraph at lines 838--843
[]\T1/ptm/m/n/10 an op-tional data frame, list or en-vi-ron-ment (or ob-ject co
-ercible by [][]\T1/zi4/m/n/10 as.data.frame[][][]

Overfull \hbox (15.48872pt too wide) in paragraph at lines 860--863
\T1/zi4/m/n/10 method = "model.frame" \T1/ptm/m/n/10 re-turns the model frame (
the same as with \T1/zi4/m/n/10 model = TRUE\T1/ptm/m/n/10 ,
[15] [16] [17] (/usr/share/texlive/texmf-dist/tex/latex/base/utf8.def)
(/usr/share/texlive/texmf-dist/tex/latex/base/utf8.def) [18]
Overfull \hbox (66.32701pt too wide) in paragraph at lines 1118--1120
[]\T1/ptm/m/n/10 The C code called by this func-tion was writ-ten by Mark Selig
-man at Rapid Bi-o-log-ics, \T1/zi4/m/n/10 http://rapidbiologics.com 
[19] (/usr/share/texlive/texmf-dist/tex/latex/base/utf8.def) [20]
(/usr/share/texlive/texmf-dist/tex/latex/base/utf8.def) [21]
(/usr/share/texlive/texmf-dist/tex/latex/base/utf8.def) [22]
(/usr/share/texlive/texmf-dist/tex/latex/base/utf8.def) [23]
(/usr/share/texlive/texmf-dist/tex/latex/base/utf8.def) [24]
(/usr/share/texlive/texmf-dist/tex/latex/base/utf8.def) [25]
(/usr/share/texlive/texmf-dist/tex/latex/base/utf8.def)
No file Rd2.ind.
[26] (/tmp/RtmpZOh5yQ/Rd2pdf9dc0c9ca69/Rd2.aux) )
(see the transcript file for additional information)pdfTeX warning (dest): name
{Rfn.ls.diag} has been referenced but does not exist, replaced by a fixed one

pdfTeX warning (dest): name{Rfn.ls.print} has been referenced but does not exis
t, replaced by a fixed one

pdfTeX warning (dest): name{Rfn.lsfit} has been referenced but does not exist, 
replaced by a fixed one

pdfTeX warning (dest): name{Rfn.qr} has been referenced but does not exist, rep
laced by a fixed one

pdfTeX warning (dest): name{Rfn.swiss} has been referenced but does not exist, 
replaced by a fixed one

pdfTeX warning (dest): name{Rfn.stackloss} has been referenced but does not exi
st, replaced by a fixed one

pdfTeX warning (dest): name{Rfn.longley} has been referenced but does not exist
, replaced by a fixed one

pdfTeX warning (dest): name{Rfn.LifeCycleSavings} has been referenced but does 
not exist, replaced by a fixed one

pdfTeX warning (dest): name{Rfn.freeny} has been referenced but does not exist,
 replaced by a fixed one

pdfTeX warning (dest): name{Rfn.attitude} has been referenced but does not exis
t, replaced by a fixed one

pdfTeX warning (dest): name{Rfn.anscombe} has been referenced but does not exis
t, replaced by a fixed one

pdfTeX warning (dest): name{Rfn.lm.wfit} has been referenced but does not exist
, replaced by a fixed one

pdfTeX warning (dest): name{Rfn.glm} has been referenced but does not exist, re
placed by a fixed one

pdfTeX warning (dest): name{Rfn.lm.influence} has been referenced but does not 
exist, replaced by a fixed one

pdfTeX warning (dest): name{Rfn.confint} has been referenced but does not exist
, replaced by a fixed one

pdfTeX warning (dest): name{Rfn.predict} has been referenced but does not exist
, replaced by a fixed one

pdfTeX warning (dest): name{Rfn.vcov} has been referenced but does not exist, r
eplaced by a fixed one

pdfTeX warning (dest): name{Rfn.fitted} has been referenced but does not exist,
 replaced by a fixed one

pdfTeX warning (dest): name{Rfn.coef} has been referenced but does not exist, r
eplaced by a fixed one

pdfTeX warning (dest): name{Rfn.anova.lm} has been referenced but does not exis
t, replaced by a fixed one

pdfTeX warning (dest): name{Rfn.summary.lm} has been referenced but does not ex
ist, replaced by a fixed one

pdfTeX warning (dest): name{Rfn.predict.lm} has been referenced but does not ex
ist, replaced by a fixed one

pdfTeX warning (dest): name{Rfn.ts.intersect} has been referenced but does not 
exist, replaced by a fixed one

pdfTeX warning (dest): name{Rfn.class} has been referenced but does not exist, 
replaced by a fixed one

pdfTeX warning (dest): name{Rfn.lm.fit} has been referenced but does not exist,
 replaced by a fixed one

pdfTeX warning (dest): name{Rfn.model.matrix} has been referenced but does not 
exist, replaced by a fixed one

pdfTeX warning (dest): name{Rfn.model.matrix.default} has been referenced but d
oes not exist, replaced by a fixed one

pdfTeX warning (dest): name{Rfn.aov} has been referenced but does not exist, re
placed by a fixed one

pdfTeX warning (dest): name{Rfn.loglin} has been referenced but does not exist,
 replaced by a fixed one

pdfTeX warning (dest): name{Rfn.lm} has been referenced but does not exist, rep
laced by a fixed one

pdfTeX warning (dest): name{Rfn.fitted.values} has been referenced but does not
 exist, replaced by a fixed one

pdfTeX warning (dest): name{Rfn.effects} has been referenced but does not exist
, replaced by a fixed one

pdfTeX warning (dest): name{Rfn.binomial} has been referenced but does not exis
t, replaced by a fixed one

pdfTeX warning (dest): name{Rfn.residuals} has been referenced but does not exi
st, replaced by a fixed one

pdfTeX warning (dest): name{Rfn.model.frame} has been referenced but does not e
xist, replaced by a fixed one

pdfTeX warning (dest): name{Rfn.terms} has been referenced but does not exist, 
replaced by a fixed one

pdfTeX warning (dest): name{Rfn.coefficients} has been referenced but does not 
exist, replaced by a fixed one

pdfTeX warning (dest): name{Rfn.anova.glm} has been referenced but does not exi
st, replaced by a fixed one

pdfTeX warning (dest): name{Rfn.anova} has been referenced but does not exist, 
replaced by a fixed one

pdfTeX warning (dest): name{Rfn.summary.glm} has been referenced but does not e
xist, replaced by a fixed one

pdfTeX warning (dest): name{Rfn.summary} has been referenced but does not exist
, replaced by a fixed one

pdfTeX warning (dest): name{Rfn.quasi} has been referenced but does not exist, 
replaced by a fixed one

pdfTeX warning (dest): name{Rfn.factor} has been referenced but does not exist,
 replaced by a fixed one

pdfTeX warning (dest): name{Rfn.glm.control} has been referenced but does not e
xist, replaced by a fixed one

pdfTeX warning (dest): name{Rfn.model.offset} has been referenced but does not 
exist, replaced by a fixed one

pdfTeX warning (dest): name{Rfn.offset} has been referenced but does not exist,
 replaced by a fixed one

pdfTeX warning (dest): name{Rfn.na.exclude} has been referenced but does not ex
ist, replaced by a fixed one

pdfTeX warning (dest): name{Rfn.na.omit} has been referenced but does not exist
, replaced by a fixed one

pdfTeX warning (dest): name{Rfn.na.fail} has been referenced but does not exist
, replaced by a fixed one

pdfTeX warning (dest): name{Rfn.options} has been referenced but does not exist
, replaced by a fixed one

pdfTeX warning (dest): name{Rfn.as.data.frame} has been referenced but does not
 exist, replaced by a fixed one

pdfTeX warning (dest): name{Rfn.family} has been referenced but does not exist,
 replaced by a fixed one

pdfTeX warning (dest): name{Rfn.formula} has been referenced but does not exist
, replaced by a fixed one

{/usr/share/texlive/texmf-dist/fonts/enc/dvips/base/8r.enc}{/usr/share/texlive/
texmf-dist/fonts/enc/dvips/inconsolata/i4-t1-0.enc}</usr/share/texlive/texmf-di
st/fonts/type1/public/inconsolata/Inconsolata-zi4r.pfb></usr/share/texlive/texm
f-dist/fonts/type1/public/amsfonts/cm/cmmi10.pfb></usr/share/texlive/texmf-dist
/fonts/type1/public/amsfonts/cm/cmmi7.pfb></usr/share/texlive/texmf-dist/fonts/
type1/public/amsfonts/cm/cmmib10.pfb></usr/share/texlive/texmf-dist/fonts/type1
/public/amsfonts/cm/cmr10.pfb></usr/share/texlive/texmf-dist/fonts/type1/urw/he
lvetic/uhvr8a.pfb></usr/share/texlive/texmf-dist/fonts/type1/urw/times/utmb8a.p
fb></usr/share/texlive/texmf-dist/fonts/type1/urw/times/utmr8a.pfb></usr/share/
texlive/texmf-dist/fonts/type1/urw/times/utmr8a.pfb></usr/share/texlive/texmf-d
ist/fonts/type1/urw/times/utmri8a.pfb>
Output written on Rd2.pdf (26 pages, 180757 bytes).
Transcript written on Rd2.log.
This is makeindex, version 2.15 [TeX Live 2016] (kpathsea + Thai support).
Scanning input file Rd2.idx....done (128 entries accepted, 0 rejected).
Sorting entries....done (873 comparisons).
Generating output file Rd2.ind....done (170 lines written, 0 warnings).
Output written in Rd2.ind.
Transcript written in Rd2.ilg.
This is pdfTeX, Version 3.14159265-2.6-1.40.17 (TeX Live 2016/Debian) (preloaded format=pdflatex)
 restricted \write18 enabled.
entering extended mode
LaTeX2e <2017/01/01> patch level 3
Babel <3.9r> and hyphenation patterns for 83 language(s) loaded.
(./Rd2.tex
(/usr/share/texlive/texmf-dist/tex/latex/base/book.cls
Document Class: book 2014/09/29 v1.4h Standard LaTeX document class
(/usr/share/texlive/texmf-dist/tex/latex/base/bk10.clo))
(/home/tomas/cran/rcnst/build/share/texmf/tex/latex/Rd.sty
(/usr/share/texlive/texmf-dist/tex/latex/base/ifthen.sty)
(/usr/share/texlive/texmf-dist/tex/latex/tools/longtable.sty)
(/usr/share/texlive/texmf-dist/tex/latex/tools/bm.sty)
(/usr/share/texlive/texmf-dist/tex/latex/base/alltt.sty)
(/usr/share/texlive/texmf-dist/tex/latex/tools/verbatim.sty)
(/usr/share/texlive/texmf-dist/tex/latex/url/url.sty)
(/usr/share/texlive/texmf-dist/tex/latex/base/textcomp.sty
(/usr/share/texlive/texmf-dist/tex/latex/base/ts1enc.def))
(/usr/share/texlive/texmf-dist/tex/latex/base/fontenc.sty
(/usr/share/texlive/texmf-dist/tex/latex/base/t1enc.def))
(/usr/share/texlive/texmf-dist/tex/latex/psnfss/times.sty)
(/usr/share/texlive/texmf-dist/tex/latex/inconsolata/zi4.sty
`inconsolata-zi4' v1.112, 2017/01/04 Text macros for Inconsolata (msharpe)
(/usr/share/texlive/texmf-dist/tex/latex/xkeyval/xkeyval.sty
(/usr/share/texlive/texmf-dist/tex/generic/xkeyval/xkeyval.tex
(/usr/share/texlive/texmf-dist/tex/generic/xkeyval/xkvutils.tex
(/usr/share/texlive/texmf-dist/tex/generic/xkeyval/keyval.tex)))))
(/usr/share/texlive/texmf-dist/tex/latex/graphics/color.sty
(/usr/share/texlive/texmf-dist/tex/latex/graphics-cfg/color.cfg)
(/usr/share/texlive/texmf-dist/tex/latex/graphics-def/pdftex.def
(/usr/share/texlive/texmf-dist/tex/generic/oberdiek/infwarerr.sty)
(/usr/share/texlive/texmf-dist/tex/generic/oberdiek/ltxcmds.sty)))
(/usr/share/texlive/texmf-dist/tex/latex/hyperref/hyperref.sty
(/usr/share/texlive/texmf-dist/tex/generic/oberdiek/hobsub-hyperref.sty
(/usr/share/texlive/texmf-dist/tex/generic/oberdiek/hobsub-generic.sty))
(/usr/share/texlive/texmf-dist/tex/generic/ifxetex/ifxetex.sty)
(/usr/share/texlive/texmf-dist/tex/latex/oberdiek/auxhook.sty)
(/usr/share/texlive/texmf-dist/tex/latex/oberdiek/kvoptions.sty)
(/usr/share/texlive/texmf-dist/tex/latex/hyperref/pd1enc.def)
(/usr/share/texlive/texmf-dist/tex/latex/latexconfig/hyperref.cfg))

Package hyperref Message: Driver (autodetected): hpdftex.

(/usr/share/texlive/texmf-dist/tex/latex/hyperref/hpdftex.def
(/usr/share/texlive/texmf-dist/tex/latex/oberdiek/rerunfilecheck.sty))

Package hyperref Warning: Option `hyperindex' has already been used,
(hyperref)                setting the option has no effect on input line 366.


Package hyperref Warning: Option `pagebackref' has already been used,
(hyperref)                setting the option has no effect on input line 366.

) (/usr/share/texlive/texmf-dist/tex/latex/base/makeidx.sty)
(/usr/share/texlive/texmf-dist/tex/latex/base/inputenc.sty
(/usr/share/texlive/texmf-dist/tex/latex/base/utf8.def
(/usr/share/texlive/texmf-dist/tex/latex/base/t1enc.dfu)
(/usr/share/texlive/texmf-dist/tex/latex/base/ot1enc.dfu)
(/usr/share/texlive/texmf-dist/tex/latex/base/omsenc.dfu)
(/usr/share/texlive/texmf-dist/tex/latex/base/ts1enc.dfu))
(/usr/share/texlive/texmf-dist/tex/latex/base/latin1.def))
Writing index file Rd2.idx
(/tmp/RtmpZOh5yQ/Rd2pdf9dc0c9ca69/Rd2.aux)
(/usr/share/texlive/texmf-dist/tex/latex/base/ts1cmr.fd)
(/usr/share/texlive/texmf-dist/tex/latex/psnfss/t1ptm.fd)
(/usr/share/texlive/texmf-dist/tex/context/base/mkii/supp-pdf.mkii
[Loading MPS to PDF converter (version 2006.09.02).]
) (/usr/share/texlive/texmf-dist/tex/latex/hyperref/nameref.sty
(/usr/share/texlive/texmf-dist/tex/generic/oberdiek/gettitlestring.sty))
(/tmp/RtmpZOh5yQ/Rd2pdf9dc0c9ca69/Rd2.out)
(/tmp/RtmpZOh5yQ/Rd2pdf9dc0c9ca69/Rd2.out)
(/usr/share/texlive/texmf-dist/tex/latex/psnfss/ts1ptm.fd)
(/usr/share/texlive/texmf-dist/tex/latex/inconsolata/t1zi4.fd)
(/usr/share/texlive/texmf-dist/tex/latex/psnfss/t1phv.fd)
(/tmp/RtmpZOh5yQ/Rd2pdf9dc0c9ca69/Rd2.toc [1{/var/lib/texmf/fonts/map/pdftex/up
dmap/pdftex.map}]) (/usr/share/texlive/texmf-dist/tex/latex/base/utf8.def)
(/usr/share/texlive/texmf-dist/tex/latex/base/utf8.def) [2]
(/usr/share/texlive/texmf-dist/tex/latex/base/utf8.def)
(/usr/share/texlive/texmf-dist/tex/latex/base/utf8.def) [3] [4]
(/usr/share/texlive/texmf-dist/tex/latex/base/utf8.def)
(/usr/share/texlive/texmf-dist/tex/latex/base/utf8.def) [5]
(/usr/share/texlive/texmf-dist/tex/latex/base/utf8.def) [6]
(/usr/share/texlive/texmf-dist/tex/latex/base/utf8.def) [7]
Overfull \hbox (6.22836pt too wide) in paragraph at lines 388--393
[]\T1/ptm/m/n/10 an op-tional data frame, list or en-vi-ron-ment (or ob-ject co
-ercible by [][]\T1/zi4/m/n/10 as.data.frame[][][]
[8] [9] [10]
Overfull \hbox (7.19945pt too wide) in paragraph at lines 640--645
[][][]\T1/zi4/m/n/10 anova.glm[][][]\T1/ptm/m/n/10 , [][]\T1/zi4/m/n/10 summary
.glm[][][]\T1/ptm/m/n/10 , etc. for \T1/zi4/m/n/10 glm \T1/ptm/m/n/10 meth-ods,
 and the generic func-tions [][]\T1/zi4/m/n/10 anova[][][]\T1/ptm/m/n/10 , [][]
\T1/zi4/m/n/10 summary[][][]\T1/ptm/m/n/10 , [][]\T1/zi4/m/n/10 effects[][][]\T
1/ptm/m/n/10 ,
[11] (/usr/share/texlive/texmf-dist/tex/latex/base/utf8.def) [12]
(/usr/share/texlive/texmf-dist/tex/latex/base/utf8.def) [13]
(/usr/share/texlive/texmf-dist/tex/latex/base/utf8.def) [14]
Overfull \hbox (6.22836pt too wide) in paragraph at lines 838--843
[]\T1/ptm/m/n/10 an op-tional data frame, list or en-vi-ron-ment (or ob-ject co
-ercible by [][]\T1/zi4/m/n/10 as.data.frame[][][]

Overfull \hbox (15.48872pt too wide) in paragraph at lines 860--863
\T1/zi4/m/n/10 method = "model.frame" \T1/ptm/m/n/10 re-turns the model frame (
the same as with \T1/zi4/m/n/10 model = TRUE\T1/ptm/m/n/10 ,
[15] [16] [17] (/usr/share/texlive/texmf-dist/tex/latex/base/utf8.def)
(/usr/share/texlive/texmf-dist/tex/latex/base/utf8.def) [18]
Overfull \hbox (66.32701pt too wide) in paragraph at lines 1118--1120
[]\T1/ptm/m/n/10 The C code called by this func-tion was writ-ten by Mark Selig
-man at Rapid Bi-o-log-ics, \T1/zi4/m/n/10 http://rapidbiologics.com 
[19] (/usr/share/texlive/texmf-dist/tex/latex/base/utf8.def) [20]
(/usr/share/texlive/texmf-dist/tex/latex/base/utf8.def) [21]
(/usr/share/texlive/texmf-dist/tex/latex/base/utf8.def) [22]
(/usr/share/texlive/texmf-dist/tex/latex/base/utf8.def) [23]
(/usr/share/texlive/texmf-dist/tex/latex/base/utf8.def) [24]
(/usr/share/texlive/texmf-dist/tex/latex/base/utf8.def) [25]
(/usr/share/texlive/texmf-dist/tex/latex/base/utf8.def)
(/tmp/RtmpZOh5yQ/Rd2pdf9dc0c9ca69/Rd2.ind [26] [27] [28])
(/tmp/RtmpZOh5yQ/Rd2pdf9dc0c9ca69/Rd2.aux)

Package rerunfilecheck Warning: File `Rd2.out' has changed.
(rerunfilecheck)                Rerun to get outlines right
(rerunfilecheck)                or use package `bookmark'.

 )
(see the transcript file for additional information)pdfTeX warning (dest): name
{Rfn.ls.diag} has been referenced but does not exist, replaced by a fixed one

pdfTeX warning (dest): name{Rfn.ls.print} has been referenced but does not exis
t, replaced by a fixed one

pdfTeX warning (dest): name{Rfn.lsfit} has been referenced but does not exist, 
replaced by a fixed one

pdfTeX warning (dest): name{Rfn.qr} has been referenced but does not exist, rep
laced by a fixed one

pdfTeX warning (dest): name{Rfn.swiss} has been referenced but does not exist, 
replaced by a fixed one

pdfTeX warning (dest): name{Rfn.stackloss} has been referenced but does not exi
st, replaced by a fixed one

pdfTeX warning (dest): name{Rfn.longley} has been referenced but does not exist
, replaced by a fixed one

pdfTeX warning (dest): name{Rfn.LifeCycleSavings} has been referenced but does 
not exist, replaced by a fixed one

pdfTeX warning (dest): name{Rfn.freeny} has been referenced but does not exist,
 replaced by a fixed one

pdfTeX warning (dest): name{Rfn.attitude} has been referenced but does not exis
t, replaced by a fixed one

pdfTeX warning (dest): name{Rfn.anscombe} has been referenced but does not exis
t, replaced by a fixed one

pdfTeX warning (dest): name{Rfn.lm.wfit} has been referenced but does not exist
, replaced by a fixed one

pdfTeX warning (dest): name{Rfn.glm} has been referenced but does not exist, re
placed by a fixed one

pdfTeX warning (dest): name{Rfn.lm.influence} has been referenced but does not 
exist, replaced by a fixed one

pdfTeX warning (dest): name{Rfn.confint} has been referenced but does not exist
, replaced by a fixed one

pdfTeX warning (dest): name{Rfn.predict} has been referenced but does not exist
, replaced by a fixed one

pdfTeX warning (dest): name{Rfn.vcov} has been referenced but does not exist, r
eplaced by a fixed one

pdfTeX warning (dest): name{Rfn.fitted} has been referenced but does not exist,
 replaced by a fixed one

pdfTeX warning (dest): name{Rfn.coef} has been referenced but does not exist, r
eplaced by a fixed one

pdfTeX warning (dest): name{Rfn.anova.lm} has been referenced but does not exis
t, replaced by a fixed one

pdfTeX warning (dest): name{Rfn.summary.lm} has been referenced but does not ex
ist, replaced by a fixed one

pdfTeX warning (dest): name{Rfn.predict.lm} has been referenced but does not ex
ist, replaced by a fixed one

pdfTeX warning (dest): name{Rfn.ts.intersect} has been referenced but does not 
exist, replaced by a fixed one

pdfTeX warning (dest): name{Rfn.class} has been referenced but does not exist, 
replaced by a fixed one

pdfTeX warning (dest): name{Rfn.lm.fit} has been referenced but does not exist,
 replaced by a fixed one

pdfTeX warning (dest): name{Rfn.model.matrix} has been referenced but does not 
exist, replaced by a fixed one

pdfTeX warning (dest): name{Rfn.model.matrix.default} has been referenced but d
oes not exist, replaced by a fixed one

pdfTeX warning (dest): name{Rfn.aov} has been referenced but does not exist, re
placed by a fixed one

pdfTeX warning (dest): name{Rfn.loglin} has been referenced but does not exist,
 replaced by a fixed one

pdfTeX warning (dest): name{Rfn.lm} has been referenced but does not exist, rep
laced by a fixed one

pdfTeX warning (dest): name{Rfn.fitted.values} has been referenced but does not
 exist, replaced by a fixed one

pdfTeX warning (dest): name{Rfn.effects} has been referenced but does not exist
, replaced by a fixed one

pdfTeX warning (dest): name{Rfn.binomial} has been referenced but does not exis
t, replaced by a fixed one

pdfTeX warning (dest): name{Rfn.residuals} has been referenced but does not exi
st, replaced by a fixed one

pdfTeX warning (dest): name{Rfn.model.frame} has been referenced but does not e
xist, replaced by a fixed one

pdfTeX warning (dest): name{Rfn.terms} has been referenced but does not exist, 
replaced by a fixed one

pdfTeX warning (dest): name{Rfn.coefficients} has been referenced but does not 
exist, replaced by a fixed one

pdfTeX warning (dest): name{Rfn.anova.glm} has been referenced but does not exi
st, replaced by a fixed one

pdfTeX warning (dest): name{Rfn.anova} has been referenced but does not exist, 
replaced by a fixed one

pdfTeX warning (dest): name{Rfn.summary.glm} has been referenced but does not e
xist, replaced by a fixed one

pdfTeX warning (dest): name{Rfn.summary} has been referenced but does not exist
, replaced by a fixed one

pdfTeX warning (dest): name{Rfn.quasi} has been referenced but does not exist, 
replaced by a fixed one

pdfTeX warning (dest): name{Rfn.factor} has been referenced but does not exist,
 replaced by a fixed one

pdfTeX warning (dest): name{Rfn.glm.control} has been referenced but does not e
xist, replaced by a fixed one

pdfTeX warning (dest): name{Rfn.model.offset} has been referenced but does not 
exist, replaced by a fixed one

pdfTeX warning (dest): name{Rfn.offset} has been referenced but does not exist,
 replaced by a fixed one

pdfTeX warning (dest): name{Rfn.na.exclude} has been referenced but does not ex
ist, replaced by a fixed one

pdfTeX warning (dest): name{Rfn.na.omit} has been referenced but does not exist
, replaced by a fixed one

pdfTeX warning (dest): name{Rfn.na.fail} has been referenced but does not exist
, replaced by a fixed one

pdfTeX warning (dest): name{Rfn.options} has been referenced but does not exist
, replaced by a fixed one

pdfTeX warning (dest): name{Rfn.as.data.frame} has been referenced but does not
 exist, replaced by a fixed one

pdfTeX warning (dest): name{Rfn.family} has been referenced but does not exist,
 replaced by a fixed one

pdfTeX warning (dest): name{Rfn.formula} has been referenced but does not exist
, replaced by a fixed one

{/usr/share/texlive/texmf-dist/fonts/enc/dvips/base/8r.enc}{/usr/share/texlive/
texmf-dist/fonts/enc/dvips/inconsolata/i4-t1-0.enc}</usr/share/texlive/texmf-di
st/fonts/type1/public/inconsolata/Inconsolata-zi4r.pfb></usr/share/texlive/texm
f-dist/fonts/type1/public/amsfonts/cm/cmmi10.pfb></usr/share/texlive/texmf-dist
/fonts/type1/public/amsfonts/cm/cmmi7.pfb></usr/share/texlive/texmf-dist/fonts/
type1/public/amsfonts/cm/cmmib10.pfb></usr/share/texlive/texmf-dist/fonts/type1
/public/amsfonts/cm/cmr10.pfb></usr/share/texlive/texmf-dist/fonts/type1/public
/amsfonts/cm/cmsy10.pfb></usr/share/texlive/texmf-dist/fonts/type1/urw/helvetic
/uhvr8a.pfb></usr/share/texlive/texmf-dist/fonts/type1/urw/times/utmb8a.pfb></u
sr/share/texlive/texmf-dist/fonts/type1/urw/times/utmr8a.pfb></usr/share/texliv
e/texmf-dist/fonts/type1/urw/times/utmr8a.pfb></usr/share/texlive/texmf-dist/fo
nts/type1/urw/times/utmri8a.pfb>
Output written on Rd2.pdf (28 pages, 196169 bytes).
Transcript written on Rd2.log.
This is makeindex, version 2.15 [TeX Live 2016] (kpathsea + Thai support).
Scanning input file Rd2.idx....done (128 entries accepted, 0 rejected).
Sorting entries....done (873 comparisons).
Generating output file Rd2.ind....done (170 lines written, 0 warnings).
Output written in Rd2.ind.
Transcript written in Rd2.ilg.
This is pdfTeX, Version 3.14159265-2.6-1.40.17 (TeX Live 2016/Debian) (preloaded format=pdflatex)
 restricted \write18 enabled.
entering extended mode
LaTeX2e <2017/01/01> patch level 3
Babel <3.9r> and hyphenation patterns for 83 language(s) loaded.
(./Rd2.tex
(/usr/share/texlive/texmf-dist/tex/latex/base/book.cls
Document Class: book 2014/09/29 v1.4h Standard LaTeX document class
(/usr/share/texlive/texmf-dist/tex/latex/base/bk10.clo))
(/home/tomas/cran/rcnst/build/share/texmf/tex/latex/Rd.sty
(/usr/share/texlive/texmf-dist/tex/latex/base/ifthen.sty)
(/usr/share/texlive/texmf-dist/tex/latex/tools/longtable.sty)
(/usr/share/texlive/texmf-dist/tex/latex/tools/bm.sty)
(/usr/share/texlive/texmf-dist/tex/latex/base/alltt.sty)
(/usr/share/texlive/texmf-dist/tex/latex/tools/verbatim.sty)
(/usr/share/texlive/texmf-dist/tex/latex/url/url.sty)
(/usr/share/texlive/texmf-dist/tex/latex/base/textcomp.sty
(/usr/share/texlive/texmf-dist/tex/latex/base/ts1enc.def))
(/usr/share/texlive/texmf-dist/tex/latex/base/fontenc.sty
(/usr/share/texlive/texmf-dist/tex/latex/base/t1enc.def))
(/usr/share/texlive/texmf-dist/tex/latex/psnfss/times.sty)
(/usr/share/texlive/texmf-dist/tex/latex/inconsolata/zi4.sty
`inconsolata-zi4' v1.112, 2017/01/04 Text macros for Inconsolata (msharpe)
(/usr/share/texlive/texmf-dist/tex/latex/xkeyval/xkeyval.sty
(/usr/share/texlive/texmf-dist/tex/generic/xkeyval/xkeyval.tex
(/usr/share/texlive/texmf-dist/tex/generic/xkeyval/xkvutils.tex
(/usr/share/texlive/texmf-dist/tex/generic/xkeyval/keyval.tex)))))
(/usr/share/texlive/texmf-dist/tex/latex/graphics/color.sty
(/usr/share/texlive/texmf-dist/tex/latex/graphics-cfg/color.cfg)
(/usr/share/texlive/texmf-dist/tex/latex/graphics-def/pdftex.def
(/usr/share/texlive/texmf-dist/tex/generic/oberdiek/infwarerr.sty)
(/usr/share/texlive/texmf-dist/tex/generic/oberdiek/ltxcmds.sty)))
(/usr/share/texlive/texmf-dist/tex/latex/hyperref/hyperref.sty
(/usr/share/texlive/texmf-dist/tex/generic/oberdiek/hobsub-hyperref.sty
(/usr/share/texlive/texmf-dist/tex/generic/oberdiek/hobsub-generic.sty))
(/usr/share/texlive/texmf-dist/tex/generic/ifxetex/ifxetex.sty)
(/usr/share/texlive/texmf-dist/tex/latex/oberdiek/auxhook.sty)
(/usr/share/texlive/texmf-dist/tex/latex/oberdiek/kvoptions.sty)
(/usr/share/texlive/texmf-dist/tex/latex/hyperref/pd1enc.def)
(/usr/share/texlive/texmf-dist/tex/latex/latexconfig/hyperref.cfg))

Package hyperref Message: Driver (autodetected): hpdftex.

(/usr/share/texlive/texmf-dist/tex/latex/hyperref/hpdftex.def
(/usr/share/texlive/texmf-dist/tex/latex/oberdiek/rerunfilecheck.sty))

Package hyperref Warning: Option `hyperindex' has already been used,
(hyperref)                setting the option has no effect on input line 366.


Package hyperref Warning: Option `pagebackref' has already been used,
(hyperref)                setting the option has no effect on input line 366.

) (/usr/share/texlive/texmf-dist/tex/latex/base/makeidx.sty)
(/usr/share/texlive/texmf-dist/tex/latex/base/inputenc.sty
(/usr/share/texlive/texmf-dist/tex/latex/base/utf8.def
(/usr/share/texlive/texmf-dist/tex/latex/base/t1enc.dfu)
(/usr/share/texlive/texmf-dist/tex/latex/base/ot1enc.dfu)
(/usr/share/texlive/texmf-dist/tex/latex/base/omsenc.dfu)
(/usr/share/texlive/texmf-dist/tex/latex/base/ts1enc.dfu))
(/usr/share/texlive/texmf-dist/tex/latex/base/latin1.def))
Writing index file Rd2.idx
(/tmp/RtmpZOh5yQ/Rd2pdf9dc0c9ca69/Rd2.aux)
(/usr/share/texlive/texmf-dist/tex/latex/base/ts1cmr.fd)
(/usr/share/texlive/texmf-dist/tex/latex/psnfss/t1ptm.fd)
(/usr/share/texlive/texmf-dist/tex/context/base/mkii/supp-pdf.mkii
[Loading MPS to PDF converter (version 2006.09.02).]
) (/usr/share/texlive/texmf-dist/tex/latex/hyperref/nameref.sty
(/usr/share/texlive/texmf-dist/tex/generic/oberdiek/gettitlestring.sty))
(/tmp/RtmpZOh5yQ/Rd2pdf9dc0c9ca69/Rd2.out)
(/tmp/RtmpZOh5yQ/Rd2pdf9dc0c9ca69/Rd2.out)
(/usr/share/texlive/texmf-dist/tex/latex/psnfss/ts1ptm.fd)
(/usr/share/texlive/texmf-dist/tex/latex/inconsolata/t1zi4.fd)
(/usr/share/texlive/texmf-dist/tex/latex/psnfss/t1phv.fd)
(/tmp/RtmpZOh5yQ/Rd2pdf9dc0c9ca69/Rd2.toc [1{/var/lib/texmf/fonts/map/pdftex/up
dmap/pdftex.map}]) (/usr/share/texlive/texmf-dist/tex/latex/base/utf8.def)
(/usr/share/texlive/texmf-dist/tex/latex/base/utf8.def) [2]
(/usr/share/texlive/texmf-dist/tex/latex/base/utf8.def)
(/usr/share/texlive/texmf-dist/tex/latex/base/utf8.def) [3] [4]
(/usr/share/texlive/texmf-dist/tex/latex/base/utf8.def)
(/usr/share/texlive/texmf-dist/tex/latex/base/utf8.def) [5]
(/usr/share/texlive/texmf-dist/tex/latex/base/utf8.def) [6]
(/usr/share/texlive/texmf-dist/tex/latex/base/utf8.def) [7]
Overfull \hbox (6.22836pt too wide) in paragraph at lines 388--393
[]\T1/ptm/m/n/10 an op-tional data frame, list or en-vi-ron-ment (or ob-ject co
-ercible by [][]\T1/zi4/m/n/10 as.data.frame[][][]
[8] [9] [10]
Overfull \hbox (7.19945pt too wide) in paragraph at lines 640--645
[][][]\T1/zi4/m/n/10 anova.glm[][][]\T1/ptm/m/n/10 , [][]\T1/zi4/m/n/10 summary
.glm[][][]\T1/ptm/m/n/10 , etc. for \T1/zi4/m/n/10 glm \T1/ptm/m/n/10 meth-ods,
 and the generic func-tions [][]\T1/zi4/m/n/10 anova[][][]\T1/ptm/m/n/10 , [][]
\T1/zi4/m/n/10 summary[][][]\T1/ptm/m/n/10 , [][]\T1/zi4/m/n/10 effects[][][]\T
1/ptm/m/n/10 ,
[11] (/usr/share/texlive/texmf-dist/tex/latex/base/utf8.def) [12]
(/usr/share/texlive/texmf-dist/tex/latex/base/utf8.def) [13]
(/usr/share/texlive/texmf-dist/tex/latex/base/utf8.def) [14]
Overfull \hbox (6.22836pt too wide) in paragraph at lines 838--843
[]\T1/ptm/m/n/10 an op-tional data frame, list or en-vi-ron-ment (or ob-ject co
-ercible by [][]\T1/zi4/m/n/10 as.data.frame[][][]

Overfull \hbox (15.48872pt too wide) in paragraph at lines 860--863
\T1/zi4/m/n/10 method = "model.frame" \T1/ptm/m/n/10 re-turns the model frame (
the same as with \T1/zi4/m/n/10 model = TRUE\T1/ptm/m/n/10 ,
[15] [16] [17] (/usr/share/texlive/texmf-dist/tex/latex/base/utf8.def)
(/usr/share/texlive/texmf-dist/tex/latex/base/utf8.def) [18]
Overfull \hbox (66.32701pt too wide) in paragraph at lines 1118--1120
[]\T1/ptm/m/n/10 The C code called by this func-tion was writ-ten by Mark Selig
-man at Rapid Bi-o-log-ics, \T1/zi4/m/n/10 http://rapidbiologics.com 
[19] (/usr/share/texlive/texmf-dist/tex/latex/base/utf8.def) [20]
(/usr/share/texlive/texmf-dist/tex/latex/base/utf8.def) [21]
(/usr/share/texlive/texmf-dist/tex/latex/base/utf8.def) [22]
(/usr/share/texlive/texmf-dist/tex/latex/base/utf8.def) [23]
(/usr/share/texlive/texmf-dist/tex/latex/base/utf8.def) [24]
(/usr/share/texlive/texmf-dist/tex/latex/base/utf8.def) [25]
(/usr/share/texlive/texmf-dist/tex/latex/base/utf8.def)
(/tmp/RtmpZOh5yQ/Rd2pdf9dc0c9ca69/Rd2.ind [26] [27] [28])
(/tmp/RtmpZOh5yQ/Rd2pdf9dc0c9ca69/Rd2.aux) )
(see the transcript file for additional information)pdfTeX warning (dest): name
{Rfn.ls.diag} has been referenced but does not exist, replaced by a fixed one

pdfTeX warning (dest): name{Rfn.ls.print} has been referenced but does not exis
t, replaced by a fixed one

pdfTeX warning (dest): name{Rfn.lsfit} has been referenced but does not exist, 
replaced by a fixed one

pdfTeX warning (dest): name{Rfn.qr} has been referenced but does not exist, rep
laced by a fixed one

pdfTeX warning (dest): name{Rfn.swiss} has been referenced but does not exist, 
replaced by a fixed one

pdfTeX warning (dest): name{Rfn.stackloss} has been referenced but does not exi
st, replaced by a fixed one

pdfTeX warning (dest): name{Rfn.longley} has been referenced but does not exist
, replaced by a fixed one

pdfTeX warning (dest): name{Rfn.LifeCycleSavings} has been referenced but does 
not exist, replaced by a fixed one

pdfTeX warning (dest): name{Rfn.freeny} has been referenced but does not exist,
 replaced by a fixed one

pdfTeX warning (dest): name{Rfn.attitude} has been referenced but does not exis
t, replaced by a fixed one

pdfTeX warning (dest): name{Rfn.anscombe} has been referenced but does not exis
t, replaced by a fixed one

pdfTeX warning (dest): name{Rfn.lm.wfit} has been referenced but does not exist
, replaced by a fixed one

pdfTeX warning (dest): name{Rfn.glm} has been referenced but does not exist, re
placed by a fixed one

pdfTeX warning (dest): name{Rfn.lm.influence} has been referenced but does not 
exist, replaced by a fixed one

pdfTeX warning (dest): name{Rfn.confint} has been referenced but does not exist
, replaced by a fixed one

pdfTeX warning (dest): name{Rfn.predict} has been referenced but does not exist
, replaced by a fixed one

pdfTeX warning (dest): name{Rfn.vcov} has been referenced but does not exist, r
eplaced by a fixed one

pdfTeX warning (dest): name{Rfn.fitted} has been referenced but does not exist,
 replaced by a fixed one

pdfTeX warning (dest): name{Rfn.coef} has been referenced but does not exist, r
eplaced by a fixed one

pdfTeX warning (dest): name{Rfn.anova.lm} has been referenced but does not exis
t, replaced by a fixed one

pdfTeX warning (dest): name{Rfn.summary.lm} has been referenced but does not ex
ist, replaced by a fixed one

pdfTeX warning (dest): name{Rfn.predict.lm} has been referenced but does not ex
ist, replaced by a fixed one

pdfTeX warning (dest): name{Rfn.ts.intersect} has been referenced but does not 
exist, replaced by a fixed one

pdfTeX warning (dest): name{Rfn.class} has been referenced but does not exist, 
replaced by a fixed one

pdfTeX warning (dest): name{Rfn.lm.fit} has been referenced but does not exist,
 replaced by a fixed one

pdfTeX warning (dest): name{Rfn.model.matrix} has been referenced but does not 
exist, replaced by a fixed one

pdfTeX warning (dest): name{Rfn.model.matrix.default} has been referenced but d
oes not exist, replaced by a fixed one

pdfTeX warning (dest): name{Rfn.aov} has been referenced but does not exist, re
placed by a fixed one

pdfTeX warning (dest): name{Rfn.loglin} has been referenced but does not exist,
 replaced by a fixed one

pdfTeX warning (dest): name{Rfn.lm} has been referenced but does not exist, rep
laced by a fixed one

pdfTeX warning (dest): name{Rfn.fitted.values} has been referenced but does not
 exist, replaced by a fixed one

pdfTeX warning (dest): name{Rfn.effects} has been referenced but does not exist
, replaced by a fixed one

pdfTeX warning (dest): name{Rfn.binomial} has been referenced but does not exis
t, replaced by a fixed one

pdfTeX warning (dest): name{Rfn.residuals} has been referenced but does not exi
st, replaced by a fixed one

pdfTeX warning (dest): name{Rfn.model.frame} has been referenced but does not e
xist, replaced by a fixed one

pdfTeX warning (dest): name{Rfn.terms} has been referenced but does not exist, 
replaced by a fixed one

pdfTeX warning (dest): name{Rfn.coefficients} has been referenced but does not 
exist, replaced by a fixed one

pdfTeX warning (dest): name{Rfn.anova.glm} has been referenced but does not exi
st, replaced by a fixed one

pdfTeX warning (dest): name{Rfn.anova} has been referenced but does not exist, 
replaced by a fixed one

pdfTeX warning (dest): name{Rfn.summary.glm} has been referenced but does not e
xist, replaced by a fixed one

pdfTeX warning (dest): name{Rfn.summary} has been referenced but does not exist
, replaced by a fixed one

pdfTeX warning (dest): name{Rfn.quasi} has been referenced but does not exist, 
replaced by a fixed one

pdfTeX warning (dest): name{Rfn.factor} has been referenced but does not exist,
 replaced by a fixed one

pdfTeX warning (dest): name{Rfn.glm.control} has been referenced but does not e
xist, replaced by a fixed one

pdfTeX warning (dest): name{Rfn.model.offset} has been referenced but does not 
exist, replaced by a fixed one

pdfTeX warning (dest): name{Rfn.offset} has been referenced but does not exist,
 replaced by a fixed one

pdfTeX warning (dest): name{Rfn.na.exclude} has been referenced but does not ex
ist, replaced by a fixed one

pdfTeX warning (dest): name{Rfn.na.omit} has been referenced but does not exist
, replaced by a fixed one

pdfTeX warning (dest): name{Rfn.na.fail} has been referenced but does not exist
, replaced by a fixed one

pdfTeX warning (dest): name{Rfn.options} has been referenced but does not exist
, replaced by a fixed one

pdfTeX warning (dest): name{Rfn.as.data.frame} has been referenced but does not
 exist, replaced by a fixed one

pdfTeX warning (dest): name{Rfn.family} has been referenced but does not exist,
 replaced by a fixed one

pdfTeX warning (dest): name{Rfn.formula} has been referenced but does not exist
, replaced by a fixed one

{/usr/share/texlive/texmf-dist/fonts/enc/dvips/base/8r.enc}{/usr/share/texlive/
texmf-dist/fonts/enc/dvips/inconsolata/i4-t1-0.enc}</usr/share/texlive/texmf-di
st/fonts/type1/public/inconsolata/Inconsolata-zi4r.pfb></usr/share/texlive/texm
f-dist/fonts/type1/public/amsfonts/cm/cmmi10.pfb></usr/share/texlive/texmf-dist
/fonts/type1/public/amsfonts/cm/cmmi7.pfb></usr/share/texlive/texmf-dist/fonts/
type1/public/amsfonts/cm/cmmib10.pfb></usr/share/texlive/texmf-dist/fonts/type1
/public/amsfonts/cm/cmr10.pfb></usr/share/texlive/texmf-dist/fonts/type1/public
/amsfonts/cm/cmsy10.pfb></usr/share/texlive/texmf-dist/fonts/type1/urw/helvetic
/uhvr8a.pfb></usr/share/texlive/texmf-dist/fonts/type1/urw/times/utmb8a.pfb></u
sr/share/texlive/texmf-dist/fonts/type1/urw/times/utmr8a.pfb></usr/share/texliv
e/texmf-dist/fonts/type1/urw/times/utmr8a.pfb></usr/share/texlive/texmf-dist/fo
nts/type1/urw/times/utmri8a.pfb>
Output written on Rd2.pdf (28 pages, 196665 bytes).
Transcript written on Rd2.log.
Saving output to gputools-manual.pdf ...
Done
You may want to clean up by 'rm -rf /tmp/RtmpZOh5yQ/Rd2pdf9dc0c9ca69'
