Hmm ... looks like a package

This is pdfTeX, Version 3.14159265-2.6-1.40.17 (TeX Live 2016/Debian) (preloaded format=pdflatex)
 restricted \write18 enabled.
entering extended mode
LaTeX2e <2017/01/01> patch level 3
Babel <3.9r> and hyphenation patterns for 83 language(s) loaded.
(./Rd2.tex
(/usr/share/texlive/texmf-dist/tex/latex/base/book.cls
Document Class: book 2014/09/29 v1.4h Standard LaTeX document class
(/usr/share/texlive/texmf-dist/tex/latex/base/bk10.clo))
(/home/tomas/cran/rcnst/build/share/texmf/tex/latex/Rd.sty
(/usr/share/texlive/texmf-dist/tex/latex/base/ifthen.sty)
(/usr/share/texlive/texmf-dist/tex/latex/tools/longtable.sty)
(/usr/share/texlive/texmf-dist/tex/latex/tools/bm.sty)
(/usr/share/texlive/texmf-dist/tex/latex/base/alltt.sty)
(/usr/share/texlive/texmf-dist/tex/latex/tools/verbatim.sty)
(/usr/share/texlive/texmf-dist/tex/latex/url/url.sty)
(/usr/share/texlive/texmf-dist/tex/latex/base/textcomp.sty
(/usr/share/texlive/texmf-dist/tex/latex/base/ts1enc.def))
(/usr/share/texlive/texmf-dist/tex/latex/base/fontenc.sty
(/usr/share/texlive/texmf-dist/tex/latex/base/t1enc.def))
(/usr/share/texlive/texmf-dist/tex/latex/psnfss/times.sty)
(/usr/share/texlive/texmf-dist/tex/latex/inconsolata/zi4.sty
`inconsolata-zi4' v1.112, 2017/01/04 Text macros for Inconsolata (msharpe)
(/usr/share/texlive/texmf-dist/tex/latex/xkeyval/xkeyval.sty
(/usr/share/texlive/texmf-dist/tex/generic/xkeyval/xkeyval.tex
(/usr/share/texlive/texmf-dist/tex/generic/xkeyval/xkvutils.tex
(/usr/share/texlive/texmf-dist/tex/generic/xkeyval/keyval.tex)))))
(/usr/share/texlive/texmf-dist/tex/latex/graphics/color.sty
(/usr/share/texlive/texmf-dist/tex/latex/graphics-cfg/color.cfg)
(/usr/share/texlive/texmf-dist/tex/latex/graphics-def/pdftex.def
(/usr/share/texlive/texmf-dist/tex/generic/oberdiek/infwarerr.sty)
(/usr/share/texlive/texmf-dist/tex/generic/oberdiek/ltxcmds.sty)))
(/usr/share/texlive/texmf-dist/tex/latex/hyperref/hyperref.sty
(/usr/share/texlive/texmf-dist/tex/generic/oberdiek/hobsub-hyperref.sty
(/usr/share/texlive/texmf-dist/tex/generic/oberdiek/hobsub-generic.sty))
(/usr/share/texlive/texmf-dist/tex/generic/ifxetex/ifxetex.sty)
(/usr/share/texlive/texmf-dist/tex/latex/oberdiek/auxhook.sty)
(/usr/share/texlive/texmf-dist/tex/latex/oberdiek/kvoptions.sty)
(/usr/share/texlive/texmf-dist/tex/latex/hyperref/pd1enc.def)
(/usr/share/texlive/texmf-dist/tex/latex/latexconfig/hyperref.cfg))

Package hyperref Message: Driver (autodetected): hpdftex.

(/usr/share/texlive/texmf-dist/tex/latex/hyperref/hpdftex.def
(/usr/share/texlive/texmf-dist/tex/latex/oberdiek/rerunfilecheck.sty))

Package hyperref Warning: Option `hyperindex' has already been used,
(hyperref)                setting the option has no effect on input line 366.


Package hyperref Warning: Option `pagebackref' has already been used,
(hyperref)                setting the option has no effect on input line 366.

) (/usr/share/texlive/texmf-dist/tex/latex/base/makeidx.sty)
(/usr/share/texlive/texmf-dist/tex/latex/base/inputenc.sty
(/usr/share/texlive/texmf-dist/tex/latex/base/utf8.def
(/usr/share/texlive/texmf-dist/tex/latex/base/t1enc.dfu)
(/usr/share/texlive/texmf-dist/tex/latex/base/ot1enc.dfu)
(/usr/share/texlive/texmf-dist/tex/latex/base/omsenc.dfu)
(/usr/share/texlive/texmf-dist/tex/latex/base/ts1enc.dfu))
(/usr/share/texlive/texmf-dist/tex/latex/base/latin1.def))
Writing index file Rd2.idx
No file Rd2.aux.
(/usr/share/texlive/texmf-dist/tex/latex/base/ts1cmr.fd)
(/usr/share/texlive/texmf-dist/tex/latex/psnfss/t1ptm.fd)
(/usr/share/texlive/texmf-dist/tex/context/base/mkii/supp-pdf.mkii
[Loading MPS to PDF converter (version 2006.09.02).]
) (/usr/share/texlive/texmf-dist/tex/latex/hyperref/nameref.sty
(/usr/share/texlive/texmf-dist/tex/generic/oberdiek/gettitlestring.sty))
(/usr/share/texlive/texmf-dist/tex/latex/inconsolata/t1zi4.fd)
(/usr/share/texlive/texmf-dist/tex/latex/psnfss/ts1ptm.fd)
(/usr/share/texlive/texmf-dist/tex/latex/psnfss/t1phv.fd)
(/usr/share/texlive/texmf-dist/tex/latex/base/utf8.def) [1{/var/lib/texmf/fonts
/map/pdftex/updmap/pdftex.map}]
(/usr/share/texlive/texmf-dist/tex/latex/base/utf8.def)
(/usr/share/texlive/texmf-dist/tex/latex/base/utf8.def) [2]
Overfull \hbox (3.32986pt too wide) in paragraph at lines 127--132
\T1/ptm/m/n/10 Specif-i-cally, it is used by \T1/zi4/m/n/10 sm.density\T1/ptm/m
/n/10 , \T1/zi4/m/n/10 sm.regression\T1/ptm/m/n/10 , \T1/zi4/m/n/10 sm.ancova\T
1/ptm/m/n/10 , \T1/zi4/m/n/10 sm.binomial \T1/ptm/m/n/10 and \T1/zi4/m/n/10 sm.
poisson\T1/ptm/m/n/10 . 
[3] (/usr/share/texlive/texmf-dist/tex/latex/base/utf8.def)
(/usr/share/texlive/texmf-dist/tex/latex/base/utf8.def) [4]
(/usr/share/texlive/texmf-dist/tex/latex/base/utf8.def)
(/usr/share/texlive/texmf-dist/tex/latex/base/utf8.def)
(/usr/share/texlive/texmf-dist/tex/latex/base/utf8.def) [5]
(/usr/share/texlive/texmf-dist/tex/latex/base/utf8.def)
(/usr/share/texlive/texmf-dist/tex/latex/base/utf8.def)
(/usr/share/texlive/texmf-dist/tex/latex/base/utf8.def) [6]
(/usr/share/texlive/texmf-dist/tex/latex/base/utf8.def)
(/usr/share/texlive/texmf-dist/tex/latex/base/utf8.def) [7]
(/usr/share/texlive/texmf-dist/tex/latex/base/utf8.def) [8]
(/usr/share/texlive/texmf-dist/tex/latex/base/utf8.def) [9] [10]
(/usr/share/texlive/texmf-dist/tex/latex/base/utf8.def) [11]
(/usr/share/texlive/texmf-dist/tex/latex/base/utf8.def) [12]
(/usr/share/texlive/texmf-dist/tex/latex/base/utf8.def) [13]
(/usr/share/texlive/texmf-dist/tex/latex/base/utf8.def)
(/usr/share/texlive/texmf-dist/tex/latex/base/utf8.def) [14]
(/usr/share/texlive/texmf-dist/tex/latex/base/utf8.def)
(/usr/share/texlive/texmf-dist/tex/latex/base/utf8.def) [15] [16]
(/usr/share/texlive/texmf-dist/tex/latex/base/utf8.def) [17]
(/usr/share/texlive/texmf-dist/tex/latex/base/utf8.def)
Overfull \hbox (9.36734pt too wide) in paragraph at lines 964--965
[]\T1/ptm/m/n/10 Cobb, G. (1978). The prob-lem of the Nile: con-di-tional so-lu
-tion to a change-point prob-lem. Biometrika
(/usr/share/texlive/texmf-dist/tex/latex/base/utf8.def) [18]
(/usr/share/texlive/texmf-dist/tex/latex/base/utf8.def) [19]
(/usr/share/texlive/texmf-dist/tex/latex/base/utf8.def) [20]
(/usr/share/texlive/texmf-dist/tex/latex/base/utf8.def)
(/usr/share/texlive/texmf-dist/tex/latex/base/utf8.def)
(/usr/share/texlive/texmf-dist/tex/latex/base/utf8.def) [21]
Overfull \hbox (12.40799pt too wide) in paragraph at lines 1213--1217
[]\T1/ptm/m/n/10 messages are printed on the com-mand win-dow, de-scrib-ing pro
gress of the op-er-a-tion. If \T1/zi4/m/n/10 describe=TRUE
(/usr/share/texlive/texmf-dist/tex/latex/base/utf8.def) [22]
(/usr/share/texlive/texmf-dist/tex/latex/base/utf8.def) [23]
(/usr/share/texlive/texmf-dist/tex/latex/base/utf8.def)
Overfull \hbox (57.2504pt too wide) in paragraph at lines 1349--1356
\T1/ptm/m/n/10 by the user are: \T1/zi4/m/n/10 h.select\T1/ptm/m/n/10 , \T1/zi4
/m/n/10 binning\T1/ptm/m/n/10 , \T1/zi4/m/n/10 sm.ancova\T1/ptm/m/n/10 , \T1/zi
4/m/n/10 sm.autoregression\T1/ptm/m/n/10 , \T1/zi4/m/n/10 sm.binomial\T1/ptm/m/
n/10 , \T1/zi4/m/n/10 sm.binomial.bootstrap\T1/ptm/m/n/10 ,

Overfull \hbox (4.401pt too wide) in paragraph at lines 1349--1356
\T1/zi4/m/n/10 sm.poisson\T1/ptm/m/n/10 , \T1/zi4/m/n/10 sm.poisson.bootstrap\T
1/ptm/m/n/10 , \T1/zi4/m/n/10 sm.options\T1/ptm/m/n/10 , \T1/zi4/m/n/10 sm.rm\T
1/ptm/m/n/10 , \T1/zi4/m/n/10 sm.script\T1/ptm/m/n/10 , \T1/zi4/m/n/10 sm.spher
e\T1/ptm/m/n/10 , \T1/zi4/m/n/10 sm.survival\T1/ptm/m/n/10 ,
[24]
Overfull \hbox (3.448pt too wide) in paragraph at lines 1367--1370
[]\T1/ptm/m/n/10 R ver-sion >= 2.1.0. Pack-ages \T1/zi4/m/n/10 gam \T1/ptm/m/n/
10 and \T1/zi4/m/n/10 akima \T1/ptm/m/n/10 are used by some of the scripts laun
ched via \T1/zi4/m/n/10 sm.script\T1/ptm/m/n/10 ,
[25] (/usr/share/texlive/texmf-dist/tex/latex/base/utf8.def) [26]
(/usr/share/texlive/texmf-dist/tex/latex/base/utf8.def) [27]
(/usr/share/texlive/texmf-dist/tex/latex/base/utf8.def) [28] [29]
(/usr/share/texlive/texmf-dist/tex/latex/inconsolata/ts1zi4.fd)
(/usr/share/texlive/texmf-dist/tex/latex/base/utf8.def) [30]
(/usr/share/texlive/texmf-dist/tex/latex/base/utf8.def) [31] [32]
(/usr/share/texlive/texmf-dist/tex/latex/base/utf8.def) [33]
(/usr/share/texlive/texmf-dist/tex/latex/base/utf8.def) [34] [35] [36]
(/usr/share/texlive/texmf-dist/tex/latex/base/utf8.def)
Overfull \hbox (8.98898pt too wide) in paragraph at lines 2226--2228
[]\T1/ptm/m/n/10 an in-di-ca-tor of whether the re-sponse vari-able is on a \T1
/zi4/m/n/10 "continuous" \T1/ptm/m/n/10 or \T1/zi4/m/n/10 "binomial"
[37]
Overfull \hbox (17.3482pt too wide) in paragraph at lines 2265--2269
[]\T1/ptm/m/n/10 a plot of the curves gen-er-ated by the boot-strap pro-ce-dure
 is pro-duced, un-less the op-tion \T1/zi4/m/n/10 display="none"

Overfull \hbox (31.77779pt too wide) in paragraph at lines 2272--2275
[]\T1/ptm/m/n/10 Bowman, A.W., Jones, M.C. and Gi-j-bels, I. (1998). Test-ing m
ono-tonic-ity of re-gres-sion. \T1/ptm/m/it/10 J.Comp.Graph.Stat.
(/usr/share/texlive/texmf-dist/tex/latex/base/utf8.def) [38] [39]
Overfull \hbox (69.07866pt too wide) in paragraph at lines 2372--2375
\T1/ptm/m/n/10 an rgl dis-play, for re-gres-sion with two co-vari-ates. De-faul
t: \T1/zi4/m/n/10 col.palette=topo.colors(12)\T1/ptm/m/n/10 . 

Overfull \hbox (17.81868pt too wide) in paragraph at lines 2390--2393
[]\T1/ptm/m/n/10 logical flag whi-ich af-fects the be-haviour of \T1/zi4/m/n/10
 sm.script \T1/ptm/m/n/10 and \T1/zi4/m/n/10 provide.data\T1/ptm/m/n/10 .

Overfull \hbox (36.19829pt too wide) in paragraph at lines 2394--2401
[]\T1/ptm/m/n/10 approximate degrees-of-freedom of the smooth-ing pa-ram-e-ter 
used in \T1/zi4/m/n/10 sm.regression\T1/ptm/m/n/10 ,

Overfull \hbox (27.0286pt too wide) in paragraph at lines 2425--2431
\T1/ptm/m/n/10 fomed at points ob-tained by the cross-product of the two column
s of \T1/zi4/m/n/10 eval.points\T1/ptm/m/n/10 .
[40] [41]
Overfull \hbox (25.27824pt too wide) in paragraph at lines 2568--2576
\T1/ptm/m/n/10 tings. The de-fault is \T1/zi4/m/n/10 "scaled"\T1/ptm/m/n/10 , w
hich uses the struc-ture (h*sd(x[,1]), h*sd(x[,2])).
[42] (/usr/share/texlive/texmf-dist/tex/latex/base/utf8.def) [43]
Overfull \hbox (13.04996pt too wide) in paragraph at lines 2700--2701
\T1/ptm/m/n/10 this func-tion are \T1/zi4/m/n/10 display \T1/ptm/m/n/10 (\T1/zi
4/m/n/10 "eigenvalues"\T1/ptm/m/n/10 , \T1/zi4/m/n/10 "eigenvectors"\T1/ptm/m/n
/10 ), \T1/zi4/m/n/10 ngrid \T1/ptm/m/n/10 and \T1/zi4/m/n/10 df\T1/ptm/m/n/10 
. See \T1/zi4/m/n/10 link{sm.options}
[44] [45] (/usr/share/texlive/texmf-dist/tex/latex/base/utf8.def) [46]
Overfull \hbox (19.88994pt too wide) in paragraph at lines 2843--2856
\T1/zi4/m/n/10 eval.points\T1/ptm/m/n/10 , \T1/zi4/m/n/10 nbins\T1/ptm/m/n/10 ,
 \T1/zi4/m/n/10 ngrid\T1/ptm/m/n/10 , \T1/zi4/m/n/10 pch\T1/ptm/m/n/10 , \T1/zi
4/m/n/10 xlab\T1/ptm/m/n/10 , \T1/zi4/m/n/10 ylab\T1/ptm/m/n/10 ; see the doc-u
-men-ta-tion of [][]\T1/zi4/m/n/10 sm.options[][][]
(/usr/share/texlive/texmf-dist/tex/latex/base/utf8.def) [47] [48]
(/usr/share/texlive/texmf-dist/tex/latex/base/utf8.def)
Overfull \hbox (25.6884pt too wide) in paragraph at lines 3015--3017
[]\T1/ptm/m/n/10 a char-ac-ter vari-able which de-fines a ref-er-ence model. Th
e val-ues \T1/zi4/m/n/10 "none"\T1/ptm/m/n/10 , \T1/zi4/m/n/10 "no effect"

Overfull \hbox (9.56934pt too wide) in paragraph at lines 3029--3056
\T1/ptm/m/n/10 vant for this func-tion are the fol-low-ing: \T1/zi4/m/n/10 disp
lay\T1/ptm/m/n/10 , \T1/zi4/m/n/10 hmult\T1/ptm/m/n/10 , \T1/zi4/m/n/10 h.weigh
ts\T1/ptm/m/n/10 , \T1/zi4/m/n/10 poly.index\T1/ptm/m/n/10 ,

Overfull \hbox (30.99092pt too wide) in paragraph at lines 3029--3056
\T1/zi4/m/n/10 hull\T1/ptm/m/n/10 , \T1/zi4/m/n/10 panel\T1/ptm/m/n/10 , \T1/zi
4/m/n/10 panel.plot\T1/ptm/m/n/10 , \T1/zi4/m/n/10 lty\T1/ptm/m/n/10 , \T1/zi4/
m/n/10 col\T1/ptm/m/n/10 , \T1/zi4/m/n/10 col.band\T1/ptm/m/n/10 , \T1/zi4/m/n/
10 col.mesh\T1/ptm/m/n/10 , \T1/zi4/m/n/10 col.points\T1/ptm/m/n/10 , \T1/zi4/m
/n/10 col.palette\T1/ptm/m/n/10 ;
[49] [50]
Overfull \hbox (23.92102pt too wide) in paragraph at lines 3140--3144
[][][]\T1/zi4/m/n/10 hcv[][][]\T1/ptm/m/n/10 , [][]\T1/zi4/m/n/10 sm[][][]\T1/p
tm/m/n/10 , [][]\T1/zi4/m/n/10 sm.ancova[][][]\T1/ptm/m/n/10 , [][]\T1/zi4/m/n/
10 sm.binomial[][][]\T1/ptm/m/n/10 , [][]\T1/zi4/m/n/10 sm.poisson[][][]\T1/ptm
/m/n/10 , [][]\T1/zi4/m/n/10 sm.regression.autocor[][][]\T1/ptm/m/n/10 , [][]\T
1/zi4/m/n/10 sm.survival[][][]\T1/ptm/m/n/10 , [][]\T1/zi4/m/n/10 sm.options[][
][]\T1/ptm/m/n/10 ,
(/usr/share/texlive/texmf-dist/tex/latex/base/utf8.def) [51]
(/usr/share/texlive/texmf-dist/tex/latex/base/utf8.def) [52]
Overfull \hbox (25.29898pt too wide) in paragraph at lines 3325--3328
[]\T1/ptm/m/n/10 poly.index over-all de-gree of locally-fitted poly-no-mial, as
 used by \T1/zi4/m/n/10 sm.regression\T1/ptm/m/n/10 .
[53] (/usr/share/texlive/texmf-dist/tex/latex/base/utf8.def) [54]
(/usr/share/texlive/texmf-dist/tex/latex/base/utf8.def) [55] [56]
(/usr/share/texlive/texmf-dist/tex/latex/base/utf8.def) [57]
(/usr/share/texlive/texmf-dist/tex/latex/base/utf8.def) [58]
(/usr/share/texlive/texmf-dist/tex/latex/base/utf8.def) [59] [60]
(/usr/share/texlive/texmf-dist/tex/latex/base/utf8.def) [61]
(/usr/share/texlive/texmf-dist/tex/latex/base/utf8.def) [62]
(/usr/share/texlive/texmf-dist/tex/latex/base/utf8.def) [63] [64] [65]
Underfull \vbox (badness 10000) has occurred while \output is active [66]
(/usr/share/texlive/texmf-dist/tex/latex/base/utf8.def)
(/usr/share/texlive/texmf-dist/tex/latex/base/utf8.def)
Overfull \vbox (9.17615pt too high) has occurred while \output is active
[67] (/usr/share/texlive/texmf-dist/tex/latex/base/utf8.def)
(/usr/share/texlive/texmf-dist/tex/latex/base/utf8.def)
(/usr/share/texlive/texmf-dist/tex/latex/base/utf8.def) [68]
(/usr/share/texlive/texmf-dist/tex/latex/base/utf8.def)
(/usr/share/texlive/texmf-dist/tex/latex/base/utf8.def)
Overfull \vbox (4.88603pt too high) has occurred while \output is active
[69]
No file Rd2.ind.
[70] (/tmp/RtmpRpieDw/Rd2pdf983961cc36bd/Rd2.aux)

Package rerunfilecheck Warning: File `Rd2.out' has changed.
(rerunfilecheck)                Rerun to get outlines right
(rerunfilecheck)                or use package `bookmark'.

 )
(see the transcript file for additional information)pdfTeX warning (dest): name
{Rfn.optim} has been referenced but does not exist, replaced by a fixed one

pdfTeX warning (dest): name{Rfn.glm} has been referenced but does not exist, re
placed by a fixed one

pdfTeX warning (dest): name{Rfn.attach} has been referenced but does not exist,
 replaced by a fixed one

pdfTeX warning (dest): name{Rfn.data.frame} has been referenced but does not ex
ist, replaced by a fixed one

pdfTeX warning (dest): name{Rfn.faithful} has been referenced but does not exis
t, replaced by a fixed one

pdfTeX warning (dest): name{Rfn.table} has been referenced but does not exist, 
replaced by a fixed one

pdfTeX warning (dest): name{Rfn.cut} has been referenced but does not exist, re
placed by a fixed one

{/usr/share/texlive/texmf-dist/fonts/enc/dvips/inconsolata/i4-ts1.enc}{/usr/sha
re/texlive/texmf-dist/fonts/enc/dvips/base/8r.enc}{/usr/share/texlive/texmf-dis
t/fonts/enc/dvips/inconsolata/i4-t1-0.enc}</usr/share/texlive/texmf-dist/fonts/
type1/public/inconsolata/Inconsolata-zi4r.pfb></usr/share/texlive/texmf-dist/fo
nts/type1/urw/helvetic/uhvr8a.pfb></usr/share/texlive/texmf-dist/fonts/type1/ur
w/times/utmb8a.pfb></usr/share/texlive/texmf-dist/fonts/type1/urw/times/utmr8a.
pfb></usr/share/texlive/texmf-dist/fonts/type1/urw/times/utmr8a.pfb></usr/share
/texlive/texmf-dist/fonts/type1/urw/times/utmri8a.pfb>
Output written on Rd2.pdf (70 pages, 239776 bytes).
Transcript written on Rd2.log.
This is pdfTeX, Version 3.14159265-2.6-1.40.17 (TeX Live 2016/Debian) (preloaded format=pdflatex)
 restricted \write18 enabled.
entering extended mode
LaTeX2e <2017/01/01> patch level 3
Babel <3.9r> and hyphenation patterns for 83 language(s) loaded.
(./Rd2.tex
(/usr/share/texlive/texmf-dist/tex/latex/base/book.cls
Document Class: book 2014/09/29 v1.4h Standard LaTeX document class
(/usr/share/texlive/texmf-dist/tex/latex/base/bk10.clo))
(/home/tomas/cran/rcnst/build/share/texmf/tex/latex/Rd.sty
(/usr/share/texlive/texmf-dist/tex/latex/base/ifthen.sty)
(/usr/share/texlive/texmf-dist/tex/latex/tools/longtable.sty)
(/usr/share/texlive/texmf-dist/tex/latex/tools/bm.sty)
(/usr/share/texlive/texmf-dist/tex/latex/base/alltt.sty)
(/usr/share/texlive/texmf-dist/tex/latex/tools/verbatim.sty)
(/usr/share/texlive/texmf-dist/tex/latex/url/url.sty)
(/usr/share/texlive/texmf-dist/tex/latex/base/textcomp.sty
(/usr/share/texlive/texmf-dist/tex/latex/base/ts1enc.def))
(/usr/share/texlive/texmf-dist/tex/latex/base/fontenc.sty
(/usr/share/texlive/texmf-dist/tex/latex/base/t1enc.def))
(/usr/share/texlive/texmf-dist/tex/latex/psnfss/times.sty)
(/usr/share/texlive/texmf-dist/tex/latex/inconsolata/zi4.sty
`inconsolata-zi4' v1.112, 2017/01/04 Text macros for Inconsolata (msharpe)
(/usr/share/texlive/texmf-dist/tex/latex/xkeyval/xkeyval.sty
(/usr/share/texlive/texmf-dist/tex/generic/xkeyval/xkeyval.tex
(/usr/share/texlive/texmf-dist/tex/generic/xkeyval/xkvutils.tex
(/usr/share/texlive/texmf-dist/tex/generic/xkeyval/keyval.tex)))))
(/usr/share/texlive/texmf-dist/tex/latex/graphics/color.sty
(/usr/share/texlive/texmf-dist/tex/latex/graphics-cfg/color.cfg)
(/usr/share/texlive/texmf-dist/tex/latex/graphics-def/pdftex.def
(/usr/share/texlive/texmf-dist/tex/generic/oberdiek/infwarerr.sty)
(/usr/share/texlive/texmf-dist/tex/generic/oberdiek/ltxcmds.sty)))
(/usr/share/texlive/texmf-dist/tex/latex/hyperref/hyperref.sty
(/usr/share/texlive/texmf-dist/tex/generic/oberdiek/hobsub-hyperref.sty
(/usr/share/texlive/texmf-dist/tex/generic/oberdiek/hobsub-generic.sty))
(/usr/share/texlive/texmf-dist/tex/generic/ifxetex/ifxetex.sty)
(/usr/share/texlive/texmf-dist/tex/latex/oberdiek/auxhook.sty)
(/usr/share/texlive/texmf-dist/tex/latex/oberdiek/kvoptions.sty)
(/usr/share/texlive/texmf-dist/tex/latex/hyperref/pd1enc.def)
(/usr/share/texlive/texmf-dist/tex/latex/latexconfig/hyperref.cfg))

Package hyperref Message: Driver (autodetected): hpdftex.

(/usr/share/texlive/texmf-dist/tex/latex/hyperref/hpdftex.def
(/usr/share/texlive/texmf-dist/tex/latex/oberdiek/rerunfilecheck.sty))

Package hyperref Warning: Option `hyperindex' has already been used,
(hyperref)                setting the option has no effect on input line 366.


Package hyperref Warning: Option `pagebackref' has already been used,
(hyperref)                setting the option has no effect on input line 366.

) (/usr/share/texlive/texmf-dist/tex/latex/base/makeidx.sty)
(/usr/share/texlive/texmf-dist/tex/latex/base/inputenc.sty
(/usr/share/texlive/texmf-dist/tex/latex/base/utf8.def
(/usr/share/texlive/texmf-dist/tex/latex/base/t1enc.dfu)
(/usr/share/texlive/texmf-dist/tex/latex/base/ot1enc.dfu)
(/usr/share/texlive/texmf-dist/tex/latex/base/omsenc.dfu)
(/usr/share/texlive/texmf-dist/tex/latex/base/ts1enc.dfu))
(/usr/share/texlive/texmf-dist/tex/latex/base/latin1.def))
Writing index file Rd2.idx
(/tmp/RtmpRpieDw/Rd2pdf983961cc36bd/Rd2.aux)
(/usr/share/texlive/texmf-dist/tex/latex/base/ts1cmr.fd)
(/usr/share/texlive/texmf-dist/tex/latex/psnfss/t1ptm.fd)
(/usr/share/texlive/texmf-dist/tex/context/base/mkii/supp-pdf.mkii
[Loading MPS to PDF converter (version 2006.09.02).]
) (/usr/share/texlive/texmf-dist/tex/latex/hyperref/nameref.sty
(/usr/share/texlive/texmf-dist/tex/generic/oberdiek/gettitlestring.sty))
(/tmp/RtmpRpieDw/Rd2pdf983961cc36bd/Rd2.out)
(/tmp/RtmpRpieDw/Rd2pdf983961cc36bd/Rd2.out)
(/usr/share/texlive/texmf-dist/tex/latex/inconsolata/t1zi4.fd)
(/usr/share/texlive/texmf-dist/tex/latex/psnfss/ts1ptm.fd)
(/usr/share/texlive/texmf-dist/tex/latex/psnfss/t1phv.fd)
(/tmp/RtmpRpieDw/Rd2pdf983961cc36bd/Rd2.toc [1{/var/lib/texmf/fonts/map/pdftex/
updmap/pdftex.map}] [2]) (/usr/share/texlive/texmf-dist/tex/latex/base/utf8.def
) (/usr/share/texlive/texmf-dist/tex/latex/base/utf8.def)
Overfull \vbox (0.17615pt too high) has occurred while \output is active
[3] (/usr/share/texlive/texmf-dist/tex/latex/base/utf8.def)
Overfull \hbox (3.32986pt too wide) in paragraph at lines 127--132
\T1/ptm/m/n/10 Specif-i-cally, it is used by \T1/zi4/m/n/10 sm.density\T1/ptm/m
/n/10 , \T1/zi4/m/n/10 sm.regression\T1/ptm/m/n/10 , \T1/zi4/m/n/10 sm.ancova\T
1/ptm/m/n/10 , \T1/zi4/m/n/10 sm.binomial \T1/ptm/m/n/10 and \T1/zi4/m/n/10 sm.
poisson\T1/ptm/m/n/10 . 
[4] (/usr/share/texlive/texmf-dist/tex/latex/base/utf8.def)
(/usr/share/texlive/texmf-dist/tex/latex/base/utf8.def) [5]
(/usr/share/texlive/texmf-dist/tex/latex/base/utf8.def)
(/usr/share/texlive/texmf-dist/tex/latex/base/utf8.def)
(/usr/share/texlive/texmf-dist/tex/latex/base/utf8.def) [6]
(/usr/share/texlive/texmf-dist/tex/latex/base/utf8.def)
(/usr/share/texlive/texmf-dist/tex/latex/base/utf8.def)
(/usr/share/texlive/texmf-dist/tex/latex/base/utf8.def) [7]
(/usr/share/texlive/texmf-dist/tex/latex/base/utf8.def)
(/usr/share/texlive/texmf-dist/tex/latex/base/utf8.def) [8]
(/usr/share/texlive/texmf-dist/tex/latex/base/utf8.def) [9] [10]
(/usr/share/texlive/texmf-dist/tex/latex/base/utf8.def) [11]
(/usr/share/texlive/texmf-dist/tex/latex/base/utf8.def) [12]
(/usr/share/texlive/texmf-dist/tex/latex/base/utf8.def) [13]
(/usr/share/texlive/texmf-dist/tex/latex/base/utf8.def) [14]
(/usr/share/texlive/texmf-dist/tex/latex/base/utf8.def)
(/usr/share/texlive/texmf-dist/tex/latex/base/utf8.def) [15]
(/usr/share/texlive/texmf-dist/tex/latex/base/utf8.def)
(/usr/share/texlive/texmf-dist/tex/latex/base/utf8.def) [16] [17]
(/usr/share/texlive/texmf-dist/tex/latex/base/utf8.def) [18]
(/usr/share/texlive/texmf-dist/tex/latex/base/utf8.def)
Overfull \hbox (9.36734pt too wide) in paragraph at lines 964--965
[]\T1/ptm/m/n/10 Cobb, G. (1978). The prob-lem of the Nile: con-di-tional so-lu
-tion to a change-point prob-lem. Biometrika
(/usr/share/texlive/texmf-dist/tex/latex/base/utf8.def) [19]
(/usr/share/texlive/texmf-dist/tex/latex/base/utf8.def) [20]
(/usr/share/texlive/texmf-dist/tex/latex/base/utf8.def) [21]
(/usr/share/texlive/texmf-dist/tex/latex/base/utf8.def)
(/usr/share/texlive/texmf-dist/tex/latex/base/utf8.def)
(/usr/share/texlive/texmf-dist/tex/latex/base/utf8.def) [22]
Overfull \hbox (12.40799pt too wide) in paragraph at lines 1213--1217
[]\T1/ptm/m/n/10 messages are printed on the com-mand win-dow, de-scrib-ing pro
gress of the op-er-a-tion. If \T1/zi4/m/n/10 describe=TRUE
(/usr/share/texlive/texmf-dist/tex/latex/base/utf8.def) [23]
(/usr/share/texlive/texmf-dist/tex/latex/base/utf8.def) [24]
(/usr/share/texlive/texmf-dist/tex/latex/base/utf8.def)
Overfull \hbox (57.2504pt too wide) in paragraph at lines 1349--1356
\T1/ptm/m/n/10 by the user are: \T1/zi4/m/n/10 h.select\T1/ptm/m/n/10 , \T1/zi4
/m/n/10 binning\T1/ptm/m/n/10 , \T1/zi4/m/n/10 sm.ancova\T1/ptm/m/n/10 , \T1/zi
4/m/n/10 sm.autoregression\T1/ptm/m/n/10 , \T1/zi4/m/n/10 sm.binomial\T1/ptm/m/
n/10 , \T1/zi4/m/n/10 sm.binomial.bootstrap\T1/ptm/m/n/10 ,

Overfull \hbox (4.401pt too wide) in paragraph at lines 1349--1356
\T1/zi4/m/n/10 sm.poisson\T1/ptm/m/n/10 , \T1/zi4/m/n/10 sm.poisson.bootstrap\T
1/ptm/m/n/10 , \T1/zi4/m/n/10 sm.options\T1/ptm/m/n/10 , \T1/zi4/m/n/10 sm.rm\T
1/ptm/m/n/10 , \T1/zi4/m/n/10 sm.script\T1/ptm/m/n/10 , \T1/zi4/m/n/10 sm.spher
e\T1/ptm/m/n/10 , \T1/zi4/m/n/10 sm.survival\T1/ptm/m/n/10 ,
[25]
Overfull \hbox (3.448pt too wide) in paragraph at lines 1367--1370
[]\T1/ptm/m/n/10 R ver-sion >= 2.1.0. Pack-ages \T1/zi4/m/n/10 gam \T1/ptm/m/n/
10 and \T1/zi4/m/n/10 akima \T1/ptm/m/n/10 are used by some of the scripts laun
ched via \T1/zi4/m/n/10 sm.script\T1/ptm/m/n/10 ,
[26] (/usr/share/texlive/texmf-dist/tex/latex/base/utf8.def) [27]
(/usr/share/texlive/texmf-dist/tex/latex/base/utf8.def) [28]
(/usr/share/texlive/texmf-dist/tex/latex/base/utf8.def) [29] [30]
(/usr/share/texlive/texmf-dist/tex/latex/inconsolata/ts1zi4.fd)
(/usr/share/texlive/texmf-dist/tex/latex/base/utf8.def) [31]
(/usr/share/texlive/texmf-dist/tex/latex/base/utf8.def) [32] [33]
(/usr/share/texlive/texmf-dist/tex/latex/base/utf8.def) [34]
(/usr/share/texlive/texmf-dist/tex/latex/base/utf8.def) [35] [36] [37]
(/usr/share/texlive/texmf-dist/tex/latex/base/utf8.def)
Overfull \hbox (8.98898pt too wide) in paragraph at lines 2226--2228
[]\T1/ptm/m/n/10 an in-di-ca-tor of whether the re-sponse vari-able is on a \T1
/zi4/m/n/10 "continuous" \T1/ptm/m/n/10 or \T1/zi4/m/n/10 "binomial"
[38]
Overfull \hbox (17.3482pt too wide) in paragraph at lines 2265--2269
[]\T1/ptm/m/n/10 a plot of the curves gen-er-ated by the boot-strap pro-ce-dure
 is pro-duced, un-less the op-tion \T1/zi4/m/n/10 display="none"

Overfull \hbox (31.77779pt too wide) in paragraph at lines 2272--2275
[]\T1/ptm/m/n/10 Bowman, A.W., Jones, M.C. and Gi-j-bels, I. (1998). Test-ing m
ono-tonic-ity of re-gres-sion. \T1/ptm/m/it/10 J.Comp.Graph.Stat.
(/usr/share/texlive/texmf-dist/tex/latex/base/utf8.def) [39] [40]
Overfull \hbox (69.07866pt too wide) in paragraph at lines 2372--2375
\T1/ptm/m/n/10 an rgl dis-play, for re-gres-sion with two co-vari-ates. De-faul
t: \T1/zi4/m/n/10 col.palette=topo.colors(12)\T1/ptm/m/n/10 . 

Overfull \hbox (17.81868pt too wide) in paragraph at lines 2390--2393
[]\T1/ptm/m/n/10 logical flag whi-ich af-fects the be-haviour of \T1/zi4/m/n/10
 sm.script \T1/ptm/m/n/10 and \T1/zi4/m/n/10 provide.data\T1/ptm/m/n/10 .

Overfull \hbox (36.19829pt too wide) in paragraph at lines 2394--2401
[]\T1/ptm/m/n/10 approximate degrees-of-freedom of the smooth-ing pa-ram-e-ter 
used in \T1/zi4/m/n/10 sm.regression\T1/ptm/m/n/10 ,

Overfull \hbox (27.0286pt too wide) in paragraph at lines 2425--2431
\T1/ptm/m/n/10 fomed at points ob-tained by the cross-product of the two column
s of \T1/zi4/m/n/10 eval.points\T1/ptm/m/n/10 .
[41] [42]
Overfull \hbox (25.27824pt too wide) in paragraph at lines 2568--2576
\T1/ptm/m/n/10 tings. The de-fault is \T1/zi4/m/n/10 "scaled"\T1/ptm/m/n/10 , w
hich uses the struc-ture (h*sd(x[,1]), h*sd(x[,2])).
[43] (/usr/share/texlive/texmf-dist/tex/latex/base/utf8.def) [44]
Overfull \hbox (13.04996pt too wide) in paragraph at lines 2700--2701
\T1/ptm/m/n/10 this func-tion are \T1/zi4/m/n/10 display \T1/ptm/m/n/10 (\T1/zi
4/m/n/10 "eigenvalues"\T1/ptm/m/n/10 , \T1/zi4/m/n/10 "eigenvectors"\T1/ptm/m/n
/10 ), \T1/zi4/m/n/10 ngrid \T1/ptm/m/n/10 and \T1/zi4/m/n/10 df\T1/ptm/m/n/10 
. See \T1/zi4/m/n/10 link{sm.options}
[45] [46] (/usr/share/texlive/texmf-dist/tex/latex/base/utf8.def) [47]
Overfull \hbox (19.88994pt too wide) in paragraph at lines 2843--2856
\T1/zi4/m/n/10 eval.points\T1/ptm/m/n/10 , \T1/zi4/m/n/10 nbins\T1/ptm/m/n/10 ,
 \T1/zi4/m/n/10 ngrid\T1/ptm/m/n/10 , \T1/zi4/m/n/10 pch\T1/ptm/m/n/10 , \T1/zi
4/m/n/10 xlab\T1/ptm/m/n/10 , \T1/zi4/m/n/10 ylab\T1/ptm/m/n/10 ; see the doc-u
-men-ta-tion of [][]\T1/zi4/m/n/10 sm.options[][][]
(/usr/share/texlive/texmf-dist/tex/latex/base/utf8.def) [48] [49]
(/usr/share/texlive/texmf-dist/tex/latex/base/utf8.def)
Overfull \hbox (25.6884pt too wide) in paragraph at lines 3015--3017
[]\T1/ptm/m/n/10 a char-ac-ter vari-able which de-fines a ref-er-ence model. Th
e val-ues \T1/zi4/m/n/10 "none"\T1/ptm/m/n/10 , \T1/zi4/m/n/10 "no effect"

Overfull \hbox (9.56934pt too wide) in paragraph at lines 3029--3056
\T1/ptm/m/n/10 vant for this func-tion are the fol-low-ing: \T1/zi4/m/n/10 disp
lay\T1/ptm/m/n/10 , \T1/zi4/m/n/10 hmult\T1/ptm/m/n/10 , \T1/zi4/m/n/10 h.weigh
ts\T1/ptm/m/n/10 , \T1/zi4/m/n/10 poly.index\T1/ptm/m/n/10 ,

Overfull \hbox (30.99092pt too wide) in paragraph at lines 3029--3056
\T1/zi4/m/n/10 hull\T1/ptm/m/n/10 , \T1/zi4/m/n/10 panel\T1/ptm/m/n/10 , \T1/zi
4/m/n/10 panel.plot\T1/ptm/m/n/10 , \T1/zi4/m/n/10 lty\T1/ptm/m/n/10 , \T1/zi4/
m/n/10 col\T1/ptm/m/n/10 , \T1/zi4/m/n/10 col.band\T1/ptm/m/n/10 , \T1/zi4/m/n/
10 col.mesh\T1/ptm/m/n/10 , \T1/zi4/m/n/10 col.points\T1/ptm/m/n/10 , \T1/zi4/m
/n/10 col.palette\T1/ptm/m/n/10 ;
[50] [51]
Overfull \hbox (23.92102pt too wide) in paragraph at lines 3140--3144
[][][]\T1/zi4/m/n/10 hcv[][][]\T1/ptm/m/n/10 , [][]\T1/zi4/m/n/10 sm[][][]\T1/p
tm/m/n/10 , [][]\T1/zi4/m/n/10 sm.ancova[][][]\T1/ptm/m/n/10 , [][]\T1/zi4/m/n/
10 sm.binomial[][][]\T1/ptm/m/n/10 , [][]\T1/zi4/m/n/10 sm.poisson[][][]\T1/ptm
/m/n/10 , [][]\T1/zi4/m/n/10 sm.regression.autocor[][][]\T1/ptm/m/n/10 , [][]\T
1/zi4/m/n/10 sm.survival[][][]\T1/ptm/m/n/10 , [][]\T1/zi4/m/n/10 sm.options[][
][]\T1/ptm/m/n/10 ,
(/usr/share/texlive/texmf-dist/tex/latex/base/utf8.def) [52]
(/usr/share/texlive/texmf-dist/tex/latex/base/utf8.def) [53]
Overfull \hbox (25.29898pt too wide) in paragraph at lines 3325--3328
[]\T1/ptm/m/n/10 poly.index over-all de-gree of locally-fitted poly-no-mial, as
 used by \T1/zi4/m/n/10 sm.regression\T1/ptm/m/n/10 .
[54] (/usr/share/texlive/texmf-dist/tex/latex/base/utf8.def) [55]
(/usr/share/texlive/texmf-dist/tex/latex/base/utf8.def) [56] [57]
(/usr/share/texlive/texmf-dist/tex/latex/base/utf8.def) [58]
(/usr/share/texlive/texmf-dist/tex/latex/base/utf8.def) [59]
(/usr/share/texlive/texmf-dist/tex/latex/base/utf8.def) [60] [61]
(/usr/share/texlive/texmf-dist/tex/latex/base/utf8.def) [62]
(/usr/share/texlive/texmf-dist/tex/latex/base/utf8.def) [63]
(/usr/share/texlive/texmf-dist/tex/latex/base/utf8.def) [64] [65] [66]
Underfull \vbox (badness 10000) has occurred while \output is active [67]
(/usr/share/texlive/texmf-dist/tex/latex/base/utf8.def)
(/usr/share/texlive/texmf-dist/tex/latex/base/utf8.def)
Overfull \vbox (9.17615pt too high) has occurred while \output is active
[68] (/usr/share/texlive/texmf-dist/tex/latex/base/utf8.def)
(/usr/share/texlive/texmf-dist/tex/latex/base/utf8.def)
(/usr/share/texlive/texmf-dist/tex/latex/base/utf8.def) [69]
(/usr/share/texlive/texmf-dist/tex/latex/base/utf8.def)
(/usr/share/texlive/texmf-dist/tex/latex/base/utf8.def)
Overfull \vbox (4.88603pt too high) has occurred while \output is active
[70]
No file Rd2.ind.
[71] (/tmp/RtmpRpieDw/Rd2pdf983961cc36bd/Rd2.aux) )
(see the transcript file for additional information)pdfTeX warning (dest): name
{Rfn.optim} has been referenced but does not exist, replaced by a fixed one

pdfTeX warning (dest): name{Rfn.glm} has been referenced but does not exist, re
placed by a fixed one

pdfTeX warning (dest): name{Rfn.attach} has been referenced but does not exist,
 replaced by a fixed one

pdfTeX warning (dest): name{Rfn.data.frame} has been referenced but does not ex
ist, replaced by a fixed one

pdfTeX warning (dest): name{Rfn.faithful} has been referenced but does not exis
t, replaced by a fixed one

pdfTeX warning (dest): name{Rfn.table} has been referenced but does not exist, 
replaced by a fixed one

pdfTeX warning (dest): name{Rfn.cut} has been referenced but does not exist, re
placed by a fixed one

{/usr/share/texlive/texmf-dist/fonts/enc/dvips/inconsolata/i4-ts1.enc}{/usr/sha
re/texlive/texmf-dist/fonts/enc/dvips/base/8r.enc}{/usr/share/texlive/texmf-dis
t/fonts/enc/dvips/inconsolata/i4-t1-0.enc}</usr/share/texlive/texmf-dist/fonts/
type1/public/inconsolata/Inconsolata-zi4r.pfb></usr/share/texlive/texmf-dist/fo
nts/type1/urw/helvetic/uhvr8a.pfb></usr/share/texlive/texmf-dist/fonts/type1/ur
w/times/utmb8a.pfb></usr/share/texlive/texmf-dist/fonts/type1/urw/times/utmr8a.
pfb></usr/share/texlive/texmf-dist/fonts/type1/urw/times/utmr8a.pfb></usr/share
/texlive/texmf-dist/fonts/type1/urw/times/utmri8a.pfb>
Output written on Rd2.pdf (71 pages, 246424 bytes).
Transcript written on Rd2.log.
This is makeindex, version 2.15 [TeX Live 2016] (kpathsea + Thai support).
Scanning input file Rd2.idx....done (308 entries accepted, 0 rejected).
Sorting entries.....done (2659 comparisons).
Generating output file Rd2.ind....done (333 lines written, 3 warnings).
Output written in Rd2.ind.
Transcript written in Rd2.ilg.
This is pdfTeX, Version 3.14159265-2.6-1.40.17 (TeX Live 2016/Debian) (preloaded format=pdflatex)
 restricted \write18 enabled.
entering extended mode
LaTeX2e <2017/01/01> patch level 3
Babel <3.9r> and hyphenation patterns for 83 language(s) loaded.
(./Rd2.tex
(/usr/share/texlive/texmf-dist/tex/latex/base/book.cls
Document Class: book 2014/09/29 v1.4h Standard LaTeX document class
(/usr/share/texlive/texmf-dist/tex/latex/base/bk10.clo))
(/home/tomas/cran/rcnst/build/share/texmf/tex/latex/Rd.sty
(/usr/share/texlive/texmf-dist/tex/latex/base/ifthen.sty)
(/usr/share/texlive/texmf-dist/tex/latex/tools/longtable.sty)
(/usr/share/texlive/texmf-dist/tex/latex/tools/bm.sty)
(/usr/share/texlive/texmf-dist/tex/latex/base/alltt.sty)
(/usr/share/texlive/texmf-dist/tex/latex/tools/verbatim.sty)
(/usr/share/texlive/texmf-dist/tex/latex/url/url.sty)
(/usr/share/texlive/texmf-dist/tex/latex/base/textcomp.sty
(/usr/share/texlive/texmf-dist/tex/latex/base/ts1enc.def))
(/usr/share/texlive/texmf-dist/tex/latex/base/fontenc.sty
(/usr/share/texlive/texmf-dist/tex/latex/base/t1enc.def))
(/usr/share/texlive/texmf-dist/tex/latex/psnfss/times.sty)
(/usr/share/texlive/texmf-dist/tex/latex/inconsolata/zi4.sty
`inconsolata-zi4' v1.112, 2017/01/04 Text macros for Inconsolata (msharpe)
(/usr/share/texlive/texmf-dist/tex/latex/xkeyval/xkeyval.sty
(/usr/share/texlive/texmf-dist/tex/generic/xkeyval/xkeyval.tex
(/usr/share/texlive/texmf-dist/tex/generic/xkeyval/xkvutils.tex
(/usr/share/texlive/texmf-dist/tex/generic/xkeyval/keyval.tex)))))
(/usr/share/texlive/texmf-dist/tex/latex/graphics/color.sty
(/usr/share/texlive/texmf-dist/tex/latex/graphics-cfg/color.cfg)
(/usr/share/texlive/texmf-dist/tex/latex/graphics-def/pdftex.def
(/usr/share/texlive/texmf-dist/tex/generic/oberdiek/infwarerr.sty)
(/usr/share/texlive/texmf-dist/tex/generic/oberdiek/ltxcmds.sty)))
(/usr/share/texlive/texmf-dist/tex/latex/hyperref/hyperref.sty
(/usr/share/texlive/texmf-dist/tex/generic/oberdiek/hobsub-hyperref.sty
(/usr/share/texlive/texmf-dist/tex/generic/oberdiek/hobsub-generic.sty))
(/usr/share/texlive/texmf-dist/tex/generic/ifxetex/ifxetex.sty)
(/usr/share/texlive/texmf-dist/tex/latex/oberdiek/auxhook.sty)
(/usr/share/texlive/texmf-dist/tex/latex/oberdiek/kvoptions.sty)
(/usr/share/texlive/texmf-dist/tex/latex/hyperref/pd1enc.def)
(/usr/share/texlive/texmf-dist/tex/latex/latexconfig/hyperref.cfg))

Package hyperref Message: Driver (autodetected): hpdftex.

(/usr/share/texlive/texmf-dist/tex/latex/hyperref/hpdftex.def
(/usr/share/texlive/texmf-dist/tex/latex/oberdiek/rerunfilecheck.sty))

Package hyperref Warning: Option `hyperindex' has already been used,
(hyperref)                setting the option has no effect on input line 366.


Package hyperref Warning: Option `pagebackref' has already been used,
(hyperref)                setting the option has no effect on input line 366.

) (/usr/share/texlive/texmf-dist/tex/latex/base/makeidx.sty)
(/usr/share/texlive/texmf-dist/tex/latex/base/inputenc.sty
(/usr/share/texlive/texmf-dist/tex/latex/base/utf8.def
(/usr/share/texlive/texmf-dist/tex/latex/base/t1enc.dfu)
(/usr/share/texlive/texmf-dist/tex/latex/base/ot1enc.dfu)
(/usr/share/texlive/texmf-dist/tex/latex/base/omsenc.dfu)
(/usr/share/texlive/texmf-dist/tex/latex/base/ts1enc.dfu))
(/usr/share/texlive/texmf-dist/tex/latex/base/latin1.def))
Writing index file Rd2.idx
(/tmp/RtmpRpieDw/Rd2pdf983961cc36bd/Rd2.aux)
(/usr/share/texlive/texmf-dist/tex/latex/base/ts1cmr.fd)
(/usr/share/texlive/texmf-dist/tex/latex/psnfss/t1ptm.fd)
(/usr/share/texlive/texmf-dist/tex/context/base/mkii/supp-pdf.mkii
[Loading MPS to PDF converter (version 2006.09.02).]
) (/usr/share/texlive/texmf-dist/tex/latex/hyperref/nameref.sty
(/usr/share/texlive/texmf-dist/tex/generic/oberdiek/gettitlestring.sty))
(/tmp/RtmpRpieDw/Rd2pdf983961cc36bd/Rd2.out)
(/tmp/RtmpRpieDw/Rd2pdf983961cc36bd/Rd2.out)
(/usr/share/texlive/texmf-dist/tex/latex/inconsolata/t1zi4.fd)
(/usr/share/texlive/texmf-dist/tex/latex/psnfss/ts1ptm.fd)
(/usr/share/texlive/texmf-dist/tex/latex/psnfss/t1phv.fd)
(/tmp/RtmpRpieDw/Rd2pdf983961cc36bd/Rd2.toc [1{/var/lib/texmf/fonts/map/pdftex/
updmap/pdftex.map}] [2]) (/usr/share/texlive/texmf-dist/tex/latex/base/utf8.def
) (/usr/share/texlive/texmf-dist/tex/latex/base/utf8.def)
Overfull \vbox (0.17615pt too high) has occurred while \output is active
[3] (/usr/share/texlive/texmf-dist/tex/latex/base/utf8.def)
Overfull \hbox (3.32986pt too wide) in paragraph at lines 127--132
\T1/ptm/m/n/10 Specif-i-cally, it is used by \T1/zi4/m/n/10 sm.density\T1/ptm/m
/n/10 , \T1/zi4/m/n/10 sm.regression\T1/ptm/m/n/10 , \T1/zi4/m/n/10 sm.ancova\T
1/ptm/m/n/10 , \T1/zi4/m/n/10 sm.binomial \T1/ptm/m/n/10 and \T1/zi4/m/n/10 sm.
poisson\T1/ptm/m/n/10 . 
[4] (/usr/share/texlive/texmf-dist/tex/latex/base/utf8.def)
(/usr/share/texlive/texmf-dist/tex/latex/base/utf8.def) [5]
(/usr/share/texlive/texmf-dist/tex/latex/base/utf8.def)
(/usr/share/texlive/texmf-dist/tex/latex/base/utf8.def)
(/usr/share/texlive/texmf-dist/tex/latex/base/utf8.def) [6]
(/usr/share/texlive/texmf-dist/tex/latex/base/utf8.def)
(/usr/share/texlive/texmf-dist/tex/latex/base/utf8.def)
(/usr/share/texlive/texmf-dist/tex/latex/base/utf8.def) [7]
(/usr/share/texlive/texmf-dist/tex/latex/base/utf8.def)
(/usr/share/texlive/texmf-dist/tex/latex/base/utf8.def) [8]
(/usr/share/texlive/texmf-dist/tex/latex/base/utf8.def) [9] [10]
(/usr/share/texlive/texmf-dist/tex/latex/base/utf8.def) [11]
(/usr/share/texlive/texmf-dist/tex/latex/base/utf8.def) [12]
(/usr/share/texlive/texmf-dist/tex/latex/base/utf8.def) [13]
(/usr/share/texlive/texmf-dist/tex/latex/base/utf8.def) [14]
(/usr/share/texlive/texmf-dist/tex/latex/base/utf8.def)
(/usr/share/texlive/texmf-dist/tex/latex/base/utf8.def) [15]
(/usr/share/texlive/texmf-dist/tex/latex/base/utf8.def)
(/usr/share/texlive/texmf-dist/tex/latex/base/utf8.def) [16] [17]
(/usr/share/texlive/texmf-dist/tex/latex/base/utf8.def) [18]
(/usr/share/texlive/texmf-dist/tex/latex/base/utf8.def)
Overfull \hbox (9.36734pt too wide) in paragraph at lines 964--965
[]\T1/ptm/m/n/10 Cobb, G. (1978). The prob-lem of the Nile: con-di-tional so-lu
-tion to a change-point prob-lem. Biometrika
(/usr/share/texlive/texmf-dist/tex/latex/base/utf8.def) [19]
(/usr/share/texlive/texmf-dist/tex/latex/base/utf8.def) [20]
(/usr/share/texlive/texmf-dist/tex/latex/base/utf8.def) [21]
(/usr/share/texlive/texmf-dist/tex/latex/base/utf8.def)
(/usr/share/texlive/texmf-dist/tex/latex/base/utf8.def)
(/usr/share/texlive/texmf-dist/tex/latex/base/utf8.def) [22]
Overfull \hbox (12.40799pt too wide) in paragraph at lines 1213--1217
[]\T1/ptm/m/n/10 messages are printed on the com-mand win-dow, de-scrib-ing pro
gress of the op-er-a-tion. If \T1/zi4/m/n/10 describe=TRUE
(/usr/share/texlive/texmf-dist/tex/latex/base/utf8.def) [23]
(/usr/share/texlive/texmf-dist/tex/latex/base/utf8.def) [24]
(/usr/share/texlive/texmf-dist/tex/latex/base/utf8.def)
Overfull \hbox (57.2504pt too wide) in paragraph at lines 1349--1356
\T1/ptm/m/n/10 by the user are: \T1/zi4/m/n/10 h.select\T1/ptm/m/n/10 , \T1/zi4
/m/n/10 binning\T1/ptm/m/n/10 , \T1/zi4/m/n/10 sm.ancova\T1/ptm/m/n/10 , \T1/zi
4/m/n/10 sm.autoregression\T1/ptm/m/n/10 , \T1/zi4/m/n/10 sm.binomial\T1/ptm/m/
n/10 , \T1/zi4/m/n/10 sm.binomial.bootstrap\T1/ptm/m/n/10 ,

Overfull \hbox (4.401pt too wide) in paragraph at lines 1349--1356
\T1/zi4/m/n/10 sm.poisson\T1/ptm/m/n/10 , \T1/zi4/m/n/10 sm.poisson.bootstrap\T
1/ptm/m/n/10 , \T1/zi4/m/n/10 sm.options\T1/ptm/m/n/10 , \T1/zi4/m/n/10 sm.rm\T
1/ptm/m/n/10 , \T1/zi4/m/n/10 sm.script\T1/ptm/m/n/10 , \T1/zi4/m/n/10 sm.spher
e\T1/ptm/m/n/10 , \T1/zi4/m/n/10 sm.survival\T1/ptm/m/n/10 ,
[25]
Overfull \hbox (3.448pt too wide) in paragraph at lines 1367--1370
[]\T1/ptm/m/n/10 R ver-sion >= 2.1.0. Pack-ages \T1/zi4/m/n/10 gam \T1/ptm/m/n/
10 and \T1/zi4/m/n/10 akima \T1/ptm/m/n/10 are used by some of the scripts laun
ched via \T1/zi4/m/n/10 sm.script\T1/ptm/m/n/10 ,
[26] (/usr/share/texlive/texmf-dist/tex/latex/base/utf8.def) [27]
(/usr/share/texlive/texmf-dist/tex/latex/base/utf8.def) [28]
(/usr/share/texlive/texmf-dist/tex/latex/base/utf8.def) [29] [30]
(/usr/share/texlive/texmf-dist/tex/latex/inconsolata/ts1zi4.fd)
(/usr/share/texlive/texmf-dist/tex/latex/base/utf8.def) [31]
(/usr/share/texlive/texmf-dist/tex/latex/base/utf8.def) [32] [33]
(/usr/share/texlive/texmf-dist/tex/latex/base/utf8.def) [34]
(/usr/share/texlive/texmf-dist/tex/latex/base/utf8.def) [35] [36] [37]
(/usr/share/texlive/texmf-dist/tex/latex/base/utf8.def)
Overfull \hbox (8.98898pt too wide) in paragraph at lines 2226--2228
[]\T1/ptm/m/n/10 an in-di-ca-tor of whether the re-sponse vari-able is on a \T1
/zi4/m/n/10 "continuous" \T1/ptm/m/n/10 or \T1/zi4/m/n/10 "binomial"
[38]
Overfull \hbox (17.3482pt too wide) in paragraph at lines 2265--2269
[]\T1/ptm/m/n/10 a plot of the curves gen-er-ated by the boot-strap pro-ce-dure
 is pro-duced, un-less the op-tion \T1/zi4/m/n/10 display="none"

Overfull \hbox (31.77779pt too wide) in paragraph at lines 2272--2275
[]\T1/ptm/m/n/10 Bowman, A.W., Jones, M.C. and Gi-j-bels, I. (1998). Test-ing m
ono-tonic-ity of re-gres-sion. \T1/ptm/m/it/10 J.Comp.Graph.Stat.
(/usr/share/texlive/texmf-dist/tex/latex/base/utf8.def) [39] [40]
Overfull \hbox (69.07866pt too wide) in paragraph at lines 2372--2375
\T1/ptm/m/n/10 an rgl dis-play, for re-gres-sion with two co-vari-ates. De-faul
t: \T1/zi4/m/n/10 col.palette=topo.colors(12)\T1/ptm/m/n/10 . 

Overfull \hbox (17.81868pt too wide) in paragraph at lines 2390--2393
[]\T1/ptm/m/n/10 logical flag whi-ich af-fects the be-haviour of \T1/zi4/m/n/10
 sm.script \T1/ptm/m/n/10 and \T1/zi4/m/n/10 provide.data\T1/ptm/m/n/10 .

Overfull \hbox (36.19829pt too wide) in paragraph at lines 2394--2401
[]\T1/ptm/m/n/10 approximate degrees-of-freedom of the smooth-ing pa-ram-e-ter 
used in \T1/zi4/m/n/10 sm.regression\T1/ptm/m/n/10 ,

Overfull \hbox (27.0286pt too wide) in paragraph at lines 2425--2431
\T1/ptm/m/n/10 fomed at points ob-tained by the cross-product of the two column
s of \T1/zi4/m/n/10 eval.points\T1/ptm/m/n/10 .
[41] [42]
Overfull \hbox (25.27824pt too wide) in paragraph at lines 2568--2576
\T1/ptm/m/n/10 tings. The de-fault is \T1/zi4/m/n/10 "scaled"\T1/ptm/m/n/10 , w
hich uses the struc-ture (h*sd(x[,1]), h*sd(x[,2])).
[43] (/usr/share/texlive/texmf-dist/tex/latex/base/utf8.def) [44]
Overfull \hbox (13.04996pt too wide) in paragraph at lines 2700--2701
\T1/ptm/m/n/10 this func-tion are \T1/zi4/m/n/10 display \T1/ptm/m/n/10 (\T1/zi
4/m/n/10 "eigenvalues"\T1/ptm/m/n/10 , \T1/zi4/m/n/10 "eigenvectors"\T1/ptm/m/n
/10 ), \T1/zi4/m/n/10 ngrid \T1/ptm/m/n/10 and \T1/zi4/m/n/10 df\T1/ptm/m/n/10 
. See \T1/zi4/m/n/10 link{sm.options}
[45] [46] (/usr/share/texlive/texmf-dist/tex/latex/base/utf8.def) [47]
Overfull \hbox (19.88994pt too wide) in paragraph at lines 2843--2856
\T1/zi4/m/n/10 eval.points\T1/ptm/m/n/10 , \T1/zi4/m/n/10 nbins\T1/ptm/m/n/10 ,
 \T1/zi4/m/n/10 ngrid\T1/ptm/m/n/10 , \T1/zi4/m/n/10 pch\T1/ptm/m/n/10 , \T1/zi
4/m/n/10 xlab\T1/ptm/m/n/10 , \T1/zi4/m/n/10 ylab\T1/ptm/m/n/10 ; see the doc-u
-men-ta-tion of [][]\T1/zi4/m/n/10 sm.options[][][]
(/usr/share/texlive/texmf-dist/tex/latex/base/utf8.def) [48] [49]
(/usr/share/texlive/texmf-dist/tex/latex/base/utf8.def)
Overfull \hbox (25.6884pt too wide) in paragraph at lines 3015--3017
[]\T1/ptm/m/n/10 a char-ac-ter vari-able which de-fines a ref-er-ence model. Th
e val-ues \T1/zi4/m/n/10 "none"\T1/ptm/m/n/10 , \T1/zi4/m/n/10 "no effect"

Overfull \hbox (9.56934pt too wide) in paragraph at lines 3029--3056
\T1/ptm/m/n/10 vant for this func-tion are the fol-low-ing: \T1/zi4/m/n/10 disp
lay\T1/ptm/m/n/10 , \T1/zi4/m/n/10 hmult\T1/ptm/m/n/10 , \T1/zi4/m/n/10 h.weigh
ts\T1/ptm/m/n/10 , \T1/zi4/m/n/10 poly.index\T1/ptm/m/n/10 ,

Overfull \hbox (30.99092pt too wide) in paragraph at lines 3029--3056
\T1/zi4/m/n/10 hull\T1/ptm/m/n/10 , \T1/zi4/m/n/10 panel\T1/ptm/m/n/10 , \T1/zi
4/m/n/10 panel.plot\T1/ptm/m/n/10 , \T1/zi4/m/n/10 lty\T1/ptm/m/n/10 , \T1/zi4/
m/n/10 col\T1/ptm/m/n/10 , \T1/zi4/m/n/10 col.band\T1/ptm/m/n/10 , \T1/zi4/m/n/
10 col.mesh\T1/ptm/m/n/10 , \T1/zi4/m/n/10 col.points\T1/ptm/m/n/10 , \T1/zi4/m
/n/10 col.palette\T1/ptm/m/n/10 ;
[50] [51]
Overfull \hbox (23.92102pt too wide) in paragraph at lines 3140--3144
[][][]\T1/zi4/m/n/10 hcv[][][]\T1/ptm/m/n/10 , [][]\T1/zi4/m/n/10 sm[][][]\T1/p
tm/m/n/10 , [][]\T1/zi4/m/n/10 sm.ancova[][][]\T1/ptm/m/n/10 , [][]\T1/zi4/m/n/
10 sm.binomial[][][]\T1/ptm/m/n/10 , [][]\T1/zi4/m/n/10 sm.poisson[][][]\T1/ptm
/m/n/10 , [][]\T1/zi4/m/n/10 sm.regression.autocor[][][]\T1/ptm/m/n/10 , [][]\T
1/zi4/m/n/10 sm.survival[][][]\T1/ptm/m/n/10 , [][]\T1/zi4/m/n/10 sm.options[][
][]\T1/ptm/m/n/10 ,
(/usr/share/texlive/texmf-dist/tex/latex/base/utf8.def) [52]
(/usr/share/texlive/texmf-dist/tex/latex/base/utf8.def) [53]
Overfull \hbox (25.29898pt too wide) in paragraph at lines 3325--3328
[]\T1/ptm/m/n/10 poly.index over-all de-gree of locally-fitted poly-no-mial, as
 used by \T1/zi4/m/n/10 sm.regression\T1/ptm/m/n/10 .
[54] (/usr/share/texlive/texmf-dist/tex/latex/base/utf8.def) [55]
(/usr/share/texlive/texmf-dist/tex/latex/base/utf8.def) [56] [57]
(/usr/share/texlive/texmf-dist/tex/latex/base/utf8.def) [58]
(/usr/share/texlive/texmf-dist/tex/latex/base/utf8.def) [59]
(/usr/share/texlive/texmf-dist/tex/latex/base/utf8.def) [60] [61]
(/usr/share/texlive/texmf-dist/tex/latex/base/utf8.def) [62]
(/usr/share/texlive/texmf-dist/tex/latex/base/utf8.def) [63]
(/usr/share/texlive/texmf-dist/tex/latex/base/utf8.def) [64] [65] [66]
Underfull \vbox (badness 10000) has occurred while \output is active [67]
(/usr/share/texlive/texmf-dist/tex/latex/base/utf8.def)
(/usr/share/texlive/texmf-dist/tex/latex/base/utf8.def)
Overfull \vbox (9.17615pt too high) has occurred while \output is active
[68] (/usr/share/texlive/texmf-dist/tex/latex/base/utf8.def)
(/usr/share/texlive/texmf-dist/tex/latex/base/utf8.def)
(/usr/share/texlive/texmf-dist/tex/latex/base/utf8.def) [69]
(/usr/share/texlive/texmf-dist/tex/latex/base/utf8.def)
(/usr/share/texlive/texmf-dist/tex/latex/base/utf8.def)
Overfull \vbox (4.88603pt too high) has occurred while \output is active
[70] (/tmp/RtmpRpieDw/Rd2pdf983961cc36bd/Rd2.ind [71] [72] [73] [74])
(/tmp/RtmpRpieDw/Rd2pdf983961cc36bd/Rd2.aux)

Package rerunfilecheck Warning: File `Rd2.out' has changed.
(rerunfilecheck)                Rerun to get outlines right
(rerunfilecheck)                or use package `bookmark'.

 )
(see the transcript file for additional information)pdfTeX warning (dest): name
{Rfn.optim} has been referenced but does not exist, replaced by a fixed one

pdfTeX warning (dest): name{Rfn.glm} has been referenced but does not exist, re
placed by a fixed one

pdfTeX warning (dest): name{Rfn.attach} has been referenced but does not exist,
 replaced by a fixed one

pdfTeX warning (dest): name{Rfn.data.frame} has been referenced but does not ex
ist, replaced by a fixed one

pdfTeX warning (dest): name{Rfn.faithful} has been referenced but does not exis
t, replaced by a fixed one

pdfTeX warning (dest): name{Rfn.table} has been referenced but does not exist, 
replaced by a fixed one

pdfTeX warning (dest): name{Rfn.cut} has been referenced but does not exist, re
placed by a fixed one

{/usr/share/texlive/texmf-dist/fonts/enc/dvips/inconsolata/i4-ts1.enc}{/usr/sha
re/texlive/texmf-dist/fonts/enc/dvips/base/8r.enc}{/usr/share/texlive/texmf-dis
t/fonts/enc/dvips/inconsolata/i4-t1-0.enc}</usr/share/texlive/texmf-dist/fonts/
type1/public/inconsolata/Inconsolata-zi4r.pfb></usr/share/texlive/texmf-dist/fo
nts/type1/public/amsfonts/cm/cmsy10.pfb></usr/share/texlive/texmf-dist/fonts/ty
pe1/urw/helvetic/uhvr8a.pfb></usr/share/texlive/texmf-dist/fonts/type1/urw/time
s/utmb8a.pfb></usr/share/texlive/texmf-dist/fonts/type1/urw/times/utmr8a.pfb></
usr/share/texlive/texmf-dist/fonts/type1/urw/times/utmr8a.pfb></usr/share/texli
ve/texmf-dist/fonts/type1/urw/times/utmri8a.pfb>
Output written on Rd2.pdf (74 pages, 268982 bytes).
Transcript written on Rd2.log.
This is makeindex, version 2.15 [TeX Live 2016] (kpathsea + Thai support).
Scanning input file Rd2.idx....done (308 entries accepted, 0 rejected).
Sorting entries.....done (2659 comparisons).
Generating output file Rd2.ind....done (333 lines written, 3 warnings).
Output written in Rd2.ind.
Transcript written in Rd2.ilg.
This is pdfTeX, Version 3.14159265-2.6-1.40.17 (TeX Live 2016/Debian) (preloaded format=pdflatex)
 restricted \write18 enabled.
entering extended mode
LaTeX2e <2017/01/01> patch level 3
Babel <3.9r> and hyphenation patterns for 83 language(s) loaded.
(./Rd2.tex
(/usr/share/texlive/texmf-dist/tex/latex/base/book.cls
Document Class: book 2014/09/29 v1.4h Standard LaTeX document class
(/usr/share/texlive/texmf-dist/tex/latex/base/bk10.clo))
(/home/tomas/cran/rcnst/build/share/texmf/tex/latex/Rd.sty
(/usr/share/texlive/texmf-dist/tex/latex/base/ifthen.sty)
(/usr/share/texlive/texmf-dist/tex/latex/tools/longtable.sty)
(/usr/share/texlive/texmf-dist/tex/latex/tools/bm.sty)
(/usr/share/texlive/texmf-dist/tex/latex/base/alltt.sty)
(/usr/share/texlive/texmf-dist/tex/latex/tools/verbatim.sty)
(/usr/share/texlive/texmf-dist/tex/latex/url/url.sty)
(/usr/share/texlive/texmf-dist/tex/latex/base/textcomp.sty
(/usr/share/texlive/texmf-dist/tex/latex/base/ts1enc.def))
(/usr/share/texlive/texmf-dist/tex/latex/base/fontenc.sty
(/usr/share/texlive/texmf-dist/tex/latex/base/t1enc.def))
(/usr/share/texlive/texmf-dist/tex/latex/psnfss/times.sty)
(/usr/share/texlive/texmf-dist/tex/latex/inconsolata/zi4.sty
`inconsolata-zi4' v1.112, 2017/01/04 Text macros for Inconsolata (msharpe)
(/usr/share/texlive/texmf-dist/tex/latex/xkeyval/xkeyval.sty
(/usr/share/texlive/texmf-dist/tex/generic/xkeyval/xkeyval.tex
(/usr/share/texlive/texmf-dist/tex/generic/xkeyval/xkvutils.tex
(/usr/share/texlive/texmf-dist/tex/generic/xkeyval/keyval.tex)))))
(/usr/share/texlive/texmf-dist/tex/latex/graphics/color.sty
(/usr/share/texlive/texmf-dist/tex/latex/graphics-cfg/color.cfg)
(/usr/share/texlive/texmf-dist/tex/latex/graphics-def/pdftex.def
(/usr/share/texlive/texmf-dist/tex/generic/oberdiek/infwarerr.sty)
(/usr/share/texlive/texmf-dist/tex/generic/oberdiek/ltxcmds.sty)))
(/usr/share/texlive/texmf-dist/tex/latex/hyperref/hyperref.sty
(/usr/share/texlive/texmf-dist/tex/generic/oberdiek/hobsub-hyperref.sty
(/usr/share/texlive/texmf-dist/tex/generic/oberdiek/hobsub-generic.sty))
(/usr/share/texlive/texmf-dist/tex/generic/ifxetex/ifxetex.sty)
(/usr/share/texlive/texmf-dist/tex/latex/oberdiek/auxhook.sty)
(/usr/share/texlive/texmf-dist/tex/latex/oberdiek/kvoptions.sty)
(/usr/share/texlive/texmf-dist/tex/latex/hyperref/pd1enc.def)
(/usr/share/texlive/texmf-dist/tex/latex/latexconfig/hyperref.cfg))

Package hyperref Message: Driver (autodetected): hpdftex.

(/usr/share/texlive/texmf-dist/tex/latex/hyperref/hpdftex.def
(/usr/share/texlive/texmf-dist/tex/latex/oberdiek/rerunfilecheck.sty))

Package hyperref Warning: Option `hyperindex' has already been used,
(hyperref)                setting the option has no effect on input line 366.


Package hyperref Warning: Option `pagebackref' has already been used,
(hyperref)                setting the option has no effect on input line 366.

) (/usr/share/texlive/texmf-dist/tex/latex/base/makeidx.sty)
(/usr/share/texlive/texmf-dist/tex/latex/base/inputenc.sty
(/usr/share/texlive/texmf-dist/tex/latex/base/utf8.def
(/usr/share/texlive/texmf-dist/tex/latex/base/t1enc.dfu)
(/usr/share/texlive/texmf-dist/tex/latex/base/ot1enc.dfu)
(/usr/share/texlive/texmf-dist/tex/latex/base/omsenc.dfu)
(/usr/share/texlive/texmf-dist/tex/latex/base/ts1enc.dfu))
(/usr/share/texlive/texmf-dist/tex/latex/base/latin1.def))
Writing index file Rd2.idx
(/tmp/RtmpRpieDw/Rd2pdf983961cc36bd/Rd2.aux)
(/usr/share/texlive/texmf-dist/tex/latex/base/ts1cmr.fd)
(/usr/share/texlive/texmf-dist/tex/latex/psnfss/t1ptm.fd)
(/usr/share/texlive/texmf-dist/tex/context/base/mkii/supp-pdf.mkii
[Loading MPS to PDF converter (version 2006.09.02).]
) (/usr/share/texlive/texmf-dist/tex/latex/hyperref/nameref.sty
(/usr/share/texlive/texmf-dist/tex/generic/oberdiek/gettitlestring.sty))
(/tmp/RtmpRpieDw/Rd2pdf983961cc36bd/Rd2.out)
(/tmp/RtmpRpieDw/Rd2pdf983961cc36bd/Rd2.out)
(/usr/share/texlive/texmf-dist/tex/latex/inconsolata/t1zi4.fd)
(/usr/share/texlive/texmf-dist/tex/latex/psnfss/ts1ptm.fd)
(/usr/share/texlive/texmf-dist/tex/latex/psnfss/t1phv.fd)
(/tmp/RtmpRpieDw/Rd2pdf983961cc36bd/Rd2.toc [1{/var/lib/texmf/fonts/map/pdftex/
updmap/pdftex.map}] [2]) (/usr/share/texlive/texmf-dist/tex/latex/base/utf8.def
) (/usr/share/texlive/texmf-dist/tex/latex/base/utf8.def)
Overfull \vbox (22.17615pt too high) has occurred while \output is active
[3] (/usr/share/texlive/texmf-dist/tex/latex/base/utf8.def)
Overfull \hbox (3.32986pt too wide) in paragraph at lines 127--132
\T1/ptm/m/n/10 Specif-i-cally, it is used by \T1/zi4/m/n/10 sm.density\T1/ptm/m
/n/10 , \T1/zi4/m/n/10 sm.regression\T1/ptm/m/n/10 , \T1/zi4/m/n/10 sm.ancova\T
1/ptm/m/n/10 , \T1/zi4/m/n/10 sm.binomial \T1/ptm/m/n/10 and \T1/zi4/m/n/10 sm.
poisson\T1/ptm/m/n/10 . 
[4] (/usr/share/texlive/texmf-dist/tex/latex/base/utf8.def)
(/usr/share/texlive/texmf-dist/tex/latex/base/utf8.def) [5]
(/usr/share/texlive/texmf-dist/tex/latex/base/utf8.def)
(/usr/share/texlive/texmf-dist/tex/latex/base/utf8.def)
(/usr/share/texlive/texmf-dist/tex/latex/base/utf8.def) [6]
(/usr/share/texlive/texmf-dist/tex/latex/base/utf8.def)
(/usr/share/texlive/texmf-dist/tex/latex/base/utf8.def)
(/usr/share/texlive/texmf-dist/tex/latex/base/utf8.def) [7]
(/usr/share/texlive/texmf-dist/tex/latex/base/utf8.def)
(/usr/share/texlive/texmf-dist/tex/latex/base/utf8.def) [8]
(/usr/share/texlive/texmf-dist/tex/latex/base/utf8.def) [9] [10]
(/usr/share/texlive/texmf-dist/tex/latex/base/utf8.def) [11]
(/usr/share/texlive/texmf-dist/tex/latex/base/utf8.def) [12]
(/usr/share/texlive/texmf-dist/tex/latex/base/utf8.def) [13]
(/usr/share/texlive/texmf-dist/tex/latex/base/utf8.def) [14]
(/usr/share/texlive/texmf-dist/tex/latex/base/utf8.def)
(/usr/share/texlive/texmf-dist/tex/latex/base/utf8.def) [15]
(/usr/share/texlive/texmf-dist/tex/latex/base/utf8.def)
(/usr/share/texlive/texmf-dist/tex/latex/base/utf8.def) [16] [17]
(/usr/share/texlive/texmf-dist/tex/latex/base/utf8.def) [18]
(/usr/share/texlive/texmf-dist/tex/latex/base/utf8.def)
Overfull \hbox (9.36734pt too wide) in paragraph at lines 964--965
[]\T1/ptm/m/n/10 Cobb, G. (1978). The prob-lem of the Nile: con-di-tional so-lu
-tion to a change-point prob-lem. Biometrika
(/usr/share/texlive/texmf-dist/tex/latex/base/utf8.def) [19]
(/usr/share/texlive/texmf-dist/tex/latex/base/utf8.def) [20]
(/usr/share/texlive/texmf-dist/tex/latex/base/utf8.def) [21]
(/usr/share/texlive/texmf-dist/tex/latex/base/utf8.def)
(/usr/share/texlive/texmf-dist/tex/latex/base/utf8.def)
(/usr/share/texlive/texmf-dist/tex/latex/base/utf8.def) [22]
Overfull \hbox (12.40799pt too wide) in paragraph at lines 1213--1217
[]\T1/ptm/m/n/10 messages are printed on the com-mand win-dow, de-scrib-ing pro
gress of the op-er-a-tion. If \T1/zi4/m/n/10 describe=TRUE
(/usr/share/texlive/texmf-dist/tex/latex/base/utf8.def) [23]
(/usr/share/texlive/texmf-dist/tex/latex/base/utf8.def) [24]
(/usr/share/texlive/texmf-dist/tex/latex/base/utf8.def)
Overfull \hbox (57.2504pt too wide) in paragraph at lines 1349--1356
\T1/ptm/m/n/10 by the user are: \T1/zi4/m/n/10 h.select\T1/ptm/m/n/10 , \T1/zi4
/m/n/10 binning\T1/ptm/m/n/10 , \T1/zi4/m/n/10 sm.ancova\T1/ptm/m/n/10 , \T1/zi
4/m/n/10 sm.autoregression\T1/ptm/m/n/10 , \T1/zi4/m/n/10 sm.binomial\T1/ptm/m/
n/10 , \T1/zi4/m/n/10 sm.binomial.bootstrap\T1/ptm/m/n/10 ,

Overfull \hbox (4.401pt too wide) in paragraph at lines 1349--1356
\T1/zi4/m/n/10 sm.poisson\T1/ptm/m/n/10 , \T1/zi4/m/n/10 sm.poisson.bootstrap\T
1/ptm/m/n/10 , \T1/zi4/m/n/10 sm.options\T1/ptm/m/n/10 , \T1/zi4/m/n/10 sm.rm\T
1/ptm/m/n/10 , \T1/zi4/m/n/10 sm.script\T1/ptm/m/n/10 , \T1/zi4/m/n/10 sm.spher
e\T1/ptm/m/n/10 , \T1/zi4/m/n/10 sm.survival\T1/ptm/m/n/10 ,
[25]
Overfull \hbox (3.448pt too wide) in paragraph at lines 1367--1370
[]\T1/ptm/m/n/10 R ver-sion >= 2.1.0. Pack-ages \T1/zi4/m/n/10 gam \T1/ptm/m/n/
10 and \T1/zi4/m/n/10 akima \T1/ptm/m/n/10 are used by some of the scripts laun
ched via \T1/zi4/m/n/10 sm.script\T1/ptm/m/n/10 ,
[26] (/usr/share/texlive/texmf-dist/tex/latex/base/utf8.def) [27]
(/usr/share/texlive/texmf-dist/tex/latex/base/utf8.def) [28]
(/usr/share/texlive/texmf-dist/tex/latex/base/utf8.def) [29] [30]
(/usr/share/texlive/texmf-dist/tex/latex/inconsolata/ts1zi4.fd)
(/usr/share/texlive/texmf-dist/tex/latex/base/utf8.def) [31]
(/usr/share/texlive/texmf-dist/tex/latex/base/utf8.def) [32] [33]
(/usr/share/texlive/texmf-dist/tex/latex/base/utf8.def) [34]
(/usr/share/texlive/texmf-dist/tex/latex/base/utf8.def) [35] [36] [37]
(/usr/share/texlive/texmf-dist/tex/latex/base/utf8.def)
Overfull \hbox (8.98898pt too wide) in paragraph at lines 2226--2228
[]\T1/ptm/m/n/10 an in-di-ca-tor of whether the re-sponse vari-able is on a \T1
/zi4/m/n/10 "continuous" \T1/ptm/m/n/10 or \T1/zi4/m/n/10 "binomial"
[38]
Overfull \hbox (17.3482pt too wide) in paragraph at lines 2265--2269
[]\T1/ptm/m/n/10 a plot of the curves gen-er-ated by the boot-strap pro-ce-dure
 is pro-duced, un-less the op-tion \T1/zi4/m/n/10 display="none"

Overfull \hbox (31.77779pt too wide) in paragraph at lines 2272--2275
[]\T1/ptm/m/n/10 Bowman, A.W., Jones, M.C. and Gi-j-bels, I. (1998). Test-ing m
ono-tonic-ity of re-gres-sion. \T1/ptm/m/it/10 J.Comp.Graph.Stat.
(/usr/share/texlive/texmf-dist/tex/latex/base/utf8.def) [39] [40]
Overfull \hbox (69.07866pt too wide) in paragraph at lines 2372--2375
\T1/ptm/m/n/10 an rgl dis-play, for re-gres-sion with two co-vari-ates. De-faul
t: \T1/zi4/m/n/10 col.palette=topo.colors(12)\T1/ptm/m/n/10 . 

Overfull \hbox (17.81868pt too wide) in paragraph at lines 2390--2393
[]\T1/ptm/m/n/10 logical flag whi-ich af-fects the be-haviour of \T1/zi4/m/n/10
 sm.script \T1/ptm/m/n/10 and \T1/zi4/m/n/10 provide.data\T1/ptm/m/n/10 .

Overfull \hbox (36.19829pt too wide) in paragraph at lines 2394--2401
[]\T1/ptm/m/n/10 approximate degrees-of-freedom of the smooth-ing pa-ram-e-ter 
used in \T1/zi4/m/n/10 sm.regression\T1/ptm/m/n/10 ,

Overfull \hbox (27.0286pt too wide) in paragraph at lines 2425--2431
\T1/ptm/m/n/10 fomed at points ob-tained by the cross-product of the two column
s of \T1/zi4/m/n/10 eval.points\T1/ptm/m/n/10 .
[41] [42]
Overfull \hbox (25.27824pt too wide) in paragraph at lines 2568--2576
\T1/ptm/m/n/10 tings. The de-fault is \T1/zi4/m/n/10 "scaled"\T1/ptm/m/n/10 , w
hich uses the struc-ture (h*sd(x[,1]), h*sd(x[,2])).
[43] (/usr/share/texlive/texmf-dist/tex/latex/base/utf8.def) [44]
Overfull \hbox (13.04996pt too wide) in paragraph at lines 2700--2701
\T1/ptm/m/n/10 this func-tion are \T1/zi4/m/n/10 display \T1/ptm/m/n/10 (\T1/zi
4/m/n/10 "eigenvalues"\T1/ptm/m/n/10 , \T1/zi4/m/n/10 "eigenvectors"\T1/ptm/m/n
/10 ), \T1/zi4/m/n/10 ngrid \T1/ptm/m/n/10 and \T1/zi4/m/n/10 df\T1/ptm/m/n/10 
. See \T1/zi4/m/n/10 link{sm.options}
[45] [46] (/usr/share/texlive/texmf-dist/tex/latex/base/utf8.def) [47]
Overfull \hbox (19.88994pt too wide) in paragraph at lines 2843--2856
\T1/zi4/m/n/10 eval.points\T1/ptm/m/n/10 , \T1/zi4/m/n/10 nbins\T1/ptm/m/n/10 ,
 \T1/zi4/m/n/10 ngrid\T1/ptm/m/n/10 , \T1/zi4/m/n/10 pch\T1/ptm/m/n/10 , \T1/zi
4/m/n/10 xlab\T1/ptm/m/n/10 , \T1/zi4/m/n/10 ylab\T1/ptm/m/n/10 ; see the doc-u
-men-ta-tion of [][]\T1/zi4/m/n/10 sm.options[][][]
(/usr/share/texlive/texmf-dist/tex/latex/base/utf8.def) [48] [49]
(/usr/share/texlive/texmf-dist/tex/latex/base/utf8.def)
Overfull \hbox (25.6884pt too wide) in paragraph at lines 3015--3017
[]\T1/ptm/m/n/10 a char-ac-ter vari-able which de-fines a ref-er-ence model. Th
e val-ues \T1/zi4/m/n/10 "none"\T1/ptm/m/n/10 , \T1/zi4/m/n/10 "no effect"

Overfull \hbox (9.56934pt too wide) in paragraph at lines 3029--3056
\T1/ptm/m/n/10 vant for this func-tion are the fol-low-ing: \T1/zi4/m/n/10 disp
lay\T1/ptm/m/n/10 , \T1/zi4/m/n/10 hmult\T1/ptm/m/n/10 , \T1/zi4/m/n/10 h.weigh
ts\T1/ptm/m/n/10 , \T1/zi4/m/n/10 poly.index\T1/ptm/m/n/10 ,

Overfull \hbox (30.99092pt too wide) in paragraph at lines 3029--3056
\T1/zi4/m/n/10 hull\T1/ptm/m/n/10 , \T1/zi4/m/n/10 panel\T1/ptm/m/n/10 , \T1/zi
4/m/n/10 panel.plot\T1/ptm/m/n/10 , \T1/zi4/m/n/10 lty\T1/ptm/m/n/10 , \T1/zi4/
m/n/10 col\T1/ptm/m/n/10 , \T1/zi4/m/n/10 col.band\T1/ptm/m/n/10 , \T1/zi4/m/n/
10 col.mesh\T1/ptm/m/n/10 , \T1/zi4/m/n/10 col.points\T1/ptm/m/n/10 , \T1/zi4/m
/n/10 col.palette\T1/ptm/m/n/10 ;
[50] [51]
Overfull \hbox (23.92102pt too wide) in paragraph at lines 3140--3144
[][][]\T1/zi4/m/n/10 hcv[][][]\T1/ptm/m/n/10 , [][]\T1/zi4/m/n/10 sm[][][]\T1/p
tm/m/n/10 , [][]\T1/zi4/m/n/10 sm.ancova[][][]\T1/ptm/m/n/10 , [][]\T1/zi4/m/n/
10 sm.binomial[][][]\T1/ptm/m/n/10 , [][]\T1/zi4/m/n/10 sm.poisson[][][]\T1/ptm
/m/n/10 , [][]\T1/zi4/m/n/10 sm.regression.autocor[][][]\T1/ptm/m/n/10 , [][]\T
1/zi4/m/n/10 sm.survival[][][]\T1/ptm/m/n/10 , [][]\T1/zi4/m/n/10 sm.options[][
][]\T1/ptm/m/n/10 ,
(/usr/share/texlive/texmf-dist/tex/latex/base/utf8.def) [52]
(/usr/share/texlive/texmf-dist/tex/latex/base/utf8.def) [53]
Overfull \hbox (25.29898pt too wide) in paragraph at lines 3325--3328
[]\T1/ptm/m/n/10 poly.index over-all de-gree of locally-fitted poly-no-mial, as
 used by \T1/zi4/m/n/10 sm.regression\T1/ptm/m/n/10 .
[54] (/usr/share/texlive/texmf-dist/tex/latex/base/utf8.def) [55]
(/usr/share/texlive/texmf-dist/tex/latex/base/utf8.def) [56] [57]
(/usr/share/texlive/texmf-dist/tex/latex/base/utf8.def) [58]
(/usr/share/texlive/texmf-dist/tex/latex/base/utf8.def) [59]
(/usr/share/texlive/texmf-dist/tex/latex/base/utf8.def) [60] [61]
(/usr/share/texlive/texmf-dist/tex/latex/base/utf8.def) [62]
(/usr/share/texlive/texmf-dist/tex/latex/base/utf8.def) [63]
(/usr/share/texlive/texmf-dist/tex/latex/base/utf8.def) [64] [65] [66]
Underfull \vbox (badness 10000) has occurred while \output is active [67]
(/usr/share/texlive/texmf-dist/tex/latex/base/utf8.def)
(/usr/share/texlive/texmf-dist/tex/latex/base/utf8.def)
Overfull \vbox (9.17615pt too high) has occurred while \output is active
[68] (/usr/share/texlive/texmf-dist/tex/latex/base/utf8.def)
(/usr/share/texlive/texmf-dist/tex/latex/base/utf8.def)
(/usr/share/texlive/texmf-dist/tex/latex/base/utf8.def) [69]
(/usr/share/texlive/texmf-dist/tex/latex/base/utf8.def)
(/usr/share/texlive/texmf-dist/tex/latex/base/utf8.def)
Overfull \vbox (4.88603pt too high) has occurred while \output is active
[70] (/tmp/RtmpRpieDw/Rd2pdf983961cc36bd/Rd2.ind [71] [72] [73] [74])
(/tmp/RtmpRpieDw/Rd2pdf983961cc36bd/Rd2.aux) )
(see the transcript file for additional information)pdfTeX warning (dest): name
{Rfn.optim} has been referenced but does not exist, replaced by a fixed one

pdfTeX warning (dest): name{Rfn.glm} has been referenced but does not exist, re
placed by a fixed one

pdfTeX warning (dest): name{Rfn.attach} has been referenced but does not exist,
 replaced by a fixed one

pdfTeX warning (dest): name{Rfn.data.frame} has been referenced but does not ex
ist, replaced by a fixed one

pdfTeX warning (dest): name{Rfn.faithful} has been referenced but does not exis
t, replaced by a fixed one

pdfTeX warning (dest): name{Rfn.table} has been referenced but does not exist, 
replaced by a fixed one

pdfTeX warning (dest): name{Rfn.cut} has been referenced but does not exist, re
placed by a fixed one

{/usr/share/texlive/texmf-dist/fonts/enc/dvips/inconsolata/i4-ts1.enc}{/usr/sha
re/texlive/texmf-dist/fonts/enc/dvips/base/8r.enc}{/usr/share/texlive/texmf-dis
t/fonts/enc/dvips/inconsolata/i4-t1-0.enc}</usr/share/texlive/texmf-dist/fonts/
type1/public/inconsolata/Inconsolata-zi4r.pfb></usr/share/texlive/texmf-dist/fo
nts/type1/public/amsfonts/cm/cmsy10.pfb></usr/share/texlive/texmf-dist/fonts/ty
pe1/urw/helvetic/uhvr8a.pfb></usr/share/texlive/texmf-dist/fonts/type1/urw/time
s/utmb8a.pfb></usr/share/texlive/texmf-dist/fonts/type1/urw/times/utmr8a.pfb></
usr/share/texlive/texmf-dist/fonts/type1/urw/times/utmr8a.pfb></usr/share/texli
ve/texmf-dist/fonts/type1/urw/times/utmri8a.pfb>
Output written on Rd2.pdf (74 pages, 269139 bytes).
Transcript written on Rd2.log.
Saving output to sm-manual.pdf ...
Done
You may want to clean up by 'rm -rf /tmp/RtmpRpieDw/Rd2pdf983961cc36bd'
