* installing *source* package ‘mappoly’ ...
** package ‘mappoly’ successfully unpacked and MD5 sums checked
** using staged installation
** libs
make[1]: Entering directory '/var/scratch2/tomas/tmp/RtmpQ4wep0/R.INSTALL1fb46c6b4731f3/mappoly/src'
g++ -std=gnu++11 -I"/var/scratch2/tomas/cran/rcnst/build/include" -DNDEBUG  -I'/var/scratch2/tomas/cran/rcnst/lib/Rcpp/include' -I/usr/local/include   -fpic  -g -O2  -c RcppExports.cpp -o RcppExports.o
g++ -std=gnu++11 -I"/var/scratch2/tomas/cran/rcnst/build/include" -DNDEBUG  -I'/var/scratch2/tomas/cran/rcnst/lib/Rcpp/include' -I/usr/local/include   -fpic  -g -O2  -c calc_genoprob.cpp -o calc_genoprob.o
g++ -std=gnu++11 -I"/var/scratch2/tomas/cran/rcnst/build/include" -DNDEBUG  -I'/var/scratch2/tomas/cran/rcnst/lib/Rcpp/include' -I/usr/local/include   -fpic  -g -O2  -c calc_genoprob_based_on_phased_marker_blocks.cpp -o calc_genoprob_based_on_phased_marker_blocks.o
g++ -std=gnu++11 -I"/var/scratch2/tomas/cran/rcnst/build/include" -DNDEBUG  -I'/var/scratch2/tomas/cran/rcnst/lib/Rcpp/include' -I/usr/local/include   -fpic  -g -O2  -c calc_loglike_given_map.cpp -o calc_loglike_given_map.o
g++ -std=gnu++11 -I"/var/scratch2/tomas/cran/rcnst/build/include" -DNDEBUG  -I'/var/scratch2/tomas/cran/rcnst/lib/Rcpp/include' -I/usr/local/include   -fpic  -g -O2  -c combinatorial.cpp -o combinatorial.o
g++ -std=gnu++11 -I"/var/scratch2/tomas/cran/rcnst/build/include" -DNDEBUG  -I'/var/scratch2/tomas/cran/rcnst/lib/Rcpp/include' -I/usr/local/include   -fpic  -g -O2  -c est_hmm_map_based_on_phased_mrk_blocks.cpp -o est_hmm_map_based_on_phased_mrk_blocks.o
g++ -std=gnu++11 -I"/var/scratch2/tomas/cran/rcnst/build/include" -DNDEBUG  -I'/var/scratch2/tomas/cran/rcnst/lib/Rcpp/include' -I/usr/local/include   -fpic  -g -O2  -c est_map_hmm_given_dose.cpp -o est_map_hmm_given_dose.o
g++ -std=gnu++11 -I"/var/scratch2/tomas/cran/rcnst/build/include" -DNDEBUG  -I'/var/scratch2/tomas/cran/rcnst/lib/Rcpp/include' -I/usr/local/include   -fpic  -g -O2  -c est_map_hmm_given_prior.cpp -o est_map_hmm_given_prior.o
g++ -std=gnu++11 -I"/var/scratch2/tomas/cran/rcnst/build/include" -DNDEBUG  -I'/var/scratch2/tomas/cran/rcnst/lib/Rcpp/include' -I/usr/local/include   -fpic  -g -O2  -c genotypic_counts.cpp -o genotypic_counts.o
g++ -std=gnu++11 -I"/var/scratch2/tomas/cran/rcnst/build/include" -DNDEBUG  -I'/var/scratch2/tomas/cran/rcnst/lib/Rcpp/include' -I/usr/local/include   -fpic  -g -O2  -c hmm_elements.cpp -o hmm_elements.o
gcc -I"/var/scratch2/tomas/cran/rcnst/build/include" -DNDEBUG  -I'/var/scratch2/tomas/cran/rcnst/lib/Rcpp/include' -I/usr/local/include   -fpic  -g -O2  -c mappoly_init.c -o mappoly_init.o
g++ -std=gnu++11 -I"/var/scratch2/tomas/cran/rcnst/build/include" -DNDEBUG  -I'/var/scratch2/tomas/cran/rcnst/lib/Rcpp/include' -I/usr/local/include   -fpic  -g -O2  -c pairwise_estimation.cpp -o pairwise_estimation.o
g++ -std=gnu++11 -I"/var/scratch2/tomas/cran/rcnst/build/include" -DNDEBUG  -I'/var/scratch2/tomas/cran/rcnst/lib/Rcpp/include' -I/usr/local/include   -fpic  -g -O2  -c read_mappoly_vcf.cpp -o read_mappoly_vcf.o
g++ -std=gnu++11 -shared -L/usr/local/lib64 -o mappoly.so RcppExports.o calc_genoprob.o calc_genoprob_based_on_phased_marker_blocks.o calc_loglike_given_map.o combinatorial.o est_hmm_map_based_on_phased_mrk_blocks.o est_map_hmm_given_dose.o est_map_hmm_given_prior.o genotypic_counts.o hmm_elements.o mappoly_init.o pairwise_estimation.o read_mappoly_vcf.o
make[1]: Leaving directory '/var/scratch2/tomas/tmp/RtmpQ4wep0/R.INSTALL1fb46c6b4731f3/mappoly/src'
installing to /var/scratch2/tomas/cran/rcnst/lib/00LOCK-mappoly/00new/mappoly/libs
** R
** data
*** moving datasets to lazyload DB
** inst
** byte-compile and prepare package for lazy loading
** help
*** installing help indices
** building package indices
** testing if installed package can be loaded from temporary location
** checking absolute paths in shared objects and dynamic libraries
** testing if installed package can be loaded from final location
** testing if installed package keeps a record of temporary installation path
* DONE (mappoly)
