Hmm ... looks like a package
Converting parsed Rd's to LaTeX ...
Creating pdf output from LaTeX ...

This is pdfTeX, Version 3.14159265-2.6-1.40.21 (TeX Live 2020) (preloaded format=pdflatex)
 restricted \write18 enabled.
entering extended mode
LaTeX2e <2020-02-02> patch level 5
L3 programming layer <2020-04-06>
(./Rd2.tex
(/usr/share/texlive/texmf-dist/tex/latex/base/book.cls
Document Class: book 2019/12/20 v1.4l Standard LaTeX document class
(/usr/share/texlive/texmf-dist/tex/latex/base/bk10.clo))
(/var/scratch2/tomas/cran/rlibro/build/share/texmf/tex/latex/Rd.sty
(/usr/share/texlive/texmf-dist/tex/latex/base/ifthen.sty)
(/usr/share/texlive/texmf-dist/tex/latex/tools/longtable.sty)
(/usr/share/texlive/texmf-dist/tex/latex/tools/bm.sty)
(/usr/share/texlive/texmf-dist/tex/latex/base/alltt.sty)
(/usr/share/texlive/texmf-dist/tex/latex/tools/verbatim.sty)
(/usr/share/texlive/texmf-dist/tex/latex/url/url.sty)
(/usr/share/texlive/texmf-dist/tex/latex/base/textcomp.sty)
(/usr/share/texlive/texmf-dist/tex/generic/iftex/iftex.sty)
(/usr/share/texlive/texmf-dist/tex/latex/base/fontenc.sty)
(/usr/share/texlive/texmf-dist/tex/latex/psnfss/times.sty)
(/usr/share/texlive/texmf-dist/tex/latex/inconsolata/zi4.sty
`inconsolata-zi4' v1.12, 2019/05/17 Text macros for Inconsolata (msharpe)
(/usr/share/texlive/texmf-dist/tex/latex/xkeyval/xkeyval.sty
(/usr/share/texlive/texmf-dist/tex/generic/xkeyval/xkeyval.tex
(/usr/share/texlive/texmf-dist/tex/generic/xkeyval/xkvutils.tex
(/usr/share/texlive/texmf-dist/tex/generic/xkeyval/keyval.tex)))))
(/usr/share/texlive/texmf-dist/tex/latex/graphics/color.sty
(/usr/share/texlive/texmf-dist/tex/latex/graphics-cfg/color.cfg)
(/usr/share/texlive/texmf-dist/tex/latex/graphics-def/pdftex.def))
(/usr/share/texlive/texmf-dist/tex/latex/hyperref/hyperref.sty
(/usr/share/texlive/texmf-dist/tex/generic/ltxcmds/ltxcmds.sty)
(/usr/share/texlive/texmf-dist/tex/latex/pdftexcmds/pdftexcmds.sty
(/usr/share/texlive/texmf-dist/tex/generic/infwarerr/infwarerr.sty))
(/usr/share/texlive/texmf-dist/tex/generic/kvsetkeys/kvsetkeys.sty)
(/usr/share/texlive/texmf-dist/tex/generic/kvdefinekeys/kvdefinekeys.sty)
(/usr/share/texlive/texmf-dist/tex/generic/pdfescape/pdfescape.sty)
(/usr/share/texlive/texmf-dist/tex/latex/hycolor/hycolor.sty)
(/usr/share/texlive/texmf-dist/tex/latex/letltxmacro/letltxmacro.sty)
(/usr/share/texlive/texmf-dist/tex/latex/auxhook/auxhook.sty)
(/usr/share/texlive/texmf-dist/tex/latex/kvoptions/kvoptions.sty)
(/usr/share/texlive/texmf-dist/tex/latex/hyperref/pd1enc.def)
(/usr/share/texlive/texmf-dist/tex/generic/intcalc/intcalc.sty)
(/usr/share/texlive/texmf-dist/tex/generic/etexcmds/etexcmds.sty)
(/usr/share/texlive/texmf-dist/tex/generic/bitset/bitset.sty
(/usr/share/texlive/texmf-dist/tex/generic/bigintcalc/bigintcalc.sty))
(/usr/share/texlive/texmf-dist/tex/generic/atbegshi/atbegshi.sty))
(/usr/share/texlive/texmf-dist/tex/latex/hyperref/hpdftex.def
(/usr/share/texlive/texmf-dist/tex/latex/atveryend/atveryend.sty)
(/usr/share/texlive/texmf-dist/tex/latex/rerunfilecheck/rerunfilecheck.sty
(/usr/share/texlive/texmf-dist/tex/generic/uniquecounter/uniquecounter.sty)))

Package hyperref Warning: Option `hyperindex' has already been used,
(hyperref)                setting the option has no effect on input line 388.


Package hyperref Warning: Option `pagebackref' has already been used,
(hyperref)                setting the option has no effect on input line 388.

) (/usr/share/texlive/texmf-dist/tex/latex/base/makeidx.sty)
(/usr/share/texlive/texmf-dist/tex/latex/base/inputenc.sty)
Writing index file Rd2.idx
(/usr/share/texlive/texmf-dist/tex/latex/l3backend/l3backend-pdfmode.def)
No file Rd2.aux.
(/usr/share/texlive/texmf-dist/tex/latex/psnfss/t1ptm.fd)
(/usr/share/texlive/texmf-dist/tex/context/base/mkii/supp-pdf.mkii
[Loading MPS to PDF converter (version 2006.09.02).]
) (/usr/share/texlive/texmf-dist/tex/latex/hyperref/nameref.sty
(/usr/share/texlive/texmf-dist/tex/latex/refcount/refcount.sty)
(/usr/share/texlive/texmf-dist/tex/generic/gettitlestring/gettitlestring.sty))
(/usr/share/texlive/texmf-dist/tex/latex/psnfss/ts1ptm.fd)
(/usr/share/texlive/texmf-dist/tex/latex/inconsolata/t1zi4.fd)
(/usr/share/texlive/texmf-dist/tex/latex/psnfss/t1phv.fd) [1{/usr/share/texlive
/texmf-dist/fonts/map/pdftex/updmap/pdftex.map}]
(/usr/share/texlive/texmf-dist/tex/latex/inconsolata/ts1zi4.fd) [2] [3]
[4] [5] [6] [7] [8]
Overfull \hbox (4.74873pt too wide) in paragraph at lines 444--448
[]\T1/ptm/m/n/10 You can be up-dated of the progress by this func-tion by us-in
g the [][][]\T1/zi4/m/n/10 progress[][][] []\T1/ptm/m/n/10 pack-age. See []\T1/
zi4/m/n/10 progressr[]\T1/ptm/m/n/10 's

Overfull \hbox (108.19011pt too wide) in alignment at lines 495--495
 [] [] [] 
[9] [10] [11] [12] [13] [14] [15] [16] [17] [18] [19]
Overfull \hbox (4.74873pt too wide) in paragraph at lines 1039--1043
[]\T1/ptm/m/n/10 You can be up-dated of the progress by this func-tion by us-in
g the [][][]\T1/zi4/m/n/10 progress[][][] []\T1/ptm/m/n/10 pack-age. See []\T1/
zi4/m/n/10 progressr[]\T1/ptm/m/n/10 's
[20] [21]
Overfull \hbox (26.18863pt too wide) in paragraph at lines 1138--1140
[]\T1/ptm/m/n/10 To per-form a cross-join, gen-er-at-ing all com-bi-na-tions of
 []\T1/zi4/m/n/10 x []\T1/ptm/m/n/10 and []\T1/zi4/m/n/10 y[]\T1/ptm/m/n/10 , u
se []\T1/zi4/m/n/10 by = character()[]\T1/ptm/m/n/10 . 
[22] [23] [24] [25] [26] [27] [28] [29]
Overfull \hbox (4.74873pt too wide) in paragraph at lines 1575--1579
[]\T1/ptm/m/n/10 You can be up-dated of the progress by this func-tion by us-in
g the [][][]\T1/zi4/m/n/10 progress[][][] []\T1/ptm/m/n/10 pack-age. See []\T1/
zi4/m/n/10 progressr[]\T1/ptm/m/n/10 's
[30]
Overfull \hbox (4.74873pt too wide) in paragraph at lines 1620--1624
[]\T1/ptm/m/n/10 You can be up-dated of the progress by this func-tion by us-in
g the [][][]\T1/zi4/m/n/10 progress[][][] []\T1/ptm/m/n/10 pack-age. See []\T1/
zi4/m/n/10 progressr[]\T1/ptm/m/n/10 's
No file Rd2.ind.
[31] (/var/scratch2/tomas/tmp/Rtmp89lVNT/Rd2pdf2328212f362302/Rd2.aux)

Package rerunfilecheck Warning: File `Rd2.out' has changed.
(rerunfilecheck)                Rerun to get outlines right
(rerunfilecheck)                or use package `bookmark'.

 )
(see the transcript file for additional information)pdfTeX warning (dest): name
{Rfn.unzip} has been referenced but does not exist, replaced by a fixed one

pdfTeX warning (dest): name{Rfn.plan} has been referenced but does not exist, r
eplaced by a fixed one

pdfTeX warning (dest): name{Rfn.DateTimeClasses} has been referenced but does n
ot exist, replaced by a fixed one

pdfTeX warning (dest): name{Rfn.as.period} has been referenced but does not exi
st, replaced by a fixed one

pdfTeX warning (dest): name{Rfn.handlers} has been referenced but does not exis
t, replaced by a fixed one

pdfTeX warning (dest): name{Rfn.dbplyr} has been referenced but does not exist,
 replaced by a fixed one

pdfTeX warning (dest): name{Rfn.tbl} has been referenced but does not exist, re
placed by a fixed one

pdfTeX warning (dest): name{Rfn.progress} has been referenced but does not exis
t, replaced by a fixed one

pdfTeX warning (dest): name{Rfn.as.Date} has been referenced but does not exist
, replaced by a fixed one

pdfTeX warning (dest): name{Rfn.dbDisconnect} has been referenced but does not 
exist, replaced by a fixed one

{/usr/share/texlive/texmf-dist/fonts/enc/dvips/inconsolata/i4-ts1.enc}{/usr/sha
re/texlive/texmf-dist/fonts/enc/dvips/base/8r.enc}{/usr/share/texlive/texmf-dis
t/fonts/enc/dvips/inconsolata/i4-t1-0.enc}{/usr/share/texlive/texmf-dist/fonts/
enc/dvips/cm-super/cm-super-ts1.enc}</usr/share/texlive/texmf-dist/fonts/type1/
public/inconsolata/Inconsolata-zi4r.pfb></usr/share/texlive/texmf-dist/fonts/ty
pe1/public/amsfonts/cm/cmmi10.pfb></usr/share/texlive/texmf-dist/fonts/type1/pu
blic/amsfonts/cm/cmmi7.pfb></usr/share/texlive/texmf-dist/fonts/type1/public/am
sfonts/cm/cmr7.pfb></usr/share/texlive/texmf-dist/fonts/type1/public/amsfonts/c
m/cmsy10.pfb></usr/share/texlive/texmf-dist/fonts/type1/public/amsfonts/cm/cmsy
7.pfb></usr/share/texlive/texmf-dist/fonts/type1/public/cm-super/sfrm1000.pfb><
/usr/share/texlive/texmf-dist/fonts/type1/urw/helvetic/uhvr8a.pfb></usr/share/t
exlive/texmf-dist/fonts/type1/urw/times/utmb8a.pfb></usr/share/texlive/texmf-di
st/fonts/type1/urw/times/utmr8a.pfb></usr/share/texlive/texmf-dist/fonts/type1/
urw/times/utmr8a.pfb></usr/share/texlive/texmf-dist/fonts/type1/urw/times/utmri
8a.pfb>
Output written on Rd2.pdf (31 pages, 184993 bytes).
Transcript written on Rd2.log.
This is pdfTeX, Version 3.14159265-2.6-1.40.21 (TeX Live 2020) (preloaded format=pdflatex)
 restricted \write18 enabled.
entering extended mode
LaTeX2e <2020-02-02> patch level 5
L3 programming layer <2020-04-06>
(./Rd2.tex
(/usr/share/texlive/texmf-dist/tex/latex/base/book.cls
Document Class: book 2019/12/20 v1.4l Standard LaTeX document class
(/usr/share/texlive/texmf-dist/tex/latex/base/bk10.clo))
(/var/scratch2/tomas/cran/rlibro/build/share/texmf/tex/latex/Rd.sty
(/usr/share/texlive/texmf-dist/tex/latex/base/ifthen.sty)
(/usr/share/texlive/texmf-dist/tex/latex/tools/longtable.sty)
(/usr/share/texlive/texmf-dist/tex/latex/tools/bm.sty)
(/usr/share/texlive/texmf-dist/tex/latex/base/alltt.sty)
(/usr/share/texlive/texmf-dist/tex/latex/tools/verbatim.sty)
(/usr/share/texlive/texmf-dist/tex/latex/url/url.sty)
(/usr/share/texlive/texmf-dist/tex/latex/base/textcomp.sty)
(/usr/share/texlive/texmf-dist/tex/generic/iftex/iftex.sty)
(/usr/share/texlive/texmf-dist/tex/latex/base/fontenc.sty)
(/usr/share/texlive/texmf-dist/tex/latex/psnfss/times.sty)
(/usr/share/texlive/texmf-dist/tex/latex/inconsolata/zi4.sty
`inconsolata-zi4' v1.12, 2019/05/17 Text macros for Inconsolata (msharpe)
(/usr/share/texlive/texmf-dist/tex/latex/xkeyval/xkeyval.sty
(/usr/share/texlive/texmf-dist/tex/generic/xkeyval/xkeyval.tex
(/usr/share/texlive/texmf-dist/tex/generic/xkeyval/xkvutils.tex
(/usr/share/texlive/texmf-dist/tex/generic/xkeyval/keyval.tex)))))
(/usr/share/texlive/texmf-dist/tex/latex/graphics/color.sty
(/usr/share/texlive/texmf-dist/tex/latex/graphics-cfg/color.cfg)
(/usr/share/texlive/texmf-dist/tex/latex/graphics-def/pdftex.def))
(/usr/share/texlive/texmf-dist/tex/latex/hyperref/hyperref.sty
(/usr/share/texlive/texmf-dist/tex/generic/ltxcmds/ltxcmds.sty)
(/usr/share/texlive/texmf-dist/tex/latex/pdftexcmds/pdftexcmds.sty
(/usr/share/texlive/texmf-dist/tex/generic/infwarerr/infwarerr.sty))
(/usr/share/texlive/texmf-dist/tex/generic/kvsetkeys/kvsetkeys.sty)
(/usr/share/texlive/texmf-dist/tex/generic/kvdefinekeys/kvdefinekeys.sty)
(/usr/share/texlive/texmf-dist/tex/generic/pdfescape/pdfescape.sty)
(/usr/share/texlive/texmf-dist/tex/latex/hycolor/hycolor.sty)
(/usr/share/texlive/texmf-dist/tex/latex/letltxmacro/letltxmacro.sty)
(/usr/share/texlive/texmf-dist/tex/latex/auxhook/auxhook.sty)
(/usr/share/texlive/texmf-dist/tex/latex/kvoptions/kvoptions.sty)
(/usr/share/texlive/texmf-dist/tex/latex/hyperref/pd1enc.def)
(/usr/share/texlive/texmf-dist/tex/generic/intcalc/intcalc.sty)
(/usr/share/texlive/texmf-dist/tex/generic/etexcmds/etexcmds.sty)
(/usr/share/texlive/texmf-dist/tex/generic/bitset/bitset.sty
(/usr/share/texlive/texmf-dist/tex/generic/bigintcalc/bigintcalc.sty))
(/usr/share/texlive/texmf-dist/tex/generic/atbegshi/atbegshi.sty))
(/usr/share/texlive/texmf-dist/tex/latex/hyperref/hpdftex.def
(/usr/share/texlive/texmf-dist/tex/latex/atveryend/atveryend.sty)
(/usr/share/texlive/texmf-dist/tex/latex/rerunfilecheck/rerunfilecheck.sty
(/usr/share/texlive/texmf-dist/tex/generic/uniquecounter/uniquecounter.sty)))

Package hyperref Warning: Option `hyperindex' has already been used,
(hyperref)                setting the option has no effect on input line 388.


Package hyperref Warning: Option `pagebackref' has already been used,
(hyperref)                setting the option has no effect on input line 388.

) (/usr/share/texlive/texmf-dist/tex/latex/base/makeidx.sty)
(/usr/share/texlive/texmf-dist/tex/latex/base/inputenc.sty)
Writing index file Rd2.idx
(/usr/share/texlive/texmf-dist/tex/latex/l3backend/l3backend-pdfmode.def)
(/var/scratch2/tomas/tmp/Rtmp89lVNT/Rd2pdf2328212f362302/Rd2.aux)
(/usr/share/texlive/texmf-dist/tex/latex/psnfss/t1ptm.fd)
(/usr/share/texlive/texmf-dist/tex/context/base/mkii/supp-pdf.mkii
[Loading MPS to PDF converter (version 2006.09.02).]
) (/usr/share/texlive/texmf-dist/tex/latex/hyperref/nameref.sty
(/usr/share/texlive/texmf-dist/tex/latex/refcount/refcount.sty)
(/usr/share/texlive/texmf-dist/tex/generic/gettitlestring/gettitlestring.sty))
(/var/scratch2/tomas/tmp/Rtmp89lVNT/Rd2pdf2328212f362302/Rd2.out)
(/var/scratch2/tomas/tmp/Rtmp89lVNT/Rd2pdf2328212f362302/Rd2.out)
(/usr/share/texlive/texmf-dist/tex/latex/psnfss/ts1ptm.fd)
(/usr/share/texlive/texmf-dist/tex/latex/inconsolata/t1zi4.fd)
(/usr/share/texlive/texmf-dist/tex/latex/psnfss/t1phv.fd)
(/var/scratch2/tomas/tmp/Rtmp89lVNT/Rd2pdf2328212f362302/Rd2.toc [1{/usr/share/
texlive/texmf-dist/fonts/map/pdftex/updmap/pdftex.map}]) [2]
(/usr/share/texlive/texmf-dist/tex/latex/inconsolata/ts1zi4.fd) [3] [4]
[5] [6] [7] [8] [9]
Overfull \hbox (4.74873pt too wide) in paragraph at lines 444--448
[]\T1/ptm/m/n/10 You can be up-dated of the progress by this func-tion by us-in
g the [][][]\T1/zi4/m/n/10 progress[][][] []\T1/ptm/m/n/10 pack-age. See []\T1/
zi4/m/n/10 progressr[]\T1/ptm/m/n/10 's

Overfull \hbox (108.19011pt too wide) in alignment at lines 495--495
 [] [] [] 
[10] [11] [12] [13] [14] [15] [16] [17] [18] [19] [20]
Overfull \hbox (4.74873pt too wide) in paragraph at lines 1039--1043
[]\T1/ptm/m/n/10 You can be up-dated of the progress by this func-tion by us-in
g the [][][]\T1/zi4/m/n/10 progress[][][] []\T1/ptm/m/n/10 pack-age. See []\T1/
zi4/m/n/10 progressr[]\T1/ptm/m/n/10 's
[21] [22]
Overfull \hbox (26.18863pt too wide) in paragraph at lines 1138--1140
[]\T1/ptm/m/n/10 To per-form a cross-join, gen-er-at-ing all com-bi-na-tions of
 []\T1/zi4/m/n/10 x []\T1/ptm/m/n/10 and []\T1/zi4/m/n/10 y[]\T1/ptm/m/n/10 , u
se []\T1/zi4/m/n/10 by = character()[]\T1/ptm/m/n/10 . 
[23] [24] [25] [26] [27] [28] [29] [30]
Overfull \hbox (4.74873pt too wide) in paragraph at lines 1575--1579
[]\T1/ptm/m/n/10 You can be up-dated of the progress by this func-tion by us-in
g the [][][]\T1/zi4/m/n/10 progress[][][] []\T1/ptm/m/n/10 pack-age. See []\T1/
zi4/m/n/10 progressr[]\T1/ptm/m/n/10 's
[31]
Overfull \hbox (4.74873pt too wide) in paragraph at lines 1620--1624
[]\T1/ptm/m/n/10 You can be up-dated of the progress by this func-tion by us-in
g the [][][]\T1/zi4/m/n/10 progress[][][] []\T1/ptm/m/n/10 pack-age. See []\T1/
zi4/m/n/10 progressr[]\T1/ptm/m/n/10 's
No file Rd2.ind.
[32] (/var/scratch2/tomas/tmp/Rtmp89lVNT/Rd2pdf2328212f362302/Rd2.aux) )
(see the transcript file for additional information)pdfTeX warning (dest): name
{Rfn.unzip} has been referenced but does not exist, replaced by a fixed one

pdfTeX warning (dest): name{Rfn.plan} has been referenced but does not exist, r
eplaced by a fixed one

pdfTeX warning (dest): name{Rfn.DateTimeClasses} has been referenced but does n
ot exist, replaced by a fixed one

pdfTeX warning (dest): name{Rfn.as.period} has been referenced but does not exi
st, replaced by a fixed one

pdfTeX warning (dest): name{Rfn.handlers} has been referenced but does not exis
t, replaced by a fixed one

pdfTeX warning (dest): name{Rfn.dbplyr} has been referenced but does not exist,
 replaced by a fixed one

pdfTeX warning (dest): name{Rfn.tbl} has been referenced but does not exist, re
placed by a fixed one

pdfTeX warning (dest): name{Rfn.progress} has been referenced but does not exis
t, replaced by a fixed one

pdfTeX warning (dest): name{Rfn.as.Date} has been referenced but does not exist
, replaced by a fixed one

pdfTeX warning (dest): name{Rfn.dbDisconnect} has been referenced but does not 
exist, replaced by a fixed one

{/usr/share/texlive/texmf-dist/fonts/enc/dvips/inconsolata/i4-ts1.enc}{/usr/sha
re/texlive/texmf-dist/fonts/enc/dvips/base/8r.enc}{/usr/share/texlive/texmf-dis
t/fonts/enc/dvips/inconsolata/i4-t1-0.enc}{/usr/share/texlive/texmf-dist/fonts/
enc/dvips/cm-super/cm-super-ts1.enc}</usr/share/texlive/texmf-dist/fonts/type1/
public/inconsolata/Inconsolata-zi4r.pfb></usr/share/texlive/texmf-dist/fonts/ty
pe1/public/amsfonts/cm/cmmi10.pfb></usr/share/texlive/texmf-dist/fonts/type1/pu
blic/amsfonts/cm/cmmi7.pfb></usr/share/texlive/texmf-dist/fonts/type1/public/am
sfonts/cm/cmr7.pfb></usr/share/texlive/texmf-dist/fonts/type1/public/amsfonts/c
m/cmsy10.pfb></usr/share/texlive/texmf-dist/fonts/type1/public/amsfonts/cm/cmsy
7.pfb></usr/share/texlive/texmf-dist/fonts/type1/public/cm-super/sfrm1000.pfb><
/usr/share/texlive/texmf-dist/fonts/type1/urw/helvetic/uhvr8a.pfb></usr/share/t
exlive/texmf-dist/fonts/type1/urw/times/utmb8a.pfb></usr/share/texlive/texmf-di
st/fonts/type1/urw/times/utmr8a.pfb></usr/share/texlive/texmf-dist/fonts/type1/
urw/times/utmr8a.pfb></usr/share/texlive/texmf-dist/fonts/type1/urw/times/utmri
8a.pfb>
Output written on Rd2.pdf (32 pages, 189427 bytes).
Transcript written on Rd2.log.
This is makeindex, version 2.15 [TeX Live 2020] (kpathsea + Thai support).
Scanning input file Rd2.idx....done (137 entries accepted, 0 rejected).
Sorting entries....done (996 comparisons).
Generating output file Rd2.ind....done (135 lines written, 1 warning).
Output written in Rd2.ind.
Transcript written in Rd2.ilg.
This is pdfTeX, Version 3.14159265-2.6-1.40.21 (TeX Live 2020) (preloaded format=pdflatex)
 restricted \write18 enabled.
entering extended mode
LaTeX2e <2020-02-02> patch level 5
L3 programming layer <2020-04-06>
(./Rd2.tex
(/usr/share/texlive/texmf-dist/tex/latex/base/book.cls
Document Class: book 2019/12/20 v1.4l Standard LaTeX document class
(/usr/share/texlive/texmf-dist/tex/latex/base/bk10.clo))
(/var/scratch2/tomas/cran/rlibro/build/share/texmf/tex/latex/Rd.sty
(/usr/share/texlive/texmf-dist/tex/latex/base/ifthen.sty)
(/usr/share/texlive/texmf-dist/tex/latex/tools/longtable.sty)
(/usr/share/texlive/texmf-dist/tex/latex/tools/bm.sty)
(/usr/share/texlive/texmf-dist/tex/latex/base/alltt.sty)
(/usr/share/texlive/texmf-dist/tex/latex/tools/verbatim.sty)
(/usr/share/texlive/texmf-dist/tex/latex/url/url.sty)
(/usr/share/texlive/texmf-dist/tex/latex/base/textcomp.sty)
(/usr/share/texlive/texmf-dist/tex/generic/iftex/iftex.sty)
(/usr/share/texlive/texmf-dist/tex/latex/base/fontenc.sty)
(/usr/share/texlive/texmf-dist/tex/latex/psnfss/times.sty)
(/usr/share/texlive/texmf-dist/tex/latex/inconsolata/zi4.sty
`inconsolata-zi4' v1.12, 2019/05/17 Text macros for Inconsolata (msharpe)
(/usr/share/texlive/texmf-dist/tex/latex/xkeyval/xkeyval.sty
(/usr/share/texlive/texmf-dist/tex/generic/xkeyval/xkeyval.tex
(/usr/share/texlive/texmf-dist/tex/generic/xkeyval/xkvutils.tex
(/usr/share/texlive/texmf-dist/tex/generic/xkeyval/keyval.tex)))))
(/usr/share/texlive/texmf-dist/tex/latex/graphics/color.sty
(/usr/share/texlive/texmf-dist/tex/latex/graphics-cfg/color.cfg)
(/usr/share/texlive/texmf-dist/tex/latex/graphics-def/pdftex.def))
(/usr/share/texlive/texmf-dist/tex/latex/hyperref/hyperref.sty
(/usr/share/texlive/texmf-dist/tex/generic/ltxcmds/ltxcmds.sty)
(/usr/share/texlive/texmf-dist/tex/latex/pdftexcmds/pdftexcmds.sty
(/usr/share/texlive/texmf-dist/tex/generic/infwarerr/infwarerr.sty))
(/usr/share/texlive/texmf-dist/tex/generic/kvsetkeys/kvsetkeys.sty)
(/usr/share/texlive/texmf-dist/tex/generic/kvdefinekeys/kvdefinekeys.sty)
(/usr/share/texlive/texmf-dist/tex/generic/pdfescape/pdfescape.sty)
(/usr/share/texlive/texmf-dist/tex/latex/hycolor/hycolor.sty)
(/usr/share/texlive/texmf-dist/tex/latex/letltxmacro/letltxmacro.sty)
(/usr/share/texlive/texmf-dist/tex/latex/auxhook/auxhook.sty)
(/usr/share/texlive/texmf-dist/tex/latex/kvoptions/kvoptions.sty)
(/usr/share/texlive/texmf-dist/tex/latex/hyperref/pd1enc.def)
(/usr/share/texlive/texmf-dist/tex/generic/intcalc/intcalc.sty)
(/usr/share/texlive/texmf-dist/tex/generic/etexcmds/etexcmds.sty)
(/usr/share/texlive/texmf-dist/tex/generic/bitset/bitset.sty
(/usr/share/texlive/texmf-dist/tex/generic/bigintcalc/bigintcalc.sty))
(/usr/share/texlive/texmf-dist/tex/generic/atbegshi/atbegshi.sty))
(/usr/share/texlive/texmf-dist/tex/latex/hyperref/hpdftex.def
(/usr/share/texlive/texmf-dist/tex/latex/atveryend/atveryend.sty)
(/usr/share/texlive/texmf-dist/tex/latex/rerunfilecheck/rerunfilecheck.sty
(/usr/share/texlive/texmf-dist/tex/generic/uniquecounter/uniquecounter.sty)))

Package hyperref Warning: Option `hyperindex' has already been used,
(hyperref)                setting the option has no effect on input line 388.


Package hyperref Warning: Option `pagebackref' has already been used,
(hyperref)                setting the option has no effect on input line 388.

) (/usr/share/texlive/texmf-dist/tex/latex/base/makeidx.sty)
(/usr/share/texlive/texmf-dist/tex/latex/base/inputenc.sty)
Writing index file Rd2.idx
(/usr/share/texlive/texmf-dist/tex/latex/l3backend/l3backend-pdfmode.def)
(/var/scratch2/tomas/tmp/Rtmp89lVNT/Rd2pdf2328212f362302/Rd2.aux)
(/usr/share/texlive/texmf-dist/tex/latex/psnfss/t1ptm.fd)
(/usr/share/texlive/texmf-dist/tex/context/base/mkii/supp-pdf.mkii
[Loading MPS to PDF converter (version 2006.09.02).]
) (/usr/share/texlive/texmf-dist/tex/latex/hyperref/nameref.sty
(/usr/share/texlive/texmf-dist/tex/latex/refcount/refcount.sty)
(/usr/share/texlive/texmf-dist/tex/generic/gettitlestring/gettitlestring.sty))
(/var/scratch2/tomas/tmp/Rtmp89lVNT/Rd2pdf2328212f362302/Rd2.out)
(/var/scratch2/tomas/tmp/Rtmp89lVNT/Rd2pdf2328212f362302/Rd2.out)
(/usr/share/texlive/texmf-dist/tex/latex/psnfss/ts1ptm.fd)
(/usr/share/texlive/texmf-dist/tex/latex/inconsolata/t1zi4.fd)
(/usr/share/texlive/texmf-dist/tex/latex/psnfss/t1phv.fd)
(/var/scratch2/tomas/tmp/Rtmp89lVNT/Rd2pdf2328212f362302/Rd2.toc [1{/usr/share/
texlive/texmf-dist/fonts/map/pdftex/updmap/pdftex.map}]) [2]
(/usr/share/texlive/texmf-dist/tex/latex/inconsolata/ts1zi4.fd) [3] [4]
[5] [6] [7] [8] [9]
Overfull \hbox (4.74873pt too wide) in paragraph at lines 444--448
[]\T1/ptm/m/n/10 You can be up-dated of the progress by this func-tion by us-in
g the [][][]\T1/zi4/m/n/10 progress[][][] []\T1/ptm/m/n/10 pack-age. See []\T1/
zi4/m/n/10 progressr[]\T1/ptm/m/n/10 's

Overfull \hbox (108.19011pt too wide) in alignment at lines 495--495
 [] [] [] 
[10] [11] [12] [13] [14] [15] [16] [17] [18] [19] [20]
Overfull \hbox (4.74873pt too wide) in paragraph at lines 1039--1043
[]\T1/ptm/m/n/10 You can be up-dated of the progress by this func-tion by us-in
g the [][][]\T1/zi4/m/n/10 progress[][][] []\T1/ptm/m/n/10 pack-age. See []\T1/
zi4/m/n/10 progressr[]\T1/ptm/m/n/10 's
[21] [22]
Overfull \hbox (26.18863pt too wide) in paragraph at lines 1138--1140
[]\T1/ptm/m/n/10 To per-form a cross-join, gen-er-at-ing all com-bi-na-tions of
 []\T1/zi4/m/n/10 x []\T1/ptm/m/n/10 and []\T1/zi4/m/n/10 y[]\T1/ptm/m/n/10 , u
se []\T1/zi4/m/n/10 by = character()[]\T1/ptm/m/n/10 . 
[23] [24] [25] [26] [27] [28] [29] [30]
Overfull \hbox (4.74873pt too wide) in paragraph at lines 1575--1579
[]\T1/ptm/m/n/10 You can be up-dated of the progress by this func-tion by us-in
g the [][][]\T1/zi4/m/n/10 progress[][][] []\T1/ptm/m/n/10 pack-age. See []\T1/
zi4/m/n/10 progressr[]\T1/ptm/m/n/10 's
[31]
Overfull \hbox (4.74873pt too wide) in paragraph at lines 1620--1624
[]\T1/ptm/m/n/10 You can be up-dated of the progress by this func-tion by us-in
g the [][][]\T1/zi4/m/n/10 progress[][][] []\T1/ptm/m/n/10 pack-age. See []\T1/
zi4/m/n/10 progressr[]\T1/ptm/m/n/10 's
(/var/scratch2/tomas/tmp/Rtmp89lVNT/Rd2pdf2328212f362302/Rd2.ind [32] [33])
(/var/scratch2/tomas/tmp/Rtmp89lVNT/Rd2pdf2328212f362302/Rd2.aux)

Package rerunfilecheck Warning: File `Rd2.out' has changed.
(rerunfilecheck)                Rerun to get outlines right
(rerunfilecheck)                or use package `bookmark'.

 )
(see the transcript file for additional information)pdfTeX warning (dest): name
{Rfn.unzip} has been referenced but does not exist, replaced by a fixed one

pdfTeX warning (dest): name{Rfn.plan} has been referenced but does not exist, r
eplaced by a fixed one

pdfTeX warning (dest): name{Rfn.DateTimeClasses} has been referenced but does n
ot exist, replaced by a fixed one

pdfTeX warning (dest): name{Rfn.as.period} has been referenced but does not exi
st, replaced by a fixed one

pdfTeX warning (dest): name{Rfn.handlers} has been referenced but does not exis
t, replaced by a fixed one

pdfTeX warning (dest): name{Rfn.dbplyr} has been referenced but does not exist,
 replaced by a fixed one

pdfTeX warning (dest): name{Rfn.tbl} has been referenced but does not exist, re
placed by a fixed one

pdfTeX warning (dest): name{Rfn.progress} has been referenced but does not exis
t, replaced by a fixed one

pdfTeX warning (dest): name{Rfn.as.Date} has been referenced but does not exist
, replaced by a fixed one

pdfTeX warning (dest): name{Rfn.dbDisconnect} has been referenced but does not 
exist, replaced by a fixed one

{/usr/share/texlive/texmf-dist/fonts/enc/dvips/inconsolata/i4-ts1.enc}{/usr/sha
re/texlive/texmf-dist/fonts/enc/dvips/base/8r.enc}{/usr/share/texlive/texmf-dis
t/fonts/enc/dvips/inconsolata/i4-t1-0.enc}{/usr/share/texlive/texmf-dist/fonts/
enc/dvips/cm-super/cm-super-ts1.enc}</usr/share/texlive/texmf-dist/fonts/type1/
public/inconsolata/Inconsolata-zi4r.pfb></usr/share/texlive/texmf-dist/fonts/ty
pe1/public/amsfonts/cm/cmmi10.pfb></usr/share/texlive/texmf-dist/fonts/type1/pu
blic/amsfonts/cm/cmmi7.pfb></usr/share/texlive/texmf-dist/fonts/type1/public/am
sfonts/cm/cmr7.pfb></usr/share/texlive/texmf-dist/fonts/type1/public/amsfonts/c
m/cmsy10.pfb></usr/share/texlive/texmf-dist/fonts/type1/public/amsfonts/cm/cmsy
7.pfb></usr/share/texlive/texmf-dist/fonts/type1/public/cm-super/sfrm1000.pfb><
/usr/share/texlive/texmf-dist/fonts/type1/urw/helvetic/uhvr8a.pfb></usr/share/t
exlive/texmf-dist/fonts/type1/urw/times/utmb8a.pfb></usr/share/texlive/texmf-di
st/fonts/type1/urw/times/utmr8a.pfb></usr/share/texlive/texmf-dist/fonts/type1/
urw/times/utmr8a.pfb></usr/share/texlive/texmf-dist/fonts/type1/urw/times/utmri
8a.pfb>
Output written on Rd2.pdf (33 pages, 194914 bytes).
Transcript written on Rd2.log.
This is makeindex, version 2.15 [TeX Live 2020] (kpathsea + Thai support).
Scanning input file Rd2.idx....done (137 entries accepted, 0 rejected).
Sorting entries....done (996 comparisons).
Generating output file Rd2.ind....done (135 lines written, 1 warning).
Output written in Rd2.ind.
Transcript written in Rd2.ilg.
This is pdfTeX, Version 3.14159265-2.6-1.40.21 (TeX Live 2020) (preloaded format=pdflatex)
 restricted \write18 enabled.
entering extended mode
LaTeX2e <2020-02-02> patch level 5
L3 programming layer <2020-04-06>
(./Rd2.tex
(/usr/share/texlive/texmf-dist/tex/latex/base/book.cls
Document Class: book 2019/12/20 v1.4l Standard LaTeX document class
(/usr/share/texlive/texmf-dist/tex/latex/base/bk10.clo))
(/var/scratch2/tomas/cran/rlibro/build/share/texmf/tex/latex/Rd.sty
(/usr/share/texlive/texmf-dist/tex/latex/base/ifthen.sty)
(/usr/share/texlive/texmf-dist/tex/latex/tools/longtable.sty)
(/usr/share/texlive/texmf-dist/tex/latex/tools/bm.sty)
(/usr/share/texlive/texmf-dist/tex/latex/base/alltt.sty)
(/usr/share/texlive/texmf-dist/tex/latex/tools/verbatim.sty)
(/usr/share/texlive/texmf-dist/tex/latex/url/url.sty)
(/usr/share/texlive/texmf-dist/tex/latex/base/textcomp.sty)
(/usr/share/texlive/texmf-dist/tex/generic/iftex/iftex.sty)
(/usr/share/texlive/texmf-dist/tex/latex/base/fontenc.sty)
(/usr/share/texlive/texmf-dist/tex/latex/psnfss/times.sty)
(/usr/share/texlive/texmf-dist/tex/latex/inconsolata/zi4.sty
`inconsolata-zi4' v1.12, 2019/05/17 Text macros for Inconsolata (msharpe)
(/usr/share/texlive/texmf-dist/tex/latex/xkeyval/xkeyval.sty
(/usr/share/texlive/texmf-dist/tex/generic/xkeyval/xkeyval.tex
(/usr/share/texlive/texmf-dist/tex/generic/xkeyval/xkvutils.tex
(/usr/share/texlive/texmf-dist/tex/generic/xkeyval/keyval.tex)))))
(/usr/share/texlive/texmf-dist/tex/latex/graphics/color.sty
(/usr/share/texlive/texmf-dist/tex/latex/graphics-cfg/color.cfg)
(/usr/share/texlive/texmf-dist/tex/latex/graphics-def/pdftex.def))
(/usr/share/texlive/texmf-dist/tex/latex/hyperref/hyperref.sty
(/usr/share/texlive/texmf-dist/tex/generic/ltxcmds/ltxcmds.sty)
(/usr/share/texlive/texmf-dist/tex/latex/pdftexcmds/pdftexcmds.sty
(/usr/share/texlive/texmf-dist/tex/generic/infwarerr/infwarerr.sty))
(/usr/share/texlive/texmf-dist/tex/generic/kvsetkeys/kvsetkeys.sty)
(/usr/share/texlive/texmf-dist/tex/generic/kvdefinekeys/kvdefinekeys.sty)
(/usr/share/texlive/texmf-dist/tex/generic/pdfescape/pdfescape.sty)
(/usr/share/texlive/texmf-dist/tex/latex/hycolor/hycolor.sty)
(/usr/share/texlive/texmf-dist/tex/latex/letltxmacro/letltxmacro.sty)
(/usr/share/texlive/texmf-dist/tex/latex/auxhook/auxhook.sty)
(/usr/share/texlive/texmf-dist/tex/latex/kvoptions/kvoptions.sty)
(/usr/share/texlive/texmf-dist/tex/latex/hyperref/pd1enc.def)
(/usr/share/texlive/texmf-dist/tex/generic/intcalc/intcalc.sty)
(/usr/share/texlive/texmf-dist/tex/generic/etexcmds/etexcmds.sty)
(/usr/share/texlive/texmf-dist/tex/generic/bitset/bitset.sty
(/usr/share/texlive/texmf-dist/tex/generic/bigintcalc/bigintcalc.sty))
(/usr/share/texlive/texmf-dist/tex/generic/atbegshi/atbegshi.sty))
(/usr/share/texlive/texmf-dist/tex/latex/hyperref/hpdftex.def
(/usr/share/texlive/texmf-dist/tex/latex/atveryend/atveryend.sty)
(/usr/share/texlive/texmf-dist/tex/latex/rerunfilecheck/rerunfilecheck.sty
(/usr/share/texlive/texmf-dist/tex/generic/uniquecounter/uniquecounter.sty)))

Package hyperref Warning: Option `hyperindex' has already been used,
(hyperref)                setting the option has no effect on input line 388.


Package hyperref Warning: Option `pagebackref' has already been used,
(hyperref)                setting the option has no effect on input line 388.

) (/usr/share/texlive/texmf-dist/tex/latex/base/makeidx.sty)
(/usr/share/texlive/texmf-dist/tex/latex/base/inputenc.sty)
Writing index file Rd2.idx
(/usr/share/texlive/texmf-dist/tex/latex/l3backend/l3backend-pdfmode.def)
(/var/scratch2/tomas/tmp/Rtmp89lVNT/Rd2pdf2328212f362302/Rd2.aux)
(/usr/share/texlive/texmf-dist/tex/latex/psnfss/t1ptm.fd)
(/usr/share/texlive/texmf-dist/tex/context/base/mkii/supp-pdf.mkii
[Loading MPS to PDF converter (version 2006.09.02).]
) (/usr/share/texlive/texmf-dist/tex/latex/hyperref/nameref.sty
(/usr/share/texlive/texmf-dist/tex/latex/refcount/refcount.sty)
(/usr/share/texlive/texmf-dist/tex/generic/gettitlestring/gettitlestring.sty))
(/var/scratch2/tomas/tmp/Rtmp89lVNT/Rd2pdf2328212f362302/Rd2.out)
(/var/scratch2/tomas/tmp/Rtmp89lVNT/Rd2pdf2328212f362302/Rd2.out)
(/usr/share/texlive/texmf-dist/tex/latex/psnfss/ts1ptm.fd)
(/usr/share/texlive/texmf-dist/tex/latex/inconsolata/t1zi4.fd)
(/usr/share/texlive/texmf-dist/tex/latex/psnfss/t1phv.fd)
(/var/scratch2/tomas/tmp/Rtmp89lVNT/Rd2pdf2328212f362302/Rd2.toc [1{/usr/share/
texlive/texmf-dist/fonts/map/pdftex/updmap/pdftex.map}]) [2]
(/usr/share/texlive/texmf-dist/tex/latex/inconsolata/ts1zi4.fd) [3] [4]
[5] [6] [7] [8] [9]
Overfull \hbox (4.74873pt too wide) in paragraph at lines 444--448
[]\T1/ptm/m/n/10 You can be up-dated of the progress by this func-tion by us-in
g the [][][]\T1/zi4/m/n/10 progress[][][] []\T1/ptm/m/n/10 pack-age. See []\T1/
zi4/m/n/10 progressr[]\T1/ptm/m/n/10 's

Overfull \hbox (108.19011pt too wide) in alignment at lines 495--495
 [] [] [] 
[10] [11] [12] [13] [14] [15] [16] [17] [18] [19] [20]
Overfull \hbox (4.74873pt too wide) in paragraph at lines 1039--1043
[]\T1/ptm/m/n/10 You can be up-dated of the progress by this func-tion by us-in
g the [][][]\T1/zi4/m/n/10 progress[][][] []\T1/ptm/m/n/10 pack-age. See []\T1/
zi4/m/n/10 progressr[]\T1/ptm/m/n/10 's
[21] [22]
Overfull \hbox (26.18863pt too wide) in paragraph at lines 1138--1140
[]\T1/ptm/m/n/10 To per-form a cross-join, gen-er-at-ing all com-bi-na-tions of
 []\T1/zi4/m/n/10 x []\T1/ptm/m/n/10 and []\T1/zi4/m/n/10 y[]\T1/ptm/m/n/10 , u
se []\T1/zi4/m/n/10 by = character()[]\T1/ptm/m/n/10 . 
[23] [24] [25] [26] [27] [28] [29] [30]
Overfull \hbox (4.74873pt too wide) in paragraph at lines 1575--1579
[]\T1/ptm/m/n/10 You can be up-dated of the progress by this func-tion by us-in
g the [][][]\T1/zi4/m/n/10 progress[][][] []\T1/ptm/m/n/10 pack-age. See []\T1/
zi4/m/n/10 progressr[]\T1/ptm/m/n/10 's
[31]
Overfull \hbox (4.74873pt too wide) in paragraph at lines 1620--1624
[]\T1/ptm/m/n/10 You can be up-dated of the progress by this func-tion by us-in
g the [][][]\T1/zi4/m/n/10 progress[][][] []\T1/ptm/m/n/10 pack-age. See []\T1/
zi4/m/n/10 progressr[]\T1/ptm/m/n/10 's
(/var/scratch2/tomas/tmp/Rtmp89lVNT/Rd2pdf2328212f362302/Rd2.ind [32] [33])
(/var/scratch2/tomas/tmp/Rtmp89lVNT/Rd2pdf2328212f362302/Rd2.aux) )
(see the transcript file for additional information)pdfTeX warning (dest): name
{Rfn.unzip} has been referenced but does not exist, replaced by a fixed one

pdfTeX warning (dest): name{Rfn.plan} has been referenced but does not exist, r
eplaced by a fixed one

pdfTeX warning (dest): name{Rfn.DateTimeClasses} has been referenced but does n
ot exist, replaced by a fixed one

pdfTeX warning (dest): name{Rfn.as.period} has been referenced but does not exi
st, replaced by a fixed one

pdfTeX warning (dest): name{Rfn.handlers} has been referenced but does not exis
t, replaced by a fixed one

pdfTeX warning (dest): name{Rfn.dbplyr} has been referenced but does not exist,
 replaced by a fixed one

pdfTeX warning (dest): name{Rfn.tbl} has been referenced but does not exist, re
placed by a fixed one

pdfTeX warning (dest): name{Rfn.progress} has been referenced but does not exis
t, replaced by a fixed one

pdfTeX warning (dest): name{Rfn.as.Date} has been referenced but does not exist
, replaced by a fixed one

pdfTeX warning (dest): name{Rfn.dbDisconnect} has been referenced but does not 
exist, replaced by a fixed one

{/usr/share/texlive/texmf-dist/fonts/enc/dvips/inconsolata/i4-ts1.enc}{/usr/sha
re/texlive/texmf-dist/fonts/enc/dvips/base/8r.enc}{/usr/share/texlive/texmf-dis
t/fonts/enc/dvips/inconsolata/i4-t1-0.enc}{/usr/share/texlive/texmf-dist/fonts/
enc/dvips/cm-super/cm-super-ts1.enc}</usr/share/texlive/texmf-dist/fonts/type1/
public/inconsolata/Inconsolata-zi4r.pfb></usr/share/texlive/texmf-dist/fonts/ty
pe1/public/amsfonts/cm/cmmi10.pfb></usr/share/texlive/texmf-dist/fonts/type1/pu
blic/amsfonts/cm/cmmi7.pfb></usr/share/texlive/texmf-dist/fonts/type1/public/am
sfonts/cm/cmr7.pfb></usr/share/texlive/texmf-dist/fonts/type1/public/amsfonts/c
m/cmsy10.pfb></usr/share/texlive/texmf-dist/fonts/type1/public/amsfonts/cm/cmsy
7.pfb></usr/share/texlive/texmf-dist/fonts/type1/public/cm-super/sfrm1000.pfb><
/usr/share/texlive/texmf-dist/fonts/type1/urw/helvetic/uhvr8a.pfb></usr/share/t
exlive/texmf-dist/fonts/type1/urw/times/utmb8a.pfb></usr/share/texlive/texmf-di
st/fonts/type1/urw/times/utmr8a.pfb></usr/share/texlive/texmf-dist/fonts/type1/
urw/times/utmr8a.pfb></usr/share/texlive/texmf-dist/fonts/type1/urw/times/utmri
8a.pfb>
Output written on Rd2.pdf (33 pages, 195305 bytes).
Transcript written on Rd2.log.
This is makeindex, version 2.15 [TeX Live 2020] (kpathsea + Thai support).
Scanning input file Rd2.idx....done (137 entries accepted, 0 rejected).
Sorting entries....done (996 comparisons).
Generating output file Rd2.ind....done (135 lines written, 1 warning).
Output written in Rd2.ind.
Transcript written in Rd2.ilg.
This is pdfTeX, Version 3.14159265-2.6-1.40.21 (TeX Live 2020) (preloaded format=pdflatex)
 restricted \write18 enabled.
entering extended mode
LaTeX2e <2020-02-02> patch level 5
L3 programming layer <2020-04-06>
(./Rd2.tex
(/usr/share/texlive/texmf-dist/tex/latex/base/book.cls
Document Class: book 2019/12/20 v1.4l Standard LaTeX document class
(/usr/share/texlive/texmf-dist/tex/latex/base/bk10.clo))
(/var/scratch2/tomas/cran/rlibro/build/share/texmf/tex/latex/Rd.sty
(/usr/share/texlive/texmf-dist/tex/latex/base/ifthen.sty)
(/usr/share/texlive/texmf-dist/tex/latex/tools/longtable.sty)
(/usr/share/texlive/texmf-dist/tex/latex/tools/bm.sty)
(/usr/share/texlive/texmf-dist/tex/latex/base/alltt.sty)
(/usr/share/texlive/texmf-dist/tex/latex/tools/verbatim.sty)
(/usr/share/texlive/texmf-dist/tex/latex/url/url.sty)
(/usr/share/texlive/texmf-dist/tex/latex/base/textcomp.sty)
(/usr/share/texlive/texmf-dist/tex/generic/iftex/iftex.sty)
(/usr/share/texlive/texmf-dist/tex/latex/base/fontenc.sty)
(/usr/share/texlive/texmf-dist/tex/latex/psnfss/times.sty)
(/usr/share/texlive/texmf-dist/tex/latex/inconsolata/zi4.sty
`inconsolata-zi4' v1.12, 2019/05/17 Text macros for Inconsolata (msharpe)
(/usr/share/texlive/texmf-dist/tex/latex/xkeyval/xkeyval.sty
(/usr/share/texlive/texmf-dist/tex/generic/xkeyval/xkeyval.tex
(/usr/share/texlive/texmf-dist/tex/generic/xkeyval/xkvutils.tex
(/usr/share/texlive/texmf-dist/tex/generic/xkeyval/keyval.tex)))))
(/usr/share/texlive/texmf-dist/tex/latex/graphics/color.sty
(/usr/share/texlive/texmf-dist/tex/latex/graphics-cfg/color.cfg)
(/usr/share/texlive/texmf-dist/tex/latex/graphics-def/pdftex.def))
(/usr/share/texlive/texmf-dist/tex/latex/hyperref/hyperref.sty
(/usr/share/texlive/texmf-dist/tex/generic/ltxcmds/ltxcmds.sty)
(/usr/share/texlive/texmf-dist/tex/latex/pdftexcmds/pdftexcmds.sty
(/usr/share/texlive/texmf-dist/tex/generic/infwarerr/infwarerr.sty))
(/usr/share/texlive/texmf-dist/tex/generic/kvsetkeys/kvsetkeys.sty)
(/usr/share/texlive/texmf-dist/tex/generic/kvdefinekeys/kvdefinekeys.sty)
(/usr/share/texlive/texmf-dist/tex/generic/pdfescape/pdfescape.sty)
(/usr/share/texlive/texmf-dist/tex/latex/hycolor/hycolor.sty)
(/usr/share/texlive/texmf-dist/tex/latex/letltxmacro/letltxmacro.sty)
(/usr/share/texlive/texmf-dist/tex/latex/auxhook/auxhook.sty)
(/usr/share/texlive/texmf-dist/tex/latex/kvoptions/kvoptions.sty)
(/usr/share/texlive/texmf-dist/tex/latex/hyperref/pd1enc.def)
(/usr/share/texlive/texmf-dist/tex/generic/intcalc/intcalc.sty)
(/usr/share/texlive/texmf-dist/tex/generic/etexcmds/etexcmds.sty)
(/usr/share/texlive/texmf-dist/tex/generic/bitset/bitset.sty
(/usr/share/texlive/texmf-dist/tex/generic/bigintcalc/bigintcalc.sty))
(/usr/share/texlive/texmf-dist/tex/generic/atbegshi/atbegshi.sty))
(/usr/share/texlive/texmf-dist/tex/latex/hyperref/hpdftex.def
(/usr/share/texlive/texmf-dist/tex/latex/atveryend/atveryend.sty)
(/usr/share/texlive/texmf-dist/tex/latex/rerunfilecheck/rerunfilecheck.sty
(/usr/share/texlive/texmf-dist/tex/generic/uniquecounter/uniquecounter.sty)))

Package hyperref Warning: Option `hyperindex' has already been used,
(hyperref)                setting the option has no effect on input line 388.


Package hyperref Warning: Option `pagebackref' has already been used,
(hyperref)                setting the option has no effect on input line 388.

) (/usr/share/texlive/texmf-dist/tex/latex/base/makeidx.sty)
(/usr/share/texlive/texmf-dist/tex/latex/base/inputenc.sty)
Writing index file Rd2.idx
(/usr/share/texlive/texmf-dist/tex/latex/l3backend/l3backend-pdfmode.def)
(/var/scratch2/tomas/tmp/Rtmp89lVNT/Rd2pdf2328212f362302/Rd2.aux)
(/usr/share/texlive/texmf-dist/tex/latex/psnfss/t1ptm.fd)
(/usr/share/texlive/texmf-dist/tex/context/base/mkii/supp-pdf.mkii
[Loading MPS to PDF converter (version 2006.09.02).]
) (/usr/share/texlive/texmf-dist/tex/latex/hyperref/nameref.sty
(/usr/share/texlive/texmf-dist/tex/latex/refcount/refcount.sty)
(/usr/share/texlive/texmf-dist/tex/generic/gettitlestring/gettitlestring.sty))
(/var/scratch2/tomas/tmp/Rtmp89lVNT/Rd2pdf2328212f362302/Rd2.out)
(/var/scratch2/tomas/tmp/Rtmp89lVNT/Rd2pdf2328212f362302/Rd2.out)
(/usr/share/texlive/texmf-dist/tex/latex/psnfss/ts1ptm.fd)
(/usr/share/texlive/texmf-dist/tex/latex/inconsolata/t1zi4.fd)
(/usr/share/texlive/texmf-dist/tex/latex/psnfss/t1phv.fd)
(/var/scratch2/tomas/tmp/Rtmp89lVNT/Rd2pdf2328212f362302/Rd2.toc [1{/usr/share/
texlive/texmf-dist/fonts/map/pdftex/updmap/pdftex.map}]) [2]
(/usr/share/texlive/texmf-dist/tex/latex/inconsolata/ts1zi4.fd) [3] [4]
[5] [6] [7] [8] [9]
Overfull \hbox (4.74873pt too wide) in paragraph at lines 444--448
[]\T1/ptm/m/n/10 You can be up-dated of the progress by this func-tion by us-in
g the [][][]\T1/zi4/m/n/10 progress[][][] []\T1/ptm/m/n/10 pack-age. See []\T1/
zi4/m/n/10 progressr[]\T1/ptm/m/n/10 's

Overfull \hbox (108.19011pt too wide) in alignment at lines 495--495
 [] [] [] 
[10] [11] [12] [13] [14] [15] [16] [17] [18] [19] [20]
Overfull \hbox (4.74873pt too wide) in paragraph at lines 1039--1043
[]\T1/ptm/m/n/10 You can be up-dated of the progress by this func-tion by us-in
g the [][][]\T1/zi4/m/n/10 progress[][][] []\T1/ptm/m/n/10 pack-age. See []\T1/
zi4/m/n/10 progressr[]\T1/ptm/m/n/10 's
[21] [22]
Overfull \hbox (26.18863pt too wide) in paragraph at lines 1138--1140
[]\T1/ptm/m/n/10 To per-form a cross-join, gen-er-at-ing all com-bi-na-tions of
 []\T1/zi4/m/n/10 x []\T1/ptm/m/n/10 and []\T1/zi4/m/n/10 y[]\T1/ptm/m/n/10 , u
se []\T1/zi4/m/n/10 by = character()[]\T1/ptm/m/n/10 . 
[23] [24] [25] [26] [27] [28] [29] [30]
Overfull \hbox (4.74873pt too wide) in paragraph at lines 1575--1579
[]\T1/ptm/m/n/10 You can be up-dated of the progress by this func-tion by us-in
g the [][][]\T1/zi4/m/n/10 progress[][][] []\T1/ptm/m/n/10 pack-age. See []\T1/
zi4/m/n/10 progressr[]\T1/ptm/m/n/10 's
[31]
Overfull \hbox (4.74873pt too wide) in paragraph at lines 1620--1624
[]\T1/ptm/m/n/10 You can be up-dated of the progress by this func-tion by us-in
g the [][][]\T1/zi4/m/n/10 progress[][][] []\T1/ptm/m/n/10 pack-age. See []\T1/
zi4/m/n/10 progressr[]\T1/ptm/m/n/10 's
(/var/scratch2/tomas/tmp/Rtmp89lVNT/Rd2pdf2328212f362302/Rd2.ind [32] [33])
(/var/scratch2/tomas/tmp/Rtmp89lVNT/Rd2pdf2328212f362302/Rd2.aux) )
(see the transcript file for additional information)pdfTeX warning (dest): name
{Rfn.unzip} has been referenced but does not exist, replaced by a fixed one

pdfTeX warning (dest): name{Rfn.plan} has been referenced but does not exist, r
eplaced by a fixed one

pdfTeX warning (dest): name{Rfn.DateTimeClasses} has been referenced but does n
ot exist, replaced by a fixed one

pdfTeX warning (dest): name{Rfn.as.period} has been referenced but does not exi
st, replaced by a fixed one

pdfTeX warning (dest): name{Rfn.handlers} has been referenced but does not exis
t, replaced by a fixed one

pdfTeX warning (dest): name{Rfn.dbplyr} has been referenced but does not exist,
 replaced by a fixed one

pdfTeX warning (dest): name{Rfn.tbl} has been referenced but does not exist, re
placed by a fixed one

pdfTeX warning (dest): name{Rfn.progress} has been referenced but does not exis
t, replaced by a fixed one

pdfTeX warning (dest): name{Rfn.as.Date} has been referenced but does not exist
, replaced by a fixed one

pdfTeX warning (dest): name{Rfn.dbDisconnect} has been referenced but does not 
exist, replaced by a fixed one

{/usr/share/texlive/texmf-dist/fonts/enc/dvips/inconsolata/i4-ts1.enc}{/usr/sha
re/texlive/texmf-dist/fonts/enc/dvips/base/8r.enc}{/usr/share/texlive/texmf-dis
t/fonts/enc/dvips/inconsolata/i4-t1-0.enc}{/usr/share/texlive/texmf-dist/fonts/
enc/dvips/cm-super/cm-super-ts1.enc}</usr/share/texlive/texmf-dist/fonts/type1/
public/inconsolata/Inconsolata-zi4r.pfb></usr/share/texlive/texmf-dist/fonts/ty
pe1/public/amsfonts/cm/cmmi10.pfb></usr/share/texlive/texmf-dist/fonts/type1/pu
blic/amsfonts/cm/cmmi7.pfb></usr/share/texlive/texmf-dist/fonts/type1/public/am
sfonts/cm/cmr7.pfb></usr/share/texlive/texmf-dist/fonts/type1/public/amsfonts/c
m/cmsy10.pfb></usr/share/texlive/texmf-dist/fonts/type1/public/amsfonts/cm/cmsy
7.pfb></usr/share/texlive/texmf-dist/fonts/type1/public/cm-super/sfrm1000.pfb><
/usr/share/texlive/texmf-dist/fonts/type1/urw/helvetic/uhvr8a.pfb></usr/share/t
exlive/texmf-dist/fonts/type1/urw/times/utmb8a.pfb></usr/share/texlive/texmf-di
st/fonts/type1/urw/times/utmr8a.pfb></usr/share/texlive/texmf-dist/fonts/type1/
urw/times/utmr8a.pfb></usr/share/texlive/texmf-dist/fonts/type1/urw/times/utmri
8a.pfb>
Output written on Rd2.pdf (33 pages, 195301 bytes).
Transcript written on Rd2.log.
Saving output to ‘mpathsenser-manual.pdf’ ...
Done
You may want to clean up by 'rm -Rf /var/scratch2/tomas/tmp/Rtmp89lVNT/Rd2pdf2328212f362302'
