* installing *source* package ‘epiworldR’ ...
** this is package ‘epiworldR’ version ‘0.10.0.0’
** package ‘epiworldR’ successfully unpacked and MD5 sums checked
** using staged installation
checking whether the C++ compiler works... yes
checking for C++ compiler default output file name... a.out
checking for suffix of executables... 
checking whether we are cross compiling... no
checking for suffix of object files... o
checking whether the compiler supports GNU C++... yes
checking whether g++ -std=gnu++17 accepts -g... yes
checking for g++ -std=gnu++17 option to enable C++11 features... none needed
checking how to run the C++ preprocessor... g++ -std=gnu++17 -E
checking whether the compiler supports GNU C++... (cached) yes
checking whether g++ -std=gnu++17 accepts -g... (cached) yes
checking for g++ -std=gnu++17 option to enable C++11 features... (cached) none needed
checking whether we have a suitable tempdir... /var/scratch2/tomas/tmp
checking whether R CMD SHLIB can already compile programs using OpenMP... yes
checking whether to build the dev version... configure: creating ./config.status
config.status: creating src/Makevars
** libs
using C++ compiler: ‘g++ (GCC) 15.2.1 20251022 (Red Hat 15.2.1-3)’
make[1]: Entering directory '/var/scratch2/tomas/tmp/RtmpMKFM1k/R.INSTALL2d23c41c393a3f/epiworldR/src'
g++ -std=gnu++17 -I"/var/scratch2/tomas/cran/rlibro/build/include" -DNDEBUG  -I'/var/scratch2/tomas/cran/rlibro/lib/cpp11/include' -I/usr/local/include   -fopenmp -I../inst/include/  -Dprintf_epiworld=Rprintf -Depiworld_double=double '-DEPI_CHECK_USER_INTERRUPT(a)=cpp11::check_user_interrupt()' -fpic  -g -O2   -c actions.cpp -o actions.o
g++ -std=gnu++17 -I"/var/scratch2/tomas/cran/rlibro/build/include" -DNDEBUG  -I'/var/scratch2/tomas/cran/rlibro/lib/cpp11/include' -I/usr/local/include   -fopenmp -I../inst/include/  -Dprintf_epiworld=Rprintf -Depiworld_double=double '-DEPI_CHECK_USER_INTERRUPT(a)=cpp11::check_user_interrupt()' -fpic  -g -O2   -c agents.cpp -o agents.o
g++ -std=gnu++17 -I"/var/scratch2/tomas/cran/rlibro/build/include" -DNDEBUG  -I'/var/scratch2/tomas/cran/rlibro/lib/cpp11/include' -I/usr/local/include   -fopenmp -I../inst/include/  -Dprintf_epiworld=Rprintf -Depiworld_double=double '-DEPI_CHECK_USER_INTERRUPT(a)=cpp11::check_user_interrupt()' -fpic  -g -O2   -c cpp11.cpp -o cpp11.o
g++ -std=gnu++17 -I"/var/scratch2/tomas/cran/rlibro/build/include" -DNDEBUG  -I'/var/scratch2/tomas/cran/rlibro/lib/cpp11/include' -I/usr/local/include   -fopenmp -I../inst/include/  -Dprintf_epiworld=Rprintf -Depiworld_double=double '-DEPI_CHECK_USER_INTERRUPT(a)=cpp11::check_user_interrupt()' -fpic  -g -O2   -c db.cpp -o db.o
g++ -std=gnu++17 -I"/var/scratch2/tomas/cran/rlibro/build/include" -DNDEBUG  -I'/var/scratch2/tomas/cran/rlibro/lib/cpp11/include' -I/usr/local/include   -fopenmp -I../inst/include/  -Dprintf_epiworld=Rprintf -Depiworld_double=double '-DEPI_CHECK_USER_INTERRUPT(a)=cpp11::check_user_interrupt()' -fpic  -g -O2   -c entities.cpp -o entities.o
g++ -std=gnu++17 -I"/var/scratch2/tomas/cran/rlibro/build/include" -DNDEBUG  -I'/var/scratch2/tomas/cran/rlibro/lib/cpp11/include' -I/usr/local/include   -fopenmp -I../inst/include/  -Dprintf_epiworld=Rprintf -Depiworld_double=double '-DEPI_CHECK_USER_INTERRUPT(a)=cpp11::check_user_interrupt()' -fpic  -g -O2   -c epimodels.cpp -o epimodels.o
g++ -std=gnu++17 -I"/var/scratch2/tomas/cran/rlibro/build/include" -DNDEBUG  -I'/var/scratch2/tomas/cran/rlibro/lib/cpp11/include' -I/usr/local/include   -fopenmp -I../inst/include/  -Dprintf_epiworld=Rprintf -Depiworld_double=double '-DEPI_CHECK_USER_INTERRUPT(a)=cpp11::check_user_interrupt()' -fpic  -g -O2   -c lfmcmc.cpp -o lfmcmc.o
g++ -std=gnu++17 -I"/var/scratch2/tomas/cran/rlibro/build/include" -DNDEBUG  -I'/var/scratch2/tomas/cran/rlibro/lib/cpp11/include' -I/usr/local/include   -fopenmp -I../inst/include/  -Dprintf_epiworld=Rprintf -Depiworld_double=double '-DEPI_CHECK_USER_INTERRUPT(a)=cpp11::check_user_interrupt()' -fpic  -g -O2   -c model-diagram.cpp -o model-diagram.o
g++ -std=gnu++17 -I"/var/scratch2/tomas/cran/rlibro/build/include" -DNDEBUG  -I'/var/scratch2/tomas/cran/rlibro/lib/cpp11/include' -I/usr/local/include   -fopenmp -I../inst/include/  -Dprintf_epiworld=Rprintf -Depiworld_double=double '-DEPI_CHECK_USER_INTERRUPT(a)=cpp11::check_user_interrupt()' -fpic  -g -O2   -c model.cpp -o model.o
g++ -std=gnu++17 -I"/var/scratch2/tomas/cran/rlibro/build/include" -DNDEBUG  -I'/var/scratch2/tomas/cran/rlibro/lib/cpp11/include' -I/usr/local/include   -fopenmp -I../inst/include/  -Dprintf_epiworld=Rprintf -Depiworld_double=double '-DEPI_CHECK_USER_INTERRUPT(a)=cpp11::check_user_interrupt()' -fpic  -g -O2   -c tool.cpp -o tool.o
g++ -std=gnu++17 -I"/var/scratch2/tomas/cran/rlibro/build/include" -DNDEBUG  -I'/var/scratch2/tomas/cran/rlibro/lib/cpp11/include' -I/usr/local/include   -fopenmp -I../inst/include/  -Dprintf_epiworld=Rprintf -Depiworld_double=double '-DEPI_CHECK_USER_INTERRUPT(a)=cpp11::check_user_interrupt()' -fpic  -g -O2   -c virus.cpp -o virus.o
g++ -std=gnu++17 -shared -L/usr/local/lib64 -o epiworldR.so actions.o agents.o cpp11.o db.o entities.o epimodels.o lfmcmc.o model-diagram.o model.o tool.o virus.o -fopenmp
make[1]: Leaving directory '/var/scratch2/tomas/tmp/RtmpMKFM1k/R.INSTALL2d23c41c393a3f/epiworldR/src'
installing to /var/scratch2/tomas/cran/rlibro/lib/00LOCK-epiworldR/00new/epiworldR/libs
** R
** inst
** byte-compile and prepare package for lazy loading
** help
*** installing help indices
*** copying figures
** building package indices
** installing vignettes
** testing if installed package can be loaded from temporary location
** checking absolute paths in shared objects and dynamic libraries
** testing if installed package can be loaded from final location
** testing if installed package keeps a record of temporary installation path
* DONE (epiworldR)
