Hmm ... looks like a package
Converting parsed Rd's to LaTeX ...
Creating pdf output from LaTeX ...

This is pdfTeX, Version 3.141592653-2.6-1.40.25 (TeX Live 2023) (preloaded format=pdflatex)
 restricted \write18 enabled.
entering extended mode
LaTeX2e <2022-11-01> patch level 1
L3 programming layer <2023-02-22> (./Rd2.tex
(/usr/share/texlive/texmf-dist/tex/latex/base/book.cls
Document Class: book 2022/07/02 v1.4n Standard LaTeX document class
(/usr/share/texlive/texmf-dist/tex/latex/base/bk10.clo))
(/var/scratch2/tomas/cran/rlibro/build/share/texmf/tex/latex/Rd.sty
(/usr/share/texlive/texmf-dist/tex/latex/base/ifthen.sty)
(/usr/share/texlive/texmf-dist/tex/generic/iftex/iftex.sty)
(/usr/share/texlive/texmf-dist/tex/latex/tools/longtable.sty)
(/usr/share/texlive/texmf-dist/tex/latex/tools/bm.sty)
(/usr/share/texlive/texmf-dist/tex/latex/base/alltt.sty)
(/usr/share/texlive/texmf-dist/tex/latex/tools/verbatim.sty)
(/usr/share/texlive/texmf-dist/tex/latex/url/url.sty)
(/usr/share/texlive/texmf-dist/tex/latex/base/textcomp.sty)
(/usr/share/texlive/texmf-dist/tex/latex/amsmath/amsmath.sty
For additional information on amsmath, use the `?' option.
(/usr/share/texlive/texmf-dist/tex/latex/amsmath/amstext.sty
(/usr/share/texlive/texmf-dist/tex/latex/amsmath/amsgen.sty))
(/usr/share/texlive/texmf-dist/tex/latex/amsmath/amsbsy.sty)
(/usr/share/texlive/texmf-dist/tex/latex/amsmath/amsopn.sty))
(/usr/share/texlive/texmf-dist/tex/latex/amsfonts/amsfonts.sty)
(/usr/share/texlive/texmf-dist/tex/latex/amsfonts/amssymb.sty)
(/usr/share/texlive/texmf-dist/tex/latex/jknapltx/mathrsfs.sty)
(/usr/share/texlive/texmf-dist/tex/latex/base/fontenc.sty)
(/usr/share/texlive/texmf-dist/tex/latex/psnfss/times.sty)
(/usr/share/texlive/texmf-dist/tex/latex/inconsolata/zi4.sty
`inconsolata-zi4' v1.12, 2019/05/17 Text macros for Inconsolata (msharpe)
(/usr/share/texlive/texmf-dist/tex/latex/xkeyval/xkeyval.sty
(/usr/share/texlive/texmf-dist/tex/generic/xkeyval/xkeyval.tex
(/usr/share/texlive/texmf-dist/tex/generic/xkeyval/xkvutils.tex
(/usr/share/texlive/texmf-dist/tex/generic/xkeyval/keyval.tex)))))
(/usr/share/texlive/texmf-dist/tex/latex/graphics/color.sty
(/usr/share/texlive/texmf-dist/tex/latex/graphics-cfg/color.cfg)
(/usr/share/texlive/texmf-dist/tex/latex/graphics-def/pdftex.def)
(/usr/share/texlive/texmf-dist/tex/latex/graphics/mathcolor.ltx))
(/usr/share/texlive/texmf-dist/tex/latex/hyperref/hyperref.sty
(/usr/share/texlive/texmf-dist/tex/generic/ltxcmds/ltxcmds.sty)
(/usr/share/texlive/texmf-dist/tex/generic/pdftexcmds/pdftexcmds.sty
(/usr/share/texlive/texmf-dist/tex/generic/infwarerr/infwarerr.sty))
(/usr/share/texlive/texmf-dist/tex/latex/kvsetkeys/kvsetkeys.sty)
(/usr/share/texlive/texmf-dist/tex/generic/kvdefinekeys/kvdefinekeys.sty)
(/usr/share/texlive/texmf-dist/tex/generic/pdfescape/pdfescape.sty)
(/usr/share/texlive/texmf-dist/tex/latex/hycolor/hycolor.sty)
(/usr/share/texlive/texmf-dist/tex/latex/letltxmacro/letltxmacro.sty)
(/usr/share/texlive/texmf-dist/tex/latex/auxhook/auxhook.sty)
(/usr/share/texlive/texmf-dist/tex/latex/hyperref/nameref.sty
(/usr/share/texlive/texmf-dist/tex/latex/refcount/refcount.sty)
(/usr/share/texlive/texmf-dist/tex/generic/gettitlestring/gettitlestring.sty
(/usr/share/texlive/texmf-dist/tex/latex/kvoptions/kvoptions.sty)))
(/usr/share/texlive/texmf-dist/tex/latex/hyperref/pd1enc.def)
(/usr/share/texlive/texmf-dist/tex/generic/intcalc/intcalc.sty)
(/usr/share/texlive/texmf-dist/tex/generic/etexcmds/etexcmds.sty)
(/usr/share/texlive/texmf-dist/tex/latex/hyperref/puenc.def)
(/usr/share/texlive/texmf-dist/tex/generic/bitset/bitset.sty
(/usr/share/texlive/texmf-dist/tex/generic/bigintcalc/bigintcalc.sty))
(/usr/share/texlive/texmf-dist/tex/latex/base/atbegshi-ltx.sty))
(/usr/share/texlive/texmf-dist/tex/latex/hyperref/hpdftex.def
(/usr/share/texlive/texmf-dist/tex/latex/base/atveryend-ltx.sty)
(/usr/share/texlive/texmf-dist/tex/latex/rerunfilecheck/rerunfilecheck.sty
(/usr/share/texlive/texmf-dist/tex/generic/uniquecounter/uniquecounter.sty))))
(/usr/share/texlive/texmf-dist/tex/latex/base/makeidx.sty)
(/usr/share/texlive/texmf-dist/tex/latex/graphics/graphicx.sty
(/usr/share/texlive/texmf-dist/tex/latex/graphics/graphics.sty
(/usr/share/texlive/texmf-dist/tex/latex/graphics/trig.sty)
(/usr/share/texlive/texmf-dist/tex/latex/graphics-cfg/graphics.cfg)))
Writing index file Rd2.idx
(/usr/share/texlive/texmf-dist/tex/latex/psnfss/t1ptm.fd)
(/usr/share/texlive/texmf-dist/tex/latex/l3backend/l3backend-pdftex.def)
No file Rd2.aux.
(/usr/share/texlive/texmf-dist/tex/context/base/mkii/supp-pdf.mkii
[Loading MPS to PDF converter (version 2006.09.02).]
) (/usr/share/texlive/texmf-dist/tex/latex/epstopdf-pkg/epstopdf-base.sty
(/usr/share/texlive/texmf-dist/tex/latex/latexconfig/epstopdf-sys.cfg))
(/usr/share/texlive/texmf-dist/tex/latex/psnfss/ts1ptm.fd)
(/usr/share/texlive/texmf-dist/tex/latex/inconsolata/t1zi4.fd)
(/usr/share/texlive/texmf-dist/tex/latex/amsfonts/umsa.fd)
(/usr/share/texlive/texmf-dist/tex/latex/amsfonts/umsb.fd)
(/usr/share/texlive/texmf-dist/tex/latex/jknapltx/ursfs.fd) [1{/var/lib/texmf/f
onts/map/pdftex/updmap/pdftex.map}{/usr/share/texlive/texmf-dist/fonts/enc/dvip
s/base/8r.enc}{/usr/share/texlive/texmf-dist/fonts/enc/dvips/inconsolata/i4-t1-
0.enc}]
No file Rd2.toc.

Overfull \hbox (10.38857pt too wide) in paragraph at lines 81--82
[]\T1/ptm/m/n/10 Centers for Dis-ease Con-trol and Pre-ven-tion (Award num-ber 
1U01CK000585; 75D30121F00003)
[2] [3] (/usr/share/texlive/texmf-dist/tex/latex/base/t1cmtt.fd)
(/usr/share/texlive/texmf-dist/tex/latex/base/ts1cmtt.fd)
(/usr/share/texlive/texmf-dist/tex/latex/inconsolata/ts1zi4.fd) [4{/usr/share/t
exlive/texmf-dist/fonts/enc/dvips/cm-super/cm-super-ts1.enc}{/usr/share/texlive
/texmf-dist/fonts/enc/dvips/inconsolata/i4-ts1.enc}] [5] [6] [7] [8] [9]
Overfull \hbox (10.39867pt too wide) in paragraph at lines 691--693
[]\T1/ptm/m/n/10 The func-tion []\T1/zi4/m/n/10 get_generation_time []\T1/ptm/m
/n/10 re-turns a []\T1/zi4/m/n/10 data.frame []\T1/ptm/m/n/10 with the fol-low-
ing columns: "agent",
[10] [11]
Overfull \hbox (4.41898pt too wide) in paragraph at lines 865--872
[]\T1/ptm/m/n/10 The func-tion []\T1/zi4/m/n/10 get_hospitalizations []\T1/ptm/
m/n/10 re-turns a data.frame with five columns: []\T1/zi4/m/n/10 date[]\T1/ptm/
m/n/10 , []\T1/zi4/m/n/10 virus_id[]\T1/ptm/m/n/10 ,
[12] [13]
Overfull \hbox (17.35799pt too wide) in paragraph at lines 1027--1030
\T1/ptm/m/n/10 out-put file (or printed to the stan-dard out-put if the file-na
me is empty). See [][][]\T1/zi4/m/n/10 draw_mermaid_from_data()[][][][]\T1/ptm/
m/n/10 . 

Overfull \hbox (31.12784pt too wide) in paragraph at lines 1064--1066
[]\T1/ptm/m/n/10 The []\T1/zi4/m/n/10 get_param []\T1/ptm/m/n/10 func-tion re-t
urns a se-lected pa-ram-e-ter from the model ob-ject of class []\T1/zi4/m/n/10 
epiworld_model[]\T1/ptm/m/n/10 . 

Overfull \hbox (0.3786pt too wide) in paragraph at lines 1087--1089
[]\T1/ptm/m/n/10 The []\T1/zi4/m/n/10 set_name []\T1/ptm/m/n/10 func-tion does 
not re-turn a value but in-stead al-ters an ob-ject of []\T1/zi4/m/n/10 epiworl
d_model[]\T1/ptm/m/n/10 . 
[14] [15]
Underfull \vbox (badness 10000) has occurred while \output is active [16]
[17] [18] [19]
Overfull \hbox (13.9979pt too wide) in paragraph at lines 1534--1536
[]\T1/zi4/m/n/10 get_hist_transition_matrix []\T1/ptm/m/n/10 re-turns a [][]dat
a.frame[][][] with four columns: "state_from", "state_to",

Overfull \hbox (4.47987pt too wide) in paragraph at lines 1542--1546
\T1/ptm/m/n/10 turned by []\T1/zi4/m/n/10 get_hist_transition_matrix []\T1/ptm/
m/n/10 into an ar-ray of \T1/zi4/m/n/10 nstates x nstates x (ndays + 1)

Overfull \hbox (44.91887pt too wide) in paragraph at lines 1552--1554
[]\T1/ptm/m/n/10 The []\T1/zi4/m/n/10 plot_incidence []\T1/ptm/m/n/10 func-tion
 re-turns a plot orig-i-nat-ing from the ob-ject []\T1/zi4/m/n/10 get_hist_tran
sition_matrix[]\T1/ptm/m/n/10 . 
[20] [21] [22]
Overfull \hbox (23.08817pt too wide) in paragraph at lines 1756--1758
[]\T1/ptm/m/n/10 The []\T1/zi4/m/n/10 globalevent_set_params []\T1/ptm/m/n/10 f
unc-tion re-turns an ob-ject of class [][]epi-world_globalevent_set_param[][][]


Overfull \hbox (22.31808pt too wide) in paragraph at lines 1758--1760
[]\T1/zi4/m/n/10 globalevent_tool []\T1/ptm/m/n/10 re-turns an ob-ject of class
 [][]epi-world_globalevent_tool[][][] and [][]epi-world_globalevent[][][]. 
[23]
Underfull \vbox (badness 10000) has occurred while \output is active [24]
[25] [26] [27] [28] [29] [30]
Overfull \hbox (40.61024pt too wide) in paragraph at lines 2398--2414
[]\T1/ptm/m/n/10 Other Mod-els: [][][]\T1/zi4/m/n/10 ModelSEIR[][][]()[]\T1/ptm
/m/n/10 , [][][]\T1/zi4/m/n/10 ModelSEIRCONN[][][]()[]\T1/ptm/m/n/10 , [][][]\T
1/zi4/m/n/10 ModelSEIRD[][][]()[]\T1/ptm/m/n/10 , [][][]\T1/zi4/m/n/10 ModelSEI
RDCONN[][][]()[]\T1/ptm/m/n/10 , [][][]\T1/zi4/m/n/10 ModelSEIRMixing[][][]()[]
\T1/ptm/m/n/10 ,

Overfull \hbox (10.36096pt too wide) in paragraph at lines 2398--2414
[][][]\T1/zi4/m/n/10 ModelSEIRMixingQuarantine[][][]()[]\T1/ptm/m/n/10 , [][][]
\T1/zi4/m/n/10 ModelSIR[][][]()[]\T1/ptm/m/n/10 , [][][]\T1/zi4/m/n/10 ModelSIR
CONN[][][]()[]\T1/ptm/m/n/10 , [][][]\T1/zi4/m/n/10 ModelSIRD[][][]()[]\T1/ptm/
m/n/10 , [][][]\T1/zi4/m/n/10 ModelSIRDCONN[][][]()[]\T1/ptm/m/n/10 ,
[31]
Overfull \hbox (55.61024pt too wide) in paragraph at lines 2500--2516
[]\T1/ptm/m/n/10 Other Mod-els: [][][]\T1/zi4/m/n/10 ModelDiffNet[][][]()[]\T1/
ptm/m/n/10 , [][][]\T1/zi4/m/n/10 ModelSEIRCONN[][][]()[]\T1/ptm/m/n/10 , [][][
]\T1/zi4/m/n/10 ModelSEIRD[][][]()[]\T1/ptm/m/n/10 , [][][]\T1/zi4/m/n/10 Model
SEIRDCONN[][][]()[]\T1/ptm/m/n/10 , [][][]\T1/zi4/m/n/10 ModelSEIRMixing[][][](
)[]\T1/ptm/m/n/10 ,

Overfull \hbox (10.36096pt too wide) in paragraph at lines 2500--2516
[][][]\T1/zi4/m/n/10 ModelSEIRMixingQuarantine[][][]()[]\T1/ptm/m/n/10 , [][][]
\T1/zi4/m/n/10 ModelSIR[][][]()[]\T1/ptm/m/n/10 , [][][]\T1/zi4/m/n/10 ModelSIR
CONN[][][]()[]\T1/ptm/m/n/10 , [][][]\T1/zi4/m/n/10 ModelSIRD[][][]()[]\T1/ptm/
m/n/10 , [][][]\T1/zi4/m/n/10 ModelSIRDCONN[][][]()[]\T1/ptm/m/n/10 ,
[32 </var/scratch2ro/tomas/cran/rlibro/lib/epiworldR/help/figures//seir.png>]
[33]
Overfull \hbox (35.61024pt too wide) in paragraph at lines 2600--2616
[]\T1/ptm/m/n/10 Other Mod-els: [][][]\T1/zi4/m/n/10 ModelDiffNet[][][]()[]\T1/
ptm/m/n/10 , [][][]\T1/zi4/m/n/10 ModelSEIR[][][]()[]\T1/ptm/m/n/10 , [][][]\T1
/zi4/m/n/10 ModelSEIRD[][][]()[]\T1/ptm/m/n/10 , [][][]\T1/zi4/m/n/10 ModelSEIR
DCONN[][][]()[]\T1/ptm/m/n/10 , [][][]\T1/zi4/m/n/10 ModelSEIRMixing[][][]()[]\
T1/ptm/m/n/10 ,

Overfull \hbox (10.36096pt too wide) in paragraph at lines 2600--2616
[][][]\T1/zi4/m/n/10 ModelSEIRMixingQuarantine[][][]()[]\T1/ptm/m/n/10 , [][][]
\T1/zi4/m/n/10 ModelSIR[][][]()[]\T1/ptm/m/n/10 , [][][]\T1/zi4/m/n/10 ModelSIR
CONN[][][]()[]\T1/ptm/m/n/10 , [][][]\T1/zi4/m/n/10 ModelSIRD[][][]()[]\T1/ptm/
m/n/10 , [][][]\T1/zi4/m/n/10 ModelSIRDCONN[][][]()[]\T1/ptm/m/n/10 ,
[34 </var/scratch2ro/tomas/cran/rlibro/lib/epiworldR/help/figures//seirconnecte
d.png>]
Overfull \hbox (50.61024pt too wide) in paragraph at lines 2713--2729
[]\T1/ptm/m/n/10 Other Mod-els: [][][]\T1/zi4/m/n/10 ModelDiffNet[][][]()[]\T1/
ptm/m/n/10 , [][][]\T1/zi4/m/n/10 ModelSEIR[][][]()[]\T1/ptm/m/n/10 , [][][]\T1
/zi4/m/n/10 ModelSEIRCONN[][][]()[]\T1/ptm/m/n/10 , [][][]\T1/zi4/m/n/10 ModelS
EIRDCONN[][][]()[]\T1/ptm/m/n/10 , [][][]\T1/zi4/m/n/10 ModelSEIRMixing[][][]()
[]\T1/ptm/m/n/10 ,

Overfull \hbox (10.36096pt too wide) in paragraph at lines 2713--2729
[][][]\T1/zi4/m/n/10 ModelSEIRMixingQuarantine[][][]()[]\T1/ptm/m/n/10 , [][][]
\T1/zi4/m/n/10 ModelSIR[][][]()[]\T1/ptm/m/n/10 , [][][]\T1/zi4/m/n/10 ModelSIR
CONN[][][]()[]\T1/ptm/m/n/10 , [][][]\T1/zi4/m/n/10 ModelSIRD[][][]()[]\T1/ptm/
m/n/10 , [][][]\T1/zi4/m/n/10 ModelSIRDCONN[][][]()[]\T1/ptm/m/n/10 ,
[35 </var/scratch2ro/tomas/cran/rlibro/lib/epiworldR/help/figures//seird.png>]
[36]
Overfull \hbox (30.61024pt too wide) in paragraph at lines 2826--2842
[]\T1/ptm/m/n/10 Other Mod-els: [][][]\T1/zi4/m/n/10 ModelDiffNet[][][]()[]\T1/
ptm/m/n/10 , [][][]\T1/zi4/m/n/10 ModelSEIR[][][]()[]\T1/ptm/m/n/10 , [][][]\T1
/zi4/m/n/10 ModelSEIRCONN[][][]()[]\T1/ptm/m/n/10 , [][][]\T1/zi4/m/n/10 ModelS
EIRD[][][]()[]\T1/ptm/m/n/10 , [][][]\T1/zi4/m/n/10 ModelSEIRMixing[][][]()[]\T
1/ptm/m/n/10 ,

Overfull \hbox (10.36096pt too wide) in paragraph at lines 2826--2842
[][][]\T1/zi4/m/n/10 ModelSEIRMixingQuarantine[][][]()[]\T1/ptm/m/n/10 , [][][]
\T1/zi4/m/n/10 ModelSIR[][][]()[]\T1/ptm/m/n/10 , [][][]\T1/zi4/m/n/10 ModelSIR
CONN[][][]()[]\T1/ptm/m/n/10 , [][][]\T1/zi4/m/n/10 ModelSIRD[][][]()[]\T1/ptm/
m/n/10 , [][][]\T1/zi4/m/n/10 ModelSIRDCONN[][][]()[]\T1/ptm/m/n/10 ,
[37 </var/scratch2ro/tomas/cran/rlibro/lib/epiworldR/help/figures//seirdconnect
ed.png>] [38]
Overfull \hbox (25.61024pt too wide) in paragraph at lines 2953--2969
[]\T1/ptm/m/n/10 Other Mod-els: [][][]\T1/zi4/m/n/10 ModelDiffNet[][][]()[]\T1/
ptm/m/n/10 , [][][]\T1/zi4/m/n/10 ModelSEIR[][][]()[]\T1/ptm/m/n/10 , [][][]\T1
/zi4/m/n/10 ModelSEIRCONN[][][]()[]\T1/ptm/m/n/10 , [][][]\T1/zi4/m/n/10 ModelS
EIRD[][][]()[]\T1/ptm/m/n/10 , [][][]\T1/zi4/m/n/10 ModelSEIRDCONN[][][]()[]\T1
/ptm/m/n/10 ,

Overfull \hbox (10.36096pt too wide) in paragraph at lines 2953--2969
[][][]\T1/zi4/m/n/10 ModelSEIRMixingQuarantine[][][]()[]\T1/ptm/m/n/10 , [][][]
\T1/zi4/m/n/10 ModelSIR[][][]()[]\T1/ptm/m/n/10 , [][][]\T1/zi4/m/n/10 ModelSIR
CONN[][][]()[]\T1/ptm/m/n/10 , [][][]\T1/zi4/m/n/10 ModelSIRD[][][]()[]\T1/ptm/
m/n/10 , [][][]\T1/zi4/m/n/10 ModelSIRDCONN[][][]()[]\T1/ptm/m/n/10 ,
[39 </var/scratch2ro/tomas/cran/rlibro/lib/epiworldR/help/figures//seirmixing.p
ng>] [40]
Underfull \vbox (badness 2837) has occurred while \output is active [41]
Overfull \hbox (25.61024pt too wide) in paragraph at lines 3118--3134
[]\T1/ptm/m/n/10 Other Mod-els: [][][]\T1/zi4/m/n/10 ModelDiffNet[][][]()[]\T1/
ptm/m/n/10 , [][][]\T1/zi4/m/n/10 ModelSEIR[][][]()[]\T1/ptm/m/n/10 , [][][]\T1
/zi4/m/n/10 ModelSEIRCONN[][][]()[]\T1/ptm/m/n/10 , [][][]\T1/zi4/m/n/10 ModelS
EIRD[][][]()[]\T1/ptm/m/n/10 , [][][]\T1/zi4/m/n/10 ModelSEIRDCONN[][][]()[]\T1
/ptm/m/n/10 ,

Overfull \hbox (39.88098pt too wide) in paragraph at lines 3118--3134
[][][]\T1/zi4/m/n/10 ModelSEIRMixing[][][]()[]\T1/ptm/m/n/10 , [][][]\T1/zi4/m/
n/10 ModelSIR[][][]()[]\T1/ptm/m/n/10 , [][][]\T1/zi4/m/n/10 ModelSIRCONN[][][]
()[]\T1/ptm/m/n/10 , [][][]\T1/zi4/m/n/10 ModelSIRD[][][]()[]\T1/ptm/m/n/10 , [
][][]\T1/zi4/m/n/10 ModelSIRDCONN[][][]()[]\T1/ptm/m/n/10 , [][][]\T1/zi4/m/n/1
0 ModelSIRLogit[][][]()[]\T1/ptm/m/n/10 ,
[42 </var/scratch2ro/tomas/cran/rlibro/lib/epiworldR/help/figures//seirmixingqu
arantine.png>] [43]
Overfull \hbox (25.61024pt too wide) in paragraph at lines 3237--3253
[]\T1/ptm/m/n/10 Other Mod-els: [][][]\T1/zi4/m/n/10 ModelDiffNet[][][]()[]\T1/
ptm/m/n/10 , [][][]\T1/zi4/m/n/10 ModelSEIR[][][]()[]\T1/ptm/m/n/10 , [][][]\T1
/zi4/m/n/10 ModelSEIRCONN[][][]()[]\T1/ptm/m/n/10 , [][][]\T1/zi4/m/n/10 ModelS
EIRD[][][]()[]\T1/ptm/m/n/10 , [][][]\T1/zi4/m/n/10 ModelSEIRDCONN[][][]()[]\T1
/ptm/m/n/10 ,

Overfull \hbox (45.36096pt too wide) in paragraph at lines 3237--3253
[][][]\T1/zi4/m/n/10 ModelSEIRMixing[][][]()[]\T1/ptm/m/n/10 , [][][]\T1/zi4/m/
n/10 ModelSEIRMixingQuarantine[][][]()[]\T1/ptm/m/n/10 , [][][]\T1/zi4/m/n/10 M
odelSIRCONN[][][]()[]\T1/ptm/m/n/10 , [][][]\T1/zi4/m/n/10 ModelSIRD[][][]()[]\
T1/ptm/m/n/10 , [][][]\T1/zi4/m/n/10 ModelSIRDCONN[][][]()[]\T1/ptm/m/n/10 ,
[44 </var/scratch2ro/tomas/cran/rlibro/lib/epiworldR/help/figures//sir.png>]
Overfull \hbox (25.61024pt too wide) in paragraph at lines 3339--3355
[]\T1/ptm/m/n/10 Other Mod-els: [][][]\T1/zi4/m/n/10 ModelDiffNet[][][]()[]\T1/
ptm/m/n/10 , [][][]\T1/zi4/m/n/10 ModelSEIR[][][]()[]\T1/ptm/m/n/10 , [][][]\T1
/zi4/m/n/10 ModelSEIRCONN[][][]()[]\T1/ptm/m/n/10 , [][][]\T1/zi4/m/n/10 ModelS
EIRD[][][]()[]\T1/ptm/m/n/10 , [][][]\T1/zi4/m/n/10 ModelSEIRDCONN[][][]()[]\T1
/ptm/m/n/10 ,

Overfull \hbox (25.36096pt too wide) in paragraph at lines 3339--3355
[][][]\T1/zi4/m/n/10 ModelSEIRMixing[][][]()[]\T1/ptm/m/n/10 , [][][]\T1/zi4/m/
n/10 ModelSEIRMixingQuarantine[][][]()[]\T1/ptm/m/n/10 , [][][]\T1/zi4/m/n/10 M
odelSIR[][][]()[]\T1/ptm/m/n/10 , [][][]\T1/zi4/m/n/10 ModelSIRD[][][]()[]\T1/p
tm/m/n/10 , [][][]\T1/zi4/m/n/10 ModelSIRDCONN[][][]()[]\T1/ptm/m/n/10 ,
[45 </var/scratch2ro/tomas/cran/rlibro/lib/epiworldR/help/figures//sirconnected
.png>]
Overfull \hbox (25.61024pt too wide) in paragraph at lines 3429--3445
[]\T1/ptm/m/n/10 Other Mod-els: [][][]\T1/zi4/m/n/10 ModelDiffNet[][][]()[]\T1/
ptm/m/n/10 , [][][]\T1/zi4/m/n/10 ModelSEIR[][][]()[]\T1/ptm/m/n/10 , [][][]\T1
/zi4/m/n/10 ModelSEIRCONN[][][]()[]\T1/ptm/m/n/10 , [][][]\T1/zi4/m/n/10 ModelS
EIRD[][][]()[]\T1/ptm/m/n/10 , [][][]\T1/zi4/m/n/10 ModelSEIRDCONN[][][]()[]\T1
/ptm/m/n/10 ,

Overfull \hbox (40.36096pt too wide) in paragraph at lines 3429--3445
[][][]\T1/zi4/m/n/10 ModelSEIRMixing[][][]()[]\T1/ptm/m/n/10 , [][][]\T1/zi4/m/
n/10 ModelSEIRMixingQuarantine[][][]()[]\T1/ptm/m/n/10 , [][][]\T1/zi4/m/n/10 M
odelSIR[][][]()[]\T1/ptm/m/n/10 , [][][]\T1/zi4/m/n/10 ModelSIRCONN[][][]()[]\T
1/ptm/m/n/10 , [][][]\T1/zi4/m/n/10 ModelSIRDCONN[][][]()[]\T1/ptm/m/n/10 ,
[46 </var/scratch2ro/tomas/cran/rlibro/lib/epiworldR/help/figures//sird.png>]
[47]
Overfull \hbox (25.61024pt too wide) in paragraph at lines 3540--3556
[]\T1/ptm/m/n/10 Other Mod-els: [][][]\T1/zi4/m/n/10 ModelDiffNet[][][]()[]\T1/
ptm/m/n/10 , [][][]\T1/zi4/m/n/10 ModelSEIR[][][]()[]\T1/ptm/m/n/10 , [][][]\T1
/zi4/m/n/10 ModelSEIRCONN[][][]()[]\T1/ptm/m/n/10 , [][][]\T1/zi4/m/n/10 ModelS
EIRD[][][]()[]\T1/ptm/m/n/10 , [][][]\T1/zi4/m/n/10 ModelSEIRDCONN[][][]()[]\T1
/ptm/m/n/10 ,

Overfull \hbox (20.36096pt too wide) in paragraph at lines 3540--3556
[][][]\T1/zi4/m/n/10 ModelSEIRMixing[][][]()[]\T1/ptm/m/n/10 , [][][]\T1/zi4/m/
n/10 ModelSEIRMixingQuarantine[][][]()[]\T1/ptm/m/n/10 , [][][]\T1/zi4/m/n/10 M
odelSIR[][][]()[]\T1/ptm/m/n/10 , [][][]\T1/zi4/m/n/10 ModelSIRCONN[][][]()[]\T
1/ptm/m/n/10 , [][][]\T1/zi4/m/n/10 ModelSIRD[][][]()[]\T1/ptm/m/n/10 ,
[48 </var/scratch2ro/tomas/cran/rlibro/lib/epiworldR/help/figures//sirdconnecte
d.png>]
Overfull \hbox (25.61024pt too wide) in paragraph at lines 3638--3654
[]\T1/ptm/m/n/10 Other Mod-els: [][][]\T1/zi4/m/n/10 ModelDiffNet[][][]()[]\T1/
ptm/m/n/10 , [][][]\T1/zi4/m/n/10 ModelSEIR[][][]()[]\T1/ptm/m/n/10 , [][][]\T1
/zi4/m/n/10 ModelSEIRCONN[][][]()[]\T1/ptm/m/n/10 , [][][]\T1/zi4/m/n/10 ModelS
EIRD[][][]()[]\T1/ptm/m/n/10 , [][][]\T1/zi4/m/n/10 ModelSEIRDCONN[][][]()[]\T1
/ptm/m/n/10 ,

Overfull \hbox (20.36096pt too wide) in paragraph at lines 3638--3654
[][][]\T1/zi4/m/n/10 ModelSEIRMixing[][][]()[]\T1/ptm/m/n/10 , [][][]\T1/zi4/m/
n/10 ModelSEIRMixingQuarantine[][][]()[]\T1/ptm/m/n/10 , [][][]\T1/zi4/m/n/10 M
odelSIR[][][]()[]\T1/ptm/m/n/10 , [][][]\T1/zi4/m/n/10 ModelSIRCONN[][][]()[]\T
1/ptm/m/n/10 , [][][]\T1/zi4/m/n/10 ModelSIRD[][][]()[]\T1/ptm/m/n/10 ,
[49 </var/scratch2ro/tomas/cran/rlibro/lib/epiworldR/help/figures//sirlogit.png
>] [50] [51 </var/scratch2ro/tomas/cran/rlibro/lib/epiworldR/help/figures//sirm
ixing.png>]
Overfull \hbox (25.61024pt too wide) in paragraph at lines 3775--3791
[]\T1/ptm/m/n/10 Other Mod-els: [][][]\T1/zi4/m/n/10 ModelDiffNet[][][]()[]\T1/
ptm/m/n/10 , [][][]\T1/zi4/m/n/10 ModelSEIR[][][]()[]\T1/ptm/m/n/10 , [][][]\T1
/zi4/m/n/10 ModelSEIRCONN[][][]()[]\T1/ptm/m/n/10 , [][][]\T1/zi4/m/n/10 ModelS
EIRD[][][]()[]\T1/ptm/m/n/10 , [][][]\T1/zi4/m/n/10 ModelSEIRDCONN[][][]()[]\T1
/ptm/m/n/10 ,

Overfull \hbox (20.36096pt too wide) in paragraph at lines 3775--3791
[][][]\T1/zi4/m/n/10 ModelSEIRMixing[][][]()[]\T1/ptm/m/n/10 , [][][]\T1/zi4/m/
n/10 ModelSEIRMixingQuarantine[][][]()[]\T1/ptm/m/n/10 , [][][]\T1/zi4/m/n/10 M
odelSIR[][][]()[]\T1/ptm/m/n/10 , [][][]\T1/zi4/m/n/10 ModelSIRCONN[][][]()[]\T
1/ptm/m/n/10 , [][][]\T1/zi4/m/n/10 ModelSIRD[][][]()[]\T1/ptm/m/n/10 ,
[52]
Overfull \hbox (25.61024pt too wide) in paragraph at lines 3880--3896
[]\T1/ptm/m/n/10 Other Mod-els: [][][]\T1/zi4/m/n/10 ModelDiffNet[][][]()[]\T1/
ptm/m/n/10 , [][][]\T1/zi4/m/n/10 ModelSEIR[][][]()[]\T1/ptm/m/n/10 , [][][]\T1
/zi4/m/n/10 ModelSEIRCONN[][][]()[]\T1/ptm/m/n/10 , [][][]\T1/zi4/m/n/10 ModelS
EIRD[][][]()[]\T1/ptm/m/n/10 , [][][]\T1/zi4/m/n/10 ModelSEIRDCONN[][][]()[]\T1
/ptm/m/n/10 ,

Overfull \hbox (20.36096pt too wide) in paragraph at lines 3880--3896
[][][]\T1/zi4/m/n/10 ModelSEIRMixing[][][]()[]\T1/ptm/m/n/10 , [][][]\T1/zi4/m/
n/10 ModelSEIRMixingQuarantine[][][]()[]\T1/ptm/m/n/10 , [][][]\T1/zi4/m/n/10 M
odelSIR[][][]()[]\T1/ptm/m/n/10 , [][][]\T1/zi4/m/n/10 ModelSIRCONN[][][]()[]\T
1/ptm/m/n/10 , [][][]\T1/zi4/m/n/10 ModelSIRD[][][]()[]\T1/ptm/m/n/10 ,
[53 </var/scratch2ro/tomas/cran/rlibro/lib/epiworldR/help/figures//sis.png>]
Overfull \hbox (25.61024pt too wide) in paragraph at lines 3968--3984
[]\T1/ptm/m/n/10 Other Mod-els: [][][]\T1/zi4/m/n/10 ModelDiffNet[][][]()[]\T1/
ptm/m/n/10 , [][][]\T1/zi4/m/n/10 ModelSEIR[][][]()[]\T1/ptm/m/n/10 , [][][]\T1
/zi4/m/n/10 ModelSEIRCONN[][][]()[]\T1/ptm/m/n/10 , [][][]\T1/zi4/m/n/10 ModelS
EIRD[][][]()[]\T1/ptm/m/n/10 , [][][]\T1/zi4/m/n/10 ModelSEIRDCONN[][][]()[]\T1
/ptm/m/n/10 ,

Overfull \hbox (20.36096pt too wide) in paragraph at lines 3968--3984
[][][]\T1/zi4/m/n/10 ModelSEIRMixing[][][]()[]\T1/ptm/m/n/10 , [][][]\T1/zi4/m/
n/10 ModelSEIRMixingQuarantine[][][]()[]\T1/ptm/m/n/10 , [][][]\T1/zi4/m/n/10 M
odelSIR[][][]()[]\T1/ptm/m/n/10 , [][][]\T1/zi4/m/n/10 ModelSIRCONN[][][]()[]\T
1/ptm/m/n/10 , [][][]\T1/zi4/m/n/10 ModelSIRD[][][]()[]\T1/ptm/m/n/10 ,
[54 </var/scratch2ro/tomas/cran/rlibro/lib/epiworldR/help/figures//sisd.png>]
[55]
Overfull \hbox (25.61024pt too wide) in paragraph at lines 4092--4108
[]\T1/ptm/m/n/10 Other Mod-els: [][][]\T1/zi4/m/n/10 ModelDiffNet[][][]()[]\T1/
ptm/m/n/10 , [][][]\T1/zi4/m/n/10 ModelSEIR[][][]()[]\T1/ptm/m/n/10 , [][][]\T1
/zi4/m/n/10 ModelSEIRCONN[][][]()[]\T1/ptm/m/n/10 , [][][]\T1/zi4/m/n/10 ModelS
EIRD[][][]()[]\T1/ptm/m/n/10 , [][][]\T1/zi4/m/n/10 ModelSEIRDCONN[][][]()[]\T1
/ptm/m/n/10 ,

Overfull \hbox (20.36096pt too wide) in paragraph at lines 4092--4108
[][][]\T1/zi4/m/n/10 ModelSEIRMixing[][][]()[]\T1/ptm/m/n/10 , [][][]\T1/zi4/m/
n/10 ModelSEIRMixingQuarantine[][][]()[]\T1/ptm/m/n/10 , [][][]\T1/zi4/m/n/10 M
odelSIR[][][]()[]\T1/ptm/m/n/10 , [][][]\T1/zi4/m/n/10 ModelSIRCONN[][][]()[]\T
1/ptm/m/n/10 , [][][]\T1/zi4/m/n/10 ModelSIRD[][][]()[]\T1/ptm/m/n/10 ,
[56] [57] [58]
Overfull \hbox (30.19128pt too wide) in alignment at lines 4356--4356
 [] [] [] 
[59]
Overfull \hbox (22.49937pt too wide) in paragraph at lines 4404--4406
[]\T1/zi4/m/n/10 virus_info[]\T1/ptm/m/n/10 : []\T1/zi4/m/n/10 virus_id []\T1/p
tm/m/n/10 (in-te-ger), []\T1/zi4/m/n/10 virus []\T1/ptm/m/n/10 (char-ac-ter), [
]\T1/zi4/m/n/10 virus_sequence []\T1/ptm/m/n/10 (char-ac-ter), []\T1/zi4/m/n/10
 date_recorded

Overfull \hbox (2.49937pt too wide) in paragraph at lines 4408--4410
[]\T1/zi4/m/n/10 tool_info[]\T1/ptm/m/n/10 : []\T1/zi4/m/n/10 id []\T1/ptm/m/n/
10 (in-te-ger), []\T1/zi4/m/n/10 tool_name []\T1/ptm/m/n/10 (char-ac-ter), []\T
1/zi4/m/n/10 tool_sequence []\T1/ptm/m/n/10 (char-ac-ter), []\T1/zi4/m/n/10 dat
e_recorded

Overfull \hbox (8.47958pt too wide) in paragraph at lines 4412--4415
[]\T1/zi4/m/n/10 transmission[]\T1/ptm/m/n/10 : []\T1/zi4/m/n/10 date []\T1/ptm
/m/n/10 (in-te-ger), []\T1/zi4/m/n/10 virus_id []\T1/ptm/m/n/10 (in-te-ger), []
\T1/zi4/m/n/10 virus []\T1/ptm/m/n/10 (char-ac-ter), []\T1/zi4/m/n/10 source_ex
posure_date

Overfull \hbox (18.47958pt too wide) in paragraph at lines 4417--4419
[]\T1/zi4/m/n/10 reproductive[]\T1/ptm/m/n/10 : []\T1/zi4/m/n/10 virus_id []\T1
/ptm/m/n/10 (in-te-ger), []\T1/zi4/m/n/10 virus []\T1/ptm/m/n/10 (char-ac-ter),
 []\T1/zi4/m/n/10 source []\T1/ptm/m/n/10 (in-te-ger), []\T1/zi4/m/n/10 source_
exposure_date

Overfull \hbox (34.4598pt too wide) in paragraph at lines 4419--4421
[]\T1/zi4/m/n/10 generation[]\T1/ptm/m/n/10 : []\T1/zi4/m/n/10 virus []\T1/ptm/
m/n/10 (in-te-ger), []\T1/zi4/m/n/10 source []\T1/ptm/m/n/10 (in-te-ger), []\T1
/zi4/m/n/10 source_exposure_date []\T1/ptm/m/n/10 (in-te-ger), []\T1/zi4/m/n/10
 generation_time
[60] [61]
Overfull \hbox (28.87881pt too wide) in paragraph at lines 4561--4564
[]\T1/ptm/m/n/10 Numeric scalar. Preva-lence of the tool. In the case of []\T1/
zi4/m/n/10 distribute_tool_to_entities[]\T1/ptm/m/n/10 ,
[62]
Overfull \hbox (85.01048pt too wide) in paragraph at lines 4617--4622
[]\T1/ptm/m/n/10 In the case of []\T1/zi4/m/n/10 set_susceptibility_reduction_p
tr[]\T1/ptm/m/n/10 , []\T1/zi4/m/n/10 set_transmission_reduction_ptr[]\T1/ptm/m
/n/10 , []\T1/zi4/m/n/10 set_recovery_enhancer[]\T1/ptm/m/n/10 ,

Overfull \hbox (31.38814pt too wide) in paragraph at lines 4623--4627
[][]\T1/ptm/m/n/10 epi-world_tool[][][]. The dis-tri-bu-tion func-tion can be c
re-ated us-ing the func-tions [][][]\T1/zi4/m/n/10 distribute_tool_randomly()[]
[][]
[63]
Overfull \hbox (59.48885pt too wide) in paragraph at lines 4704--4708
[]\T1/ptm/m/n/10 The []\T1/zi4/m/n/10 distribute_tool_randomly []\T1/ptm/m/n/10
 func-tion re-turns a dis-tri-bu-tion func-tion of class []\T1/zi4/m/n/10 epiwo
rld_tool_distfun[]\T1/ptm/m/n/10 .

Overfull \hbox (49.48885pt too wide) in paragraph at lines 4714--4716
[]\T1/ptm/m/n/10 The []\T1/zi4/m/n/10 distribute_tool_to_set []\T1/ptm/m/n/10 f
unc-tion re-turns a dis-tri-bu-tion func-tion of class []\T1/zi4/m/n/10 epiworl
d_tool_distfun[]\T1/ptm/m/n/10 . 
[64]
Underfull \vbox (badness 10000) has occurred while \output is active [65]
[66]
Underfull \vbox (badness 10000) has occurred while \output is active [67]
Overfull \hbox (38.31877pt too wide) in paragraph at lines 4942--4945
[]\T1/ptm/m/n/10 Numeric scalar. Preva-lence of the virus. In the case of []\T1
/zi4/m/n/10 distribute_virus_to_entities[]\T1/ptm/m/n/10 ,
[68] [69]
Underfull \vbox (badness 10000) has occurred while \output is active [70]
No file Rd2.ind.
[71] (/var/scratch2/tomas/tmp/RtmpBW9rGO/Rd2pdf22078363ccfeae/Rd2.aux)

Package rerunfilecheck Warning: File `Rd2.out' has changed.
(rerunfilecheck)                Rerun to get outlines right
(rerunfilecheck)                or use package `bookmark'.

 )
(see the transcript file for additional information)
pdfTeX warning (dest): name{Rfn.parallel::makeCluster\(\)} has been referenced 
but does not exist, replaced by a fixed one


pdfTeX warning (dest): name{Rfn.DiagrammeR::mermaid\(\)} has been referenced bu
t does not exist, replaced by a fixed one


pdfTeX warning (dest): name{Rfn.data.frame} has been referenced but does not ex
ist, replaced by a fixed one


pdfTeX warning (dest): name{Rfn.set.seed} has been referenced but does not exis
t, replaced by a fixed one


pdfTeX warning (dest): name{Rfn.plot} has been referenced but does not exist, r
eplaced by a fixed one


pdfTeX warning (dest): name{Rfn.graphics::plot} has been referenced but does no
t exist, replaced by a fixed one


pdfTeX warning (dest): name{Rfn.graphics::plot\(\)} has been referenced but doe
s not exist, replaced by a fixed one

</usr/share/texlive/texmf-dist/fonts/type1/public/inconsolata/Inconsolata-zi4r.
pfb></usr/share/texlive/texmf-dist/fonts/type1/public/amsfonts/cm/cmmi10.pfb></
usr/share/texlive/texmf-dist/fonts/type1/public/amsfonts/cm/cmr10.pfb></usr/sha
re/texlive/texmf-dist/fonts/type1/public/amsfonts/cm/cmr7.pfb></usr/share/texli
ve/texmf-dist/fonts/type1/public/amsfonts/cm/cmsy10.pfb></usr/share/texlive/tex
mf-dist/fonts/type1/public/amsfonts/cm/cmsy7.pfb></usr/share/texlive/texmf-dist
/fonts/type1/public/cm-super/sftt0900.pfb></usr/share/texlive/texmf-dist/fonts/
type1/urw/times/utmb8a.pfb></usr/share/texlive/texmf-dist/fonts/type1/urw/times
/utmr8a.pfb></usr/share/texlive/texmf-dist/fonts/type1/urw/times/utmr8a.pfb></u
sr/share/texlive/texmf-dist/fonts/type1/urw/times/utmri8a.pfb>
Output written on Rd2.pdf (71 pages, 460693 bytes).
Transcript written on Rd2.log.
This is makeindex, version 2.17 [TeX Live 2023] (kpathsea + Thai support).
Scanning input file Rd2.idx....done (673 entries accepted, 4 rejected).
Sorting entries........done (6910 comparisons).
Generating output file Rd2.ind....done (832 lines written, 4 warnings).
Output written in Rd2.ind.
Transcript written in Rd2.ilg.
This is pdfTeX, Version 3.141592653-2.6-1.40.25 (TeX Live 2023) (preloaded format=pdflatex)
 restricted \write18 enabled.
entering extended mode
LaTeX2e <2022-11-01> patch level 1
L3 programming layer <2023-02-22> (./Rd2.tex
(/usr/share/texlive/texmf-dist/tex/latex/base/book.cls
Document Class: book 2022/07/02 v1.4n Standard LaTeX document class
(/usr/share/texlive/texmf-dist/tex/latex/base/bk10.clo))
(/var/scratch2/tomas/cran/rlibro/build/share/texmf/tex/latex/Rd.sty
(/usr/share/texlive/texmf-dist/tex/latex/base/ifthen.sty)
(/usr/share/texlive/texmf-dist/tex/generic/iftex/iftex.sty)
(/usr/share/texlive/texmf-dist/tex/latex/tools/longtable.sty)
(/usr/share/texlive/texmf-dist/tex/latex/tools/bm.sty)
(/usr/share/texlive/texmf-dist/tex/latex/base/alltt.sty)
(/usr/share/texlive/texmf-dist/tex/latex/tools/verbatim.sty)
(/usr/share/texlive/texmf-dist/tex/latex/url/url.sty)
(/usr/share/texlive/texmf-dist/tex/latex/base/textcomp.sty)
(/usr/share/texlive/texmf-dist/tex/latex/amsmath/amsmath.sty
For additional information on amsmath, use the `?' option.
(/usr/share/texlive/texmf-dist/tex/latex/amsmath/amstext.sty
(/usr/share/texlive/texmf-dist/tex/latex/amsmath/amsgen.sty))
(/usr/share/texlive/texmf-dist/tex/latex/amsmath/amsbsy.sty)
(/usr/share/texlive/texmf-dist/tex/latex/amsmath/amsopn.sty))
(/usr/share/texlive/texmf-dist/tex/latex/amsfonts/amsfonts.sty)
(/usr/share/texlive/texmf-dist/tex/latex/amsfonts/amssymb.sty)
(/usr/share/texlive/texmf-dist/tex/latex/jknapltx/mathrsfs.sty)
(/usr/share/texlive/texmf-dist/tex/latex/base/fontenc.sty)
(/usr/share/texlive/texmf-dist/tex/latex/psnfss/times.sty)
(/usr/share/texlive/texmf-dist/tex/latex/inconsolata/zi4.sty
`inconsolata-zi4' v1.12, 2019/05/17 Text macros for Inconsolata (msharpe)
(/usr/share/texlive/texmf-dist/tex/latex/xkeyval/xkeyval.sty
(/usr/share/texlive/texmf-dist/tex/generic/xkeyval/xkeyval.tex
(/usr/share/texlive/texmf-dist/tex/generic/xkeyval/xkvutils.tex
(/usr/share/texlive/texmf-dist/tex/generic/xkeyval/keyval.tex)))))
(/usr/share/texlive/texmf-dist/tex/latex/graphics/color.sty
(/usr/share/texlive/texmf-dist/tex/latex/graphics-cfg/color.cfg)
(/usr/share/texlive/texmf-dist/tex/latex/graphics-def/pdftex.def)
(/usr/share/texlive/texmf-dist/tex/latex/graphics/mathcolor.ltx))
(/usr/share/texlive/texmf-dist/tex/latex/hyperref/hyperref.sty
(/usr/share/texlive/texmf-dist/tex/generic/ltxcmds/ltxcmds.sty)
(/usr/share/texlive/texmf-dist/tex/generic/pdftexcmds/pdftexcmds.sty
(/usr/share/texlive/texmf-dist/tex/generic/infwarerr/infwarerr.sty))
(/usr/share/texlive/texmf-dist/tex/latex/kvsetkeys/kvsetkeys.sty)
(/usr/share/texlive/texmf-dist/tex/generic/kvdefinekeys/kvdefinekeys.sty)
(/usr/share/texlive/texmf-dist/tex/generic/pdfescape/pdfescape.sty)
(/usr/share/texlive/texmf-dist/tex/latex/hycolor/hycolor.sty)
(/usr/share/texlive/texmf-dist/tex/latex/letltxmacro/letltxmacro.sty)
(/usr/share/texlive/texmf-dist/tex/latex/auxhook/auxhook.sty)
(/usr/share/texlive/texmf-dist/tex/latex/hyperref/nameref.sty
(/usr/share/texlive/texmf-dist/tex/latex/refcount/refcount.sty)
(/usr/share/texlive/texmf-dist/tex/generic/gettitlestring/gettitlestring.sty
(/usr/share/texlive/texmf-dist/tex/latex/kvoptions/kvoptions.sty)))
(/usr/share/texlive/texmf-dist/tex/latex/hyperref/pd1enc.def)
(/usr/share/texlive/texmf-dist/tex/generic/intcalc/intcalc.sty)
(/usr/share/texlive/texmf-dist/tex/generic/etexcmds/etexcmds.sty)
(/usr/share/texlive/texmf-dist/tex/latex/hyperref/puenc.def)
(/usr/share/texlive/texmf-dist/tex/generic/bitset/bitset.sty
(/usr/share/texlive/texmf-dist/tex/generic/bigintcalc/bigintcalc.sty))
(/usr/share/texlive/texmf-dist/tex/latex/base/atbegshi-ltx.sty))
(/usr/share/texlive/texmf-dist/tex/latex/hyperref/hpdftex.def
(/usr/share/texlive/texmf-dist/tex/latex/base/atveryend-ltx.sty)
(/usr/share/texlive/texmf-dist/tex/latex/rerunfilecheck/rerunfilecheck.sty
(/usr/share/texlive/texmf-dist/tex/generic/uniquecounter/uniquecounter.sty))))
(/usr/share/texlive/texmf-dist/tex/latex/base/makeidx.sty)
(/usr/share/texlive/texmf-dist/tex/latex/graphics/graphicx.sty
(/usr/share/texlive/texmf-dist/tex/latex/graphics/graphics.sty
(/usr/share/texlive/texmf-dist/tex/latex/graphics/trig.sty)
(/usr/share/texlive/texmf-dist/tex/latex/graphics-cfg/graphics.cfg)))
Writing index file Rd2.idx
(/usr/share/texlive/texmf-dist/tex/latex/psnfss/t1ptm.fd)
(/usr/share/texlive/texmf-dist/tex/latex/l3backend/l3backend-pdftex.def)
(/var/scratch2/tomas/tmp/RtmpBW9rGO/Rd2pdf22078363ccfeae/Rd2.aux)
(/usr/share/texlive/texmf-dist/tex/context/base/mkii/supp-pdf.mkii
[Loading MPS to PDF converter (version 2006.09.02).]
) (/usr/share/texlive/texmf-dist/tex/latex/epstopdf-pkg/epstopdf-base.sty
(/usr/share/texlive/texmf-dist/tex/latex/latexconfig/epstopdf-sys.cfg))
(/var/scratch2/tomas/tmp/RtmpBW9rGO/Rd2pdf22078363ccfeae/Rd2.out)
(/var/scratch2/tomas/tmp/RtmpBW9rGO/Rd2pdf22078363ccfeae/Rd2.out)
(/usr/share/texlive/texmf-dist/tex/latex/psnfss/ts1ptm.fd)
(/usr/share/texlive/texmf-dist/tex/latex/inconsolata/t1zi4.fd)
(/usr/share/texlive/texmf-dist/tex/latex/amsfonts/umsa.fd)
(/usr/share/texlive/texmf-dist/tex/latex/amsfonts/umsb.fd)
(/usr/share/texlive/texmf-dist/tex/latex/jknapltx/ursfs.fd) [1{/var/lib/texmf/f
onts/map/pdftex/updmap/pdftex.map}{/usr/share/texlive/texmf-dist/fonts/enc/dvip
s/base/8r.enc}{/usr/share/texlive/texmf-dist/fonts/enc/dvips/inconsolata/i4-t1-
0.enc}] (/var/scratch2/tomas/tmp/RtmpBW9rGO/Rd2pdf22078363ccfeae/Rd2.toc)
[2]
Overfull \hbox (10.38857pt too wide) in paragraph at lines 81--82
[]\T1/ptm/m/n/10 Centers for Dis-ease Con-trol and Pre-ven-tion (Award num-ber 
1U01CK000585; 75D30121F00003)
[3] [4] (/usr/share/texlive/texmf-dist/tex/latex/base/t1cmtt.fd)
(/usr/share/texlive/texmf-dist/tex/latex/base/ts1cmtt.fd)
(/usr/share/texlive/texmf-dist/tex/latex/inconsolata/ts1zi4.fd) [5{/usr/share/t
exlive/texmf-dist/fonts/enc/dvips/cm-super/cm-super-ts1.enc}{/usr/share/texlive
/texmf-dist/fonts/enc/dvips/inconsolata/i4-ts1.enc}] [6] [7] [8] [9] [10]
Overfull \hbox (10.39867pt too wide) in paragraph at lines 691--693
[]\T1/ptm/m/n/10 The func-tion []\T1/zi4/m/n/10 get_generation_time []\T1/ptm/m
/n/10 re-turns a []\T1/zi4/m/n/10 data.frame []\T1/ptm/m/n/10 with the fol-low-
ing columns: "agent",
[11] [12]
Overfull \hbox (4.41898pt too wide) in paragraph at lines 865--872
[]\T1/ptm/m/n/10 The func-tion []\T1/zi4/m/n/10 get_hospitalizations []\T1/ptm/
m/n/10 re-turns a data.frame with five columns: []\T1/zi4/m/n/10 date[]\T1/ptm/
m/n/10 , []\T1/zi4/m/n/10 virus_id[]\T1/ptm/m/n/10 ,
[13] [14]
Overfull \hbox (17.35799pt too wide) in paragraph at lines 1027--1030
\T1/ptm/m/n/10 out-put file (or printed to the stan-dard out-put if the file-na
me is empty). See [][][]\T1/zi4/m/n/10 draw_mermaid_from_data()[][][][]\T1/ptm/
m/n/10 . 

Overfull \hbox (31.12784pt too wide) in paragraph at lines 1064--1066
[]\T1/ptm/m/n/10 The []\T1/zi4/m/n/10 get_param []\T1/ptm/m/n/10 func-tion re-t
urns a se-lected pa-ram-e-ter from the model ob-ject of class []\T1/zi4/m/n/10 
epiworld_model[]\T1/ptm/m/n/10 . 

Overfull \hbox (0.3786pt too wide) in paragraph at lines 1087--1089
[]\T1/ptm/m/n/10 The []\T1/zi4/m/n/10 set_name []\T1/ptm/m/n/10 func-tion does 
not re-turn a value but in-stead al-ters an ob-ject of []\T1/zi4/m/n/10 epiworl
d_model[]\T1/ptm/m/n/10 . 
[15] [16]
Underfull \vbox (badness 10000) has occurred while \output is active [17]
[18] [19] [20]
Overfull \hbox (13.9979pt too wide) in paragraph at lines 1534--1536
[]\T1/zi4/m/n/10 get_hist_transition_matrix []\T1/ptm/m/n/10 re-turns a [][]dat
a.frame[][][] with four columns: "state_from", "state_to",

Overfull \hbox (4.47987pt too wide) in paragraph at lines 1542--1546
\T1/ptm/m/n/10 turned by []\T1/zi4/m/n/10 get_hist_transition_matrix []\T1/ptm/
m/n/10 into an ar-ray of \T1/zi4/m/n/10 nstates x nstates x (ndays + 1)

Overfull \hbox (44.91887pt too wide) in paragraph at lines 1552--1554
[]\T1/ptm/m/n/10 The []\T1/zi4/m/n/10 plot_incidence []\T1/ptm/m/n/10 func-tion
 re-turns a plot orig-i-nat-ing from the ob-ject []\T1/zi4/m/n/10 get_hist_tran
sition_matrix[]\T1/ptm/m/n/10 . 
[21] [22] [23]
Overfull \hbox (23.08817pt too wide) in paragraph at lines 1756--1758
[]\T1/ptm/m/n/10 The []\T1/zi4/m/n/10 globalevent_set_params []\T1/ptm/m/n/10 f
unc-tion re-turns an ob-ject of class [][]epi-world_globalevent_set_param[][][]


Overfull \hbox (22.31808pt too wide) in paragraph at lines 1758--1760
[]\T1/zi4/m/n/10 globalevent_tool []\T1/ptm/m/n/10 re-turns an ob-ject of class
 [][]epi-world_globalevent_tool[][][] and [][]epi-world_globalevent[][][]. 
[24]
Underfull \vbox (badness 10000) has occurred while \output is active [25]
[26] [27] [28] [29] [30] [31]
Overfull \hbox (40.61024pt too wide) in paragraph at lines 2398--2414
[]\T1/ptm/m/n/10 Other Mod-els: [][][]\T1/zi4/m/n/10 ModelSEIR[][][]()[]\T1/ptm
/m/n/10 , [][][]\T1/zi4/m/n/10 ModelSEIRCONN[][][]()[]\T1/ptm/m/n/10 , [][][]\T
1/zi4/m/n/10 ModelSEIRD[][][]()[]\T1/ptm/m/n/10 , [][][]\T1/zi4/m/n/10 ModelSEI
RDCONN[][][]()[]\T1/ptm/m/n/10 , [][][]\T1/zi4/m/n/10 ModelSEIRMixing[][][]()[]
\T1/ptm/m/n/10 ,

Overfull \hbox (10.36096pt too wide) in paragraph at lines 2398--2414
[][][]\T1/zi4/m/n/10 ModelSEIRMixingQuarantine[][][]()[]\T1/ptm/m/n/10 , [][][]
\T1/zi4/m/n/10 ModelSIR[][][]()[]\T1/ptm/m/n/10 , [][][]\T1/zi4/m/n/10 ModelSIR
CONN[][][]()[]\T1/ptm/m/n/10 , [][][]\T1/zi4/m/n/10 ModelSIRD[][][]()[]\T1/ptm/
m/n/10 , [][][]\T1/zi4/m/n/10 ModelSIRDCONN[][][]()[]\T1/ptm/m/n/10 ,
[32]
Overfull \hbox (55.61024pt too wide) in paragraph at lines 2500--2516
[]\T1/ptm/m/n/10 Other Mod-els: [][][]\T1/zi4/m/n/10 ModelDiffNet[][][]()[]\T1/
ptm/m/n/10 , [][][]\T1/zi4/m/n/10 ModelSEIRCONN[][][]()[]\T1/ptm/m/n/10 , [][][
]\T1/zi4/m/n/10 ModelSEIRD[][][]()[]\T1/ptm/m/n/10 , [][][]\T1/zi4/m/n/10 Model
SEIRDCONN[][][]()[]\T1/ptm/m/n/10 , [][][]\T1/zi4/m/n/10 ModelSEIRMixing[][][](
)[]\T1/ptm/m/n/10 ,

Overfull \hbox (10.36096pt too wide) in paragraph at lines 2500--2516
[][][]\T1/zi4/m/n/10 ModelSEIRMixingQuarantine[][][]()[]\T1/ptm/m/n/10 , [][][]
\T1/zi4/m/n/10 ModelSIR[][][]()[]\T1/ptm/m/n/10 , [][][]\T1/zi4/m/n/10 ModelSIR
CONN[][][]()[]\T1/ptm/m/n/10 , [][][]\T1/zi4/m/n/10 ModelSIRD[][][]()[]\T1/ptm/
m/n/10 , [][][]\T1/zi4/m/n/10 ModelSIRDCONN[][][]()[]\T1/ptm/m/n/10 ,
[33 </var/scratch2ro/tomas/cran/rlibro/lib/epiworldR/help/figures//seir.png>]
[34]
Overfull \hbox (35.61024pt too wide) in paragraph at lines 2600--2616
[]\T1/ptm/m/n/10 Other Mod-els: [][][]\T1/zi4/m/n/10 ModelDiffNet[][][]()[]\T1/
ptm/m/n/10 , [][][]\T1/zi4/m/n/10 ModelSEIR[][][]()[]\T1/ptm/m/n/10 , [][][]\T1
/zi4/m/n/10 ModelSEIRD[][][]()[]\T1/ptm/m/n/10 , [][][]\T1/zi4/m/n/10 ModelSEIR
DCONN[][][]()[]\T1/ptm/m/n/10 , [][][]\T1/zi4/m/n/10 ModelSEIRMixing[][][]()[]\
T1/ptm/m/n/10 ,

Overfull \hbox (10.36096pt too wide) in paragraph at lines 2600--2616
[][][]\T1/zi4/m/n/10 ModelSEIRMixingQuarantine[][][]()[]\T1/ptm/m/n/10 , [][][]
\T1/zi4/m/n/10 ModelSIR[][][]()[]\T1/ptm/m/n/10 , [][][]\T1/zi4/m/n/10 ModelSIR
CONN[][][]()[]\T1/ptm/m/n/10 , [][][]\T1/zi4/m/n/10 ModelSIRD[][][]()[]\T1/ptm/
m/n/10 , [][][]\T1/zi4/m/n/10 ModelSIRDCONN[][][]()[]\T1/ptm/m/n/10 ,
[35 </var/scratch2ro/tomas/cran/rlibro/lib/epiworldR/help/figures//seirconnecte
d.png>]
Overfull \hbox (50.61024pt too wide) in paragraph at lines 2713--2729
[]\T1/ptm/m/n/10 Other Mod-els: [][][]\T1/zi4/m/n/10 ModelDiffNet[][][]()[]\T1/
ptm/m/n/10 , [][][]\T1/zi4/m/n/10 ModelSEIR[][][]()[]\T1/ptm/m/n/10 , [][][]\T1
/zi4/m/n/10 ModelSEIRCONN[][][]()[]\T1/ptm/m/n/10 , [][][]\T1/zi4/m/n/10 ModelS
EIRDCONN[][][]()[]\T1/ptm/m/n/10 , [][][]\T1/zi4/m/n/10 ModelSEIRMixing[][][]()
[]\T1/ptm/m/n/10 ,

Overfull \hbox (10.36096pt too wide) in paragraph at lines 2713--2729
[][][]\T1/zi4/m/n/10 ModelSEIRMixingQuarantine[][][]()[]\T1/ptm/m/n/10 , [][][]
\T1/zi4/m/n/10 ModelSIR[][][]()[]\T1/ptm/m/n/10 , [][][]\T1/zi4/m/n/10 ModelSIR
CONN[][][]()[]\T1/ptm/m/n/10 , [][][]\T1/zi4/m/n/10 ModelSIRD[][][]()[]\T1/ptm/
m/n/10 , [][][]\T1/zi4/m/n/10 ModelSIRDCONN[][][]()[]\T1/ptm/m/n/10 ,
[36 </var/scratch2ro/tomas/cran/rlibro/lib/epiworldR/help/figures//seird.png>]
[37]
Overfull \hbox (30.61024pt too wide) in paragraph at lines 2826--2842
[]\T1/ptm/m/n/10 Other Mod-els: [][][]\T1/zi4/m/n/10 ModelDiffNet[][][]()[]\T1/
ptm/m/n/10 , [][][]\T1/zi4/m/n/10 ModelSEIR[][][]()[]\T1/ptm/m/n/10 , [][][]\T1
/zi4/m/n/10 ModelSEIRCONN[][][]()[]\T1/ptm/m/n/10 , [][][]\T1/zi4/m/n/10 ModelS
EIRD[][][]()[]\T1/ptm/m/n/10 , [][][]\T1/zi4/m/n/10 ModelSEIRMixing[][][]()[]\T
1/ptm/m/n/10 ,

Overfull \hbox (10.36096pt too wide) in paragraph at lines 2826--2842
[][][]\T1/zi4/m/n/10 ModelSEIRMixingQuarantine[][][]()[]\T1/ptm/m/n/10 , [][][]
\T1/zi4/m/n/10 ModelSIR[][][]()[]\T1/ptm/m/n/10 , [][][]\T1/zi4/m/n/10 ModelSIR
CONN[][][]()[]\T1/ptm/m/n/10 , [][][]\T1/zi4/m/n/10 ModelSIRD[][][]()[]\T1/ptm/
m/n/10 , [][][]\T1/zi4/m/n/10 ModelSIRDCONN[][][]()[]\T1/ptm/m/n/10 ,
[38 </var/scratch2ro/tomas/cran/rlibro/lib/epiworldR/help/figures//seirdconnect
ed.png>] [39]
Overfull \hbox (25.61024pt too wide) in paragraph at lines 2953--2969
[]\T1/ptm/m/n/10 Other Mod-els: [][][]\T1/zi4/m/n/10 ModelDiffNet[][][]()[]\T1/
ptm/m/n/10 , [][][]\T1/zi4/m/n/10 ModelSEIR[][][]()[]\T1/ptm/m/n/10 , [][][]\T1
/zi4/m/n/10 ModelSEIRCONN[][][]()[]\T1/ptm/m/n/10 , [][][]\T1/zi4/m/n/10 ModelS
EIRD[][][]()[]\T1/ptm/m/n/10 , [][][]\T1/zi4/m/n/10 ModelSEIRDCONN[][][]()[]\T1
/ptm/m/n/10 ,

Overfull \hbox (10.36096pt too wide) in paragraph at lines 2953--2969
[][][]\T1/zi4/m/n/10 ModelSEIRMixingQuarantine[][][]()[]\T1/ptm/m/n/10 , [][][]
\T1/zi4/m/n/10 ModelSIR[][][]()[]\T1/ptm/m/n/10 , [][][]\T1/zi4/m/n/10 ModelSIR
CONN[][][]()[]\T1/ptm/m/n/10 , [][][]\T1/zi4/m/n/10 ModelSIRD[][][]()[]\T1/ptm/
m/n/10 , [][][]\T1/zi4/m/n/10 ModelSIRDCONN[][][]()[]\T1/ptm/m/n/10 ,
[40 </var/scratch2ro/tomas/cran/rlibro/lib/epiworldR/help/figures//seirmixing.p
ng>] [41]
Underfull \vbox (badness 2837) has occurred while \output is active [42]
Overfull \hbox (25.61024pt too wide) in paragraph at lines 3118--3134
[]\T1/ptm/m/n/10 Other Mod-els: [][][]\T1/zi4/m/n/10 ModelDiffNet[][][]()[]\T1/
ptm/m/n/10 , [][][]\T1/zi4/m/n/10 ModelSEIR[][][]()[]\T1/ptm/m/n/10 , [][][]\T1
/zi4/m/n/10 ModelSEIRCONN[][][]()[]\T1/ptm/m/n/10 , [][][]\T1/zi4/m/n/10 ModelS
EIRD[][][]()[]\T1/ptm/m/n/10 , [][][]\T1/zi4/m/n/10 ModelSEIRDCONN[][][]()[]\T1
/ptm/m/n/10 ,

Overfull \hbox (39.88098pt too wide) in paragraph at lines 3118--3134
[][][]\T1/zi4/m/n/10 ModelSEIRMixing[][][]()[]\T1/ptm/m/n/10 , [][][]\T1/zi4/m/
n/10 ModelSIR[][][]()[]\T1/ptm/m/n/10 , [][][]\T1/zi4/m/n/10 ModelSIRCONN[][][]
()[]\T1/ptm/m/n/10 , [][][]\T1/zi4/m/n/10 ModelSIRD[][][]()[]\T1/ptm/m/n/10 , [
][][]\T1/zi4/m/n/10 ModelSIRDCONN[][][]()[]\T1/ptm/m/n/10 , [][][]\T1/zi4/m/n/1
0 ModelSIRLogit[][][]()[]\T1/ptm/m/n/10 ,
[43 </var/scratch2ro/tomas/cran/rlibro/lib/epiworldR/help/figures//seirmixingqu
arantine.png>] [44]
Overfull \hbox (25.61024pt too wide) in paragraph at lines 3237--3253
[]\T1/ptm/m/n/10 Other Mod-els: [][][]\T1/zi4/m/n/10 ModelDiffNet[][][]()[]\T1/
ptm/m/n/10 , [][][]\T1/zi4/m/n/10 ModelSEIR[][][]()[]\T1/ptm/m/n/10 , [][][]\T1
/zi4/m/n/10 ModelSEIRCONN[][][]()[]\T1/ptm/m/n/10 , [][][]\T1/zi4/m/n/10 ModelS
EIRD[][][]()[]\T1/ptm/m/n/10 , [][][]\T1/zi4/m/n/10 ModelSEIRDCONN[][][]()[]\T1
/ptm/m/n/10 ,

Overfull \hbox (45.36096pt too wide) in paragraph at lines 3237--3253
[][][]\T1/zi4/m/n/10 ModelSEIRMixing[][][]()[]\T1/ptm/m/n/10 , [][][]\T1/zi4/m/
n/10 ModelSEIRMixingQuarantine[][][]()[]\T1/ptm/m/n/10 , [][][]\T1/zi4/m/n/10 M
odelSIRCONN[][][]()[]\T1/ptm/m/n/10 , [][][]\T1/zi4/m/n/10 ModelSIRD[][][]()[]\
T1/ptm/m/n/10 , [][][]\T1/zi4/m/n/10 ModelSIRDCONN[][][]()[]\T1/ptm/m/n/10 ,
[45 </var/scratch2ro/tomas/cran/rlibro/lib/epiworldR/help/figures//sir.png>]
Overfull \hbox (25.61024pt too wide) in paragraph at lines 3339--3355
[]\T1/ptm/m/n/10 Other Mod-els: [][][]\T1/zi4/m/n/10 ModelDiffNet[][][]()[]\T1/
ptm/m/n/10 , [][][]\T1/zi4/m/n/10 ModelSEIR[][][]()[]\T1/ptm/m/n/10 , [][][]\T1
/zi4/m/n/10 ModelSEIRCONN[][][]()[]\T1/ptm/m/n/10 , [][][]\T1/zi4/m/n/10 ModelS
EIRD[][][]()[]\T1/ptm/m/n/10 , [][][]\T1/zi4/m/n/10 ModelSEIRDCONN[][][]()[]\T1
/ptm/m/n/10 ,

Overfull \hbox (25.36096pt too wide) in paragraph at lines 3339--3355
[][][]\T1/zi4/m/n/10 ModelSEIRMixing[][][]()[]\T1/ptm/m/n/10 , [][][]\T1/zi4/m/
n/10 ModelSEIRMixingQuarantine[][][]()[]\T1/ptm/m/n/10 , [][][]\T1/zi4/m/n/10 M
odelSIR[][][]()[]\T1/ptm/m/n/10 , [][][]\T1/zi4/m/n/10 ModelSIRD[][][]()[]\T1/p
tm/m/n/10 , [][][]\T1/zi4/m/n/10 ModelSIRDCONN[][][]()[]\T1/ptm/m/n/10 ,
[46 </var/scratch2ro/tomas/cran/rlibro/lib/epiworldR/help/figures//sirconnected
.png>]
Overfull \hbox (25.61024pt too wide) in paragraph at lines 3429--3445
[]\T1/ptm/m/n/10 Other Mod-els: [][][]\T1/zi4/m/n/10 ModelDiffNet[][][]()[]\T1/
ptm/m/n/10 , [][][]\T1/zi4/m/n/10 ModelSEIR[][][]()[]\T1/ptm/m/n/10 , [][][]\T1
/zi4/m/n/10 ModelSEIRCONN[][][]()[]\T1/ptm/m/n/10 , [][][]\T1/zi4/m/n/10 ModelS
EIRD[][][]()[]\T1/ptm/m/n/10 , [][][]\T1/zi4/m/n/10 ModelSEIRDCONN[][][]()[]\T1
/ptm/m/n/10 ,

Overfull \hbox (40.36096pt too wide) in paragraph at lines 3429--3445
[][][]\T1/zi4/m/n/10 ModelSEIRMixing[][][]()[]\T1/ptm/m/n/10 , [][][]\T1/zi4/m/
n/10 ModelSEIRMixingQuarantine[][][]()[]\T1/ptm/m/n/10 , [][][]\T1/zi4/m/n/10 M
odelSIR[][][]()[]\T1/ptm/m/n/10 , [][][]\T1/zi4/m/n/10 ModelSIRCONN[][][]()[]\T
1/ptm/m/n/10 , [][][]\T1/zi4/m/n/10 ModelSIRDCONN[][][]()[]\T1/ptm/m/n/10 ,
[47 </var/scratch2ro/tomas/cran/rlibro/lib/epiworldR/help/figures//sird.png>]
[48]
Overfull \hbox (25.61024pt too wide) in paragraph at lines 3540--3556
[]\T1/ptm/m/n/10 Other Mod-els: [][][]\T1/zi4/m/n/10 ModelDiffNet[][][]()[]\T1/
ptm/m/n/10 , [][][]\T1/zi4/m/n/10 ModelSEIR[][][]()[]\T1/ptm/m/n/10 , [][][]\T1
/zi4/m/n/10 ModelSEIRCONN[][][]()[]\T1/ptm/m/n/10 , [][][]\T1/zi4/m/n/10 ModelS
EIRD[][][]()[]\T1/ptm/m/n/10 , [][][]\T1/zi4/m/n/10 ModelSEIRDCONN[][][]()[]\T1
/ptm/m/n/10 ,

Overfull \hbox (20.36096pt too wide) in paragraph at lines 3540--3556
[][][]\T1/zi4/m/n/10 ModelSEIRMixing[][][]()[]\T1/ptm/m/n/10 , [][][]\T1/zi4/m/
n/10 ModelSEIRMixingQuarantine[][][]()[]\T1/ptm/m/n/10 , [][][]\T1/zi4/m/n/10 M
odelSIR[][][]()[]\T1/ptm/m/n/10 , [][][]\T1/zi4/m/n/10 ModelSIRCONN[][][]()[]\T
1/ptm/m/n/10 , [][][]\T1/zi4/m/n/10 ModelSIRD[][][]()[]\T1/ptm/m/n/10 ,
[49 </var/scratch2ro/tomas/cran/rlibro/lib/epiworldR/help/figures//sirdconnecte
d.png>]
Overfull \hbox (25.61024pt too wide) in paragraph at lines 3638--3654
[]\T1/ptm/m/n/10 Other Mod-els: [][][]\T1/zi4/m/n/10 ModelDiffNet[][][]()[]\T1/
ptm/m/n/10 , [][][]\T1/zi4/m/n/10 ModelSEIR[][][]()[]\T1/ptm/m/n/10 , [][][]\T1
/zi4/m/n/10 ModelSEIRCONN[][][]()[]\T1/ptm/m/n/10 , [][][]\T1/zi4/m/n/10 ModelS
EIRD[][][]()[]\T1/ptm/m/n/10 , [][][]\T1/zi4/m/n/10 ModelSEIRDCONN[][][]()[]\T1
/ptm/m/n/10 ,

Overfull \hbox (20.36096pt too wide) in paragraph at lines 3638--3654
[][][]\T1/zi4/m/n/10 ModelSEIRMixing[][][]()[]\T1/ptm/m/n/10 , [][][]\T1/zi4/m/
n/10 ModelSEIRMixingQuarantine[][][]()[]\T1/ptm/m/n/10 , [][][]\T1/zi4/m/n/10 M
odelSIR[][][]()[]\T1/ptm/m/n/10 , [][][]\T1/zi4/m/n/10 ModelSIRCONN[][][]()[]\T
1/ptm/m/n/10 , [][][]\T1/zi4/m/n/10 ModelSIRD[][][]()[]\T1/ptm/m/n/10 ,
[50 </var/scratch2ro/tomas/cran/rlibro/lib/epiworldR/help/figures//sirlogit.png
>] [51] [52 </var/scratch2ro/tomas/cran/rlibro/lib/epiworldR/help/figures//sirm
ixing.png>]
Overfull \hbox (25.61024pt too wide) in paragraph at lines 3775--3791
[]\T1/ptm/m/n/10 Other Mod-els: [][][]\T1/zi4/m/n/10 ModelDiffNet[][][]()[]\T1/
ptm/m/n/10 , [][][]\T1/zi4/m/n/10 ModelSEIR[][][]()[]\T1/ptm/m/n/10 , [][][]\T1
/zi4/m/n/10 ModelSEIRCONN[][][]()[]\T1/ptm/m/n/10 , [][][]\T1/zi4/m/n/10 ModelS
EIRD[][][]()[]\T1/ptm/m/n/10 , [][][]\T1/zi4/m/n/10 ModelSEIRDCONN[][][]()[]\T1
/ptm/m/n/10 ,

Overfull \hbox (20.36096pt too wide) in paragraph at lines 3775--3791
[][][]\T1/zi4/m/n/10 ModelSEIRMixing[][][]()[]\T1/ptm/m/n/10 , [][][]\T1/zi4/m/
n/10 ModelSEIRMixingQuarantine[][][]()[]\T1/ptm/m/n/10 , [][][]\T1/zi4/m/n/10 M
odelSIR[][][]()[]\T1/ptm/m/n/10 , [][][]\T1/zi4/m/n/10 ModelSIRCONN[][][]()[]\T
1/ptm/m/n/10 , [][][]\T1/zi4/m/n/10 ModelSIRD[][][]()[]\T1/ptm/m/n/10 ,
[53]
Overfull \hbox (25.61024pt too wide) in paragraph at lines 3880--3896
[]\T1/ptm/m/n/10 Other Mod-els: [][][]\T1/zi4/m/n/10 ModelDiffNet[][][]()[]\T1/
ptm/m/n/10 , [][][]\T1/zi4/m/n/10 ModelSEIR[][][]()[]\T1/ptm/m/n/10 , [][][]\T1
/zi4/m/n/10 ModelSEIRCONN[][][]()[]\T1/ptm/m/n/10 , [][][]\T1/zi4/m/n/10 ModelS
EIRD[][][]()[]\T1/ptm/m/n/10 , [][][]\T1/zi4/m/n/10 ModelSEIRDCONN[][][]()[]\T1
/ptm/m/n/10 ,

Overfull \hbox (20.36096pt too wide) in paragraph at lines 3880--3896
[][][]\T1/zi4/m/n/10 ModelSEIRMixing[][][]()[]\T1/ptm/m/n/10 , [][][]\T1/zi4/m/
n/10 ModelSEIRMixingQuarantine[][][]()[]\T1/ptm/m/n/10 , [][][]\T1/zi4/m/n/10 M
odelSIR[][][]()[]\T1/ptm/m/n/10 , [][][]\T1/zi4/m/n/10 ModelSIRCONN[][][]()[]\T
1/ptm/m/n/10 , [][][]\T1/zi4/m/n/10 ModelSIRD[][][]()[]\T1/ptm/m/n/10 ,
[54 </var/scratch2ro/tomas/cran/rlibro/lib/epiworldR/help/figures//sis.png>]
Overfull \hbox (25.61024pt too wide) in paragraph at lines 3968--3984
[]\T1/ptm/m/n/10 Other Mod-els: [][][]\T1/zi4/m/n/10 ModelDiffNet[][][]()[]\T1/
ptm/m/n/10 , [][][]\T1/zi4/m/n/10 ModelSEIR[][][]()[]\T1/ptm/m/n/10 , [][][]\T1
/zi4/m/n/10 ModelSEIRCONN[][][]()[]\T1/ptm/m/n/10 , [][][]\T1/zi4/m/n/10 ModelS
EIRD[][][]()[]\T1/ptm/m/n/10 , [][][]\T1/zi4/m/n/10 ModelSEIRDCONN[][][]()[]\T1
/ptm/m/n/10 ,

Overfull \hbox (20.36096pt too wide) in paragraph at lines 3968--3984
[][][]\T1/zi4/m/n/10 ModelSEIRMixing[][][]()[]\T1/ptm/m/n/10 , [][][]\T1/zi4/m/
n/10 ModelSEIRMixingQuarantine[][][]()[]\T1/ptm/m/n/10 , [][][]\T1/zi4/m/n/10 M
odelSIR[][][]()[]\T1/ptm/m/n/10 , [][][]\T1/zi4/m/n/10 ModelSIRCONN[][][]()[]\T
1/ptm/m/n/10 , [][][]\T1/zi4/m/n/10 ModelSIRD[][][]()[]\T1/ptm/m/n/10 ,
[55 </var/scratch2ro/tomas/cran/rlibro/lib/epiworldR/help/figures//sisd.png>]
[56]
Overfull \hbox (25.61024pt too wide) in paragraph at lines 4092--4108
[]\T1/ptm/m/n/10 Other Mod-els: [][][]\T1/zi4/m/n/10 ModelDiffNet[][][]()[]\T1/
ptm/m/n/10 , [][][]\T1/zi4/m/n/10 ModelSEIR[][][]()[]\T1/ptm/m/n/10 , [][][]\T1
/zi4/m/n/10 ModelSEIRCONN[][][]()[]\T1/ptm/m/n/10 , [][][]\T1/zi4/m/n/10 ModelS
EIRD[][][]()[]\T1/ptm/m/n/10 , [][][]\T1/zi4/m/n/10 ModelSEIRDCONN[][][]()[]\T1
/ptm/m/n/10 ,

Overfull \hbox (20.36096pt too wide) in paragraph at lines 4092--4108
[][][]\T1/zi4/m/n/10 ModelSEIRMixing[][][]()[]\T1/ptm/m/n/10 , [][][]\T1/zi4/m/
n/10 ModelSEIRMixingQuarantine[][][]()[]\T1/ptm/m/n/10 , [][][]\T1/zi4/m/n/10 M
odelSIR[][][]()[]\T1/ptm/m/n/10 , [][][]\T1/zi4/m/n/10 ModelSIRCONN[][][]()[]\T
1/ptm/m/n/10 , [][][]\T1/zi4/m/n/10 ModelSIRD[][][]()[]\T1/ptm/m/n/10 ,
[57] [58] [59]
Overfull \hbox (30.19128pt too wide) in alignment at lines 4356--4356
 [] [] [] 
[60]
Overfull \hbox (22.49937pt too wide) in paragraph at lines 4404--4406
[]\T1/zi4/m/n/10 virus_info[]\T1/ptm/m/n/10 : []\T1/zi4/m/n/10 virus_id []\T1/p
tm/m/n/10 (in-te-ger), []\T1/zi4/m/n/10 virus []\T1/ptm/m/n/10 (char-ac-ter), [
]\T1/zi4/m/n/10 virus_sequence []\T1/ptm/m/n/10 (char-ac-ter), []\T1/zi4/m/n/10
 date_recorded

Overfull \hbox (2.49937pt too wide) in paragraph at lines 4408--4410
[]\T1/zi4/m/n/10 tool_info[]\T1/ptm/m/n/10 : []\T1/zi4/m/n/10 id []\T1/ptm/m/n/
10 (in-te-ger), []\T1/zi4/m/n/10 tool_name []\T1/ptm/m/n/10 (char-ac-ter), []\T
1/zi4/m/n/10 tool_sequence []\T1/ptm/m/n/10 (char-ac-ter), []\T1/zi4/m/n/10 dat
e_recorded

Overfull \hbox (8.47958pt too wide) in paragraph at lines 4412--4415
[]\T1/zi4/m/n/10 transmission[]\T1/ptm/m/n/10 : []\T1/zi4/m/n/10 date []\T1/ptm
/m/n/10 (in-te-ger), []\T1/zi4/m/n/10 virus_id []\T1/ptm/m/n/10 (in-te-ger), []
\T1/zi4/m/n/10 virus []\T1/ptm/m/n/10 (char-ac-ter), []\T1/zi4/m/n/10 source_ex
posure_date

Overfull \hbox (18.47958pt too wide) in paragraph at lines 4417--4419
[]\T1/zi4/m/n/10 reproductive[]\T1/ptm/m/n/10 : []\T1/zi4/m/n/10 virus_id []\T1
/ptm/m/n/10 (in-te-ger), []\T1/zi4/m/n/10 virus []\T1/ptm/m/n/10 (char-ac-ter),
 []\T1/zi4/m/n/10 source []\T1/ptm/m/n/10 (in-te-ger), []\T1/zi4/m/n/10 source_
exposure_date

Overfull \hbox (34.4598pt too wide) in paragraph at lines 4419--4421
[]\T1/zi4/m/n/10 generation[]\T1/ptm/m/n/10 : []\T1/zi4/m/n/10 virus []\T1/ptm/
m/n/10 (in-te-ger), []\T1/zi4/m/n/10 source []\T1/ptm/m/n/10 (in-te-ger), []\T1
/zi4/m/n/10 source_exposure_date []\T1/ptm/m/n/10 (in-te-ger), []\T1/zi4/m/n/10
 generation_time
[61] [62]
Overfull \hbox (28.87881pt too wide) in paragraph at lines 4561--4564
[]\T1/ptm/m/n/10 Numeric scalar. Preva-lence of the tool. In the case of []\T1/
zi4/m/n/10 distribute_tool_to_entities[]\T1/ptm/m/n/10 ,
[63]
Overfull \hbox (85.01048pt too wide) in paragraph at lines 4617--4622
[]\T1/ptm/m/n/10 In the case of []\T1/zi4/m/n/10 set_susceptibility_reduction_p
tr[]\T1/ptm/m/n/10 , []\T1/zi4/m/n/10 set_transmission_reduction_ptr[]\T1/ptm/m
/n/10 , []\T1/zi4/m/n/10 set_recovery_enhancer[]\T1/ptm/m/n/10 ,

Overfull \hbox (31.38814pt too wide) in paragraph at lines 4623--4627
[][]\T1/ptm/m/n/10 epi-world_tool[][][]. The dis-tri-bu-tion func-tion can be c
re-ated us-ing the func-tions [][][]\T1/zi4/m/n/10 distribute_tool_randomly()[]
[][]
[64]
Overfull \hbox (59.48885pt too wide) in paragraph at lines 4704--4708
[]\T1/ptm/m/n/10 The []\T1/zi4/m/n/10 distribute_tool_randomly []\T1/ptm/m/n/10
 func-tion re-turns a dis-tri-bu-tion func-tion of class []\T1/zi4/m/n/10 epiwo
rld_tool_distfun[]\T1/ptm/m/n/10 .

Overfull \hbox (49.48885pt too wide) in paragraph at lines 4714--4716
[]\T1/ptm/m/n/10 The []\T1/zi4/m/n/10 distribute_tool_to_set []\T1/ptm/m/n/10 f
unc-tion re-turns a dis-tri-bu-tion func-tion of class []\T1/zi4/m/n/10 epiworl
d_tool_distfun[]\T1/ptm/m/n/10 . 
[65]
Underfull \vbox (badness 10000) has occurred while \output is active [66]
[67]
Underfull \vbox (badness 10000) has occurred while \output is active [68]
Overfull \hbox (38.31877pt too wide) in paragraph at lines 4942--4945
[]\T1/ptm/m/n/10 Numeric scalar. Preva-lence of the virus. In the case of []\T1
/zi4/m/n/10 distribute_virus_to_entities[]\T1/ptm/m/n/10 ,
[69] [70]
Underfull \vbox (badness 10000) has occurred while \output is active [71]
(/var/scratch2/tomas/tmp/RtmpBW9rGO/Rd2pdf22078363ccfeae/Rd2.ind [72]

LaTeX Font Warning: Font shape `T1/zi4/m/it' undefined
(Font)              using `T1/zi4/m/n' instead on input line 77.

[73] [74] [75] [76] [77])
(/var/scratch2/tomas/tmp/RtmpBW9rGO/Rd2pdf22078363ccfeae/Rd2.aux)

LaTeX Font Warning: Some font shapes were not available, defaults substituted.


Package rerunfilecheck Warning: File `Rd2.out' has changed.
(rerunfilecheck)                Rerun to get outlines right
(rerunfilecheck)                or use package `bookmark'.

 )
(see the transcript file for additional information)
pdfTeX warning (dest): name{Rfn.parallel::makeCluster\(\)} has been referenced 
but does not exist, replaced by a fixed one


pdfTeX warning (dest): name{Rfn.DiagrammeR::mermaid\(\)} has been referenced bu
t does not exist, replaced by a fixed one


pdfTeX warning (dest): name{Rfn.data.frame} has been referenced but does not ex
ist, replaced by a fixed one


pdfTeX warning (dest): name{Rfn.set.seed} has been referenced but does not exis
t, replaced by a fixed one


pdfTeX warning (dest): name{Rfn.plot} has been referenced but does not exist, r
eplaced by a fixed one


pdfTeX warning (dest): name{Rfn.graphics::plot} has been referenced but does no
t exist, replaced by a fixed one


pdfTeX warning (dest): name{Rfn.graphics::plot\(\)} has been referenced but doe
s not exist, replaced by a fixed one

</usr/share/texlive/texmf-dist/fonts/type1/public/inconsolata/Inconsolata-zi4r.
pfb></usr/share/texlive/texmf-dist/fonts/type1/public/amsfonts/cm/cmmi10.pfb></
usr/share/texlive/texmf-dist/fonts/type1/public/amsfonts/cm/cmr10.pfb></usr/sha
re/texlive/texmf-dist/fonts/type1/public/amsfonts/cm/cmr7.pfb></usr/share/texli
ve/texmf-dist/fonts/type1/public/amsfonts/cm/cmsy10.pfb></usr/share/texlive/tex
mf-dist/fonts/type1/public/amsfonts/cm/cmsy7.pfb></usr/share/texlive/texmf-dist
/fonts/type1/public/cm-super/sftt0900.pfb></usr/share/texlive/texmf-dist/fonts/
type1/urw/times/utmb8a.pfb></usr/share/texlive/texmf-dist/fonts/type1/urw/times
/utmr8a.pfb></usr/share/texlive/texmf-dist/fonts/type1/urw/times/utmr8a.pfb></u
sr/share/texlive/texmf-dist/fonts/type1/urw/times/utmri8a.pfb>
Output written on Rd2.pdf (77 pages, 496584 bytes).
Transcript written on Rd2.log.
This is makeindex, version 2.17 [TeX Live 2023] (kpathsea + Thai support).
Scanning input file Rd2.idx....done (673 entries accepted, 4 rejected).
Sorting entries........done (6910 comparisons).
Generating output file Rd2.ind....done (832 lines written, 4 warnings).
Output written in Rd2.ind.
Transcript written in Rd2.ilg.
This is pdfTeX, Version 3.141592653-2.6-1.40.25 (TeX Live 2023) (preloaded format=pdflatex)
 restricted \write18 enabled.
entering extended mode
LaTeX2e <2022-11-01> patch level 1
L3 programming layer <2023-02-22> (./Rd2.tex
(/usr/share/texlive/texmf-dist/tex/latex/base/book.cls
Document Class: book 2022/07/02 v1.4n Standard LaTeX document class
(/usr/share/texlive/texmf-dist/tex/latex/base/bk10.clo))
(/var/scratch2/tomas/cran/rlibro/build/share/texmf/tex/latex/Rd.sty
(/usr/share/texlive/texmf-dist/tex/latex/base/ifthen.sty)
(/usr/share/texlive/texmf-dist/tex/generic/iftex/iftex.sty)
(/usr/share/texlive/texmf-dist/tex/latex/tools/longtable.sty)
(/usr/share/texlive/texmf-dist/tex/latex/tools/bm.sty)
(/usr/share/texlive/texmf-dist/tex/latex/base/alltt.sty)
(/usr/share/texlive/texmf-dist/tex/latex/tools/verbatim.sty)
(/usr/share/texlive/texmf-dist/tex/latex/url/url.sty)
(/usr/share/texlive/texmf-dist/tex/latex/base/textcomp.sty)
(/usr/share/texlive/texmf-dist/tex/latex/amsmath/amsmath.sty
For additional information on amsmath, use the `?' option.
(/usr/share/texlive/texmf-dist/tex/latex/amsmath/amstext.sty
(/usr/share/texlive/texmf-dist/tex/latex/amsmath/amsgen.sty))
(/usr/share/texlive/texmf-dist/tex/latex/amsmath/amsbsy.sty)
(/usr/share/texlive/texmf-dist/tex/latex/amsmath/amsopn.sty))
(/usr/share/texlive/texmf-dist/tex/latex/amsfonts/amsfonts.sty)
(/usr/share/texlive/texmf-dist/tex/latex/amsfonts/amssymb.sty)
(/usr/share/texlive/texmf-dist/tex/latex/jknapltx/mathrsfs.sty)
(/usr/share/texlive/texmf-dist/tex/latex/base/fontenc.sty)
(/usr/share/texlive/texmf-dist/tex/latex/psnfss/times.sty)
(/usr/share/texlive/texmf-dist/tex/latex/inconsolata/zi4.sty
`inconsolata-zi4' v1.12, 2019/05/17 Text macros for Inconsolata (msharpe)
(/usr/share/texlive/texmf-dist/tex/latex/xkeyval/xkeyval.sty
(/usr/share/texlive/texmf-dist/tex/generic/xkeyval/xkeyval.tex
(/usr/share/texlive/texmf-dist/tex/generic/xkeyval/xkvutils.tex
(/usr/share/texlive/texmf-dist/tex/generic/xkeyval/keyval.tex)))))
(/usr/share/texlive/texmf-dist/tex/latex/graphics/color.sty
(/usr/share/texlive/texmf-dist/tex/latex/graphics-cfg/color.cfg)
(/usr/share/texlive/texmf-dist/tex/latex/graphics-def/pdftex.def)
(/usr/share/texlive/texmf-dist/tex/latex/graphics/mathcolor.ltx))
(/usr/share/texlive/texmf-dist/tex/latex/hyperref/hyperref.sty
(/usr/share/texlive/texmf-dist/tex/generic/ltxcmds/ltxcmds.sty)
(/usr/share/texlive/texmf-dist/tex/generic/pdftexcmds/pdftexcmds.sty
(/usr/share/texlive/texmf-dist/tex/generic/infwarerr/infwarerr.sty))
(/usr/share/texlive/texmf-dist/tex/latex/kvsetkeys/kvsetkeys.sty)
(/usr/share/texlive/texmf-dist/tex/generic/kvdefinekeys/kvdefinekeys.sty)
(/usr/share/texlive/texmf-dist/tex/generic/pdfescape/pdfescape.sty)
(/usr/share/texlive/texmf-dist/tex/latex/hycolor/hycolor.sty)
(/usr/share/texlive/texmf-dist/tex/latex/letltxmacro/letltxmacro.sty)
(/usr/share/texlive/texmf-dist/tex/latex/auxhook/auxhook.sty)
(/usr/share/texlive/texmf-dist/tex/latex/hyperref/nameref.sty
(/usr/share/texlive/texmf-dist/tex/latex/refcount/refcount.sty)
(/usr/share/texlive/texmf-dist/tex/generic/gettitlestring/gettitlestring.sty
(/usr/share/texlive/texmf-dist/tex/latex/kvoptions/kvoptions.sty)))
(/usr/share/texlive/texmf-dist/tex/latex/hyperref/pd1enc.def)
(/usr/share/texlive/texmf-dist/tex/generic/intcalc/intcalc.sty)
(/usr/share/texlive/texmf-dist/tex/generic/etexcmds/etexcmds.sty)
(/usr/share/texlive/texmf-dist/tex/latex/hyperref/puenc.def)
(/usr/share/texlive/texmf-dist/tex/generic/bitset/bitset.sty
(/usr/share/texlive/texmf-dist/tex/generic/bigintcalc/bigintcalc.sty))
(/usr/share/texlive/texmf-dist/tex/latex/base/atbegshi-ltx.sty))
(/usr/share/texlive/texmf-dist/tex/latex/hyperref/hpdftex.def
(/usr/share/texlive/texmf-dist/tex/latex/base/atveryend-ltx.sty)
(/usr/share/texlive/texmf-dist/tex/latex/rerunfilecheck/rerunfilecheck.sty
(/usr/share/texlive/texmf-dist/tex/generic/uniquecounter/uniquecounter.sty))))
(/usr/share/texlive/texmf-dist/tex/latex/base/makeidx.sty)
(/usr/share/texlive/texmf-dist/tex/latex/graphics/graphicx.sty
(/usr/share/texlive/texmf-dist/tex/latex/graphics/graphics.sty
(/usr/share/texlive/texmf-dist/tex/latex/graphics/trig.sty)
(/usr/share/texlive/texmf-dist/tex/latex/graphics-cfg/graphics.cfg)))
Writing index file Rd2.idx
(/usr/share/texlive/texmf-dist/tex/latex/psnfss/t1ptm.fd)
(/usr/share/texlive/texmf-dist/tex/latex/l3backend/l3backend-pdftex.def)
(/var/scratch2/tomas/tmp/RtmpBW9rGO/Rd2pdf22078363ccfeae/Rd2.aux)
(/usr/share/texlive/texmf-dist/tex/context/base/mkii/supp-pdf.mkii
[Loading MPS to PDF converter (version 2006.09.02).]
) (/usr/share/texlive/texmf-dist/tex/latex/epstopdf-pkg/epstopdf-base.sty
(/usr/share/texlive/texmf-dist/tex/latex/latexconfig/epstopdf-sys.cfg))
(/var/scratch2/tomas/tmp/RtmpBW9rGO/Rd2pdf22078363ccfeae/Rd2.out)
(/var/scratch2/tomas/tmp/RtmpBW9rGO/Rd2pdf22078363ccfeae/Rd2.out)
(/usr/share/texlive/texmf-dist/tex/latex/psnfss/ts1ptm.fd)
(/usr/share/texlive/texmf-dist/tex/latex/inconsolata/t1zi4.fd)
(/usr/share/texlive/texmf-dist/tex/latex/amsfonts/umsa.fd)
(/usr/share/texlive/texmf-dist/tex/latex/amsfonts/umsb.fd)
(/usr/share/texlive/texmf-dist/tex/latex/jknapltx/ursfs.fd) [1{/var/lib/texmf/f
onts/map/pdftex/updmap/pdftex.map}{/usr/share/texlive/texmf-dist/fonts/enc/dvip
s/base/8r.enc}{/usr/share/texlive/texmf-dist/fonts/enc/dvips/inconsolata/i4-t1-
0.enc}] (/var/scratch2/tomas/tmp/RtmpBW9rGO/Rd2pdf22078363ccfeae/Rd2.toc)
[2]
Overfull \hbox (10.38857pt too wide) in paragraph at lines 81--82
[]\T1/ptm/m/n/10 Centers for Dis-ease Con-trol and Pre-ven-tion (Award num-ber 
1U01CK000585; 75D30121F00003)
[3] [4] (/usr/share/texlive/texmf-dist/tex/latex/base/t1cmtt.fd)
(/usr/share/texlive/texmf-dist/tex/latex/base/ts1cmtt.fd)
(/usr/share/texlive/texmf-dist/tex/latex/inconsolata/ts1zi4.fd) [5{/usr/share/t
exlive/texmf-dist/fonts/enc/dvips/cm-super/cm-super-ts1.enc}{/usr/share/texlive
/texmf-dist/fonts/enc/dvips/inconsolata/i4-ts1.enc}] [6] [7] [8] [9] [10]
Overfull \hbox (10.39867pt too wide) in paragraph at lines 691--693
[]\T1/ptm/m/n/10 The func-tion []\T1/zi4/m/n/10 get_generation_time []\T1/ptm/m
/n/10 re-turns a []\T1/zi4/m/n/10 data.frame []\T1/ptm/m/n/10 with the fol-low-
ing columns: "agent",
[11] [12]
Overfull \hbox (4.41898pt too wide) in paragraph at lines 865--872
[]\T1/ptm/m/n/10 The func-tion []\T1/zi4/m/n/10 get_hospitalizations []\T1/ptm/
m/n/10 re-turns a data.frame with five columns: []\T1/zi4/m/n/10 date[]\T1/ptm/
m/n/10 , []\T1/zi4/m/n/10 virus_id[]\T1/ptm/m/n/10 ,
[13] [14]
Overfull \hbox (17.35799pt too wide) in paragraph at lines 1027--1030
\T1/ptm/m/n/10 out-put file (or printed to the stan-dard out-put if the file-na
me is empty). See [][][]\T1/zi4/m/n/10 draw_mermaid_from_data()[][][][]\T1/ptm/
m/n/10 . 

Overfull \hbox (31.12784pt too wide) in paragraph at lines 1064--1066
[]\T1/ptm/m/n/10 The []\T1/zi4/m/n/10 get_param []\T1/ptm/m/n/10 func-tion re-t
urns a se-lected pa-ram-e-ter from the model ob-ject of class []\T1/zi4/m/n/10 
epiworld_model[]\T1/ptm/m/n/10 . 

Overfull \hbox (0.3786pt too wide) in paragraph at lines 1087--1089
[]\T1/ptm/m/n/10 The []\T1/zi4/m/n/10 set_name []\T1/ptm/m/n/10 func-tion does 
not re-turn a value but in-stead al-ters an ob-ject of []\T1/zi4/m/n/10 epiworl
d_model[]\T1/ptm/m/n/10 . 
[15] [16]
Underfull \vbox (badness 10000) has occurred while \output is active [17]
[18] [19] [20]
Overfull \hbox (13.9979pt too wide) in paragraph at lines 1534--1536
[]\T1/zi4/m/n/10 get_hist_transition_matrix []\T1/ptm/m/n/10 re-turns a [][]dat
a.frame[][][] with four columns: "state_from", "state_to",

Overfull \hbox (4.47987pt too wide) in paragraph at lines 1542--1546
\T1/ptm/m/n/10 turned by []\T1/zi4/m/n/10 get_hist_transition_matrix []\T1/ptm/
m/n/10 into an ar-ray of \T1/zi4/m/n/10 nstates x nstates x (ndays + 1)

Overfull \hbox (44.91887pt too wide) in paragraph at lines 1552--1554
[]\T1/ptm/m/n/10 The []\T1/zi4/m/n/10 plot_incidence []\T1/ptm/m/n/10 func-tion
 re-turns a plot orig-i-nat-ing from the ob-ject []\T1/zi4/m/n/10 get_hist_tran
sition_matrix[]\T1/ptm/m/n/10 . 
[21] [22] [23]
Overfull \hbox (23.08817pt too wide) in paragraph at lines 1756--1758
[]\T1/ptm/m/n/10 The []\T1/zi4/m/n/10 globalevent_set_params []\T1/ptm/m/n/10 f
unc-tion re-turns an ob-ject of class [][]epi-world_globalevent_set_param[][][]


Overfull \hbox (22.31808pt too wide) in paragraph at lines 1758--1760
[]\T1/zi4/m/n/10 globalevent_tool []\T1/ptm/m/n/10 re-turns an ob-ject of class
 [][]epi-world_globalevent_tool[][][] and [][]epi-world_globalevent[][][]. 
[24]
Underfull \vbox (badness 10000) has occurred while \output is active [25]
[26] [27] [28] [29] [30] [31]
Overfull \hbox (40.61024pt too wide) in paragraph at lines 2398--2414
[]\T1/ptm/m/n/10 Other Mod-els: [][][]\T1/zi4/m/n/10 ModelSEIR[][][]()[]\T1/ptm
/m/n/10 , [][][]\T1/zi4/m/n/10 ModelSEIRCONN[][][]()[]\T1/ptm/m/n/10 , [][][]\T
1/zi4/m/n/10 ModelSEIRD[][][]()[]\T1/ptm/m/n/10 , [][][]\T1/zi4/m/n/10 ModelSEI
RDCONN[][][]()[]\T1/ptm/m/n/10 , [][][]\T1/zi4/m/n/10 ModelSEIRMixing[][][]()[]
\T1/ptm/m/n/10 ,

Overfull \hbox (10.36096pt too wide) in paragraph at lines 2398--2414
[][][]\T1/zi4/m/n/10 ModelSEIRMixingQuarantine[][][]()[]\T1/ptm/m/n/10 , [][][]
\T1/zi4/m/n/10 ModelSIR[][][]()[]\T1/ptm/m/n/10 , [][][]\T1/zi4/m/n/10 ModelSIR
CONN[][][]()[]\T1/ptm/m/n/10 , [][][]\T1/zi4/m/n/10 ModelSIRD[][][]()[]\T1/ptm/
m/n/10 , [][][]\T1/zi4/m/n/10 ModelSIRDCONN[][][]()[]\T1/ptm/m/n/10 ,
[32]
Overfull \hbox (55.61024pt too wide) in paragraph at lines 2500--2516
[]\T1/ptm/m/n/10 Other Mod-els: [][][]\T1/zi4/m/n/10 ModelDiffNet[][][]()[]\T1/
ptm/m/n/10 , [][][]\T1/zi4/m/n/10 ModelSEIRCONN[][][]()[]\T1/ptm/m/n/10 , [][][
]\T1/zi4/m/n/10 ModelSEIRD[][][]()[]\T1/ptm/m/n/10 , [][][]\T1/zi4/m/n/10 Model
SEIRDCONN[][][]()[]\T1/ptm/m/n/10 , [][][]\T1/zi4/m/n/10 ModelSEIRMixing[][][](
)[]\T1/ptm/m/n/10 ,

Overfull \hbox (10.36096pt too wide) in paragraph at lines 2500--2516
[][][]\T1/zi4/m/n/10 ModelSEIRMixingQuarantine[][][]()[]\T1/ptm/m/n/10 , [][][]
\T1/zi4/m/n/10 ModelSIR[][][]()[]\T1/ptm/m/n/10 , [][][]\T1/zi4/m/n/10 ModelSIR
CONN[][][]()[]\T1/ptm/m/n/10 , [][][]\T1/zi4/m/n/10 ModelSIRD[][][]()[]\T1/ptm/
m/n/10 , [][][]\T1/zi4/m/n/10 ModelSIRDCONN[][][]()[]\T1/ptm/m/n/10 ,
[33 </var/scratch2ro/tomas/cran/rlibro/lib/epiworldR/help/figures//seir.png>]
[34]
Overfull \hbox (35.61024pt too wide) in paragraph at lines 2600--2616
[]\T1/ptm/m/n/10 Other Mod-els: [][][]\T1/zi4/m/n/10 ModelDiffNet[][][]()[]\T1/
ptm/m/n/10 , [][][]\T1/zi4/m/n/10 ModelSEIR[][][]()[]\T1/ptm/m/n/10 , [][][]\T1
/zi4/m/n/10 ModelSEIRD[][][]()[]\T1/ptm/m/n/10 , [][][]\T1/zi4/m/n/10 ModelSEIR
DCONN[][][]()[]\T1/ptm/m/n/10 , [][][]\T1/zi4/m/n/10 ModelSEIRMixing[][][]()[]\
T1/ptm/m/n/10 ,

Overfull \hbox (10.36096pt too wide) in paragraph at lines 2600--2616
[][][]\T1/zi4/m/n/10 ModelSEIRMixingQuarantine[][][]()[]\T1/ptm/m/n/10 , [][][]
\T1/zi4/m/n/10 ModelSIR[][][]()[]\T1/ptm/m/n/10 , [][][]\T1/zi4/m/n/10 ModelSIR
CONN[][][]()[]\T1/ptm/m/n/10 , [][][]\T1/zi4/m/n/10 ModelSIRD[][][]()[]\T1/ptm/
m/n/10 , [][][]\T1/zi4/m/n/10 ModelSIRDCONN[][][]()[]\T1/ptm/m/n/10 ,
[35 </var/scratch2ro/tomas/cran/rlibro/lib/epiworldR/help/figures//seirconnecte
d.png>]
Overfull \hbox (50.61024pt too wide) in paragraph at lines 2713--2729
[]\T1/ptm/m/n/10 Other Mod-els: [][][]\T1/zi4/m/n/10 ModelDiffNet[][][]()[]\T1/
ptm/m/n/10 , [][][]\T1/zi4/m/n/10 ModelSEIR[][][]()[]\T1/ptm/m/n/10 , [][][]\T1
/zi4/m/n/10 ModelSEIRCONN[][][]()[]\T1/ptm/m/n/10 , [][][]\T1/zi4/m/n/10 ModelS
EIRDCONN[][][]()[]\T1/ptm/m/n/10 , [][][]\T1/zi4/m/n/10 ModelSEIRMixing[][][]()
[]\T1/ptm/m/n/10 ,

Overfull \hbox (10.36096pt too wide) in paragraph at lines 2713--2729
[][][]\T1/zi4/m/n/10 ModelSEIRMixingQuarantine[][][]()[]\T1/ptm/m/n/10 , [][][]
\T1/zi4/m/n/10 ModelSIR[][][]()[]\T1/ptm/m/n/10 , [][][]\T1/zi4/m/n/10 ModelSIR
CONN[][][]()[]\T1/ptm/m/n/10 , [][][]\T1/zi4/m/n/10 ModelSIRD[][][]()[]\T1/ptm/
m/n/10 , [][][]\T1/zi4/m/n/10 ModelSIRDCONN[][][]()[]\T1/ptm/m/n/10 ,
[36 </var/scratch2ro/tomas/cran/rlibro/lib/epiworldR/help/figures//seird.png>]
[37]
Overfull \hbox (30.61024pt too wide) in paragraph at lines 2826--2842
[]\T1/ptm/m/n/10 Other Mod-els: [][][]\T1/zi4/m/n/10 ModelDiffNet[][][]()[]\T1/
ptm/m/n/10 , [][][]\T1/zi4/m/n/10 ModelSEIR[][][]()[]\T1/ptm/m/n/10 , [][][]\T1
/zi4/m/n/10 ModelSEIRCONN[][][]()[]\T1/ptm/m/n/10 , [][][]\T1/zi4/m/n/10 ModelS
EIRD[][][]()[]\T1/ptm/m/n/10 , [][][]\T1/zi4/m/n/10 ModelSEIRMixing[][][]()[]\T
1/ptm/m/n/10 ,

Overfull \hbox (10.36096pt too wide) in paragraph at lines 2826--2842
[][][]\T1/zi4/m/n/10 ModelSEIRMixingQuarantine[][][]()[]\T1/ptm/m/n/10 , [][][]
\T1/zi4/m/n/10 ModelSIR[][][]()[]\T1/ptm/m/n/10 , [][][]\T1/zi4/m/n/10 ModelSIR
CONN[][][]()[]\T1/ptm/m/n/10 , [][][]\T1/zi4/m/n/10 ModelSIRD[][][]()[]\T1/ptm/
m/n/10 , [][][]\T1/zi4/m/n/10 ModelSIRDCONN[][][]()[]\T1/ptm/m/n/10 ,
[38 </var/scratch2ro/tomas/cran/rlibro/lib/epiworldR/help/figures//seirdconnect
ed.png>] [39]
Overfull \hbox (25.61024pt too wide) in paragraph at lines 2953--2969
[]\T1/ptm/m/n/10 Other Mod-els: [][][]\T1/zi4/m/n/10 ModelDiffNet[][][]()[]\T1/
ptm/m/n/10 , [][][]\T1/zi4/m/n/10 ModelSEIR[][][]()[]\T1/ptm/m/n/10 , [][][]\T1
/zi4/m/n/10 ModelSEIRCONN[][][]()[]\T1/ptm/m/n/10 , [][][]\T1/zi4/m/n/10 ModelS
EIRD[][][]()[]\T1/ptm/m/n/10 , [][][]\T1/zi4/m/n/10 ModelSEIRDCONN[][][]()[]\T1
/ptm/m/n/10 ,

Overfull \hbox (10.36096pt too wide) in paragraph at lines 2953--2969
[][][]\T1/zi4/m/n/10 ModelSEIRMixingQuarantine[][][]()[]\T1/ptm/m/n/10 , [][][]
\T1/zi4/m/n/10 ModelSIR[][][]()[]\T1/ptm/m/n/10 , [][][]\T1/zi4/m/n/10 ModelSIR
CONN[][][]()[]\T1/ptm/m/n/10 , [][][]\T1/zi4/m/n/10 ModelSIRD[][][]()[]\T1/ptm/
m/n/10 , [][][]\T1/zi4/m/n/10 ModelSIRDCONN[][][]()[]\T1/ptm/m/n/10 ,
[40 </var/scratch2ro/tomas/cran/rlibro/lib/epiworldR/help/figures//seirmixing.p
ng>] [41]
Underfull \vbox (badness 2837) has occurred while \output is active [42]
Overfull \hbox (25.61024pt too wide) in paragraph at lines 3118--3134
[]\T1/ptm/m/n/10 Other Mod-els: [][][]\T1/zi4/m/n/10 ModelDiffNet[][][]()[]\T1/
ptm/m/n/10 , [][][]\T1/zi4/m/n/10 ModelSEIR[][][]()[]\T1/ptm/m/n/10 , [][][]\T1
/zi4/m/n/10 ModelSEIRCONN[][][]()[]\T1/ptm/m/n/10 , [][][]\T1/zi4/m/n/10 ModelS
EIRD[][][]()[]\T1/ptm/m/n/10 , [][][]\T1/zi4/m/n/10 ModelSEIRDCONN[][][]()[]\T1
/ptm/m/n/10 ,

Overfull \hbox (39.88098pt too wide) in paragraph at lines 3118--3134
[][][]\T1/zi4/m/n/10 ModelSEIRMixing[][][]()[]\T1/ptm/m/n/10 , [][][]\T1/zi4/m/
n/10 ModelSIR[][][]()[]\T1/ptm/m/n/10 , [][][]\T1/zi4/m/n/10 ModelSIRCONN[][][]
()[]\T1/ptm/m/n/10 , [][][]\T1/zi4/m/n/10 ModelSIRD[][][]()[]\T1/ptm/m/n/10 , [
][][]\T1/zi4/m/n/10 ModelSIRDCONN[][][]()[]\T1/ptm/m/n/10 , [][][]\T1/zi4/m/n/1
0 ModelSIRLogit[][][]()[]\T1/ptm/m/n/10 ,
[43 </var/scratch2ro/tomas/cran/rlibro/lib/epiworldR/help/figures//seirmixingqu
arantine.png>] [44]
Overfull \hbox (25.61024pt too wide) in paragraph at lines 3237--3253
[]\T1/ptm/m/n/10 Other Mod-els: [][][]\T1/zi4/m/n/10 ModelDiffNet[][][]()[]\T1/
ptm/m/n/10 , [][][]\T1/zi4/m/n/10 ModelSEIR[][][]()[]\T1/ptm/m/n/10 , [][][]\T1
/zi4/m/n/10 ModelSEIRCONN[][][]()[]\T1/ptm/m/n/10 , [][][]\T1/zi4/m/n/10 ModelS
EIRD[][][]()[]\T1/ptm/m/n/10 , [][][]\T1/zi4/m/n/10 ModelSEIRDCONN[][][]()[]\T1
/ptm/m/n/10 ,

Overfull \hbox (45.36096pt too wide) in paragraph at lines 3237--3253
[][][]\T1/zi4/m/n/10 ModelSEIRMixing[][][]()[]\T1/ptm/m/n/10 , [][][]\T1/zi4/m/
n/10 ModelSEIRMixingQuarantine[][][]()[]\T1/ptm/m/n/10 , [][][]\T1/zi4/m/n/10 M
odelSIRCONN[][][]()[]\T1/ptm/m/n/10 , [][][]\T1/zi4/m/n/10 ModelSIRD[][][]()[]\
T1/ptm/m/n/10 , [][][]\T1/zi4/m/n/10 ModelSIRDCONN[][][]()[]\T1/ptm/m/n/10 ,
[45 </var/scratch2ro/tomas/cran/rlibro/lib/epiworldR/help/figures//sir.png>]
Overfull \hbox (25.61024pt too wide) in paragraph at lines 3339--3355
[]\T1/ptm/m/n/10 Other Mod-els: [][][]\T1/zi4/m/n/10 ModelDiffNet[][][]()[]\T1/
ptm/m/n/10 , [][][]\T1/zi4/m/n/10 ModelSEIR[][][]()[]\T1/ptm/m/n/10 , [][][]\T1
/zi4/m/n/10 ModelSEIRCONN[][][]()[]\T1/ptm/m/n/10 , [][][]\T1/zi4/m/n/10 ModelS
EIRD[][][]()[]\T1/ptm/m/n/10 , [][][]\T1/zi4/m/n/10 ModelSEIRDCONN[][][]()[]\T1
/ptm/m/n/10 ,

Overfull \hbox (25.36096pt too wide) in paragraph at lines 3339--3355
[][][]\T1/zi4/m/n/10 ModelSEIRMixing[][][]()[]\T1/ptm/m/n/10 , [][][]\T1/zi4/m/
n/10 ModelSEIRMixingQuarantine[][][]()[]\T1/ptm/m/n/10 , [][][]\T1/zi4/m/n/10 M
odelSIR[][][]()[]\T1/ptm/m/n/10 , [][][]\T1/zi4/m/n/10 ModelSIRD[][][]()[]\T1/p
tm/m/n/10 , [][][]\T1/zi4/m/n/10 ModelSIRDCONN[][][]()[]\T1/ptm/m/n/10 ,
[46 </var/scratch2ro/tomas/cran/rlibro/lib/epiworldR/help/figures//sirconnected
.png>]
Overfull \hbox (25.61024pt too wide) in paragraph at lines 3429--3445
[]\T1/ptm/m/n/10 Other Mod-els: [][][]\T1/zi4/m/n/10 ModelDiffNet[][][]()[]\T1/
ptm/m/n/10 , [][][]\T1/zi4/m/n/10 ModelSEIR[][][]()[]\T1/ptm/m/n/10 , [][][]\T1
/zi4/m/n/10 ModelSEIRCONN[][][]()[]\T1/ptm/m/n/10 , [][][]\T1/zi4/m/n/10 ModelS
EIRD[][][]()[]\T1/ptm/m/n/10 , [][][]\T1/zi4/m/n/10 ModelSEIRDCONN[][][]()[]\T1
/ptm/m/n/10 ,

Overfull \hbox (40.36096pt too wide) in paragraph at lines 3429--3445
[][][]\T1/zi4/m/n/10 ModelSEIRMixing[][][]()[]\T1/ptm/m/n/10 , [][][]\T1/zi4/m/
n/10 ModelSEIRMixingQuarantine[][][]()[]\T1/ptm/m/n/10 , [][][]\T1/zi4/m/n/10 M
odelSIR[][][]()[]\T1/ptm/m/n/10 , [][][]\T1/zi4/m/n/10 ModelSIRCONN[][][]()[]\T
1/ptm/m/n/10 , [][][]\T1/zi4/m/n/10 ModelSIRDCONN[][][]()[]\T1/ptm/m/n/10 ,
[47 </var/scratch2ro/tomas/cran/rlibro/lib/epiworldR/help/figures//sird.png>]
[48]
Overfull \hbox (25.61024pt too wide) in paragraph at lines 3540--3556
[]\T1/ptm/m/n/10 Other Mod-els: [][][]\T1/zi4/m/n/10 ModelDiffNet[][][]()[]\T1/
ptm/m/n/10 , [][][]\T1/zi4/m/n/10 ModelSEIR[][][]()[]\T1/ptm/m/n/10 , [][][]\T1
/zi4/m/n/10 ModelSEIRCONN[][][]()[]\T1/ptm/m/n/10 , [][][]\T1/zi4/m/n/10 ModelS
EIRD[][][]()[]\T1/ptm/m/n/10 , [][][]\T1/zi4/m/n/10 ModelSEIRDCONN[][][]()[]\T1
/ptm/m/n/10 ,

Overfull \hbox (20.36096pt too wide) in paragraph at lines 3540--3556
[][][]\T1/zi4/m/n/10 ModelSEIRMixing[][][]()[]\T1/ptm/m/n/10 , [][][]\T1/zi4/m/
n/10 ModelSEIRMixingQuarantine[][][]()[]\T1/ptm/m/n/10 , [][][]\T1/zi4/m/n/10 M
odelSIR[][][]()[]\T1/ptm/m/n/10 , [][][]\T1/zi4/m/n/10 ModelSIRCONN[][][]()[]\T
1/ptm/m/n/10 , [][][]\T1/zi4/m/n/10 ModelSIRD[][][]()[]\T1/ptm/m/n/10 ,
[49 </var/scratch2ro/tomas/cran/rlibro/lib/epiworldR/help/figures//sirdconnecte
d.png>]
Overfull \hbox (25.61024pt too wide) in paragraph at lines 3638--3654
[]\T1/ptm/m/n/10 Other Mod-els: [][][]\T1/zi4/m/n/10 ModelDiffNet[][][]()[]\T1/
ptm/m/n/10 , [][][]\T1/zi4/m/n/10 ModelSEIR[][][]()[]\T1/ptm/m/n/10 , [][][]\T1
/zi4/m/n/10 ModelSEIRCONN[][][]()[]\T1/ptm/m/n/10 , [][][]\T1/zi4/m/n/10 ModelS
EIRD[][][]()[]\T1/ptm/m/n/10 , [][][]\T1/zi4/m/n/10 ModelSEIRDCONN[][][]()[]\T1
/ptm/m/n/10 ,

Overfull \hbox (20.36096pt too wide) in paragraph at lines 3638--3654
[][][]\T1/zi4/m/n/10 ModelSEIRMixing[][][]()[]\T1/ptm/m/n/10 , [][][]\T1/zi4/m/
n/10 ModelSEIRMixingQuarantine[][][]()[]\T1/ptm/m/n/10 , [][][]\T1/zi4/m/n/10 M
odelSIR[][][]()[]\T1/ptm/m/n/10 , [][][]\T1/zi4/m/n/10 ModelSIRCONN[][][]()[]\T
1/ptm/m/n/10 , [][][]\T1/zi4/m/n/10 ModelSIRD[][][]()[]\T1/ptm/m/n/10 ,
[50 </var/scratch2ro/tomas/cran/rlibro/lib/epiworldR/help/figures//sirlogit.png
>] [51] [52 </var/scratch2ro/tomas/cran/rlibro/lib/epiworldR/help/figures//sirm
ixing.png>]
Overfull \hbox (25.61024pt too wide) in paragraph at lines 3775--3791
[]\T1/ptm/m/n/10 Other Mod-els: [][][]\T1/zi4/m/n/10 ModelDiffNet[][][]()[]\T1/
ptm/m/n/10 , [][][]\T1/zi4/m/n/10 ModelSEIR[][][]()[]\T1/ptm/m/n/10 , [][][]\T1
/zi4/m/n/10 ModelSEIRCONN[][][]()[]\T1/ptm/m/n/10 , [][][]\T1/zi4/m/n/10 ModelS
EIRD[][][]()[]\T1/ptm/m/n/10 , [][][]\T1/zi4/m/n/10 ModelSEIRDCONN[][][]()[]\T1
/ptm/m/n/10 ,

Overfull \hbox (20.36096pt too wide) in paragraph at lines 3775--3791
[][][]\T1/zi4/m/n/10 ModelSEIRMixing[][][]()[]\T1/ptm/m/n/10 , [][][]\T1/zi4/m/
n/10 ModelSEIRMixingQuarantine[][][]()[]\T1/ptm/m/n/10 , [][][]\T1/zi4/m/n/10 M
odelSIR[][][]()[]\T1/ptm/m/n/10 , [][][]\T1/zi4/m/n/10 ModelSIRCONN[][][]()[]\T
1/ptm/m/n/10 , [][][]\T1/zi4/m/n/10 ModelSIRD[][][]()[]\T1/ptm/m/n/10 ,
[53]
Overfull \hbox (25.61024pt too wide) in paragraph at lines 3880--3896
[]\T1/ptm/m/n/10 Other Mod-els: [][][]\T1/zi4/m/n/10 ModelDiffNet[][][]()[]\T1/
ptm/m/n/10 , [][][]\T1/zi4/m/n/10 ModelSEIR[][][]()[]\T1/ptm/m/n/10 , [][][]\T1
/zi4/m/n/10 ModelSEIRCONN[][][]()[]\T1/ptm/m/n/10 , [][][]\T1/zi4/m/n/10 ModelS
EIRD[][][]()[]\T1/ptm/m/n/10 , [][][]\T1/zi4/m/n/10 ModelSEIRDCONN[][][]()[]\T1
/ptm/m/n/10 ,

Overfull \hbox (20.36096pt too wide) in paragraph at lines 3880--3896
[][][]\T1/zi4/m/n/10 ModelSEIRMixing[][][]()[]\T1/ptm/m/n/10 , [][][]\T1/zi4/m/
n/10 ModelSEIRMixingQuarantine[][][]()[]\T1/ptm/m/n/10 , [][][]\T1/zi4/m/n/10 M
odelSIR[][][]()[]\T1/ptm/m/n/10 , [][][]\T1/zi4/m/n/10 ModelSIRCONN[][][]()[]\T
1/ptm/m/n/10 , [][][]\T1/zi4/m/n/10 ModelSIRD[][][]()[]\T1/ptm/m/n/10 ,
[54 </var/scratch2ro/tomas/cran/rlibro/lib/epiworldR/help/figures//sis.png>]
Overfull \hbox (25.61024pt too wide) in paragraph at lines 3968--3984
[]\T1/ptm/m/n/10 Other Mod-els: [][][]\T1/zi4/m/n/10 ModelDiffNet[][][]()[]\T1/
ptm/m/n/10 , [][][]\T1/zi4/m/n/10 ModelSEIR[][][]()[]\T1/ptm/m/n/10 , [][][]\T1
/zi4/m/n/10 ModelSEIRCONN[][][]()[]\T1/ptm/m/n/10 , [][][]\T1/zi4/m/n/10 ModelS
EIRD[][][]()[]\T1/ptm/m/n/10 , [][][]\T1/zi4/m/n/10 ModelSEIRDCONN[][][]()[]\T1
/ptm/m/n/10 ,

Overfull \hbox (20.36096pt too wide) in paragraph at lines 3968--3984
[][][]\T1/zi4/m/n/10 ModelSEIRMixing[][][]()[]\T1/ptm/m/n/10 , [][][]\T1/zi4/m/
n/10 ModelSEIRMixingQuarantine[][][]()[]\T1/ptm/m/n/10 , [][][]\T1/zi4/m/n/10 M
odelSIR[][][]()[]\T1/ptm/m/n/10 , [][][]\T1/zi4/m/n/10 ModelSIRCONN[][][]()[]\T
1/ptm/m/n/10 , [][][]\T1/zi4/m/n/10 ModelSIRD[][][]()[]\T1/ptm/m/n/10 ,
[55 </var/scratch2ro/tomas/cran/rlibro/lib/epiworldR/help/figures//sisd.png>]
[56]
Overfull \hbox (25.61024pt too wide) in paragraph at lines 4092--4108
[]\T1/ptm/m/n/10 Other Mod-els: [][][]\T1/zi4/m/n/10 ModelDiffNet[][][]()[]\T1/
ptm/m/n/10 , [][][]\T1/zi4/m/n/10 ModelSEIR[][][]()[]\T1/ptm/m/n/10 , [][][]\T1
/zi4/m/n/10 ModelSEIRCONN[][][]()[]\T1/ptm/m/n/10 , [][][]\T1/zi4/m/n/10 ModelS
EIRD[][][]()[]\T1/ptm/m/n/10 , [][][]\T1/zi4/m/n/10 ModelSEIRDCONN[][][]()[]\T1
/ptm/m/n/10 ,

Overfull \hbox (20.36096pt too wide) in paragraph at lines 4092--4108
[][][]\T1/zi4/m/n/10 ModelSEIRMixing[][][]()[]\T1/ptm/m/n/10 , [][][]\T1/zi4/m/
n/10 ModelSEIRMixingQuarantine[][][]()[]\T1/ptm/m/n/10 , [][][]\T1/zi4/m/n/10 M
odelSIR[][][]()[]\T1/ptm/m/n/10 , [][][]\T1/zi4/m/n/10 ModelSIRCONN[][][]()[]\T
1/ptm/m/n/10 , [][][]\T1/zi4/m/n/10 ModelSIRD[][][]()[]\T1/ptm/m/n/10 ,
[57] [58] [59]
Overfull \hbox (30.19128pt too wide) in alignment at lines 4356--4356
 [] [] [] 
[60]
Overfull \hbox (22.49937pt too wide) in paragraph at lines 4404--4406
[]\T1/zi4/m/n/10 virus_info[]\T1/ptm/m/n/10 : []\T1/zi4/m/n/10 virus_id []\T1/p
tm/m/n/10 (in-te-ger), []\T1/zi4/m/n/10 virus []\T1/ptm/m/n/10 (char-ac-ter), [
]\T1/zi4/m/n/10 virus_sequence []\T1/ptm/m/n/10 (char-ac-ter), []\T1/zi4/m/n/10
 date_recorded

Overfull \hbox (2.49937pt too wide) in paragraph at lines 4408--4410
[]\T1/zi4/m/n/10 tool_info[]\T1/ptm/m/n/10 : []\T1/zi4/m/n/10 id []\T1/ptm/m/n/
10 (in-te-ger), []\T1/zi4/m/n/10 tool_name []\T1/ptm/m/n/10 (char-ac-ter), []\T
1/zi4/m/n/10 tool_sequence []\T1/ptm/m/n/10 (char-ac-ter), []\T1/zi4/m/n/10 dat
e_recorded

Overfull \hbox (8.47958pt too wide) in paragraph at lines 4412--4415
[]\T1/zi4/m/n/10 transmission[]\T1/ptm/m/n/10 : []\T1/zi4/m/n/10 date []\T1/ptm
/m/n/10 (in-te-ger), []\T1/zi4/m/n/10 virus_id []\T1/ptm/m/n/10 (in-te-ger), []
\T1/zi4/m/n/10 virus []\T1/ptm/m/n/10 (char-ac-ter), []\T1/zi4/m/n/10 source_ex
posure_date

Overfull \hbox (18.47958pt too wide) in paragraph at lines 4417--4419
[]\T1/zi4/m/n/10 reproductive[]\T1/ptm/m/n/10 : []\T1/zi4/m/n/10 virus_id []\T1
/ptm/m/n/10 (in-te-ger), []\T1/zi4/m/n/10 virus []\T1/ptm/m/n/10 (char-ac-ter),
 []\T1/zi4/m/n/10 source []\T1/ptm/m/n/10 (in-te-ger), []\T1/zi4/m/n/10 source_
exposure_date

Overfull \hbox (34.4598pt too wide) in paragraph at lines 4419--4421
[]\T1/zi4/m/n/10 generation[]\T1/ptm/m/n/10 : []\T1/zi4/m/n/10 virus []\T1/ptm/
m/n/10 (in-te-ger), []\T1/zi4/m/n/10 source []\T1/ptm/m/n/10 (in-te-ger), []\T1
/zi4/m/n/10 source_exposure_date []\T1/ptm/m/n/10 (in-te-ger), []\T1/zi4/m/n/10
 generation_time
[61] [62]
Overfull \hbox (28.87881pt too wide) in paragraph at lines 4561--4564
[]\T1/ptm/m/n/10 Numeric scalar. Preva-lence of the tool. In the case of []\T1/
zi4/m/n/10 distribute_tool_to_entities[]\T1/ptm/m/n/10 ,
[63]
Overfull \hbox (85.01048pt too wide) in paragraph at lines 4617--4622
[]\T1/ptm/m/n/10 In the case of []\T1/zi4/m/n/10 set_susceptibility_reduction_p
tr[]\T1/ptm/m/n/10 , []\T1/zi4/m/n/10 set_transmission_reduction_ptr[]\T1/ptm/m
/n/10 , []\T1/zi4/m/n/10 set_recovery_enhancer[]\T1/ptm/m/n/10 ,

Overfull \hbox (31.38814pt too wide) in paragraph at lines 4623--4627
[][]\T1/ptm/m/n/10 epi-world_tool[][][]. The dis-tri-bu-tion func-tion can be c
re-ated us-ing the func-tions [][][]\T1/zi4/m/n/10 distribute_tool_randomly()[]
[][]
[64]
Overfull \hbox (59.48885pt too wide) in paragraph at lines 4704--4708
[]\T1/ptm/m/n/10 The []\T1/zi4/m/n/10 distribute_tool_randomly []\T1/ptm/m/n/10
 func-tion re-turns a dis-tri-bu-tion func-tion of class []\T1/zi4/m/n/10 epiwo
rld_tool_distfun[]\T1/ptm/m/n/10 .

Overfull \hbox (49.48885pt too wide) in paragraph at lines 4714--4716
[]\T1/ptm/m/n/10 The []\T1/zi4/m/n/10 distribute_tool_to_set []\T1/ptm/m/n/10 f
unc-tion re-turns a dis-tri-bu-tion func-tion of class []\T1/zi4/m/n/10 epiworl
d_tool_distfun[]\T1/ptm/m/n/10 . 
[65]
Underfull \vbox (badness 10000) has occurred while \output is active [66]
[67]
Underfull \vbox (badness 10000) has occurred while \output is active [68]
Overfull \hbox (38.31877pt too wide) in paragraph at lines 4942--4945
[]\T1/ptm/m/n/10 Numeric scalar. Preva-lence of the virus. In the case of []\T1
/zi4/m/n/10 distribute_virus_to_entities[]\T1/ptm/m/n/10 ,
[69] [70]
Underfull \vbox (badness 10000) has occurred while \output is active [71]
(/var/scratch2/tomas/tmp/RtmpBW9rGO/Rd2pdf22078363ccfeae/Rd2.ind [72]

LaTeX Font Warning: Font shape `T1/zi4/m/it' undefined
(Font)              using `T1/zi4/m/n' instead on input line 77.

[73] [74] [75] [76] [77])
(/var/scratch2/tomas/tmp/RtmpBW9rGO/Rd2pdf22078363ccfeae/Rd2.aux)

LaTeX Font Warning: Some font shapes were not available, defaults substituted.

 )
(see the transcript file for additional information)
pdfTeX warning (dest): name{Rfn.parallel::makeCluster\(\)} has been referenced 
but does not exist, replaced by a fixed one


pdfTeX warning (dest): name{Rfn.DiagrammeR::mermaid\(\)} has been referenced bu
t does not exist, replaced by a fixed one


pdfTeX warning (dest): name{Rfn.data.frame} has been referenced but does not ex
ist, replaced by a fixed one


pdfTeX warning (dest): name{Rfn.set.seed} has been referenced but does not exis
t, replaced by a fixed one


pdfTeX warning (dest): name{Rfn.plot} has been referenced but does not exist, r
eplaced by a fixed one


pdfTeX warning (dest): name{Rfn.graphics::plot} has been referenced but does no
t exist, replaced by a fixed one


pdfTeX warning (dest): name{Rfn.graphics::plot\(\)} has been referenced but doe
s not exist, replaced by a fixed one

</usr/share/texlive/texmf-dist/fonts/type1/public/inconsolata/Inconsolata-zi4r.
pfb></usr/share/texlive/texmf-dist/fonts/type1/public/amsfonts/cm/cmmi10.pfb></
usr/share/texlive/texmf-dist/fonts/type1/public/amsfonts/cm/cmr10.pfb></usr/sha
re/texlive/texmf-dist/fonts/type1/public/amsfonts/cm/cmr7.pfb></usr/share/texli
ve/texmf-dist/fonts/type1/public/amsfonts/cm/cmsy10.pfb></usr/share/texlive/tex
mf-dist/fonts/type1/public/amsfonts/cm/cmsy7.pfb></usr/share/texlive/texmf-dist
/fonts/type1/public/cm-super/sftt0900.pfb></usr/share/texlive/texmf-dist/fonts/
type1/urw/times/utmb8a.pfb></usr/share/texlive/texmf-dist/fonts/type1/urw/times
/utmr8a.pfb></usr/share/texlive/texmf-dist/fonts/type1/urw/times/utmr8a.pfb></u
sr/share/texlive/texmf-dist/fonts/type1/urw/times/utmri8a.pfb>
Output written on Rd2.pdf (77 pages, 497231 bytes).
Transcript written on Rd2.log.
Saving output to epiworldR-manual.pdf ...
Done
You may want to clean up by 'rm -Rf /var/scratch2/tomas/tmp/RtmpBW9rGO/Rd2pdf22078363ccfeae'
