* using log directory ‘/var/scratch2/tomas/cran/rlibro/check/JuliaConnectoR.Rcheck’
* using R Under development (unstable) (2021-02-17 r80023)
* using platform: x86_64-pc-linux-gnu (64-bit)
* using session charset: UTF-8
* checking for file ‘JuliaConnectoR/DESCRIPTION’ ... OK
* checking extension type ... Package
* this is package ‘JuliaConnectoR’ version ‘0.6.2’
* package encoding: UTF-8
* checking package namespace information ... OK
* checking package dependencies ... OK
* checking if this is a source package ... OK
* checking if there is a namespace ... OK
* checking for executable files ... OK
* checking for hidden files and directories ... OK
* checking for portable file names ... OK
* checking for sufficient/correct file permissions ... OK
* checking whether package ‘JuliaConnectoR’ can be installed ... OK
* checking package directory ... OK
* checking DESCRIPTION meta-information ... OK
* checking top-level files ... OK
* checking for left-over files ... OK
* checking index information ... OK
* checking package subdirectories ... OK
* checking R files for non-ASCII characters ... OK
* checking R files for syntax errors ... OK
* checking whether the package can be loaded ... OK
* checking whether the package can be loaded with stated dependencies ... OK
* checking whether the package can be unloaded cleanly ... OK
* checking whether the namespace can be loaded with stated dependencies ... OK
* checking whether the namespace can be unloaded cleanly ... OK
* checking loading without being on the library search path ... OK
* checking dependencies in R code ... OK
* checking S3 generic/method consistency ... OK
* checking replacement functions ... OK
* checking foreign function calls ... OK
* checking R code for possible problems ... OK
* checking Rd files ... OK
* checking Rd metadata ... OK
* checking Rd cross-references ... OK
* checking for missing documentation entries ... OK
* checking for code/documentation mismatches ... OK
* checking Rd \usage sections ... OK
* checking Rd contents ... OK
* checking for unstated dependencies in examples ... OK
* checking examples ... ERROR
Running examples in ‘JuliaConnectoR-Ex.R’ failed
The error most likely occurred in:

> ### Name: as.data.frame.JuliaProxy
> ### Title: Coerce a Julia Table to a Data Frame
> ### Aliases: as.data.frame.JuliaProxy
> 
> ### ** Examples
> 
> if (juliaSetupOk()) {
+ 
+    # Demonstrate the usage with the Julia package "JuliaDB"
+    juliaEval('import Pkg; Pkg.add("JuliaDB")')
+    JuliaDB <- juliaImport("JuliaDB")
+ 
+    mydf <- data.frame(x = c(1, 2, 3),
+                       y = c("a", "b", "c"),
+                       z = c(TRUE, FALSE, NA),
+                       stringsAsFactors = FALSE)
+ 
+    # create a table in Julia, e. g. via JuliaDB
+    mytbl <- JuliaDB$table(mydf)
+ 
+    # this table can, e g. be queried and
+    # the result can be translated to an R data frame
+    seltbl <- JuliaDB$select(mytbl, juliaExpr("(:x, :y)"))[1:2]
+ 
+    # translate selection of Julia table into R data frame
+    as.data.frame(seltbl)
+ 
+ }
Starting Julia ...
   Updating registry at `~/.julia/registries/General`
   Updating     git-repo `https://github.com/JuliaRegistries/General.git`
Fetching: [>                                        ]  0.0 %
  Resolving package versions...
   Updating `/var/scratch2/tomas/cache/.julia/environments/v1.4/Project.toml`
 [no changes]
   Updating `/var/scratch2/tomas/cache/.julia/environments/v1.4/Manifest.toml`
 [no changes]
Error in handleCallbacksAndOutput() : Evaluation failed
Original error:
type RDataFrame has no field names
Stacktrace:
 [1] Main.RConnector.Fail(::String, ::ErrorException) at /var/scratch2ro/tomas/cran/rlibro/lib/JuliaConnectoR/Julia/reading.jl:6
 [2] evaluate_checked!(::Main.RConnector.Call) at /var/scratch2ro/tomas/cran/rlibro/lib/JuliaConnectoR/Julia/evaluating.jl:57
 [3] serve_repl(::Sockets.TCPSocket) at /var/scratch2ro/tomas/cran/rlibro/lib/JuliaConnectoR/Julia/communicating.jl:103
 [4] serve(::Int64; keeprunning::Bool, portfile::String) at /var/scratch2ro/tomas/cran/rlibro/lib/JuliaConnectoR/Julia/communicating.jl:73
 [5] top-level scope at /var/scratch2ro/tomas/cran/rlibro/lib/JuliaConnectoR/Julia/main.jl:21
Calls: <Anonymous> ... doTryCatch -> doCallJulia -> handleCallbacksAndOutput
Execution halted
* checking for unstated dependencies in ‘tests’ ... OK
* checking tests ... ERROR
  Running ‘testthat.R’
Running the tests in ‘tests/testthat.R’ failed.
Last 13 lines of output:
  in expression starting at string:2
  Backtrace:
      █
   1. └─JuliaConnectoR::juliaEval(paste(irisExampleJuliaCode, collapse = "\n")) test.R:1263:3
   2.   └─JuliaConnectoR::juliaCall("RConnector.mainevalcmd", expr)
   3.     ├─base::tryCatch(...)
   4.     │ └─base:::tryCatchList(expr, classes, parentenv, handlers)
   5.     │   └─base:::tryCatchOne(expr, names, parentenv, handlers[[1L]])
   6.     │     └─base:::doTryCatch(return(expr), name, parentenv, handler)
   7.     └─JuliaConnectoR:::doCallJulia(funName, jlargs)
   8.       └─JuliaConnectoR:::handleCallbacksAndOutput()
  
  [ FAIL 2 | WARN 0 | SKIP 2 | PASS 383 ]
  Error: Test failures
  Execution halted
* checking PDF version of manual ... OK
* DONE
Status: 2 ERRORs
