* using log directory ‘/var/scratch2/tomas/cran/rlibro/check/EpiSignalDetection.Rcheck’
* using R Under development (unstable) (2018-11-14 r75605)
* using platform: x86_64-pc-linux-gnu (64-bit)
* using session charset: UTF-8
* checking for file ‘EpiSignalDetection/DESCRIPTION’ ... OK
* checking extension type ... Package
* this is package ‘EpiSignalDetection’ version ‘0.1.0’
* package encoding: UTF-8
* checking package namespace information ... OK
* checking package dependencies ... OK
* checking if this is a source package ... OK
* checking if there is a namespace ... OK
* checking for executable files ... OK
* checking for hidden files and directories ... OK
* checking for portable file names ... OK
* checking for sufficient/correct file permissions ... OK
* checking whether package ‘EpiSignalDetection’ can be installed ... OK
* checking package directory ... OK
* checking ‘build’ directory ... OK
* checking DESCRIPTION meta-information ... OK
* checking top-level files ... OK
* checking for left-over files ... OK
* checking index information ... OK
* checking package subdirectories ... OK
* checking R files for non-ASCII characters ... OK
* checking R files for syntax errors ... OK
* checking whether the package can be loaded ... OK
* checking whether the package can be loaded with stated dependencies ... OK
* checking whether the package can be unloaded cleanly ... OK
* checking whether the namespace can be loaded with stated dependencies ... OK
* checking whether the namespace can be unloaded cleanly ... OK
* checking loading without being on the library search path ... OK
* checking dependencies in R code ... NOTE
Namespaces in Imports field not imported from:
  ‘DT’ ‘ggplot2’ ‘knitr’ ‘pander’
  All declared Imports should be used.
* checking S3 generic/method consistency ... OK
* checking replacement functions ... OK
* checking foreign function calls ... OK
* checking R code for possible problems ... OK
* checking Rd files ... OK
* checking Rd metadata ... OK
* checking Rd cross-references ... OK
* checking for missing documentation entries ... OK
* checking for code/documentation mismatches ... OK
* checking Rd \usage sections ... OK
* checking Rd contents ... OK
* checking for unstated dependencies in examples ... OK
* checking contents of ‘data’ directory ... OK
* checking data for non-ASCII characters ... OK
* checking data for ASCII and uncompressed saves ... OK
* checking installed files from ‘inst/doc’ ... OK
* checking files in ‘vignettes’ ... OK
* checking examples ... ERROR
Running examples in ‘EpiSignalDetection-Ex.R’ failed
The error most likely occurred in:

> ### Name: runEpiSDReport
> ### Title: Run the EpiSignalDetection report (HTML markdown)
> ### Aliases: runEpiSDReport
> 
> ### ** Examples
> 
> #---> OR
> 
> #-- First setting the parameters to run the report for
> input <- list(
+ disease = "Salmonellosis",
+ country = "Portugal",
+ indicator = "Reported cases",
+ stratification = "Confirmed cases",
+ unit = "Month",
+ daterange = c("2011-01-01", "2016-12-31"),
+ algo = "FarringtonFlexible",
+ testingperiod = 6
+ )
> 
> #-- Second running the report based on the EpiSignalDetection::SignalData dataset
> #-- and store it in a temporary folder
> runEpiSDReport(input = input)


processing file: SignalDetectionReport.Rmd
   inline R code fragments

label: Config (with options) 
List of 4
 $ echo   : logi FALSE
 $ results: chr "hide"
 $ warning: logi FALSE
 $ message: logi FALSE


Attaching package: 'dplyr'

The following objects are masked from 'package:stats':

    filter, lag

The following objects are masked from 'package:base':

    intersect, setdiff, setequal, union

  ordinary text without R code

label: Parameters
  ordinary text without R code

label: StudyPeriod
  ordinary text without R code

label: Gaps
   inline R code fragments

label: GraphByReportingCountries
   inline R code fragments

label: LoopByCountry (with options) 
List of 2
 $ results : chr "hide"
 $ fig.show: chr "hide"

   inline R code fragments

label: AlarmTable (with options) 
List of 1
 $ results: chr "hide"



processing file: ./subsection.Rmd
   inline R code fragments

Warning in file(con, "w") :
  cannot open file 'SignalDetectionReport.knit.md': Read-only file system
Error in file(con, "w") : cannot open the connection
Calls: runEpiSDReport -> <Anonymous> -> <Anonymous> -> writeLines -> file
Execution halted
* checking for unstated dependencies in vignettes ... OK
* checking package vignettes in ‘inst/doc’ ... OK
* checking running R code from vignettes ... NONE
* checking re-building of vignette outputs ... OK
* checking PDF version of manual ... OK
* DONE
Status: 1 ERROR, 1 NOTE
