Hmm ... looks like a package
Converting parsed Rd's to LaTeX 
Creating pdf output from LaTeX ...

This is pdfTeX, Version 3.141592653-2.6-1.40.22 (TeX Live 2021) (preloaded format=pdflatex)
 restricted \write18 enabled.
entering extended mode
LaTeX2e <2020-10-01> patch level 4
L3 programming layer <2021-05-07> (./Rd2.tex
(/usr/share/texlive/texmf-dist/tex/latex/base/book.cls
Document Class: book 2020/04/10 v1.4m Standard LaTeX document class
(/usr/share/texlive/texmf-dist/tex/latex/base/bk10.clo))
(/var/scratch2/tomas/cran/rcnst/build/share/texmf/tex/latex/Rd.sty
(/usr/share/texlive/texmf-dist/tex/latex/base/ifthen.sty)
(/usr/share/texlive/texmf-dist/tex/latex/tools/longtable.sty)
(/usr/share/texlive/texmf-dist/tex/latex/tools/bm.sty)
(/usr/share/texlive/texmf-dist/tex/latex/base/alltt.sty)
(/usr/share/texlive/texmf-dist/tex/latex/tools/verbatim.sty)
(/usr/share/texlive/texmf-dist/tex/latex/url/url.sty)
(/usr/share/texlive/texmf-dist/tex/latex/base/textcomp.sty)
(/usr/share/texlive/texmf-dist/tex/generic/iftex/iftex.sty)
(/usr/share/texlive/texmf-dist/tex/latex/base/fontenc.sty)
(/usr/share/texlive/texmf-dist/tex/latex/psnfss/times.sty)
(/usr/share/texlive/texmf-dist/tex/latex/inconsolata/zi4.sty
`inconsolata-zi4' v1.12, 2019/05/17 Text macros for Inconsolata (msharpe)
(/usr/share/texlive/texmf-dist/tex/latex/xkeyval/xkeyval.sty
(/usr/share/texlive/texmf-dist/tex/generic/xkeyval/xkeyval.tex
(/usr/share/texlive/texmf-dist/tex/generic/xkeyval/xkvutils.tex
(/usr/share/texlive/texmf-dist/tex/generic/xkeyval/keyval.tex)))))
(/usr/share/texlive/texmf-dist/tex/latex/graphics/color.sty
(/usr/share/texlive/texmf-dist/tex/latex/graphics-cfg/color.cfg)
(/usr/share/texlive/texmf-dist/tex/latex/graphics-def/pdftex.def))
(/usr/share/texlive/texmf-dist/tex/latex/hyperref/hyperref.sty
(/usr/share/texlive/texmf-dist/tex/generic/ltxcmds/ltxcmds.sty)
(/usr/share/texlive/texmf-dist/tex/generic/pdftexcmds/pdftexcmds.sty
(/usr/share/texlive/texmf-dist/tex/generic/infwarerr/infwarerr.sty))
(/usr/share/texlive/texmf-dist/tex/generic/kvsetkeys/kvsetkeys.sty)
(/usr/share/texlive/texmf-dist/tex/generic/kvdefinekeys/kvdefinekeys.sty)
(/usr/share/texlive/texmf-dist/tex/generic/pdfescape/pdfescape.sty)
(/usr/share/texlive/texmf-dist/tex/latex/hycolor/hycolor.sty)
(/usr/share/texlive/texmf-dist/tex/latex/letltxmacro/letltxmacro.sty)
(/usr/share/texlive/texmf-dist/tex/latex/auxhook/auxhook.sty)
(/usr/share/texlive/texmf-dist/tex/latex/kvoptions/kvoptions.sty)
(/usr/share/texlive/texmf-dist/tex/latex/hyperref/pd1enc.def)
(/usr/share/texlive/texmf-dist/tex/latex/hyperref/hyperref-langpatches.def)
(/usr/share/texlive/texmf-dist/tex/generic/intcalc/intcalc.sty)
(/usr/share/texlive/texmf-dist/tex/generic/etexcmds/etexcmds.sty)
(/usr/share/texlive/texmf-dist/tex/latex/hyperref/puenc.def)
(/usr/share/texlive/texmf-dist/tex/generic/bitset/bitset.sty
(/usr/share/texlive/texmf-dist/tex/generic/bigintcalc/bigintcalc.sty))
(/usr/share/texlive/texmf-dist/tex/latex/base/atbegshi-ltx.sty))
(/usr/share/texlive/texmf-dist/tex/latex/hyperref/hpdftex.def
(/usr/share/texlive/texmf-dist/tex/latex/base/atveryend-ltx.sty)
(/usr/share/texlive/texmf-dist/tex/latex/rerunfilecheck/rerunfilecheck.sty
(/usr/share/texlive/texmf-dist/tex/generic/uniquecounter/uniquecounter.sty)))

Package hyperref Warning: Option `hyperindex' has already been used,
(hyperref)                setting the option has no effect on input line 388.


Package hyperref Warning: Option `pagebackref' has already been used,
(hyperref)                setting the option has no effect on input line 388.

) (/usr/share/texlive/texmf-dist/tex/latex/base/makeidx.sty)
(/usr/share/texlive/texmf-dist/tex/latex/base/inputenc.sty)
Writing index file Rd2.idx
(/usr/share/texlive/texmf-dist/tex/latex/psnfss/t1ptm.fd)
(/usr/share/texlive/texmf-dist/tex/latex/l3backend/l3backend-pdftex.def)
No file Rd2.aux.
(/usr/share/texlive/texmf-dist/tex/context/base/mkii/supp-pdf.mkii
[Loading MPS to PDF converter (version 2006.09.02).]
) (/usr/share/texlive/texmf-dist/tex/latex/hyperref/nameref.sty
(/usr/share/texlive/texmf-dist/tex/latex/refcount/refcount.sty)
(/usr/share/texlive/texmf-dist/tex/generic/gettitlestring/gettitlestring.sty))
(/usr/share/texlive/texmf-dist/tex/latex/psnfss/ts1ptm.fd)
(/usr/share/texlive/texmf-dist/tex/latex/inconsolata/t1zi4.fd)
(/usr/share/texlive/texmf-dist/tex/latex/psnfss/t1phv.fd) [1

pdfTeX warning: pdflatex (file pdftex.map): cannot open font map file
] [2] [3]
Overfull \hbox (0.43599pt too wide) in paragraph at lines 185--186
[]\T1/ptm/m/n/10 If doBest=FALSE (de-fault), it re-turns a ma-trix whose first 
col-umn con-tains the mtry val-ues searched,
[4]
Overfull \hbox (23.70734pt too wide) in paragraph at lines 234--237
\T1/ptm/m/n/10 min.node.size and sam-ple.fraction. Ad-di-tion-ally re-place and
 re-spect.unordered.factors
[5]
No file Rd2.ind.
[6] (/var/scratch2/tomas/tmp/RtmphfRjCR/Rd2pdfb7ed3346aab7b/Rd2.aux)

Package rerunfilecheck Warning: File `Rd2.out' has changed.
(rerunfilecheck)                Rerun to get outlines right
(rerunfilecheck)                or use package `bookmark'.

 )
(see the transcript file for additional information)pdfTeX warning (dest): name
{Rfn.makeSurvTask} has been referenced but does not exist, replaced by a fixed 
one

pdfTeX warning (dest): name{Rfn.ranger} has been referenced but does not exist,
 replaced by a fixed one

pdfTeX warning (dest): name{Rfn.randomForest} has been referenced but does not 
exist, replaced by a fixed one

pdfTeX warning (dest): name{Rfn.makeRegrTask} has been referenced but does not 
exist, replaced by a fixed one

pdfTeX warning (dest): name{Rfn.makeClassifTask} has been referenced but does n
ot exist, replaced by a fixed one

 </space/tkalibera/.texlive2021/texmf-var/fonts/pk/modeless/public/inconsolata/
t1-zi4r-0.540pk> </space/tkalibera/.texlive2021/texmf-var/fonts/pk/modeless/ado
be/times/ptmri8r.600pk> </space/tkalibera/.texlive2021/texmf-var/fonts/pk/model
ess/adobe/times/ptmro8r.600pk> </space/tkalibera/.texlive2021/texmf-var/fonts/p
k/modeless/adobe/times/ptmb8r.864pk> </space/tkalibera/.texlive2021/texmf-var/f
onts/pk/modeless/adobe/helvetic/phvr8r.864pk> </space/tkalibera/.texlive2021/te
xmf-var/fonts/pk/modeless/public/inconsolata/t1-zi4r-0.600pk> </space/tkalibera
/.texlive2021/texmf-var/fonts/pk/modeless/adobe/times/ptmr8r.600pk> </space/tka
libera/.texlive2021/texmf-var/fonts/pk/modeless/adobe/times/ptmb8r.600pk> </spa
ce/tkalibera/.texlive2021/texmf-var/fonts/pk/modeless/adobe/times/ptmr8r.720pk>
 </space/tkalibera/.texlive2021/texmf-var/fonts/pk/modeless/adobe/times/ptmb8r.
1244pk>
Output written on Rd2.pdf (6 pages, 92444 bytes).
Transcript written on Rd2.log.
This is makeindex, version 2.15 [TeX Live 2021] (kpathsea + Thai support).
Scanning input file Rd2.idx....done (21 entries accepted, 0 rejected).
Sorting entries....done (85 comparisons).
Generating output file Rd2.ind....done (27 lines written, 0 warnings).
Output written in Rd2.ind.
Transcript written in Rd2.ilg.
This is pdfTeX, Version 3.141592653-2.6-1.40.22 (TeX Live 2021) (preloaded format=pdflatex)
 restricted \write18 enabled.
entering extended mode
LaTeX2e <2020-10-01> patch level 4
L3 programming layer <2021-05-07> (./Rd2.tex
(/usr/share/texlive/texmf-dist/tex/latex/base/book.cls
Document Class: book 2020/04/10 v1.4m Standard LaTeX document class
(/usr/share/texlive/texmf-dist/tex/latex/base/bk10.clo))
(/var/scratch2/tomas/cran/rcnst/build/share/texmf/tex/latex/Rd.sty
(/usr/share/texlive/texmf-dist/tex/latex/base/ifthen.sty)
(/usr/share/texlive/texmf-dist/tex/latex/tools/longtable.sty)
(/usr/share/texlive/texmf-dist/tex/latex/tools/bm.sty)
(/usr/share/texlive/texmf-dist/tex/latex/base/alltt.sty)
(/usr/share/texlive/texmf-dist/tex/latex/tools/verbatim.sty)
(/usr/share/texlive/texmf-dist/tex/latex/url/url.sty)
(/usr/share/texlive/texmf-dist/tex/latex/base/textcomp.sty)
(/usr/share/texlive/texmf-dist/tex/generic/iftex/iftex.sty)
(/usr/share/texlive/texmf-dist/tex/latex/base/fontenc.sty)
(/usr/share/texlive/texmf-dist/tex/latex/psnfss/times.sty)
(/usr/share/texlive/texmf-dist/tex/latex/inconsolata/zi4.sty
`inconsolata-zi4' v1.12, 2019/05/17 Text macros for Inconsolata (msharpe)
(/usr/share/texlive/texmf-dist/tex/latex/xkeyval/xkeyval.sty
(/usr/share/texlive/texmf-dist/tex/generic/xkeyval/xkeyval.tex
(/usr/share/texlive/texmf-dist/tex/generic/xkeyval/xkvutils.tex
(/usr/share/texlive/texmf-dist/tex/generic/xkeyval/keyval.tex)))))
(/usr/share/texlive/texmf-dist/tex/latex/graphics/color.sty
(/usr/share/texlive/texmf-dist/tex/latex/graphics-cfg/color.cfg)
(/usr/share/texlive/texmf-dist/tex/latex/graphics-def/pdftex.def))
(/usr/share/texlive/texmf-dist/tex/latex/hyperref/hyperref.sty
(/usr/share/texlive/texmf-dist/tex/generic/ltxcmds/ltxcmds.sty)
(/usr/share/texlive/texmf-dist/tex/generic/pdftexcmds/pdftexcmds.sty
(/usr/share/texlive/texmf-dist/tex/generic/infwarerr/infwarerr.sty))
(/usr/share/texlive/texmf-dist/tex/generic/kvsetkeys/kvsetkeys.sty)
(/usr/share/texlive/texmf-dist/tex/generic/kvdefinekeys/kvdefinekeys.sty)
(/usr/share/texlive/texmf-dist/tex/generic/pdfescape/pdfescape.sty)
(/usr/share/texlive/texmf-dist/tex/latex/hycolor/hycolor.sty)
(/usr/share/texlive/texmf-dist/tex/latex/letltxmacro/letltxmacro.sty)
(/usr/share/texlive/texmf-dist/tex/latex/auxhook/auxhook.sty)
(/usr/share/texlive/texmf-dist/tex/latex/kvoptions/kvoptions.sty)
(/usr/share/texlive/texmf-dist/tex/latex/hyperref/pd1enc.def)
(/usr/share/texlive/texmf-dist/tex/latex/hyperref/hyperref-langpatches.def)
(/usr/share/texlive/texmf-dist/tex/generic/intcalc/intcalc.sty)
(/usr/share/texlive/texmf-dist/tex/generic/etexcmds/etexcmds.sty)
(/usr/share/texlive/texmf-dist/tex/latex/hyperref/puenc.def)
(/usr/share/texlive/texmf-dist/tex/generic/bitset/bitset.sty
(/usr/share/texlive/texmf-dist/tex/generic/bigintcalc/bigintcalc.sty))
(/usr/share/texlive/texmf-dist/tex/latex/base/atbegshi-ltx.sty))
(/usr/share/texlive/texmf-dist/tex/latex/hyperref/hpdftex.def
(/usr/share/texlive/texmf-dist/tex/latex/base/atveryend-ltx.sty)
(/usr/share/texlive/texmf-dist/tex/latex/rerunfilecheck/rerunfilecheck.sty
(/usr/share/texlive/texmf-dist/tex/generic/uniquecounter/uniquecounter.sty)))

Package hyperref Warning: Option `hyperindex' has already been used,
(hyperref)                setting the option has no effect on input line 388.


Package hyperref Warning: Option `pagebackref' has already been used,
(hyperref)                setting the option has no effect on input line 388.

) (/usr/share/texlive/texmf-dist/tex/latex/base/makeidx.sty)
(/usr/share/texlive/texmf-dist/tex/latex/base/inputenc.sty)
Writing index file Rd2.idx
(/usr/share/texlive/texmf-dist/tex/latex/psnfss/t1ptm.fd)
(/usr/share/texlive/texmf-dist/tex/latex/l3backend/l3backend-pdftex.def)
(/var/scratch2/tomas/tmp/RtmphfRjCR/Rd2pdfb7ed3346aab7b/Rd2.aux)
(/usr/share/texlive/texmf-dist/tex/context/base/mkii/supp-pdf.mkii
[Loading MPS to PDF converter (version 2006.09.02).]
) (/usr/share/texlive/texmf-dist/tex/latex/hyperref/nameref.sty
(/usr/share/texlive/texmf-dist/tex/latex/refcount/refcount.sty)
(/usr/share/texlive/texmf-dist/tex/generic/gettitlestring/gettitlestring.sty))
(/var/scratch2/tomas/tmp/RtmphfRjCR/Rd2pdfb7ed3346aab7b/Rd2.out)
(/var/scratch2/tomas/tmp/RtmphfRjCR/Rd2pdfb7ed3346aab7b/Rd2.out)
(/usr/share/texlive/texmf-dist/tex/latex/psnfss/ts1ptm.fd)
(/usr/share/texlive/texmf-dist/tex/latex/inconsolata/t1zi4.fd)
(/usr/share/texlive/texmf-dist/tex/latex/psnfss/t1phv.fd)
(/var/scratch2/tomas/tmp/RtmphfRjCR/Rd2pdfb7ed3346aab7b/Rd2.toc) [1

pdfTeX warning: pdflatex (file pdftex.map): cannot open font map file
] [2] [3]
Overfull \hbox (0.43599pt too wide) in paragraph at lines 185--186
[]\T1/ptm/m/n/10 If doBest=FALSE (de-fault), it re-turns a ma-trix whose first 
col-umn con-tains the mtry val-ues searched,
[4]
Overfull \hbox (23.70734pt too wide) in paragraph at lines 234--237
\T1/ptm/m/n/10 min.node.size and sam-ple.fraction. Ad-di-tion-ally re-place and
 re-spect.unordered.factors
[5] (/var/scratch2/tomas/tmp/RtmphfRjCR/Rd2pdfb7ed3346aab7b/Rd2.ind [6]
[7]) (/var/scratch2/tomas/tmp/RtmphfRjCR/Rd2pdfb7ed3346aab7b/Rd2.aux)

Package rerunfilecheck Warning: File `Rd2.out' has changed.
(rerunfilecheck)                Rerun to get outlines right
(rerunfilecheck)                or use package `bookmark'.

 )
(see the transcript file for additional information)pdfTeX warning (dest): name
{Rfn.makeSurvTask} has been referenced but does not exist, replaced by a fixed 
one

pdfTeX warning (dest): name{Rfn.ranger} has been referenced but does not exist,
 replaced by a fixed one

pdfTeX warning (dest): name{Rfn.randomForest} has been referenced but does not 
exist, replaced by a fixed one

pdfTeX warning (dest): name{Rfn.makeRegrTask} has been referenced but does not 
exist, replaced by a fixed one

pdfTeX warning (dest): name{Rfn.makeClassifTask} has been referenced but does n
ot exist, replaced by a fixed one

 </space/tkalibera/.texlive2021/texmf-var/fonts/pk/modeless/adobe/times/ptmb8r.
1493pk> </space/tkalibera/.texlive2021/texmf-var/fonts/pk/modeless/public/incon
solata/t1-zi4r-0.540pk> </space/tkalibera/.texlive2021/texmf-var/fonts/pk/model
ess/adobe/times/ptmri8r.600pk> </space/tkalibera/.texlive2021/texmf-var/fonts/p
k/modeless/adobe/times/ptmro8r.600pk> </space/tkalibera/.texlive2021/texmf-var/
fonts/pk/modeless/adobe/times/ptmb8r.864pk> </space/tkalibera/.texlive2021/texm
f-var/fonts/pk/modeless/adobe/helvetic/phvr8r.864pk> </space/tkalibera/.texlive
2021/texmf-var/fonts/pk/modeless/public/inconsolata/t1-zi4r-0.600pk> </space/tk
alibera/.texlive2021/texmf-var/fonts/pk/modeless/adobe/times/ptmr8r.600pk> </sp
ace/tkalibera/.texlive2021/texmf-var/fonts/pk/modeless/adobe/times/ptmb8r.600pk
> </space/tkalibera/.texlive2021/texmf-var/fonts/pk/modeless/adobe/times/ptmr8r
.720pk> </space/tkalibera/.texlive2021/texmf-var/fonts/pk/modeless/adobe/times/
ptmb8r.1244pk>
Output written on Rd2.pdf (7 pages, 97498 bytes).
Transcript written on Rd2.log.
This is makeindex, version 2.15 [TeX Live 2021] (kpathsea + Thai support).
Scanning input file Rd2.idx....done (21 entries accepted, 0 rejected).
Sorting entries....done (85 comparisons).
Generating output file Rd2.ind....done (27 lines written, 0 warnings).
Output written in Rd2.ind.
Transcript written in Rd2.ilg.
This is pdfTeX, Version 3.141592653-2.6-1.40.22 (TeX Live 2021) (preloaded format=pdflatex)
 restricted \write18 enabled.
entering extended mode
LaTeX2e <2020-10-01> patch level 4
L3 programming layer <2021-05-07> (./Rd2.tex
(/usr/share/texlive/texmf-dist/tex/latex/base/book.cls
Document Class: book 2020/04/10 v1.4m Standard LaTeX document class
(/usr/share/texlive/texmf-dist/tex/latex/base/bk10.clo))
(/var/scratch2/tomas/cran/rcnst/build/share/texmf/tex/latex/Rd.sty
(/usr/share/texlive/texmf-dist/tex/latex/base/ifthen.sty)
(/usr/share/texlive/texmf-dist/tex/latex/tools/longtable.sty)
(/usr/share/texlive/texmf-dist/tex/latex/tools/bm.sty)
(/usr/share/texlive/texmf-dist/tex/latex/base/alltt.sty)
(/usr/share/texlive/texmf-dist/tex/latex/tools/verbatim.sty)
(/usr/share/texlive/texmf-dist/tex/latex/url/url.sty)
(/usr/share/texlive/texmf-dist/tex/latex/base/textcomp.sty)
(/usr/share/texlive/texmf-dist/tex/generic/iftex/iftex.sty)
(/usr/share/texlive/texmf-dist/tex/latex/base/fontenc.sty)
(/usr/share/texlive/texmf-dist/tex/latex/psnfss/times.sty)
(/usr/share/texlive/texmf-dist/tex/latex/inconsolata/zi4.sty
`inconsolata-zi4' v1.12, 2019/05/17 Text macros for Inconsolata (msharpe)
(/usr/share/texlive/texmf-dist/tex/latex/xkeyval/xkeyval.sty
(/usr/share/texlive/texmf-dist/tex/generic/xkeyval/xkeyval.tex
(/usr/share/texlive/texmf-dist/tex/generic/xkeyval/xkvutils.tex
(/usr/share/texlive/texmf-dist/tex/generic/xkeyval/keyval.tex)))))
(/usr/share/texlive/texmf-dist/tex/latex/graphics/color.sty
(/usr/share/texlive/texmf-dist/tex/latex/graphics-cfg/color.cfg)
(/usr/share/texlive/texmf-dist/tex/latex/graphics-def/pdftex.def))
(/usr/share/texlive/texmf-dist/tex/latex/hyperref/hyperref.sty
(/usr/share/texlive/texmf-dist/tex/generic/ltxcmds/ltxcmds.sty)
(/usr/share/texlive/texmf-dist/tex/generic/pdftexcmds/pdftexcmds.sty
(/usr/share/texlive/texmf-dist/tex/generic/infwarerr/infwarerr.sty))
(/usr/share/texlive/texmf-dist/tex/generic/kvsetkeys/kvsetkeys.sty)
(/usr/share/texlive/texmf-dist/tex/generic/kvdefinekeys/kvdefinekeys.sty)
(/usr/share/texlive/texmf-dist/tex/generic/pdfescape/pdfescape.sty)
(/usr/share/texlive/texmf-dist/tex/latex/hycolor/hycolor.sty)
(/usr/share/texlive/texmf-dist/tex/latex/letltxmacro/letltxmacro.sty)
(/usr/share/texlive/texmf-dist/tex/latex/auxhook/auxhook.sty)
(/usr/share/texlive/texmf-dist/tex/latex/kvoptions/kvoptions.sty)
(/usr/share/texlive/texmf-dist/tex/latex/hyperref/pd1enc.def)
(/usr/share/texlive/texmf-dist/tex/latex/hyperref/hyperref-langpatches.def)
(/usr/share/texlive/texmf-dist/tex/generic/intcalc/intcalc.sty)
(/usr/share/texlive/texmf-dist/tex/generic/etexcmds/etexcmds.sty)
(/usr/share/texlive/texmf-dist/tex/latex/hyperref/puenc.def)
(/usr/share/texlive/texmf-dist/tex/generic/bitset/bitset.sty
(/usr/share/texlive/texmf-dist/tex/generic/bigintcalc/bigintcalc.sty))
(/usr/share/texlive/texmf-dist/tex/latex/base/atbegshi-ltx.sty))
(/usr/share/texlive/texmf-dist/tex/latex/hyperref/hpdftex.def
(/usr/share/texlive/texmf-dist/tex/latex/base/atveryend-ltx.sty)
(/usr/share/texlive/texmf-dist/tex/latex/rerunfilecheck/rerunfilecheck.sty
(/usr/share/texlive/texmf-dist/tex/generic/uniquecounter/uniquecounter.sty)))

Package hyperref Warning: Option `hyperindex' has already been used,
(hyperref)                setting the option has no effect on input line 388.


Package hyperref Warning: Option `pagebackref' has already been used,
(hyperref)                setting the option has no effect on input line 388.

) (/usr/share/texlive/texmf-dist/tex/latex/base/makeidx.sty)
(/usr/share/texlive/texmf-dist/tex/latex/base/inputenc.sty)
Writing index file Rd2.idx
(/usr/share/texlive/texmf-dist/tex/latex/psnfss/t1ptm.fd)
(/usr/share/texlive/texmf-dist/tex/latex/l3backend/l3backend-pdftex.def)
(/var/scratch2/tomas/tmp/RtmphfRjCR/Rd2pdfb7ed3346aab7b/Rd2.aux)
(/usr/share/texlive/texmf-dist/tex/context/base/mkii/supp-pdf.mkii
[Loading MPS to PDF converter (version 2006.09.02).]
) (/usr/share/texlive/texmf-dist/tex/latex/hyperref/nameref.sty
(/usr/share/texlive/texmf-dist/tex/latex/refcount/refcount.sty)
(/usr/share/texlive/texmf-dist/tex/generic/gettitlestring/gettitlestring.sty))
(/var/scratch2/tomas/tmp/RtmphfRjCR/Rd2pdfb7ed3346aab7b/Rd2.out)
(/var/scratch2/tomas/tmp/RtmphfRjCR/Rd2pdfb7ed3346aab7b/Rd2.out)
(/usr/share/texlive/texmf-dist/tex/latex/psnfss/ts1ptm.fd)
(/usr/share/texlive/texmf-dist/tex/latex/inconsolata/t1zi4.fd)
(/usr/share/texlive/texmf-dist/tex/latex/psnfss/t1phv.fd)
(/var/scratch2/tomas/tmp/RtmphfRjCR/Rd2pdfb7ed3346aab7b/Rd2.toc) [1

pdfTeX warning: pdflatex (file pdftex.map): cannot open font map file
] [2] [3]
Overfull \hbox (0.43599pt too wide) in paragraph at lines 185--186
[]\T1/ptm/m/n/10 If doBest=FALSE (de-fault), it re-turns a ma-trix whose first 
col-umn con-tains the mtry val-ues searched,
[4]
Overfull \hbox (23.70734pt too wide) in paragraph at lines 234--237
\T1/ptm/m/n/10 min.node.size and sam-ple.fraction. Ad-di-tion-ally re-place and
 re-spect.unordered.factors
[5] (/var/scratch2/tomas/tmp/RtmphfRjCR/Rd2pdfb7ed3346aab7b/Rd2.ind [6]
[7]) (/var/scratch2/tomas/tmp/RtmphfRjCR/Rd2pdfb7ed3346aab7b/Rd2.aux) )
(see the transcript file for additional information)pdfTeX warning (dest): name
{Rfn.makeSurvTask} has been referenced but does not exist, replaced by a fixed 
one

pdfTeX warning (dest): name{Rfn.ranger} has been referenced but does not exist,
 replaced by a fixed one

pdfTeX warning (dest): name{Rfn.randomForest} has been referenced but does not 
exist, replaced by a fixed one

pdfTeX warning (dest): name{Rfn.makeRegrTask} has been referenced but does not 
exist, replaced by a fixed one

pdfTeX warning (dest): name{Rfn.makeClassifTask} has been referenced but does n
ot exist, replaced by a fixed one

 </space/tkalibera/.texlive2021/texmf-var/fonts/pk/modeless/adobe/times/ptmb8r.
1493pk> </space/tkalibera/.texlive2021/texmf-var/fonts/pk/modeless/public/incon
solata/t1-zi4r-0.540pk> </space/tkalibera/.texlive2021/texmf-var/fonts/pk/model
ess/adobe/times/ptmri8r.600pk> </space/tkalibera/.texlive2021/texmf-var/fonts/p
k/modeless/adobe/times/ptmro8r.600pk> </space/tkalibera/.texlive2021/texmf-var/
fonts/pk/modeless/adobe/times/ptmb8r.864pk> </space/tkalibera/.texlive2021/texm
f-var/fonts/pk/modeless/adobe/helvetic/phvr8r.864pk> </space/tkalibera/.texlive
2021/texmf-var/fonts/pk/modeless/public/inconsolata/t1-zi4r-0.600pk> </space/tk
alibera/.texlive2021/texmf-var/fonts/pk/modeless/adobe/times/ptmr8r.600pk> </sp
ace/tkalibera/.texlive2021/texmf-var/fonts/pk/modeless/adobe/times/ptmb8r.600pk
> </space/tkalibera/.texlive2021/texmf-var/fonts/pk/modeless/adobe/times/ptmr8r
.720pk> </space/tkalibera/.texlive2021/texmf-var/fonts/pk/modeless/adobe/times/
ptmb8r.1244pk>
Output written on Rd2.pdf (7 pages, 97876 bytes).
Transcript written on Rd2.log.
Saving output to ‘tuneRanger-manual.pdf’ ...
Done
You may want to clean up by 'rm -Rf /var/scratch2/tomas/tmp/RtmphfRjCR/Rd2pdfb7ed3346aab7b'
