Hmm ... looks like a package

This is pdfTeX, Version 3.14159265-2.6-1.40.17 (TeX Live 2016/Debian) (preloaded format=pdflatex)
 restricted \write18 enabled.
entering extended mode
LaTeX2e <2017/01/01> patch level 3
Babel <3.9r> and hyphenation patterns for 83 language(s) loaded.
(./Rd2.tex
(/usr/share/texlive/texmf-dist/tex/latex/base/book.cls
Document Class: book 2014/09/29 v1.4h Standard LaTeX document class
(/usr/share/texlive/texmf-dist/tex/latex/base/bk10.clo))
(/home/tomas/cran/rcnst/build/share/texmf/tex/latex/Rd.sty
(/usr/share/texlive/texmf-dist/tex/latex/base/ifthen.sty)
(/usr/share/texlive/texmf-dist/tex/latex/tools/longtable.sty)
(/usr/share/texlive/texmf-dist/tex/latex/tools/bm.sty)
(/usr/share/texlive/texmf-dist/tex/latex/base/alltt.sty)
(/usr/share/texlive/texmf-dist/tex/latex/tools/verbatim.sty)
(/usr/share/texlive/texmf-dist/tex/latex/url/url.sty)
(/usr/share/texlive/texmf-dist/tex/latex/base/textcomp.sty
(/usr/share/texlive/texmf-dist/tex/latex/base/ts1enc.def))
(/usr/share/texlive/texmf-dist/tex/latex/base/fontenc.sty
(/usr/share/texlive/texmf-dist/tex/latex/base/t1enc.def))
(/usr/share/texlive/texmf-dist/tex/latex/psnfss/times.sty)
(/usr/share/texlive/texmf-dist/tex/latex/inconsolata/zi4.sty
`inconsolata-zi4' v1.112, 2017/01/04 Text macros for Inconsolata (msharpe)
(/usr/share/texlive/texmf-dist/tex/latex/xkeyval/xkeyval.sty
(/usr/share/texlive/texmf-dist/tex/generic/xkeyval/xkeyval.tex
(/usr/share/texlive/texmf-dist/tex/generic/xkeyval/xkvutils.tex
(/usr/share/texlive/texmf-dist/tex/generic/xkeyval/keyval.tex)))))
(/usr/share/texlive/texmf-dist/tex/latex/graphics/color.sty
(/usr/share/texlive/texmf-dist/tex/latex/graphics-cfg/color.cfg)
(/usr/share/texlive/texmf-dist/tex/latex/graphics-def/pdftex.def
(/usr/share/texlive/texmf-dist/tex/generic/oberdiek/infwarerr.sty)
(/usr/share/texlive/texmf-dist/tex/generic/oberdiek/ltxcmds.sty)))
(/usr/share/texlive/texmf-dist/tex/latex/hyperref/hyperref.sty
(/usr/share/texlive/texmf-dist/tex/generic/oberdiek/hobsub-hyperref.sty
(/usr/share/texlive/texmf-dist/tex/generic/oberdiek/hobsub-generic.sty))
(/usr/share/texlive/texmf-dist/tex/generic/ifxetex/ifxetex.sty)
(/usr/share/texlive/texmf-dist/tex/latex/oberdiek/auxhook.sty)
(/usr/share/texlive/texmf-dist/tex/latex/oberdiek/kvoptions.sty)
(/usr/share/texlive/texmf-dist/tex/latex/hyperref/pd1enc.def)
(/usr/share/texlive/texmf-dist/tex/latex/latexconfig/hyperref.cfg))

Package hyperref Message: Driver (autodetected): hpdftex.

(/usr/share/texlive/texmf-dist/tex/latex/hyperref/hpdftex.def
(/usr/share/texlive/texmf-dist/tex/latex/oberdiek/rerunfilecheck.sty))

Package hyperref Warning: Option `hyperindex' has already been used,
(hyperref)                setting the option has no effect on input line 366.


Package hyperref Warning: Option `pagebackref' has already been used,
(hyperref)                setting the option has no effect on input line 366.

) (/usr/share/texlive/texmf-dist/tex/latex/base/makeidx.sty)
(/usr/share/texlive/texmf-dist/tex/latex/base/inputenc.sty
(/usr/share/texlive/texmf-dist/tex/latex/base/utf8.def
(/usr/share/texlive/texmf-dist/tex/latex/base/t1enc.dfu)
(/usr/share/texlive/texmf-dist/tex/latex/base/ot1enc.dfu)
(/usr/share/texlive/texmf-dist/tex/latex/base/omsenc.dfu)
(/usr/share/texlive/texmf-dist/tex/latex/base/ts1enc.dfu))
(/usr/share/texlive/texmf-dist/tex/latex/base/latin1.def))
Writing index file Rd2.idx
No file Rd2.aux.
(/usr/share/texlive/texmf-dist/tex/latex/base/ts1cmr.fd)
(/usr/share/texlive/texmf-dist/tex/latex/psnfss/t1ptm.fd)
(/usr/share/texlive/texmf-dist/tex/context/base/mkii/supp-pdf.mkii
[Loading MPS to PDF converter (version 2006.09.02).]
) (/usr/share/texlive/texmf-dist/tex/latex/hyperref/nameref.sty
(/usr/share/texlive/texmf-dist/tex/generic/oberdiek/gettitlestring.sty))
(/usr/share/texlive/texmf-dist/tex/latex/inconsolata/t1zi4.fd)
(/usr/share/texlive/texmf-dist/tex/latex/psnfss/ts1ptm.fd) [1{/var/lib/texmf/fo
nts/map/pdftex/updmap/pdftex.map}]
(/usr/share/texlive/texmf-dist/tex/latex/psnfss/t1phv.fd)
(/usr/share/texlive/texmf-dist/tex/latex/base/utf8.def)
(/usr/share/texlive/texmf-dist/tex/latex/base/utf8.def) [2]
Overfull \hbox (0.65768pt too wide) in paragraph at lines 129--130
[]\T1/ptm/m/n/10 (logical) Should an ex-cess con-ces-sional con-tri-bu-tions ch
arge be cal-cu-lated? (Not
[3]
Overfull \hbox (166.72849pt too wide) in paragraph at lines 133--133
\T1/ptm/m/n/10 2013-14? That is, should con-ces-sional con-tri-bu-tions by mul-
ti-pled by \T1/zi4/m/n/10 grattan:::super_contribution_inflator_1314\T1/ptm/m/n
/10 ,
(/usr/share/texlive/texmf-dist/tex/latex/base/utf8.def) [4]
(/usr/share/texlive/texmf-dist/tex/latex/base/utf8.def) [5]
(/usr/share/texlive/texmf-dist/tex/latex/base/utf8.def)
(/usr/share/texlive/texmf-dist/tex/latex/base/utf8.def) [6]
Overfull \hbox (8.89828pt too wide) in paragraph at lines 292--294
[]\T1/ptm/m/n/10 For \T1/zi4/m/n/10 CG_population_inflator\T1/ptm/m/n/10 , the 
num-ber of in-di-vid-u-als es-ti-mated to in-cur cap-i-tal gains in \T1/zi4/m/n
/10 fy_year\T1/ptm/m/n/10 .
(/usr/share/texlive/texmf-dist/tex/latex/base/utf8.def) [7]
(/usr/share/texlive/texmf-dist/tex/latex/base/utf8.def) [8]
(/usr/share/texlive/texmf-dist/tex/latex/base/utf8.def)
Overfull \hbox (4.03757pt too wide) in paragraph at lines 381--382
[]\T1/ptm/m/n/10 (date in quar-ters) the dates con-tem-po-ra-ne-ous to the pric
es in from_nominal_price.
(/usr/share/texlive/texmf-dist/tex/latex/base/utf8.def) [9]
(/usr/share/texlive/texmf-dist/tex/latex/base/utf8.def) [10]
(/usr/share/texlive/texmf-dist/tex/latex/base/utf8.def) [11]
(/usr/share/texlive/texmf-dist/tex/latex/base/utf8.def)
(/usr/share/texlive/texmf-dist/tex/latex/base/utf8.def) [12]
(/usr/share/texlive/texmf-dist/tex/latex/base/utf8.def) [13]
(/usr/share/texlive/texmf-dist/tex/latex/base/utf8.def) [14]
Overfull \hbox (16.519pt too wide) in paragraph at lines 673--675
[]\T1/ptm/m/n/10 A vec-tor of in-flated val-ues. For ex-am-ple, \T1/zi4/m/n/10 
inflator_table = grattan:::cpi_seasonal_adjustment\T1/ptm/m/n/10 ,
(/usr/share/texlive/texmf-dist/tex/latex/base/utf8.def) [15]
(/usr/share/texlive/texmf-dist/tex/latex/base/utf8.def)
(/usr/share/texlive/texmf-dist/tex/latex/base/utf8.def) [16]
(/usr/share/texlive/texmf-dist/tex/latex/base/utf8.def) [17]
(/usr/share/texlive/texmf-dist/tex/latex/inconsolata/ts1zi4.fd)
(/usr/share/texlive/texmf-dist/tex/latex/base/utf8.def) [18]
(/usr/share/texlive/texmf-dist/tex/latex/base/utf8.def) [19]
(/usr/share/texlive/texmf-dist/tex/latex/base/utf8.def) [20]
(/usr/share/texlive/texmf-dist/tex/latex/base/utf8.def)
Overfull \hbox (4.79897pt too wide) in paragraph at lines 1000--1001
[]\T1/ptm/m/n/10 A \T1/zi4/m/n/10 data.table \T1/ptm/m/n/10 whose vari-ables in
-clude those in \T1/zi4/m/n/10 taxstats::sample_file_1314\T1/ptm/m/n/10 . 

Overfull \hbox (14.51837pt too wide) in paragraph at lines 1004--1005
[]\T1/ptm/m/n/10 The \T1/ptm/b/n/10 pro-posed \T1/ptm/m/n/10 cap on con-ces-sio
nal con-tri-bu-tions for all tax-pay-ers if \T1/zi4/m/n/10 age_based_cap

Overfull \hbox (0.65768pt too wide) in paragraph at lines 1012--1013
[]\T1/ptm/m/n/10 (logical) Should an ex-cess con-ces-sional con-tri-bu-tions ch
arge be cal-cu-lated? (Not
[21]
Overfull \hbox (169.50838pt too wide) in paragraph at lines 1018--1018
\T1/ptm/m/n/10 2013-14? That is, should con-ces-sional con-tri-bu-tions by mul-
ti-plied by \T1/zi4/m/n/10 grattan:::super_contribution_inflator_1314\T1/ptm/m/
n/10 ,

Overfull \hbox (25.78839pt too wide) in paragraph at lines 1032--1033
[]\T1/ptm/m/n/10 The \T1/ptm/b/n/10 com-para-tor \T1/ptm/m/n/10 cap on con-ces-
sional con-tri-bu-tions for all tax-pay-ers if \T1/zi4/m/n/10 age_based_cap

Overfull \hbox (0.65768pt too wide) in paragraph at lines 1040--1041
[]\T1/ptm/m/n/10 (logical) Should an ex-cess con-ces-sional con-tri-bu-tions ch
arge be cal-cu-lated? (Not

Overfull \hbox (33.84938pt too wide) in paragraph at lines 1051--1052
\T1/ptm/m/n/10 vari-ables gen-er-ated by \T1/zi4/m/n/10 apply_super_caps_and_di
v293\T1/ptm/m/n/10 , and two vari-ables \T1/zi4/m/n/10 prv_revenue \T1/ptm/m/n/
10 and \T1/zi4/m/n/10 new_revenue
[22] (/usr/share/texlive/texmf-dist/tex/latex/base/utf8.def)
(/usr/share/texlive/texmf-dist/tex/latex/base/utf8.def)
Overfull \hbox (0.66861pt too wide) in paragraph at lines 1101--1102
[]\T1/ptm/m/n/10 What is the lower medi-care thresh-old, be-low which no medi-
[23] (/usr/share/texlive/texmf-dist/tex/latex/base/utf8.def)
Overfull \hbox (44.47945pt too wide) in paragraph at lines 1137--1138
\T1/ptm/m/n/10 Must match \T1/zi4/m/n/10 family_status\T1/ptm/m/n/10 ; i.e. can
 only be nonzero when \T1/zi4/m/n/10 family_status != "single"\T1/ptm/m/n/10 . 

(/usr/share/texlive/texmf-dist/tex/latex/base/utf8.def) [24]
(/usr/share/texlive/texmf-dist/tex/latex/base/utf8.def) [25pdfTeX warning (ext4
): destination with the same identifier (name{Rfn.fv}) has been already used, d
uplicate ignored

\AtBegShi@Output ...ipout \box \AtBeginShipoutBox 
                                                  \fi \fi 
l.1212 ...pmax3}{Threeway parallel maximum}{pmax3}
                                                  pdfTeX warning (ext4): destin
ation with the same identifier (name{Rfn.irr}) has been already used, duplicate
 ignored

\AtBegShi@Output ...ipout \box \AtBeginShipoutBox 
                                                  \fi \fi 
l.1212 ...pmax3}{Threeway parallel maximum}{pmax3}
                                                  pdfTeX warning (ext4): destin
ation with the same identifier (name{Rfn.pmt}) has been already used, duplicate
 ignored

\AtBegShi@Output ...ipout \box \AtBeginShipoutBox 
                                                  \fi \fi 
l.1212 ...pmax3}{Threeway parallel maximum}{pmax3}
                                                  pdfTeX warning (ext4): destin
ation with the same identifier (name{Rfn.pv}) has been already used, duplicate 
ignored

\AtBegShi@Output ...ipout \box \AtBeginShipoutBox 
                                                  \fi \fi 
l.1212 ...pmax3}{Threeway parallel maximum}{pmax3}
                                                  ]
(/usr/share/texlive/texmf-dist/tex/latex/base/utf8.def)
(/usr/share/texlive/texmf-dist/tex/latex/base/utf8.def) [26]
(/usr/share/texlive/texmf-dist/tex/latex/base/utf8.def)
(/usr/share/texlive/texmf-dist/tex/latex/base/utf8.def) [27]
(/usr/share/texlive/texmf-dist/tex/latex/base/utf8.def)
(/usr/share/texlive/texmf-dist/tex/latex/base/utf8.def) [28]
(/usr/share/texlive/texmf-dist/tex/latex/base/utf8.def) [29]
(/usr/share/texlive/texmf-dist/tex/latex/base/utf8.def) [30]
Overfull \hbox (3.55717pt too wide) in paragraph at lines 1437--1438
[]\T1/ptm/m/n/10 A sam-ple file of the same num-ber of rows as \T1/zi4/m/n/10 s
ample_file \T1/ptm/m/n/10 with in-flated val-ues (in-clud-ing WEIGHT). 

Overfull \hbox (41.25328pt too wide) in paragraph at lines 1442--1442
 []\T1/zi4/m/n/9 if (requireNamespace("taxstats", quietly = TRUE) && requireNam
espace("data.table", quietly = TRUE)){[] 
(/usr/share/texlive/texmf-dist/tex/latex/base/utf8.def)
Overfull \hbox (3.55717pt too wide) in paragraph at lines 1476--1477
[]\T1/ptm/m/n/10 A sam-ple file of the same num-ber of rows as \T1/zi4/m/n/10 s
ample_file \T1/ptm/m/n/10 with in-flated val-ues (in-clud-ing WEIGHT). 
(/usr/share/texlive/texmf-dist/tex/latex/base/utf8.def) [31]
Overfull \hbox (52.78088pt too wide) in paragraph at lines 1510--1511
[][][]$\T1/zi4/m/n/10 https : / / www . ato . gov . au / Individuals / Tax-[]re
turn / 2015 / Tax-[]return / Tax-[]offset-[]questions-[]T1-[]T2 /
(/usr/share/texlive/texmf-dist/tex/latex/base/utf8.def) [32]
(/usr/share/texlive/texmf-dist/tex/latex/base/utf8.def)
Overfull \hbox (44.47945pt too wide) in paragraph at lines 1564--1565
\T1/ptm/m/n/10 Must match \T1/zi4/m/n/10 family_status\T1/ptm/m/n/10 ; i.e. can
 only be nonzero when \T1/zi4/m/n/10 family_status != "single"\T1/ptm/m/n/10 . 

(/usr/share/texlive/texmf-dist/tex/latex/base/utf8.def)
Overfull \hbox (359.43192pt too wide) detected at line 1585
[] \OT1/cmr/m/n/10 + [] + [] + [] + []
[33]
Overfull \hbox (3.78088pt too wide) in paragraph at lines 1606--1608
[][][]$\T1/zi4/m/n/10 https : / / www . ato . gov . au / Rates / HELP ,[] -[]TS
L-[]and-[]SFSS-[]repayment-[]thresholds-[]and-[]rates /

Overfull \hbox (4.4608pt too wide) in paragraph at lines 1606--1608
\T1/zi4/m/n/10 ?page = 2 # HELP _ repayment _ thresholds _ and _ rates _ 2013 _
 14$[][]\T1/ptm/m/n/10 m [][]$\T1/zi4/m/n/10 https : / / docs . education . gov
 .
(/usr/share/texlive/texmf-dist/tex/latex/base/utf8.def) [34]
Overfull \hbox (9.59883pt too wide) in paragraph at lines 1653--1659
\T1/ptm/m/n/10 sumed rate of wage in-fla-tion in years be-yond the known se-rie
s, or (2) a \T1/zi4/m/n/10 data.table
(/usr/share/texlive/texmf-dist/tex/latex/base/utf8.def) [35]
No file Rd2.ind.
[36] (/tmp/RtmpV3aBAS/Rd2pdf49b0200c0c02/Rd2.aux)

Package rerunfilecheck Warning: File `Rd2.out' has changed.
(rerunfilecheck)                Rerun to get outlines right
(rerunfilecheck)                or use package `bookmark'.

 )
(see the transcript file for additional information){/usr/share/texlive/texmf-d
ist/fonts/enc/dvips/inconsolata/i4-ts1.enc}{/usr/share/texlive/texmf-dist/fonts
/enc/dvips/base/8r.enc}{/usr/share/texlive/texmf-dist/fonts/enc/dvips/inconsola
ta/i4-t1-0.enc}</usr/share/texlive/texmf-dist/fonts/type1/public/inconsolata/In
consolata-zi4r.pfb></usr/share/texlive/texmf-dist/fonts/type1/public/amsfonts/c
m/cmmi10.pfb></usr/share/texlive/texmf-dist/fonts/type1/public/amsfonts/cm/cmmi
7.pfb></usr/share/texlive/texmf-dist/fonts/type1/public/amsfonts/cm/cmr10.pfb><
/usr/share/texlive/texmf-dist/fonts/type1/public/amsfonts/cm/cmsy10.pfb></usr/s
hare/texlive/texmf-dist/fonts/type1/public/amsfonts/cm/cmsy7.pfb></usr/share/te
xlive/texmf-dist/fonts/type1/urw/helvetic/uhvr8a.pfb></usr/share/texlive/texmf-
dist/fonts/type1/urw/times/utmb8a.pfb></usr/share/texlive/texmf-dist/fonts/type
1/urw/times/utmr8a.pfb></usr/share/texlive/texmf-dist/fonts/type1/urw/times/utm
r8a.pfb></usr/share/texlive/texmf-dist/fonts/type1/urw/times/utmri8a.pfb>
Output written on Rd2.pdf (36 pages, 197323 bytes).
Transcript written on Rd2.log.
This is pdfTeX, Version 3.14159265-2.6-1.40.17 (TeX Live 2016/Debian) (preloaded format=pdflatex)
 restricted \write18 enabled.
entering extended mode
LaTeX2e <2017/01/01> patch level 3
Babel <3.9r> and hyphenation patterns for 83 language(s) loaded.
(./Rd2.tex
(/usr/share/texlive/texmf-dist/tex/latex/base/book.cls
Document Class: book 2014/09/29 v1.4h Standard LaTeX document class
(/usr/share/texlive/texmf-dist/tex/latex/base/bk10.clo))
(/home/tomas/cran/rcnst/build/share/texmf/tex/latex/Rd.sty
(/usr/share/texlive/texmf-dist/tex/latex/base/ifthen.sty)
(/usr/share/texlive/texmf-dist/tex/latex/tools/longtable.sty)
(/usr/share/texlive/texmf-dist/tex/latex/tools/bm.sty)
(/usr/share/texlive/texmf-dist/tex/latex/base/alltt.sty)
(/usr/share/texlive/texmf-dist/tex/latex/tools/verbatim.sty)
(/usr/share/texlive/texmf-dist/tex/latex/url/url.sty)
(/usr/share/texlive/texmf-dist/tex/latex/base/textcomp.sty
(/usr/share/texlive/texmf-dist/tex/latex/base/ts1enc.def))
(/usr/share/texlive/texmf-dist/tex/latex/base/fontenc.sty
(/usr/share/texlive/texmf-dist/tex/latex/base/t1enc.def))
(/usr/share/texlive/texmf-dist/tex/latex/psnfss/times.sty)
(/usr/share/texlive/texmf-dist/tex/latex/inconsolata/zi4.sty
`inconsolata-zi4' v1.112, 2017/01/04 Text macros for Inconsolata (msharpe)
(/usr/share/texlive/texmf-dist/tex/latex/xkeyval/xkeyval.sty
(/usr/share/texlive/texmf-dist/tex/generic/xkeyval/xkeyval.tex
(/usr/share/texlive/texmf-dist/tex/generic/xkeyval/xkvutils.tex
(/usr/share/texlive/texmf-dist/tex/generic/xkeyval/keyval.tex)))))
(/usr/share/texlive/texmf-dist/tex/latex/graphics/color.sty
(/usr/share/texlive/texmf-dist/tex/latex/graphics-cfg/color.cfg)
(/usr/share/texlive/texmf-dist/tex/latex/graphics-def/pdftex.def
(/usr/share/texlive/texmf-dist/tex/generic/oberdiek/infwarerr.sty)
(/usr/share/texlive/texmf-dist/tex/generic/oberdiek/ltxcmds.sty)))
(/usr/share/texlive/texmf-dist/tex/latex/hyperref/hyperref.sty
(/usr/share/texlive/texmf-dist/tex/generic/oberdiek/hobsub-hyperref.sty
(/usr/share/texlive/texmf-dist/tex/generic/oberdiek/hobsub-generic.sty))
(/usr/share/texlive/texmf-dist/tex/generic/ifxetex/ifxetex.sty)
(/usr/share/texlive/texmf-dist/tex/latex/oberdiek/auxhook.sty)
(/usr/share/texlive/texmf-dist/tex/latex/oberdiek/kvoptions.sty)
(/usr/share/texlive/texmf-dist/tex/latex/hyperref/pd1enc.def)
(/usr/share/texlive/texmf-dist/tex/latex/latexconfig/hyperref.cfg))

Package hyperref Message: Driver (autodetected): hpdftex.

(/usr/share/texlive/texmf-dist/tex/latex/hyperref/hpdftex.def
(/usr/share/texlive/texmf-dist/tex/latex/oberdiek/rerunfilecheck.sty))

Package hyperref Warning: Option `hyperindex' has already been used,
(hyperref)                setting the option has no effect on input line 366.


Package hyperref Warning: Option `pagebackref' has already been used,
(hyperref)                setting the option has no effect on input line 366.

) (/usr/share/texlive/texmf-dist/tex/latex/base/makeidx.sty)
(/usr/share/texlive/texmf-dist/tex/latex/base/inputenc.sty
(/usr/share/texlive/texmf-dist/tex/latex/base/utf8.def
(/usr/share/texlive/texmf-dist/tex/latex/base/t1enc.dfu)
(/usr/share/texlive/texmf-dist/tex/latex/base/ot1enc.dfu)
(/usr/share/texlive/texmf-dist/tex/latex/base/omsenc.dfu)
(/usr/share/texlive/texmf-dist/tex/latex/base/ts1enc.dfu))
(/usr/share/texlive/texmf-dist/tex/latex/base/latin1.def))
Writing index file Rd2.idx
(/tmp/RtmpV3aBAS/Rd2pdf49b0200c0c02/Rd2.aux)
(/usr/share/texlive/texmf-dist/tex/latex/base/ts1cmr.fd)
(/usr/share/texlive/texmf-dist/tex/latex/psnfss/t1ptm.fd)
(/usr/share/texlive/texmf-dist/tex/context/base/mkii/supp-pdf.mkii
[Loading MPS to PDF converter (version 2006.09.02).]
) (/usr/share/texlive/texmf-dist/tex/latex/hyperref/nameref.sty
(/usr/share/texlive/texmf-dist/tex/generic/oberdiek/gettitlestring.sty))
(/tmp/RtmpV3aBAS/Rd2pdf49b0200c0c02/Rd2.out)
(/tmp/RtmpV3aBAS/Rd2pdf49b0200c0c02/Rd2.out)
(/usr/share/texlive/texmf-dist/tex/latex/inconsolata/t1zi4.fd)
(/usr/share/texlive/texmf-dist/tex/latex/psnfss/ts1ptm.fd) [1{/var/lib/texmf/fo
nts/map/pdftex/updmap/pdftex.map}]
(/usr/share/texlive/texmf-dist/tex/latex/psnfss/t1phv.fd)
(/tmp/RtmpV3aBAS/Rd2pdf49b0200c0c02/Rd2.toc [2])
(/usr/share/texlive/texmf-dist/tex/latex/base/utf8.def)
(/usr/share/texlive/texmf-dist/tex/latex/base/utf8.def) [3]
Overfull \hbox (0.65768pt too wide) in paragraph at lines 129--130
[]\T1/ptm/m/n/10 (logical) Should an ex-cess con-ces-sional con-tri-bu-tions ch
arge be cal-cu-lated? (Not
[4]
Overfull \hbox (166.72849pt too wide) in paragraph at lines 133--133
\T1/ptm/m/n/10 2013-14? That is, should con-ces-sional con-tri-bu-tions by mul-
ti-pled by \T1/zi4/m/n/10 grattan:::super_contribution_inflator_1314\T1/ptm/m/n
/10 ,
(/usr/share/texlive/texmf-dist/tex/latex/base/utf8.def) [5]
(/usr/share/texlive/texmf-dist/tex/latex/base/utf8.def) [6]
(/usr/share/texlive/texmf-dist/tex/latex/base/utf8.def)
(/usr/share/texlive/texmf-dist/tex/latex/base/utf8.def) [7]
Overfull \hbox (8.89828pt too wide) in paragraph at lines 292--294
[]\T1/ptm/m/n/10 For \T1/zi4/m/n/10 CG_population_inflator\T1/ptm/m/n/10 , the 
num-ber of in-di-vid-u-als es-ti-mated to in-cur cap-i-tal gains in \T1/zi4/m/n
/10 fy_year\T1/ptm/m/n/10 .
(/usr/share/texlive/texmf-dist/tex/latex/base/utf8.def) [8]
(/usr/share/texlive/texmf-dist/tex/latex/base/utf8.def) [9]
(/usr/share/texlive/texmf-dist/tex/latex/base/utf8.def)
Overfull \hbox (4.03757pt too wide) in paragraph at lines 381--382
[]\T1/ptm/m/n/10 (date in quar-ters) the dates con-tem-po-ra-ne-ous to the pric
es in from_nominal_price.
(/usr/share/texlive/texmf-dist/tex/latex/base/utf8.def) [10]
(/usr/share/texlive/texmf-dist/tex/latex/base/utf8.def) [11]
(/usr/share/texlive/texmf-dist/tex/latex/base/utf8.def) [12]
(/usr/share/texlive/texmf-dist/tex/latex/base/utf8.def)
(/usr/share/texlive/texmf-dist/tex/latex/base/utf8.def) [13]
(/usr/share/texlive/texmf-dist/tex/latex/base/utf8.def) [14]
(/usr/share/texlive/texmf-dist/tex/latex/base/utf8.def) [15]
Overfull \hbox (16.519pt too wide) in paragraph at lines 673--675
[]\T1/ptm/m/n/10 A vec-tor of in-flated val-ues. For ex-am-ple, \T1/zi4/m/n/10 
inflator_table = grattan:::cpi_seasonal_adjustment\T1/ptm/m/n/10 ,
(/usr/share/texlive/texmf-dist/tex/latex/base/utf8.def) [16]
(/usr/share/texlive/texmf-dist/tex/latex/base/utf8.def)
(/usr/share/texlive/texmf-dist/tex/latex/base/utf8.def) [17]
(/usr/share/texlive/texmf-dist/tex/latex/base/utf8.def) [18]
(/usr/share/texlive/texmf-dist/tex/latex/inconsolata/ts1zi4.fd)
(/usr/share/texlive/texmf-dist/tex/latex/base/utf8.def) [19]
(/usr/share/texlive/texmf-dist/tex/latex/base/utf8.def) [20]
(/usr/share/texlive/texmf-dist/tex/latex/base/utf8.def) [21]
(/usr/share/texlive/texmf-dist/tex/latex/base/utf8.def)
Overfull \hbox (4.79897pt too wide) in paragraph at lines 1000--1001
[]\T1/ptm/m/n/10 A \T1/zi4/m/n/10 data.table \T1/ptm/m/n/10 whose vari-ables in
-clude those in \T1/zi4/m/n/10 taxstats::sample_file_1314\T1/ptm/m/n/10 . 

Overfull \hbox (14.51837pt too wide) in paragraph at lines 1004--1005
[]\T1/ptm/m/n/10 The \T1/ptm/b/n/10 pro-posed \T1/ptm/m/n/10 cap on con-ces-sio
nal con-tri-bu-tions for all tax-pay-ers if \T1/zi4/m/n/10 age_based_cap

Overfull \hbox (0.65768pt too wide) in paragraph at lines 1012--1013
[]\T1/ptm/m/n/10 (logical) Should an ex-cess con-ces-sional con-tri-bu-tions ch
arge be cal-cu-lated? (Not
[22]
Overfull \hbox (169.50838pt too wide) in paragraph at lines 1018--1018
\T1/ptm/m/n/10 2013-14? That is, should con-ces-sional con-tri-bu-tions by mul-
ti-plied by \T1/zi4/m/n/10 grattan:::super_contribution_inflator_1314\T1/ptm/m/
n/10 ,

Overfull \hbox (25.78839pt too wide) in paragraph at lines 1032--1033
[]\T1/ptm/m/n/10 The \T1/ptm/b/n/10 com-para-tor \T1/ptm/m/n/10 cap on con-ces-
sional con-tri-bu-tions for all tax-pay-ers if \T1/zi4/m/n/10 age_based_cap

Overfull \hbox (0.65768pt too wide) in paragraph at lines 1040--1041
[]\T1/ptm/m/n/10 (logical) Should an ex-cess con-ces-sional con-tri-bu-tions ch
arge be cal-cu-lated? (Not

Overfull \hbox (33.84938pt too wide) in paragraph at lines 1051--1052
\T1/ptm/m/n/10 vari-ables gen-er-ated by \T1/zi4/m/n/10 apply_super_caps_and_di
v293\T1/ptm/m/n/10 , and two vari-ables \T1/zi4/m/n/10 prv_revenue \T1/ptm/m/n/
10 and \T1/zi4/m/n/10 new_revenue
[23] (/usr/share/texlive/texmf-dist/tex/latex/base/utf8.def)
(/usr/share/texlive/texmf-dist/tex/latex/base/utf8.def)
Overfull \hbox (0.66861pt too wide) in paragraph at lines 1101--1102
[]\T1/ptm/m/n/10 What is the lower medi-care thresh-old, be-low which no medi-
[24] (/usr/share/texlive/texmf-dist/tex/latex/base/utf8.def)
Overfull \hbox (44.47945pt too wide) in paragraph at lines 1137--1138
\T1/ptm/m/n/10 Must match \T1/zi4/m/n/10 family_status\T1/ptm/m/n/10 ; i.e. can
 only be nonzero when \T1/zi4/m/n/10 family_status != "single"\T1/ptm/m/n/10 . 

(/usr/share/texlive/texmf-dist/tex/latex/base/utf8.def) [25]
(/usr/share/texlive/texmf-dist/tex/latex/base/utf8.def) [26pdfTeX warning (ext4
): destination with the same identifier (name{Rfn.fv}) has been already used, d
uplicate ignored

\AtBegShi@Output ...ipout \box \AtBeginShipoutBox 
                                                  \fi \fi 
l.1212 ...pmax3}{Threeway parallel maximum}{pmax3}
                                                  pdfTeX warning (ext4): destin
ation with the same identifier (name{Rfn.irr}) has been already used, duplicate
 ignored

\AtBegShi@Output ...ipout \box \AtBeginShipoutBox 
                                                  \fi \fi 
l.1212 ...pmax3}{Threeway parallel maximum}{pmax3}
                                                  pdfTeX warning (ext4): destin
ation with the same identifier (name{Rfn.pmt}) has been already used, duplicate
 ignored

\AtBegShi@Output ...ipout \box \AtBeginShipoutBox 
                                                  \fi \fi 
l.1212 ...pmax3}{Threeway parallel maximum}{pmax3}
                                                  pdfTeX warning (ext4): destin
ation with the same identifier (name{Rfn.pv}) has been already used, duplicate 
ignored

\AtBegShi@Output ...ipout \box \AtBeginShipoutBox 
                                                  \fi \fi 
l.1212 ...pmax3}{Threeway parallel maximum}{pmax3}
                                                  ]
(/usr/share/texlive/texmf-dist/tex/latex/base/utf8.def)
(/usr/share/texlive/texmf-dist/tex/latex/base/utf8.def) [27]
(/usr/share/texlive/texmf-dist/tex/latex/base/utf8.def)
(/usr/share/texlive/texmf-dist/tex/latex/base/utf8.def) [28]
(/usr/share/texlive/texmf-dist/tex/latex/base/utf8.def)
(/usr/share/texlive/texmf-dist/tex/latex/base/utf8.def) [29]
(/usr/share/texlive/texmf-dist/tex/latex/base/utf8.def) [30]
(/usr/share/texlive/texmf-dist/tex/latex/base/utf8.def) [31]
Overfull \hbox (3.55717pt too wide) in paragraph at lines 1437--1438
[]\T1/ptm/m/n/10 A sam-ple file of the same num-ber of rows as \T1/zi4/m/n/10 s
ample_file \T1/ptm/m/n/10 with in-flated val-ues (in-clud-ing WEIGHT). 

Overfull \hbox (41.25328pt too wide) in paragraph at lines 1442--1442
 []\T1/zi4/m/n/9 if (requireNamespace("taxstats", quietly = TRUE) && requireNam
espace("data.table", quietly = TRUE)){[] 
(/usr/share/texlive/texmf-dist/tex/latex/base/utf8.def)
Overfull \hbox (3.55717pt too wide) in paragraph at lines 1476--1477
[]\T1/ptm/m/n/10 A sam-ple file of the same num-ber of rows as \T1/zi4/m/n/10 s
ample_file \T1/ptm/m/n/10 with in-flated val-ues (in-clud-ing WEIGHT). 
(/usr/share/texlive/texmf-dist/tex/latex/base/utf8.def) [32]
Overfull \hbox (52.78088pt too wide) in paragraph at lines 1510--1511
[][][]$\T1/zi4/m/n/10 https : / / www . ato . gov . au / Individuals / Tax-[]re
turn / 2015 / Tax-[]return / Tax-[]offset-[]questions-[]T1-[]T2 /
(/usr/share/texlive/texmf-dist/tex/latex/base/utf8.def) [33]
(/usr/share/texlive/texmf-dist/tex/latex/base/utf8.def)
Overfull \hbox (44.47945pt too wide) in paragraph at lines 1564--1565
\T1/ptm/m/n/10 Must match \T1/zi4/m/n/10 family_status\T1/ptm/m/n/10 ; i.e. can
 only be nonzero when \T1/zi4/m/n/10 family_status != "single"\T1/ptm/m/n/10 . 

(/usr/share/texlive/texmf-dist/tex/latex/base/utf8.def)
Overfull \hbox (359.43192pt too wide) detected at line 1585
[] \OT1/cmr/m/n/10 + [] + [] + [] + []
[34]
Overfull \hbox (3.78088pt too wide) in paragraph at lines 1606--1608
[][][]$\T1/zi4/m/n/10 https : / / www . ato . gov . au / Rates / HELP ,[] -[]TS
L-[]and-[]SFSS-[]repayment-[]thresholds-[]and-[]rates /

Overfull \hbox (4.4608pt too wide) in paragraph at lines 1606--1608
\T1/zi4/m/n/10 ?page = 2 # HELP _ repayment _ thresholds _ and _ rates _ 2013 _
 14$[][]\T1/ptm/m/n/10 m [][]$\T1/zi4/m/n/10 https : / / docs . education . gov
 .
(/usr/share/texlive/texmf-dist/tex/latex/base/utf8.def) [35]
Overfull \hbox (9.59883pt too wide) in paragraph at lines 1653--1659
\T1/ptm/m/n/10 sumed rate of wage in-fla-tion in years be-yond the known se-rie
s, or (2) a \T1/zi4/m/n/10 data.table
(/usr/share/texlive/texmf-dist/tex/latex/base/utf8.def) [36]
No file Rd2.ind.
[37] (/tmp/RtmpV3aBAS/Rd2pdf49b0200c0c02/Rd2.aux) )
(see the transcript file for additional information){/usr/share/texlive/texmf-d
ist/fonts/enc/dvips/inconsolata/i4-ts1.enc}{/usr/share/texlive/texmf-dist/fonts
/enc/dvips/base/8r.enc}{/usr/share/texlive/texmf-dist/fonts/enc/dvips/inconsola
ta/i4-t1-0.enc}</usr/share/texlive/texmf-dist/fonts/type1/public/inconsolata/In
consolata-zi4r.pfb></usr/share/texlive/texmf-dist/fonts/type1/public/amsfonts/c
m/cmmi10.pfb></usr/share/texlive/texmf-dist/fonts/type1/public/amsfonts/cm/cmmi
7.pfb></usr/share/texlive/texmf-dist/fonts/type1/public/amsfonts/cm/cmr10.pfb><
/usr/share/texlive/texmf-dist/fonts/type1/public/amsfonts/cm/cmsy10.pfb></usr/s
hare/texlive/texmf-dist/fonts/type1/public/amsfonts/cm/cmsy7.pfb></usr/share/te
xlive/texmf-dist/fonts/type1/urw/helvetic/uhvr8a.pfb></usr/share/texlive/texmf-
dist/fonts/type1/urw/times/utmb8a.pfb></usr/share/texlive/texmf-dist/fonts/type
1/urw/times/utmr8a.pfb></usr/share/texlive/texmf-dist/fonts/type1/urw/times/utm
r8a.pfb></usr/share/texlive/texmf-dist/fonts/type1/urw/times/utmri8a.pfb>
Output written on Rd2.pdf (37 pages, 202127 bytes).
Transcript written on Rd2.log.
This is makeindex, version 2.15 [TeX Live 2016] (kpathsea + Thai support).
Scanning input file Rd2.idx....done (76 entries accepted, 0 rejected).
Sorting entries....done (489 comparisons).
Generating output file Rd2.ind....done (127 lines written, 0 warnings).
Output written in Rd2.ind.
Transcript written in Rd2.ilg.
This is pdfTeX, Version 3.14159265-2.6-1.40.17 (TeX Live 2016/Debian) (preloaded format=pdflatex)
 restricted \write18 enabled.
entering extended mode
LaTeX2e <2017/01/01> patch level 3
Babel <3.9r> and hyphenation patterns for 83 language(s) loaded.
(./Rd2.tex
(/usr/share/texlive/texmf-dist/tex/latex/base/book.cls
Document Class: book 2014/09/29 v1.4h Standard LaTeX document class
(/usr/share/texlive/texmf-dist/tex/latex/base/bk10.clo))
(/home/tomas/cran/rcnst/build/share/texmf/tex/latex/Rd.sty
(/usr/share/texlive/texmf-dist/tex/latex/base/ifthen.sty)
(/usr/share/texlive/texmf-dist/tex/latex/tools/longtable.sty)
(/usr/share/texlive/texmf-dist/tex/latex/tools/bm.sty)
(/usr/share/texlive/texmf-dist/tex/latex/base/alltt.sty)
(/usr/share/texlive/texmf-dist/tex/latex/tools/verbatim.sty)
(/usr/share/texlive/texmf-dist/tex/latex/url/url.sty)
(/usr/share/texlive/texmf-dist/tex/latex/base/textcomp.sty
(/usr/share/texlive/texmf-dist/tex/latex/base/ts1enc.def))
(/usr/share/texlive/texmf-dist/tex/latex/base/fontenc.sty
(/usr/share/texlive/texmf-dist/tex/latex/base/t1enc.def))
(/usr/share/texlive/texmf-dist/tex/latex/psnfss/times.sty)
(/usr/share/texlive/texmf-dist/tex/latex/inconsolata/zi4.sty
`inconsolata-zi4' v1.112, 2017/01/04 Text macros for Inconsolata (msharpe)
(/usr/share/texlive/texmf-dist/tex/latex/xkeyval/xkeyval.sty
(/usr/share/texlive/texmf-dist/tex/generic/xkeyval/xkeyval.tex
(/usr/share/texlive/texmf-dist/tex/generic/xkeyval/xkvutils.tex
(/usr/share/texlive/texmf-dist/tex/generic/xkeyval/keyval.tex)))))
(/usr/share/texlive/texmf-dist/tex/latex/graphics/color.sty
(/usr/share/texlive/texmf-dist/tex/latex/graphics-cfg/color.cfg)
(/usr/share/texlive/texmf-dist/tex/latex/graphics-def/pdftex.def
(/usr/share/texlive/texmf-dist/tex/generic/oberdiek/infwarerr.sty)
(/usr/share/texlive/texmf-dist/tex/generic/oberdiek/ltxcmds.sty)))
(/usr/share/texlive/texmf-dist/tex/latex/hyperref/hyperref.sty
(/usr/share/texlive/texmf-dist/tex/generic/oberdiek/hobsub-hyperref.sty
(/usr/share/texlive/texmf-dist/tex/generic/oberdiek/hobsub-generic.sty))
(/usr/share/texlive/texmf-dist/tex/generic/ifxetex/ifxetex.sty)
(/usr/share/texlive/texmf-dist/tex/latex/oberdiek/auxhook.sty)
(/usr/share/texlive/texmf-dist/tex/latex/oberdiek/kvoptions.sty)
(/usr/share/texlive/texmf-dist/tex/latex/hyperref/pd1enc.def)
(/usr/share/texlive/texmf-dist/tex/latex/latexconfig/hyperref.cfg))

Package hyperref Message: Driver (autodetected): hpdftex.

(/usr/share/texlive/texmf-dist/tex/latex/hyperref/hpdftex.def
(/usr/share/texlive/texmf-dist/tex/latex/oberdiek/rerunfilecheck.sty))

Package hyperref Warning: Option `hyperindex' has already been used,
(hyperref)                setting the option has no effect on input line 366.


Package hyperref Warning: Option `pagebackref' has already been used,
(hyperref)                setting the option has no effect on input line 366.

) (/usr/share/texlive/texmf-dist/tex/latex/base/makeidx.sty)
(/usr/share/texlive/texmf-dist/tex/latex/base/inputenc.sty
(/usr/share/texlive/texmf-dist/tex/latex/base/utf8.def
(/usr/share/texlive/texmf-dist/tex/latex/base/t1enc.dfu)
(/usr/share/texlive/texmf-dist/tex/latex/base/ot1enc.dfu)
(/usr/share/texlive/texmf-dist/tex/latex/base/omsenc.dfu)
(/usr/share/texlive/texmf-dist/tex/latex/base/ts1enc.dfu))
(/usr/share/texlive/texmf-dist/tex/latex/base/latin1.def))
Writing index file Rd2.idx
(/tmp/RtmpV3aBAS/Rd2pdf49b0200c0c02/Rd2.aux)
(/usr/share/texlive/texmf-dist/tex/latex/base/ts1cmr.fd)
(/usr/share/texlive/texmf-dist/tex/latex/psnfss/t1ptm.fd)
(/usr/share/texlive/texmf-dist/tex/context/base/mkii/supp-pdf.mkii
[Loading MPS to PDF converter (version 2006.09.02).]
) (/usr/share/texlive/texmf-dist/tex/latex/hyperref/nameref.sty
(/usr/share/texlive/texmf-dist/tex/generic/oberdiek/gettitlestring.sty))
(/tmp/RtmpV3aBAS/Rd2pdf49b0200c0c02/Rd2.out)
(/tmp/RtmpV3aBAS/Rd2pdf49b0200c0c02/Rd2.out)
(/usr/share/texlive/texmf-dist/tex/latex/inconsolata/t1zi4.fd)
(/usr/share/texlive/texmf-dist/tex/latex/psnfss/ts1ptm.fd) [1{/var/lib/texmf/fo
nts/map/pdftex/updmap/pdftex.map}]
(/usr/share/texlive/texmf-dist/tex/latex/psnfss/t1phv.fd)
(/tmp/RtmpV3aBAS/Rd2pdf49b0200c0c02/Rd2.toc [2])
(/usr/share/texlive/texmf-dist/tex/latex/base/utf8.def)
(/usr/share/texlive/texmf-dist/tex/latex/base/utf8.def) [3]
Overfull \hbox (0.65768pt too wide) in paragraph at lines 129--130
[]\T1/ptm/m/n/10 (logical) Should an ex-cess con-ces-sional con-tri-bu-tions ch
arge be cal-cu-lated? (Not
[4]
Overfull \hbox (166.72849pt too wide) in paragraph at lines 133--133
\T1/ptm/m/n/10 2013-14? That is, should con-ces-sional con-tri-bu-tions by mul-
ti-pled by \T1/zi4/m/n/10 grattan:::super_contribution_inflator_1314\T1/ptm/m/n
/10 ,
(/usr/share/texlive/texmf-dist/tex/latex/base/utf8.def) [5]
(/usr/share/texlive/texmf-dist/tex/latex/base/utf8.def) [6]
(/usr/share/texlive/texmf-dist/tex/latex/base/utf8.def)
(/usr/share/texlive/texmf-dist/tex/latex/base/utf8.def) [7]
Overfull \hbox (8.89828pt too wide) in paragraph at lines 292--294
[]\T1/ptm/m/n/10 For \T1/zi4/m/n/10 CG_population_inflator\T1/ptm/m/n/10 , the 
num-ber of in-di-vid-u-als es-ti-mated to in-cur cap-i-tal gains in \T1/zi4/m/n
/10 fy_year\T1/ptm/m/n/10 .
(/usr/share/texlive/texmf-dist/tex/latex/base/utf8.def) [8]
(/usr/share/texlive/texmf-dist/tex/latex/base/utf8.def) [9]
(/usr/share/texlive/texmf-dist/tex/latex/base/utf8.def)
Overfull \hbox (4.03757pt too wide) in paragraph at lines 381--382
[]\T1/ptm/m/n/10 (date in quar-ters) the dates con-tem-po-ra-ne-ous to the pric
es in from_nominal_price.
(/usr/share/texlive/texmf-dist/tex/latex/base/utf8.def) [10]
(/usr/share/texlive/texmf-dist/tex/latex/base/utf8.def) [11]
(/usr/share/texlive/texmf-dist/tex/latex/base/utf8.def) [12]
(/usr/share/texlive/texmf-dist/tex/latex/base/utf8.def)
(/usr/share/texlive/texmf-dist/tex/latex/base/utf8.def) [13]
(/usr/share/texlive/texmf-dist/tex/latex/base/utf8.def) [14]
(/usr/share/texlive/texmf-dist/tex/latex/base/utf8.def) [15]
Overfull \hbox (16.519pt too wide) in paragraph at lines 673--675
[]\T1/ptm/m/n/10 A vec-tor of in-flated val-ues. For ex-am-ple, \T1/zi4/m/n/10 
inflator_table = grattan:::cpi_seasonal_adjustment\T1/ptm/m/n/10 ,
(/usr/share/texlive/texmf-dist/tex/latex/base/utf8.def) [16]
(/usr/share/texlive/texmf-dist/tex/latex/base/utf8.def)
(/usr/share/texlive/texmf-dist/tex/latex/base/utf8.def) [17]
(/usr/share/texlive/texmf-dist/tex/latex/base/utf8.def) [18]
(/usr/share/texlive/texmf-dist/tex/latex/inconsolata/ts1zi4.fd)
(/usr/share/texlive/texmf-dist/tex/latex/base/utf8.def) [19]
(/usr/share/texlive/texmf-dist/tex/latex/base/utf8.def) [20]
(/usr/share/texlive/texmf-dist/tex/latex/base/utf8.def) [21]
(/usr/share/texlive/texmf-dist/tex/latex/base/utf8.def)
Overfull \hbox (4.79897pt too wide) in paragraph at lines 1000--1001
[]\T1/ptm/m/n/10 A \T1/zi4/m/n/10 data.table \T1/ptm/m/n/10 whose vari-ables in
-clude those in \T1/zi4/m/n/10 taxstats::sample_file_1314\T1/ptm/m/n/10 . 

Overfull \hbox (14.51837pt too wide) in paragraph at lines 1004--1005
[]\T1/ptm/m/n/10 The \T1/ptm/b/n/10 pro-posed \T1/ptm/m/n/10 cap on con-ces-sio
nal con-tri-bu-tions for all tax-pay-ers if \T1/zi4/m/n/10 age_based_cap

Overfull \hbox (0.65768pt too wide) in paragraph at lines 1012--1013
[]\T1/ptm/m/n/10 (logical) Should an ex-cess con-ces-sional con-tri-bu-tions ch
arge be cal-cu-lated? (Not
[22]
Overfull \hbox (169.50838pt too wide) in paragraph at lines 1018--1018
\T1/ptm/m/n/10 2013-14? That is, should con-ces-sional con-tri-bu-tions by mul-
ti-plied by \T1/zi4/m/n/10 grattan:::super_contribution_inflator_1314\T1/ptm/m/
n/10 ,

Overfull \hbox (25.78839pt too wide) in paragraph at lines 1032--1033
[]\T1/ptm/m/n/10 The \T1/ptm/b/n/10 com-para-tor \T1/ptm/m/n/10 cap on con-ces-
sional con-tri-bu-tions for all tax-pay-ers if \T1/zi4/m/n/10 age_based_cap

Overfull \hbox (0.65768pt too wide) in paragraph at lines 1040--1041
[]\T1/ptm/m/n/10 (logical) Should an ex-cess con-ces-sional con-tri-bu-tions ch
arge be cal-cu-lated? (Not

Overfull \hbox (33.84938pt too wide) in paragraph at lines 1051--1052
\T1/ptm/m/n/10 vari-ables gen-er-ated by \T1/zi4/m/n/10 apply_super_caps_and_di
v293\T1/ptm/m/n/10 , and two vari-ables \T1/zi4/m/n/10 prv_revenue \T1/ptm/m/n/
10 and \T1/zi4/m/n/10 new_revenue
[23] (/usr/share/texlive/texmf-dist/tex/latex/base/utf8.def)
(/usr/share/texlive/texmf-dist/tex/latex/base/utf8.def)
Overfull \hbox (0.66861pt too wide) in paragraph at lines 1101--1102
[]\T1/ptm/m/n/10 What is the lower medi-care thresh-old, be-low which no medi-
[24] (/usr/share/texlive/texmf-dist/tex/latex/base/utf8.def)
Overfull \hbox (44.47945pt too wide) in paragraph at lines 1137--1138
\T1/ptm/m/n/10 Must match \T1/zi4/m/n/10 family_status\T1/ptm/m/n/10 ; i.e. can
 only be nonzero when \T1/zi4/m/n/10 family_status != "single"\T1/ptm/m/n/10 . 

(/usr/share/texlive/texmf-dist/tex/latex/base/utf8.def) [25]
(/usr/share/texlive/texmf-dist/tex/latex/base/utf8.def) [26pdfTeX warning (ext4
): destination with the same identifier (name{Rfn.fv}) has been already used, d
uplicate ignored

\AtBegShi@Output ...ipout \box \AtBeginShipoutBox 
                                                  \fi \fi 
l.1212 ...pmax3}{Threeway parallel maximum}{pmax3}
                                                  pdfTeX warning (ext4): destin
ation with the same identifier (name{Rfn.irr}) has been already used, duplicate
 ignored

\AtBegShi@Output ...ipout \box \AtBeginShipoutBox 
                                                  \fi \fi 
l.1212 ...pmax3}{Threeway parallel maximum}{pmax3}
                                                  pdfTeX warning (ext4): destin
ation with the same identifier (name{Rfn.pmt}) has been already used, duplicate
 ignored

\AtBegShi@Output ...ipout \box \AtBeginShipoutBox 
                                                  \fi \fi 
l.1212 ...pmax3}{Threeway parallel maximum}{pmax3}
                                                  pdfTeX warning (ext4): destin
ation with the same identifier (name{Rfn.pv}) has been already used, duplicate 
ignored

\AtBegShi@Output ...ipout \box \AtBeginShipoutBox 
                                                  \fi \fi 
l.1212 ...pmax3}{Threeway parallel maximum}{pmax3}
                                                  ]
(/usr/share/texlive/texmf-dist/tex/latex/base/utf8.def)
(/usr/share/texlive/texmf-dist/tex/latex/base/utf8.def) [27]
(/usr/share/texlive/texmf-dist/tex/latex/base/utf8.def)
(/usr/share/texlive/texmf-dist/tex/latex/base/utf8.def) [28]
(/usr/share/texlive/texmf-dist/tex/latex/base/utf8.def)
(/usr/share/texlive/texmf-dist/tex/latex/base/utf8.def) [29]
(/usr/share/texlive/texmf-dist/tex/latex/base/utf8.def) [30]
(/usr/share/texlive/texmf-dist/tex/latex/base/utf8.def) [31]
Overfull \hbox (3.55717pt too wide) in paragraph at lines 1437--1438
[]\T1/ptm/m/n/10 A sam-ple file of the same num-ber of rows as \T1/zi4/m/n/10 s
ample_file \T1/ptm/m/n/10 with in-flated val-ues (in-clud-ing WEIGHT). 

Overfull \hbox (41.25328pt too wide) in paragraph at lines 1442--1442
 []\T1/zi4/m/n/9 if (requireNamespace("taxstats", quietly = TRUE) && requireNam
espace("data.table", quietly = TRUE)){[] 
(/usr/share/texlive/texmf-dist/tex/latex/base/utf8.def)
Overfull \hbox (3.55717pt too wide) in paragraph at lines 1476--1477
[]\T1/ptm/m/n/10 A sam-ple file of the same num-ber of rows as \T1/zi4/m/n/10 s
ample_file \T1/ptm/m/n/10 with in-flated val-ues (in-clud-ing WEIGHT). 
(/usr/share/texlive/texmf-dist/tex/latex/base/utf8.def) [32]
Overfull \hbox (52.78088pt too wide) in paragraph at lines 1510--1511
[][][]$\T1/zi4/m/n/10 https : / / www . ato . gov . au / Individuals / Tax-[]re
turn / 2015 / Tax-[]return / Tax-[]offset-[]questions-[]T1-[]T2 /
(/usr/share/texlive/texmf-dist/tex/latex/base/utf8.def) [33]
(/usr/share/texlive/texmf-dist/tex/latex/base/utf8.def)
Overfull \hbox (44.47945pt too wide) in paragraph at lines 1564--1565
\T1/ptm/m/n/10 Must match \T1/zi4/m/n/10 family_status\T1/ptm/m/n/10 ; i.e. can
 only be nonzero when \T1/zi4/m/n/10 family_status != "single"\T1/ptm/m/n/10 . 

(/usr/share/texlive/texmf-dist/tex/latex/base/utf8.def)
Overfull \hbox (359.43192pt too wide) detected at line 1585
[] \OT1/cmr/m/n/10 + [] + [] + [] + []
[34]
Overfull \hbox (3.78088pt too wide) in paragraph at lines 1606--1608
[][][]$\T1/zi4/m/n/10 https : / / www . ato . gov . au / Rates / HELP ,[] -[]TS
L-[]and-[]SFSS-[]repayment-[]thresholds-[]and-[]rates /

Overfull \hbox (4.4608pt too wide) in paragraph at lines 1606--1608
\T1/zi4/m/n/10 ?page = 2 # HELP _ repayment _ thresholds _ and _ rates _ 2013 _
 14$[][]\T1/ptm/m/n/10 m [][]$\T1/zi4/m/n/10 https : / / docs . education . gov
 .
(/usr/share/texlive/texmf-dist/tex/latex/base/utf8.def) [35]
Overfull \hbox (9.59883pt too wide) in paragraph at lines 1653--1659
\T1/ptm/m/n/10 sumed rate of wage in-fla-tion in years be-yond the known se-rie
s, or (2) a \T1/zi4/m/n/10 data.table
(/usr/share/texlive/texmf-dist/tex/latex/base/utf8.def) [36]
(/tmp/RtmpV3aBAS/Rd2pdf49b0200c0c02/Rd2.ind [37]

LaTeX Font Warning: Font shape `T1/zi4/m/it' undefined
(Font)              using `T1/zi4/m/n' instead on input line 6.

[38]) (/tmp/RtmpV3aBAS/Rd2pdf49b0200c0c02/Rd2.aux)

Package rerunfilecheck Warning: File `Rd2.out' has changed.
(rerunfilecheck)                Rerun to get outlines right
(rerunfilecheck)                or use package `bookmark'.


LaTeX Font Warning: Some font shapes were not available, defaults substituted.

 )
(see the transcript file for additional information){/usr/share/texlive/texmf-d
ist/fonts/enc/dvips/inconsolata/i4-ts1.enc}{/usr/share/texlive/texmf-dist/fonts
/enc/dvips/base/8r.enc}{/usr/share/texlive/texmf-dist/fonts/enc/dvips/inconsola
ta/i4-t1-0.enc}</usr/share/texlive/texmf-dist/fonts/type1/public/inconsolata/In
consolata-zi4r.pfb></usr/share/texlive/texmf-dist/fonts/type1/public/amsfonts/c
m/cmmi10.pfb></usr/share/texlive/texmf-dist/fonts/type1/public/amsfonts/cm/cmmi
7.pfb></usr/share/texlive/texmf-dist/fonts/type1/public/amsfonts/cm/cmr10.pfb><
/usr/share/texlive/texmf-dist/fonts/type1/public/amsfonts/cm/cmsy10.pfb></usr/s
hare/texlive/texmf-dist/fonts/type1/public/amsfonts/cm/cmsy7.pfb></usr/share/te
xlive/texmf-dist/fonts/type1/urw/helvetic/uhvr8a.pfb></usr/share/texlive/texmf-
dist/fonts/type1/urw/times/utmb8a.pfb></usr/share/texlive/texmf-dist/fonts/type
1/urw/times/utmr8a.pfb></usr/share/texlive/texmf-dist/fonts/type1/urw/times/utm
r8a.pfb></usr/share/texlive/texmf-dist/fonts/type1/urw/times/utmri8a.pfb>
Output written on Rd2.pdf (38 pages, 206961 bytes).
Transcript written on Rd2.log.
This is makeindex, version 2.15 [TeX Live 2016] (kpathsea + Thai support).
Scanning input file Rd2.idx....done (76 entries accepted, 0 rejected).
Sorting entries....done (489 comparisons).
Generating output file Rd2.ind....done (127 lines written, 0 warnings).
Output written in Rd2.ind.
Transcript written in Rd2.ilg.
This is pdfTeX, Version 3.14159265-2.6-1.40.17 (TeX Live 2016/Debian) (preloaded format=pdflatex)
 restricted \write18 enabled.
entering extended mode
LaTeX2e <2017/01/01> patch level 3
Babel <3.9r> and hyphenation patterns for 83 language(s) loaded.
(./Rd2.tex
(/usr/share/texlive/texmf-dist/tex/latex/base/book.cls
Document Class: book 2014/09/29 v1.4h Standard LaTeX document class
(/usr/share/texlive/texmf-dist/tex/latex/base/bk10.clo))
(/home/tomas/cran/rcnst/build/share/texmf/tex/latex/Rd.sty
(/usr/share/texlive/texmf-dist/tex/latex/base/ifthen.sty)
(/usr/share/texlive/texmf-dist/tex/latex/tools/longtable.sty)
(/usr/share/texlive/texmf-dist/tex/latex/tools/bm.sty)
(/usr/share/texlive/texmf-dist/tex/latex/base/alltt.sty)
(/usr/share/texlive/texmf-dist/tex/latex/tools/verbatim.sty)
(/usr/share/texlive/texmf-dist/tex/latex/url/url.sty)
(/usr/share/texlive/texmf-dist/tex/latex/base/textcomp.sty
(/usr/share/texlive/texmf-dist/tex/latex/base/ts1enc.def))
(/usr/share/texlive/texmf-dist/tex/latex/base/fontenc.sty
(/usr/share/texlive/texmf-dist/tex/latex/base/t1enc.def))
(/usr/share/texlive/texmf-dist/tex/latex/psnfss/times.sty)
(/usr/share/texlive/texmf-dist/tex/latex/inconsolata/zi4.sty
`inconsolata-zi4' v1.112, 2017/01/04 Text macros for Inconsolata (msharpe)
(/usr/share/texlive/texmf-dist/tex/latex/xkeyval/xkeyval.sty
(/usr/share/texlive/texmf-dist/tex/generic/xkeyval/xkeyval.tex
(/usr/share/texlive/texmf-dist/tex/generic/xkeyval/xkvutils.tex
(/usr/share/texlive/texmf-dist/tex/generic/xkeyval/keyval.tex)))))
(/usr/share/texlive/texmf-dist/tex/latex/graphics/color.sty
(/usr/share/texlive/texmf-dist/tex/latex/graphics-cfg/color.cfg)
(/usr/share/texlive/texmf-dist/tex/latex/graphics-def/pdftex.def
(/usr/share/texlive/texmf-dist/tex/generic/oberdiek/infwarerr.sty)
(/usr/share/texlive/texmf-dist/tex/generic/oberdiek/ltxcmds.sty)))
(/usr/share/texlive/texmf-dist/tex/latex/hyperref/hyperref.sty
(/usr/share/texlive/texmf-dist/tex/generic/oberdiek/hobsub-hyperref.sty
(/usr/share/texlive/texmf-dist/tex/generic/oberdiek/hobsub-generic.sty))
(/usr/share/texlive/texmf-dist/tex/generic/ifxetex/ifxetex.sty)
(/usr/share/texlive/texmf-dist/tex/latex/oberdiek/auxhook.sty)
(/usr/share/texlive/texmf-dist/tex/latex/oberdiek/kvoptions.sty)
(/usr/share/texlive/texmf-dist/tex/latex/hyperref/pd1enc.def)
(/usr/share/texlive/texmf-dist/tex/latex/latexconfig/hyperref.cfg))

Package hyperref Message: Driver (autodetected): hpdftex.

(/usr/share/texlive/texmf-dist/tex/latex/hyperref/hpdftex.def
(/usr/share/texlive/texmf-dist/tex/latex/oberdiek/rerunfilecheck.sty))

Package hyperref Warning: Option `hyperindex' has already been used,
(hyperref)                setting the option has no effect on input line 366.


Package hyperref Warning: Option `pagebackref' has already been used,
(hyperref)                setting the option has no effect on input line 366.

) (/usr/share/texlive/texmf-dist/tex/latex/base/makeidx.sty)
(/usr/share/texlive/texmf-dist/tex/latex/base/inputenc.sty
(/usr/share/texlive/texmf-dist/tex/latex/base/utf8.def
(/usr/share/texlive/texmf-dist/tex/latex/base/t1enc.dfu)
(/usr/share/texlive/texmf-dist/tex/latex/base/ot1enc.dfu)
(/usr/share/texlive/texmf-dist/tex/latex/base/omsenc.dfu)
(/usr/share/texlive/texmf-dist/tex/latex/base/ts1enc.dfu))
(/usr/share/texlive/texmf-dist/tex/latex/base/latin1.def))
Writing index file Rd2.idx
(/tmp/RtmpV3aBAS/Rd2pdf49b0200c0c02/Rd2.aux)
(/usr/share/texlive/texmf-dist/tex/latex/base/ts1cmr.fd)
(/usr/share/texlive/texmf-dist/tex/latex/psnfss/t1ptm.fd)
(/usr/share/texlive/texmf-dist/tex/context/base/mkii/supp-pdf.mkii
[Loading MPS to PDF converter (version 2006.09.02).]
) (/usr/share/texlive/texmf-dist/tex/latex/hyperref/nameref.sty
(/usr/share/texlive/texmf-dist/tex/generic/oberdiek/gettitlestring.sty))
(/tmp/RtmpV3aBAS/Rd2pdf49b0200c0c02/Rd2.out)
(/tmp/RtmpV3aBAS/Rd2pdf49b0200c0c02/Rd2.out)
(/usr/share/texlive/texmf-dist/tex/latex/inconsolata/t1zi4.fd)
(/usr/share/texlive/texmf-dist/tex/latex/psnfss/ts1ptm.fd) [1{/var/lib/texmf/fo
nts/map/pdftex/updmap/pdftex.map}]
(/usr/share/texlive/texmf-dist/tex/latex/psnfss/t1phv.fd)
(/tmp/RtmpV3aBAS/Rd2pdf49b0200c0c02/Rd2.toc [2])
(/usr/share/texlive/texmf-dist/tex/latex/base/utf8.def)
(/usr/share/texlive/texmf-dist/tex/latex/base/utf8.def) [3]
Overfull \hbox (0.65768pt too wide) in paragraph at lines 129--130
[]\T1/ptm/m/n/10 (logical) Should an ex-cess con-ces-sional con-tri-bu-tions ch
arge be cal-cu-lated? (Not
[4]
Overfull \hbox (166.72849pt too wide) in paragraph at lines 133--133
\T1/ptm/m/n/10 2013-14? That is, should con-ces-sional con-tri-bu-tions by mul-
ti-pled by \T1/zi4/m/n/10 grattan:::super_contribution_inflator_1314\T1/ptm/m/n
/10 ,
(/usr/share/texlive/texmf-dist/tex/latex/base/utf8.def) [5]
(/usr/share/texlive/texmf-dist/tex/latex/base/utf8.def) [6]
(/usr/share/texlive/texmf-dist/tex/latex/base/utf8.def)
(/usr/share/texlive/texmf-dist/tex/latex/base/utf8.def) [7]
Overfull \hbox (8.89828pt too wide) in paragraph at lines 292--294
[]\T1/ptm/m/n/10 For \T1/zi4/m/n/10 CG_population_inflator\T1/ptm/m/n/10 , the 
num-ber of in-di-vid-u-als es-ti-mated to in-cur cap-i-tal gains in \T1/zi4/m/n
/10 fy_year\T1/ptm/m/n/10 .
(/usr/share/texlive/texmf-dist/tex/latex/base/utf8.def) [8]
(/usr/share/texlive/texmf-dist/tex/latex/base/utf8.def) [9]
(/usr/share/texlive/texmf-dist/tex/latex/base/utf8.def)
Overfull \hbox (4.03757pt too wide) in paragraph at lines 381--382
[]\T1/ptm/m/n/10 (date in quar-ters) the dates con-tem-po-ra-ne-ous to the pric
es in from_nominal_price.
(/usr/share/texlive/texmf-dist/tex/latex/base/utf8.def) [10]
(/usr/share/texlive/texmf-dist/tex/latex/base/utf8.def) [11]
(/usr/share/texlive/texmf-dist/tex/latex/base/utf8.def) [12]
(/usr/share/texlive/texmf-dist/tex/latex/base/utf8.def)
(/usr/share/texlive/texmf-dist/tex/latex/base/utf8.def) [13]
(/usr/share/texlive/texmf-dist/tex/latex/base/utf8.def) [14]
(/usr/share/texlive/texmf-dist/tex/latex/base/utf8.def) [15]
Overfull \hbox (16.519pt too wide) in paragraph at lines 673--675
[]\T1/ptm/m/n/10 A vec-tor of in-flated val-ues. For ex-am-ple, \T1/zi4/m/n/10 
inflator_table = grattan:::cpi_seasonal_adjustment\T1/ptm/m/n/10 ,
(/usr/share/texlive/texmf-dist/tex/latex/base/utf8.def) [16]
(/usr/share/texlive/texmf-dist/tex/latex/base/utf8.def)
(/usr/share/texlive/texmf-dist/tex/latex/base/utf8.def) [17]
(/usr/share/texlive/texmf-dist/tex/latex/base/utf8.def) [18]
(/usr/share/texlive/texmf-dist/tex/latex/inconsolata/ts1zi4.fd)
(/usr/share/texlive/texmf-dist/tex/latex/base/utf8.def) [19]
(/usr/share/texlive/texmf-dist/tex/latex/base/utf8.def) [20]
(/usr/share/texlive/texmf-dist/tex/latex/base/utf8.def) [21]
(/usr/share/texlive/texmf-dist/tex/latex/base/utf8.def)
Overfull \hbox (4.79897pt too wide) in paragraph at lines 1000--1001
[]\T1/ptm/m/n/10 A \T1/zi4/m/n/10 data.table \T1/ptm/m/n/10 whose vari-ables in
-clude those in \T1/zi4/m/n/10 taxstats::sample_file_1314\T1/ptm/m/n/10 . 

Overfull \hbox (14.51837pt too wide) in paragraph at lines 1004--1005
[]\T1/ptm/m/n/10 The \T1/ptm/b/n/10 pro-posed \T1/ptm/m/n/10 cap on con-ces-sio
nal con-tri-bu-tions for all tax-pay-ers if \T1/zi4/m/n/10 age_based_cap

Overfull \hbox (0.65768pt too wide) in paragraph at lines 1012--1013
[]\T1/ptm/m/n/10 (logical) Should an ex-cess con-ces-sional con-tri-bu-tions ch
arge be cal-cu-lated? (Not
[22]
Overfull \hbox (169.50838pt too wide) in paragraph at lines 1018--1018
\T1/ptm/m/n/10 2013-14? That is, should con-ces-sional con-tri-bu-tions by mul-
ti-plied by \T1/zi4/m/n/10 grattan:::super_contribution_inflator_1314\T1/ptm/m/
n/10 ,

Overfull \hbox (25.78839pt too wide) in paragraph at lines 1032--1033
[]\T1/ptm/m/n/10 The \T1/ptm/b/n/10 com-para-tor \T1/ptm/m/n/10 cap on con-ces-
sional con-tri-bu-tions for all tax-pay-ers if \T1/zi4/m/n/10 age_based_cap

Overfull \hbox (0.65768pt too wide) in paragraph at lines 1040--1041
[]\T1/ptm/m/n/10 (logical) Should an ex-cess con-ces-sional con-tri-bu-tions ch
arge be cal-cu-lated? (Not

Overfull \hbox (33.84938pt too wide) in paragraph at lines 1051--1052
\T1/ptm/m/n/10 vari-ables gen-er-ated by \T1/zi4/m/n/10 apply_super_caps_and_di
v293\T1/ptm/m/n/10 , and two vari-ables \T1/zi4/m/n/10 prv_revenue \T1/ptm/m/n/
10 and \T1/zi4/m/n/10 new_revenue
[23] (/usr/share/texlive/texmf-dist/tex/latex/base/utf8.def)
(/usr/share/texlive/texmf-dist/tex/latex/base/utf8.def)
Overfull \hbox (0.66861pt too wide) in paragraph at lines 1101--1102
[]\T1/ptm/m/n/10 What is the lower medi-care thresh-old, be-low which no medi-
[24] (/usr/share/texlive/texmf-dist/tex/latex/base/utf8.def)
Overfull \hbox (44.47945pt too wide) in paragraph at lines 1137--1138
\T1/ptm/m/n/10 Must match \T1/zi4/m/n/10 family_status\T1/ptm/m/n/10 ; i.e. can
 only be nonzero when \T1/zi4/m/n/10 family_status != "single"\T1/ptm/m/n/10 . 

(/usr/share/texlive/texmf-dist/tex/latex/base/utf8.def) [25]
(/usr/share/texlive/texmf-dist/tex/latex/base/utf8.def) [26pdfTeX warning (ext4
): destination with the same identifier (name{Rfn.fv}) has been already used, d
uplicate ignored

\AtBegShi@Output ...ipout \box \AtBeginShipoutBox 
                                                  \fi \fi 
l.1212 ...pmax3}{Threeway parallel maximum}{pmax3}
                                                  pdfTeX warning (ext4): destin
ation with the same identifier (name{Rfn.irr}) has been already used, duplicate
 ignored

\AtBegShi@Output ...ipout \box \AtBeginShipoutBox 
                                                  \fi \fi 
l.1212 ...pmax3}{Threeway parallel maximum}{pmax3}
                                                  pdfTeX warning (ext4): destin
ation with the same identifier (name{Rfn.pmt}) has been already used, duplicate
 ignored

\AtBegShi@Output ...ipout \box \AtBeginShipoutBox 
                                                  \fi \fi 
l.1212 ...pmax3}{Threeway parallel maximum}{pmax3}
                                                  pdfTeX warning (ext4): destin
ation with the same identifier (name{Rfn.pv}) has been already used, duplicate 
ignored

\AtBegShi@Output ...ipout \box \AtBeginShipoutBox 
                                                  \fi \fi 
l.1212 ...pmax3}{Threeway parallel maximum}{pmax3}
                                                  ]
(/usr/share/texlive/texmf-dist/tex/latex/base/utf8.def)
(/usr/share/texlive/texmf-dist/tex/latex/base/utf8.def) [27]
(/usr/share/texlive/texmf-dist/tex/latex/base/utf8.def)
(/usr/share/texlive/texmf-dist/tex/latex/base/utf8.def) [28]
(/usr/share/texlive/texmf-dist/tex/latex/base/utf8.def)
(/usr/share/texlive/texmf-dist/tex/latex/base/utf8.def) [29]
(/usr/share/texlive/texmf-dist/tex/latex/base/utf8.def) [30]
(/usr/share/texlive/texmf-dist/tex/latex/base/utf8.def) [31]
Overfull \hbox (3.55717pt too wide) in paragraph at lines 1437--1438
[]\T1/ptm/m/n/10 A sam-ple file of the same num-ber of rows as \T1/zi4/m/n/10 s
ample_file \T1/ptm/m/n/10 with in-flated val-ues (in-clud-ing WEIGHT). 

Overfull \hbox (41.25328pt too wide) in paragraph at lines 1442--1442
 []\T1/zi4/m/n/9 if (requireNamespace("taxstats", quietly = TRUE) && requireNam
espace("data.table", quietly = TRUE)){[] 
(/usr/share/texlive/texmf-dist/tex/latex/base/utf8.def)
Overfull \hbox (3.55717pt too wide) in paragraph at lines 1476--1477
[]\T1/ptm/m/n/10 A sam-ple file of the same num-ber of rows as \T1/zi4/m/n/10 s
ample_file \T1/ptm/m/n/10 with in-flated val-ues (in-clud-ing WEIGHT). 
(/usr/share/texlive/texmf-dist/tex/latex/base/utf8.def) [32]
Overfull \hbox (52.78088pt too wide) in paragraph at lines 1510--1511
[][][]$\T1/zi4/m/n/10 https : / / www . ato . gov . au / Individuals / Tax-[]re
turn / 2015 / Tax-[]return / Tax-[]offset-[]questions-[]T1-[]T2 /
(/usr/share/texlive/texmf-dist/tex/latex/base/utf8.def) [33]
(/usr/share/texlive/texmf-dist/tex/latex/base/utf8.def)
Overfull \hbox (44.47945pt too wide) in paragraph at lines 1564--1565
\T1/ptm/m/n/10 Must match \T1/zi4/m/n/10 family_status\T1/ptm/m/n/10 ; i.e. can
 only be nonzero when \T1/zi4/m/n/10 family_status != "single"\T1/ptm/m/n/10 . 

(/usr/share/texlive/texmf-dist/tex/latex/base/utf8.def)
Overfull \hbox (359.43192pt too wide) detected at line 1585
[] \OT1/cmr/m/n/10 + [] + [] + [] + []
[34]
Overfull \hbox (3.78088pt too wide) in paragraph at lines 1606--1608
[][][]$\T1/zi4/m/n/10 https : / / www . ato . gov . au / Rates / HELP ,[] -[]TS
L-[]and-[]SFSS-[]repayment-[]thresholds-[]and-[]rates /

Overfull \hbox (4.4608pt too wide) in paragraph at lines 1606--1608
\T1/zi4/m/n/10 ?page = 2 # HELP _ repayment _ thresholds _ and _ rates _ 2013 _
 14$[][]\T1/ptm/m/n/10 m [][]$\T1/zi4/m/n/10 https : / / docs . education . gov
 .
(/usr/share/texlive/texmf-dist/tex/latex/base/utf8.def) [35]
Overfull \hbox (9.59883pt too wide) in paragraph at lines 1653--1659
\T1/ptm/m/n/10 sumed rate of wage in-fla-tion in years be-yond the known se-rie
s, or (2) a \T1/zi4/m/n/10 data.table
(/usr/share/texlive/texmf-dist/tex/latex/base/utf8.def) [36]
(/tmp/RtmpV3aBAS/Rd2pdf49b0200c0c02/Rd2.ind [37]

LaTeX Font Warning: Font shape `T1/zi4/m/it' undefined
(Font)              using `T1/zi4/m/n' instead on input line 6.

[38]) (/tmp/RtmpV3aBAS/Rd2pdf49b0200c0c02/Rd2.aux)

LaTeX Font Warning: Some font shapes were not available, defaults substituted.

 )
(see the transcript file for additional information){/usr/share/texlive/texmf-d
ist/fonts/enc/dvips/inconsolata/i4-ts1.enc}{/usr/share/texlive/texmf-dist/fonts
/enc/dvips/base/8r.enc}{/usr/share/texlive/texmf-dist/fonts/enc/dvips/inconsola
ta/i4-t1-0.enc}</usr/share/texlive/texmf-dist/fonts/type1/public/inconsolata/In
consolata-zi4r.pfb></usr/share/texlive/texmf-dist/fonts/type1/public/amsfonts/c
m/cmmi10.pfb></usr/share/texlive/texmf-dist/fonts/type1/public/amsfonts/cm/cmmi
7.pfb></usr/share/texlive/texmf-dist/fonts/type1/public/amsfonts/cm/cmr10.pfb><
/usr/share/texlive/texmf-dist/fonts/type1/public/amsfonts/cm/cmsy10.pfb></usr/s
hare/texlive/texmf-dist/fonts/type1/public/amsfonts/cm/cmsy7.pfb></usr/share/te
xlive/texmf-dist/fonts/type1/urw/helvetic/uhvr8a.pfb></usr/share/texlive/texmf-
dist/fonts/type1/urw/times/utmb8a.pfb></usr/share/texlive/texmf-dist/fonts/type
1/urw/times/utmr8a.pfb></usr/share/texlive/texmf-dist/fonts/type1/urw/times/utm
r8a.pfb></usr/share/texlive/texmf-dist/fonts/type1/urw/times/utmri8a.pfb>
Output written on Rd2.pdf (38 pages, 207904 bytes).
Transcript written on Rd2.log.
Saving output to grattan-manual.pdf ...
Done
You may want to clean up by 'rm -rf /tmp/RtmpV3aBAS/Rd2pdf49b0200c0c02'
