* using log directory ‘/home/tomas/cran/rcnst/check/WikidataR.Rcheck’
* using R Under development (unstable) (2017-08-14 r73093)
* using platform: x86_64-pc-linux-gnu (64-bit)
* using session charset: UTF-8
* checking for file ‘WikidataR/DESCRIPTION’ ... OK
* checking extension type ... Package
* this is package ‘WikidataR’ version ‘1.3.0’
* checking package namespace information ... OK
* checking package dependencies ... OK
* checking if this is a source package ... OK
* checking if there is a namespace ... OK
* checking for executable files ... OK
* checking for hidden files and directories ... OK
* checking for portable file names ... OK
* checking for sufficient/correct file permissions ... OK
* checking whether package ‘WikidataR’ can be installed ... OK
* checking package directory ... OK
* checking ‘build’ directory ... OK
* checking DESCRIPTION meta-information ... OK
* checking top-level files ... OK
* checking for left-over files ... OK
* checking index information ... OK
* checking package subdirectories ... OK
* checking R files for non-ASCII characters ... OK
* checking R files for syntax errors ... OK
* checking whether the package can be loaded ... OK
* checking whether the package can be loaded with stated dependencies ... OK
* checking whether the package can be unloaded cleanly ... OK
* checking whether the namespace can be loaded with stated dependencies ... OK
* checking whether the namespace can be unloaded cleanly ... OK
* checking loading without being on the library search path ... OK
* checking dependencies in R code ... NOTE
Namespace in Imports field not imported from: ‘utils’
  All declared Imports should be used.
* checking S3 generic/method consistency ... OK
* checking replacement functions ... OK
* checking foreign function calls ... OK
* checking R code for possible problems ... OK
* checking Rd files ... OK
* checking Rd metadata ... OK
* checking Rd cross-references ... OK
* checking for missing documentation entries ... OK
* checking for code/documentation mismatches ... OK
* checking Rd \usage sections ... OK
* checking Rd contents ... OK
* checking for unstated dependencies in examples ... OK
* checking installed files from ‘inst/doc’ ... OK
* checking files in ‘vignettes’ ... OK
* checking examples ... ERROR
Running examples in ‘WikidataR-Ex.R’ failed
The error most likely occurred in:

> ### Name: get_geo_entity
> ### Title: Retrieve geographic information from Wikidata
> ### Aliases: get_geo_entity
> 
> ### ** Examples
> 
> # All entities
> sf_locations <- get_geo_entity("Q62")
Error in sparql_query(query) : Internal Server Error (HTTP 500).
Calls: get_geo_entity ... clean_geo -> do.call -> lapply -> sparql_query -> <Anonymous>
Execution halted
* checking for unstated dependencies in ‘tests’ ... OK
* checking tests ... ERROR
  Running ‘testthat.R’
Running the tests in ‘tests/testthat.R’ failed.
Last 13 lines of output:
         wd_id <- gsub(x = item$item$value, pattern = "http://www.wikidata.org/entity/", 
             replacement = "", fixed = TRUE)
         return(data.frame(item = wd_id, name = ifelse(item$name$value == wd_id, NA, item$name$value), 
             latitutde = as.numeric(point[1]), longitude = as.numeric(point[2]), stringsAsFactors = FALSE))
     })
  5: sparql_query(query)
  6: httr::stop_for_status(result)
  
  testthat results ================================================================
  OK: 21 SKIPPED: 0 FAILED: 2
  1. Error: Simple entity-based geo lookups work (@test_geo.R#5) 
  2. Error: Language-variant entity-based geo lookups work (@test_geo.R#13) 
  
  Error: testthat unit tests failed
  Execution halted
* checking for unstated dependencies in vignettes ... OK
* checking package vignettes in ‘inst/doc’ ... OK
* checking running R code from vignettes ... NONE
* checking re-building of vignette outputs ... OK
* checking PDF version of manual ... OK
* DONE
Status: 2 ERRORs, 1 NOTE
