Hmm ... looks like a package

This is pdfTeX, Version 3.14159265-2.6-1.40.21 (TeX Live 2020) (preloaded format=pdflatex)
 restricted \write18 enabled.
entering extended mode
LaTeX2e <2020-02-02> patch level 5
L3 programming layer <2020-04-06>
(./Rd2.tex
(/usr/share/texlive/texmf-dist/tex/latex/base/book.cls
Document Class: book 2019/12/20 v1.4l Standard LaTeX document class
(/usr/share/texlive/texmf-dist/tex/latex/base/bk10.clo))
(/var/scratch2/tomas/cran/rlibro/build/share/texmf/tex/latex/Rd.sty
(/usr/share/texlive/texmf-dist/tex/latex/base/ifthen.sty)
(/usr/share/texlive/texmf-dist/tex/latex/tools/longtable.sty)
(/usr/share/texlive/texmf-dist/tex/latex/tools/bm.sty)
(/usr/share/texlive/texmf-dist/tex/latex/base/alltt.sty)
(/usr/share/texlive/texmf-dist/tex/latex/tools/verbatim.sty)
(/usr/share/texlive/texmf-dist/tex/latex/url/url.sty)
(/usr/share/texlive/texmf-dist/tex/latex/base/textcomp.sty)
(/usr/share/texlive/texmf-dist/tex/latex/base/fontenc.sty)
(/usr/share/texlive/texmf-dist/tex/latex/psnfss/times.sty)
(/usr/share/texlive/texmf-dist/tex/latex/inconsolata/zi4.sty
`inconsolata-zi4' v1.12, 2019/05/17 Text macros for Inconsolata (msharpe)
(/usr/share/texlive/texmf-dist/tex/latex/xkeyval/xkeyval.sty
(/usr/share/texlive/texmf-dist/tex/generic/xkeyval/xkeyval.tex
(/usr/share/texlive/texmf-dist/tex/generic/xkeyval/xkvutils.tex
(/usr/share/texlive/texmf-dist/tex/generic/xkeyval/keyval.tex)))))
(/usr/share/texlive/texmf-dist/tex/latex/graphics/color.sty
(/usr/share/texlive/texmf-dist/tex/latex/graphics-cfg/color.cfg)
(/usr/share/texlive/texmf-dist/tex/latex/graphics-def/pdftex.def))
(/usr/share/texlive/texmf-dist/tex/latex/hyperref/hyperref.sty
(/usr/share/texlive/texmf-dist/tex/generic/ltxcmds/ltxcmds.sty)
(/usr/share/texlive/texmf-dist/tex/generic/iftex/iftex.sty)
(/usr/share/texlive/texmf-dist/tex/latex/pdftexcmds/pdftexcmds.sty
(/usr/share/texlive/texmf-dist/tex/generic/infwarerr/infwarerr.sty))
(/usr/share/texlive/texmf-dist/tex/generic/kvsetkeys/kvsetkeys.sty)
(/usr/share/texlive/texmf-dist/tex/generic/kvdefinekeys/kvdefinekeys.sty)
(/usr/share/texlive/texmf-dist/tex/generic/pdfescape/pdfescape.sty)
(/usr/share/texlive/texmf-dist/tex/latex/hycolor/hycolor.sty)
(/usr/share/texlive/texmf-dist/tex/latex/letltxmacro/letltxmacro.sty)
(/usr/share/texlive/texmf-dist/tex/latex/auxhook/auxhook.sty)
(/usr/share/texlive/texmf-dist/tex/latex/kvoptions/kvoptions.sty)
(/usr/share/texlive/texmf-dist/tex/latex/hyperref/pd1enc.def)
(/usr/share/texlive/texmf-dist/tex/generic/intcalc/intcalc.sty)
(/usr/share/texlive/texmf-dist/tex/generic/etexcmds/etexcmds.sty)
(/usr/share/texlive/texmf-dist/tex/generic/bitset/bitset.sty
(/usr/share/texlive/texmf-dist/tex/generic/bigintcalc/bigintcalc.sty))
(/usr/share/texlive/texmf-dist/tex/generic/atbegshi/atbegshi.sty))
(/usr/share/texlive/texmf-dist/tex/latex/hyperref/hpdftex.def
(/usr/share/texlive/texmf-dist/tex/latex/atveryend/atveryend.sty)
(/usr/share/texlive/texmf-dist/tex/latex/rerunfilecheck/rerunfilecheck.sty
(/usr/share/texlive/texmf-dist/tex/generic/uniquecounter/uniquecounter.sty)))

Package hyperref Warning: Option `hyperindex' has already been used,
(hyperref)                setting the option has no effect on input line 395.


Package hyperref Warning: Option `pagebackref' has already been used,
(hyperref)                setting the option has no effect on input line 395.

) (/usr/share/texlive/texmf-dist/tex/latex/base/makeidx.sty)
(/usr/share/texlive/texmf-dist/tex/latex/base/inputenc.sty)
Writing index file Rd2.idx
(/usr/share/texlive/texmf-dist/tex/latex/l3backend/l3backend-pdfmode.def)
No file Rd2.aux.
(/usr/share/texlive/texmf-dist/tex/latex/psnfss/t1ptm.fd)
(/usr/share/texlive/texmf-dist/tex/context/base/mkii/supp-pdf.mkii
[Loading MPS to PDF converter (version 2006.09.02).]
) (/usr/share/texlive/texmf-dist/tex/latex/hyperref/nameref.sty
(/usr/share/texlive/texmf-dist/tex/latex/refcount/refcount.sty)
(/usr/share/texlive/texmf-dist/tex/generic/gettitlestring/gettitlestring.sty))
(/usr/share/texlive/texmf-dist/tex/latex/inconsolata/t1zi4.fd)
(/usr/share/texlive/texmf-dist/tex/latex/psnfss/t1phv.fd) [1{/usr/share/texlive
/texmf-dist/fonts/map/pdftex/updmap/pdftex.map}]
Overfull \hbox (4.1983pt too wide) in paragraph at lines 95--96
[]\T1/ptm/m/n/10 Create fil-ter ta-ble from the []\T1/zi4/m/n/10 filters []\T1/
ptm/m/n/10 and []\T1/zi4/m/n/10 date_filter []\T1/ptm/m/n/10 strings pa-ram-e-t
ers of the [][][]\T1/zi4/m/n/10 get_eurostat_data[][][]
[2]
Overfull \hbox (1.66946pt too wide) in paragraph at lines 129--133
[]\T1/ptm/m/n/10 further ar-gu-ments to the for [][][]\T1/zi4/m/n/10 search_eur
ostat_dsd[][][] []\T1/ptm/m/n/10 func-tion, e.g.: []\T1/zi4/m/n/10 ignore.case
[3]
Overfull \hbox (41.73924pt too wide) in alignment at lines 149--149
 [] [] 

Overfull \hbox (370.39691pt too wide) in alignment at lines 157--157
 [] [] 

Overfull \hbox (9.78088pt too wide) in paragraph at lines 168--168
 []\T1/zi4/m/n/9 create_filter_table(c("KYIV","hu","Quarterly"),dsd=dsd,exact_m
atch=FALSE,ignore.case=TRUE)[] 
[4] [5]
Overfull \hbox (41.28088pt too wide) in paragraph at lines 272--272
 []\T1/zi4/m/n/9 dsd_url<-"https://ec.europa.eu/eurostat/SDMX/diss-web/rest/dat
astructure/ESTAT/DSD_nama_10_a10_e"[] 
(/usr/share/texlive/texmf-dist/tex/latex/inconsolata/ts1zi4.fd) [6]
Overfull \hbox (82.56918pt too wide) in alignment at lines 356--356
 [] [] 

Overfull \hbox (138.86952pt too wide) in alignment at lines 363--363
 [] [] 

Underfull \vbox (badness 10000) has occurred while \output is active [7]
Overfull \hbox (5.28088pt too wide) in paragraph at lines 420--420
 []\T1/zi4/m/n/9 url_end<-"estat-navtree-portlet-prod/BulkDownloadListing?file=
data/agr_r_milkpr.sdmx.zip"[] 
[8]
Overfull \hbox (4.8996pt too wide) in paragraph at lines 480--484
\T1/ptm/m/n/10 De-fault is []\T1/zi4/m/n/10 FALSE[]\T1/ptm/m/n/10 . For flag va
l-ues see: [][]$\T1/zi4/m/n/10 https : / / ec . europa . eu / eurostat / data /

[9]
Overfull \hbox (145.67902pt too wide) in alignment at lines 528--528
 [] [] 
[10]
Overfull \hbox (9.78088pt too wide) in paragraph at lines 546--546
 []\T1/zi4/m/n/9 dt<-get_eurostat_bulk("agr_r_milkpr",cache_dir=tempdir(),compr
ess_file=FALSE,verbose=TRUE)[] 
[11] [12] [13]
Overfull \hbox (1.66946pt too wide) in paragraph at lines 700--704
[]\T1/ptm/m/n/10 further ar-gu-ments to the for [][][]\T1/zi4/m/n/10 search_eur
ostat_dsd[][][] []\T1/ptm/m/n/10 func-tion, e.g.: []\T1/zi4/m/n/10 ignore.case

Overfull \hbox (251.1069pt too wide) in alignment at lines 746--746
 [] [] 
[14] [15] [16] [17]
Overfull \hbox (388.9163pt too wide) in alignment at lines 978--978
 [] [] 
[18]
Overfull \hbox (50.28088pt too wide) in paragraph at lines 996--996
 []\T1/zi4/m/n/9 dt<-get_eurostat_raw("avia_par_me",mode="txt",cache_dir=tempdi
r(),compress_file=FALSE,verbose=TRUE)[] 
[19]
Overfull \hbox (396.20665pt too wide) in alignment at lines 1067--1067
 [] [] 

Underfull \vbox (badness 10000) has occurred while \output is active [20]
Overfull \hbox (50.36096pt too wide) in paragraph at lines 1075--1076
[][][]\T1/zi4/m/n/10 search_eurostat_toc[][][][]\T1/ptm/m/n/10 , [][][]\T1/zi4/
m/n/10 get_eurostat_dsd[][][][]\T1/ptm/m/n/10 , [][][]\T1/zi4/m/n/10 get_eurost
at_raw[][][][]\T1/ptm/m/n/10 , [][][]\T1/zi4/m/n/10 get_eurostat_bulk[][][][]\T
1/ptm/m/n/10 , [][][]\T1/zi4/m/n/10 get_eurostat_data[][][][]\T1/ptm/m/n/10 . 

Overfull \hbox (8.3191pt too wide) in paragraph at lines 1118--1123
\T1/ptm/m/n/10 put-ing. If the pa-ram-e-ter []\T1/zi4/m/n/10 FALSE[]\T1/ptm/m/n
/10 , then the de-fault value of []\T1/zi4/m/n/10 getOption("mc.cores")

Overfull \hbox (2.08945pt too wide) in paragraph at lines 1124--1125
\T1/ptm/m/n/10 The de-fault is []\T1/zi4/m/n/10 FALSE[]\T1/ptm/m/n/10 . Can be 
set also with []\T1/zi4/m/n/10 options(restatapi_verbose=TRUE) 
[21] (/usr/share/texlive/texmf-dist/tex/latex/psnfss/ts1ptm.fd)
Overfull \hbox (27.39911pt too wide) in paragraph at lines 1146--1148
\T1/ptm/m/n/10 set 'auto'. The down-load method can be changed any time with []
\T1/zi4/m/n/10 options(restatapi_dmethod=...) 
[22]
Overfull \hbox (47.05844pt too wide) in paragraph at lines 1191--1192
\T1/ptm/m/n/10 ex-ist-ing value in the cache is over-writ-ten. Can be set also 
with []\T1/zi4/m/n/10 options(restatapi_update

Overfull \hbox (12.9896pt too wide) in paragraph at lines 1193--1194
[]\T1/zi4/m/n/10 tempdir()[]\T1/ptm/m/n/10 . Di-rec-tory can also be set with [
]\T1/zi4/m/n/10 options(restatapi_cache_dir=...)[]\T1/ptm/m/n/10 . 

Overfull \hbox (0.96844pt too wide) in paragraph at lines 1223--1226
\T1/ptm/m/n/10 rows where the pat-tern ap-pears in the code and name col-umn of
 the out-put of the [][][]\T1/zi4/m/n/10 get_eurostat_dsd[][][]
[23]
Overfull \hbox (86.4195pt too wide) in alignment at lines 1262--1262
 [] [] 
[24]
Overfull \hbox (3.69847pt too wide) in paragraph at lines 1304--1306
[]\T1/ptm/m/n/10 other ad-di-tional pa-ram-e-ters to pass to the []\T1/zi4/m/n/
10 grepl []\T1/ptm/m/n/10 func-tion like []\T1/zi4/m/n/10 ignore.case=TRUE

Overfull \hbox (236.11804pt too wide) in alignment at lines 1334--1334
 [] [] 

Overfull \hbox (2.55945pt too wide) in paragraph at lines 1335--1337
[]\T1/ptm/m/n/10 The value in the []\T1/zi4/m/n/10 code []\T1/ptm/m/n/10 col-um
n can be used as an id in the [][][]\T1/zi4/m/n/10 get_eurostat_data[][][][]\T1
/ptm/m/n/10 , [][][]\T1/zi4/m/n/10 get_eurostat_bulk[][][][]\T1/ptm/m/n/10 ,
[25]
No file Rd2.ind.
[26] (/var/scratch2/tomas/tmp/RtmpZG4o0w/Rd2pdf12befb17d8d54/Rd2.aux)

Package rerunfilecheck Warning: File `Rd2.out' has changed.
(rerunfilecheck)                Rerun to get outlines right
(rerunfilecheck)                or use package `bookmark'.

 )
(see the transcript file for additional information){/usr/share/texlive/texmf-d
ist/fonts/enc/dvips/inconsolata/i4-ts1.enc}{/usr/share/texlive/texmf-dist/fonts
/enc/dvips/base/8r.enc}{/usr/share/texlive/texmf-dist/fonts/enc/dvips/inconsola
ta/i4-t1-0.enc}</usr/share/texlive/texmf-dist/fonts/type1/public/inconsolata/In
consolata-zi4r.pfb></usr/share/texlive/texmf-dist/fonts/type1/urw/helvetic/uhvr
8a.pfb></usr/share/texlive/texmf-dist/fonts/type1/urw/times/utmb8a.pfb></usr/sh
are/texlive/texmf-dist/fonts/type1/urw/times/utmr8a.pfb></usr/share/texlive/tex
mf-dist/fonts/type1/urw/times/utmr8a.pfb></usr/share/texlive/texmf-dist/fonts/t
ype1/urw/times/utmri8a.pfb>
Output written on Rd2.pdf (26 pages, 143323 bytes).
Transcript written on Rd2.log.
This is pdfTeX, Version 3.14159265-2.6-1.40.21 (TeX Live 2020) (preloaded format=pdflatex)
 restricted \write18 enabled.
entering extended mode
LaTeX2e <2020-02-02> patch level 5
L3 programming layer <2020-04-06>
(./Rd2.tex
(/usr/share/texlive/texmf-dist/tex/latex/base/book.cls
Document Class: book 2019/12/20 v1.4l Standard LaTeX document class
(/usr/share/texlive/texmf-dist/tex/latex/base/bk10.clo))
(/var/scratch2/tomas/cran/rlibro/build/share/texmf/tex/latex/Rd.sty
(/usr/share/texlive/texmf-dist/tex/latex/base/ifthen.sty)
(/usr/share/texlive/texmf-dist/tex/latex/tools/longtable.sty)
(/usr/share/texlive/texmf-dist/tex/latex/tools/bm.sty)
(/usr/share/texlive/texmf-dist/tex/latex/base/alltt.sty)
(/usr/share/texlive/texmf-dist/tex/latex/tools/verbatim.sty)
(/usr/share/texlive/texmf-dist/tex/latex/url/url.sty)
(/usr/share/texlive/texmf-dist/tex/latex/base/textcomp.sty)
(/usr/share/texlive/texmf-dist/tex/latex/base/fontenc.sty)
(/usr/share/texlive/texmf-dist/tex/latex/psnfss/times.sty)
(/usr/share/texlive/texmf-dist/tex/latex/inconsolata/zi4.sty
`inconsolata-zi4' v1.12, 2019/05/17 Text macros for Inconsolata (msharpe)
(/usr/share/texlive/texmf-dist/tex/latex/xkeyval/xkeyval.sty
(/usr/share/texlive/texmf-dist/tex/generic/xkeyval/xkeyval.tex
(/usr/share/texlive/texmf-dist/tex/generic/xkeyval/xkvutils.tex
(/usr/share/texlive/texmf-dist/tex/generic/xkeyval/keyval.tex)))))
(/usr/share/texlive/texmf-dist/tex/latex/graphics/color.sty
(/usr/share/texlive/texmf-dist/tex/latex/graphics-cfg/color.cfg)
(/usr/share/texlive/texmf-dist/tex/latex/graphics-def/pdftex.def))
(/usr/share/texlive/texmf-dist/tex/latex/hyperref/hyperref.sty
(/usr/share/texlive/texmf-dist/tex/generic/ltxcmds/ltxcmds.sty)
(/usr/share/texlive/texmf-dist/tex/generic/iftex/iftex.sty)
(/usr/share/texlive/texmf-dist/tex/latex/pdftexcmds/pdftexcmds.sty
(/usr/share/texlive/texmf-dist/tex/generic/infwarerr/infwarerr.sty))
(/usr/share/texlive/texmf-dist/tex/generic/kvsetkeys/kvsetkeys.sty)
(/usr/share/texlive/texmf-dist/tex/generic/kvdefinekeys/kvdefinekeys.sty)
(/usr/share/texlive/texmf-dist/tex/generic/pdfescape/pdfescape.sty)
(/usr/share/texlive/texmf-dist/tex/latex/hycolor/hycolor.sty)
(/usr/share/texlive/texmf-dist/tex/latex/letltxmacro/letltxmacro.sty)
(/usr/share/texlive/texmf-dist/tex/latex/auxhook/auxhook.sty)
(/usr/share/texlive/texmf-dist/tex/latex/kvoptions/kvoptions.sty)
(/usr/share/texlive/texmf-dist/tex/latex/hyperref/pd1enc.def)
(/usr/share/texlive/texmf-dist/tex/generic/intcalc/intcalc.sty)
(/usr/share/texlive/texmf-dist/tex/generic/etexcmds/etexcmds.sty)
(/usr/share/texlive/texmf-dist/tex/generic/bitset/bitset.sty
(/usr/share/texlive/texmf-dist/tex/generic/bigintcalc/bigintcalc.sty))
(/usr/share/texlive/texmf-dist/tex/generic/atbegshi/atbegshi.sty))
(/usr/share/texlive/texmf-dist/tex/latex/hyperref/hpdftex.def
(/usr/share/texlive/texmf-dist/tex/latex/atveryend/atveryend.sty)
(/usr/share/texlive/texmf-dist/tex/latex/rerunfilecheck/rerunfilecheck.sty
(/usr/share/texlive/texmf-dist/tex/generic/uniquecounter/uniquecounter.sty)))

Package hyperref Warning: Option `hyperindex' has already been used,
(hyperref)                setting the option has no effect on input line 395.


Package hyperref Warning: Option `pagebackref' has already been used,
(hyperref)                setting the option has no effect on input line 395.

) (/usr/share/texlive/texmf-dist/tex/latex/base/makeidx.sty)
(/usr/share/texlive/texmf-dist/tex/latex/base/inputenc.sty)
Writing index file Rd2.idx
(/usr/share/texlive/texmf-dist/tex/latex/l3backend/l3backend-pdfmode.def)
(/var/scratch2/tomas/tmp/RtmpZG4o0w/Rd2pdf12befb17d8d54/Rd2.aux)
(/usr/share/texlive/texmf-dist/tex/latex/psnfss/t1ptm.fd)
(/usr/share/texlive/texmf-dist/tex/context/base/mkii/supp-pdf.mkii
[Loading MPS to PDF converter (version 2006.09.02).]
) (/usr/share/texlive/texmf-dist/tex/latex/hyperref/nameref.sty
(/usr/share/texlive/texmf-dist/tex/latex/refcount/refcount.sty)
(/usr/share/texlive/texmf-dist/tex/generic/gettitlestring/gettitlestring.sty))
(/var/scratch2/tomas/tmp/RtmpZG4o0w/Rd2pdf12befb17d8d54/Rd2.out)
(/var/scratch2/tomas/tmp/RtmpZG4o0w/Rd2pdf12befb17d8d54/Rd2.out)
(/usr/share/texlive/texmf-dist/tex/latex/inconsolata/t1zi4.fd)
(/usr/share/texlive/texmf-dist/tex/latex/psnfss/t1phv.fd)
(/var/scratch2/tomas/tmp/RtmpZG4o0w/Rd2pdf12befb17d8d54/Rd2.toc [1{/usr/share/t
exlive/texmf-dist/fonts/map/pdftex/updmap/pdftex.map}]) [2]
Overfull \hbox (4.1983pt too wide) in paragraph at lines 95--96
[]\T1/ptm/m/n/10 Create fil-ter ta-ble from the []\T1/zi4/m/n/10 filters []\T1/
ptm/m/n/10 and []\T1/zi4/m/n/10 date_filter []\T1/ptm/m/n/10 strings pa-ram-e-t
ers of the [][][]\T1/zi4/m/n/10 get_eurostat_data[][][]

Overfull \hbox (1.66946pt too wide) in paragraph at lines 129--133
[]\T1/ptm/m/n/10 further ar-gu-ments to the for [][][]\T1/zi4/m/n/10 search_eur
ostat_dsd[][][] []\T1/ptm/m/n/10 func-tion, e.g.: []\T1/zi4/m/n/10 ignore.case
[3]
Overfull \hbox (41.73924pt too wide) in alignment at lines 149--149
 [] [] 

Overfull \hbox (370.39691pt too wide) in alignment at lines 157--157
 [] [] 

Overfull \hbox (9.78088pt too wide) in paragraph at lines 168--168
 []\T1/zi4/m/n/9 create_filter_table(c("KYIV","hu","Quarterly"),dsd=dsd,exact_m
atch=FALSE,ignore.case=TRUE)[] 
[4] [5]
Overfull \hbox (41.28088pt too wide) in paragraph at lines 272--272
 []\T1/zi4/m/n/9 dsd_url<-"https://ec.europa.eu/eurostat/SDMX/diss-web/rest/dat
astructure/ESTAT/DSD_nama_10_a10_e"[] 
(/usr/share/texlive/texmf-dist/tex/latex/inconsolata/ts1zi4.fd) [6]
Overfull \hbox (82.56918pt too wide) in alignment at lines 356--356
 [] [] 

Overfull \hbox (138.86952pt too wide) in alignment at lines 363--363
 [] [] 

Underfull \vbox (badness 10000) has occurred while \output is active [7]
Overfull \hbox (5.28088pt too wide) in paragraph at lines 420--420
 []\T1/zi4/m/n/9 url_end<-"estat-navtree-portlet-prod/BulkDownloadListing?file=
data/agr_r_milkpr.sdmx.zip"[] 
[8]
Overfull \hbox (4.8996pt too wide) in paragraph at lines 480--484
\T1/ptm/m/n/10 De-fault is []\T1/zi4/m/n/10 FALSE[]\T1/ptm/m/n/10 . For flag va
l-ues see: [][]$\T1/zi4/m/n/10 https : / / ec . europa . eu / eurostat / data /

[9]
Overfull \hbox (145.67902pt too wide) in alignment at lines 528--528
 [] [] 
[10]
Overfull \hbox (9.78088pt too wide) in paragraph at lines 546--546
 []\T1/zi4/m/n/9 dt<-get_eurostat_bulk("agr_r_milkpr",cache_dir=tempdir(),compr
ess_file=FALSE,verbose=TRUE)[] 
[11] [12] [13]
Overfull \hbox (1.66946pt too wide) in paragraph at lines 700--704
[]\T1/ptm/m/n/10 further ar-gu-ments to the for [][][]\T1/zi4/m/n/10 search_eur
ostat_dsd[][][] []\T1/ptm/m/n/10 func-tion, e.g.: []\T1/zi4/m/n/10 ignore.case

Overfull \hbox (251.1069pt too wide) in alignment at lines 746--746
 [] [] 
[14] [15] [16] [17]
Overfull \hbox (388.9163pt too wide) in alignment at lines 978--978
 [] [] 
[18]
Overfull \hbox (50.28088pt too wide) in paragraph at lines 996--996
 []\T1/zi4/m/n/9 dt<-get_eurostat_raw("avia_par_me",mode="txt",cache_dir=tempdi
r(),compress_file=FALSE,verbose=TRUE)[] 
[19]
Overfull \hbox (396.20665pt too wide) in alignment at lines 1067--1067
 [] [] 

Underfull \vbox (badness 10000) has occurred while \output is active [20]
Overfull \hbox (50.36096pt too wide) in paragraph at lines 1075--1076
[][][]\T1/zi4/m/n/10 search_eurostat_toc[][][][]\T1/ptm/m/n/10 , [][][]\T1/zi4/
m/n/10 get_eurostat_dsd[][][][]\T1/ptm/m/n/10 , [][][]\T1/zi4/m/n/10 get_eurost
at_raw[][][][]\T1/ptm/m/n/10 , [][][]\T1/zi4/m/n/10 get_eurostat_bulk[][][][]\T
1/ptm/m/n/10 , [][][]\T1/zi4/m/n/10 get_eurostat_data[][][][]\T1/ptm/m/n/10 . 

Overfull \hbox (8.3191pt too wide) in paragraph at lines 1118--1123
\T1/ptm/m/n/10 put-ing. If the pa-ram-e-ter []\T1/zi4/m/n/10 FALSE[]\T1/ptm/m/n
/10 , then the de-fault value of []\T1/zi4/m/n/10 getOption("mc.cores")

Overfull \hbox (2.08945pt too wide) in paragraph at lines 1124--1125
\T1/ptm/m/n/10 The de-fault is []\T1/zi4/m/n/10 FALSE[]\T1/ptm/m/n/10 . Can be 
set also with []\T1/zi4/m/n/10 options(restatapi_verbose=TRUE) 
[21] (/usr/share/texlive/texmf-dist/tex/latex/psnfss/ts1ptm.fd)
Overfull \hbox (27.39911pt too wide) in paragraph at lines 1146--1148
\T1/ptm/m/n/10 set 'auto'. The down-load method can be changed any time with []
\T1/zi4/m/n/10 options(restatapi_dmethod=...) 
[22]
Overfull \hbox (47.05844pt too wide) in paragraph at lines 1191--1192
\T1/ptm/m/n/10 ex-ist-ing value in the cache is over-writ-ten. Can be set also 
with []\T1/zi4/m/n/10 options(restatapi_update

Overfull \hbox (12.9896pt too wide) in paragraph at lines 1193--1194
[]\T1/zi4/m/n/10 tempdir()[]\T1/ptm/m/n/10 . Di-rec-tory can also be set with [
]\T1/zi4/m/n/10 options(restatapi_cache_dir=...)[]\T1/ptm/m/n/10 . 

Overfull \hbox (0.96844pt too wide) in paragraph at lines 1223--1226
\T1/ptm/m/n/10 rows where the pat-tern ap-pears in the code and name col-umn of
 the out-put of the [][][]\T1/zi4/m/n/10 get_eurostat_dsd[][][]
[23]
Overfull \hbox (86.4195pt too wide) in alignment at lines 1262--1262
 [] [] 
[24]
Overfull \hbox (3.69847pt too wide) in paragraph at lines 1304--1306
[]\T1/ptm/m/n/10 other ad-di-tional pa-ram-e-ters to pass to the []\T1/zi4/m/n/
10 grepl []\T1/ptm/m/n/10 func-tion like []\T1/zi4/m/n/10 ignore.case=TRUE

Overfull \hbox (236.11804pt too wide) in alignment at lines 1334--1334
 [] [] 

Overfull \hbox (2.55945pt too wide) in paragraph at lines 1335--1337
[]\T1/ptm/m/n/10 The value in the []\T1/zi4/m/n/10 code []\T1/ptm/m/n/10 col-um
n can be used as an id in the [][][]\T1/zi4/m/n/10 get_eurostat_data[][][][]\T1
/ptm/m/n/10 , [][][]\T1/zi4/m/n/10 get_eurostat_bulk[][][][]\T1/ptm/m/n/10 ,
[25]
No file Rd2.ind.
[26] (/var/scratch2/tomas/tmp/RtmpZG4o0w/Rd2pdf12befb17d8d54/Rd2.aux) )
(see the transcript file for additional information){/usr/share/texlive/texmf-d
ist/fonts/enc/dvips/inconsolata/i4-ts1.enc}{/usr/share/texlive/texmf-dist/fonts
/enc/dvips/base/8r.enc}{/usr/share/texlive/texmf-dist/fonts/enc/dvips/inconsola
ta/i4-t1-0.enc}</usr/share/texlive/texmf-dist/fonts/type1/public/inconsolata/In
consolata-zi4r.pfb></usr/share/texlive/texmf-dist/fonts/type1/urw/helvetic/uhvr
8a.pfb></usr/share/texlive/texmf-dist/fonts/type1/urw/times/utmb8a.pfb></usr/sh
are/texlive/texmf-dist/fonts/type1/urw/times/utmr8a.pfb></usr/share/texlive/tex
mf-dist/fonts/type1/urw/times/utmr8a.pfb></usr/share/texlive/texmf-dist/fonts/t
ype1/urw/times/utmri8a.pfb>
Output written on Rd2.pdf (26 pages, 145244 bytes).
Transcript written on Rd2.log.
This is makeindex, version 2.15 [TeX Live 2020] (kpathsea + Thai support).
Scanning input file Rd2.idx....done (96 entries accepted, 0 rejected).
Sorting entries....done (665 comparisons).
Generating output file Rd2.ind....done (84 lines written, 1 warning).
Output written in Rd2.ind.
Transcript written in Rd2.ilg.
This is pdfTeX, Version 3.14159265-2.6-1.40.21 (TeX Live 2020) (preloaded format=pdflatex)
 restricted \write18 enabled.
entering extended mode
LaTeX2e <2020-02-02> patch level 5
L3 programming layer <2020-04-06>
(./Rd2.tex
(/usr/share/texlive/texmf-dist/tex/latex/base/book.cls
Document Class: book 2019/12/20 v1.4l Standard LaTeX document class
(/usr/share/texlive/texmf-dist/tex/latex/base/bk10.clo))
(/var/scratch2/tomas/cran/rlibro/build/share/texmf/tex/latex/Rd.sty
(/usr/share/texlive/texmf-dist/tex/latex/base/ifthen.sty)
(/usr/share/texlive/texmf-dist/tex/latex/tools/longtable.sty)
(/usr/share/texlive/texmf-dist/tex/latex/tools/bm.sty)
(/usr/share/texlive/texmf-dist/tex/latex/base/alltt.sty)
(/usr/share/texlive/texmf-dist/tex/latex/tools/verbatim.sty)
(/usr/share/texlive/texmf-dist/tex/latex/url/url.sty)
(/usr/share/texlive/texmf-dist/tex/latex/base/textcomp.sty)
(/usr/share/texlive/texmf-dist/tex/latex/base/fontenc.sty)
(/usr/share/texlive/texmf-dist/tex/latex/psnfss/times.sty)
(/usr/share/texlive/texmf-dist/tex/latex/inconsolata/zi4.sty
`inconsolata-zi4' v1.12, 2019/05/17 Text macros for Inconsolata (msharpe)
(/usr/share/texlive/texmf-dist/tex/latex/xkeyval/xkeyval.sty
(/usr/share/texlive/texmf-dist/tex/generic/xkeyval/xkeyval.tex
(/usr/share/texlive/texmf-dist/tex/generic/xkeyval/xkvutils.tex
(/usr/share/texlive/texmf-dist/tex/generic/xkeyval/keyval.tex)))))
(/usr/share/texlive/texmf-dist/tex/latex/graphics/color.sty
(/usr/share/texlive/texmf-dist/tex/latex/graphics-cfg/color.cfg)
(/usr/share/texlive/texmf-dist/tex/latex/graphics-def/pdftex.def))
(/usr/share/texlive/texmf-dist/tex/latex/hyperref/hyperref.sty
(/usr/share/texlive/texmf-dist/tex/generic/ltxcmds/ltxcmds.sty)
(/usr/share/texlive/texmf-dist/tex/generic/iftex/iftex.sty)
(/usr/share/texlive/texmf-dist/tex/latex/pdftexcmds/pdftexcmds.sty
(/usr/share/texlive/texmf-dist/tex/generic/infwarerr/infwarerr.sty))
(/usr/share/texlive/texmf-dist/tex/generic/kvsetkeys/kvsetkeys.sty)
(/usr/share/texlive/texmf-dist/tex/generic/kvdefinekeys/kvdefinekeys.sty)
(/usr/share/texlive/texmf-dist/tex/generic/pdfescape/pdfescape.sty)
(/usr/share/texlive/texmf-dist/tex/latex/hycolor/hycolor.sty)
(/usr/share/texlive/texmf-dist/tex/latex/letltxmacro/letltxmacro.sty)
(/usr/share/texlive/texmf-dist/tex/latex/auxhook/auxhook.sty)
(/usr/share/texlive/texmf-dist/tex/latex/kvoptions/kvoptions.sty)
(/usr/share/texlive/texmf-dist/tex/latex/hyperref/pd1enc.def)
(/usr/share/texlive/texmf-dist/tex/generic/intcalc/intcalc.sty)
(/usr/share/texlive/texmf-dist/tex/generic/etexcmds/etexcmds.sty)
(/usr/share/texlive/texmf-dist/tex/generic/bitset/bitset.sty
(/usr/share/texlive/texmf-dist/tex/generic/bigintcalc/bigintcalc.sty))
(/usr/share/texlive/texmf-dist/tex/generic/atbegshi/atbegshi.sty))
(/usr/share/texlive/texmf-dist/tex/latex/hyperref/hpdftex.def
(/usr/share/texlive/texmf-dist/tex/latex/atveryend/atveryend.sty)
(/usr/share/texlive/texmf-dist/tex/latex/rerunfilecheck/rerunfilecheck.sty
(/usr/share/texlive/texmf-dist/tex/generic/uniquecounter/uniquecounter.sty)))

Package hyperref Warning: Option `hyperindex' has already been used,
(hyperref)                setting the option has no effect on input line 395.


Package hyperref Warning: Option `pagebackref' has already been used,
(hyperref)                setting the option has no effect on input line 395.

) (/usr/share/texlive/texmf-dist/tex/latex/base/makeidx.sty)
(/usr/share/texlive/texmf-dist/tex/latex/base/inputenc.sty)
Writing index file Rd2.idx
(/usr/share/texlive/texmf-dist/tex/latex/l3backend/l3backend-pdfmode.def)
(/var/scratch2/tomas/tmp/RtmpZG4o0w/Rd2pdf12befb17d8d54/Rd2.aux)
(/usr/share/texlive/texmf-dist/tex/latex/psnfss/t1ptm.fd)
(/usr/share/texlive/texmf-dist/tex/context/base/mkii/supp-pdf.mkii
[Loading MPS to PDF converter (version 2006.09.02).]
) (/usr/share/texlive/texmf-dist/tex/latex/hyperref/nameref.sty
(/usr/share/texlive/texmf-dist/tex/latex/refcount/refcount.sty)
(/usr/share/texlive/texmf-dist/tex/generic/gettitlestring/gettitlestring.sty))
(/var/scratch2/tomas/tmp/RtmpZG4o0w/Rd2pdf12befb17d8d54/Rd2.out)
(/var/scratch2/tomas/tmp/RtmpZG4o0w/Rd2pdf12befb17d8d54/Rd2.out)
(/usr/share/texlive/texmf-dist/tex/latex/inconsolata/t1zi4.fd)
(/usr/share/texlive/texmf-dist/tex/latex/psnfss/t1phv.fd)
(/var/scratch2/tomas/tmp/RtmpZG4o0w/Rd2pdf12befb17d8d54/Rd2.toc [1{/usr/share/t
exlive/texmf-dist/fonts/map/pdftex/updmap/pdftex.map}]) [2]
Overfull \hbox (4.1983pt too wide) in paragraph at lines 95--96
[]\T1/ptm/m/n/10 Create fil-ter ta-ble from the []\T1/zi4/m/n/10 filters []\T1/
ptm/m/n/10 and []\T1/zi4/m/n/10 date_filter []\T1/ptm/m/n/10 strings pa-ram-e-t
ers of the [][][]\T1/zi4/m/n/10 get_eurostat_data[][][]

Overfull \hbox (1.66946pt too wide) in paragraph at lines 129--133
[]\T1/ptm/m/n/10 further ar-gu-ments to the for [][][]\T1/zi4/m/n/10 search_eur
ostat_dsd[][][] []\T1/ptm/m/n/10 func-tion, e.g.: []\T1/zi4/m/n/10 ignore.case
[3]
Overfull \hbox (41.73924pt too wide) in alignment at lines 149--149
 [] [] 

Overfull \hbox (370.39691pt too wide) in alignment at lines 157--157
 [] [] 

Overfull \hbox (9.78088pt too wide) in paragraph at lines 168--168
 []\T1/zi4/m/n/9 create_filter_table(c("KYIV","hu","Quarterly"),dsd=dsd,exact_m
atch=FALSE,ignore.case=TRUE)[] 
[4] [5]
Overfull \hbox (41.28088pt too wide) in paragraph at lines 272--272
 []\T1/zi4/m/n/9 dsd_url<-"https://ec.europa.eu/eurostat/SDMX/diss-web/rest/dat
astructure/ESTAT/DSD_nama_10_a10_e"[] 
(/usr/share/texlive/texmf-dist/tex/latex/inconsolata/ts1zi4.fd) [6]
Overfull \hbox (82.56918pt too wide) in alignment at lines 356--356
 [] [] 

Overfull \hbox (138.86952pt too wide) in alignment at lines 363--363
 [] [] 

Underfull \vbox (badness 10000) has occurred while \output is active [7]
Overfull \hbox (5.28088pt too wide) in paragraph at lines 420--420
 []\T1/zi4/m/n/9 url_end<-"estat-navtree-portlet-prod/BulkDownloadListing?file=
data/agr_r_milkpr.sdmx.zip"[] 
[8]
Overfull \hbox (4.8996pt too wide) in paragraph at lines 480--484
\T1/ptm/m/n/10 De-fault is []\T1/zi4/m/n/10 FALSE[]\T1/ptm/m/n/10 . For flag va
l-ues see: [][]$\T1/zi4/m/n/10 https : / / ec . europa . eu / eurostat / data /

[9]
Overfull \hbox (145.67902pt too wide) in alignment at lines 528--528
 [] [] 
[10]
Overfull \hbox (9.78088pt too wide) in paragraph at lines 546--546
 []\T1/zi4/m/n/9 dt<-get_eurostat_bulk("agr_r_milkpr",cache_dir=tempdir(),compr
ess_file=FALSE,verbose=TRUE)[] 
[11] [12] [13]
Overfull \hbox (1.66946pt too wide) in paragraph at lines 700--704
[]\T1/ptm/m/n/10 further ar-gu-ments to the for [][][]\T1/zi4/m/n/10 search_eur
ostat_dsd[][][] []\T1/ptm/m/n/10 func-tion, e.g.: []\T1/zi4/m/n/10 ignore.case

Overfull \hbox (251.1069pt too wide) in alignment at lines 746--746
 [] [] 
[14] [15] [16] [17]
Overfull \hbox (388.9163pt too wide) in alignment at lines 978--978
 [] [] 
[18]
Overfull \hbox (50.28088pt too wide) in paragraph at lines 996--996
 []\T1/zi4/m/n/9 dt<-get_eurostat_raw("avia_par_me",mode="txt",cache_dir=tempdi
r(),compress_file=FALSE,verbose=TRUE)[] 
[19]
Overfull \hbox (396.20665pt too wide) in alignment at lines 1067--1067
 [] [] 

Underfull \vbox (badness 10000) has occurred while \output is active [20]
Overfull \hbox (50.36096pt too wide) in paragraph at lines 1075--1076
[][][]\T1/zi4/m/n/10 search_eurostat_toc[][][][]\T1/ptm/m/n/10 , [][][]\T1/zi4/
m/n/10 get_eurostat_dsd[][][][]\T1/ptm/m/n/10 , [][][]\T1/zi4/m/n/10 get_eurost
at_raw[][][][]\T1/ptm/m/n/10 , [][][]\T1/zi4/m/n/10 get_eurostat_bulk[][][][]\T
1/ptm/m/n/10 , [][][]\T1/zi4/m/n/10 get_eurostat_data[][][][]\T1/ptm/m/n/10 . 

Overfull \hbox (8.3191pt too wide) in paragraph at lines 1118--1123
\T1/ptm/m/n/10 put-ing. If the pa-ram-e-ter []\T1/zi4/m/n/10 FALSE[]\T1/ptm/m/n
/10 , then the de-fault value of []\T1/zi4/m/n/10 getOption("mc.cores")

Overfull \hbox (2.08945pt too wide) in paragraph at lines 1124--1125
\T1/ptm/m/n/10 The de-fault is []\T1/zi4/m/n/10 FALSE[]\T1/ptm/m/n/10 . Can be 
set also with []\T1/zi4/m/n/10 options(restatapi_verbose=TRUE) 
[21] (/usr/share/texlive/texmf-dist/tex/latex/psnfss/ts1ptm.fd)
Overfull \hbox (27.39911pt too wide) in paragraph at lines 1146--1148
\T1/ptm/m/n/10 set 'auto'. The down-load method can be changed any time with []
\T1/zi4/m/n/10 options(restatapi_dmethod=...) 
[22]
Overfull \hbox (47.05844pt too wide) in paragraph at lines 1191--1192
\T1/ptm/m/n/10 ex-ist-ing value in the cache is over-writ-ten. Can be set also 
with []\T1/zi4/m/n/10 options(restatapi_update

Overfull \hbox (12.9896pt too wide) in paragraph at lines 1193--1194
[]\T1/zi4/m/n/10 tempdir()[]\T1/ptm/m/n/10 . Di-rec-tory can also be set with [
]\T1/zi4/m/n/10 options(restatapi_cache_dir=...)[]\T1/ptm/m/n/10 . 

Overfull \hbox (0.96844pt too wide) in paragraph at lines 1223--1226
\T1/ptm/m/n/10 rows where the pat-tern ap-pears in the code and name col-umn of
 the out-put of the [][][]\T1/zi4/m/n/10 get_eurostat_dsd[][][]
[23]
Overfull \hbox (86.4195pt too wide) in alignment at lines 1262--1262
 [] [] 
[24]
Overfull \hbox (3.69847pt too wide) in paragraph at lines 1304--1306
[]\T1/ptm/m/n/10 other ad-di-tional pa-ram-e-ters to pass to the []\T1/zi4/m/n/
10 grepl []\T1/ptm/m/n/10 func-tion like []\T1/zi4/m/n/10 ignore.case=TRUE

Overfull \hbox (236.11804pt too wide) in alignment at lines 1334--1334
 [] [] 

Overfull \hbox (2.55945pt too wide) in paragraph at lines 1335--1337
[]\T1/ptm/m/n/10 The value in the []\T1/zi4/m/n/10 code []\T1/ptm/m/n/10 col-um
n can be used as an id in the [][][]\T1/zi4/m/n/10 get_eurostat_data[][][][]\T1
/ptm/m/n/10 , [][][]\T1/zi4/m/n/10 get_eurostat_bulk[][][][]\T1/ptm/m/n/10 ,
[25] (/var/scratch2/tomas/tmp/RtmpZG4o0w/Rd2pdf12befb17d8d54/Rd2.ind [26]
[27]) (/var/scratch2/tomas/tmp/RtmpZG4o0w/Rd2pdf12befb17d8d54/Rd2.aux)

Package rerunfilecheck Warning: File `Rd2.out' has changed.
(rerunfilecheck)                Rerun to get outlines right
(rerunfilecheck)                or use package `bookmark'.

 )
(see the transcript file for additional information){/usr/share/texlive/texmf-d
ist/fonts/enc/dvips/inconsolata/i4-ts1.enc}{/usr/share/texlive/texmf-dist/fonts
/enc/dvips/base/8r.enc}{/usr/share/texlive/texmf-dist/fonts/enc/dvips/inconsola
ta/i4-t1-0.enc}</usr/share/texlive/texmf-dist/fonts/type1/public/inconsolata/In
consolata-zi4r.pfb></usr/share/texlive/texmf-dist/fonts/type1/public/amsfonts/c
m/cmsy10.pfb></usr/share/texlive/texmf-dist/fonts/type1/urw/helvetic/uhvr8a.pfb
></usr/share/texlive/texmf-dist/fonts/type1/urw/times/utmb8a.pfb></usr/share/te
xlive/texmf-dist/fonts/type1/urw/times/utmr8a.pfb></usr/share/texlive/texmf-dis
t/fonts/type1/urw/times/utmr8a.pfb></usr/share/texlive/texmf-dist/fonts/type1/u
rw/times/utmri8a.pfb>
Output written on Rd2.pdf (27 pages, 157632 bytes).
Transcript written on Rd2.log.
This is makeindex, version 2.15 [TeX Live 2020] (kpathsea + Thai support).
Scanning input file Rd2.idx....done (96 entries accepted, 0 rejected).
Sorting entries....done (665 comparisons).
Generating output file Rd2.ind....done (84 lines written, 1 warning).
Output written in Rd2.ind.
Transcript written in Rd2.ilg.
This is pdfTeX, Version 3.14159265-2.6-1.40.21 (TeX Live 2020) (preloaded format=pdflatex)
 restricted \write18 enabled.
entering extended mode
LaTeX2e <2020-02-02> patch level 5
L3 programming layer <2020-04-06>
(./Rd2.tex
(/usr/share/texlive/texmf-dist/tex/latex/base/book.cls
Document Class: book 2019/12/20 v1.4l Standard LaTeX document class
(/usr/share/texlive/texmf-dist/tex/latex/base/bk10.clo))
(/var/scratch2/tomas/cran/rlibro/build/share/texmf/tex/latex/Rd.sty
(/usr/share/texlive/texmf-dist/tex/latex/base/ifthen.sty)
(/usr/share/texlive/texmf-dist/tex/latex/tools/longtable.sty)
(/usr/share/texlive/texmf-dist/tex/latex/tools/bm.sty)
(/usr/share/texlive/texmf-dist/tex/latex/base/alltt.sty)
(/usr/share/texlive/texmf-dist/tex/latex/tools/verbatim.sty)
(/usr/share/texlive/texmf-dist/tex/latex/url/url.sty)
(/usr/share/texlive/texmf-dist/tex/latex/base/textcomp.sty)
(/usr/share/texlive/texmf-dist/tex/latex/base/fontenc.sty)
(/usr/share/texlive/texmf-dist/tex/latex/psnfss/times.sty)
(/usr/share/texlive/texmf-dist/tex/latex/inconsolata/zi4.sty
`inconsolata-zi4' v1.12, 2019/05/17 Text macros for Inconsolata (msharpe)
(/usr/share/texlive/texmf-dist/tex/latex/xkeyval/xkeyval.sty
(/usr/share/texlive/texmf-dist/tex/generic/xkeyval/xkeyval.tex
(/usr/share/texlive/texmf-dist/tex/generic/xkeyval/xkvutils.tex
(/usr/share/texlive/texmf-dist/tex/generic/xkeyval/keyval.tex)))))
(/usr/share/texlive/texmf-dist/tex/latex/graphics/color.sty
(/usr/share/texlive/texmf-dist/tex/latex/graphics-cfg/color.cfg)
(/usr/share/texlive/texmf-dist/tex/latex/graphics-def/pdftex.def))
(/usr/share/texlive/texmf-dist/tex/latex/hyperref/hyperref.sty
(/usr/share/texlive/texmf-dist/tex/generic/ltxcmds/ltxcmds.sty)
(/usr/share/texlive/texmf-dist/tex/generic/iftex/iftex.sty)
(/usr/share/texlive/texmf-dist/tex/latex/pdftexcmds/pdftexcmds.sty
(/usr/share/texlive/texmf-dist/tex/generic/infwarerr/infwarerr.sty))
(/usr/share/texlive/texmf-dist/tex/generic/kvsetkeys/kvsetkeys.sty)
(/usr/share/texlive/texmf-dist/tex/generic/kvdefinekeys/kvdefinekeys.sty)
(/usr/share/texlive/texmf-dist/tex/generic/pdfescape/pdfescape.sty)
(/usr/share/texlive/texmf-dist/tex/latex/hycolor/hycolor.sty)
(/usr/share/texlive/texmf-dist/tex/latex/letltxmacro/letltxmacro.sty)
(/usr/share/texlive/texmf-dist/tex/latex/auxhook/auxhook.sty)
(/usr/share/texlive/texmf-dist/tex/latex/kvoptions/kvoptions.sty)
(/usr/share/texlive/texmf-dist/tex/latex/hyperref/pd1enc.def)
(/usr/share/texlive/texmf-dist/tex/generic/intcalc/intcalc.sty)
(/usr/share/texlive/texmf-dist/tex/generic/etexcmds/etexcmds.sty)
(/usr/share/texlive/texmf-dist/tex/generic/bitset/bitset.sty
(/usr/share/texlive/texmf-dist/tex/generic/bigintcalc/bigintcalc.sty))
(/usr/share/texlive/texmf-dist/tex/generic/atbegshi/atbegshi.sty))
(/usr/share/texlive/texmf-dist/tex/latex/hyperref/hpdftex.def
(/usr/share/texlive/texmf-dist/tex/latex/atveryend/atveryend.sty)
(/usr/share/texlive/texmf-dist/tex/latex/rerunfilecheck/rerunfilecheck.sty
(/usr/share/texlive/texmf-dist/tex/generic/uniquecounter/uniquecounter.sty)))

Package hyperref Warning: Option `hyperindex' has already been used,
(hyperref)                setting the option has no effect on input line 395.


Package hyperref Warning: Option `pagebackref' has already been used,
(hyperref)                setting the option has no effect on input line 395.

) (/usr/share/texlive/texmf-dist/tex/latex/base/makeidx.sty)
(/usr/share/texlive/texmf-dist/tex/latex/base/inputenc.sty)
Writing index file Rd2.idx
(/usr/share/texlive/texmf-dist/tex/latex/l3backend/l3backend-pdfmode.def)
(/var/scratch2/tomas/tmp/RtmpZG4o0w/Rd2pdf12befb17d8d54/Rd2.aux)
(/usr/share/texlive/texmf-dist/tex/latex/psnfss/t1ptm.fd)
(/usr/share/texlive/texmf-dist/tex/context/base/mkii/supp-pdf.mkii
[Loading MPS to PDF converter (version 2006.09.02).]
) (/usr/share/texlive/texmf-dist/tex/latex/hyperref/nameref.sty
(/usr/share/texlive/texmf-dist/tex/latex/refcount/refcount.sty)
(/usr/share/texlive/texmf-dist/tex/generic/gettitlestring/gettitlestring.sty))
(/var/scratch2/tomas/tmp/RtmpZG4o0w/Rd2pdf12befb17d8d54/Rd2.out)
(/var/scratch2/tomas/tmp/RtmpZG4o0w/Rd2pdf12befb17d8d54/Rd2.out)
(/usr/share/texlive/texmf-dist/tex/latex/inconsolata/t1zi4.fd)
(/usr/share/texlive/texmf-dist/tex/latex/psnfss/t1phv.fd)
(/var/scratch2/tomas/tmp/RtmpZG4o0w/Rd2pdf12befb17d8d54/Rd2.toc [1{/usr/share/t
exlive/texmf-dist/fonts/map/pdftex/updmap/pdftex.map}]) [2]
Overfull \hbox (4.1983pt too wide) in paragraph at lines 95--96
[]\T1/ptm/m/n/10 Create fil-ter ta-ble from the []\T1/zi4/m/n/10 filters []\T1/
ptm/m/n/10 and []\T1/zi4/m/n/10 date_filter []\T1/ptm/m/n/10 strings pa-ram-e-t
ers of the [][][]\T1/zi4/m/n/10 get_eurostat_data[][][]

Overfull \hbox (1.66946pt too wide) in paragraph at lines 129--133
[]\T1/ptm/m/n/10 further ar-gu-ments to the for [][][]\T1/zi4/m/n/10 search_eur
ostat_dsd[][][] []\T1/ptm/m/n/10 func-tion, e.g.: []\T1/zi4/m/n/10 ignore.case
[3]
Overfull \hbox (41.73924pt too wide) in alignment at lines 149--149
 [] [] 

Overfull \hbox (370.39691pt too wide) in alignment at lines 157--157
 [] [] 

Overfull \hbox (9.78088pt too wide) in paragraph at lines 168--168
 []\T1/zi4/m/n/9 create_filter_table(c("KYIV","hu","Quarterly"),dsd=dsd,exact_m
atch=FALSE,ignore.case=TRUE)[] 
[4] [5]
Overfull \hbox (41.28088pt too wide) in paragraph at lines 272--272
 []\T1/zi4/m/n/9 dsd_url<-"https://ec.europa.eu/eurostat/SDMX/diss-web/rest/dat
astructure/ESTAT/DSD_nama_10_a10_e"[] 
(/usr/share/texlive/texmf-dist/tex/latex/inconsolata/ts1zi4.fd) [6]
Overfull \hbox (82.56918pt too wide) in alignment at lines 356--356
 [] [] 

Overfull \hbox (138.86952pt too wide) in alignment at lines 363--363
 [] [] 

Underfull \vbox (badness 10000) has occurred while \output is active [7]
Overfull \hbox (5.28088pt too wide) in paragraph at lines 420--420
 []\T1/zi4/m/n/9 url_end<-"estat-navtree-portlet-prod/BulkDownloadListing?file=
data/agr_r_milkpr.sdmx.zip"[] 
[8]
Overfull \hbox (4.8996pt too wide) in paragraph at lines 480--484
\T1/ptm/m/n/10 De-fault is []\T1/zi4/m/n/10 FALSE[]\T1/ptm/m/n/10 . For flag va
l-ues see: [][]$\T1/zi4/m/n/10 https : / / ec . europa . eu / eurostat / data /

[9]
Overfull \hbox (145.67902pt too wide) in alignment at lines 528--528
 [] [] 
[10]
Overfull \hbox (9.78088pt too wide) in paragraph at lines 546--546
 []\T1/zi4/m/n/9 dt<-get_eurostat_bulk("agr_r_milkpr",cache_dir=tempdir(),compr
ess_file=FALSE,verbose=TRUE)[] 
[11] [12] [13]
Overfull \hbox (1.66946pt too wide) in paragraph at lines 700--704
[]\T1/ptm/m/n/10 further ar-gu-ments to the for [][][]\T1/zi4/m/n/10 search_eur
ostat_dsd[][][] []\T1/ptm/m/n/10 func-tion, e.g.: []\T1/zi4/m/n/10 ignore.case

Overfull \hbox (251.1069pt too wide) in alignment at lines 746--746
 [] [] 
[14] [15] [16] [17]
Overfull \hbox (388.9163pt too wide) in alignment at lines 978--978
 [] [] 
[18]
Overfull \hbox (50.28088pt too wide) in paragraph at lines 996--996
 []\T1/zi4/m/n/9 dt<-get_eurostat_raw("avia_par_me",mode="txt",cache_dir=tempdi
r(),compress_file=FALSE,verbose=TRUE)[] 
[19]
Overfull \hbox (396.20665pt too wide) in alignment at lines 1067--1067
 [] [] 

Underfull \vbox (badness 10000) has occurred while \output is active [20]
Overfull \hbox (50.36096pt too wide) in paragraph at lines 1075--1076
[][][]\T1/zi4/m/n/10 search_eurostat_toc[][][][]\T1/ptm/m/n/10 , [][][]\T1/zi4/
m/n/10 get_eurostat_dsd[][][][]\T1/ptm/m/n/10 , [][][]\T1/zi4/m/n/10 get_eurost
at_raw[][][][]\T1/ptm/m/n/10 , [][][]\T1/zi4/m/n/10 get_eurostat_bulk[][][][]\T
1/ptm/m/n/10 , [][][]\T1/zi4/m/n/10 get_eurostat_data[][][][]\T1/ptm/m/n/10 . 

Overfull \hbox (8.3191pt too wide) in paragraph at lines 1118--1123
\T1/ptm/m/n/10 put-ing. If the pa-ram-e-ter []\T1/zi4/m/n/10 FALSE[]\T1/ptm/m/n
/10 , then the de-fault value of []\T1/zi4/m/n/10 getOption("mc.cores")

Overfull \hbox (2.08945pt too wide) in paragraph at lines 1124--1125
\T1/ptm/m/n/10 The de-fault is []\T1/zi4/m/n/10 FALSE[]\T1/ptm/m/n/10 . Can be 
set also with []\T1/zi4/m/n/10 options(restatapi_verbose=TRUE) 
[21] (/usr/share/texlive/texmf-dist/tex/latex/psnfss/ts1ptm.fd)
Overfull \hbox (27.39911pt too wide) in paragraph at lines 1146--1148
\T1/ptm/m/n/10 set 'auto'. The down-load method can be changed any time with []
\T1/zi4/m/n/10 options(restatapi_dmethod=...) 
[22]
Overfull \hbox (47.05844pt too wide) in paragraph at lines 1191--1192
\T1/ptm/m/n/10 ex-ist-ing value in the cache is over-writ-ten. Can be set also 
with []\T1/zi4/m/n/10 options(restatapi_update

Overfull \hbox (12.9896pt too wide) in paragraph at lines 1193--1194
[]\T1/zi4/m/n/10 tempdir()[]\T1/ptm/m/n/10 . Di-rec-tory can also be set with [
]\T1/zi4/m/n/10 options(restatapi_cache_dir=...)[]\T1/ptm/m/n/10 . 

Overfull \hbox (0.96844pt too wide) in paragraph at lines 1223--1226
\T1/ptm/m/n/10 rows where the pat-tern ap-pears in the code and name col-umn of
 the out-put of the [][][]\T1/zi4/m/n/10 get_eurostat_dsd[][][]
[23]
Overfull \hbox (86.4195pt too wide) in alignment at lines 1262--1262
 [] [] 
[24]
Overfull \hbox (3.69847pt too wide) in paragraph at lines 1304--1306
[]\T1/ptm/m/n/10 other ad-di-tional pa-ram-e-ters to pass to the []\T1/zi4/m/n/
10 grepl []\T1/ptm/m/n/10 func-tion like []\T1/zi4/m/n/10 ignore.case=TRUE

Overfull \hbox (236.11804pt too wide) in alignment at lines 1334--1334
 [] [] 

Overfull \hbox (2.55945pt too wide) in paragraph at lines 1335--1337
[]\T1/ptm/m/n/10 The value in the []\T1/zi4/m/n/10 code []\T1/ptm/m/n/10 col-um
n can be used as an id in the [][][]\T1/zi4/m/n/10 get_eurostat_data[][][][]\T1
/ptm/m/n/10 , [][][]\T1/zi4/m/n/10 get_eurostat_bulk[][][][]\T1/ptm/m/n/10 ,
[25] (/var/scratch2/tomas/tmp/RtmpZG4o0w/Rd2pdf12befb17d8d54/Rd2.ind [26]
[27]) (/var/scratch2/tomas/tmp/RtmpZG4o0w/Rd2pdf12befb17d8d54/Rd2.aux) )
(see the transcript file for additional information){/usr/share/texlive/texmf-d
ist/fonts/enc/dvips/inconsolata/i4-ts1.enc}{/usr/share/texlive/texmf-dist/fonts
/enc/dvips/base/8r.enc}{/usr/share/texlive/texmf-dist/fonts/enc/dvips/inconsola
ta/i4-t1-0.enc}</usr/share/texlive/texmf-dist/fonts/type1/public/inconsolata/In
consolata-zi4r.pfb></usr/share/texlive/texmf-dist/fonts/type1/public/amsfonts/c
m/cmsy10.pfb></usr/share/texlive/texmf-dist/fonts/type1/urw/helvetic/uhvr8a.pfb
></usr/share/texlive/texmf-dist/fonts/type1/urw/times/utmb8a.pfb></usr/share/te
xlive/texmf-dist/fonts/type1/urw/times/utmr8a.pfb></usr/share/texlive/texmf-dis
t/fonts/type1/urw/times/utmr8a.pfb></usr/share/texlive/texmf-dist/fonts/type1/u
rw/times/utmri8a.pfb>
Output written on Rd2.pdf (27 pages, 157914 bytes).
Transcript written on Rd2.log.
Saving output to ‘restatapi-manual.pdf’ ...
Done
You may want to clean up by 'rm -Rf /var/scratch2/tomas/tmp/RtmpZG4o0w/Rd2pdf12befb17d8d54'
