* using log directory ‘/home/tomas/cran/rlibro/check/tawny.types.Rcheck’
* using R Under development (unstable) (2018-01-24 r74156)
* using platform: x86_64-pc-linux-gnu (64-bit)
* using session charset: UTF-8
* checking for file ‘tawny.types/DESCRIPTION’ ... OK
* checking extension type ... Package
* this is package ‘tawny.types’ version ‘1.1.3’
* checking package namespace information ... OK
* checking package dependencies ... OK
* checking if this is a source package ... OK
* checking if there is a namespace ... OK
* checking for executable files ... OK
* checking for hidden files and directories ... OK
* checking for portable file names ... OK
* checking for sufficient/correct file permissions ... OK
* checking whether package ‘tawny.types’ can be installed ... OK
* checking package directory ... OK
* checking DESCRIPTION meta-information ... NOTE
Malformed Description field: should contain one or more complete sentences.
* checking top-level files ... OK
* checking for left-over files ... OK
* checking index information ... OK
* checking package subdirectories ... OK
* checking R files for non-ASCII characters ... OK
* checking R files for syntax errors ... OK
* checking whether the package can be loaded ... OK
* checking whether the package can be loaded with stated dependencies ... OK
* checking whether the package can be unloaded cleanly ... OK
* checking whether the namespace can be loaded with stated dependencies ... OK
* checking whether the namespace can be unloaded cleanly ... OK
* checking loading without being on the library search path ... OK
* checking dependencies in R code ... OK
* checking S3 generic/method consistency ... OK
* checking replacement functions ... OK
* checking foreign function calls ... OK
* checking R code for possible problems ... NOTE
end.TawnyPortfolio: no visible global function definition for ‘end’
start.TawnyPortfolio: no visible global function definition for ‘start’
Undefined global functions or variables:
  end start
Consider adding
  importFrom("stats", "end", "start")
to your NAMESPACE file.
* checking Rd files ... OK
* checking Rd metadata ... OK
* checking Rd cross-references ... OK
* checking for missing documentation entries ... OK
* checking for code/documentation mismatches ... OK
* checking Rd \usage sections ... OK
* checking Rd contents ... OK
* checking for unstated dependencies in examples ... OK
* checking examples ... OK
* checking for unstated dependencies in ‘tests’ ... OK
* checking tests ... ERROR
  Running ‘doRUnit.R’
Running the tests in ‘tests/doRUnit.R’ failed.
Last 13 lines of output:
  *********************************************** 
  Number of test functions: 4 
  Number of errors: 0 
  Number of failures: 0 
  
   
  1 Test Suite : 
  tawny.types unit testing - 4 test functions, 0 errors, 0 failures
  Error in file(file, ifelse(append, "a", "w")) : 
    cannot open the connection
  Calls: printTextProtocol -> cat -> file
  In addition: Warning message:
  In file(file, ifelse(append, "a", "w")) :
    cannot open file '/homero/tomas/cran/rlibro/lib/tawny.types/unitTests/reportSummary.txt': Read-only file system
  Execution halted
* checking PDF version of manual ... OK
* DONE
Status: 1 ERROR, 2 NOTEs
