* using log directory ‘/var/scratch2/tomas/cran/rlibro/check/RstoxData.Rcheck’
* using R Under development (unstable) (2020-11-18 r79444)
* using platform: x86_64-pc-linux-gnu (64-bit)
* using session charset: UTF-8
* checking for file ‘RstoxData/DESCRIPTION’ ... OK
* this is package ‘RstoxData’ version ‘1.0.16’
* package encoding: UTF-8
* checking package namespace information ... OK
* checking package dependencies ... OK
* checking if this is a source package ... OK
* checking if there is a namespace ... OK
* checking for executable files ... OK
* checking for hidden files and directories ... OK
* checking for portable file names ... OK
* checking for sufficient/correct file permissions ... OK
* checking whether package ‘RstoxData’ can be installed ... OK
* checking package directory ... OK
* checking DESCRIPTION meta-information ... OK
* checking top-level files ... OK
* checking for left-over files ... OK
* checking index information ... OK
* checking package subdirectories ... OK
* checking R files for non-ASCII characters ... OK
* checking R files for syntax errors ... OK
* checking whether the package can be loaded ... OK
* checking whether the package can be loaded with stated dependencies ... OK
* checking whether the package can be unloaded cleanly ... OK
* checking whether the namespace can be loaded with stated dependencies ... OK
* checking whether the namespace can be unloaded cleanly ... OK
* checking loading without being on the library search path ... OK
* checking dependencies in R code ... OK
* checking S3 generic/method consistency ... OK
* checking replacement functions ... OK
* checking foreign function calls ... OK
* checking R code for possible problems ... OK
* checking Rd files ... OK
* checking Rd metadata ... OK
* checking Rd cross-references ... OK
* checking for missing documentation entries ... OK
* checking for code/documentation mismatches ... OK
* checking Rd \usage sections ... OK
* checking Rd contents ... OK
* checking for unstated dependencies in examples ... OK
* checking contents of ‘data’ directory ... OK
* checking data for non-ASCII characters ... NOTE
  Note: found 117 marked UTF-8 strings
* checking data for ASCII and uncompressed saves ... OK
* checking line endings in C/C++/Fortran sources/headers ... OK
* checking compiled code ... NOTE
Note: information on .o files is not available
* checking examples ... OK
* checking for unstated dependencies in ‘tests’ ... OK
* checking tests ... ERROR
  Running ‘testthat.R’
Running the tests in ‘tests/testthat.R’ failed.
Last 13 lines of output:
  [4] "/var/scratch2ro/tomas/cran/rlibro/lib/RstoxData/testresources//ICES_Biotic_2.xml"  
  ══ testthat results  ═══════════════════════════════════════════════════════════
  Warning (test-StoxAcoustic.R:28:5): (code run outside of `test_that()`)
  Warning (test-StoxAcoustic.R:32:5): (code run outside of `test_that()`)
  Warning (test-StoxBiotic.R:10:1): (code run outside of `test_that()`)
  Warning (test-StoxBiotic.R:15:1): (code run outside of `test_that()`)
  Warning (test-StoxExport.R:27:1): (code run outside of `test_that()`)
  Warning (test-StoxExport.R:28:1): (code run outside of `test_that()`)
  Warning (test-readXmlFile.R:60:1): (code run outside of `test_that()`)
  FAILURE (test-readXmlFile.R:62:1): (code run outside of `test_that()`)
  FAILURE (test-readXmlFile.R:64:1): (code run outside of `test_that()`)
  
  [ FAIL 2 | WARN 7 | SKIP 0 | PASS 99 ]
  Error: Test failures
  Execution halted
* checking PDF version of manual ... OK
* DONE
Status: 1 ERROR, 2 NOTEs
