Hmm ... looks like a package

This is pdfTeX, Version 3.14159265-2.6-1.40.21 (TeX Live 2020) (preloaded format=pdflatex)
 restricted \write18 enabled.
entering extended mode
LaTeX2e <2020-02-02> patch level 5
L3 programming layer <2020-04-06>
(./Rd2.tex
(/usr/share/texlive/texmf-dist/tex/latex/base/book.cls
Document Class: book 2019/12/20 v1.4l Standard LaTeX document class
(/usr/share/texlive/texmf-dist/tex/latex/base/bk10.clo))
(/var/scratch2/tomas/cran/rcnst/build/share/texmf/tex/latex/Rd.sty
(/usr/share/texlive/texmf-dist/tex/latex/base/ifthen.sty)
(/usr/share/texlive/texmf-dist/tex/latex/tools/longtable.sty)
(/usr/share/texlive/texmf-dist/tex/latex/tools/bm.sty)
(/usr/share/texlive/texmf-dist/tex/latex/base/alltt.sty)
(/usr/share/texlive/texmf-dist/tex/latex/tools/verbatim.sty)
(/usr/share/texlive/texmf-dist/tex/latex/url/url.sty)
(/usr/share/texlive/texmf-dist/tex/latex/base/textcomp.sty)
(/usr/share/texlive/texmf-dist/tex/latex/base/fontenc.sty)
(/usr/share/texlive/texmf-dist/tex/latex/psnfss/times.sty)
(/usr/share/texlive/texmf-dist/tex/latex/inconsolata/zi4.sty
`inconsolata-zi4' v1.12, 2019/05/17 Text macros for Inconsolata (msharpe)
(/usr/share/texlive/texmf-dist/tex/latex/xkeyval/xkeyval.sty
(/usr/share/texlive/texmf-dist/tex/generic/xkeyval/xkeyval.tex
(/usr/share/texlive/texmf-dist/tex/generic/xkeyval/xkvutils.tex
(/usr/share/texlive/texmf-dist/tex/generic/xkeyval/keyval.tex)))))
(/usr/share/texlive/texmf-dist/tex/latex/graphics/color.sty
(/usr/share/texlive/texmf-dist/tex/latex/graphics-cfg/color.cfg)
(/usr/share/texlive/texmf-dist/tex/latex/graphics-def/pdftex.def))
(/usr/share/texlive/texmf-dist/tex/latex/hyperref/hyperref.sty
(/usr/share/texlive/texmf-dist/tex/generic/ltxcmds/ltxcmds.sty)
(/usr/share/texlive/texmf-dist/tex/generic/iftex/iftex.sty)
(/usr/share/texlive/texmf-dist/tex/latex/pdftexcmds/pdftexcmds.sty
(/usr/share/texlive/texmf-dist/tex/generic/infwarerr/infwarerr.sty))
(/usr/share/texlive/texmf-dist/tex/generic/kvsetkeys/kvsetkeys.sty)
(/usr/share/texlive/texmf-dist/tex/generic/kvdefinekeys/kvdefinekeys.sty)
(/usr/share/texlive/texmf-dist/tex/generic/pdfescape/pdfescape.sty)
(/usr/share/texlive/texmf-dist/tex/latex/hycolor/hycolor.sty)
(/usr/share/texlive/texmf-dist/tex/latex/letltxmacro/letltxmacro.sty)
(/usr/share/texlive/texmf-dist/tex/latex/auxhook/auxhook.sty)
(/usr/share/texlive/texmf-dist/tex/latex/kvoptions/kvoptions.sty)
(/usr/share/texlive/texmf-dist/tex/latex/hyperref/pd1enc.def)
(/usr/share/texlive/texmf-dist/tex/generic/intcalc/intcalc.sty)
(/usr/share/texlive/texmf-dist/tex/generic/etexcmds/etexcmds.sty)
(/usr/share/texlive/texmf-dist/tex/generic/bitset/bitset.sty
(/usr/share/texlive/texmf-dist/tex/generic/bigintcalc/bigintcalc.sty))
(/usr/share/texlive/texmf-dist/tex/generic/atbegshi/atbegshi.sty))
(/usr/share/texlive/texmf-dist/tex/latex/hyperref/hpdftex.def
(/usr/share/texlive/texmf-dist/tex/latex/atveryend/atveryend.sty)
(/usr/share/texlive/texmf-dist/tex/latex/rerunfilecheck/rerunfilecheck.sty
(/usr/share/texlive/texmf-dist/tex/generic/uniquecounter/uniquecounter.sty)))

Package hyperref Warning: Option `hyperindex' has already been used,
(hyperref)                setting the option has no effect on input line 377.


Package hyperref Warning: Option `pagebackref' has already been used,
(hyperref)                setting the option has no effect on input line 377.

) (/usr/share/texlive/texmf-dist/tex/latex/base/makeidx.sty)
(/usr/share/texlive/texmf-dist/tex/latex/base/inputenc.sty)
Writing index file Rd2.idx
(/usr/share/texlive/texmf-dist/tex/latex/l3backend/l3backend-pdfmode.def)
No file Rd2.aux.
(/usr/share/texlive/texmf-dist/tex/latex/psnfss/t1ptm.fd)
(/usr/share/texlive/texmf-dist/tex/context/base/mkii/supp-pdf.mkii
[Loading MPS to PDF converter (version 2006.09.02).]
) (/usr/share/texlive/texmf-dist/tex/latex/hyperref/nameref.sty
(/usr/share/texlive/texmf-dist/tex/latex/refcount/refcount.sty)
(/usr/share/texlive/texmf-dist/tex/generic/gettitlestring/gettitlestring.sty))
(/usr/share/texlive/texmf-dist/tex/latex/inconsolata/t1zi4.fd)
(/usr/share/texlive/texmf-dist/tex/latex/psnfss/t1phv.fd) [1{/usr/share/texlive
/texmf-dist/fonts/map/pdftex/updmap/pdftex.map}]
(/usr/share/texlive/texmf-dist/tex/latex/psnfss/ts1ptm.fd)
Overfull \hbox (3.3266pt too wide) in paragraph at lines 85--87
[]\T1/ptm/m/n/10 A list of func-tions/lambdas, e.g. list(mean = mean, n_miss = 
~ sum(is.na(.x)) 
[2]
Overfull \hbox (11.24715pt too wide) in paragraph at lines 152--152
 []  \T1/zi4/m/n/9 summarise(across(starts_with("Sepal"), list(mean = mean, sd 
= sd), .names = "{.col}.{.fn}"))[] 
(/usr/share/texlive/texmf-dist/tex/latex/inconsolata/ts1zi4.fd) [3] [4]
[5] [6] [7]
Overfull \hbox (36.74829pt too wide) in paragraph at lines 498--501
[]\T1/ptm/m/n/10 This is an ef-fi-cient im-ple-men-ta-tion of the com-mon pat-t
ern of \T1/zi4/m/n/10 do.call(rbind,dfs) \T1/ptm/m/n/10 or \T1/zi4/m/n/10 do.ca
ll(cbind,dfs)
[8]
Overfull \hbox (21.85065pt too wide) in paragraph at lines 537--540
[]\T1/ptm/m/n/10 One of \T1/zi4/m/n/10 "unique"\T1/ptm/m/n/10 , \T1/zi4/m/n/10 
"universal"\T1/ptm/m/n/10 , or \T1/zi4/m/n/10 "check_unique"\T1/ptm/m/n/10 . Se
e [][]\T1/zi4/m/n/10 vctrs::vec_as_names()[][][]
[9] (/usr/share/texlive/texmf-dist/tex/latex/base/t1cmtt.fd)
(/usr/share/texlive/texmf-dist/tex/latex/base/ts1cmtt.fd) [10]
Underfull \vbox (badness 10000) has occurred while \output is active [11]
Underfull \vbox (badness 10000) has occurred while \output is active [12]
[13] [14] [15] [16] [17] [18]
Overfull \hbox (18.57683pt too wide) in paragraph at lines 1209--1211
[]\T1/ptm/m/n/10 It uses tidy se-lect se-man-tics so you can eas-ily se-lect mu
l-ti-ple vari-ables. See \T1/zi4/m/n/10 vignette("rowwise")
[19] [20] [21]
Overfull \hbox (16.86766pt too wide) in paragraph at lines 1378--1381
[]\T1/ptm/m/n/10 These [][]scoped[][][] vari-ants of [][]\T1/zi4/m/n/10 distinc
t()[][][] \T1/ptm/m/n/10 ex-tract dis-tinct rows by a se-lec-tion of vari-ables
. Like \T1/zi4/m/n/10 distinct()\T1/ptm/m/n/10 ,
[22] [23] [24] [25] [26]
Overfull \hbox (26.18863pt too wide) in paragraph at lines 1716--1718
[]\T1/ptm/m/n/10 To per-form a cross-join, gen-er-at-ing all com-bi-na-tions of
 \T1/zi4/m/n/10 x \T1/ptm/m/n/10 and \T1/zi4/m/n/10 y\T1/ptm/m/n/10 , use \T1/z
i4/m/n/10 by = character()\T1/ptm/m/n/10 . 
[27] [28] [29] [30]
Overfull \hbox (10.81816pt too wide) in paragraph at lines 2013--2016
[]\T1/ptm/m/n/10 These [][]scoped[][][] vari-ants of [][]\T1/zi4/m/n/10 group_b
y()[][][] \T1/ptm/m/n/10 group a data frame by a se-lec-tion of vari-ables. Lik
e [][]\T1/zi4/m/n/10 group_by()[][][]\T1/ptm/m/n/10 ,
[31] [32] [33] [34]
Underfull \vbox (badness 10000) has occurred while \output is active [35]
[36] [37] [38] [39] [40]
Overfull \hbox (1.09843pt too wide) in paragraph at lines 2671--2675
[]\T1/ptm/b/n/10 [Experimental] \T1/ptm/m/n/10 <[][]\T1/zi4/m/n/10 tidy-select[
][][]\T1/ptm/m/n/10 > Op-tion-ally, con-trol where new columns should

Overfull \hbox (11.45934pt too wide) in paragraph at lines 2684--2688
\T1/ptm/m/n/10 placed ac-cord-ing to the \T1/zi4/m/n/10 .before \T1/ptm/m/n/10 
and \T1/zi4/m/n/10 .after \T1/ptm/m/n/10 ar-gu-ments. If \T1/zi4/m/n/10 .keep =
 "none" \T1/ptm/m/n/10 (as in \T1/zi4/m/n/10 transmute()\T1/ptm/m/n/10 ),
[41] [42] [43] [44] [45]
Overfull \hbox (26.18863pt too wide) in paragraph at lines 2975--2977
[]\T1/ptm/m/n/10 To per-form a cross-join, gen-er-at-ing all com-bi-na-tions of
 \T1/zi4/m/n/10 x \T1/ptm/m/n/10 and \T1/zi4/m/n/10 y\T1/ptm/m/n/10 , use \T1/z
i4/m/n/10 by = character()\T1/ptm/m/n/10 . 
[46] [47]
Overfull \hbox (24.74858pt too wide) in paragraph at lines 3174--3177
[]\T1/ptm/m/n/10 Grouping vari-ables cov-ered by im-plicit se-lec-tions are ig-
nored by \T1/zi4/m/n/10 mutate_all()\T1/ptm/m/n/10 , \T1/zi4/m/n/10 transmute_a
ll()\T1/ptm/m/n/10 ,
[48]
Overfull \hbox (60.67812pt too wide) in paragraph at lines 3192--3196
[]\T1/ptm/m/n/10 for _at func-tions, if there is only one un-named vari-able (i
.e., if \T1/zi4/m/n/10 .vars \T1/ptm/m/n/10 is of the form \T1/zi4/m/n/10 vars(
a_single_column)\T1/ptm/m/n/10 )
[49] [50] [51]
Overfull \hbox (26.18863pt too wide) in paragraph at lines 3408--3410
[]\T1/ptm/m/n/10 To per-form a cross-join, gen-er-at-ing all com-bi-na-tions of
 \T1/zi4/m/n/10 x \T1/ptm/m/n/10 and \T1/zi4/m/n/10 y\T1/ptm/m/n/10 , use \T1/z
i4/m/n/10 by = character()\T1/ptm/m/n/10 . 
[52] [53] [54] [55] [56] [57] [58] [59] [60]
Overfull \hbox (24.00867pt too wide) in paragraph at lines 3992--3995
[]\T1/zi4/m/n/10 rename() \T1/ptm/m/n/10 changes the names of in-di-vid-ual var
i-ables us-ing \T1/zi4/m/n/10 new_name = old_name \T1/ptm/m/n/10 syn-tax; \T1/z
i4/m/n/10 rename_with()
[61] [62] [63]
Overfull \hbox (4.85954pt too wide) in paragraph at lines 4190--4193
[][]\T1/ptm/m/n/10 grouped_df[][][]. You can ex-plic-itly un-group with [][]\T1
/zi4/m/n/10 ungroup()[][][] \T1/ptm/m/n/10 or [][]\T1/zi4/m/n/10 as_tibble()[][
][]\T1/ptm/m/n/10 , or con-vert to a [][]grouped_df[][][]
[64] [65] [66] [67]
Overfull \hbox (5.259pt too wide) in paragraph at lines 4493--4495
[]\T1/ptm/m/n/10 The se-lec-tion lan-guage can be used in func-tions like \T1/z
i4/m/n/10 dplyr::select() \T1/ptm/m/n/10 or \T1/zi4/m/n/10 tidyr::pivot_longer(
)\T1/ptm/m/n/10 .
[68] [69] [70] [71]
Overfull \hbox (18.56866pt too wide) in paragraph at lines 4723--4726
[]\T1/ptm/m/n/10 If \T1/zi4/m/n/10 .data \T1/ptm/m/n/10 is a [][]grouped_df[][]
[], the op-er-a-tion will be per-formed on each group, so that (e.g.) \T1/zi4/m
/n/10 slice_head(df,n
[72] [73] [74] [75] [76] [77] [78] [79]
Overfull \hbox (60.67812pt too wide) in paragraph at lines 5289--5293
[]\T1/ptm/m/n/10 for _at func-tions, if there is only one un-named vari-able (i
.e., if \T1/zi4/m/n/10 .vars \T1/ptm/m/n/10 is of the form \T1/zi4/m/n/10 vars(
a_single_column)\T1/ptm/m/n/10 )
[80] [81] [82]
No file Rd2.ind.
[83] (/var/scratch2/tomas/tmp/Rtmps8GICj/Rd2pdf1a205da43163/Rd2.aux)

Package rerunfilecheck Warning: File `Rd2.out' has changed.
(rerunfilecheck)                Rerun to get outlines right
(rerunfilecheck)                or use package `bookmark'.

 )
(see the transcript file for additional information)pdfTeX warning (dest): name
{Rfn.all} has been referenced but does not exist, replaced by a fixed one

pdfTeX warning (dest): name{Rfn.any} has been referenced but does not exist, re
placed by a fixed one

pdfTeX warning (dest): name{Rfn.quantile} has been referenced but does not exis
t, replaced by a fixed one

pdfTeX warning (dest): name{Rfn.max} has been referenced but does not exist, re
placed by a fixed one

pdfTeX warning (dest): name{Rfn.min} has been referenced but does not exist, re
placed by a fixed one

pdfTeX warning (dest): name{Rfn.mad} has been referenced but does not exist, re
placed by a fixed one

pdfTeX warning (dest): name{Rfn.IQR} has been referenced but does not exist, re
placed by a fixed one

pdfTeX warning (dest): name{Rfn.sd} has been referenced but does not exist, rep
laced by a fixed one

pdfTeX warning (dest): name{Rfn.median} has been referenced but does not exist,
 replaced by a fixed one

pdfTeX warning (dest): name{Rfn.mean} has been referenced but does not exist, r
eplaced by a fixed one

pdfTeX warning (dest): name{Rfn.tibble} has been referenced but does not exist,
 replaced by a fixed one

pdfTeX warning (dest): name{Rfn.where\(\)} has been referenced but does not exi
st, replaced by a fixed one

pdfTeX warning (dest): name{Rfn.any.Rul.of\(\)} has been referenced but does no
t exist, replaced by a fixed one

pdfTeX warning (dest): name{Rfn.all.Rul.of\(\)} has been referenced but does no
t exist, replaced by a fixed one

pdfTeX warning (dest): name{Rfn.num.Rul.range\(\)} has been referenced but does
 not exist, replaced by a fixed one

pdfTeX warning (dest): name{Rfn.matches\(\)} has been referenced but does not e
xist, replaced by a fixed one

pdfTeX warning (dest): name{Rfn.contains\(\)} has been referenced but does not 
exist, replaced by a fixed one

pdfTeX warning (dest): name{Rfn.ends.Rul.with\(\)} has been referenced but does
 not exist, replaced by a fixed one

pdfTeX warning (dest): name{Rfn.starts.Rul.with\(\)} has been referenced but do
es not exist, replaced by a fixed one

pdfTeX warning (dest): name{Rfn.last.Rul.col\(\)} has been referenced but does 
not exist, replaced by a fixed one

pdfTeX warning (dest): name{Rfn.everything\(\)} has been referenced but does no
t exist, replaced by a fixed one

pdfTeX warning (dest): name{Rfn.is.numeric} has been referenced but does not ex
ist, replaced by a fixed one

pdfTeX warning (dest): name{Rfn.select.Rul.if} has been referenced but does not
 exist, replaced by a fixed one

pdfTeX warning (dest): name{Rfn.select.Rul.at} has been referenced but does not
 exist, replaced by a fixed one

pdfTeX warning (dest): name{Rfn.integerish} has been referenced but does not ex
ist, replaced by a fixed one

pdfTeX warning (dest): name{Rfn.starts.Rul.with} has been referenced but does n
ot exist, replaced by a fixed one

pdfTeX warning (dest): name{Rfn.tidyselect::vars.Rul.select\(\)} has been refer
enced but does not exist, replaced by a fixed one

pdfTeX warning (dest): name{Rfn.select.Rul.all} has been referenced but does no
t exist, replaced by a fixed one

pdfTeX warning (dest): name{Rfn.nest.Rul.by} has been referenced but does not e
xist, replaced by a fixed one

pdfTeX warning (dest): name{Rfn.as.Rul.tibble} has been referenced but does not
 exist, replaced by a fixed one

pdfTeX warning (dest): name{Rfn.switch} has been referenced but does not exist,
 replaced by a fixed one

pdfTeX warning (dest): name{Rfn.quasiquotation} has been referenced but does no
t exist, replaced by a fixed one

pdfTeX warning (dest): name{Rfn.with.Rul.order} has been referenced but does no
t exist, replaced by a fixed one

pdfTeX warning (dest): name{Rfn.[[} has been referenced but does not exist, rep
laced by a fixed one

pdfTeX warning (dest): name{Rfn.tidyr::unnest\(\)} has been referenced but does
 not exist, replaced by a fixed one

pdfTeX warning (dest): name{Rfn.cummax} has been referenced but does not exist,
 replaced by a fixed one

pdfTeX warning (dest): name{Rfn.cummin} has been referenced but does not exist,
 replaced by a fixed one

pdfTeX warning (dest): name{Rfn.cumsum} has been referenced but does not exist,
 replaced by a fixed one

pdfTeX warning (dest): name{Rfn.log} has been referenced but does not exist, re
placed by a fixed one

pdfTeX warning (dest): name{Rfn..Rdash.} has been referenced but does not exist
, replaced by a fixed one

pdfTeX warning (dest): name{Rfn.+} has been referenced but does not exist, repl
aced by a fixed one

pdfTeX warning (dest): name{Rfn.ifelse} has been referenced but does not exist,
 replaced by a fixed one

pdfTeX warning (dest): name{Rfn.base::split\(\)} has been referenced but does n
ot exist, replaced by a fixed one

pdfTeX warning (dest): name{Rfn.group.Rul.keys} has been referenced but does no
t exist, replaced by a fixed one

pdfTeX warning (dest): name{Rfn.do} has been referenced but does not exist, rep
laced by a fixed one

pdfTeX warning (dest): name{Rfn.group.Rul.vars} has been referenced but does no
t exist, replaced by a fixed one

pdfTeX warning (dest): name{Rfn.groups} has been referenced but does not exist,
 replaced by a fixed one

pdfTeX warning (dest): name{Rfn.group.Rul.nest} has been referenced but does no
t exist, replaced by a fixed one

pdfTeX warning (dest): name{Rfn.grouped.Rul.df} has been referenced but does no
t exist, replaced by a fixed one

pdfTeX warning (dest): name{Rfn.group.Rul.by.Rul.drop.Rul.default} has been ref
erenced but does not exist, replaced by a fixed one

pdfTeX warning (dest): name{Rfn.merge} has been referenced but does not exist, 
replaced by a fixed one

pdfTeX warning (dest): name{Rfn.match} has been referenced but does not exist, 
replaced by a fixed one

pdfTeX warning (dest): name{Rfn.is.na} has been referenced but does not exist, 
replaced by a fixed one

pdfTeX warning (dest): name{Rfn.xor} has been referenced but does not exist, re
placed by a fixed one

pdfTeX warning (dest): name{Rfn.!} has been referenced but does not exist, repl
aced by a fixed one

pdfTeX warning (dest): name{Rfn.|} has been referenced but does not exist, repl
aced by a fixed one

pdfTeX warning (dest): name{Rfn..Ramp.} has been referenced but does not exist,
 replaced by a fixed one

pdfTeX warning (dest): name{Rfn.>=} has been referenced but does not exist, rep
laced by a fixed one

pdfTeX warning (dest): name{Rfn.>} has been referenced but does not exist, repl
aced by a fixed one

pdfTeX warning (dest): name{Rfn.==} has been referenced but does not exist, rep
laced by a fixed one

pdfTeX warning (dest): name{Rfn.str} has been referenced but does not exist, re
placed by a fixed one

pdfTeX warning (dest): name{Rfn.print} has been referenced but does not exist, 
replaced by a fixed one

pdfTeX warning (dest): name{Rfn.unique.data.frame} has been referenced but does
 not exist, replaced by a fixed one

pdfTeX warning (dest): name{Rfn.vctrs::vec.Rul.c\(\)} has been referenced but d
oes not exist, replaced by a fixed one

pdfTeX warning (dest): name{Rfn.group.Rul.data} has been referenced but does no
t exist, replaced by a fixed one

pdfTeX warning (dest): name{Rfn.tidyr::replace.Rul.na\(\)} has been referenced 
but does not exist, replaced by a fixed one

pdfTeX warning (dest): name{Rfn.dynamic.Rdash.dots} has been referenced but doe
s not exist, replaced by a fixed one

pdfTeX warning (dest): name{Rfn.vctrs::vec.Rul.as.Rul.names\(\)} has been refer
enced but does not exist, replaced by a fixed one

pdfTeX warning (dest): name{Rfn.rlang::as.Rul.function\(\)} has been referenced
 but does not exist, replaced by a fixed one

pdfTeX warning (dest): name{Rfn.tidy\040dots} has been referenced but does not 
exist, replaced by a fixed one

pdfTeX warning (dest): name{Rfn.locales} has been referenced but does not exist
, replaced by a fixed one

pdfTeX warning (dest): name{Rfn.dplyr.Rul.data.Rul.masking} has been referenced
 but does not exist, replaced by a fixed one

pdfTeX warning (dest): name{Rfn.dplyr.Rul.tidy.Rul.select} has been referenced 
but does not exist, replaced by a fixed one

{/usr/share/texlive/texmf-dist/fonts/enc/dvips/cm-super/cm-super-ts1.enc}{/usr/
share/texlive/texmf-dist/fonts/enc/dvips/inconsolata/i4-ts1.enc}{/usr/share/tex
live/texmf-dist/fonts/enc/dvips/base/8r.enc}{/usr/share/texlive/texmf-dist/font
s/enc/dvips/inconsolata/i4-t1-0.enc}</usr/share/texlive/texmf-dist/fonts/type1/
public/inconsolata/Inconsolata-zi4r.pfb></usr/share/texlive/texmf-dist/fonts/ty
pe1/public/cm-super/sftt0900.pfb></usr/share/texlive/texmf-dist/fonts/type1/urw
/helvetic/uhvr8a.pfb></usr/share/texlive/texmf-dist/fonts/type1/urw/times/utmb8
a.pfb></usr/share/texlive/texmf-dist/fonts/type1/urw/times/utmr8a.pfb></usr/sha
re/texlive/texmf-dist/fonts/type1/urw/times/utmr8a.pfb></usr/share/texlive/texm
f-dist/fonts/type1/urw/times/utmri8a.pfb>
Output written on Rd2.pdf (83 pages, 276318 bytes).
Transcript written on Rd2.log.
This is pdfTeX, Version 3.14159265-2.6-1.40.21 (TeX Live 2020) (preloaded format=pdflatex)
 restricted \write18 enabled.
entering extended mode
LaTeX2e <2020-02-02> patch level 5
L3 programming layer <2020-04-06>
(./Rd2.tex
(/usr/share/texlive/texmf-dist/tex/latex/base/book.cls
Document Class: book 2019/12/20 v1.4l Standard LaTeX document class
(/usr/share/texlive/texmf-dist/tex/latex/base/bk10.clo))
(/var/scratch2/tomas/cran/rcnst/build/share/texmf/tex/latex/Rd.sty
(/usr/share/texlive/texmf-dist/tex/latex/base/ifthen.sty)
(/usr/share/texlive/texmf-dist/tex/latex/tools/longtable.sty)
(/usr/share/texlive/texmf-dist/tex/latex/tools/bm.sty)
(/usr/share/texlive/texmf-dist/tex/latex/base/alltt.sty)
(/usr/share/texlive/texmf-dist/tex/latex/tools/verbatim.sty)
(/usr/share/texlive/texmf-dist/tex/latex/url/url.sty)
(/usr/share/texlive/texmf-dist/tex/latex/base/textcomp.sty)
(/usr/share/texlive/texmf-dist/tex/latex/base/fontenc.sty)
(/usr/share/texlive/texmf-dist/tex/latex/psnfss/times.sty)
(/usr/share/texlive/texmf-dist/tex/latex/inconsolata/zi4.sty
`inconsolata-zi4' v1.12, 2019/05/17 Text macros for Inconsolata (msharpe)
(/usr/share/texlive/texmf-dist/tex/latex/xkeyval/xkeyval.sty
(/usr/share/texlive/texmf-dist/tex/generic/xkeyval/xkeyval.tex
(/usr/share/texlive/texmf-dist/tex/generic/xkeyval/xkvutils.tex
(/usr/share/texlive/texmf-dist/tex/generic/xkeyval/keyval.tex)))))
(/usr/share/texlive/texmf-dist/tex/latex/graphics/color.sty
(/usr/share/texlive/texmf-dist/tex/latex/graphics-cfg/color.cfg)
(/usr/share/texlive/texmf-dist/tex/latex/graphics-def/pdftex.def))
(/usr/share/texlive/texmf-dist/tex/latex/hyperref/hyperref.sty
(/usr/share/texlive/texmf-dist/tex/generic/ltxcmds/ltxcmds.sty)
(/usr/share/texlive/texmf-dist/tex/generic/iftex/iftex.sty)
(/usr/share/texlive/texmf-dist/tex/latex/pdftexcmds/pdftexcmds.sty
(/usr/share/texlive/texmf-dist/tex/generic/infwarerr/infwarerr.sty))
(/usr/share/texlive/texmf-dist/tex/generic/kvsetkeys/kvsetkeys.sty)
(/usr/share/texlive/texmf-dist/tex/generic/kvdefinekeys/kvdefinekeys.sty)
(/usr/share/texlive/texmf-dist/tex/generic/pdfescape/pdfescape.sty)
(/usr/share/texlive/texmf-dist/tex/latex/hycolor/hycolor.sty)
(/usr/share/texlive/texmf-dist/tex/latex/letltxmacro/letltxmacro.sty)
(/usr/share/texlive/texmf-dist/tex/latex/auxhook/auxhook.sty)
(/usr/share/texlive/texmf-dist/tex/latex/kvoptions/kvoptions.sty)
(/usr/share/texlive/texmf-dist/tex/latex/hyperref/pd1enc.def)
(/usr/share/texlive/texmf-dist/tex/generic/intcalc/intcalc.sty)
(/usr/share/texlive/texmf-dist/tex/generic/etexcmds/etexcmds.sty)
(/usr/share/texlive/texmf-dist/tex/generic/bitset/bitset.sty
(/usr/share/texlive/texmf-dist/tex/generic/bigintcalc/bigintcalc.sty))
(/usr/share/texlive/texmf-dist/tex/generic/atbegshi/atbegshi.sty))
(/usr/share/texlive/texmf-dist/tex/latex/hyperref/hpdftex.def
(/usr/share/texlive/texmf-dist/tex/latex/atveryend/atveryend.sty)
(/usr/share/texlive/texmf-dist/tex/latex/rerunfilecheck/rerunfilecheck.sty
(/usr/share/texlive/texmf-dist/tex/generic/uniquecounter/uniquecounter.sty)))

Package hyperref Warning: Option `hyperindex' has already been used,
(hyperref)                setting the option has no effect on input line 377.


Package hyperref Warning: Option `pagebackref' has already been used,
(hyperref)                setting the option has no effect on input line 377.

) (/usr/share/texlive/texmf-dist/tex/latex/base/makeidx.sty)
(/usr/share/texlive/texmf-dist/tex/latex/base/inputenc.sty)
Writing index file Rd2.idx
(/usr/share/texlive/texmf-dist/tex/latex/l3backend/l3backend-pdfmode.def)
(/var/scratch2/tomas/tmp/Rtmps8GICj/Rd2pdf1a205da43163/Rd2.aux)
(/usr/share/texlive/texmf-dist/tex/latex/psnfss/t1ptm.fd)
(/usr/share/texlive/texmf-dist/tex/context/base/mkii/supp-pdf.mkii
[Loading MPS to PDF converter (version 2006.09.02).]
) (/usr/share/texlive/texmf-dist/tex/latex/hyperref/nameref.sty
(/usr/share/texlive/texmf-dist/tex/latex/refcount/refcount.sty)
(/usr/share/texlive/texmf-dist/tex/generic/gettitlestring/gettitlestring.sty))
(/var/scratch2/tomas/tmp/Rtmps8GICj/Rd2pdf1a205da43163/Rd2.out)
(/var/scratch2/tomas/tmp/Rtmps8GICj/Rd2pdf1a205da43163/Rd2.out)
(/usr/share/texlive/texmf-dist/tex/latex/inconsolata/t1zi4.fd)
(/usr/share/texlive/texmf-dist/tex/latex/psnfss/t1phv.fd)
(/var/scratch2/tomas/tmp/Rtmps8GICj/Rd2pdf1a205da43163/Rd2.toc [1{/usr/share/te
xlive/texmf-dist/fonts/map/pdftex/updmap/pdftex.map}] [2])
(/usr/share/texlive/texmf-dist/tex/latex/psnfss/ts1ptm.fd)
Overfull \hbox (3.3266pt too wide) in paragraph at lines 85--87
[]\T1/ptm/m/n/10 A list of func-tions/lambdas, e.g. list(mean = mean, n_miss = 
~ sum(is.na(.x)) 
[3]
Overfull \hbox (11.24715pt too wide) in paragraph at lines 152--152
 []  \T1/zi4/m/n/9 summarise(across(starts_with("Sepal"), list(mean = mean, sd 
= sd), .names = "{.col}.{.fn}"))[] 
(/usr/share/texlive/texmf-dist/tex/latex/inconsolata/ts1zi4.fd) [4] [5]
[6] [7] [8]
Overfull \hbox (36.74829pt too wide) in paragraph at lines 498--501
[]\T1/ptm/m/n/10 This is an ef-fi-cient im-ple-men-ta-tion of the com-mon pat-t
ern of \T1/zi4/m/n/10 do.call(rbind,dfs) \T1/ptm/m/n/10 or \T1/zi4/m/n/10 do.ca
ll(cbind,dfs)
[9]
Overfull \hbox (21.85065pt too wide) in paragraph at lines 537--540
[]\T1/ptm/m/n/10 One of \T1/zi4/m/n/10 "unique"\T1/ptm/m/n/10 , \T1/zi4/m/n/10 
"universal"\T1/ptm/m/n/10 , or \T1/zi4/m/n/10 "check_unique"\T1/ptm/m/n/10 . Se
e [][]\T1/zi4/m/n/10 vctrs::vec_as_names()[][][]
[10] (/usr/share/texlive/texmf-dist/tex/latex/base/t1cmtt.fd)
(/usr/share/texlive/texmf-dist/tex/latex/base/ts1cmtt.fd) [11] [12]
Underfull \vbox (badness 10000) has occurred while \output is active [13]
[14] [15] [16] [17] [18] [19]
Overfull \hbox (18.57683pt too wide) in paragraph at lines 1209--1211
[]\T1/ptm/m/n/10 It uses tidy se-lect se-man-tics so you can eas-ily se-lect mu
l-ti-ple vari-ables. See \T1/zi4/m/n/10 vignette("rowwise")
[20] [21] [22]
Overfull \hbox (16.86766pt too wide) in paragraph at lines 1378--1381
[]\T1/ptm/m/n/10 These [][]scoped[][][] vari-ants of [][]\T1/zi4/m/n/10 distinc
t()[][][] \T1/ptm/m/n/10 ex-tract dis-tinct rows by a se-lec-tion of vari-ables
. Like \T1/zi4/m/n/10 distinct()\T1/ptm/m/n/10 ,
[23] [24] [25] [26] [27]
Overfull \hbox (26.18863pt too wide) in paragraph at lines 1716--1718
[]\T1/ptm/m/n/10 To per-form a cross-join, gen-er-at-ing all com-bi-na-tions of
 \T1/zi4/m/n/10 x \T1/ptm/m/n/10 and \T1/zi4/m/n/10 y\T1/ptm/m/n/10 , use \T1/z
i4/m/n/10 by = character()\T1/ptm/m/n/10 . 
[28] [29] [30] [31]
Overfull \hbox (10.81816pt too wide) in paragraph at lines 2013--2016
[]\T1/ptm/m/n/10 These [][]scoped[][][] vari-ants of [][]\T1/zi4/m/n/10 group_b
y()[][][] \T1/ptm/m/n/10 group a data frame by a se-lec-tion of vari-ables. Lik
e [][]\T1/zi4/m/n/10 group_by()[][][]\T1/ptm/m/n/10 ,
[32] [33] [34] [35]
Underfull \vbox (badness 10000) has occurred while \output is active [36]
[37] [38] [39] [40] [41]
Overfull \hbox (1.09843pt too wide) in paragraph at lines 2671--2675
[]\T1/ptm/b/n/10 [Experimental] \T1/ptm/m/n/10 <[][]\T1/zi4/m/n/10 tidy-select[
][][]\T1/ptm/m/n/10 > Op-tion-ally, con-trol where new columns should

Overfull \hbox (11.45934pt too wide) in paragraph at lines 2684--2688
\T1/ptm/m/n/10 placed ac-cord-ing to the \T1/zi4/m/n/10 .before \T1/ptm/m/n/10 
and \T1/zi4/m/n/10 .after \T1/ptm/m/n/10 ar-gu-ments. If \T1/zi4/m/n/10 .keep =
 "none" \T1/ptm/m/n/10 (as in \T1/zi4/m/n/10 transmute()\T1/ptm/m/n/10 ),
[42] [43] [44] [45] [46]
Overfull \hbox (26.18863pt too wide) in paragraph at lines 2975--2977
[]\T1/ptm/m/n/10 To per-form a cross-join, gen-er-at-ing all com-bi-na-tions of
 \T1/zi4/m/n/10 x \T1/ptm/m/n/10 and \T1/zi4/m/n/10 y\T1/ptm/m/n/10 , use \T1/z
i4/m/n/10 by = character()\T1/ptm/m/n/10 . 
[47] [48]
Overfull \hbox (24.74858pt too wide) in paragraph at lines 3174--3177
[]\T1/ptm/m/n/10 Grouping vari-ables cov-ered by im-plicit se-lec-tions are ig-
nored by \T1/zi4/m/n/10 mutate_all()\T1/ptm/m/n/10 , \T1/zi4/m/n/10 transmute_a
ll()\T1/ptm/m/n/10 ,
[49]
Overfull \hbox (60.67812pt too wide) in paragraph at lines 3192--3196
[]\T1/ptm/m/n/10 for _at func-tions, if there is only one un-named vari-able (i
.e., if \T1/zi4/m/n/10 .vars \T1/ptm/m/n/10 is of the form \T1/zi4/m/n/10 vars(
a_single_column)\T1/ptm/m/n/10 )
[50] [51] [52]
Overfull \hbox (26.18863pt too wide) in paragraph at lines 3408--3410
[]\T1/ptm/m/n/10 To per-form a cross-join, gen-er-at-ing all com-bi-na-tions of
 \T1/zi4/m/n/10 x \T1/ptm/m/n/10 and \T1/zi4/m/n/10 y\T1/ptm/m/n/10 , use \T1/z
i4/m/n/10 by = character()\T1/ptm/m/n/10 . 
[53] [54] [55] [56] [57] [58] [59] [60] [61]
Overfull \hbox (24.00867pt too wide) in paragraph at lines 3992--3995
[]\T1/zi4/m/n/10 rename() \T1/ptm/m/n/10 changes the names of in-di-vid-ual var
i-ables us-ing \T1/zi4/m/n/10 new_name = old_name \T1/ptm/m/n/10 syn-tax; \T1/z
i4/m/n/10 rename_with()
[62] [63] [64]
Overfull \hbox (4.85954pt too wide) in paragraph at lines 4190--4193
[][]\T1/ptm/m/n/10 grouped_df[][][]. You can ex-plic-itly un-group with [][]\T1
/zi4/m/n/10 ungroup()[][][] \T1/ptm/m/n/10 or [][]\T1/zi4/m/n/10 as_tibble()[][
][]\T1/ptm/m/n/10 , or con-vert to a [][]grouped_df[][][]
[65] [66] [67] [68]
Overfull \hbox (5.259pt too wide) in paragraph at lines 4493--4495
[]\T1/ptm/m/n/10 The se-lec-tion lan-guage can be used in func-tions like \T1/z
i4/m/n/10 dplyr::select() \T1/ptm/m/n/10 or \T1/zi4/m/n/10 tidyr::pivot_longer(
)\T1/ptm/m/n/10 .
[69] [70] [71] [72]
Overfull \hbox (18.56866pt too wide) in paragraph at lines 4723--4726
[]\T1/ptm/m/n/10 If \T1/zi4/m/n/10 .data \T1/ptm/m/n/10 is a [][]grouped_df[][]
[], the op-er-a-tion will be per-formed on each group, so that (e.g.) \T1/zi4/m
/n/10 slice_head(df,n
[73] [74] [75] [76] [77] [78] [79] [80]
Overfull \hbox (60.67812pt too wide) in paragraph at lines 5289--5293
[]\T1/ptm/m/n/10 for _at func-tions, if there is only one un-named vari-able (i
.e., if \T1/zi4/m/n/10 .vars \T1/ptm/m/n/10 is of the form \T1/zi4/m/n/10 vars(
a_single_column)\T1/ptm/m/n/10 )
[81] [82] [83]
No file Rd2.ind.
[84] (/var/scratch2/tomas/tmp/Rtmps8GICj/Rd2pdf1a205da43163/Rd2.aux) )
(see the transcript file for additional information)pdfTeX warning (dest): name
{Rfn.all} has been referenced but does not exist, replaced by a fixed one

pdfTeX warning (dest): name{Rfn.any} has been referenced but does not exist, re
placed by a fixed one

pdfTeX warning (dest): name{Rfn.quantile} has been referenced but does not exis
t, replaced by a fixed one

pdfTeX warning (dest): name{Rfn.max} has been referenced but does not exist, re
placed by a fixed one

pdfTeX warning (dest): name{Rfn.min} has been referenced but does not exist, re
placed by a fixed one

pdfTeX warning (dest): name{Rfn.mad} has been referenced but does not exist, re
placed by a fixed one

pdfTeX warning (dest): name{Rfn.IQR} has been referenced but does not exist, re
placed by a fixed one

pdfTeX warning (dest): name{Rfn.sd} has been referenced but does not exist, rep
laced by a fixed one

pdfTeX warning (dest): name{Rfn.median} has been referenced but does not exist,
 replaced by a fixed one

pdfTeX warning (dest): name{Rfn.mean} has been referenced but does not exist, r
eplaced by a fixed one

pdfTeX warning (dest): name{Rfn.tibble} has been referenced but does not exist,
 replaced by a fixed one

pdfTeX warning (dest): name{Rfn.where\(\)} has been referenced but does not exi
st, replaced by a fixed one

pdfTeX warning (dest): name{Rfn.any.Rul.of\(\)} has been referenced but does no
t exist, replaced by a fixed one

pdfTeX warning (dest): name{Rfn.all.Rul.of\(\)} has been referenced but does no
t exist, replaced by a fixed one

pdfTeX warning (dest): name{Rfn.num.Rul.range\(\)} has been referenced but does
 not exist, replaced by a fixed one

pdfTeX warning (dest): name{Rfn.matches\(\)} has been referenced but does not e
xist, replaced by a fixed one

pdfTeX warning (dest): name{Rfn.contains\(\)} has been referenced but does not 
exist, replaced by a fixed one

pdfTeX warning (dest): name{Rfn.ends.Rul.with\(\)} has been referenced but does
 not exist, replaced by a fixed one

pdfTeX warning (dest): name{Rfn.starts.Rul.with\(\)} has been referenced but do
es not exist, replaced by a fixed one

pdfTeX warning (dest): name{Rfn.last.Rul.col\(\)} has been referenced but does 
not exist, replaced by a fixed one

pdfTeX warning (dest): name{Rfn.everything\(\)} has been referenced but does no
t exist, replaced by a fixed one

pdfTeX warning (dest): name{Rfn.is.numeric} has been referenced but does not ex
ist, replaced by a fixed one

pdfTeX warning (dest): name{Rfn.select.Rul.if} has been referenced but does not
 exist, replaced by a fixed one

pdfTeX warning (dest): name{Rfn.select.Rul.at} has been referenced but does not
 exist, replaced by a fixed one

pdfTeX warning (dest): name{Rfn.integerish} has been referenced but does not ex
ist, replaced by a fixed one

pdfTeX warning (dest): name{Rfn.starts.Rul.with} has been referenced but does n
ot exist, replaced by a fixed one

pdfTeX warning (dest): name{Rfn.tidyselect::vars.Rul.select\(\)} has been refer
enced but does not exist, replaced by a fixed one

pdfTeX warning (dest): name{Rfn.select.Rul.all} has been referenced but does no
t exist, replaced by a fixed one

pdfTeX warning (dest): name{Rfn.nest.Rul.by} has been referenced but does not e
xist, replaced by a fixed one

pdfTeX warning (dest): name{Rfn.as.Rul.tibble} has been referenced but does not
 exist, replaced by a fixed one

pdfTeX warning (dest): name{Rfn.switch} has been referenced but does not exist,
 replaced by a fixed one

pdfTeX warning (dest): name{Rfn.quasiquotation} has been referenced but does no
t exist, replaced by a fixed one

pdfTeX warning (dest): name{Rfn.with.Rul.order} has been referenced but does no
t exist, replaced by a fixed one

pdfTeX warning (dest): name{Rfn.[[} has been referenced but does not exist, rep
laced by a fixed one

pdfTeX warning (dest): name{Rfn.tidyr::unnest\(\)} has been referenced but does
 not exist, replaced by a fixed one

pdfTeX warning (dest): name{Rfn.cummax} has been referenced but does not exist,
 replaced by a fixed one

pdfTeX warning (dest): name{Rfn.cummin} has been referenced but does not exist,
 replaced by a fixed one

pdfTeX warning (dest): name{Rfn.cumsum} has been referenced but does not exist,
 replaced by a fixed one

pdfTeX warning (dest): name{Rfn.log} has been referenced but does not exist, re
placed by a fixed one

pdfTeX warning (dest): name{Rfn..Rdash.} has been referenced but does not exist
, replaced by a fixed one

pdfTeX warning (dest): name{Rfn.+} has been referenced but does not exist, repl
aced by a fixed one

pdfTeX warning (dest): name{Rfn.ifelse} has been referenced but does not exist,
 replaced by a fixed one

pdfTeX warning (dest): name{Rfn.base::split\(\)} has been referenced but does n
ot exist, replaced by a fixed one

pdfTeX warning (dest): name{Rfn.group.Rul.keys} has been referenced but does no
t exist, replaced by a fixed one

pdfTeX warning (dest): name{Rfn.do} has been referenced but does not exist, rep
laced by a fixed one

pdfTeX warning (dest): name{Rfn.group.Rul.vars} has been referenced but does no
t exist, replaced by a fixed one

pdfTeX warning (dest): name{Rfn.groups} has been referenced but does not exist,
 replaced by a fixed one

pdfTeX warning (dest): name{Rfn.group.Rul.nest} has been referenced but does no
t exist, replaced by a fixed one

pdfTeX warning (dest): name{Rfn.grouped.Rul.df} has been referenced but does no
t exist, replaced by a fixed one

pdfTeX warning (dest): name{Rfn.group.Rul.by.Rul.drop.Rul.default} has been ref
erenced but does not exist, replaced by a fixed one

pdfTeX warning (dest): name{Rfn.merge} has been referenced but does not exist, 
replaced by a fixed one

pdfTeX warning (dest): name{Rfn.match} has been referenced but does not exist, 
replaced by a fixed one

pdfTeX warning (dest): name{Rfn.is.na} has been referenced but does not exist, 
replaced by a fixed one

pdfTeX warning (dest): name{Rfn.xor} has been referenced but does not exist, re
placed by a fixed one

pdfTeX warning (dest): name{Rfn.!} has been referenced but does not exist, repl
aced by a fixed one

pdfTeX warning (dest): name{Rfn.|} has been referenced but does not exist, repl
aced by a fixed one

pdfTeX warning (dest): name{Rfn..Ramp.} has been referenced but does not exist,
 replaced by a fixed one

pdfTeX warning (dest): name{Rfn.>=} has been referenced but does not exist, rep
laced by a fixed one

pdfTeX warning (dest): name{Rfn.>} has been referenced but does not exist, repl
aced by a fixed one

pdfTeX warning (dest): name{Rfn.==} has been referenced but does not exist, rep
laced by a fixed one

pdfTeX warning (dest): name{Rfn.str} has been referenced but does not exist, re
placed by a fixed one

pdfTeX warning (dest): name{Rfn.print} has been referenced but does not exist, 
replaced by a fixed one

pdfTeX warning (dest): name{Rfn.unique.data.frame} has been referenced but does
 not exist, replaced by a fixed one

pdfTeX warning (dest): name{Rfn.vctrs::vec.Rul.c\(\)} has been referenced but d
oes not exist, replaced by a fixed one

pdfTeX warning (dest): name{Rfn.group.Rul.data} has been referenced but does no
t exist, replaced by a fixed one

pdfTeX warning (dest): name{Rfn.tidyr::replace.Rul.na\(\)} has been referenced 
but does not exist, replaced by a fixed one

pdfTeX warning (dest): name{Rfn.dynamic.Rdash.dots} has been referenced but doe
s not exist, replaced by a fixed one

pdfTeX warning (dest): name{Rfn.vctrs::vec.Rul.as.Rul.names\(\)} has been refer
enced but does not exist, replaced by a fixed one

pdfTeX warning (dest): name{Rfn.rlang::as.Rul.function\(\)} has been referenced
 but does not exist, replaced by a fixed one

pdfTeX warning (dest): name{Rfn.tidy\040dots} has been referenced but does not 
exist, replaced by a fixed one

pdfTeX warning (dest): name{Rfn.locales} has been referenced but does not exist
, replaced by a fixed one

pdfTeX warning (dest): name{Rfn.dplyr.Rul.data.Rul.masking} has been referenced
 but does not exist, replaced by a fixed one

pdfTeX warning (dest): name{Rfn.dplyr.Rul.tidy.Rul.select} has been referenced 
but does not exist, replaced by a fixed one

{/usr/share/texlive/texmf-dist/fonts/enc/dvips/cm-super/cm-super-ts1.enc}{/usr/
share/texlive/texmf-dist/fonts/enc/dvips/inconsolata/i4-ts1.enc}{/usr/share/tex
live/texmf-dist/fonts/enc/dvips/base/8r.enc}{/usr/share/texlive/texmf-dist/font
s/enc/dvips/inconsolata/i4-t1-0.enc}</usr/share/texlive/texmf-dist/fonts/type1/
public/inconsolata/Inconsolata-zi4r.pfb></usr/share/texlive/texmf-dist/fonts/ty
pe1/public/cm-super/sftt0900.pfb></usr/share/texlive/texmf-dist/fonts/type1/urw
/helvetic/uhvr8a.pfb></usr/share/texlive/texmf-dist/fonts/type1/urw/times/utmb8
a.pfb></usr/share/texlive/texmf-dist/fonts/type1/urw/times/utmr8a.pfb></usr/sha
re/texlive/texmf-dist/fonts/type1/urw/times/utmr8a.pfb></usr/share/texlive/texm
f-dist/fonts/type1/urw/times/utmri8a.pfb>
Output written on Rd2.pdf (84 pages, 282870 bytes).
Transcript written on Rd2.log.
This is makeindex, version 2.15 [TeX Live 2020] (kpathsea + Thai support).
Scanning input file Rd2.idx....done (473 entries accepted, 30 rejected).
Sorting entries......done (4490 comparisons).
Generating output file Rd2.ind....done (567 lines written, 1 warning).
Output written in Rd2.ind.
Transcript written in Rd2.ilg.
This is pdfTeX, Version 3.14159265-2.6-1.40.21 (TeX Live 2020) (preloaded format=pdflatex)
 restricted \write18 enabled.
entering extended mode
LaTeX2e <2020-02-02> patch level 5
L3 programming layer <2020-04-06>
(./Rd2.tex
(/usr/share/texlive/texmf-dist/tex/latex/base/book.cls
Document Class: book 2019/12/20 v1.4l Standard LaTeX document class
(/usr/share/texlive/texmf-dist/tex/latex/base/bk10.clo))
(/var/scratch2/tomas/cran/rcnst/build/share/texmf/tex/latex/Rd.sty
(/usr/share/texlive/texmf-dist/tex/latex/base/ifthen.sty)
(/usr/share/texlive/texmf-dist/tex/latex/tools/longtable.sty)
(/usr/share/texlive/texmf-dist/tex/latex/tools/bm.sty)
(/usr/share/texlive/texmf-dist/tex/latex/base/alltt.sty)
(/usr/share/texlive/texmf-dist/tex/latex/tools/verbatim.sty)
(/usr/share/texlive/texmf-dist/tex/latex/url/url.sty)
(/usr/share/texlive/texmf-dist/tex/latex/base/textcomp.sty)
(/usr/share/texlive/texmf-dist/tex/latex/base/fontenc.sty)
(/usr/share/texlive/texmf-dist/tex/latex/psnfss/times.sty)
(/usr/share/texlive/texmf-dist/tex/latex/inconsolata/zi4.sty
`inconsolata-zi4' v1.12, 2019/05/17 Text macros for Inconsolata (msharpe)
(/usr/share/texlive/texmf-dist/tex/latex/xkeyval/xkeyval.sty
(/usr/share/texlive/texmf-dist/tex/generic/xkeyval/xkeyval.tex
(/usr/share/texlive/texmf-dist/tex/generic/xkeyval/xkvutils.tex
(/usr/share/texlive/texmf-dist/tex/generic/xkeyval/keyval.tex)))))
(/usr/share/texlive/texmf-dist/tex/latex/graphics/color.sty
(/usr/share/texlive/texmf-dist/tex/latex/graphics-cfg/color.cfg)
(/usr/share/texlive/texmf-dist/tex/latex/graphics-def/pdftex.def))
(/usr/share/texlive/texmf-dist/tex/latex/hyperref/hyperref.sty
(/usr/share/texlive/texmf-dist/tex/generic/ltxcmds/ltxcmds.sty)
(/usr/share/texlive/texmf-dist/tex/generic/iftex/iftex.sty)
(/usr/share/texlive/texmf-dist/tex/latex/pdftexcmds/pdftexcmds.sty
(/usr/share/texlive/texmf-dist/tex/generic/infwarerr/infwarerr.sty))
(/usr/share/texlive/texmf-dist/tex/generic/kvsetkeys/kvsetkeys.sty)
(/usr/share/texlive/texmf-dist/tex/generic/kvdefinekeys/kvdefinekeys.sty)
(/usr/share/texlive/texmf-dist/tex/generic/pdfescape/pdfescape.sty)
(/usr/share/texlive/texmf-dist/tex/latex/hycolor/hycolor.sty)
(/usr/share/texlive/texmf-dist/tex/latex/letltxmacro/letltxmacro.sty)
(/usr/share/texlive/texmf-dist/tex/latex/auxhook/auxhook.sty)
(/usr/share/texlive/texmf-dist/tex/latex/kvoptions/kvoptions.sty)
(/usr/share/texlive/texmf-dist/tex/latex/hyperref/pd1enc.def)
(/usr/share/texlive/texmf-dist/tex/generic/intcalc/intcalc.sty)
(/usr/share/texlive/texmf-dist/tex/generic/etexcmds/etexcmds.sty)
(/usr/share/texlive/texmf-dist/tex/generic/bitset/bitset.sty
(/usr/share/texlive/texmf-dist/tex/generic/bigintcalc/bigintcalc.sty))
(/usr/share/texlive/texmf-dist/tex/generic/atbegshi/atbegshi.sty))
(/usr/share/texlive/texmf-dist/tex/latex/hyperref/hpdftex.def
(/usr/share/texlive/texmf-dist/tex/latex/atveryend/atveryend.sty)
(/usr/share/texlive/texmf-dist/tex/latex/rerunfilecheck/rerunfilecheck.sty
(/usr/share/texlive/texmf-dist/tex/generic/uniquecounter/uniquecounter.sty)))

Package hyperref Warning: Option `hyperindex' has already been used,
(hyperref)                setting the option has no effect on input line 377.


Package hyperref Warning: Option `pagebackref' has already been used,
(hyperref)                setting the option has no effect on input line 377.

) (/usr/share/texlive/texmf-dist/tex/latex/base/makeidx.sty)
(/usr/share/texlive/texmf-dist/tex/latex/base/inputenc.sty)
Writing index file Rd2.idx
(/usr/share/texlive/texmf-dist/tex/latex/l3backend/l3backend-pdfmode.def)
(/var/scratch2/tomas/tmp/Rtmps8GICj/Rd2pdf1a205da43163/Rd2.aux)
(/usr/share/texlive/texmf-dist/tex/latex/psnfss/t1ptm.fd)
(/usr/share/texlive/texmf-dist/tex/context/base/mkii/supp-pdf.mkii
[Loading MPS to PDF converter (version 2006.09.02).]
) (/usr/share/texlive/texmf-dist/tex/latex/hyperref/nameref.sty
(/usr/share/texlive/texmf-dist/tex/latex/refcount/refcount.sty)
(/usr/share/texlive/texmf-dist/tex/generic/gettitlestring/gettitlestring.sty))
(/var/scratch2/tomas/tmp/Rtmps8GICj/Rd2pdf1a205da43163/Rd2.out)
(/var/scratch2/tomas/tmp/Rtmps8GICj/Rd2pdf1a205da43163/Rd2.out)
(/usr/share/texlive/texmf-dist/tex/latex/inconsolata/t1zi4.fd)
(/usr/share/texlive/texmf-dist/tex/latex/psnfss/t1phv.fd)
(/var/scratch2/tomas/tmp/Rtmps8GICj/Rd2pdf1a205da43163/Rd2.toc [1{/usr/share/te
xlive/texmf-dist/fonts/map/pdftex/updmap/pdftex.map}] [2])
(/usr/share/texlive/texmf-dist/tex/latex/psnfss/ts1ptm.fd)
Overfull \hbox (3.3266pt too wide) in paragraph at lines 85--87
[]\T1/ptm/m/n/10 A list of func-tions/lambdas, e.g. list(mean = mean, n_miss = 
~ sum(is.na(.x)) 
[3]
Overfull \hbox (11.24715pt too wide) in paragraph at lines 152--152
 []  \T1/zi4/m/n/9 summarise(across(starts_with("Sepal"), list(mean = mean, sd 
= sd), .names = "{.col}.{.fn}"))[] 
(/usr/share/texlive/texmf-dist/tex/latex/inconsolata/ts1zi4.fd) [4] [5]
[6] [7] [8]
Overfull \hbox (36.74829pt too wide) in paragraph at lines 498--501
[]\T1/ptm/m/n/10 This is an ef-fi-cient im-ple-men-ta-tion of the com-mon pat-t
ern of \T1/zi4/m/n/10 do.call(rbind,dfs) \T1/ptm/m/n/10 or \T1/zi4/m/n/10 do.ca
ll(cbind,dfs)
[9]
Overfull \hbox (21.85065pt too wide) in paragraph at lines 537--540
[]\T1/ptm/m/n/10 One of \T1/zi4/m/n/10 "unique"\T1/ptm/m/n/10 , \T1/zi4/m/n/10 
"universal"\T1/ptm/m/n/10 , or \T1/zi4/m/n/10 "check_unique"\T1/ptm/m/n/10 . Se
e [][]\T1/zi4/m/n/10 vctrs::vec_as_names()[][][]
[10] (/usr/share/texlive/texmf-dist/tex/latex/base/t1cmtt.fd)
(/usr/share/texlive/texmf-dist/tex/latex/base/ts1cmtt.fd) [11] [12]
Underfull \vbox (badness 10000) has occurred while \output is active [13]
[14] [15] [16] [17] [18] [19]
Overfull \hbox (18.57683pt too wide) in paragraph at lines 1209--1211
[]\T1/ptm/m/n/10 It uses tidy se-lect se-man-tics so you can eas-ily se-lect mu
l-ti-ple vari-ables. See \T1/zi4/m/n/10 vignette("rowwise")
[20] [21] [22]
Overfull \hbox (16.86766pt too wide) in paragraph at lines 1378--1381
[]\T1/ptm/m/n/10 These [][]scoped[][][] vari-ants of [][]\T1/zi4/m/n/10 distinc
t()[][][] \T1/ptm/m/n/10 ex-tract dis-tinct rows by a se-lec-tion of vari-ables
. Like \T1/zi4/m/n/10 distinct()\T1/ptm/m/n/10 ,
[23] [24] [25] [26] [27]
Overfull \hbox (26.18863pt too wide) in paragraph at lines 1716--1718
[]\T1/ptm/m/n/10 To per-form a cross-join, gen-er-at-ing all com-bi-na-tions of
 \T1/zi4/m/n/10 x \T1/ptm/m/n/10 and \T1/zi4/m/n/10 y\T1/ptm/m/n/10 , use \T1/z
i4/m/n/10 by = character()\T1/ptm/m/n/10 . 
[28] [29] [30] [31]
Overfull \hbox (10.81816pt too wide) in paragraph at lines 2013--2016
[]\T1/ptm/m/n/10 These [][]scoped[][][] vari-ants of [][]\T1/zi4/m/n/10 group_b
y()[][][] \T1/ptm/m/n/10 group a data frame by a se-lec-tion of vari-ables. Lik
e [][]\T1/zi4/m/n/10 group_by()[][][]\T1/ptm/m/n/10 ,
[32] [33] [34] [35]
Underfull \vbox (badness 10000) has occurred while \output is active [36]
[37] [38] [39] [40] [41]
Overfull \hbox (1.09843pt too wide) in paragraph at lines 2671--2675
[]\T1/ptm/b/n/10 [Experimental] \T1/ptm/m/n/10 <[][]\T1/zi4/m/n/10 tidy-select[
][][]\T1/ptm/m/n/10 > Op-tion-ally, con-trol where new columns should

Overfull \hbox (11.45934pt too wide) in paragraph at lines 2684--2688
\T1/ptm/m/n/10 placed ac-cord-ing to the \T1/zi4/m/n/10 .before \T1/ptm/m/n/10 
and \T1/zi4/m/n/10 .after \T1/ptm/m/n/10 ar-gu-ments. If \T1/zi4/m/n/10 .keep =
 "none" \T1/ptm/m/n/10 (as in \T1/zi4/m/n/10 transmute()\T1/ptm/m/n/10 ),
[42] [43] [44] [45] [46]
Overfull \hbox (26.18863pt too wide) in paragraph at lines 2975--2977
[]\T1/ptm/m/n/10 To per-form a cross-join, gen-er-at-ing all com-bi-na-tions of
 \T1/zi4/m/n/10 x \T1/ptm/m/n/10 and \T1/zi4/m/n/10 y\T1/ptm/m/n/10 , use \T1/z
i4/m/n/10 by = character()\T1/ptm/m/n/10 . 
[47] [48]
Overfull \hbox (24.74858pt too wide) in paragraph at lines 3174--3177
[]\T1/ptm/m/n/10 Grouping vari-ables cov-ered by im-plicit se-lec-tions are ig-
nored by \T1/zi4/m/n/10 mutate_all()\T1/ptm/m/n/10 , \T1/zi4/m/n/10 transmute_a
ll()\T1/ptm/m/n/10 ,
[49]
Overfull \hbox (60.67812pt too wide) in paragraph at lines 3192--3196
[]\T1/ptm/m/n/10 for _at func-tions, if there is only one un-named vari-able (i
.e., if \T1/zi4/m/n/10 .vars \T1/ptm/m/n/10 is of the form \T1/zi4/m/n/10 vars(
a_single_column)\T1/ptm/m/n/10 )
[50] [51] [52]
Overfull \hbox (26.18863pt too wide) in paragraph at lines 3408--3410
[]\T1/ptm/m/n/10 To per-form a cross-join, gen-er-at-ing all com-bi-na-tions of
 \T1/zi4/m/n/10 x \T1/ptm/m/n/10 and \T1/zi4/m/n/10 y\T1/ptm/m/n/10 , use \T1/z
i4/m/n/10 by = character()\T1/ptm/m/n/10 . 
[53] [54] [55] [56] [57] [58] [59] [60] [61]
Overfull \hbox (24.00867pt too wide) in paragraph at lines 3992--3995
[]\T1/zi4/m/n/10 rename() \T1/ptm/m/n/10 changes the names of in-di-vid-ual var
i-ables us-ing \T1/zi4/m/n/10 new_name = old_name \T1/ptm/m/n/10 syn-tax; \T1/z
i4/m/n/10 rename_with()
[62] [63] [64]
Overfull \hbox (4.85954pt too wide) in paragraph at lines 4190--4193
[][]\T1/ptm/m/n/10 grouped_df[][][]. You can ex-plic-itly un-group with [][]\T1
/zi4/m/n/10 ungroup()[][][] \T1/ptm/m/n/10 or [][]\T1/zi4/m/n/10 as_tibble()[][
][]\T1/ptm/m/n/10 , or con-vert to a [][]grouped_df[][][]
[65] [66] [67] [68]
Overfull \hbox (5.259pt too wide) in paragraph at lines 4493--4495
[]\T1/ptm/m/n/10 The se-lec-tion lan-guage can be used in func-tions like \T1/z
i4/m/n/10 dplyr::select() \T1/ptm/m/n/10 or \T1/zi4/m/n/10 tidyr::pivot_longer(
)\T1/ptm/m/n/10 .
[69] [70] [71] [72]
Overfull \hbox (18.56866pt too wide) in paragraph at lines 4723--4726
[]\T1/ptm/m/n/10 If \T1/zi4/m/n/10 .data \T1/ptm/m/n/10 is a [][]grouped_df[][]
[], the op-er-a-tion will be per-formed on each group, so that (e.g.) \T1/zi4/m
/n/10 slice_head(df,n
[73] [74] [75] [76] [77] [78] [79] [80]
Overfull \hbox (60.67812pt too wide) in paragraph at lines 5289--5293
[]\T1/ptm/m/n/10 for _at func-tions, if there is only one un-named vari-able (i
.e., if \T1/zi4/m/n/10 .vars \T1/ptm/m/n/10 is of the form \T1/zi4/m/n/10 vars(
a_single_column)\T1/ptm/m/n/10 )
[81] [82] [83] (/var/scratch2/tomas/tmp/Rtmps8GICj/Rd2pdf1a205da43163/Rd2.ind
[84]

LaTeX Font Warning: Font shape `T1/zi4/m/it' undefined
(Font)              using `T1/zi4/m/n' instead on input line 45.

[85] [86] [87] [88])
(/var/scratch2/tomas/tmp/Rtmps8GICj/Rd2pdf1a205da43163/Rd2.aux)

Package rerunfilecheck Warning: File `Rd2.out' has changed.
(rerunfilecheck)                Rerun to get outlines right
(rerunfilecheck)                or use package `bookmark'.


LaTeX Font Warning: Some font shapes were not available, defaults substituted.

 )
(see the transcript file for additional information)pdfTeX warning (dest): name
{Rfn.all} has been referenced but does not exist, replaced by a fixed one

pdfTeX warning (dest): name{Rfn.any} has been referenced but does not exist, re
placed by a fixed one

pdfTeX warning (dest): name{Rfn.quantile} has been referenced but does not exis
t, replaced by a fixed one

pdfTeX warning (dest): name{Rfn.max} has been referenced but does not exist, re
placed by a fixed one

pdfTeX warning (dest): name{Rfn.min} has been referenced but does not exist, re
placed by a fixed one

pdfTeX warning (dest): name{Rfn.mad} has been referenced but does not exist, re
placed by a fixed one

pdfTeX warning (dest): name{Rfn.IQR} has been referenced but does not exist, re
placed by a fixed one

pdfTeX warning (dest): name{Rfn.sd} has been referenced but does not exist, rep
laced by a fixed one

pdfTeX warning (dest): name{Rfn.median} has been referenced but does not exist,
 replaced by a fixed one

pdfTeX warning (dest): name{Rfn.mean} has been referenced but does not exist, r
eplaced by a fixed one

pdfTeX warning (dest): name{Rfn.tibble} has been referenced but does not exist,
 replaced by a fixed one

pdfTeX warning (dest): name{Rfn.where\(\)} has been referenced but does not exi
st, replaced by a fixed one

pdfTeX warning (dest): name{Rfn.any.Rul.of\(\)} has been referenced but does no
t exist, replaced by a fixed one

pdfTeX warning (dest): name{Rfn.all.Rul.of\(\)} has been referenced but does no
t exist, replaced by a fixed one

pdfTeX warning (dest): name{Rfn.num.Rul.range\(\)} has been referenced but does
 not exist, replaced by a fixed one

pdfTeX warning (dest): name{Rfn.matches\(\)} has been referenced but does not e
xist, replaced by a fixed one

pdfTeX warning (dest): name{Rfn.contains\(\)} has been referenced but does not 
exist, replaced by a fixed one

pdfTeX warning (dest): name{Rfn.ends.Rul.with\(\)} has been referenced but does
 not exist, replaced by a fixed one

pdfTeX warning (dest): name{Rfn.starts.Rul.with\(\)} has been referenced but do
es not exist, replaced by a fixed one

pdfTeX warning (dest): name{Rfn.last.Rul.col\(\)} has been referenced but does 
not exist, replaced by a fixed one

pdfTeX warning (dest): name{Rfn.everything\(\)} has been referenced but does no
t exist, replaced by a fixed one

pdfTeX warning (dest): name{Rfn.is.numeric} has been referenced but does not ex
ist, replaced by a fixed one

pdfTeX warning (dest): name{Rfn.select.Rul.if} has been referenced but does not
 exist, replaced by a fixed one

pdfTeX warning (dest): name{Rfn.select.Rul.at} has been referenced but does not
 exist, replaced by a fixed one

pdfTeX warning (dest): name{Rfn.integerish} has been referenced but does not ex
ist, replaced by a fixed one

pdfTeX warning (dest): name{Rfn.starts.Rul.with} has been referenced but does n
ot exist, replaced by a fixed one

pdfTeX warning (dest): name{Rfn.tidyselect::vars.Rul.select\(\)} has been refer
enced but does not exist, replaced by a fixed one

pdfTeX warning (dest): name{Rfn.select.Rul.all} has been referenced but does no
t exist, replaced by a fixed one

pdfTeX warning (dest): name{Rfn.nest.Rul.by} has been referenced but does not e
xist, replaced by a fixed one

pdfTeX warning (dest): name{Rfn.as.Rul.tibble} has been referenced but does not
 exist, replaced by a fixed one

pdfTeX warning (dest): name{Rfn.switch} has been referenced but does not exist,
 replaced by a fixed one

pdfTeX warning (dest): name{Rfn.quasiquotation} has been referenced but does no
t exist, replaced by a fixed one

pdfTeX warning (dest): name{Rfn.with.Rul.order} has been referenced but does no
t exist, replaced by a fixed one

pdfTeX warning (dest): name{Rfn.[[} has been referenced but does not exist, rep
laced by a fixed one

pdfTeX warning (dest): name{Rfn.tidyr::unnest\(\)} has been referenced but does
 not exist, replaced by a fixed one

pdfTeX warning (dest): name{Rfn.cummax} has been referenced but does not exist,
 replaced by a fixed one

pdfTeX warning (dest): name{Rfn.cummin} has been referenced but does not exist,
 replaced by a fixed one

pdfTeX warning (dest): name{Rfn.cumsum} has been referenced but does not exist,
 replaced by a fixed one

pdfTeX warning (dest): name{Rfn.log} has been referenced but does not exist, re
placed by a fixed one

pdfTeX warning (dest): name{Rfn..Rdash.} has been referenced but does not exist
, replaced by a fixed one

pdfTeX warning (dest): name{Rfn.+} has been referenced but does not exist, repl
aced by a fixed one

pdfTeX warning (dest): name{Rfn.ifelse} has been referenced but does not exist,
 replaced by a fixed one

pdfTeX warning (dest): name{Rfn.base::split\(\)} has been referenced but does n
ot exist, replaced by a fixed one

pdfTeX warning (dest): name{Rfn.group.Rul.keys} has been referenced but does no
t exist, replaced by a fixed one

pdfTeX warning (dest): name{Rfn.do} has been referenced but does not exist, rep
laced by a fixed one

pdfTeX warning (dest): name{Rfn.group.Rul.vars} has been referenced but does no
t exist, replaced by a fixed one

pdfTeX warning (dest): name{Rfn.groups} has been referenced but does not exist,
 replaced by a fixed one

pdfTeX warning (dest): name{Rfn.group.Rul.nest} has been referenced but does no
t exist, replaced by a fixed one

pdfTeX warning (dest): name{Rfn.grouped.Rul.df} has been referenced but does no
t exist, replaced by a fixed one

pdfTeX warning (dest): name{Rfn.group.Rul.by.Rul.drop.Rul.default} has been ref
erenced but does not exist, replaced by a fixed one

pdfTeX warning (dest): name{Rfn.merge} has been referenced but does not exist, 
replaced by a fixed one

pdfTeX warning (dest): name{Rfn.match} has been referenced but does not exist, 
replaced by a fixed one

pdfTeX warning (dest): name{Rfn.is.na} has been referenced but does not exist, 
replaced by a fixed one

pdfTeX warning (dest): name{Rfn.xor} has been referenced but does not exist, re
placed by a fixed one

pdfTeX warning (dest): name{Rfn.!} has been referenced but does not exist, repl
aced by a fixed one

pdfTeX warning (dest): name{Rfn.|} has been referenced but does not exist, repl
aced by a fixed one

pdfTeX warning (dest): name{Rfn..Ramp.} has been referenced but does not exist,
 replaced by a fixed one

pdfTeX warning (dest): name{Rfn.>=} has been referenced but does not exist, rep
laced by a fixed one

pdfTeX warning (dest): name{Rfn.>} has been referenced but does not exist, repl
aced by a fixed one

pdfTeX warning (dest): name{Rfn.==} has been referenced but does not exist, rep
laced by a fixed one

pdfTeX warning (dest): name{Rfn.str} has been referenced but does not exist, re
placed by a fixed one

pdfTeX warning (dest): name{Rfn.print} has been referenced but does not exist, 
replaced by a fixed one

pdfTeX warning (dest): name{Rfn.unique.data.frame} has been referenced but does
 not exist, replaced by a fixed one

pdfTeX warning (dest): name{Rfn.vctrs::vec.Rul.c\(\)} has been referenced but d
oes not exist, replaced by a fixed one

pdfTeX warning (dest): name{Rfn.group.Rul.data} has been referenced but does no
t exist, replaced by a fixed one

pdfTeX warning (dest): name{Rfn.tidyr::replace.Rul.na\(\)} has been referenced 
but does not exist, replaced by a fixed one

pdfTeX warning (dest): name{Rfn.dynamic.Rdash.dots} has been referenced but doe
s not exist, replaced by a fixed one

pdfTeX warning (dest): name{Rfn.vctrs::vec.Rul.as.Rul.names\(\)} has been refer
enced but does not exist, replaced by a fixed one

pdfTeX warning (dest): name{Rfn.rlang::as.Rul.function\(\)} has been referenced
 but does not exist, replaced by a fixed one

pdfTeX warning (dest): name{Rfn.tidy\040dots} has been referenced but does not 
exist, replaced by a fixed one

pdfTeX warning (dest): name{Rfn.locales} has been referenced but does not exist
, replaced by a fixed one

pdfTeX warning (dest): name{Rfn.dplyr.Rul.data.Rul.masking} has been referenced
 but does not exist, replaced by a fixed one

pdfTeX warning (dest): name{Rfn.dplyr.Rul.tidy.Rul.select} has been referenced 
but does not exist, replaced by a fixed one

{/usr/share/texlive/texmf-dist/fonts/enc/dvips/cm-super/cm-super-ts1.enc}{/usr/
share/texlive/texmf-dist/fonts/enc/dvips/inconsolata/i4-ts1.enc}{/usr/share/tex
live/texmf-dist/fonts/enc/dvips/base/8r.enc}{/usr/share/texlive/texmf-dist/font
s/enc/dvips/inconsolata/i4-t1-0.enc}</usr/share/texlive/texmf-dist/fonts/type1/
public/inconsolata/Inconsolata-zi4r.pfb></usr/share/texlive/texmf-dist/fonts/ty
pe1/public/amsfonts/cm/cmsy10.pfb></usr/share/texlive/texmf-dist/fonts/type1/pu
blic/cm-super/sftt0900.pfb></usr/share/texlive/texmf-dist/fonts/type1/urw/helve
tic/uhvr8a.pfb></usr/share/texlive/texmf-dist/fonts/type1/urw/times/utmb8a.pfb>
</usr/share/texlive/texmf-dist/fonts/type1/urw/times/utmr8a.pfb></usr/share/tex
live/texmf-dist/fonts/type1/urw/times/utmr8a.pfb></usr/share/texlive/texmf-dist
/fonts/type1/urw/times/utmri8a.pfb>
Output written on Rd2.pdf (88 pages, 312922 bytes).
Transcript written on Rd2.log.
This is makeindex, version 2.15 [TeX Live 2020] (kpathsea + Thai support).
Scanning input file Rd2.idx....done (473 entries accepted, 30 rejected).
Sorting entries......done (4490 comparisons).
Generating output file Rd2.ind....done (567 lines written, 1 warning).
Output written in Rd2.ind.
Transcript written in Rd2.ilg.
This is pdfTeX, Version 3.14159265-2.6-1.40.21 (TeX Live 2020) (preloaded format=pdflatex)
 restricted \write18 enabled.
entering extended mode
LaTeX2e <2020-02-02> patch level 5
L3 programming layer <2020-04-06>
(./Rd2.tex
(/usr/share/texlive/texmf-dist/tex/latex/base/book.cls
Document Class: book 2019/12/20 v1.4l Standard LaTeX document class
(/usr/share/texlive/texmf-dist/tex/latex/base/bk10.clo))
(/var/scratch2/tomas/cran/rcnst/build/share/texmf/tex/latex/Rd.sty
(/usr/share/texlive/texmf-dist/tex/latex/base/ifthen.sty)
(/usr/share/texlive/texmf-dist/tex/latex/tools/longtable.sty)
(/usr/share/texlive/texmf-dist/tex/latex/tools/bm.sty)
(/usr/share/texlive/texmf-dist/tex/latex/base/alltt.sty)
(/usr/share/texlive/texmf-dist/tex/latex/tools/verbatim.sty)
(/usr/share/texlive/texmf-dist/tex/latex/url/url.sty)
(/usr/share/texlive/texmf-dist/tex/latex/base/textcomp.sty)
(/usr/share/texlive/texmf-dist/tex/latex/base/fontenc.sty)
(/usr/share/texlive/texmf-dist/tex/latex/psnfss/times.sty)
(/usr/share/texlive/texmf-dist/tex/latex/inconsolata/zi4.sty
`inconsolata-zi4' v1.12, 2019/05/17 Text macros for Inconsolata (msharpe)
(/usr/share/texlive/texmf-dist/tex/latex/xkeyval/xkeyval.sty
(/usr/share/texlive/texmf-dist/tex/generic/xkeyval/xkeyval.tex
(/usr/share/texlive/texmf-dist/tex/generic/xkeyval/xkvutils.tex
(/usr/share/texlive/texmf-dist/tex/generic/xkeyval/keyval.tex)))))
(/usr/share/texlive/texmf-dist/tex/latex/graphics/color.sty
(/usr/share/texlive/texmf-dist/tex/latex/graphics-cfg/color.cfg)
(/usr/share/texlive/texmf-dist/tex/latex/graphics-def/pdftex.def))
(/usr/share/texlive/texmf-dist/tex/latex/hyperref/hyperref.sty
(/usr/share/texlive/texmf-dist/tex/generic/ltxcmds/ltxcmds.sty)
(/usr/share/texlive/texmf-dist/tex/generic/iftex/iftex.sty)
(/usr/share/texlive/texmf-dist/tex/latex/pdftexcmds/pdftexcmds.sty
(/usr/share/texlive/texmf-dist/tex/generic/infwarerr/infwarerr.sty))
(/usr/share/texlive/texmf-dist/tex/generic/kvsetkeys/kvsetkeys.sty)
(/usr/share/texlive/texmf-dist/tex/generic/kvdefinekeys/kvdefinekeys.sty)
(/usr/share/texlive/texmf-dist/tex/generic/pdfescape/pdfescape.sty)
(/usr/share/texlive/texmf-dist/tex/latex/hycolor/hycolor.sty)
(/usr/share/texlive/texmf-dist/tex/latex/letltxmacro/letltxmacro.sty)
(/usr/share/texlive/texmf-dist/tex/latex/auxhook/auxhook.sty)
(/usr/share/texlive/texmf-dist/tex/latex/kvoptions/kvoptions.sty)
(/usr/share/texlive/texmf-dist/tex/latex/hyperref/pd1enc.def)
(/usr/share/texlive/texmf-dist/tex/generic/intcalc/intcalc.sty)
(/usr/share/texlive/texmf-dist/tex/generic/etexcmds/etexcmds.sty)
(/usr/share/texlive/texmf-dist/tex/generic/bitset/bitset.sty
(/usr/share/texlive/texmf-dist/tex/generic/bigintcalc/bigintcalc.sty))
(/usr/share/texlive/texmf-dist/tex/generic/atbegshi/atbegshi.sty))
(/usr/share/texlive/texmf-dist/tex/latex/hyperref/hpdftex.def
(/usr/share/texlive/texmf-dist/tex/latex/atveryend/atveryend.sty)
(/usr/share/texlive/texmf-dist/tex/latex/rerunfilecheck/rerunfilecheck.sty
(/usr/share/texlive/texmf-dist/tex/generic/uniquecounter/uniquecounter.sty)))

Package hyperref Warning: Option `hyperindex' has already been used,
(hyperref)                setting the option has no effect on input line 377.


Package hyperref Warning: Option `pagebackref' has already been used,
(hyperref)                setting the option has no effect on input line 377.

) (/usr/share/texlive/texmf-dist/tex/latex/base/makeidx.sty)
(/usr/share/texlive/texmf-dist/tex/latex/base/inputenc.sty)
Writing index file Rd2.idx
(/usr/share/texlive/texmf-dist/tex/latex/l3backend/l3backend-pdfmode.def)
(/var/scratch2/tomas/tmp/Rtmps8GICj/Rd2pdf1a205da43163/Rd2.aux)
(/usr/share/texlive/texmf-dist/tex/latex/psnfss/t1ptm.fd)
(/usr/share/texlive/texmf-dist/tex/context/base/mkii/supp-pdf.mkii
[Loading MPS to PDF converter (version 2006.09.02).]
) (/usr/share/texlive/texmf-dist/tex/latex/hyperref/nameref.sty
(/usr/share/texlive/texmf-dist/tex/latex/refcount/refcount.sty)
(/usr/share/texlive/texmf-dist/tex/generic/gettitlestring/gettitlestring.sty))
(/var/scratch2/tomas/tmp/Rtmps8GICj/Rd2pdf1a205da43163/Rd2.out)
(/var/scratch2/tomas/tmp/Rtmps8GICj/Rd2pdf1a205da43163/Rd2.out)
(/usr/share/texlive/texmf-dist/tex/latex/inconsolata/t1zi4.fd)
(/usr/share/texlive/texmf-dist/tex/latex/psnfss/t1phv.fd)
(/var/scratch2/tomas/tmp/Rtmps8GICj/Rd2pdf1a205da43163/Rd2.toc [1{/usr/share/te
xlive/texmf-dist/fonts/map/pdftex/updmap/pdftex.map}] [2])
(/usr/share/texlive/texmf-dist/tex/latex/psnfss/ts1ptm.fd)
Overfull \hbox (3.3266pt too wide) in paragraph at lines 85--87
[]\T1/ptm/m/n/10 A list of func-tions/lambdas, e.g. list(mean = mean, n_miss = 
~ sum(is.na(.x)) 
[3]
Overfull \hbox (11.24715pt too wide) in paragraph at lines 152--152
 []  \T1/zi4/m/n/9 summarise(across(starts_with("Sepal"), list(mean = mean, sd 
= sd), .names = "{.col}.{.fn}"))[] 
(/usr/share/texlive/texmf-dist/tex/latex/inconsolata/ts1zi4.fd) [4] [5]
[6] [7] [8]
Overfull \hbox (36.74829pt too wide) in paragraph at lines 498--501
[]\T1/ptm/m/n/10 This is an ef-fi-cient im-ple-men-ta-tion of the com-mon pat-t
ern of \T1/zi4/m/n/10 do.call(rbind,dfs) \T1/ptm/m/n/10 or \T1/zi4/m/n/10 do.ca
ll(cbind,dfs)
[9]
Overfull \hbox (21.85065pt too wide) in paragraph at lines 537--540
[]\T1/ptm/m/n/10 One of \T1/zi4/m/n/10 "unique"\T1/ptm/m/n/10 , \T1/zi4/m/n/10 
"universal"\T1/ptm/m/n/10 , or \T1/zi4/m/n/10 "check_unique"\T1/ptm/m/n/10 . Se
e [][]\T1/zi4/m/n/10 vctrs::vec_as_names()[][][]
[10] (/usr/share/texlive/texmf-dist/tex/latex/base/t1cmtt.fd)
(/usr/share/texlive/texmf-dist/tex/latex/base/ts1cmtt.fd) [11] [12]
Underfull \vbox (badness 10000) has occurred while \output is active [13]
[14] [15] [16] [17] [18] [19]
Overfull \hbox (18.57683pt too wide) in paragraph at lines 1209--1211
[]\T1/ptm/m/n/10 It uses tidy se-lect se-man-tics so you can eas-ily se-lect mu
l-ti-ple vari-ables. See \T1/zi4/m/n/10 vignette("rowwise")
[20] [21] [22]
Overfull \hbox (16.86766pt too wide) in paragraph at lines 1378--1381
[]\T1/ptm/m/n/10 These [][]scoped[][][] vari-ants of [][]\T1/zi4/m/n/10 distinc
t()[][][] \T1/ptm/m/n/10 ex-tract dis-tinct rows by a se-lec-tion of vari-ables
. Like \T1/zi4/m/n/10 distinct()\T1/ptm/m/n/10 ,
[23] [24] [25] [26] [27]
Overfull \hbox (26.18863pt too wide) in paragraph at lines 1716--1718
[]\T1/ptm/m/n/10 To per-form a cross-join, gen-er-at-ing all com-bi-na-tions of
 \T1/zi4/m/n/10 x \T1/ptm/m/n/10 and \T1/zi4/m/n/10 y\T1/ptm/m/n/10 , use \T1/z
i4/m/n/10 by = character()\T1/ptm/m/n/10 . 
[28] [29] [30] [31]
Overfull \hbox (10.81816pt too wide) in paragraph at lines 2013--2016
[]\T1/ptm/m/n/10 These [][]scoped[][][] vari-ants of [][]\T1/zi4/m/n/10 group_b
y()[][][] \T1/ptm/m/n/10 group a data frame by a se-lec-tion of vari-ables. Lik
e [][]\T1/zi4/m/n/10 group_by()[][][]\T1/ptm/m/n/10 ,
[32] [33] [34] [35]
Underfull \vbox (badness 10000) has occurred while \output is active [36]
[37] [38] [39] [40] [41]
Overfull \hbox (1.09843pt too wide) in paragraph at lines 2671--2675
[]\T1/ptm/b/n/10 [Experimental] \T1/ptm/m/n/10 <[][]\T1/zi4/m/n/10 tidy-select[
][][]\T1/ptm/m/n/10 > Op-tion-ally, con-trol where new columns should

Overfull \hbox (11.45934pt too wide) in paragraph at lines 2684--2688
\T1/ptm/m/n/10 placed ac-cord-ing to the \T1/zi4/m/n/10 .before \T1/ptm/m/n/10 
and \T1/zi4/m/n/10 .after \T1/ptm/m/n/10 ar-gu-ments. If \T1/zi4/m/n/10 .keep =
 "none" \T1/ptm/m/n/10 (as in \T1/zi4/m/n/10 transmute()\T1/ptm/m/n/10 ),
[42] [43] [44] [45] [46]
Overfull \hbox (26.18863pt too wide) in paragraph at lines 2975--2977
[]\T1/ptm/m/n/10 To per-form a cross-join, gen-er-at-ing all com-bi-na-tions of
 \T1/zi4/m/n/10 x \T1/ptm/m/n/10 and \T1/zi4/m/n/10 y\T1/ptm/m/n/10 , use \T1/z
i4/m/n/10 by = character()\T1/ptm/m/n/10 . 
[47] [48]
Overfull \hbox (24.74858pt too wide) in paragraph at lines 3174--3177
[]\T1/ptm/m/n/10 Grouping vari-ables cov-ered by im-plicit se-lec-tions are ig-
nored by \T1/zi4/m/n/10 mutate_all()\T1/ptm/m/n/10 , \T1/zi4/m/n/10 transmute_a
ll()\T1/ptm/m/n/10 ,
[49]
Overfull \hbox (60.67812pt too wide) in paragraph at lines 3192--3196
[]\T1/ptm/m/n/10 for _at func-tions, if there is only one un-named vari-able (i
.e., if \T1/zi4/m/n/10 .vars \T1/ptm/m/n/10 is of the form \T1/zi4/m/n/10 vars(
a_single_column)\T1/ptm/m/n/10 )
[50] [51] [52]
Overfull \hbox (26.18863pt too wide) in paragraph at lines 3408--3410
[]\T1/ptm/m/n/10 To per-form a cross-join, gen-er-at-ing all com-bi-na-tions of
 \T1/zi4/m/n/10 x \T1/ptm/m/n/10 and \T1/zi4/m/n/10 y\T1/ptm/m/n/10 , use \T1/z
i4/m/n/10 by = character()\T1/ptm/m/n/10 . 
[53] [54] [55] [56] [57] [58] [59] [60] [61]
Overfull \hbox (24.00867pt too wide) in paragraph at lines 3992--3995
[]\T1/zi4/m/n/10 rename() \T1/ptm/m/n/10 changes the names of in-di-vid-ual var
i-ables us-ing \T1/zi4/m/n/10 new_name = old_name \T1/ptm/m/n/10 syn-tax; \T1/z
i4/m/n/10 rename_with()
[62] [63] [64]
Overfull \hbox (4.85954pt too wide) in paragraph at lines 4190--4193
[][]\T1/ptm/m/n/10 grouped_df[][][]. You can ex-plic-itly un-group with [][]\T1
/zi4/m/n/10 ungroup()[][][] \T1/ptm/m/n/10 or [][]\T1/zi4/m/n/10 as_tibble()[][
][]\T1/ptm/m/n/10 , or con-vert to a [][]grouped_df[][][]
[65] [66] [67] [68]
Overfull \hbox (5.259pt too wide) in paragraph at lines 4493--4495
[]\T1/ptm/m/n/10 The se-lec-tion lan-guage can be used in func-tions like \T1/z
i4/m/n/10 dplyr::select() \T1/ptm/m/n/10 or \T1/zi4/m/n/10 tidyr::pivot_longer(
)\T1/ptm/m/n/10 .
[69] [70] [71] [72]
Overfull \hbox (18.56866pt too wide) in paragraph at lines 4723--4726
[]\T1/ptm/m/n/10 If \T1/zi4/m/n/10 .data \T1/ptm/m/n/10 is a [][]grouped_df[][]
[], the op-er-a-tion will be per-formed on each group, so that (e.g.) \T1/zi4/m
/n/10 slice_head(df,n
[73] [74] [75] [76] [77] [78] [79] [80]
Overfull \hbox (60.67812pt too wide) in paragraph at lines 5289--5293
[]\T1/ptm/m/n/10 for _at func-tions, if there is only one un-named vari-able (i
.e., if \T1/zi4/m/n/10 .vars \T1/ptm/m/n/10 is of the form \T1/zi4/m/n/10 vars(
a_single_column)\T1/ptm/m/n/10 )
[81] [82] [83] (/var/scratch2/tomas/tmp/Rtmps8GICj/Rd2pdf1a205da43163/Rd2.ind
[84]

LaTeX Font Warning: Font shape `T1/zi4/m/it' undefined
(Font)              using `T1/zi4/m/n' instead on input line 45.

[85] [86] [87] [88])
(/var/scratch2/tomas/tmp/Rtmps8GICj/Rd2pdf1a205da43163/Rd2.aux)

LaTeX Font Warning: Some font shapes were not available, defaults substituted.

 )
(see the transcript file for additional information)pdfTeX warning (dest): name
{Rfn.all} has been referenced but does not exist, replaced by a fixed one

pdfTeX warning (dest): name{Rfn.any} has been referenced but does not exist, re
placed by a fixed one

pdfTeX warning (dest): name{Rfn.quantile} has been referenced but does not exis
t, replaced by a fixed one

pdfTeX warning (dest): name{Rfn.max} has been referenced but does not exist, re
placed by a fixed one

pdfTeX warning (dest): name{Rfn.min} has been referenced but does not exist, re
placed by a fixed one

pdfTeX warning (dest): name{Rfn.mad} has been referenced but does not exist, re
placed by a fixed one

pdfTeX warning (dest): name{Rfn.IQR} has been referenced but does not exist, re
placed by a fixed one

pdfTeX warning (dest): name{Rfn.sd} has been referenced but does not exist, rep
laced by a fixed one

pdfTeX warning (dest): name{Rfn.median} has been referenced but does not exist,
 replaced by a fixed one

pdfTeX warning (dest): name{Rfn.mean} has been referenced but does not exist, r
eplaced by a fixed one

pdfTeX warning (dest): name{Rfn.tibble} has been referenced but does not exist,
 replaced by a fixed one

pdfTeX warning (dest): name{Rfn.where\(\)} has been referenced but does not exi
st, replaced by a fixed one

pdfTeX warning (dest): name{Rfn.any.Rul.of\(\)} has been referenced but does no
t exist, replaced by a fixed one

pdfTeX warning (dest): name{Rfn.all.Rul.of\(\)} has been referenced but does no
t exist, replaced by a fixed one

pdfTeX warning (dest): name{Rfn.num.Rul.range\(\)} has been referenced but does
 not exist, replaced by a fixed one

pdfTeX warning (dest): name{Rfn.matches\(\)} has been referenced but does not e
xist, replaced by a fixed one

pdfTeX warning (dest): name{Rfn.contains\(\)} has been referenced but does not 
exist, replaced by a fixed one

pdfTeX warning (dest): name{Rfn.ends.Rul.with\(\)} has been referenced but does
 not exist, replaced by a fixed one

pdfTeX warning (dest): name{Rfn.starts.Rul.with\(\)} has been referenced but do
es not exist, replaced by a fixed one

pdfTeX warning (dest): name{Rfn.last.Rul.col\(\)} has been referenced but does 
not exist, replaced by a fixed one

pdfTeX warning (dest): name{Rfn.everything\(\)} has been referenced but does no
t exist, replaced by a fixed one

pdfTeX warning (dest): name{Rfn.is.numeric} has been referenced but does not ex
ist, replaced by a fixed one

pdfTeX warning (dest): name{Rfn.select.Rul.if} has been referenced but does not
 exist, replaced by a fixed one

pdfTeX warning (dest): name{Rfn.select.Rul.at} has been referenced but does not
 exist, replaced by a fixed one

pdfTeX warning (dest): name{Rfn.integerish} has been referenced but does not ex
ist, replaced by a fixed one

pdfTeX warning (dest): name{Rfn.starts.Rul.with} has been referenced but does n
ot exist, replaced by a fixed one

pdfTeX warning (dest): name{Rfn.tidyselect::vars.Rul.select\(\)} has been refer
enced but does not exist, replaced by a fixed one

pdfTeX warning (dest): name{Rfn.select.Rul.all} has been referenced but does no
t exist, replaced by a fixed one

pdfTeX warning (dest): name{Rfn.nest.Rul.by} has been referenced but does not e
xist, replaced by a fixed one

pdfTeX warning (dest): name{Rfn.as.Rul.tibble} has been referenced but does not
 exist, replaced by a fixed one

pdfTeX warning (dest): name{Rfn.switch} has been referenced but does not exist,
 replaced by a fixed one

pdfTeX warning (dest): name{Rfn.quasiquotation} has been referenced but does no
t exist, replaced by a fixed one

pdfTeX warning (dest): name{Rfn.with.Rul.order} has been referenced but does no
t exist, replaced by a fixed one

pdfTeX warning (dest): name{Rfn.[[} has been referenced but does not exist, rep
laced by a fixed one

pdfTeX warning (dest): name{Rfn.tidyr::unnest\(\)} has been referenced but does
 not exist, replaced by a fixed one

pdfTeX warning (dest): name{Rfn.cummax} has been referenced but does not exist,
 replaced by a fixed one

pdfTeX warning (dest): name{Rfn.cummin} has been referenced but does not exist,
 replaced by a fixed one

pdfTeX warning (dest): name{Rfn.cumsum} has been referenced but does not exist,
 replaced by a fixed one

pdfTeX warning (dest): name{Rfn.log} has been referenced but does not exist, re
placed by a fixed one

pdfTeX warning (dest): name{Rfn..Rdash.} has been referenced but does not exist
, replaced by a fixed one

pdfTeX warning (dest): name{Rfn.+} has been referenced but does not exist, repl
aced by a fixed one

pdfTeX warning (dest): name{Rfn.ifelse} has been referenced but does not exist,
 replaced by a fixed one

pdfTeX warning (dest): name{Rfn.base::split\(\)} has been referenced but does n
ot exist, replaced by a fixed one

pdfTeX warning (dest): name{Rfn.group.Rul.keys} has been referenced but does no
t exist, replaced by a fixed one

pdfTeX warning (dest): name{Rfn.do} has been referenced but does not exist, rep
laced by a fixed one

pdfTeX warning (dest): name{Rfn.group.Rul.vars} has been referenced but does no
t exist, replaced by a fixed one

pdfTeX warning (dest): name{Rfn.groups} has been referenced but does not exist,
 replaced by a fixed one

pdfTeX warning (dest): name{Rfn.group.Rul.nest} has been referenced but does no
t exist, replaced by a fixed one

pdfTeX warning (dest): name{Rfn.grouped.Rul.df} has been referenced but does no
t exist, replaced by a fixed one

pdfTeX warning (dest): name{Rfn.group.Rul.by.Rul.drop.Rul.default} has been ref
erenced but does not exist, replaced by a fixed one

pdfTeX warning (dest): name{Rfn.merge} has been referenced but does not exist, 
replaced by a fixed one

pdfTeX warning (dest): name{Rfn.match} has been referenced but does not exist, 
replaced by a fixed one

pdfTeX warning (dest): name{Rfn.is.na} has been referenced but does not exist, 
replaced by a fixed one

pdfTeX warning (dest): name{Rfn.xor} has been referenced but does not exist, re
placed by a fixed one

pdfTeX warning (dest): name{Rfn.!} has been referenced but does not exist, repl
aced by a fixed one

pdfTeX warning (dest): name{Rfn.|} has been referenced but does not exist, repl
aced by a fixed one

pdfTeX warning (dest): name{Rfn..Ramp.} has been referenced but does not exist,
 replaced by a fixed one

pdfTeX warning (dest): name{Rfn.>=} has been referenced but does not exist, rep
laced by a fixed one

pdfTeX warning (dest): name{Rfn.>} has been referenced but does not exist, repl
aced by a fixed one

pdfTeX warning (dest): name{Rfn.==} has been referenced but does not exist, rep
laced by a fixed one

pdfTeX warning (dest): name{Rfn.str} has been referenced but does not exist, re
placed by a fixed one

pdfTeX warning (dest): name{Rfn.print} has been referenced but does not exist, 
replaced by a fixed one

pdfTeX warning (dest): name{Rfn.unique.data.frame} has been referenced but does
 not exist, replaced by a fixed one

pdfTeX warning (dest): name{Rfn.vctrs::vec.Rul.c\(\)} has been referenced but d
oes not exist, replaced by a fixed one

pdfTeX warning (dest): name{Rfn.group.Rul.data} has been referenced but does no
t exist, replaced by a fixed one

pdfTeX warning (dest): name{Rfn.tidyr::replace.Rul.na\(\)} has been referenced 
but does not exist, replaced by a fixed one

pdfTeX warning (dest): name{Rfn.dynamic.Rdash.dots} has been referenced but doe
s not exist, replaced by a fixed one

pdfTeX warning (dest): name{Rfn.vctrs::vec.Rul.as.Rul.names\(\)} has been refer
enced but does not exist, replaced by a fixed one

pdfTeX warning (dest): name{Rfn.rlang::as.Rul.function\(\)} has been referenced
 but does not exist, replaced by a fixed one

pdfTeX warning (dest): name{Rfn.tidy\040dots} has been referenced but does not 
exist, replaced by a fixed one

pdfTeX warning (dest): name{Rfn.locales} has been referenced but does not exist
, replaced by a fixed one

pdfTeX warning (dest): name{Rfn.dplyr.Rul.data.Rul.masking} has been referenced
 but does not exist, replaced by a fixed one

pdfTeX warning (dest): name{Rfn.dplyr.Rul.tidy.Rul.select} has been referenced 
but does not exist, replaced by a fixed one

{/usr/share/texlive/texmf-dist/fonts/enc/dvips/cm-super/cm-super-ts1.enc}{/usr/
share/texlive/texmf-dist/fonts/enc/dvips/inconsolata/i4-ts1.enc}{/usr/share/tex
live/texmf-dist/fonts/enc/dvips/base/8r.enc}{/usr/share/texlive/texmf-dist/font
s/enc/dvips/inconsolata/i4-t1-0.enc}</usr/share/texlive/texmf-dist/fonts/type1/
public/inconsolata/Inconsolata-zi4r.pfb></usr/share/texlive/texmf-dist/fonts/ty
pe1/public/amsfonts/cm/cmsy10.pfb></usr/share/texlive/texmf-dist/fonts/type1/pu
blic/cm-super/sftt0900.pfb></usr/share/texlive/texmf-dist/fonts/type1/urw/helve
tic/uhvr8a.pfb></usr/share/texlive/texmf-dist/fonts/type1/urw/times/utmb8a.pfb>
</usr/share/texlive/texmf-dist/fonts/type1/urw/times/utmr8a.pfb></usr/share/tex
live/texmf-dist/fonts/type1/urw/times/utmr8a.pfb></usr/share/texlive/texmf-dist
/fonts/type1/urw/times/utmri8a.pfb>
Output written on Rd2.pdf (88 pages, 313470 bytes).
Transcript written on Rd2.log.
Saving output to dplyr-manual.pdf ...
Done
You may want to clean up by 'rm -Rf /var/scratch2/tomas/tmp/Rtmps8GICj/Rd2pdf1a205da43163'
