* using log directory ‘/home/tomas/cran/rcnst/check/lava.Rcheck’
* using R Under development (unstable) (2017-08-15 r73096)
* using platform: x86_64-pc-linux-gnu (64-bit)
* using session charset: UTF-8
* checking for file ‘lava/DESCRIPTION’ ... OK
* checking extension type ... Package
* this is package ‘lava’ version ‘1.5’
* checking package namespace information ... OK
* checking package dependencies ... OK
* checking if this is a source package ... OK
* checking if there is a namespace ... OK
* checking for executable files ... OK
* checking for hidden files and directories ... OK
* checking for portable file names ... OK
* checking for sufficient/correct file permissions ... OK
* checking whether package ‘lava’ can be installed ... OK
* checking package directory ... OK
* checking DESCRIPTION meta-information ... OK
* checking top-level files ... OK
* checking for left-over files ... OK
* checking index information ... OK
* checking package subdirectories ... OK
* checking R files for non-ASCII characters ... OK
* checking R files for syntax errors ... OK
* checking whether the package can be loaded ... OK
* checking whether the package can be loaded with stated dependencies ... OK
* checking whether the package can be unloaded cleanly ... OK
* checking whether the namespace can be loaded with stated dependencies ... OK
* checking whether the namespace can be unloaded cleanly ... OK
* checking loading without being on the library search path ... OK
* checking dependencies in R code ... OK
* checking S3 generic/method consistency ... OK
* checking replacement functions ... OK
* checking foreign function calls ... OK
* checking R code for possible problems ... OK
* checking Rd files ... OK
* checking Rd metadata ... OK
* checking Rd cross-references ... OK
* checking for missing documentation entries ... OK
* checking for code/documentation mismatches ... OK
* checking Rd \usage sections ... OK
* checking Rd contents ... OK
* checking for unstated dependencies in examples ... OK
* checking contents of ‘data’ directory ... OK
* checking data for non-ASCII characters ... OK
* checking data for ASCII and uncompressed saves ... OK
* checking installed files from ‘inst/doc’ ... OK
* checking examples ... OK
* checking for unstated dependencies in ‘tests’ ... OK
* checking tests ... ERROR
  Running ‘test-all.R’
Running the tests in ‘tests/test-all.R’ failed.
Last 13 lines of output:
    5:     6.9757752: 0.0833126 0.759329 0.492413
    6:     6.9738107: 0.0806668 0.756413 0.513241
    7:     6.9737419: 0.0827969 0.758414 0.510545
    8:     6.9737365: 0.0806693 0.757663 0.508982
    9:     6.9737257: 0.0819960 0.757150 0.509933
   10:     6.9737242: 0.0817930 0.757623 0.509977
   11:     6.9737241: 0.0816735 0.757610 0.509971
   12:     6.9737241: 0.0816798 0.757610 0.509973
  testthat results ================================================================
  OK: 313 SKIPPED: 0 FAILED: 2
  1. Failure: Prediction with missing data, random intercept (@test-inference.R#279) 
  2. Failure: Prediction with missing data, random intercept (@test-inference.R#293) 
  
  Error: testthat unit tests failed
  Execution halted
* checking PDF version of manual ... OK
* DONE
Status: 1 ERROR
