Hmm ... looks like a package

This is pdfTeX, Version 3.14159265-2.6-1.40.17 (TeX Live 2016/Debian) (preloaded format=pdflatex)
 restricted \write18 enabled.
entering extended mode
LaTeX2e <2017/01/01> patch level 3
Babel <3.9r> and hyphenation patterns for 83 language(s) loaded.
(./Rd2.tex
(/usr/share/texlive/texmf-dist/tex/latex/base/book.cls
Document Class: book 2014/09/29 v1.4h Standard LaTeX document class
(/usr/share/texlive/texmf-dist/tex/latex/base/bk10.clo))
(/home/tomas/cran/rcnst/build/share/texmf/tex/latex/Rd.sty
(/usr/share/texlive/texmf-dist/tex/latex/base/ifthen.sty)
(/usr/share/texlive/texmf-dist/tex/latex/tools/longtable.sty)
(/usr/share/texlive/texmf-dist/tex/latex/tools/bm.sty)
(/usr/share/texlive/texmf-dist/tex/latex/base/alltt.sty)
(/usr/share/texlive/texmf-dist/tex/latex/tools/verbatim.sty)
(/usr/share/texlive/texmf-dist/tex/latex/url/url.sty)
(/usr/share/texlive/texmf-dist/tex/latex/base/textcomp.sty
(/usr/share/texlive/texmf-dist/tex/latex/base/ts1enc.def))
(/usr/share/texlive/texmf-dist/tex/latex/base/fontenc.sty
(/usr/share/texlive/texmf-dist/tex/latex/base/t1enc.def))
(/usr/share/texlive/texmf-dist/tex/latex/psnfss/times.sty)
(/usr/share/texlive/texmf-dist/tex/latex/inconsolata/zi4.sty
`inconsolata-zi4' v1.112, 2017/01/04 Text macros for Inconsolata (msharpe)
(/usr/share/texlive/texmf-dist/tex/latex/xkeyval/xkeyval.sty
(/usr/share/texlive/texmf-dist/tex/generic/xkeyval/xkeyval.tex
(/usr/share/texlive/texmf-dist/tex/generic/xkeyval/xkvutils.tex
(/usr/share/texlive/texmf-dist/tex/generic/xkeyval/keyval.tex)))))
(/usr/share/texlive/texmf-dist/tex/latex/graphics/color.sty
(/usr/share/texlive/texmf-dist/tex/latex/graphics-cfg/color.cfg)
(/usr/share/texlive/texmf-dist/tex/latex/graphics-def/pdftex.def
(/usr/share/texlive/texmf-dist/tex/generic/oberdiek/infwarerr.sty)
(/usr/share/texlive/texmf-dist/tex/generic/oberdiek/ltxcmds.sty)))
(/usr/share/texlive/texmf-dist/tex/latex/hyperref/hyperref.sty
(/usr/share/texlive/texmf-dist/tex/generic/oberdiek/hobsub-hyperref.sty
(/usr/share/texlive/texmf-dist/tex/generic/oberdiek/hobsub-generic.sty))
(/usr/share/texlive/texmf-dist/tex/generic/ifxetex/ifxetex.sty)
(/usr/share/texlive/texmf-dist/tex/latex/oberdiek/auxhook.sty)
(/usr/share/texlive/texmf-dist/tex/latex/oberdiek/kvoptions.sty)
(/usr/share/texlive/texmf-dist/tex/latex/hyperref/pd1enc.def)
(/usr/share/texlive/texmf-dist/tex/latex/latexconfig/hyperref.cfg))

Package hyperref Message: Driver (autodetected): hpdftex.

(/usr/share/texlive/texmf-dist/tex/latex/hyperref/hpdftex.def
(/usr/share/texlive/texmf-dist/tex/latex/oberdiek/rerunfilecheck.sty))

Package hyperref Warning: Option `hyperindex' has already been used,
(hyperref)                setting the option has no effect on input line 366.


Package hyperref Warning: Option `pagebackref' has already been used,
(hyperref)                setting the option has no effect on input line 366.

) (/usr/share/texlive/texmf-dist/tex/latex/base/makeidx.sty)
(/usr/share/texlive/texmf-dist/tex/latex/base/inputenc.sty
(/usr/share/texlive/texmf-dist/tex/latex/base/utf8.def
(/usr/share/texlive/texmf-dist/tex/latex/base/t1enc.dfu)
(/usr/share/texlive/texmf-dist/tex/latex/base/ot1enc.dfu)
(/usr/share/texlive/texmf-dist/tex/latex/base/omsenc.dfu)
(/usr/share/texlive/texmf-dist/tex/latex/base/ts1enc.dfu))
(/usr/share/texlive/texmf-dist/tex/latex/base/latin1.def))
Writing index file Rd2.idx
No file Rd2.aux.
(/usr/share/texlive/texmf-dist/tex/latex/base/ts1cmr.fd)
(/usr/share/texlive/texmf-dist/tex/latex/psnfss/t1ptm.fd)
(/usr/share/texlive/texmf-dist/tex/context/base/mkii/supp-pdf.mkii
[Loading MPS to PDF converter (version 2006.09.02).]
) (/usr/share/texlive/texmf-dist/tex/latex/hyperref/nameref.sty
(/usr/share/texlive/texmf-dist/tex/generic/oberdiek/gettitlestring.sty))
(/usr/share/texlive/texmf-dist/tex/latex/inconsolata/t1zi4.fd)
(/usr/share/texlive/texmf-dist/tex/latex/psnfss/t1phv.fd)
(/usr/share/texlive/texmf-dist/tex/latex/base/utf8.def) [1{/var/lib/texmf/fonts
/map/pdftex/updmap/pdftex.map}]
(/usr/share/texlive/texmf-dist/tex/latex/base/utf8.def)
(/usr/share/texlive/texmf-dist/tex/latex/base/utf8.def) [2]
(/usr/share/texlive/texmf-dist/tex/latex/base/utf8.def)
(/usr/share/texlive/texmf-dist/tex/latex/base/utf8.def) [3]
(/usr/share/texlive/texmf-dist/tex/latex/base/utf8.def)
(/usr/share/texlive/texmf-dist/tex/latex/base/utf8.def) [4]
(/usr/share/texlive/texmf-dist/tex/latex/base/utf8.def)
(/usr/share/texlive/texmf-dist/tex/latex/base/utf8.def)
(/usr/share/texlive/texmf-dist/tex/latex/inconsolata/ts1zi4.fd) [5] [6]
(/usr/share/texlive/texmf-dist/tex/latex/base/utf8.def)
(/usr/share/texlive/texmf-dist/tex/latex/base/utf8.def) [7]
(/usr/share/texlive/texmf-dist/tex/latex/base/utf8.def) [8]
(/usr/share/texlive/texmf-dist/tex/latex/base/utf8.def)
(/usr/share/texlive/texmf-dist/tex/latex/base/utf8.def)
(/usr/share/texlive/texmf-dist/tex/latex/base/utf8.def) [9] [10]
(/usr/share/texlive/texmf-dist/tex/latex/base/utf8.def) [11]
(/usr/share/texlive/texmf-dist/tex/latex/base/utf8.def)
(/usr/share/texlive/texmf-dist/tex/latex/base/utf8.def) [12]
(/usr/share/texlive/texmf-dist/tex/latex/base/utf8.def) [13]
(/usr/share/texlive/texmf-dist/tex/latex/base/utf8.def)
(/usr/share/texlive/texmf-dist/tex/latex/base/utf8.def) [14] [15]
(/usr/share/texlive/texmf-dist/tex/latex/base/utf8.def)
(/usr/share/texlive/texmf-dist/tex/latex/base/utf8.def) [16] [17]
(/usr/share/texlive/texmf-dist/tex/latex/base/utf8.def) [18] [19]
(/usr/share/texlive/texmf-dist/tex/latex/base/utf8.def) [20] [21] [22]
(/usr/share/texlive/texmf-dist/tex/latex/base/utf8.def) [23]
(/usr/share/texlive/texmf-dist/tex/latex/base/utf8.def)
(/usr/share/texlive/texmf-dist/tex/latex/base/utf8.def)
Overfull \hbox (24.76044pt too wide) in paragraph at lines 1347--1347
 []\T1/zi4/m/n/10 covariance(object, var1=NULL, var2=NULL, constrain=FALSE, pai
rwise=FALSE,...) <- value[] 
[24]
Overfull \hbox (1.69661pt too wide) in paragraph at lines 1396--1398
[]\T1/ptm/m/n/10 Similarily the marginal vari-ance of the two re-sponse vari-ab
les can be fixed to be iden-ti-cal ($\OML/cmm/m/it/10 var\OT1/cmr/m/n/10 (\OML/
cmm/m/it/10 Y[]\OT1/cmr/m/n/10 ) =
[25]
Overfull \hbox (2.53665pt too wide) in paragraph at lines 1423--1425
[]\T1/ptm/m/n/10 Parameter con-straints can be cleared by fix-ing the rel-e-van
t pa-ram-e-ters to \T1/zi4/m/n/10 NA \T1/ptm/m/n/10 (see also the \T1/zi4/m/n/1
0 regression
(/usr/share/texlive/texmf-dist/tex/latex/base/utf8.def) [26]
(/usr/share/texlive/texmf-dist/tex/latex/base/utf8.def) [27]
(/usr/share/texlive/texmf-dist/tex/latex/base/utf8.def) [28]
(/usr/share/texlive/texmf-dist/tex/latex/base/utf8.def)
(/usr/share/texlive/texmf-dist/tex/latex/base/utf8.def) [29]
(/usr/share/texlive/texmf-dist/tex/latex/base/utf8.def) [30] [31] [32]
Underfull \vbox (badness 10000) has occurred while \output is active [33]
Overfull \hbox (26.24101pt too wide) in paragraph at lines 1876--1876
 []\T1/zi4/m/n/9 null <- rep(mean(coef(l)),length(coef(l))) ## just need to mak
e sure we simulate under H0: slope=0[] 
(/usr/share/texlive/texmf-dist/tex/latex/base/utf8.def) [34]
Overfull \hbox (1.886pt too wide) in paragraph at lines 1956--1960
[]\T1/ptm/m/n/10 A list of pa-ram-e-ters con-trol-ling the es-ti-ma-tion and op
-ti-miza-tion pro-ce-dures is parsed via the \T1/zi4/m/n/10 control
[35] (/usr/share/texlive/texmf-dist/tex/latex/base/utf8.def) [36] [37]
Underfull \vbox (badness 10000) has occurred while \output is active [38]
(/usr/share/texlive/texmf-dist/tex/latex/base/utf8.def) [39]
(/usr/share/texlive/texmf-dist/tex/latex/base/utf8.def) [40]
(/usr/share/texlive/texmf-dist/tex/latex/base/utf8.def)
(/usr/share/texlive/texmf-dist/tex/latex/base/utf8.def) [41]
(/usr/share/texlive/texmf-dist/tex/latex/base/utf8.def) [42]
Overfull \hbox (9.9177pt too wide) in paragraph at lines 2434--2436
[]\T1/ptm/m/n/10 Boolean in-di-cat-ing whether to cal-cu-late chi-squared goodn
ess-of-fit (al-ways TRUE
[43] (/usr/share/texlive/texmf-dist/tex/latex/base/utf8.def) [44]
(/usr/share/texlive/texmf-dist/tex/latex/base/utf8.def)
(/usr/share/texlive/texmf-dist/tex/latex/base/utf8.def)
(/usr/share/texlive/texmf-dist/tex/latex/base/utf8.def) [45]
(/usr/share/texlive/texmf-dist/tex/latex/base/utf8.def) [46]
(/usr/share/texlive/texmf-dist/tex/latex/base/utf8.def) [47]
(/usr/share/texlive/texmf-dist/tex/latex/base/utf8.def) [48]
(/usr/share/texlive/texmf-dist/tex/latex/base/utf8.def) [49]
(/usr/share/texlive/texmf-dist/tex/latex/base/utf8.def) [50]
Overfull \hbox (33.76555pt too wide) in paragraph at lines 2885--2885
 []    \T1/zi4/m/n/9 surface(function(x) dmvn(x,sigma=diag(2)),c(-3,3),lit=FALS
E,smooth=FALSE,box=FALSE,alpha=0.8)[] 
(/usr/share/texlive/texmf-dist/tex/latex/base/utf8.def) [51] [52]
(/usr/share/texlive/texmf-dist/tex/latex/base/utf8.def)
(/usr/share/texlive/texmf-dist/tex/latex/psnfss/ts1ptm.fd) [53]
(/usr/share/texlive/texmf-dist/tex/latex/base/utf8.def) [54]
(/usr/share/texlive/texmf-dist/tex/latex/base/utf8.def)
(/usr/share/texlive/texmf-dist/tex/latex/base/utf8.def) [55]
Overfull \hbox (17.26862pt too wide) in paragraph at lines 3187--3187
 []    \T1/zi4/m/n/9 cbind(u=mu[,"u"],u2=mu[,"u"]^2+var["u","u"],v=mu[,"v"],uv=
mu[,"u"]*mu[,"v"]+var["u","v"])[] 
[56] (/usr/share/texlive/texmf-dist/tex/latex/base/utf8.def) [57]
(/usr/share/texlive/texmf-dist/tex/latex/base/utf8.def) [58]
(/usr/share/texlive/texmf-dist/tex/latex/base/utf8.def)
(/usr/share/texlive/texmf-dist/tex/latex/base/utf8.def) [59]
Overfull \hbox (9.60748pt too wide) in paragraph at lines 3392--3395
[]\T1/ptm/m/n/10 Direction to do model search. "for-ward" := add as-so-ci-a-tio
ns/arrows to model/graph

Overfull \hbox (1.17747pt too wide) in paragraph at lines 3392--3395
\T1/ptm/m/n/10 (score tests), "back-ward" := re-move as-so-ci-a-tions/arrows fr
om model/graph (wald
(/usr/share/texlive/texmf-dist/tex/latex/base/utf8.def) [60] [61]
(/usr/share/texlive/texmf-dist/tex/latex/base/utf8.def)
(/usr/share/texlive/texmf-dist/tex/latex/base/utf8.def)
(/usr/share/texlive/texmf-dist/tex/latex/base/utf8.def) [62]
(/usr/share/texlive/texmf-dist/tex/latex/base/utf8.def) [63]
(/usr/share/texlive/texmf-dist/tex/latex/base/utf8.def)
(/usr/share/texlive/texmf-dist/tex/latex/base/utf8.def) [64]
(/usr/share/texlive/texmf-dist/tex/latex/base/utf8.def) [65] [66]
(/usr/share/texlive/texmf-dist/tex/latex/base/utf8.def)
(/usr/share/texlive/texmf-dist/tex/latex/base/utf8.def) [67]
(/usr/share/texlive/texmf-dist/tex/latex/base/utf8.def) [68]
(/usr/share/texlive/texmf-dist/tex/latex/base/utf8.def) [69] [70]
(/usr/share/texlive/texmf-dist/tex/latex/base/utf8.def) [71] [72]
(/usr/share/texlive/texmf-dist/tex/latex/base/utf8.def) [73]
(/usr/share/texlive/texmf-dist/tex/latex/base/utf8.def) [74]
(/usr/share/texlive/texmf-dist/tex/latex/base/utf8.def)
(/usr/share/texlive/texmf-dist/tex/latex/base/utf8.def) [75] [76]
Overfull \hbox (57.36798pt too wide) in paragraph at lines 4396--4403
\T1/ptm/m/n/10 add a lin-ear re-la-tion-ship be-tween \T1/zi4/m/n/10 y \T1/ptm/
m/n/10 and \T1/zi4/m/n/10 x \T1/ptm/m/n/10 with slope 2 to the model \T1/zi4/m/
n/10 m\T1/ptm/m/n/10 , we can write \T1/zi4/m/n/10 regression(m,"y") <- "x$2"\T
1/ptm/m/n/10 .
[77] (/usr/share/texlive/texmf-dist/tex/latex/base/utf8.def)
(/usr/share/texlive/texmf-dist/tex/latex/base/utf8.def) [78]
(/usr/share/texlive/texmf-dist/tex/latex/base/utf8.def)
(/usr/share/texlive/texmf-dist/tex/latex/base/utf8.def) [79]
(/usr/share/texlive/texmf-dist/tex/latex/base/utf8.def) [80]
(/usr/share/texlive/texmf-dist/tex/latex/base/utf8.def) [81]
Underfull \vbox (badness 3803) has occurred while \output is active [82]
Underfull \vbox (badness 10000) has occurred while \output is active [83]
Underfull \vbox (badness 10000) has occurred while \output is active [84]
(/usr/share/texlive/texmf-dist/tex/latex/base/utf8.def) [85]
Overfull \hbox (14.28088pt too wide) in paragraph at lines 4962--4962
 []\T1/zi4/m/n/9 summary(val,estimate=c(1,1),se=c(2,5),true=c(1,1),names=c("Mod
el","Sandwich"),confint=TRUE)[] 
[86] (/usr/share/texlive/texmf-dist/tex/latex/base/utf8.def) [87]
(/usr/share/texlive/texmf-dist/tex/latex/base/utf8.def) [88]
(/usr/share/texlive/texmf-dist/tex/latex/base/utf8.def)
(/usr/share/texlive/texmf-dist/tex/latex/base/utf8.def) [89]
(/usr/share/texlive/texmf-dist/tex/latex/base/utf8.def) [90]
Overfull \hbox (6.75635pt too wide) in paragraph at lines 5308--5308
 []\T1/zi4/m/n/9 exp(coef(glm(events ~ offset(log(atrisk)) + -1 + interval+z1:i
nterval, dd, family=poisson)))[] 
[91]
Overfull \hbox (12.75021pt too wide) in paragraph at lines 5329--5329
 []\T1/zi4/m/n/9 exp(coef(glm(events ~ offset(log(atrisk)) + -1 + interval + in
terval:z1, dd, family=poisson)))[] 
(/usr/share/texlive/texmf-dist/tex/latex/base/utf8.def)
(/usr/share/texlive/texmf-dist/tex/latex/base/utf8.def) [92]
(/usr/share/texlive/texmf-dist/tex/latex/base/utf8.def) [93]
(/usr/share/texlive/texmf-dist/tex/latex/base/utf8.def)
(/usr/share/texlive/texmf-dist/tex/latex/base/utf8.def) [94]
(/usr/share/texlive/texmf-dist/tex/latex/base/utf8.def) [95]
(/usr/share/texlive/texmf-dist/tex/latex/base/utf8.def) [96]
(/usr/share/texlive/texmf-dist/tex/latex/base/utf8.def) [97]
(/usr/share/texlive/texmf-dist/tex/latex/base/utf8.def)
(/usr/share/texlive/texmf-dist/tex/latex/base/utf8.def) [98] [99]
(/usr/share/texlive/texmf-dist/tex/latex/base/utf8.def) [100]
(/usr/share/texlive/texmf-dist/tex/latex/base/utf8.def)
No file Rd2.ind.
[101] (/tmp/Rtmp3bFPo5/Rd2pdf8c526b7192ef/Rd2.aux)

Package rerunfilecheck Warning: File `Rd2.out' has changed.
(rerunfilecheck)                Rerun to get outlines right
(rerunfilecheck)                or use package `bookmark'.

 )
(see the transcript file for additional information)pdfTeX warning (dest): name
{Rfn.match} has been referenced but does not exist, replaced by a fixed one

pdfTeX warning (dest): name{Rfn.cat} has been referenced but does not exist, re
placed by a fixed one

pdfTeX warning (dest): name{Rfn.paste} has been referenced but does not exist, 
replaced by a fixed one

pdfTeX warning (dest): name{Rfn.tcrossprod} has been referenced but does not ex
ist, replaced by a fixed one

pdfTeX warning (dest): name{Rfn.crossprod} has been referenced but does not exi
st, replaced by a fixed one

pdfTeX warning (dest): name{Rfn.as.formula} has been referenced but does not ex
ist, replaced by a fixed one

{/usr/share/texlive/texmf-dist/fonts/enc/dvips/inconsolata/i4-ts1.enc}{/usr/sha
re/texlive/texmf-dist/fonts/enc/dvips/base/8r.enc}{/usr/share/texlive/texmf-dis
t/fonts/enc/dvips/inconsolata/i4-t1-0.enc}</usr/share/texlive/texmf-dist/fonts/
type1/public/inconsolata/Inconsolata-zi4r.pfb></usr/share/texlive/texmf-dist/fo
nts/type1/public/amsfonts/cm/cmex10.pfb></usr/share/texlive/texmf-dist/fonts/ty
pe1/public/amsfonts/cm/cmmi10.pfb></usr/share/texlive/texmf-dist/fonts/type1/pu
blic/amsfonts/cm/cmmi7.pfb></usr/share/texlive/texmf-dist/fonts/type1/public/am
sfonts/cm/cmr10.pfb></usr/share/texlive/texmf-dist/fonts/type1/public/amsfonts/
cm/cmr7.pfb></usr/share/texlive/texmf-dist/fonts/type1/public/amsfonts/cm/cmsy1
0.pfb></usr/share/texlive/texmf-dist/fonts/type1/urw/helvetic/uhvr8a.pfb></usr/
share/texlive/texmf-dist/fonts/type1/urw/times/utmb8a.pfb></usr/share/texlive/t
exmf-dist/fonts/type1/urw/times/utmr8a.pfb></usr/share/texlive/texmf-dist/fonts
/type1/urw/times/utmr8a.pfb></usr/share/texlive/texmf-dist/fonts/type1/urw/time
s/utmri8a.pfb>
Output written on Rd2.pdf (101 pages, 301727 bytes).
Transcript written on Rd2.log.
This is pdfTeX, Version 3.14159265-2.6-1.40.17 (TeX Live 2016/Debian) (preloaded format=pdflatex)
 restricted \write18 enabled.
entering extended mode
LaTeX2e <2017/01/01> patch level 3
Babel <3.9r> and hyphenation patterns for 83 language(s) loaded.
(./Rd2.tex
(/usr/share/texlive/texmf-dist/tex/latex/base/book.cls
Document Class: book 2014/09/29 v1.4h Standard LaTeX document class
(/usr/share/texlive/texmf-dist/tex/latex/base/bk10.clo))
(/home/tomas/cran/rcnst/build/share/texmf/tex/latex/Rd.sty
(/usr/share/texlive/texmf-dist/tex/latex/base/ifthen.sty)
(/usr/share/texlive/texmf-dist/tex/latex/tools/longtable.sty)
(/usr/share/texlive/texmf-dist/tex/latex/tools/bm.sty)
(/usr/share/texlive/texmf-dist/tex/latex/base/alltt.sty)
(/usr/share/texlive/texmf-dist/tex/latex/tools/verbatim.sty)
(/usr/share/texlive/texmf-dist/tex/latex/url/url.sty)
(/usr/share/texlive/texmf-dist/tex/latex/base/textcomp.sty
(/usr/share/texlive/texmf-dist/tex/latex/base/ts1enc.def))
(/usr/share/texlive/texmf-dist/tex/latex/base/fontenc.sty
(/usr/share/texlive/texmf-dist/tex/latex/base/t1enc.def))
(/usr/share/texlive/texmf-dist/tex/latex/psnfss/times.sty)
(/usr/share/texlive/texmf-dist/tex/latex/inconsolata/zi4.sty
`inconsolata-zi4' v1.112, 2017/01/04 Text macros for Inconsolata (msharpe)
(/usr/share/texlive/texmf-dist/tex/latex/xkeyval/xkeyval.sty
(/usr/share/texlive/texmf-dist/tex/generic/xkeyval/xkeyval.tex
(/usr/share/texlive/texmf-dist/tex/generic/xkeyval/xkvutils.tex
(/usr/share/texlive/texmf-dist/tex/generic/xkeyval/keyval.tex)))))
(/usr/share/texlive/texmf-dist/tex/latex/graphics/color.sty
(/usr/share/texlive/texmf-dist/tex/latex/graphics-cfg/color.cfg)
(/usr/share/texlive/texmf-dist/tex/latex/graphics-def/pdftex.def
(/usr/share/texlive/texmf-dist/tex/generic/oberdiek/infwarerr.sty)
(/usr/share/texlive/texmf-dist/tex/generic/oberdiek/ltxcmds.sty)))
(/usr/share/texlive/texmf-dist/tex/latex/hyperref/hyperref.sty
(/usr/share/texlive/texmf-dist/tex/generic/oberdiek/hobsub-hyperref.sty
(/usr/share/texlive/texmf-dist/tex/generic/oberdiek/hobsub-generic.sty))
(/usr/share/texlive/texmf-dist/tex/generic/ifxetex/ifxetex.sty)
(/usr/share/texlive/texmf-dist/tex/latex/oberdiek/auxhook.sty)
(/usr/share/texlive/texmf-dist/tex/latex/oberdiek/kvoptions.sty)
(/usr/share/texlive/texmf-dist/tex/latex/hyperref/pd1enc.def)
(/usr/share/texlive/texmf-dist/tex/latex/latexconfig/hyperref.cfg))

Package hyperref Message: Driver (autodetected): hpdftex.

(/usr/share/texlive/texmf-dist/tex/latex/hyperref/hpdftex.def
(/usr/share/texlive/texmf-dist/tex/latex/oberdiek/rerunfilecheck.sty))

Package hyperref Warning: Option `hyperindex' has already been used,
(hyperref)                setting the option has no effect on input line 366.


Package hyperref Warning: Option `pagebackref' has already been used,
(hyperref)                setting the option has no effect on input line 366.

) (/usr/share/texlive/texmf-dist/tex/latex/base/makeidx.sty)
(/usr/share/texlive/texmf-dist/tex/latex/base/inputenc.sty
(/usr/share/texlive/texmf-dist/tex/latex/base/utf8.def
(/usr/share/texlive/texmf-dist/tex/latex/base/t1enc.dfu)
(/usr/share/texlive/texmf-dist/tex/latex/base/ot1enc.dfu)
(/usr/share/texlive/texmf-dist/tex/latex/base/omsenc.dfu)
(/usr/share/texlive/texmf-dist/tex/latex/base/ts1enc.dfu))
(/usr/share/texlive/texmf-dist/tex/latex/base/latin1.def))
Writing index file Rd2.idx
(/tmp/Rtmp3bFPo5/Rd2pdf8c526b7192ef/Rd2.aux)
(/usr/share/texlive/texmf-dist/tex/latex/base/ts1cmr.fd)
(/usr/share/texlive/texmf-dist/tex/latex/psnfss/t1ptm.fd)
(/usr/share/texlive/texmf-dist/tex/context/base/mkii/supp-pdf.mkii
[Loading MPS to PDF converter (version 2006.09.02).]
) (/usr/share/texlive/texmf-dist/tex/latex/hyperref/nameref.sty
(/usr/share/texlive/texmf-dist/tex/generic/oberdiek/gettitlestring.sty))
(/tmp/Rtmp3bFPo5/Rd2pdf8c526b7192ef/Rd2.out)
(/tmp/Rtmp3bFPo5/Rd2pdf8c526b7192ef/Rd2.out)
(/usr/share/texlive/texmf-dist/tex/latex/inconsolata/t1zi4.fd)
(/usr/share/texlive/texmf-dist/tex/latex/psnfss/t1phv.fd)
(/tmp/Rtmp3bFPo5/Rd2pdf8c526b7192ef/Rd2.toc [1{/var/lib/texmf/fonts/map/pdftex/
updmap/pdftex.map}] [2] [3])
(/usr/share/texlive/texmf-dist/tex/latex/base/utf8.def)
(/usr/share/texlive/texmf-dist/tex/latex/base/utf8.def)
(/usr/share/texlive/texmf-dist/tex/latex/base/utf8.def) [4]
(/usr/share/texlive/texmf-dist/tex/latex/base/utf8.def)
(/usr/share/texlive/texmf-dist/tex/latex/base/utf8.def) [5]
(/usr/share/texlive/texmf-dist/tex/latex/base/utf8.def)
(/usr/share/texlive/texmf-dist/tex/latex/base/utf8.def) [6]
(/usr/share/texlive/texmf-dist/tex/latex/base/utf8.def)
(/usr/share/texlive/texmf-dist/tex/latex/base/utf8.def)
(/usr/share/texlive/texmf-dist/tex/latex/inconsolata/ts1zi4.fd) [7] [8]
(/usr/share/texlive/texmf-dist/tex/latex/base/utf8.def)
(/usr/share/texlive/texmf-dist/tex/latex/base/utf8.def) [9]
(/usr/share/texlive/texmf-dist/tex/latex/base/utf8.def) [10]
(/usr/share/texlive/texmf-dist/tex/latex/base/utf8.def)
(/usr/share/texlive/texmf-dist/tex/latex/base/utf8.def)
(/usr/share/texlive/texmf-dist/tex/latex/base/utf8.def) [11] [12]
(/usr/share/texlive/texmf-dist/tex/latex/base/utf8.def) [13]
(/usr/share/texlive/texmf-dist/tex/latex/base/utf8.def)
(/usr/share/texlive/texmf-dist/tex/latex/base/utf8.def) [14]
(/usr/share/texlive/texmf-dist/tex/latex/base/utf8.def) [15]
(/usr/share/texlive/texmf-dist/tex/latex/base/utf8.def)
(/usr/share/texlive/texmf-dist/tex/latex/base/utf8.def) [16] [17]
(/usr/share/texlive/texmf-dist/tex/latex/base/utf8.def)
(/usr/share/texlive/texmf-dist/tex/latex/base/utf8.def) [18] [19]
(/usr/share/texlive/texmf-dist/tex/latex/base/utf8.def) [20] [21]
(/usr/share/texlive/texmf-dist/tex/latex/base/utf8.def) [22] [23] [24]
(/usr/share/texlive/texmf-dist/tex/latex/base/utf8.def) [25]
(/usr/share/texlive/texmf-dist/tex/latex/base/utf8.def)
(/usr/share/texlive/texmf-dist/tex/latex/base/utf8.def)
Overfull \hbox (24.76044pt too wide) in paragraph at lines 1347--1347
 []\T1/zi4/m/n/10 covariance(object, var1=NULL, var2=NULL, constrain=FALSE, pai
rwise=FALSE,...) <- value[] 
[26]
Overfull \hbox (1.69661pt too wide) in paragraph at lines 1396--1398
[]\T1/ptm/m/n/10 Similarily the marginal vari-ance of the two re-sponse vari-ab
les can be fixed to be iden-ti-cal ($\OML/cmm/m/it/10 var\OT1/cmr/m/n/10 (\OML/
cmm/m/it/10 Y[]\OT1/cmr/m/n/10 ) =
[27]
Overfull \hbox (2.53665pt too wide) in paragraph at lines 1423--1425
[]\T1/ptm/m/n/10 Parameter con-straints can be cleared by fix-ing the rel-e-van
t pa-ram-e-ters to \T1/zi4/m/n/10 NA \T1/ptm/m/n/10 (see also the \T1/zi4/m/n/1
0 regression
(/usr/share/texlive/texmf-dist/tex/latex/base/utf8.def) [28]
(/usr/share/texlive/texmf-dist/tex/latex/base/utf8.def) [29]
(/usr/share/texlive/texmf-dist/tex/latex/base/utf8.def) [30]
(/usr/share/texlive/texmf-dist/tex/latex/base/utf8.def)
(/usr/share/texlive/texmf-dist/tex/latex/base/utf8.def) [31]
(/usr/share/texlive/texmf-dist/tex/latex/base/utf8.def) [32] [33] [34]
Underfull \vbox (badness 10000) has occurred while \output is active [35]
Overfull \hbox (26.24101pt too wide) in paragraph at lines 1876--1876
 []\T1/zi4/m/n/9 null <- rep(mean(coef(l)),length(coef(l))) ## just need to mak
e sure we simulate under H0: slope=0[] 
(/usr/share/texlive/texmf-dist/tex/latex/base/utf8.def) [36]
Overfull \hbox (1.886pt too wide) in paragraph at lines 1956--1960
[]\T1/ptm/m/n/10 A list of pa-ram-e-ters con-trol-ling the es-ti-ma-tion and op
-ti-miza-tion pro-ce-dures is parsed via the \T1/zi4/m/n/10 control
[37] (/usr/share/texlive/texmf-dist/tex/latex/base/utf8.def) [38] [39]
Underfull \vbox (badness 10000) has occurred while \output is active [40]
(/usr/share/texlive/texmf-dist/tex/latex/base/utf8.def) [41]
(/usr/share/texlive/texmf-dist/tex/latex/base/utf8.def) [42]
(/usr/share/texlive/texmf-dist/tex/latex/base/utf8.def)
(/usr/share/texlive/texmf-dist/tex/latex/base/utf8.def) [43]
(/usr/share/texlive/texmf-dist/tex/latex/base/utf8.def) [44]
Overfull \hbox (9.9177pt too wide) in paragraph at lines 2434--2436
[]\T1/ptm/m/n/10 Boolean in-di-cat-ing whether to cal-cu-late chi-squared goodn
ess-of-fit (al-ways TRUE
[45] (/usr/share/texlive/texmf-dist/tex/latex/base/utf8.def) [46]
(/usr/share/texlive/texmf-dist/tex/latex/base/utf8.def)
(/usr/share/texlive/texmf-dist/tex/latex/base/utf8.def)
(/usr/share/texlive/texmf-dist/tex/latex/base/utf8.def) [47]
(/usr/share/texlive/texmf-dist/tex/latex/base/utf8.def) [48]
(/usr/share/texlive/texmf-dist/tex/latex/base/utf8.def) [49]
(/usr/share/texlive/texmf-dist/tex/latex/base/utf8.def) [50]
(/usr/share/texlive/texmf-dist/tex/latex/base/utf8.def) [51]
(/usr/share/texlive/texmf-dist/tex/latex/base/utf8.def) [52]
Overfull \hbox (33.76555pt too wide) in paragraph at lines 2885--2885
 []    \T1/zi4/m/n/9 surface(function(x) dmvn(x,sigma=diag(2)),c(-3,3),lit=FALS
E,smooth=FALSE,box=FALSE,alpha=0.8)[] 
(/usr/share/texlive/texmf-dist/tex/latex/base/utf8.def) [53] [54]
(/usr/share/texlive/texmf-dist/tex/latex/base/utf8.def)
(/usr/share/texlive/texmf-dist/tex/latex/psnfss/ts1ptm.fd) [55]
(/usr/share/texlive/texmf-dist/tex/latex/base/utf8.def) [56]
(/usr/share/texlive/texmf-dist/tex/latex/base/utf8.def)
(/usr/share/texlive/texmf-dist/tex/latex/base/utf8.def) [57]
Overfull \hbox (17.26862pt too wide) in paragraph at lines 3187--3187
 []    \T1/zi4/m/n/9 cbind(u=mu[,"u"],u2=mu[,"u"]^2+var["u","u"],v=mu[,"v"],uv=
mu[,"u"]*mu[,"v"]+var["u","v"])[] 
[58] (/usr/share/texlive/texmf-dist/tex/latex/base/utf8.def) [59]
(/usr/share/texlive/texmf-dist/tex/latex/base/utf8.def) [60]
(/usr/share/texlive/texmf-dist/tex/latex/base/utf8.def)
(/usr/share/texlive/texmf-dist/tex/latex/base/utf8.def) [61]
Overfull \hbox (9.60748pt too wide) in paragraph at lines 3392--3395
[]\T1/ptm/m/n/10 Direction to do model search. "for-ward" := add as-so-ci-a-tio
ns/arrows to model/graph

Overfull \hbox (1.17747pt too wide) in paragraph at lines 3392--3395
\T1/ptm/m/n/10 (score tests), "back-ward" := re-move as-so-ci-a-tions/arrows fr
om model/graph (wald
(/usr/share/texlive/texmf-dist/tex/latex/base/utf8.def) [62] [63]
(/usr/share/texlive/texmf-dist/tex/latex/base/utf8.def)
(/usr/share/texlive/texmf-dist/tex/latex/base/utf8.def)
(/usr/share/texlive/texmf-dist/tex/latex/base/utf8.def) [64]
(/usr/share/texlive/texmf-dist/tex/latex/base/utf8.def) [65]
(/usr/share/texlive/texmf-dist/tex/latex/base/utf8.def)
(/usr/share/texlive/texmf-dist/tex/latex/base/utf8.def) [66]
(/usr/share/texlive/texmf-dist/tex/latex/base/utf8.def) [67] [68]
(/usr/share/texlive/texmf-dist/tex/latex/base/utf8.def)
(/usr/share/texlive/texmf-dist/tex/latex/base/utf8.def) [69]
(/usr/share/texlive/texmf-dist/tex/latex/base/utf8.def) [70]
(/usr/share/texlive/texmf-dist/tex/latex/base/utf8.def) [71] [72]
(/usr/share/texlive/texmf-dist/tex/latex/base/utf8.def) [73] [74]
(/usr/share/texlive/texmf-dist/tex/latex/base/utf8.def) [75]
(/usr/share/texlive/texmf-dist/tex/latex/base/utf8.def) [76]
(/usr/share/texlive/texmf-dist/tex/latex/base/utf8.def)
(/usr/share/texlive/texmf-dist/tex/latex/base/utf8.def) [77] [78]
Overfull \hbox (57.36798pt too wide) in paragraph at lines 4396--4403
\T1/ptm/m/n/10 add a lin-ear re-la-tion-ship be-tween \T1/zi4/m/n/10 y \T1/ptm/
m/n/10 and \T1/zi4/m/n/10 x \T1/ptm/m/n/10 with slope 2 to the model \T1/zi4/m/
n/10 m\T1/ptm/m/n/10 , we can write \T1/zi4/m/n/10 regression(m,"y") <- "x$2"\T
1/ptm/m/n/10 .
[79] (/usr/share/texlive/texmf-dist/tex/latex/base/utf8.def)
(/usr/share/texlive/texmf-dist/tex/latex/base/utf8.def) [80]
(/usr/share/texlive/texmf-dist/tex/latex/base/utf8.def)
(/usr/share/texlive/texmf-dist/tex/latex/base/utf8.def) [81]
(/usr/share/texlive/texmf-dist/tex/latex/base/utf8.def) [82]
(/usr/share/texlive/texmf-dist/tex/latex/base/utf8.def) [83]
Underfull \vbox (badness 3803) has occurred while \output is active [84]
Underfull \vbox (badness 10000) has occurred while \output is active [85]
Underfull \vbox (badness 10000) has occurred while \output is active [86]
(/usr/share/texlive/texmf-dist/tex/latex/base/utf8.def) [87]
Overfull \hbox (14.28088pt too wide) in paragraph at lines 4962--4962
 []\T1/zi4/m/n/9 summary(val,estimate=c(1,1),se=c(2,5),true=c(1,1),names=c("Mod
el","Sandwich"),confint=TRUE)[] 
[88] (/usr/share/texlive/texmf-dist/tex/latex/base/utf8.def) [89]
(/usr/share/texlive/texmf-dist/tex/latex/base/utf8.def) [90]
(/usr/share/texlive/texmf-dist/tex/latex/base/utf8.def)
(/usr/share/texlive/texmf-dist/tex/latex/base/utf8.def) [91]
(/usr/share/texlive/texmf-dist/tex/latex/base/utf8.def) [92]
Overfull \hbox (6.75635pt too wide) in paragraph at lines 5308--5308
 []\T1/zi4/m/n/9 exp(coef(glm(events ~ offset(log(atrisk)) + -1 + interval+z1:i
nterval, dd, family=poisson)))[] 
[93]
Overfull \hbox (12.75021pt too wide) in paragraph at lines 5329--5329
 []\T1/zi4/m/n/9 exp(coef(glm(events ~ offset(log(atrisk)) + -1 + interval + in
terval:z1, dd, family=poisson)))[] 
(/usr/share/texlive/texmf-dist/tex/latex/base/utf8.def)
(/usr/share/texlive/texmf-dist/tex/latex/base/utf8.def) [94]
(/usr/share/texlive/texmf-dist/tex/latex/base/utf8.def) [95]
(/usr/share/texlive/texmf-dist/tex/latex/base/utf8.def)
(/usr/share/texlive/texmf-dist/tex/latex/base/utf8.def) [96]
(/usr/share/texlive/texmf-dist/tex/latex/base/utf8.def) [97]
(/usr/share/texlive/texmf-dist/tex/latex/base/utf8.def) [98]
(/usr/share/texlive/texmf-dist/tex/latex/base/utf8.def) [99]
(/usr/share/texlive/texmf-dist/tex/latex/base/utf8.def)
(/usr/share/texlive/texmf-dist/tex/latex/base/utf8.def) [100] [101]
(/usr/share/texlive/texmf-dist/tex/latex/base/utf8.def) [102]
(/usr/share/texlive/texmf-dist/tex/latex/base/utf8.def)
No file Rd2.ind.
[103] (/tmp/Rtmp3bFPo5/Rd2pdf8c526b7192ef/Rd2.aux) )
(see the transcript file for additional information)pdfTeX warning (dest): name
{Rfn.match} has been referenced but does not exist, replaced by a fixed one

pdfTeX warning (dest): name{Rfn.cat} has been referenced but does not exist, re
placed by a fixed one

pdfTeX warning (dest): name{Rfn.paste} has been referenced but does not exist, 
replaced by a fixed one

pdfTeX warning (dest): name{Rfn.tcrossprod} has been referenced but does not ex
ist, replaced by a fixed one

pdfTeX warning (dest): name{Rfn.crossprod} has been referenced but does not exi
st, replaced by a fixed one

pdfTeX warning (dest): name{Rfn.as.formula} has been referenced but does not ex
ist, replaced by a fixed one

{/usr/share/texlive/texmf-dist/fonts/enc/dvips/inconsolata/i4-ts1.enc}{/usr/sha
re/texlive/texmf-dist/fonts/enc/dvips/base/8r.enc}{/usr/share/texlive/texmf-dis
t/fonts/enc/dvips/inconsolata/i4-t1-0.enc}</usr/share/texlive/texmf-dist/fonts/
type1/public/inconsolata/Inconsolata-zi4r.pfb></usr/share/texlive/texmf-dist/fo
nts/type1/public/amsfonts/cm/cmex10.pfb></usr/share/texlive/texmf-dist/fonts/ty
pe1/public/amsfonts/cm/cmmi10.pfb></usr/share/texlive/texmf-dist/fonts/type1/pu
blic/amsfonts/cm/cmmi7.pfb></usr/share/texlive/texmf-dist/fonts/type1/public/am
sfonts/cm/cmr10.pfb></usr/share/texlive/texmf-dist/fonts/type1/public/amsfonts/
cm/cmr7.pfb></usr/share/texlive/texmf-dist/fonts/type1/public/amsfonts/cm/cmsy1
0.pfb></usr/share/texlive/texmf-dist/fonts/type1/urw/helvetic/uhvr8a.pfb></usr/
share/texlive/texmf-dist/fonts/type1/urw/times/utmb8a.pfb></usr/share/texlive/t
exmf-dist/fonts/type1/urw/times/utmr8a.pfb></usr/share/texlive/texmf-dist/fonts
/type1/urw/times/utmr8a.pfb></usr/share/texlive/texmf-dist/fonts/type1/urw/time
s/utmri8a.pfb>
Output written on Rd2.pdf (103 pages, 312080 bytes).
Transcript written on Rd2.log.
This is makeindex, version 2.15 [TeX Live 2016] (kpathsea + Thai support).
Scanning input file Rd2.idx....done (386 entries accepted, 21 rejected).
Sorting entries......done (3481 comparisons).
Generating output file Rd2.ind....done (637 lines written, 0 warnings).
Output written in Rd2.ind.
Transcript written in Rd2.ilg.
This is pdfTeX, Version 3.14159265-2.6-1.40.17 (TeX Live 2016/Debian) (preloaded format=pdflatex)
 restricted \write18 enabled.
entering extended mode
LaTeX2e <2017/01/01> patch level 3
Babel <3.9r> and hyphenation patterns for 83 language(s) loaded.
(./Rd2.tex
(/usr/share/texlive/texmf-dist/tex/latex/base/book.cls
Document Class: book 2014/09/29 v1.4h Standard LaTeX document class
(/usr/share/texlive/texmf-dist/tex/latex/base/bk10.clo))
(/home/tomas/cran/rcnst/build/share/texmf/tex/latex/Rd.sty
(/usr/share/texlive/texmf-dist/tex/latex/base/ifthen.sty)
(/usr/share/texlive/texmf-dist/tex/latex/tools/longtable.sty)
(/usr/share/texlive/texmf-dist/tex/latex/tools/bm.sty)
(/usr/share/texlive/texmf-dist/tex/latex/base/alltt.sty)
(/usr/share/texlive/texmf-dist/tex/latex/tools/verbatim.sty)
(/usr/share/texlive/texmf-dist/tex/latex/url/url.sty)
(/usr/share/texlive/texmf-dist/tex/latex/base/textcomp.sty
(/usr/share/texlive/texmf-dist/tex/latex/base/ts1enc.def))
(/usr/share/texlive/texmf-dist/tex/latex/base/fontenc.sty
(/usr/share/texlive/texmf-dist/tex/latex/base/t1enc.def))
(/usr/share/texlive/texmf-dist/tex/latex/psnfss/times.sty)
(/usr/share/texlive/texmf-dist/tex/latex/inconsolata/zi4.sty
`inconsolata-zi4' v1.112, 2017/01/04 Text macros for Inconsolata (msharpe)
(/usr/share/texlive/texmf-dist/tex/latex/xkeyval/xkeyval.sty
(/usr/share/texlive/texmf-dist/tex/generic/xkeyval/xkeyval.tex
(/usr/share/texlive/texmf-dist/tex/generic/xkeyval/xkvutils.tex
(/usr/share/texlive/texmf-dist/tex/generic/xkeyval/keyval.tex)))))
(/usr/share/texlive/texmf-dist/tex/latex/graphics/color.sty
(/usr/share/texlive/texmf-dist/tex/latex/graphics-cfg/color.cfg)
(/usr/share/texlive/texmf-dist/tex/latex/graphics-def/pdftex.def
(/usr/share/texlive/texmf-dist/tex/generic/oberdiek/infwarerr.sty)
(/usr/share/texlive/texmf-dist/tex/generic/oberdiek/ltxcmds.sty)))
(/usr/share/texlive/texmf-dist/tex/latex/hyperref/hyperref.sty
(/usr/share/texlive/texmf-dist/tex/generic/oberdiek/hobsub-hyperref.sty
(/usr/share/texlive/texmf-dist/tex/generic/oberdiek/hobsub-generic.sty))
(/usr/share/texlive/texmf-dist/tex/generic/ifxetex/ifxetex.sty)
(/usr/share/texlive/texmf-dist/tex/latex/oberdiek/auxhook.sty)
(/usr/share/texlive/texmf-dist/tex/latex/oberdiek/kvoptions.sty)
(/usr/share/texlive/texmf-dist/tex/latex/hyperref/pd1enc.def)
(/usr/share/texlive/texmf-dist/tex/latex/latexconfig/hyperref.cfg))

Package hyperref Message: Driver (autodetected): hpdftex.

(/usr/share/texlive/texmf-dist/tex/latex/hyperref/hpdftex.def
(/usr/share/texlive/texmf-dist/tex/latex/oberdiek/rerunfilecheck.sty))

Package hyperref Warning: Option `hyperindex' has already been used,
(hyperref)                setting the option has no effect on input line 366.


Package hyperref Warning: Option `pagebackref' has already been used,
(hyperref)                setting the option has no effect on input line 366.

) (/usr/share/texlive/texmf-dist/tex/latex/base/makeidx.sty)
(/usr/share/texlive/texmf-dist/tex/latex/base/inputenc.sty
(/usr/share/texlive/texmf-dist/tex/latex/base/utf8.def
(/usr/share/texlive/texmf-dist/tex/latex/base/t1enc.dfu)
(/usr/share/texlive/texmf-dist/tex/latex/base/ot1enc.dfu)
(/usr/share/texlive/texmf-dist/tex/latex/base/omsenc.dfu)
(/usr/share/texlive/texmf-dist/tex/latex/base/ts1enc.dfu))
(/usr/share/texlive/texmf-dist/tex/latex/base/latin1.def))
Writing index file Rd2.idx
(/tmp/Rtmp3bFPo5/Rd2pdf8c526b7192ef/Rd2.aux)
(/usr/share/texlive/texmf-dist/tex/latex/base/ts1cmr.fd)
(/usr/share/texlive/texmf-dist/tex/latex/psnfss/t1ptm.fd)
(/usr/share/texlive/texmf-dist/tex/context/base/mkii/supp-pdf.mkii
[Loading MPS to PDF converter (version 2006.09.02).]
) (/usr/share/texlive/texmf-dist/tex/latex/hyperref/nameref.sty
(/usr/share/texlive/texmf-dist/tex/generic/oberdiek/gettitlestring.sty))
(/tmp/Rtmp3bFPo5/Rd2pdf8c526b7192ef/Rd2.out)
(/tmp/Rtmp3bFPo5/Rd2pdf8c526b7192ef/Rd2.out)
(/usr/share/texlive/texmf-dist/tex/latex/inconsolata/t1zi4.fd)
(/usr/share/texlive/texmf-dist/tex/latex/psnfss/t1phv.fd)
(/tmp/Rtmp3bFPo5/Rd2pdf8c526b7192ef/Rd2.toc [1{/var/lib/texmf/fonts/map/pdftex/
updmap/pdftex.map}] [2] [3])
(/usr/share/texlive/texmf-dist/tex/latex/base/utf8.def)
(/usr/share/texlive/texmf-dist/tex/latex/base/utf8.def)
(/usr/share/texlive/texmf-dist/tex/latex/base/utf8.def) [4]
(/usr/share/texlive/texmf-dist/tex/latex/base/utf8.def)
(/usr/share/texlive/texmf-dist/tex/latex/base/utf8.def) [5]
(/usr/share/texlive/texmf-dist/tex/latex/base/utf8.def)
(/usr/share/texlive/texmf-dist/tex/latex/base/utf8.def) [6]
(/usr/share/texlive/texmf-dist/tex/latex/base/utf8.def)
(/usr/share/texlive/texmf-dist/tex/latex/base/utf8.def)
(/usr/share/texlive/texmf-dist/tex/latex/inconsolata/ts1zi4.fd) [7] [8]
(/usr/share/texlive/texmf-dist/tex/latex/base/utf8.def)
(/usr/share/texlive/texmf-dist/tex/latex/base/utf8.def) [9]
(/usr/share/texlive/texmf-dist/tex/latex/base/utf8.def) [10]
(/usr/share/texlive/texmf-dist/tex/latex/base/utf8.def)
(/usr/share/texlive/texmf-dist/tex/latex/base/utf8.def)
(/usr/share/texlive/texmf-dist/tex/latex/base/utf8.def) [11] [12]
(/usr/share/texlive/texmf-dist/tex/latex/base/utf8.def) [13]
(/usr/share/texlive/texmf-dist/tex/latex/base/utf8.def)
(/usr/share/texlive/texmf-dist/tex/latex/base/utf8.def) [14]
(/usr/share/texlive/texmf-dist/tex/latex/base/utf8.def) [15]
(/usr/share/texlive/texmf-dist/tex/latex/base/utf8.def)
(/usr/share/texlive/texmf-dist/tex/latex/base/utf8.def) [16] [17]
(/usr/share/texlive/texmf-dist/tex/latex/base/utf8.def)
(/usr/share/texlive/texmf-dist/tex/latex/base/utf8.def) [18] [19]
(/usr/share/texlive/texmf-dist/tex/latex/base/utf8.def) [20] [21]
(/usr/share/texlive/texmf-dist/tex/latex/base/utf8.def) [22] [23] [24]
(/usr/share/texlive/texmf-dist/tex/latex/base/utf8.def) [25]
(/usr/share/texlive/texmf-dist/tex/latex/base/utf8.def)
(/usr/share/texlive/texmf-dist/tex/latex/base/utf8.def)
Overfull \hbox (24.76044pt too wide) in paragraph at lines 1347--1347
 []\T1/zi4/m/n/10 covariance(object, var1=NULL, var2=NULL, constrain=FALSE, pai
rwise=FALSE,...) <- value[] 
[26]
Overfull \hbox (1.69661pt too wide) in paragraph at lines 1396--1398
[]\T1/ptm/m/n/10 Similarily the marginal vari-ance of the two re-sponse vari-ab
les can be fixed to be iden-ti-cal ($\OML/cmm/m/it/10 var\OT1/cmr/m/n/10 (\OML/
cmm/m/it/10 Y[]\OT1/cmr/m/n/10 ) =
[27]
Overfull \hbox (2.53665pt too wide) in paragraph at lines 1423--1425
[]\T1/ptm/m/n/10 Parameter con-straints can be cleared by fix-ing the rel-e-van
t pa-ram-e-ters to \T1/zi4/m/n/10 NA \T1/ptm/m/n/10 (see also the \T1/zi4/m/n/1
0 regression
(/usr/share/texlive/texmf-dist/tex/latex/base/utf8.def) [28]
(/usr/share/texlive/texmf-dist/tex/latex/base/utf8.def) [29]
(/usr/share/texlive/texmf-dist/tex/latex/base/utf8.def) [30]
(/usr/share/texlive/texmf-dist/tex/latex/base/utf8.def)
(/usr/share/texlive/texmf-dist/tex/latex/base/utf8.def) [31]
(/usr/share/texlive/texmf-dist/tex/latex/base/utf8.def) [32] [33] [34]
Underfull \vbox (badness 10000) has occurred while \output is active [35]
Overfull \hbox (26.24101pt too wide) in paragraph at lines 1876--1876
 []\T1/zi4/m/n/9 null <- rep(mean(coef(l)),length(coef(l))) ## just need to mak
e sure we simulate under H0: slope=0[] 
(/usr/share/texlive/texmf-dist/tex/latex/base/utf8.def) [36]
Overfull \hbox (1.886pt too wide) in paragraph at lines 1956--1960
[]\T1/ptm/m/n/10 A list of pa-ram-e-ters con-trol-ling the es-ti-ma-tion and op
-ti-miza-tion pro-ce-dures is parsed via the \T1/zi4/m/n/10 control
[37] (/usr/share/texlive/texmf-dist/tex/latex/base/utf8.def) [38] [39]
Underfull \vbox (badness 10000) has occurred while \output is active [40]
(/usr/share/texlive/texmf-dist/tex/latex/base/utf8.def) [41]
(/usr/share/texlive/texmf-dist/tex/latex/base/utf8.def) [42]
(/usr/share/texlive/texmf-dist/tex/latex/base/utf8.def)
(/usr/share/texlive/texmf-dist/tex/latex/base/utf8.def) [43]
(/usr/share/texlive/texmf-dist/tex/latex/base/utf8.def) [44]
Overfull \hbox (9.9177pt too wide) in paragraph at lines 2434--2436
[]\T1/ptm/m/n/10 Boolean in-di-cat-ing whether to cal-cu-late chi-squared goodn
ess-of-fit (al-ways TRUE
[45] (/usr/share/texlive/texmf-dist/tex/latex/base/utf8.def) [46]
(/usr/share/texlive/texmf-dist/tex/latex/base/utf8.def)
(/usr/share/texlive/texmf-dist/tex/latex/base/utf8.def)
(/usr/share/texlive/texmf-dist/tex/latex/base/utf8.def) [47]
(/usr/share/texlive/texmf-dist/tex/latex/base/utf8.def) [48]
(/usr/share/texlive/texmf-dist/tex/latex/base/utf8.def) [49]
(/usr/share/texlive/texmf-dist/tex/latex/base/utf8.def) [50]
(/usr/share/texlive/texmf-dist/tex/latex/base/utf8.def) [51]
(/usr/share/texlive/texmf-dist/tex/latex/base/utf8.def) [52]
Overfull \hbox (33.76555pt too wide) in paragraph at lines 2885--2885
 []    \T1/zi4/m/n/9 surface(function(x) dmvn(x,sigma=diag(2)),c(-3,3),lit=FALS
E,smooth=FALSE,box=FALSE,alpha=0.8)[] 
(/usr/share/texlive/texmf-dist/tex/latex/base/utf8.def) [53] [54]
(/usr/share/texlive/texmf-dist/tex/latex/base/utf8.def)
(/usr/share/texlive/texmf-dist/tex/latex/psnfss/ts1ptm.fd) [55]
(/usr/share/texlive/texmf-dist/tex/latex/base/utf8.def) [56]
(/usr/share/texlive/texmf-dist/tex/latex/base/utf8.def)
(/usr/share/texlive/texmf-dist/tex/latex/base/utf8.def) [57]
Overfull \hbox (17.26862pt too wide) in paragraph at lines 3187--3187
 []    \T1/zi4/m/n/9 cbind(u=mu[,"u"],u2=mu[,"u"]^2+var["u","u"],v=mu[,"v"],uv=
mu[,"u"]*mu[,"v"]+var["u","v"])[] 
[58] (/usr/share/texlive/texmf-dist/tex/latex/base/utf8.def) [59]
(/usr/share/texlive/texmf-dist/tex/latex/base/utf8.def) [60]
(/usr/share/texlive/texmf-dist/tex/latex/base/utf8.def)
(/usr/share/texlive/texmf-dist/tex/latex/base/utf8.def) [61]
Overfull \hbox (9.60748pt too wide) in paragraph at lines 3392--3395
[]\T1/ptm/m/n/10 Direction to do model search. "for-ward" := add as-so-ci-a-tio
ns/arrows to model/graph

Overfull \hbox (1.17747pt too wide) in paragraph at lines 3392--3395
\T1/ptm/m/n/10 (score tests), "back-ward" := re-move as-so-ci-a-tions/arrows fr
om model/graph (wald
(/usr/share/texlive/texmf-dist/tex/latex/base/utf8.def) [62] [63]
(/usr/share/texlive/texmf-dist/tex/latex/base/utf8.def)
(/usr/share/texlive/texmf-dist/tex/latex/base/utf8.def)
(/usr/share/texlive/texmf-dist/tex/latex/base/utf8.def) [64]
(/usr/share/texlive/texmf-dist/tex/latex/base/utf8.def) [65]
(/usr/share/texlive/texmf-dist/tex/latex/base/utf8.def)
(/usr/share/texlive/texmf-dist/tex/latex/base/utf8.def) [66]
(/usr/share/texlive/texmf-dist/tex/latex/base/utf8.def) [67] [68]
(/usr/share/texlive/texmf-dist/tex/latex/base/utf8.def)
(/usr/share/texlive/texmf-dist/tex/latex/base/utf8.def) [69]
(/usr/share/texlive/texmf-dist/tex/latex/base/utf8.def) [70]
(/usr/share/texlive/texmf-dist/tex/latex/base/utf8.def) [71] [72]
(/usr/share/texlive/texmf-dist/tex/latex/base/utf8.def) [73] [74]
(/usr/share/texlive/texmf-dist/tex/latex/base/utf8.def) [75]
(/usr/share/texlive/texmf-dist/tex/latex/base/utf8.def) [76]
(/usr/share/texlive/texmf-dist/tex/latex/base/utf8.def)
(/usr/share/texlive/texmf-dist/tex/latex/base/utf8.def) [77] [78]
Overfull \hbox (57.36798pt too wide) in paragraph at lines 4396--4403
\T1/ptm/m/n/10 add a lin-ear re-la-tion-ship be-tween \T1/zi4/m/n/10 y \T1/ptm/
m/n/10 and \T1/zi4/m/n/10 x \T1/ptm/m/n/10 with slope 2 to the model \T1/zi4/m/
n/10 m\T1/ptm/m/n/10 , we can write \T1/zi4/m/n/10 regression(m,"y") <- "x$2"\T
1/ptm/m/n/10 .
[79] (/usr/share/texlive/texmf-dist/tex/latex/base/utf8.def)
(/usr/share/texlive/texmf-dist/tex/latex/base/utf8.def) [80]
(/usr/share/texlive/texmf-dist/tex/latex/base/utf8.def)
(/usr/share/texlive/texmf-dist/tex/latex/base/utf8.def) [81]
(/usr/share/texlive/texmf-dist/tex/latex/base/utf8.def) [82]
(/usr/share/texlive/texmf-dist/tex/latex/base/utf8.def) [83]
Underfull \vbox (badness 3803) has occurred while \output is active [84]
Underfull \vbox (badness 10000) has occurred while \output is active [85]
Underfull \vbox (badness 10000) has occurred while \output is active [86]
(/usr/share/texlive/texmf-dist/tex/latex/base/utf8.def) [87]
Overfull \hbox (14.28088pt too wide) in paragraph at lines 4962--4962
 []\T1/zi4/m/n/9 summary(val,estimate=c(1,1),se=c(2,5),true=c(1,1),names=c("Mod
el","Sandwich"),confint=TRUE)[] 
[88] (/usr/share/texlive/texmf-dist/tex/latex/base/utf8.def) [89]
(/usr/share/texlive/texmf-dist/tex/latex/base/utf8.def) [90]
(/usr/share/texlive/texmf-dist/tex/latex/base/utf8.def)
(/usr/share/texlive/texmf-dist/tex/latex/base/utf8.def) [91]
(/usr/share/texlive/texmf-dist/tex/latex/base/utf8.def) [92]
Overfull \hbox (6.75635pt too wide) in paragraph at lines 5308--5308
 []\T1/zi4/m/n/9 exp(coef(glm(events ~ offset(log(atrisk)) + -1 + interval+z1:i
nterval, dd, family=poisson)))[] 
[93]
Overfull \hbox (12.75021pt too wide) in paragraph at lines 5329--5329
 []\T1/zi4/m/n/9 exp(coef(glm(events ~ offset(log(atrisk)) + -1 + interval + in
terval:z1, dd, family=poisson)))[] 
(/usr/share/texlive/texmf-dist/tex/latex/base/utf8.def)
(/usr/share/texlive/texmf-dist/tex/latex/base/utf8.def) [94]
(/usr/share/texlive/texmf-dist/tex/latex/base/utf8.def) [95]
(/usr/share/texlive/texmf-dist/tex/latex/base/utf8.def)
(/usr/share/texlive/texmf-dist/tex/latex/base/utf8.def) [96]
(/usr/share/texlive/texmf-dist/tex/latex/base/utf8.def) [97]
(/usr/share/texlive/texmf-dist/tex/latex/base/utf8.def) [98]
(/usr/share/texlive/texmf-dist/tex/latex/base/utf8.def) [99]
(/usr/share/texlive/texmf-dist/tex/latex/base/utf8.def)
(/usr/share/texlive/texmf-dist/tex/latex/base/utf8.def) [100] [101]
(/usr/share/texlive/texmf-dist/tex/latex/base/utf8.def) [102]
(/usr/share/texlive/texmf-dist/tex/latex/base/utf8.def)
(/tmp/Rtmp3bFPo5/Rd2pdf8c526b7192ef/Rd2.ind [103] [104]

LaTeX Font Warning: Font shape `T1/zi4/m/it' undefined
(Font)              using `T1/zi4/m/n' instead on input line 105.

[105] [106] [107] [108]) (/tmp/Rtmp3bFPo5/Rd2pdf8c526b7192ef/Rd2.aux)

Package rerunfilecheck Warning: File `Rd2.out' has changed.
(rerunfilecheck)                Rerun to get outlines right
(rerunfilecheck)                or use package `bookmark'.


LaTeX Font Warning: Some font shapes were not available, defaults substituted.

 )
(see the transcript file for additional information)pdfTeX warning (dest): name
{Rfn.match} has been referenced but does not exist, replaced by a fixed one

pdfTeX warning (dest): name{Rfn.cat} has been referenced but does not exist, re
placed by a fixed one

pdfTeX warning (dest): name{Rfn.paste} has been referenced but does not exist, 
replaced by a fixed one

pdfTeX warning (dest): name{Rfn.tcrossprod} has been referenced but does not ex
ist, replaced by a fixed one

pdfTeX warning (dest): name{Rfn.crossprod} has been referenced but does not exi
st, replaced by a fixed one

pdfTeX warning (dest): name{Rfn.as.formula} has been referenced but does not ex
ist, replaced by a fixed one

{/usr/share/texlive/texmf-dist/fonts/enc/dvips/inconsolata/i4-ts1.enc}{/usr/sha
re/texlive/texmf-dist/fonts/enc/dvips/base/8r.enc}{/usr/share/texlive/texmf-dis
t/fonts/enc/dvips/inconsolata/i4-t1-0.enc}</usr/share/texlive/texmf-dist/fonts/
type1/public/inconsolata/Inconsolata-zi4r.pfb></usr/share/texlive/texmf-dist/fo
nts/type1/public/amsfonts/cm/cmex10.pfb></usr/share/texlive/texmf-dist/fonts/ty
pe1/public/amsfonts/cm/cmmi10.pfb></usr/share/texlive/texmf-dist/fonts/type1/pu
blic/amsfonts/cm/cmmi7.pfb></usr/share/texlive/texmf-dist/fonts/type1/public/am
sfonts/cm/cmr10.pfb></usr/share/texlive/texmf-dist/fonts/type1/public/amsfonts/
cm/cmr7.pfb></usr/share/texlive/texmf-dist/fonts/type1/public/amsfonts/cm/cmsy1
0.pfb></usr/share/texlive/texmf-dist/fonts/type1/urw/helvetic/uhvr8a.pfb></usr/
share/texlive/texmf-dist/fonts/type1/urw/times/utmb8a.pfb></usr/share/texlive/t
exmf-dist/fonts/type1/urw/times/utmr8a.pfb></usr/share/texlive/texmf-dist/fonts
/type1/urw/times/utmr8a.pfb></usr/share/texlive/texmf-dist/fonts/type1/urw/time
s/utmri8a.pfb>
Output written on Rd2.pdf (108 pages, 335059 bytes).
Transcript written on Rd2.log.
This is makeindex, version 2.15 [TeX Live 2016] (kpathsea + Thai support).
Scanning input file Rd2.idx....done (386 entries accepted, 21 rejected).
Sorting entries......done (3481 comparisons).
Generating output file Rd2.ind....done (637 lines written, 0 warnings).
Output written in Rd2.ind.
Transcript written in Rd2.ilg.
This is pdfTeX, Version 3.14159265-2.6-1.40.17 (TeX Live 2016/Debian) (preloaded format=pdflatex)
 restricted \write18 enabled.
entering extended mode
LaTeX2e <2017/01/01> patch level 3
Babel <3.9r> and hyphenation patterns for 83 language(s) loaded.
(./Rd2.tex
(/usr/share/texlive/texmf-dist/tex/latex/base/book.cls
Document Class: book 2014/09/29 v1.4h Standard LaTeX document class
(/usr/share/texlive/texmf-dist/tex/latex/base/bk10.clo))
(/home/tomas/cran/rcnst/build/share/texmf/tex/latex/Rd.sty
(/usr/share/texlive/texmf-dist/tex/latex/base/ifthen.sty)
(/usr/share/texlive/texmf-dist/tex/latex/tools/longtable.sty)
(/usr/share/texlive/texmf-dist/tex/latex/tools/bm.sty)
(/usr/share/texlive/texmf-dist/tex/latex/base/alltt.sty)
(/usr/share/texlive/texmf-dist/tex/latex/tools/verbatim.sty)
(/usr/share/texlive/texmf-dist/tex/latex/url/url.sty)
(/usr/share/texlive/texmf-dist/tex/latex/base/textcomp.sty
(/usr/share/texlive/texmf-dist/tex/latex/base/ts1enc.def))
(/usr/share/texlive/texmf-dist/tex/latex/base/fontenc.sty
(/usr/share/texlive/texmf-dist/tex/latex/base/t1enc.def))
(/usr/share/texlive/texmf-dist/tex/latex/psnfss/times.sty)
(/usr/share/texlive/texmf-dist/tex/latex/inconsolata/zi4.sty
`inconsolata-zi4' v1.112, 2017/01/04 Text macros for Inconsolata (msharpe)
(/usr/share/texlive/texmf-dist/tex/latex/xkeyval/xkeyval.sty
(/usr/share/texlive/texmf-dist/tex/generic/xkeyval/xkeyval.tex
(/usr/share/texlive/texmf-dist/tex/generic/xkeyval/xkvutils.tex
(/usr/share/texlive/texmf-dist/tex/generic/xkeyval/keyval.tex)))))
(/usr/share/texlive/texmf-dist/tex/latex/graphics/color.sty
(/usr/share/texlive/texmf-dist/tex/latex/graphics-cfg/color.cfg)
(/usr/share/texlive/texmf-dist/tex/latex/graphics-def/pdftex.def
(/usr/share/texlive/texmf-dist/tex/generic/oberdiek/infwarerr.sty)
(/usr/share/texlive/texmf-dist/tex/generic/oberdiek/ltxcmds.sty)))
(/usr/share/texlive/texmf-dist/tex/latex/hyperref/hyperref.sty
(/usr/share/texlive/texmf-dist/tex/generic/oberdiek/hobsub-hyperref.sty
(/usr/share/texlive/texmf-dist/tex/generic/oberdiek/hobsub-generic.sty))
(/usr/share/texlive/texmf-dist/tex/generic/ifxetex/ifxetex.sty)
(/usr/share/texlive/texmf-dist/tex/latex/oberdiek/auxhook.sty)
(/usr/share/texlive/texmf-dist/tex/latex/oberdiek/kvoptions.sty)
(/usr/share/texlive/texmf-dist/tex/latex/hyperref/pd1enc.def)
(/usr/share/texlive/texmf-dist/tex/latex/latexconfig/hyperref.cfg))

Package hyperref Message: Driver (autodetected): hpdftex.

(/usr/share/texlive/texmf-dist/tex/latex/hyperref/hpdftex.def
(/usr/share/texlive/texmf-dist/tex/latex/oberdiek/rerunfilecheck.sty))

Package hyperref Warning: Option `hyperindex' has already been used,
(hyperref)                setting the option has no effect on input line 366.


Package hyperref Warning: Option `pagebackref' has already been used,
(hyperref)                setting the option has no effect on input line 366.

) (/usr/share/texlive/texmf-dist/tex/latex/base/makeidx.sty)
(/usr/share/texlive/texmf-dist/tex/latex/base/inputenc.sty
(/usr/share/texlive/texmf-dist/tex/latex/base/utf8.def
(/usr/share/texlive/texmf-dist/tex/latex/base/t1enc.dfu)
(/usr/share/texlive/texmf-dist/tex/latex/base/ot1enc.dfu)
(/usr/share/texlive/texmf-dist/tex/latex/base/omsenc.dfu)
(/usr/share/texlive/texmf-dist/tex/latex/base/ts1enc.dfu))
(/usr/share/texlive/texmf-dist/tex/latex/base/latin1.def))
Writing index file Rd2.idx
(/tmp/Rtmp3bFPo5/Rd2pdf8c526b7192ef/Rd2.aux)
(/usr/share/texlive/texmf-dist/tex/latex/base/ts1cmr.fd)
(/usr/share/texlive/texmf-dist/tex/latex/psnfss/t1ptm.fd)
(/usr/share/texlive/texmf-dist/tex/context/base/mkii/supp-pdf.mkii
[Loading MPS to PDF converter (version 2006.09.02).]
) (/usr/share/texlive/texmf-dist/tex/latex/hyperref/nameref.sty
(/usr/share/texlive/texmf-dist/tex/generic/oberdiek/gettitlestring.sty))
(/tmp/Rtmp3bFPo5/Rd2pdf8c526b7192ef/Rd2.out)
(/tmp/Rtmp3bFPo5/Rd2pdf8c526b7192ef/Rd2.out)
(/usr/share/texlive/texmf-dist/tex/latex/inconsolata/t1zi4.fd)
(/usr/share/texlive/texmf-dist/tex/latex/psnfss/t1phv.fd)
(/tmp/Rtmp3bFPo5/Rd2pdf8c526b7192ef/Rd2.toc [1{/var/lib/texmf/fonts/map/pdftex/
updmap/pdftex.map}] [2] [3])
(/usr/share/texlive/texmf-dist/tex/latex/base/utf8.def)
(/usr/share/texlive/texmf-dist/tex/latex/base/utf8.def)
(/usr/share/texlive/texmf-dist/tex/latex/base/utf8.def) [4]
(/usr/share/texlive/texmf-dist/tex/latex/base/utf8.def)
(/usr/share/texlive/texmf-dist/tex/latex/base/utf8.def) [5]
(/usr/share/texlive/texmf-dist/tex/latex/base/utf8.def)
(/usr/share/texlive/texmf-dist/tex/latex/base/utf8.def) [6]
(/usr/share/texlive/texmf-dist/tex/latex/base/utf8.def)
(/usr/share/texlive/texmf-dist/tex/latex/base/utf8.def)
(/usr/share/texlive/texmf-dist/tex/latex/inconsolata/ts1zi4.fd) [7] [8]
(/usr/share/texlive/texmf-dist/tex/latex/base/utf8.def)
(/usr/share/texlive/texmf-dist/tex/latex/base/utf8.def) [9]
(/usr/share/texlive/texmf-dist/tex/latex/base/utf8.def) [10]
(/usr/share/texlive/texmf-dist/tex/latex/base/utf8.def)
(/usr/share/texlive/texmf-dist/tex/latex/base/utf8.def)
(/usr/share/texlive/texmf-dist/tex/latex/base/utf8.def) [11] [12]
(/usr/share/texlive/texmf-dist/tex/latex/base/utf8.def) [13]
(/usr/share/texlive/texmf-dist/tex/latex/base/utf8.def)
(/usr/share/texlive/texmf-dist/tex/latex/base/utf8.def) [14]
(/usr/share/texlive/texmf-dist/tex/latex/base/utf8.def) [15]
(/usr/share/texlive/texmf-dist/tex/latex/base/utf8.def)
(/usr/share/texlive/texmf-dist/tex/latex/base/utf8.def) [16] [17]
(/usr/share/texlive/texmf-dist/tex/latex/base/utf8.def)
(/usr/share/texlive/texmf-dist/tex/latex/base/utf8.def) [18] [19]
(/usr/share/texlive/texmf-dist/tex/latex/base/utf8.def) [20] [21]
(/usr/share/texlive/texmf-dist/tex/latex/base/utf8.def) [22] [23] [24]
(/usr/share/texlive/texmf-dist/tex/latex/base/utf8.def) [25]
(/usr/share/texlive/texmf-dist/tex/latex/base/utf8.def)
(/usr/share/texlive/texmf-dist/tex/latex/base/utf8.def)
Overfull \hbox (24.76044pt too wide) in paragraph at lines 1347--1347
 []\T1/zi4/m/n/10 covariance(object, var1=NULL, var2=NULL, constrain=FALSE, pai
rwise=FALSE,...) <- value[] 
[26]
Overfull \hbox (1.69661pt too wide) in paragraph at lines 1396--1398
[]\T1/ptm/m/n/10 Similarily the marginal vari-ance of the two re-sponse vari-ab
les can be fixed to be iden-ti-cal ($\OML/cmm/m/it/10 var\OT1/cmr/m/n/10 (\OML/
cmm/m/it/10 Y[]\OT1/cmr/m/n/10 ) =
[27]
Overfull \hbox (2.53665pt too wide) in paragraph at lines 1423--1425
[]\T1/ptm/m/n/10 Parameter con-straints can be cleared by fix-ing the rel-e-van
t pa-ram-e-ters to \T1/zi4/m/n/10 NA \T1/ptm/m/n/10 (see also the \T1/zi4/m/n/1
0 regression
(/usr/share/texlive/texmf-dist/tex/latex/base/utf8.def) [28]
(/usr/share/texlive/texmf-dist/tex/latex/base/utf8.def) [29]
(/usr/share/texlive/texmf-dist/tex/latex/base/utf8.def) [30]
(/usr/share/texlive/texmf-dist/tex/latex/base/utf8.def)
(/usr/share/texlive/texmf-dist/tex/latex/base/utf8.def) [31]
(/usr/share/texlive/texmf-dist/tex/latex/base/utf8.def) [32] [33] [34]
Underfull \vbox (badness 10000) has occurred while \output is active [35]
Overfull \hbox (26.24101pt too wide) in paragraph at lines 1876--1876
 []\T1/zi4/m/n/9 null <- rep(mean(coef(l)),length(coef(l))) ## just need to mak
e sure we simulate under H0: slope=0[] 
(/usr/share/texlive/texmf-dist/tex/latex/base/utf8.def) [36]
Overfull \hbox (1.886pt too wide) in paragraph at lines 1956--1960
[]\T1/ptm/m/n/10 A list of pa-ram-e-ters con-trol-ling the es-ti-ma-tion and op
-ti-miza-tion pro-ce-dures is parsed via the \T1/zi4/m/n/10 control
[37] (/usr/share/texlive/texmf-dist/tex/latex/base/utf8.def) [38] [39]
Underfull \vbox (badness 10000) has occurred while \output is active [40]
(/usr/share/texlive/texmf-dist/tex/latex/base/utf8.def) [41]
(/usr/share/texlive/texmf-dist/tex/latex/base/utf8.def) [42]
(/usr/share/texlive/texmf-dist/tex/latex/base/utf8.def)
(/usr/share/texlive/texmf-dist/tex/latex/base/utf8.def) [43]
(/usr/share/texlive/texmf-dist/tex/latex/base/utf8.def) [44]
Overfull \hbox (9.9177pt too wide) in paragraph at lines 2434--2436
[]\T1/ptm/m/n/10 Boolean in-di-cat-ing whether to cal-cu-late chi-squared goodn
ess-of-fit (al-ways TRUE
[45] (/usr/share/texlive/texmf-dist/tex/latex/base/utf8.def) [46]
(/usr/share/texlive/texmf-dist/tex/latex/base/utf8.def)
(/usr/share/texlive/texmf-dist/tex/latex/base/utf8.def)
(/usr/share/texlive/texmf-dist/tex/latex/base/utf8.def) [47]
(/usr/share/texlive/texmf-dist/tex/latex/base/utf8.def) [48]
(/usr/share/texlive/texmf-dist/tex/latex/base/utf8.def) [49]
(/usr/share/texlive/texmf-dist/tex/latex/base/utf8.def) [50]
(/usr/share/texlive/texmf-dist/tex/latex/base/utf8.def) [51]
(/usr/share/texlive/texmf-dist/tex/latex/base/utf8.def) [52]
Overfull \hbox (33.76555pt too wide) in paragraph at lines 2885--2885
 []    \T1/zi4/m/n/9 surface(function(x) dmvn(x,sigma=diag(2)),c(-3,3),lit=FALS
E,smooth=FALSE,box=FALSE,alpha=0.8)[] 
(/usr/share/texlive/texmf-dist/tex/latex/base/utf8.def) [53] [54]
(/usr/share/texlive/texmf-dist/tex/latex/base/utf8.def)
(/usr/share/texlive/texmf-dist/tex/latex/psnfss/ts1ptm.fd) [55]
(/usr/share/texlive/texmf-dist/tex/latex/base/utf8.def) [56]
(/usr/share/texlive/texmf-dist/tex/latex/base/utf8.def)
(/usr/share/texlive/texmf-dist/tex/latex/base/utf8.def) [57]
Overfull \hbox (17.26862pt too wide) in paragraph at lines 3187--3187
 []    \T1/zi4/m/n/9 cbind(u=mu[,"u"],u2=mu[,"u"]^2+var["u","u"],v=mu[,"v"],uv=
mu[,"u"]*mu[,"v"]+var["u","v"])[] 
[58] (/usr/share/texlive/texmf-dist/tex/latex/base/utf8.def) [59]
(/usr/share/texlive/texmf-dist/tex/latex/base/utf8.def) [60]
(/usr/share/texlive/texmf-dist/tex/latex/base/utf8.def)
(/usr/share/texlive/texmf-dist/tex/latex/base/utf8.def) [61]
Overfull \hbox (9.60748pt too wide) in paragraph at lines 3392--3395
[]\T1/ptm/m/n/10 Direction to do model search. "for-ward" := add as-so-ci-a-tio
ns/arrows to model/graph

Overfull \hbox (1.17747pt too wide) in paragraph at lines 3392--3395
\T1/ptm/m/n/10 (score tests), "back-ward" := re-move as-so-ci-a-tions/arrows fr
om model/graph (wald
(/usr/share/texlive/texmf-dist/tex/latex/base/utf8.def) [62] [63]
(/usr/share/texlive/texmf-dist/tex/latex/base/utf8.def)
(/usr/share/texlive/texmf-dist/tex/latex/base/utf8.def)
(/usr/share/texlive/texmf-dist/tex/latex/base/utf8.def) [64]
(/usr/share/texlive/texmf-dist/tex/latex/base/utf8.def) [65]
(/usr/share/texlive/texmf-dist/tex/latex/base/utf8.def)
(/usr/share/texlive/texmf-dist/tex/latex/base/utf8.def) [66]
(/usr/share/texlive/texmf-dist/tex/latex/base/utf8.def) [67] [68]
(/usr/share/texlive/texmf-dist/tex/latex/base/utf8.def)
(/usr/share/texlive/texmf-dist/tex/latex/base/utf8.def) [69]
(/usr/share/texlive/texmf-dist/tex/latex/base/utf8.def) [70]
(/usr/share/texlive/texmf-dist/tex/latex/base/utf8.def) [71] [72]
(/usr/share/texlive/texmf-dist/tex/latex/base/utf8.def) [73] [74]
(/usr/share/texlive/texmf-dist/tex/latex/base/utf8.def) [75]
(/usr/share/texlive/texmf-dist/tex/latex/base/utf8.def) [76]
(/usr/share/texlive/texmf-dist/tex/latex/base/utf8.def)
(/usr/share/texlive/texmf-dist/tex/latex/base/utf8.def) [77] [78]
Overfull \hbox (57.36798pt too wide) in paragraph at lines 4396--4403
\T1/ptm/m/n/10 add a lin-ear re-la-tion-ship be-tween \T1/zi4/m/n/10 y \T1/ptm/
m/n/10 and \T1/zi4/m/n/10 x \T1/ptm/m/n/10 with slope 2 to the model \T1/zi4/m/
n/10 m\T1/ptm/m/n/10 , we can write \T1/zi4/m/n/10 regression(m,"y") <- "x$2"\T
1/ptm/m/n/10 .
[79] (/usr/share/texlive/texmf-dist/tex/latex/base/utf8.def)
(/usr/share/texlive/texmf-dist/tex/latex/base/utf8.def) [80]
(/usr/share/texlive/texmf-dist/tex/latex/base/utf8.def)
(/usr/share/texlive/texmf-dist/tex/latex/base/utf8.def) [81]
(/usr/share/texlive/texmf-dist/tex/latex/base/utf8.def) [82]
(/usr/share/texlive/texmf-dist/tex/latex/base/utf8.def) [83]
Underfull \vbox (badness 3803) has occurred while \output is active [84]
Underfull \vbox (badness 10000) has occurred while \output is active [85]
Underfull \vbox (badness 10000) has occurred while \output is active [86]
(/usr/share/texlive/texmf-dist/tex/latex/base/utf8.def) [87]
Overfull \hbox (14.28088pt too wide) in paragraph at lines 4962--4962
 []\T1/zi4/m/n/9 summary(val,estimate=c(1,1),se=c(2,5),true=c(1,1),names=c("Mod
el","Sandwich"),confint=TRUE)[] 
[88] (/usr/share/texlive/texmf-dist/tex/latex/base/utf8.def) [89]
(/usr/share/texlive/texmf-dist/tex/latex/base/utf8.def) [90]
(/usr/share/texlive/texmf-dist/tex/latex/base/utf8.def)
(/usr/share/texlive/texmf-dist/tex/latex/base/utf8.def) [91]
(/usr/share/texlive/texmf-dist/tex/latex/base/utf8.def) [92]
Overfull \hbox (6.75635pt too wide) in paragraph at lines 5308--5308
 []\T1/zi4/m/n/9 exp(coef(glm(events ~ offset(log(atrisk)) + -1 + interval+z1:i
nterval, dd, family=poisson)))[] 
[93]
Overfull \hbox (12.75021pt too wide) in paragraph at lines 5329--5329
 []\T1/zi4/m/n/9 exp(coef(glm(events ~ offset(log(atrisk)) + -1 + interval + in
terval:z1, dd, family=poisson)))[] 
(/usr/share/texlive/texmf-dist/tex/latex/base/utf8.def)
(/usr/share/texlive/texmf-dist/tex/latex/base/utf8.def) [94]
(/usr/share/texlive/texmf-dist/tex/latex/base/utf8.def) [95]
(/usr/share/texlive/texmf-dist/tex/latex/base/utf8.def)
(/usr/share/texlive/texmf-dist/tex/latex/base/utf8.def) [96]
(/usr/share/texlive/texmf-dist/tex/latex/base/utf8.def) [97]
(/usr/share/texlive/texmf-dist/tex/latex/base/utf8.def) [98]
(/usr/share/texlive/texmf-dist/tex/latex/base/utf8.def) [99]
(/usr/share/texlive/texmf-dist/tex/latex/base/utf8.def)
(/usr/share/texlive/texmf-dist/tex/latex/base/utf8.def) [100] [101]
(/usr/share/texlive/texmf-dist/tex/latex/base/utf8.def) [102]
(/usr/share/texlive/texmf-dist/tex/latex/base/utf8.def)
(/tmp/Rtmp3bFPo5/Rd2pdf8c526b7192ef/Rd2.ind [103] [104]

LaTeX Font Warning: Font shape `T1/zi4/m/it' undefined
(Font)              using `T1/zi4/m/n' instead on input line 105.

[105] [106] [107] [108]) (/tmp/Rtmp3bFPo5/Rd2pdf8c526b7192ef/Rd2.aux)

LaTeX Font Warning: Some font shapes were not available, defaults substituted.

 )
(see the transcript file for additional information)pdfTeX warning (dest): name
{Rfn.match} has been referenced but does not exist, replaced by a fixed one

pdfTeX warning (dest): name{Rfn.cat} has been referenced but does not exist, re
placed by a fixed one

pdfTeX warning (dest): name{Rfn.paste} has been referenced but does not exist, 
replaced by a fixed one

pdfTeX warning (dest): name{Rfn.tcrossprod} has been referenced but does not ex
ist, replaced by a fixed one

pdfTeX warning (dest): name{Rfn.crossprod} has been referenced but does not exi
st, replaced by a fixed one

pdfTeX warning (dest): name{Rfn.as.formula} has been referenced but does not ex
ist, replaced by a fixed one

{/usr/share/texlive/texmf-dist/fonts/enc/dvips/inconsolata/i4-ts1.enc}{/usr/sha
re/texlive/texmf-dist/fonts/enc/dvips/base/8r.enc}{/usr/share/texlive/texmf-dis
t/fonts/enc/dvips/inconsolata/i4-t1-0.enc}</usr/share/texlive/texmf-dist/fonts/
type1/public/inconsolata/Inconsolata-zi4r.pfb></usr/share/texlive/texmf-dist/fo
nts/type1/public/amsfonts/cm/cmex10.pfb></usr/share/texlive/texmf-dist/fonts/ty
pe1/public/amsfonts/cm/cmmi10.pfb></usr/share/texlive/texmf-dist/fonts/type1/pu
blic/amsfonts/cm/cmmi7.pfb></usr/share/texlive/texmf-dist/fonts/type1/public/am
sfonts/cm/cmr10.pfb></usr/share/texlive/texmf-dist/fonts/type1/public/amsfonts/
cm/cmr7.pfb></usr/share/texlive/texmf-dist/fonts/type1/public/amsfonts/cm/cmsy1
0.pfb></usr/share/texlive/texmf-dist/fonts/type1/urw/helvetic/uhvr8a.pfb></usr/
share/texlive/texmf-dist/fonts/type1/urw/times/utmb8a.pfb></usr/share/texlive/t
exmf-dist/fonts/type1/urw/times/utmr8a.pfb></usr/share/texlive/texmf-dist/fonts
/type1/urw/times/utmr8a.pfb></usr/share/texlive/texmf-dist/fonts/type1/urw/time
s/utmri8a.pfb>
Output written on Rd2.pdf (108 pages, 335480 bytes).
Transcript written on Rd2.log.
Saving output to lava-manual.pdf ...
Done
You may want to clean up by 'rm -rf /tmp/Rtmp3bFPo5/Rd2pdf8c526b7192ef'
