* using log directory ‘/var/scratch2/tomas/cran/rlibro/check/neonUtilities.Rcheck’
* using R Under development (unstable) (2018-11-10 r75579)
* using platform: x86_64-pc-linux-gnu (64-bit)
* using session charset: UTF-8
* checking for file ‘neonUtilities/DESCRIPTION’ ... OK
* this is package ‘neonUtilities’ version ‘1.0.0’
* package encoding: UTF-8
* checking package namespace information ... OK
* checking package dependencies ... OK
* checking if this is a source package ... OK
* checking if there is a namespace ... OK
* checking for executable files ... OK
* checking for hidden files and directories ... OK
* checking for portable file names ... OK
* checking for sufficient/correct file permissions ... OK
* checking whether package ‘neonUtilities’ can be installed ... OK
* checking package directory ... OK
* checking DESCRIPTION meta-information ... OK
* checking top-level files ... OK
* checking for left-over files ... OK
* checking index information ... OK
* checking package subdirectories ... OK
* checking R files for non-ASCII characters ... OK
* checking R files for syntax errors ... OK
* checking whether the package can be loaded ... OK
* checking whether the package can be loaded with stated dependencies ... OK
* checking whether the package can be unloaded cleanly ... OK
* checking whether the namespace can be loaded with stated dependencies ... OK
* checking whether the namespace can be unloaded cleanly ... OK
* checking loading without being on the library search path ... OK
* checking dependencies in R code ... NOTE
Namespaces in Imports field not imported from:
  ‘devtools’ ‘dplyr’
  All declared Imports should be used.
* checking S3 generic/method consistency ... OK
* checking replacement functions ... OK
* checking foreign function calls ... OK
* checking R code for possible problems ... OK
* checking Rd files ... OK
* checking Rd metadata ... OK
* checking Rd cross-references ... OK
* checking for missing documentation entries ... OK
* checking for code/documentation mismatches ... OK
* checking Rd \usage sections ... OK
* checking Rd contents ... OK
* checking for unstated dependencies in examples ... OK
* checking R/sysdata.rda ... OK
* checking examples ... OK
* checking for unstated dependencies in ‘tests’ ... OK
* checking tests ... ERROR
  Running ‘testthat.R’
Running the tests in ‘tests/testthat.R’ failed.
Last 13 lines of output:
  ── 1. Error: Test that correct files are created for microbe group abundances (@
  cannot open file '/var/scratch2ro/tomas/cran/rlibro/lib/neonUtilities/extdata/NEON_gp/NEON.D06.UKFS.DP1.10109.001.2016-04.expanded.20180705T163900Z.zip': Read-only file system
  1: makes_files(stackByTable(system.file("extdata", "NEON_gp.zip", package = "neonUtilities")), 
         system.file("extdata", "NEON_gp/stackedFiles", package = "neonUtilities"), system.file("extdata", 
             "expected/gp", package = "neonUtilities")) at testthat/test_stackByTable.R:15
  2: stackByTable(system.file("extdata", "NEON_gp.zip", package = "neonUtilities")) at testthat/test_stackByTable.R:5
  3: unzipZipfile(zippath = filepath, outpath = savepath, level = "all")
  4: utils::unzip(zipfile = zippath, exdir = outpath)
  
  ══ testthat results  ═══════════════════════════════════════════════════════════
  OK: 0 SKIPPED: 0 FAILED: 1
  1. Error: Test that correct files are created for microbe group abundances (@test_stackByTable.R#15) 
  
  Error: testthat unit tests failed
  Execution halted
* checking PDF version of manual ... OK
* DONE
Status: 1 ERROR, 1 NOTE
