Package alphabetr version 0.2.2
Package built using 80032/R 4.1.0; x86_64-pc-linux-gnu; 2021-02-24 16:06:50 UTC; unix   
Checked with rchk version 3d653b7c8f92dac912532856b55f44d2986c6553 LLVM version 10.0.1
More information at https://github.com/kalibera/cran-checks/blob/master/rchk/PROTECT.md
For rchk in docker image see https://github.com/kalibera/rchk/blob/master/doc/DOCKER.md


Function Rcpp::Armor<SEXPREC*>::init(SEXPREC*)
  [PB] has possible protection stack imbalance Rcpp/include/Rcpp/protection/Armor.h:47

Function Rcpp::Armor<SEXPREC*>::~Armor()
  [PB] has negative depth Rcpp/include/Rcpp/protection/Armor.h:41
  [UP] attempt to unprotect more items (1) than protected (0), results will be incomplete Rcpp/include/Rcpp/protection/Armor.h:41
  [PB] has possible protection stack imbalance Rcpp/include/Rcpp/protection/Armor.h:42

Function Rcpp::Rcpp_protect(SEXPREC*)
  [PB] has possible protection stack imbalance Rcpp/include/Rcpp/protection/Shield.h:25

Function Rcpp::Rcpp_unprotect(int)
  [PB] has an unsupported form of unprotect with a variable results will be incomplete Rcpp/include/Rcpp/protection/Shield.h:31
  [UP] unsupported form of unprotect, unprotecting all variables, results will be incomplete Rcpp/include/Rcpp/protection/Shield.h:31

Function Rcpp::Vector<14, Rcpp::PreserveStorage>::Vector(SEXPREC*)
  [UP] calling allocating function Rcpp::PreserveStorage<Rcpp::Vector<14, Rcpp::PreserveStorage> >::set__(SEXPREC*) with argument allocated using SEXPREC* Rcpp::r_cast<14>(SEXPREC*) Rcpp/include/Rcpp/vector/Vector.h:74

Function Rcpp::Vector<14, Rcpp::PreserveStorage>::Vector(int const&)
  [UP] calling allocating function Rcpp::PreserveStorage<Rcpp::Vector<14, Rcpp::PreserveStorage> >::set__(SEXPREC*)(?,V) with argument allocated using Rf_allocVector Rcpp/include/Rcpp/vector/Vector.h:130

Function Rcpp::Vector<14, Rcpp::PreserveStorage>::Vector(int const&, double const&)
  [UP] calling allocating function Rcpp::PreserveStorage<Rcpp::Vector<14, Rcpp::PreserveStorage> >::set__(SEXPREC*)(?,V) with argument allocated using Rf_allocVector Rcpp/include/Rcpp/vector/Vector.h:97

Function Rcpp::Vector<19, Rcpp::PreserveStorage>::Vector(int const&)
  [UP] calling allocating function Rcpp::PreserveStorage<Rcpp::Vector<19, Rcpp::PreserveStorage> >::set__(SEXPREC*)(?,V) with argument allocated using Rf_allocVector Rcpp/include/Rcpp/vector/Vector.h:130

Function Rcpp::internal::convert_using_rfunction(SEXPREC*, char const*)
  [UP] ignoring variable <unnamed var:   %10 = alloca %struct.SEXPREC*, align 8> as it has address taken, results will be incomplete 

Function _ZN4Rcpp6VectorILi16ENS_15PreserveStorageEEC2ImEET_PNS_6traits9enable_ifIXsr6traits13is_arithmeticIS4_EE5valueEvE4typeE
  [UP] calling allocating function Rcpp::PreserveStorage<Rcpp::Vector<16, Rcpp::PreserveStorage> >::set__(SEXPREC*)(?,V) with argument allocated using Rf_allocVector Rcpp/include/Rcpp/vector/Vector.h:125

Function alphabetr_dual_discrim_dual_likelihood
  [UP] ignoring variable <unnamed var:   %24 = alloca %struct.SEXPREC*, align 8> as it has address taken, results will be incomplete 

Function alphabetr_dual_discrim_shared_likelihood
  [UP] ignoring variable <unnamed var:   %30 = alloca %struct.SEXPREC*, align 8> as it has address taken, results will be incomplete 

Function alphabetr_likelihood_dual
  [UP] ignoring variable <unnamed var:   %24 = alloca %struct.SEXPREC*, align 8> as it has address taken, results will be incomplete 

Function alphabetr_likelihood_dualdual
  [UP] ignoring variable <unnamed var:   %24 = alloca %struct.SEXPREC*, align 8> as it has address taken, results will be incomplete 

Function alphabetr_likelihood_single
  [UP] ignoring variable <unnamed var:   %24 = alloca %struct.SEXPREC*, align 8> as it has address taken, results will be incomplete 

Function void Rcpp::Vector<14, Rcpp::PreserveStorage>::import_sugar_expression<true, Rcpp::sugar::Plus_Vector_Vector<14, true, Rcpp::sugar::Plus_Vector_Vector<14, true, Rcpp::sugar::Plus_Vector_Vector<14, true, Rcpp::sugar::Minus_Vector_Vector<14, true, Rcpp::sugar::Minus_Vector_Vector<14, true, Rcpp::sugar::Minus_Vector_Vector<14, true, Rcpp::sugar::Minus_Vector_Vector<14, true, Rcpp::sugar::Minus_Vector_Vector<14, true, Rcpp::sugar::Plus_Vector_Vector<14, true, Rcpp::Vector<14, Rcpp::PreserveStorage>, true, Rcpp::sugar::Vectorized<&lfactorial, true, Rcpp::Vector<14, Rcpp::PreserveStorage> > >, true, Rcpp::sugar::Vectorized<&lfactorial, true, Rcpp::Vector<14, Rcpp::PreserveStorage> > >, true, Rcpp::sugar::Vectorized<&lfactorial, true, Rcpp::Vector<14, Rcpp::PreserveStorage> > >, true, Rcpp::sugar::Vectorized<&lfactorial, true, Rcpp::Vector<14, Rcpp::PreserveStorage> > >, true, Rcpp::sugar::Vectorized<&lfactorial, true, Rcpp::Vector<14, Rcpp::PreserveStorage> > >, true, Rcpp::sugar::Vectorized<&lfactorial, true, Rcpp::Vector<14, Rcpp::PreserveStorage> > >, true, Rcpp::sugar::Times_Vector_Primitive<14, true, Rcpp::sugar::Plus_Vector_Vector<14, true, Rcpp::sugar::Plus_Vector_Vector<14, true, Rcpp::Vector<14, Rcpp::PreserveStorage>, true, Rcpp::Vector<14, Rcpp::PreserveStorage> >, true, Rcpp::Vector<14, Rcpp::PreserveStorage> > > >, true, Rcpp::sugar::Times_Vector_Primitive<14, true, Rcpp::Vector<14, Rcpp::PreserveStorage> > >, true, Rcpp::sugar::Times_Vector_Primitive<14, true, Rcpp::Vector<14, Rcpp::PreserveStorage> > > >(Rcpp::VectorBase<14, true, Rcpp::sugar::Plus_Vector_Vector<14, true, Rcpp::sugar::Plus_Vector_Vector<14, true, Rcpp::sugar::Plus_Vector_Vector<14, true, Rcpp::sugar::Minus_Vector_Vector<14, true, Rcpp::sugar::Minus_Vector_Vector<14, true, Rcpp::sugar::Minus_Vector_Vector<14, true, Rcpp::sugar::Minus_Vector_Vector<14, true, Rcpp::sugar::Minus_Vector_Vector<14, true, Rcpp::sugar::Plus_Vector_Vector<14, true, Rcpp::Vector<14, Rcpp::PreserveStorage>, true, Rcpp::sugar::Vectorized<&lfactorial, true, Rcpp::Vector<14, Rcpp::PreserveStorage> > >, true, Rcpp::sugar::Vectorized<&lfactorial, true, Rcpp::Vector<14, Rcpp::PreserveStorage> > >, true, Rcpp::sugar::Vectorized<&lfactorial, true, Rcpp::Vector<14, Rcpp::PreserveStorage> > >, true, Rcpp::sugar::Vectorized<&lfactorial, true, Rcpp::Vector<14, Rcpp::PreserveStorage> > >, true, Rcpp::sugar::Vectorized<&lfactorial, true, Rcpp::Vector<14, Rcpp::PreserveStorage> > >, true, Rcpp::sugar::Vectorized<&lfactorial, true, Rcpp::Vector<14, Rcpp::PreserveStorage> > >, true, Rcpp::sugar::Times_Vector_Primitive<14, true, Rcpp::sugar::Plus_Vector_Vector<14, true, Rcpp::sugar::Plus_Vector_Vector<14, true, Rcpp::Vector<14, Rcpp::PreserveStorage>, true, Rcpp::Vector<14, Rcpp::PreserveStorage> >, true, Rcpp::Vector<14, Rcpp::PreserveStorage> > > >, true, Rcpp::sugar::Times_Vector_Primitive<14, true, Rcpp::Vector<14, Rcpp::PreserveStorage> > >, true, Rcpp::sugar::Times_Vector_Primitive<14, true, Rcpp::Vector<14, Rcpp::PreserveStorage> > > > const&, Rcpp::traits::integral_constant<bool, false>)
  [UP] calling allocating function Rcpp::PreserveStorage<Rcpp::Vector<14, Rcpp::PreserveStorage> >::set__(SEXPREC*)(?,V) with argument allocated using Rf_allocVector Rcpp/include/Rcpp/vector/Vector.h:1070

Function void Rcpp::Vector<14, Rcpp::PreserveStorage>::import_sugar_expression<true, Rcpp::sugar::UnaryMinus_Vector<14, true, Rcpp::Vector<14, Rcpp::PreserveStorage> > >(Rcpp::VectorBase<14, true, Rcpp::sugar::UnaryMinus_Vector<14, true, Rcpp::Vector<14, Rcpp::PreserveStorage> > > const&, Rcpp::traits::integral_constant<bool, false>)
  [UP] calling allocating function Rcpp::PreserveStorage<Rcpp::Vector<14, Rcpp::PreserveStorage> >::set__(SEXPREC*)(?,V) with argument allocated using Rf_allocVector Rcpp/include/Rcpp/vector/Vector.h:1070
