Package atakrig version 0.9.8
Package built using 80923/R 4.2.0; x86_64-pc-linux-gnu; 2021-09-18 21:46:17 UTC; unix   
Checked with rchk version 35d5d01a98903a5f3e9ec166dcdb2f790ecb784f LLVM version 11.0.0
More information at https://github.com/kalibera/cran-checks/blob/master/rchk/PROTECT.md
For rchk in docker image see https://github.com/kalibera/rchk/blob/master/doc/DOCKER.md


Function Rcpp::Armor<SEXPREC*>::init(SEXPREC*)
  [PB] has possible protection stack imbalance Rcpp/include/Rcpp/protection/Armor.h:47

Function Rcpp::Armor<SEXPREC*>::~Armor()
  [PB] has negative depth Rcpp/include/Rcpp/protection/Armor.h:41
  [UP] attempt to unprotect more items (1) than protected (0), results will be incomplete Rcpp/include/Rcpp/protection/Armor.h:41
  [PB] has possible protection stack imbalance Rcpp/include/Rcpp/protection/Armor.h:42

Function Rcpp::Environment_Impl<Rcpp::PreserveStorage>::get(std::__1::basic_string<char, std::__1::char_traits<char>, std::__1::allocator<char> > const&) const
  [UP] calling allocating function Rcpp::internal::Rcpp_eval_impl(SEXPREC*, SEXPREC*) with a fresh pointer (res <arg 1>) Rcpp/include/Rcpp/Environment.h:112

Function Rcpp::Rcpp_protect(SEXPREC*)
  [PB] has possible protection stack imbalance Rcpp/include/Rcpp/protection/Shield.h:25

Function Rcpp::Rcpp_unprotect(int)
  [PB] has an unsupported form of unprotect with a variable results will be incomplete Rcpp/include/Rcpp/protection/Shield.h:31
  [UP] unsupported form of unprotect, unprotecting all variables, results will be incomplete Rcpp/include/Rcpp/protection/Shield.h:31

Function Rcpp::internal::convert_using_rfunction(SEXPREC*, char const*)
  [UP] ignoring variable <unnamed var:   %10 = alloca %struct.SEXPREC*, align 8> as it has address taken, results will be incomplete 

Function Rcpp::sugar::IndexHash<16>::add_value(int)
  [UP] ignoring variable val as it has address taken, results will be incomplete 

Function _ZNSt3__14swapIP7SEXPRECEENS_9enable_ifIXaasr21is_move_constructibleIT_EE5valuesr18is_move_assignableIS4_EE5valueEvE4typeERS4_S7_
  [UP] ignoring variable __t as it has address taken, results will be incomplete 

Function _atakrig_crossSvAreaCloudByPointVgm
  [UP] ignoring variable <unnamed var:   %12 = alloca %struct.SEXPREC*, align 8> as it has address taken, results will be incomplete 

Function _atakrig_outerProd
  [UP] ignoring variable <unnamed var:   %15 = alloca %struct.SEXPREC*, align 8> as it has address taken, results will be incomplete 

Function _atakrig_spDistsNN
  [UP] ignoring variable <unnamed var:   %24 = alloca %struct.SEXPREC*, align 8> as it has address taken, results will be incomplete 

Function _atakrig_svAreaCloudByPointVgm
  [UP] ignoring variable <unnamed var:   %12 = alloca %struct.SEXPREC*, align 8> as it has address taken, results will be incomplete 

Function _atakrig_variogramLineSimple
  [UP] ignoring variable <unnamed var:   %18 = alloca %struct.SEXPREC*, align 8> as it has address taken, results will be incomplete 

Function bool std::__1::__insertion_sort_incomplete<Rcpp::internal::NAComparator<SEXPREC*>&, SEXPREC**>(SEXPREC**, SEXPREC**, Rcpp::internal::NAComparator<SEXPREC*>&)
  [UP] ignoring variable __t as it has address taken, results will be incomplete 

Function bool std::__1::__insertion_sort_incomplete<Rcpp::internal::NAComparatorGreater<SEXPREC*>&, SEXPREC**>(SEXPREC**, SEXPREC**, Rcpp::internal::NAComparatorGreater<SEXPREC*>&)
  [UP] ignoring variable __t as it has address taken, results will be incomplete 

Function svAreaCloudByPointVgm_gstat(Rcpp::DataFrame_Impl<Rcpp::PreserveStorage> const&)
  [UP] ignoring variable <unnamed var:   %26 = alloca %struct.SEXPREC*, align 8> as it has address taken, results will be incomplete 
  [UP] ignoring variable <unnamed var:   %32 = alloca %struct.SEXPREC*, align 8> as it has address taken, results will be incomplete 
  [UP] ignoring variable <unnamed var:   %38 = alloca %struct.SEXPREC*, align 8> as it has address taken, results will be incomplete 

Function void std::__1::__insertion_sort_3<Rcpp::internal::NAComparator<SEXPREC*>&, SEXPREC**>(SEXPREC**, SEXPREC**, Rcpp::internal::NAComparator<SEXPREC*>&)
  [UP] ignoring variable __t as it has address taken, results will be incomplete 

Function void std::__1::__insertion_sort_3<Rcpp::internal::NAComparatorGreater<SEXPREC*>&, SEXPREC**>(SEXPREC**, SEXPREC**, Rcpp::internal::NAComparatorGreater<SEXPREC*>&)
  [UP] ignoring variable __t as it has address taken, results will be incomplete 
