Package ATNr version 1.0.1
Package built using 82503/R 4.3.0; x86_64-pc-linux-gnu; 2022-06-21 07:28:52 UTC; unix   
Checked with rchk version 29e18222e1cfa67ba8e63bd3b22a25f78593c554 LLVM version 14.0.0
More information at https://github.com/kalibera/cran-checks/blob/master/rchk/PROTECT.md
For rchk in docker image see https://github.com/kalibera/rchk/blob/master/doc/DOCKER.md


Function Rcpp::Rcpp_protect(SEXPREC*)
  [PB] has possible protection stack imbalance Rcpp/include/Rcpp/protection/Shield.h:25

Function Rcpp::Rcpp_unprotect(int)
  [PB] has an unsupported form of unprotect with a variable results will be incomplete Rcpp/include/Rcpp/protection/Shield.h:31
  [UP] unsupported form of unprotect, unprotecting all variables, results will be incomplete Rcpp/include/Rcpp/protection/Shield.h:31

Function Rcpp::Reference_Impl<Rcpp::PreserveStorage>::Reference_Impl(std::__1::basic_string<char, std::__1::char_traits<char>, std::__1::allocator<char> > const&)
  [UP] calling allocating function Rcpp::Rcpp_fast_eval(SEXPREC*, SEXPREC*) with argument allocated using Rcpp::internal::get_Rcpp_namespace() Rcpp/include/Rcpp/Reference.h:63

Function Rcpp::class_<Scaled>::invoke(SEXPREC*, SEXPREC*, SEXPREC**, int)
  [UP] ignoring variable <unnamed var:   %28 = alloca %struct.SEXPREC*, align 8> as it has address taken, results will be incomplete 

Function Rcpp::class_<Scaled_loops>::invoke(SEXPREC*, SEXPREC*, SEXPREC**, int)
  [UP] ignoring variable <unnamed var:   %28 = alloca %struct.SEXPREC*, align 8> as it has address taken, results will be incomplete 

Function Rcpp::class_<Unscaled>::invoke(SEXPREC*, SEXPREC*, SEXPREC**, int)
  [UP] ignoring variable <unnamed var:   %28 = alloca %struct.SEXPREC*, align 8> as it has address taken, results will be incomplete 

Function Rcpp::class_<Unscaled_loops>::invoke(SEXPREC*, SEXPREC*, SEXPREC**, int)
  [UP] ignoring variable <unnamed var:   %28 = alloca %struct.SEXPREC*, align 8> as it has address taken, results will be incomplete 

Function Rcpp::class_<Unscaled_nuts>::invoke(SEXPREC*, SEXPREC*, SEXPREC**, int)
  [UP] ignoring variable <unnamed var:   %28 = alloca %struct.SEXPREC*, align 8> as it has address taken, results will be incomplete 

Function Rcpp::class_<Unscaled_nuts_loops>::invoke(SEXPREC*, SEXPREC*, SEXPREC**, int)
  [UP] ignoring variable <unnamed var:   %28 = alloca %struct.SEXPREC*, align 8> as it has address taken, results will be incomplete 
