Package autothresholdr version 1.3.0
Package built using 76260/R 3.6.0; x86_64-pc-linux-gnu; 2019-03-22 14:02:55 UTC; unix   
Checked with rchk version 6d8483c5be1eff92b9772065e2744ae221981c33
More information at https://github.com/kalibera/cran-checks/blob/master/rchk/PROTECT.md


Function Rcpp::Rcpp_protect(SEXPREC*)
  [PB] has possible protection stack imbalance /var/scratch2/tomas/cran/rchk/lib/Rcpp/include/Rcpp/protection/Shield.h:25

Function Rcpp::Rcpp_unprotect(int)
  [PB] has an unsupported form of unprotect with a variable results will be incomplete /var/scratch2/tomas/cran/rchk/lib/Rcpp/include/Rcpp/protection/Shield.h:31
  [UP] unsupported form of unprotect, unprotecting all variables, results will be incomplete /var/scratch2/tomas/cran/rchk/lib/Rcpp/include/Rcpp/protection/Shield.h:31

Function _autothresholdr_Huang
  [UP] ignoring variable <unnamed var:   %18 = alloca %struct.SEXPREC*, align 8> as it has address taken, results will be incomplete 

Function _autothresholdr_Huang2
  [UP] ignoring variable <unnamed var:   %18 = alloca %struct.SEXPREC*, align 8> as it has address taken, results will be incomplete 

Function _autothresholdr_IJDefault
  [UP] ignoring variable <unnamed var:   %18 = alloca %struct.SEXPREC*, align 8> as it has address taken, results will be incomplete 

Function _autothresholdr_Intermodes
  [UP] ignoring variable <unnamed var:   %18 = alloca %struct.SEXPREC*, align 8> as it has address taken, results will be incomplete 

Function _autothresholdr_IsoData
  [UP] ignoring variable <unnamed var:   %18 = alloca %struct.SEXPREC*, align 8> as it has address taken, results will be incomplete 

Function _autothresholdr_Li
  [UP] ignoring variable <unnamed var:   %18 = alloca %struct.SEXPREC*, align 8> as it has address taken, results will be incomplete 

Function _autothresholdr_MaxEntropy
  [UP] ignoring variable <unnamed var:   %18 = alloca %struct.SEXPREC*, align 8> as it has address taken, results will be incomplete 

Function _autothresholdr_Mean
  [UP] ignoring variable <unnamed var:   %18 = alloca %struct.SEXPREC*, align 8> as it has address taken, results will be incomplete 

Function _autothresholdr_MinErrorI
  [UP] ignoring variable <unnamed var:   %18 = alloca %struct.SEXPREC*, align 8> as it has address taken, results will be incomplete 

Function _autothresholdr_Minimum
  [UP] ignoring variable <unnamed var:   %18 = alloca %struct.SEXPREC*, align 8> as it has address taken, results will be incomplete 

Function _autothresholdr_Moments
  [UP] ignoring variable <unnamed var:   %18 = alloca %struct.SEXPREC*, align 8> as it has address taken, results will be incomplete 

Function _autothresholdr_Otsu
  [UP] ignoring variable <unnamed var:   %18 = alloca %struct.SEXPREC*, align 8> as it has address taken, results will be incomplete 

Function _autothresholdr_Percentile
  [UP] ignoring variable <unnamed var:   %18 = alloca %struct.SEXPREC*, align 8> as it has address taken, results will be incomplete 

Function _autothresholdr_RenyiEntropy
  [UP] ignoring variable <unnamed var:   %18 = alloca %struct.SEXPREC*, align 8> as it has address taken, results will be incomplete 

Function _autothresholdr_Shanbhag
  [UP] ignoring variable <unnamed var:   %18 = alloca %struct.SEXPREC*, align 8> as it has address taken, results will be incomplete 

Function _autothresholdr_Triangle
  [UP] ignoring variable <unnamed var:   %18 = alloca %struct.SEXPREC*, align 8> as it has address taken, results will be incomplete 

Function _autothresholdr_Yen
  [UP] ignoring variable <unnamed var:   %18 = alloca %struct.SEXPREC*, align 8> as it has address taken, results will be incomplete 

Function _autothresholdr_mean_pillars
  [UP] unprotected variable rcpp_result_gen while calling allocating function Rf_onintr /var/scratch2/tomas/cran/rchk/pkgbuild/vYNIJgMl/autothresholdr/src/RcppExports.cpp:251
  [PB] has negative depth /var/scratch2/tomas/cran/rchk/pkgbuild/vYNIJgMl/autothresholdr/src/RcppExports.cpp:263
  [UP] attempt to unprotect more items (1) than protected (0), results will be incomplete /var/scratch2/tomas/cran/rchk/pkgbuild/vYNIJgMl/autothresholdr/src/RcppExports.cpp:263
  [PB] has possible protection stack imbalance /var/scratch2/tomas/cran/rchk/pkgbuild/vYNIJgMl/autothresholdr/src/RcppExports.cpp:264

Function _autothresholdr_mean_pillars_try(SEXPREC*)
  [UP] ignoring variable <unnamed var:   %17 = alloca %struct.SEXPREC*, align 8> as it has address taken, results will be incomplete 

Function _autothresholdr_median_pillars
  [UP] unprotected variable rcpp_result_gen while calling allocating function Rf_onintr /var/scratch2/tomas/cran/rchk/pkgbuild/vYNIJgMl/autothresholdr/src/RcppExports.cpp:319
  [PB] has negative depth /var/scratch2/tomas/cran/rchk/pkgbuild/vYNIJgMl/autothresholdr/src/RcppExports.cpp:331
  [UP] attempt to unprotect more items (1) than protected (0), results will be incomplete /var/scratch2/tomas/cran/rchk/pkgbuild/vYNIJgMl/autothresholdr/src/RcppExports.cpp:331
  [PB] has possible protection stack imbalance /var/scratch2/tomas/cran/rchk/pkgbuild/vYNIJgMl/autothresholdr/src/RcppExports.cpp:332

Function _autothresholdr_median_pillars_try(SEXPREC*)
  [UP] ignoring variable <unnamed var:   %17 = alloca %struct.SEXPREC*, align 8> as it has address taken, results will be incomplete 

Function _autothresholdr_sum_pillars
  [UP] unprotected variable rcpp_result_gen while calling allocating function Rf_onintr /var/scratch2/tomas/cran/rchk/pkgbuild/vYNIJgMl/autothresholdr/src/RcppExports.cpp:217
  [PB] has negative depth /var/scratch2/tomas/cran/rchk/pkgbuild/vYNIJgMl/autothresholdr/src/RcppExports.cpp:229
  [UP] attempt to unprotect more items (1) than protected (0), results will be incomplete /var/scratch2/tomas/cran/rchk/pkgbuild/vYNIJgMl/autothresholdr/src/RcppExports.cpp:229
  [PB] has possible protection stack imbalance /var/scratch2/tomas/cran/rchk/pkgbuild/vYNIJgMl/autothresholdr/src/RcppExports.cpp:230

Function _autothresholdr_sum_pillars_try(SEXPREC*)
  [UP] ignoring variable <unnamed var:   %17 = alloca %struct.SEXPREC*, align 8> as it has address taken, results will be incomplete 

Function _autothresholdr_var_pillars
  [UP] unprotected variable rcpp_result_gen while calling allocating function Rf_onintr /var/scratch2/tomas/cran/rchk/pkgbuild/vYNIJgMl/autothresholdr/src/RcppExports.cpp:285
  [PB] has negative depth /var/scratch2/tomas/cran/rchk/pkgbuild/vYNIJgMl/autothresholdr/src/RcppExports.cpp:297
  [UP] attempt to unprotect more items (1) than protected (0), results will be incomplete /var/scratch2/tomas/cran/rchk/pkgbuild/vYNIJgMl/autothresholdr/src/RcppExports.cpp:297
  [PB] has possible protection stack imbalance /var/scratch2/tomas/cran/rchk/pkgbuild/vYNIJgMl/autothresholdr/src/RcppExports.cpp:298

Function _autothresholdr_var_pillars_try(SEXPREC*)
  [UP] ignoring variable <unnamed var:   %17 = alloca %struct.SEXPREC*, align 8> as it has address taken, results will be incomplete 
Analyzed 442 functions, traversed 5098 states.
