Package bayesm version 3.1-4
Package built using 79387/R 4.1.0; x86_64-pc-linux-gnu; 2020-10-31 04:12:37 UTC; unix   
Checked with rchk version 1df3a0cc105e4278d3a4b8e1215f64bf6611d1e8 LLVM version 10.0.1
More information at https://github.com/kalibera/cran-checks/blob/master/rchk/PROTECT.md


Function Rcpp::Armor<SEXPREC*>::init(SEXPREC*)
  [PB] has possible protection stack imbalance Rcpp/include/Rcpp/protection/Armor.h:47

Function Rcpp::Armor<SEXPREC*>::~Armor()
  [PB] has negative depth Rcpp/include/Rcpp/protection/Armor.h:41
  [UP] attempt to unprotect more items (1) than protected (0), results will be incomplete Rcpp/include/Rcpp/protection/Armor.h:41
  [PB] has possible protection stack imbalance Rcpp/include/Rcpp/protection/Armor.h:42

Function Rcpp::Rcpp_protect(SEXPREC*)
  [PB] has possible protection stack imbalance Rcpp/include/Rcpp/protection/Shield.h:25

Function Rcpp::Rcpp_unprotect(int)
  [PB] has an unsupported form of unprotect with a variable results will be incomplete Rcpp/include/Rcpp/protection/Shield.h:31
  [UP] unsupported form of unprotect, unprotecting all variables, results will be incomplete Rcpp/include/Rcpp/protection/Shield.h:31

Function Rcpp::Vector<13, Rcpp::PreserveStorage>::Vector(SEXPREC*)
  [UP] calling allocating function Rcpp::PreserveStorage<Rcpp::Vector<13, Rcpp::PreserveStorage> >::set__(SEXPREC*) with argument allocated using SEXPREC* Rcpp::r_cast<13>(SEXPREC*) Rcpp/include/Rcpp/vector/Vector.h:74

Function Rcpp::Vector<14, Rcpp::PreserveStorage>::Vector(Rcpp::Dimension const&)
  [UP] calling allocating function Rcpp::PreserveStorage<Rcpp::Vector<14, Rcpp::PreserveStorage> >::set__(SEXPREC*)(?,V) with argument allocated using Rf_allocVector Rcpp/include/Rcpp/vector/Vector.h:135

Function Rcpp::Vector<14, Rcpp::PreserveStorage>::Vector(SEXPREC*)
  [UP] calling allocating function Rcpp::PreserveStorage<Rcpp::Vector<14, Rcpp::PreserveStorage> >::set__(SEXPREC*) with argument allocated using SEXPREC* Rcpp::r_cast<14>(SEXPREC*) Rcpp/include/Rcpp/vector/Vector.h:74

Function Rcpp::Vector<14, Rcpp::PreserveStorage>::Vector(int const&)
  [UP] calling allocating function Rcpp::PreserveStorage<Rcpp::Vector<14, Rcpp::PreserveStorage> >::set__(SEXPREC*)(?,V) with argument allocated using Rf_allocVector Rcpp/include/Rcpp/vector/Vector.h:130

Function Rcpp::Vector<14, Rcpp::PreserveStorage>::Vector(int const&, double const&)
  [UP] calling allocating function Rcpp::PreserveStorage<Rcpp::Vector<14, Rcpp::PreserveStorage> >::set__(SEXPREC*)(?,V) with argument allocated using Rf_allocVector Rcpp/include/Rcpp/vector/Vector.h:97

Function Rcpp::Vector<14, Rcpp::PreserveStorage>::Vector<double const*>(double const*, double const*)
  [UP] calling allocating function Rcpp::PreserveStorage<Rcpp::Vector<14, Rcpp::PreserveStorage> >::set__(SEXPREC*)(?,V) with argument allocated using Rf_allocVector Rcpp/include/Rcpp/vector/Vector.h:213

Function Rcpp::Vector<14, Rcpp::PreserveStorage>::Vector<double*>(double*, double*)
  [UP] calling allocating function Rcpp::PreserveStorage<Rcpp::Vector<14, Rcpp::PreserveStorage> >::set__(SEXPREC*)(?,V) with argument allocated using Rf_allocVector Rcpp/include/Rcpp/vector/Vector.h:213

Function Rcpp::Vector<19, Rcpp::PreserveStorage>::Vector()
  [UP] calling allocating function Rcpp::PreserveStorage<Rcpp::Vector<19, Rcpp::PreserveStorage> >::set__(SEXPREC*)(?,V) with argument allocated using Rf_allocVector Rcpp/include/Rcpp/vector/Vector.h:57

Function Rcpp::Vector<19, Rcpp::PreserveStorage>::Vector(int const&)
  [UP] calling allocating function Rcpp::PreserveStorage<Rcpp::Vector<19, Rcpp::PreserveStorage> >::set__(SEXPREC*)(?,V) with argument allocated using Rf_allocVector Rcpp/include/Rcpp/vector/Vector.h:130

Function Rcpp::Vector<19, Rcpp::PreserveStorage>::push_back_name__impl(SEXPREC* const&, std::__1::basic_string<char, std::__1::char_traits<char>, std::__1::allocator<char> > const&, Rcpp::traits::integral_constant<bool, true>)
  [UP] unprotected variable names while calling allocating function Rf_allocVector Rcpp/include/Rcpp/vector/Vector.h:683

Function Rcpp::internal::convert_using_rfunction(SEXPREC*, char const*)
  [UP] ignoring variable <unnamed var:   %10 = alloca %struct.SEXPREC*, align 8> as it has address taken, results will be incomplete 

Function Rcpp::internal::generic_name_proxy<19, Rcpp::PreserveStorage>::set(SEXPREC*)
  [UP] ignoring variable rhs as it has address taken, results will be incomplete 

Function _ZN4Rcpp6VectorILi14ENS_15PreserveStorageEEC2IiNS_5stats13NormGeneratorEEERKT_RKT0_PNS_6traits9enable_ifIXsr6traits13is_arithmeticIS6_EE5valueEvE4typeE
  [UP] calling allocating function Rcpp::PreserveStorage<Rcpp::Vector<14, Rcpp::PreserveStorage> >::set__(SEXPREC*)(?,V) with argument allocated using Rf_allocVector Rcpp/include/Rcpp/vector/Vector.h:172

Function _ZN4Rcpp6VectorILi14ENS_15PreserveStorageEEC2IiNS_5stats14BinomGeneratorEEERKT_RKT0_PNS_6traits9enable_ifIXsr6traits13is_arithmeticIS6_EE5valueEvE4typeE
  [UP] calling allocating function Rcpp::PreserveStorage<Rcpp::Vector<14, Rcpp::PreserveStorage> >::set__(SEXPREC*)(?,V) with argument allocated using Rf_allocVector Rcpp/include/Rcpp/vector/Vector.h:172

Function _ZN4Rcpp6VectorILi14ENS_15PreserveStorageEEC2IiNS_5stats14ChisqGeneratorEEERKT_RKT0_PNS_6traits9enable_ifIXsr6traits13is_arithmeticIS6_EE5valueEvE4typeE
  [UP] calling allocating function Rcpp::PreserveStorage<Rcpp::Vector<14, Rcpp::PreserveStorage> >::set__(SEXPREC*)(?,V) with argument allocated using Rf_allocVector Rcpp/include/Rcpp/vector/Vector.h:172

Function _ZN4Rcpp6VectorILi14ENS_15PreserveStorageEEC2IiNS_5stats14GammaGeneratorEEERKT_RKT0_PNS_6traits9enable_ifIXsr6traits13is_arithmeticIS6_EE5valueEvE4typeE
  [UP] calling allocating function Rcpp::PreserveStorage<Rcpp::Vector<14, Rcpp::PreserveStorage> >::set__(SEXPREC*)(?,V) with argument allocated using Rf_allocVector Rcpp/include/Rcpp/vector/Vector.h:172

Function _ZN4Rcpp6VectorILi14ENS_15PreserveStorageEEC2IiNS_5stats18NormGenerator__sd1EEERKT_RKT0_PNS_6traits9enable_ifIXsr6traits13is_arithmeticIS6_EE5valueEvE4typeE
  [UP] calling allocating function Rcpp::PreserveStorage<Rcpp::Vector<14, Rcpp::PreserveStorage> >::set__(SEXPREC*)(?,V) with argument allocated using Rf_allocVector Rcpp/include/Rcpp/vector/Vector.h:172

Function _ZN4Rcpp6VectorILi14ENS_15PreserveStorageEEC2IiNS_5stats19UnifGenerator__0__1EEERKT_RKT0_PNS_6traits9enable_ifIXsr6traits13is_arithmeticIS6_EE5valueEvE4typeE
  [UP] calling allocating function Rcpp::PreserveStorage<Rcpp::Vector<14, Rcpp::PreserveStorage> >::set__(SEXPREC*)(?,V) with argument allocated using Rf_allocVector Rcpp/include/Rcpp/vector/Vector.h:172

Function _ZN4Rcpp6VectorILi14ENS_15PreserveStorageEEC2IiNS_5stats20NormGenerator__mean0EEERKT_RKT0_PNS_6traits9enable_ifIXsr6traits13is_arithmeticIS6_EE5valueEvE4typeE
  [UP] calling allocating function Rcpp::PreserveStorage<Rcpp::Vector<14, Rcpp::PreserveStorage> >::set__(SEXPREC*)(?,V) with argument allocated using Rf_allocVector Rcpp/include/Rcpp/vector/Vector.h:172

Function _ZN4Rcpp6VectorILi14ENS_15PreserveStorageEEC2IiNS_5stats25NormGenerator__mean0__sd1EEERKT_RKT0_PNS_6traits9enable_ifIXsr6traits13is_arithmeticIS6_EE5valueEvE4typeE
  [UP] calling allocating function Rcpp::PreserveStorage<Rcpp::Vector<14, Rcpp::PreserveStorage> >::set__(SEXPREC*)(?,V) with argument allocated using Rf_allocVector Rcpp/include/Rcpp/vector/Vector.h:172

Function _ZN4Rcpp6VectorILi16ENS_15PreserveStorageEEC2ImEET_PNS_6traits9enable_ifIXsr6traits13is_arithmeticIS4_EE5valueEvE4typeE
  [UP] calling allocating function Rcpp::PreserveStorage<Rcpp::Vector<16, Rcpp::PreserveStorage> >::set__(SEXPREC*)(?,V) with argument allocated using Rf_allocVector Rcpp/include/Rcpp/vector/Vector.h:125

Function _ZN4Rcpp6VectorILi19ENS_15PreserveStorageEEC2IlEET_PNS_6traits9enable_ifIXsr6traits13is_arithmeticIS4_EE5valueEvE4typeE
  [UP] calling allocating function Rcpp::PreserveStorage<Rcpp::Vector<19, Rcpp::PreserveStorage> >::set__(SEXPREC*)(?,V) with argument allocated using Rf_allocVector Rcpp/include/Rcpp/vector/Vector.h:125

Function _bayesm_bayesBLP_rcpp_loop
  [UP] ignoring variable <unnamed var:   %87 = alloca %struct.SEXPREC*, align 8> as it has address taken, results will be incomplete 

Function _bayesm_breg
  [UP] ignoring variable <unnamed var:   %21 = alloca %struct.SEXPREC*, align 8> as it has address taken, results will be incomplete 

Function _bayesm_callroot
  [UP] ignoring variable <unnamed var:   %21 = alloca %struct.SEXPREC*, align 8> as it has address taken, results will be incomplete 

Function _bayesm_cgetC
  [UP] ignoring variable <unnamed var:   %15 = alloca %struct.SEXPREC*, align 8> as it has address taken, results will be incomplete 

Function _bayesm_clusterMix_rcpp_loop
  [UP] ignoring variable <unnamed var:   %21 = alloca %struct.SEXPREC*, align 8> as it has address taken, results will be incomplete 

Function _bayesm_ghkvec
  [UP] ignoring variable <unnamed var:   %27 = alloca %struct.SEXPREC*, align 8> as it has address taken, results will be incomplete 

Function _bayesm_llmnl
  [UP] ignoring variable <unnamed var:   %18 = alloca %struct.SEXPREC*, align 8> as it has address taken, results will be incomplete 

Function _bayesm_llmnl_con
  [UP] ignoring variable <unnamed var:   %21 = alloca %struct.SEXPREC*, align 8> as it has address taken, results will be incomplete 

Function _bayesm_lndIChisq
  [UP] ignoring variable <unnamed var:   %18 = alloca %struct.SEXPREC*, align 8> as it has address taken, results will be incomplete 

Function _bayesm_lndIWishart
  [UP] ignoring variable <unnamed var:   %18 = alloca %struct.SEXPREC*, align 8> as it has address taken, results will be incomplete 

Function _bayesm_lndMvn
  [UP] ignoring variable <unnamed var:   %18 = alloca %struct.SEXPREC*, align 8> as it has address taken, results will be incomplete 

Function _bayesm_lndMvst
  [UP] ignoring variable <unnamed var:   %24 = alloca %struct.SEXPREC*, align 8> as it has address taken, results will be incomplete 

Function _bayesm_rDPGibbs_rcpp_loop
  [UP] ignoring variable <unnamed var:   %45 = alloca %struct.SEXPREC*, align 8> as it has address taken, results will be incomplete 

Function _bayesm_rbprobitGibbs_rcpp_loop
  [UP] ignoring variable <unnamed var:   %42 = alloca %struct.SEXPREC*, align 8> as it has address taken, results will be incomplete 

Function _bayesm_rdirichlet
  [UP] ignoring variable <unnamed var:   %12 = alloca %struct.SEXPREC*, align 8> as it has address taken, results will be incomplete 

Function _bayesm_rhierLinearMixture_rcpp_loop
  [UP] ignoring variable <unnamed var:   %66 = alloca %struct.SEXPREC*, align 8> as it has address taken, results will be incomplete 

Function _bayesm_rhierLinearModel_rcpp_loop
  [UP] ignoring variable <unnamed var:   %51 = alloca %struct.SEXPREC*, align 8> as it has address taken, results will be incomplete 

Function _bayesm_rhierMnlDP_rcpp_loop
  [UP] ignoring variable <unnamed var:   %63 = alloca %struct.SEXPREC*, align 8> as it has address taken, results will be incomplete 

Function _bayesm_rhierMnlRwMixture_rcpp_loop
  [UP] ignoring variable <unnamed var:   %66 = alloca %struct.SEXPREC*, align 8> as it has address taken, results will be incomplete 

Function _bayesm_rhierNegbinRw_rcpp_loop
  [UP] ignoring variable <unnamed var:   %66 = alloca %struct.SEXPREC*, align 8> as it has address taken, results will be incomplete 

Function _bayesm_rivDP_rcpp_loop
  [UP] ignoring variable <unnamed var:   %78 = alloca %struct.SEXPREC*, align 8> as it has address taken, results will be incomplete 

Function _bayesm_rivGibbs_rcpp_loop
  [UP] ignoring variable <unnamed var:   %48 = alloca %struct.SEXPREC*, align 8> as it has address taken, results will be incomplete 

Function _bayesm_rmixGibbs
  [UP] ignoring variable <unnamed var:   %33 = alloca %struct.SEXPREC*, align 8> as it has address taken, results will be incomplete 

Function _bayesm_rmixture
  [UP] ignoring variable <unnamed var:   %18 = alloca %struct.SEXPREC*, align 8> as it has address taken, results will be incomplete 

Function _bayesm_rmnlIndepMetrop_rcpp_loop
  [UP] ignoring variable <unnamed var:   %48 = alloca %struct.SEXPREC*, align 8> as it has address taken, results will be incomplete 

Function _bayesm_rmnpGibbs_rcpp_loop
  [UP] ignoring variable <unnamed var:   %45 = alloca %struct.SEXPREC*, align 8> as it has address taken, results will be incomplete 

Function _bayesm_rmultireg
  [UP] ignoring variable <unnamed var:   %27 = alloca %struct.SEXPREC*, align 8> as it has address taken, results will be incomplete 

Function _bayesm_rmvpGibbs_rcpp_loop
  [UP] ignoring variable <unnamed var:   %45 = alloca %struct.SEXPREC*, align 8> as it has address taken, results will be incomplete 

Function _bayesm_rmvst
  [UP] ignoring variable <unnamed var:   %18 = alloca %struct.SEXPREC*, align 8> as it has address taken, results will be incomplete 

Function _bayesm_rnegbinRw_rcpp_loop
  [UP] ignoring variable <unnamed var:   %51 = alloca %struct.SEXPREC*, align 8> as it has address taken, results will be incomplete 

Function _bayesm_rnmixGibbs_rcpp_loop
  [UP] ignoring variable <unnamed var:   %42 = alloca %struct.SEXPREC*, align 8> as it has address taken, results will be incomplete 

Function _bayesm_rordprobitGibbs_rcpp_loop
  [UP] ignoring variable <unnamed var:   %48 = alloca %struct.SEXPREC*, align 8> as it has address taken, results will be incomplete 

Function _bayesm_rscaleUsage_rcpp_loop
  [UP] ignoring variable <unnamed var:   %105 = alloca %struct.SEXPREC*, align 8> as it has address taken, results will be incomplete 

Function _bayesm_rsurGibbs_rcpp_loop
  [UP] ignoring variable <unnamed var:   %57 = alloca %struct.SEXPREC*, align 8> as it has address taken, results will be incomplete 

Function _bayesm_rtrun
  [UP] ignoring variable <unnamed var:   %21 = alloca %struct.SEXPREC*, align 8> as it has address taken, results will be incomplete 

Function _bayesm_runiregGibbs_rcpp_loop
  [UP] ignoring variable <unnamed var:   %39 = alloca %struct.SEXPREC*, align 8> as it has address taken, results will be incomplete 

Function _bayesm_runireg_rcpp_loop
  [UP] ignoring variable <unnamed var:   %36 = alloca %struct.SEXPREC*, align 8> as it has address taken, results will be incomplete 

Function _bayesm_rwishart
  [UP] ignoring variable <unnamed var:   %15 = alloca %struct.SEXPREC*, align 8> as it has address taken, results will be incomplete 

Function void Rcpp::Vector<14, Rcpp::PreserveStorage>::import_sugar_expression<true, Rcpp::stats::P0<14, true, Rcpp::sugar::Divides_Vector_Vector<14, true, Rcpp::sugar::Minus_Vector_Vector<14, true, Rcpp::Vector<14, Rcpp::PreserveStorage>, true, Rcpp::Vector<14, Rcpp::PreserveStorage> >, true, Rcpp::Vector<14, Rcpp::PreserveStorage> > > >(Rcpp::VectorBase<14, true, Rcpp::stats::P0<14, true, Rcpp::sugar::Divides_Vector_Vector<14, true, Rcpp::sugar::Minus_Vector_Vector<14, true, Rcpp::Vector<14, Rcpp::PreserveStorage>, true, Rcpp::Vector<14, Rcpp::PreserveStorage> >, true, Rcpp::Vector<14, Rcpp::PreserveStorage> > > > const&, Rcpp::traits::integral_constant<bool, false>)
  [UP] calling allocating function Rcpp::PreserveStorage<Rcpp::Vector<14, Rcpp::PreserveStorage> >::set__(SEXPREC*)(?,V) with argument allocated using Rf_allocVector Rcpp/include/Rcpp/vector/Vector.h:1070

Function void Rcpp::Vector<14, Rcpp::PreserveStorage>::import_sugar_expression<true, Rcpp::sugar::Minus_Vector_Vector<14, true, Rcpp::stats::P0<14, true, Rcpp::sugar::Minus_Vector_Vector<14, true, Rcpp::Vector<14, Rcpp::PreserveStorage>, true, Rcpp::Vector<14, Rcpp::PreserveStorage> > >, true, Rcpp::stats::P0<14, true, Rcpp::sugar::Minus_Vector_Vector<14, true, Rcpp::Vector<14, Rcpp::PreserveStorage>, true, Rcpp::Vector<14, Rcpp::PreserveStorage> > > > >(Rcpp::VectorBase<14, true, Rcpp::sugar::Minus_Vector_Vector<14, true, Rcpp::stats::P0<14, true, Rcpp::sugar::Minus_Vector_Vector<14, true, Rcpp::Vector<14, Rcpp::PreserveStorage>, true, Rcpp::Vector<14, Rcpp::PreserveStorage> > >, true, Rcpp::stats::P0<14, true, Rcpp::sugar::Minus_Vector_Vector<14, true, Rcpp::Vector<14, Rcpp::PreserveStorage>, true, Rcpp::Vector<14, Rcpp::PreserveStorage> > > > > const&, Rcpp::traits::integral_constant<bool, false>)
  [UP] calling allocating function Rcpp::PreserveStorage<Rcpp::Vector<14, Rcpp::PreserveStorage> >::set__(SEXPREC*)(?,V) with argument allocated using Rf_allocVector Rcpp/include/Rcpp/vector/Vector.h:1070

Function void Rcpp::Vector<14, Rcpp::PreserveStorage>::import_sugar_expression<true, Rcpp::sugar::Plus_Vector_Vector<14, true, Rcpp::Vector<14, Rcpp::PreserveStorage>, true, Rcpp::sugar::Times_Vector_Vector<14, true, Rcpp::Vector<14, Rcpp::PreserveStorage>, true, Rcpp::stats::Q0<14, true, Rcpp::sugar::Plus_Vector_Vector<14, true, Rcpp::sugar::Times_Vector_Vector<14, true, Rcpp::Vector<14, Rcpp::PreserveStorage>, true, Rcpp::sugar::Minus_Vector_Vector<14, true, Rcpp::Vector<14, Rcpp::PreserveStorage>, true, Rcpp::Vector<14, Rcpp::PreserveStorage> > >, true, Rcpp::Vector<14, Rcpp::PreserveStorage> > > > > >(Rcpp::VectorBase<14, true, Rcpp::sugar::Plus_Vector_Vector<14, true, Rcpp::Vector<14, Rcpp::PreserveStorage>, true, Rcpp::sugar::Times_Vector_Vector<14, true, Rcpp::Vector<14, Rcpp::PreserveStorage>, true, Rcpp::stats::Q0<14, true, Rcpp::sugar::Plus_Vector_Vector<14, true, Rcpp::sugar::Times_Vector_Vector<14, true, Rcpp::Vector<14, Rcpp::PreserveStorage>, true, Rcpp::sugar::Minus_Vector_Vector<14, true, Rcpp::Vector<14, Rcpp::PreserveStorage>, true, Rcpp::Vector<14, Rcpp::PreserveStorage> > >, true, Rcpp::Vector<14, Rcpp::PreserveStorage> > > > > > const&, Rcpp::traits::integral_constant<bool, false>)
  [UP] calling allocating function Rcpp::PreserveStorage<Rcpp::Vector<14, Rcpp::PreserveStorage> >::set__(SEXPREC*)(?,V) with argument allocated using Rf_allocVector Rcpp/include/Rcpp/vector/Vector.h:1070

Function void Rcpp::Vector<19, Rcpp::PreserveStorage>::push_back<SEXPREC*>(SEXPREC* const&, std::__1::basic_string<char, std::__1::char_traits<char>, std::__1::allocator<char> > const&)
  [UP] ignoring variable <unnamed var:   %7 = alloca %struct.SEXPREC*, align 8> as it has address taken, results will be incomplete 
