Package BayesMRA version 1.0.0
Package built using 80923/R 4.2.0; x86_64-pc-linux-gnu; 2021-09-18 23:10:55 UTC; unix   
Checked with rchk version 35d5d01a98903a5f3e9ec166dcdb2f790ecb784f LLVM version 11.0.0
More information at https://github.com/kalibera/cran-checks/blob/master/rchk/PROTECT.md
For rchk in docker image see https://github.com/kalibera/rchk/blob/master/doc/DOCKER.md


Function Rcpp::Rcpp_protect(SEXPREC*)
  [PB] has possible protection stack imbalance Rcpp/include/Rcpp/protection/Shield.h:25

Function Rcpp::Rcpp_unprotect(int)
  [PB] has an unsupported form of unprotect with a variable results will be incomplete Rcpp/include/Rcpp/protection/Shield.h:31
  [UP] unsupported form of unprotect, unprotecting all variables, results will be incomplete Rcpp/include/Rcpp/protection/Shield.h:31

Function _BayesMRA_rmvn_arma
  [UP] unprotected variable rcpp_result_gen while calling allocating function Rf_onintr BayesMRA/src/RcppExports.cpp:32
  [PB] has negative depth BayesMRA/src/RcppExports.cpp:44
  [UP] attempt to unprotect more items (1) than protected (0), results will be incomplete BayesMRA/src/RcppExports.cpp:44
  [PB] has possible protection stack imbalance BayesMRA/src/RcppExports.cpp:45

Function _BayesMRA_rmvn_arma_chol
  [UP] unprotected variable rcpp_result_gen while calling allocating function Rf_onintr BayesMRA/src/RcppExports.cpp:67
  [PB] has negative depth BayesMRA/src/RcppExports.cpp:79
  [UP] attempt to unprotect more items (1) than protected (0), results will be incomplete BayesMRA/src/RcppExports.cpp:79
  [PB] has possible protection stack imbalance BayesMRA/src/RcppExports.cpp:80

Function _BayesMRA_rmvn_arma_chol_try(SEXPREC*, SEXPREC*)
  [UP] ignoring variable <unnamed var:   %14 = alloca %struct.SEXPREC*, align 8> as it has address taken, results will be incomplete 

Function _BayesMRA_rmvn_arma_scalar
  [UP] unprotected variable rcpp_result_gen while calling allocating function Rf_onintr BayesMRA/src/RcppExports.cpp:102
  [PB] has negative depth BayesMRA/src/RcppExports.cpp:114
  [UP] attempt to unprotect more items (1) than protected (0), results will be incomplete BayesMRA/src/RcppExports.cpp:114
  [PB] has possible protection stack imbalance BayesMRA/src/RcppExports.cpp:115

Function _BayesMRA_rmvn_arma_scalar_try(SEXPREC*, SEXPREC*)
  [UP] ignoring variable <unnamed var:   %14 = alloca %struct.SEXPREC*, align 8> as it has address taken, results will be incomplete 

Function _BayesMRA_rmvn_arma_try(SEXPREC*, SEXPREC*)
  [UP] ignoring variable <unnamed var:   %14 = alloca %struct.SEXPREC*, align 8> as it has address taken, results will be incomplete 
