Package biglasso version 1.6.0
Package built using 86483/R 4.5.0; x86_64-pc-linux-gnu; 2024-04-26 14:36:16 UTC; unix   
Checked with rchk version fdc068715daa3a256062cc20e0d4a5157dacc9a4 LLVM version 14.0.6
More information at https://github.com/kalibera/cran-checks/blob/master/rchk/PROTECT.md
For rchk in docker image see https://github.com/kalibera/rchk/blob/master/doc/DOCKER.md


Function Rcpp::Armor<SEXPREC*>::init(SEXPREC*)
  [PB] has possible protection stack imbalance Rcpp/include/Rcpp/protection/Armor.h:47

Function Rcpp::Armor<SEXPREC*>::~Armor()
  [PB] has negative depth Rcpp/include/Rcpp/protection/Armor.h:41
  [UP] attempt to unprotect more items (1) than protected (0), results will be incomplete Rcpp/include/Rcpp/protection/Armor.h:41
  [PB] has possible protection stack imbalance Rcpp/include/Rcpp/protection/Armor.h:42

Function Rcpp::Rcpp_protect(SEXPREC*)
  [PB] has possible protection stack imbalance Rcpp/include/Rcpp/protection/Shield.h:25

Function Rcpp::Rcpp_unprotect(int)
  [PB] has an unsupported form of unprotect with a variable results will be incomplete Rcpp/include/Rcpp/protection/Shield.h:31
  [UP] unsupported form of unprotect, unprotecting all variables, results will be incomplete Rcpp/include/Rcpp/protection/Shield.h:31

Function Rcpp::S4_Impl<Rcpp::PreserveStorage>::S4_Impl(std::__1::basic_string<char, std::__1::char_traits<char>, std::__1::allocator<char> > const&)
  [UP] calling allocating function R_do_new_object with argument allocated using R_do_MAKE_CLASS Rcpp/include/Rcpp/S4.h:58

Function Rcpp::SlotProxyPolicy<Rcpp::S4_Impl<Rcpp::PreserveStorage> >::hasSlot(std::__1::basic_string<char, std::__1::char_traits<char>, std::__1::allocator<char> > const&) const
  [UP] calling allocating function R_has_slot(?,V) with argument allocated using Rf_mkString Rcpp/include/Rcpp/proxy/SlotProxy.h:97

Function Rcpp::internal::convert_using_rfunction(SEXPREC*, char const*)
  [UP] ignoring variable <unnamed var:   %10 = alloca %struct.SEXPREC*, align 8> as it has address taken, results will be incomplete 

Function Rcpp::traits::Exporter<arma::SpMat<double> >::Exporter(SEXPREC*)
  [UP] ignoring variable x as it has address taken, results will be incomplete 

Function Rcpp::traits::Exporter<arma::SpMat<double> >::get()
  [UP] calling allocating function std::__1::basic_string<char, std::__1::char_traits<char>, std::__1::allocator<char> > Rcpp::as<std::__1::basic_string<char, std::__1::char_traits<char>, std::__1::allocator<char> > >(SEXPREC*) with argument allocated using Rcpp::SlotProxyPolicy<Rcpp::S4_Impl<Rcpp::PreserveStorage> >::SlotProxy::operator SEXPREC*() const RcppArmadillo/include/RcppArmadillo/interface/RcppArmadilloAs.h:125
  [UP] calling allocating function std::__1::basic_string<char, std::__1::char_traits<char>, std::__1::allocator<char> > Rcpp::as<std::__1::basic_string<char, std::__1::char_traits<char>, std::__1::allocator<char> > >(SEXPREC*) with argument allocated using Rcpp::SlotProxyPolicy<Rcpp::S4_Impl<Rcpp::PreserveStorage> >::SlotProxy::operator SEXPREC*() const RcppArmadillo/include/RcppArmadillo/interface/RcppArmadilloAs.h:155
  [UP] calling allocating function std::__1::basic_string<char, std::__1::char_traits<char>, std::__1::allocator<char> > Rcpp::as<std::__1::basic_string<char, std::__1::char_traits<char>, std::__1::allocator<char> > >(SEXPREC*) with argument allocated using Rcpp::SlotProxyPolicy<Rcpp::S4_Impl<Rcpp::PreserveStorage> >::SlotProxy::operator SEXPREC*() const RcppArmadillo/include/RcppArmadillo/interface/RcppArmadilloAs.h:167
  [UP] calling allocating function std::__1::basic_string<char, std::__1::char_traits<char>, std::__1::allocator<char> > Rcpp::as<std::__1::basic_string<char, std::__1::char_traits<char>, std::__1::allocator<char> > >(SEXPREC*) with argument allocated using Rcpp::SlotProxyPolicy<Rcpp::S4_Impl<Rcpp::PreserveStorage> >::SlotProxy::operator SEXPREC*() const RcppArmadillo/include/RcppArmadillo/interface/RcppArmadilloAs.h:190
  [UP] calling allocating function std::__1::basic_string<char, std::__1::char_traits<char>, std::__1::allocator<char> > Rcpp::as<std::__1::basic_string<char, std::__1::char_traits<char>, std::__1::allocator<char> > >(SEXPREC*) with argument allocated using Rcpp::SlotProxyPolicy<Rcpp::S4_Impl<Rcpp::PreserveStorage> >::SlotProxy::operator SEXPREC*() const RcppArmadillo/include/RcppArmadillo/interface/RcppArmadilloAs.h:200
  [UP] calling allocating function std::__1::basic_string<char, std::__1::char_traits<char>, std::__1::allocator<char> > Rcpp::as<std::__1::basic_string<char, std::__1::char_traits<char>, std::__1::allocator<char> > >(SEXPREC*) with argument allocated using Rcpp::SlotProxyPolicy<Rcpp::S4_Impl<Rcpp::PreserveStorage> >::SlotProxy::operator SEXPREC*() const RcppArmadillo/include/RcppArmadillo/interface/RcppArmadilloAs.h:250
  [UP] calling allocating function std::__1::basic_string<char, std::__1::char_traits<char>, std::__1::allocator<char> > Rcpp::as<std::__1::basic_string<char, std::__1::char_traits<char>, std::__1::allocator<char> > >(SEXPREC*) with argument allocated using Rcpp::SlotProxyPolicy<Rcpp::S4_Impl<Rcpp::PreserveStorage> >::SlotProxy::operator SEXPREC*() const RcppArmadillo/include/RcppArmadillo/interface/RcppArmadilloAs.h:299
  [UP] calling allocating function std::__1::basic_string<char, std::__1::char_traits<char>, std::__1::allocator<char> > Rcpp::as<std::__1::basic_string<char, std::__1::char_traits<char>, std::__1::allocator<char> > >(SEXPREC*) with argument allocated using Rcpp::SlotProxyPolicy<Rcpp::S4_Impl<Rcpp::PreserveStorage> >::SlotProxy::operator SEXPREC*() const RcppArmadillo/include/RcppArmadillo/interface/RcppArmadilloAs.h:406

Function _biglasso_get_eta
  [UP] ignoring variable <unnamed var:   %24 = alloca %struct.SEXPREC*, align 8> as it has address taken, results will be incomplete 
  [UP] ignoring variable <unnamed var:   %25 = alloca %struct.SEXPREC*, align 8> as it has address taken, results will be incomplete 

Function cdfit_binomial_ada_slores_ssr
  [UP] ignoring variable <unnamed var:   %179 = alloca %struct.SEXPREC*, align 8> as it has address taken, results will be incomplete 
  [UP] ignoring variable <unnamed var:   %185 = alloca %struct.SEXPREC*, align 8> as it has address taken, results will be incomplete 
  [UP] ignoring variable <unnamed var:   %197 = alloca %struct.SEXPREC*, align 8> as it has address taken, results will be incomplete 

Function cdfit_binomial_slores_ssr
  [UP] ignoring variable <unnamed var:   %171 = alloca %struct.SEXPREC*, align 8> as it has address taken, results will be incomplete 
  [UP] ignoring variable <unnamed var:   %176 = alloca %struct.SEXPREC*, align 8> as it has address taken, results will be incomplete 
  [UP] ignoring variable <unnamed var:   %188 = alloca %struct.SEXPREC*, align 8> as it has address taken, results will be incomplete 

Function cdfit_binomial_ssr
  [UP] ignoring variable <unnamed var:   %148 = alloca %struct.SEXPREC*, align 8> as it has address taken, results will be incomplete 
  [UP] ignoring variable <unnamed var:   %152 = alloca %struct.SEXPREC*, align 8> as it has address taken, results will be incomplete 
  [UP] ignoring variable <unnamed var:   %163 = alloca %struct.SEXPREC*, align 8> as it has address taken, results will be incomplete 

Function cdfit_binomial_ssr_approx
  [UP] ignoring variable <unnamed var:   %144 = alloca %struct.SEXPREC*, align 8> as it has address taken, results will be incomplete 
  [UP] ignoring variable <unnamed var:   %149 = alloca %struct.SEXPREC*, align 8> as it has address taken, results will be incomplete 
  [UP] ignoring variable <unnamed var:   %159 = alloca %struct.SEXPREC*, align 8> as it has address taken, results will be incomplete 

Function cdfit_cox
  [UP] ignoring variable <unnamed var:   %151 = alloca %struct.SEXPREC*, align 8> as it has address taken, results will be incomplete 
  [UP] ignoring variable <unnamed var:   %155 = alloca %struct.SEXPREC*, align 8> as it has address taken, results will be incomplete 
  [UP] ignoring variable <unnamed var:   %165 = alloca %struct.SEXPREC*, align 8> as it has address taken, results will be incomplete 

Function cdfit_cox_ada_scox
  [UP] ignoring variable <unnamed var:   %179 = alloca %struct.SEXPREC*, align 8> as it has address taken, results will be incomplete 
  [UP] ignoring variable <unnamed var:   %186 = alloca %struct.SEXPREC*, align 8> as it has address taken, results will be incomplete 
  [UP] ignoring variable <unnamed var:   %198 = alloca %struct.SEXPREC*, align 8> as it has address taken, results will be incomplete 

Function cdfit_cox_safe
  [UP] ignoring variable <unnamed var:   %158 = alloca %struct.SEXPREC*, align 8> as it has address taken, results will be incomplete 
  [UP] ignoring variable <unnamed var:   %162 = alloca %struct.SEXPREC*, align 8> as it has address taken, results will be incomplete 
  [UP] ignoring variable <unnamed var:   %172 = alloca %struct.SEXPREC*, align 8> as it has address taken, results will be incomplete 

Function cdfit_cox_scox
  [UP] ignoring variable <unnamed var:   %163 = alloca %struct.SEXPREC*, align 8> as it has address taken, results will be incomplete 
  [UP] ignoring variable <unnamed var:   %167 = alloca %struct.SEXPREC*, align 8> as it has address taken, results will be incomplete 
  [UP] ignoring variable <unnamed var:   %177 = alloca %struct.SEXPREC*, align 8> as it has address taken, results will be incomplete 

Function cdfit_cox_sscox
  [UP] ignoring variable <unnamed var:   %171 = alloca %struct.SEXPREC*, align 8> as it has address taken, results will be incomplete 
  [UP] ignoring variable <unnamed var:   %177 = alloca %struct.SEXPREC*, align 8> as it has address taken, results will be incomplete 
  [UP] ignoring variable <unnamed var:   %188 = alloca %struct.SEXPREC*, align 8> as it has address taken, results will be incomplete 

Function cdfit_cox_ssr
  [UP] ignoring variable <unnamed var:   %153 = alloca %struct.SEXPREC*, align 8> as it has address taken, results will be incomplete 
  [UP] ignoring variable <unnamed var:   %157 = alloca %struct.SEXPREC*, align 8> as it has address taken, results will be incomplete 
  [UP] ignoring variable <unnamed var:   %168 = alloca %struct.SEXPREC*, align 8> as it has address taken, results will be incomplete 

Function cdfit_gaussian_ada_edpp_ssr
  [UP] ignoring variable <unnamed var:   %159 = alloca %struct.SEXPREC*, align 8> as it has address taken, results will be incomplete 
  [UP] ignoring variable <unnamed var:   %182 = alloca %struct.SEXPREC*, align 8> as it has address taken, results will be incomplete 

Function cdfit_gaussian_bedpp_ssr
  [UP] ignoring variable <unnamed var:   %142 = alloca %struct.SEXPREC*, align 8> as it has address taken, results will be incomplete 
  [UP] ignoring variable <unnamed var:   %155 = alloca %struct.SEXPREC*, align 8> as it has address taken, results will be incomplete 

Function cdfit_gaussian_ssr
  [UP] ignoring variable <unnamed var:   %131 = alloca %struct.SEXPREC*, align 8> as it has address taken, results will be incomplete 
  [UP] ignoring variable <unnamed var:   %142 = alloca %struct.SEXPREC*, align 8> as it has address taken, results will be incomplete 

Function cdfit_mgaussian_ada
  [UP] ignoring variable <unnamed var:   %154 = alloca %struct.SEXPREC*, align 8> as it has address taken, results will be incomplete 
  [UP] ignoring variable <unnamed var:   %177 = alloca %struct.SEXPREC*, align 8> as it has address taken, results will be incomplete 

Function cdfit_mgaussian_ssr
  [UP] ignoring variable <unnamed var:   %130 = alloca %struct.SEXPREC*, align 8> as it has address taken, results will be incomplete 
  [UP] ignoring variable <unnamed var:   %139 = alloca %struct.SEXPREC*, align 8> as it has address taken, results will be incomplete 

Function get_eta
  [PB] has possible protection stack imbalance biglasso/src/utilities.cpp:706
