Package bindrcpp version 0.2.3
Package built using 88872/R 4.6.0; x86_64-pc-linux-gnu; 2025-09-27 03:58:23 UTC; unix   
Checked with rchk version 35618ebbccf3cd0b45a3530e6303970a22a9056b LLVM version 14.0.6
More information at https://github.com/kalibera/cran-checks/blob/master/rchk/PROTECT.md
For rchk in docker image see https://github.com/kalibera/rchk/blob/master/doc/DOCKER.md


Function Rcpp::Armor<SEXPREC*>::init(SEXPREC*)
  [PB] has possible protection stack imbalance Rcpp/include/Rcpp/protection/Armor.h:47

Function Rcpp::Armor<SEXPREC*>::~Armor()
  [PB] has negative depth Rcpp/include/Rcpp/protection/Armor.h:41
  [UP] attempt to unprotect more items (1) than protected (0), results will be incomplete Rcpp/include/Rcpp/protection/Armor.h:41
  [PB] has possible protection stack imbalance Rcpp/include/Rcpp/protection/Armor.h:42

Function Rcpp::Environment_Impl<Rcpp::PreserveStorage>::namespace_env(std::__1::basic_string<char, std::__1::char_traits<char>, std::__1::allocator<char> > const&)
  [UP] ignoring variable <unnamed var:   %11 = alloca %struct.SEXPREC*, align 8> as it has address taken, results will be incomplete 

Function Rcpp::Rcpp_protect(SEXPREC*)
  [PB] has possible protection stack imbalance Rcpp/include/Rcpp/protection/Shield.h:25

Function Rcpp::Rcpp_unprotect(int)
  [PB] has an unsupported form of unprotect with a variable results will be incomplete Rcpp/include/Rcpp/protection/Shield.h:31
  [UP] unsupported form of unprotect, unprotecting all variables, results will be incomplete Rcpp/include/Rcpp/protection/Shield.h:31

Function Rcpp::internal::convert_using_rfunction(SEXPREC*, char const*)
  [UP] ignoring variable <unnamed var:   %10 = alloca %struct.SEXPREC*, align 8> as it has address taken, results will be incomplete 

Function _bindrcpp_callback_string_typed
  [UP] ignoring variable <unnamed var:   %17 = alloca %struct.SEXPREC*, align 8> as it has address taken, results will be incomplete 
  [UP] ignoring variable <unnamed var:   %18 = alloca %struct.SEXPREC*, align 8> as it has address taken, results will be incomplete 

Function _bindrcpp_callback_string_wrapped
  [UP] ignoring variable <unnamed var:   %17 = alloca %struct.SEXPREC*, align 8> as it has address taken, results will be incomplete 
  [UP] ignoring variable <unnamed var:   %18 = alloca %struct.SEXPREC*, align 8> as it has address taken, results will be incomplete 

Function _bindrcpp_callback_symbol_typed
  [UP] ignoring variable <unnamed var:   %17 = alloca %struct.SEXPREC*, align 8> as it has address taken, results will be incomplete 
  [UP] ignoring variable <unnamed var:   %18 = alloca %struct.SEXPREC*, align 8> as it has address taken, results will be incomplete 

Function _bindrcpp_callback_symbol_wrapped
  [UP] ignoring variable <unnamed var:   %17 = alloca %struct.SEXPREC*, align 8> as it has address taken, results will be incomplete 
  [UP] ignoring variable <unnamed var:   %18 = alloca %struct.SEXPREC*, align 8> as it has address taken, results will be incomplete 

Function _bindrcpp_create_env_string_imp
  [UP] unprotected variable rcpp_result_gen while calling allocating function Rf_onintr bindrcpp/src/RcppExports.cpp:335
  [PB] has negative depth bindrcpp/src/RcppExports.cpp:347
  [UP] attempt to unprotect more items (1) than protected (0), results will be incomplete bindrcpp/src/RcppExports.cpp:347
  [PB] has possible protection stack imbalance bindrcpp/src/RcppExports.cpp:348

Function _bindrcpp_create_env_string_imp_try(SEXPREC*, SEXPREC*, SEXPREC*, SEXPREC*)
  [UP] ignoring variable <unnamed var:   %20 = alloca %struct.SEXPREC*, align 8> as it has address taken, results will be incomplete 

Function _bindrcpp_create_env_string_typed_imp
  [UP] unprotected variable rcpp_result_gen while calling allocating function Rf_onintr bindrcpp/src/RcppExports.cpp:39
  [PB] has negative depth bindrcpp/src/RcppExports.cpp:51
  [UP] attempt to unprotect more items (1) than protected (0), results will be incomplete bindrcpp/src/RcppExports.cpp:51
  [PB] has possible protection stack imbalance bindrcpp/src/RcppExports.cpp:52

Function _bindrcpp_create_env_string_typed_imp_try(SEXPREC*, SEXPREC*, SEXPREC*, SEXPREC*)
  [UP] ignoring variable <unnamed var:   %20 = alloca %struct.SEXPREC*, align 8> as it has address taken, results will be incomplete 

Function _bindrcpp_create_env_string_wrapped_imp
  [UP] unprotected variable rcpp_result_gen while calling allocating function Rf_onintr bindrcpp/src/RcppExports.cpp:187
  [PB] has negative depth bindrcpp/src/RcppExports.cpp:199
  [UP] attempt to unprotect more items (1) than protected (0), results will be incomplete bindrcpp/src/RcppExports.cpp:199
  [PB] has possible protection stack imbalance bindrcpp/src/RcppExports.cpp:200

Function _bindrcpp_create_env_string_wrapped_imp_try(SEXPREC*, SEXPREC*, SEXPREC*, SEXPREC*)
  [UP] ignoring variable <unnamed var:   %20 = alloca %struct.SEXPREC*, align 8> as it has address taken, results will be incomplete 

Function _bindrcpp_create_env_symbol_imp
  [UP] unprotected variable rcpp_result_gen while calling allocating function Rf_onintr bindrcpp/src/RcppExports.cpp:409
  [PB] has negative depth bindrcpp/src/RcppExports.cpp:421
  [UP] attempt to unprotect more items (1) than protected (0), results will be incomplete bindrcpp/src/RcppExports.cpp:421
  [PB] has possible protection stack imbalance bindrcpp/src/RcppExports.cpp:422

Function _bindrcpp_create_env_symbol_imp_try(SEXPREC*, SEXPREC*, SEXPREC*, SEXPREC*)
  [UP] ignoring variable <unnamed var:   %20 = alloca %struct.SEXPREC*, align 8> as it has address taken, results will be incomplete 

Function _bindrcpp_create_env_symbol_typed_imp
  [UP] unprotected variable rcpp_result_gen while calling allocating function Rf_onintr bindrcpp/src/RcppExports.cpp:113
  [PB] has negative depth bindrcpp/src/RcppExports.cpp:125
  [UP] attempt to unprotect more items (1) than protected (0), results will be incomplete bindrcpp/src/RcppExports.cpp:125
  [PB] has possible protection stack imbalance bindrcpp/src/RcppExports.cpp:126

Function _bindrcpp_create_env_symbol_typed_imp_try(SEXPREC*, SEXPREC*, SEXPREC*, SEXPREC*)
  [UP] ignoring variable <unnamed var:   %20 = alloca %struct.SEXPREC*, align 8> as it has address taken, results will be incomplete 

Function _bindrcpp_create_env_symbol_wrapped_imp
  [UP] unprotected variable rcpp_result_gen while calling allocating function Rf_onintr bindrcpp/src/RcppExports.cpp:261
  [PB] has negative depth bindrcpp/src/RcppExports.cpp:273
  [UP] attempt to unprotect more items (1) than protected (0), results will be incomplete bindrcpp/src/RcppExports.cpp:273
  [PB] has possible protection stack imbalance bindrcpp/src/RcppExports.cpp:274

Function _bindrcpp_create_env_symbol_wrapped_imp_try(SEXPREC*, SEXPREC*, SEXPREC*, SEXPREC*)
  [UP] ignoring variable <unnamed var:   %20 = alloca %struct.SEXPREC*, align 8> as it has address taken, results will be incomplete 

Function _bindrcpp_do_test_create_environment
  [UP] ignoring variable <unnamed var:   %18 = alloca %struct.SEXPREC*, align 8> as it has address taken, results will be incomplete 

Function _bindrcpp_populate_env_string_imp
  [UP] unprotected variable rcpp_result_gen while calling allocating function Rf_onintr bindrcpp/src/RcppExports.cpp:372
  [PB] has negative depth bindrcpp/src/RcppExports.cpp:384
  [UP] attempt to unprotect more items (1) than protected (0), results will be incomplete bindrcpp/src/RcppExports.cpp:384
  [PB] has possible protection stack imbalance bindrcpp/src/RcppExports.cpp:385

Function _bindrcpp_populate_env_string_imp_try(SEXPREC*, SEXPREC*, SEXPREC*, SEXPREC*)
  [UP] ignoring variable <unnamed var:   %20 = alloca %struct.SEXPREC*, align 8> as it has address taken, results will be incomplete 

Function _bindrcpp_populate_env_string_typed_imp
  [UP] unprotected variable rcpp_result_gen while calling allocating function Rf_onintr bindrcpp/src/RcppExports.cpp:76
  [PB] has negative depth bindrcpp/src/RcppExports.cpp:88
  [UP] attempt to unprotect more items (1) than protected (0), results will be incomplete bindrcpp/src/RcppExports.cpp:88
  [PB] has possible protection stack imbalance bindrcpp/src/RcppExports.cpp:89

Function _bindrcpp_populate_env_string_typed_imp_try(SEXPREC*, SEXPREC*, SEXPREC*, SEXPREC*)
  [UP] ignoring variable <unnamed var:   %20 = alloca %struct.SEXPREC*, align 8> as it has address taken, results will be incomplete 

Function _bindrcpp_populate_env_string_wrapped_imp
  [UP] unprotected variable rcpp_result_gen while calling allocating function Rf_onintr bindrcpp/src/RcppExports.cpp:224
  [PB] has negative depth bindrcpp/src/RcppExports.cpp:236
  [UP] attempt to unprotect more items (1) than protected (0), results will be incomplete bindrcpp/src/RcppExports.cpp:236
  [PB] has possible protection stack imbalance bindrcpp/src/RcppExports.cpp:237

Function _bindrcpp_populate_env_string_wrapped_imp_try(SEXPREC*, SEXPREC*, SEXPREC*, SEXPREC*)
  [UP] ignoring variable <unnamed var:   %20 = alloca %struct.SEXPREC*, align 8> as it has address taken, results will be incomplete 

Function _bindrcpp_populate_env_symbol_imp
  [UP] unprotected variable rcpp_result_gen while calling allocating function Rf_onintr bindrcpp/src/RcppExports.cpp:446
  [PB] has negative depth bindrcpp/src/RcppExports.cpp:458
  [UP] attempt to unprotect more items (1) than protected (0), results will be incomplete bindrcpp/src/RcppExports.cpp:458
  [PB] has possible protection stack imbalance bindrcpp/src/RcppExports.cpp:459

Function _bindrcpp_populate_env_symbol_imp_try(SEXPREC*, SEXPREC*, SEXPREC*, SEXPREC*)
  [UP] ignoring variable <unnamed var:   %20 = alloca %struct.SEXPREC*, align 8> as it has address taken, results will be incomplete 

Function _bindrcpp_populate_env_symbol_typed_imp
  [UP] unprotected variable rcpp_result_gen while calling allocating function Rf_onintr bindrcpp/src/RcppExports.cpp:150
  [PB] has negative depth bindrcpp/src/RcppExports.cpp:162
  [UP] attempt to unprotect more items (1) than protected (0), results will be incomplete bindrcpp/src/RcppExports.cpp:162
  [PB] has possible protection stack imbalance bindrcpp/src/RcppExports.cpp:163

Function _bindrcpp_populate_env_symbol_typed_imp_try(SEXPREC*, SEXPREC*, SEXPREC*, SEXPREC*)
  [UP] ignoring variable <unnamed var:   %20 = alloca %struct.SEXPREC*, align 8> as it has address taken, results will be incomplete 

Function _bindrcpp_populate_env_symbol_wrapped_imp
  [UP] unprotected variable rcpp_result_gen while calling allocating function Rf_onintr bindrcpp/src/RcppExports.cpp:298
  [PB] has negative depth bindrcpp/src/RcppExports.cpp:310
  [UP] attempt to unprotect more items (1) than protected (0), results will be incomplete bindrcpp/src/RcppExports.cpp:310
  [PB] has possible protection stack imbalance bindrcpp/src/RcppExports.cpp:311

Function _bindrcpp_populate_env_symbol_wrapped_imp_try(SEXPREC*, SEXPREC*, SEXPREC*, SEXPREC*)
  [UP] ignoring variable <unnamed var:   %20 = alloca %struct.SEXPREC*, align 8> as it has address taken, results will be incomplete 

Function bindrcpp::create_env_string_wrapped(Rcpp::Vector<16, Rcpp::PreserveStorage>, SEXPREC* (*)(Rcpp::String const&, Rcpp::Vector<19, Rcpp::PreserveStorage>), Rcpp::Vector<19, Rcpp::PreserveStorage>, Rcpp::Environment_Impl<Rcpp::PreserveStorage>)
  [UP] ignoring variable <unnamed var:   %12 = alloca %struct.SEXPREC*, align 8> as it has address taken, results will be incomplete 

Function create_env_string_typed_imp(Rcpp::Vector<16, Rcpp::PreserveStorage>, SEXPREC* (*)(Rcpp::String const&, bindrcpp::PAYLOAD), bindrcpp::PAYLOAD, Rcpp::Environment_Impl<Rcpp::PreserveStorage>)
  [UP] calling allocating function Rcpp::Environment_Impl<Rcpp::PreserveStorage>::Environment_Impl(SEXPREC*) with argument allocated using SEXPREC* Rcpp::Function_Impl<Rcpp::PreserveStorage>::operator()<Rcpp::Vector<16, Rcpp::PreserveStorage>, Rcpp::Function_Impl<Rcpp::PreserveStorage>, SEXPREC* (*)(Rcpp::String const&, bindrcpp::PAYLOAD), bindrcpp::PAYLOAD, Rcpp::traits::named_object<Rcpp::Environment_Impl<Rcpp::PreserveStorage> > >(Rcpp::Vector<16, Rcpp::PreserveStorage> const&, Rcpp::Function_Impl<Rcpp::PreserveStorage> const&, SEXPREC* (* const&)(Rcpp::String const&, bindrcpp::PAYLOAD), bindrcpp::PAYLOAD const&, Rcpp::traits::named_object<Rcpp::Environment_Impl<Rcpp::PreserveStorage> > const&) const bindrcpp/src/create.cpp:23

Function create_env_string_wrapped_imp(Rcpp::Vector<16, Rcpp::PreserveStorage>, SEXPREC* (*)(Rcpp::String const&, Rcpp::Vector<19, Rcpp::PreserveStorage>), Rcpp::Vector<19, Rcpp::PreserveStorage>, Rcpp::Environment_Impl<Rcpp::PreserveStorage>)
  [UP] calling allocating function Rcpp::Environment_Impl<Rcpp::PreserveStorage>::Environment_Impl(SEXPREC*) with argument allocated using SEXPREC* Rcpp::Function_Impl<Rcpp::PreserveStorage>::operator()<Rcpp::Vector<16, Rcpp::PreserveStorage>, Rcpp::Function_Impl<Rcpp::PreserveStorage>, SEXPREC* (*)(Rcpp::String const&, Rcpp::Vector<19, Rcpp::PreserveStorage>), Rcpp::Vector<19, Rcpp::PreserveStorage>, Rcpp::traits::named_object<Rcpp::Environment_Impl<Rcpp::PreserveStorage> > >(Rcpp::Vector<16, Rcpp::PreserveStorage> const&, Rcpp::Function_Impl<Rcpp::PreserveStorage> const&, SEXPREC* (* const&)(Rcpp::String const&, Rcpp::Vector<19, Rcpp::PreserveStorage>), Rcpp::Vector<19, Rcpp::PreserveStorage> const&, Rcpp::traits::named_object<Rcpp::Environment_Impl<Rcpp::PreserveStorage> > const&) const bindrcpp/src/create.cpp:58

Function create_env_symbol_typed_imp(Rcpp::Vector<16, Rcpp::PreserveStorage>, SEXPREC* (*)(Rcpp::Symbol_Impl<Rcpp::NoProtectStorage> const&, bindrcpp::PAYLOAD), bindrcpp::PAYLOAD, Rcpp::Environment_Impl<Rcpp::PreserveStorage>)
  [UP] calling allocating function Rcpp::Environment_Impl<Rcpp::PreserveStorage>::Environment_Impl(SEXPREC*) with argument allocated using SEXPREC* Rcpp::Function_Impl<Rcpp::PreserveStorage>::operator()<Rcpp::Vector<16, Rcpp::PreserveStorage>, Rcpp::Function_Impl<Rcpp::PreserveStorage>, SEXPREC* (*)(Rcpp::Symbol_Impl<Rcpp::NoProtectStorage> const&, bindrcpp::PAYLOAD), bindrcpp::PAYLOAD, Rcpp::traits::named_object<Rcpp::Environment_Impl<Rcpp::PreserveStorage> > >(Rcpp::Vector<16, Rcpp::PreserveStorage> const&, Rcpp::Function_Impl<Rcpp::PreserveStorage> const&, SEXPREC* (* const&)(Rcpp::Symbol_Impl<Rcpp::NoProtectStorage> const&, bindrcpp::PAYLOAD), bindrcpp::PAYLOAD const&, Rcpp::traits::named_object<Rcpp::Environment_Impl<Rcpp::PreserveStorage> > const&) const bindrcpp/src/create.cpp:41

Function create_env_symbol_wrapped_imp(Rcpp::Vector<16, Rcpp::PreserveStorage>, SEXPREC* (*)(Rcpp::Symbol_Impl<Rcpp::NoProtectStorage> const&, Rcpp::Vector<19, Rcpp::PreserveStorage>), Rcpp::Vector<19, Rcpp::PreserveStorage>, Rcpp::Environment_Impl<Rcpp::PreserveStorage>)
  [UP] calling allocating function Rcpp::Environment_Impl<Rcpp::PreserveStorage>::Environment_Impl(SEXPREC*) with argument allocated using SEXPREC* Rcpp::Function_Impl<Rcpp::PreserveStorage>::operator()<Rcpp::Vector<16, Rcpp::PreserveStorage>, Rcpp::Function_Impl<Rcpp::PreserveStorage>, SEXPREC* (*)(Rcpp::Symbol_Impl<Rcpp::NoProtectStorage> const&, Rcpp::Vector<19, Rcpp::PreserveStorage>), Rcpp::Vector<19, Rcpp::PreserveStorage>, Rcpp::traits::named_object<Rcpp::Environment_Impl<Rcpp::PreserveStorage> > >(Rcpp::Vector<16, Rcpp::PreserveStorage> const&, Rcpp::Function_Impl<Rcpp::PreserveStorage> const&, SEXPREC* (* const&)(Rcpp::Symbol_Impl<Rcpp::NoProtectStorage> const&, Rcpp::Vector<19, Rcpp::PreserveStorage>), Rcpp::Vector<19, Rcpp::PreserveStorage> const&, Rcpp::traits::named_object<Rcpp::Environment_Impl<Rcpp::PreserveStorage> > const&) const bindrcpp/src/create.cpp:74

Function populate_env_string_typed_imp(Rcpp::Environment_Impl<Rcpp::PreserveStorage>, Rcpp::Vector<16, Rcpp::PreserveStorage>, SEXPREC* (*)(Rcpp::String const&, bindrcpp::PAYLOAD), bindrcpp::PAYLOAD)
  [UP] calling allocating function Rcpp::Environment_Impl<Rcpp::PreserveStorage>::Environment_Impl(SEXPREC*) with argument allocated using SEXPREC* Rcpp::Function_Impl<Rcpp::PreserveStorage>::operator()<Rcpp::Environment_Impl<Rcpp::PreserveStorage>, Rcpp::Vector<16, Rcpp::PreserveStorage>, Rcpp::Function_Impl<Rcpp::PreserveStorage>, SEXPREC* (*)(Rcpp::String const&, bindrcpp::PAYLOAD), bindrcpp::PAYLOAD>(Rcpp::Environment_Impl<Rcpp::PreserveStorage> const&, Rcpp::Vector<16, Rcpp::PreserveStorage> const&, Rcpp::Function_Impl<Rcpp::PreserveStorage> const&, SEXPREC* (* const&)(Rcpp::String const&, bindrcpp::PAYLOAD), bindrcpp::PAYLOAD const&) const bindrcpp/src/create.cpp:32

Function populate_env_string_wrapped_imp(Rcpp::Environment_Impl<Rcpp::PreserveStorage>, Rcpp::Vector<16, Rcpp::PreserveStorage>, SEXPREC* (*)(Rcpp::String const&, Rcpp::Vector<19, Rcpp::PreserveStorage>), Rcpp::Vector<19, Rcpp::PreserveStorage>)
  [UP] calling allocating function Rcpp::Environment_Impl<Rcpp::PreserveStorage>::Environment_Impl(SEXPREC*) with argument allocated using SEXPREC* Rcpp::Function_Impl<Rcpp::PreserveStorage>::operator()<Rcpp::Environment_Impl<Rcpp::PreserveStorage>, Rcpp::Vector<16, Rcpp::PreserveStorage>, Rcpp::Function_Impl<Rcpp::PreserveStorage>, SEXPREC* (*)(Rcpp::String const&, Rcpp::Vector<19, Rcpp::PreserveStorage>), Rcpp::Vector<19, Rcpp::PreserveStorage> >(Rcpp::Environment_Impl<Rcpp::PreserveStorage> const&, Rcpp::Vector<16, Rcpp::PreserveStorage> const&, Rcpp::Function_Impl<Rcpp::PreserveStorage> const&, SEXPREC* (* const&)(Rcpp::String const&, Rcpp::Vector<19, Rcpp::PreserveStorage>), Rcpp::Vector<19, Rcpp::PreserveStorage> const&) const bindrcpp/src/create.cpp:66

Function populate_env_symbol_typed_imp(Rcpp::Environment_Impl<Rcpp::PreserveStorage>, Rcpp::Vector<16, Rcpp::PreserveStorage>, SEXPREC* (*)(Rcpp::Symbol_Impl<Rcpp::NoProtectStorage> const&, bindrcpp::PAYLOAD), bindrcpp::PAYLOAD)
  [UP] calling allocating function Rcpp::Environment_Impl<Rcpp::PreserveStorage>::Environment_Impl(SEXPREC*) with argument allocated using SEXPREC* Rcpp::Function_Impl<Rcpp::PreserveStorage>::operator()<Rcpp::Environment_Impl<Rcpp::PreserveStorage>, Rcpp::Vector<16, Rcpp::PreserveStorage>, Rcpp::Function_Impl<Rcpp::PreserveStorage>, SEXPREC* (*)(Rcpp::Symbol_Impl<Rcpp::NoProtectStorage> const&, bindrcpp::PAYLOAD), bindrcpp::PAYLOAD>(Rcpp::Environment_Impl<Rcpp::PreserveStorage> const&, Rcpp::Vector<16, Rcpp::PreserveStorage> const&, Rcpp::Function_Impl<Rcpp::PreserveStorage> const&, SEXPREC* (* const&)(Rcpp::Symbol_Impl<Rcpp::NoProtectStorage> const&, bindrcpp::PAYLOAD), bindrcpp::PAYLOAD const&) const bindrcpp/src/create.cpp:50

Function populate_env_symbol_wrapped_imp(Rcpp::Environment_Impl<Rcpp::PreserveStorage>, Rcpp::Vector<16, Rcpp::PreserveStorage>, SEXPREC* (*)(Rcpp::Symbol_Impl<Rcpp::NoProtectStorage> const&, Rcpp::Vector<19, Rcpp::PreserveStorage>), Rcpp::Vector<19, Rcpp::PreserveStorage>)
  [UP] calling allocating function Rcpp::Environment_Impl<Rcpp::PreserveStorage>::Environment_Impl(SEXPREC*) with argument allocated using SEXPREC* Rcpp::Function_Impl<Rcpp::PreserveStorage>::operator()<Rcpp::Environment_Impl<Rcpp::PreserveStorage>, Rcpp::Vector<16, Rcpp::PreserveStorage>, Rcpp::Function_Impl<Rcpp::PreserveStorage>, SEXPREC* (*)(Rcpp::Symbol_Impl<Rcpp::NoProtectStorage> const&, Rcpp::Vector<19, Rcpp::PreserveStorage>), Rcpp::Vector<19, Rcpp::PreserveStorage> >(Rcpp::Environment_Impl<Rcpp::PreserveStorage> const&, Rcpp::Vector<16, Rcpp::PreserveStorage> const&, Rcpp::Function_Impl<Rcpp::PreserveStorage> const&, SEXPREC* (* const&)(Rcpp::Symbol_Impl<Rcpp::NoProtectStorage> const&, Rcpp::Vector<19, Rcpp::PreserveStorage>), Rcpp::Vector<19, Rcpp::PreserveStorage> const&) const bindrcpp/src/create.cpp:82
