Package Blend version 0.1.1.1
Package built using 87674/R 4.5.0; x86_64-pc-linux-gnu; 2025-02-03 09:01:03 UTC; unix   
Checked with rchk version 35618ebbccf3cd0b45a3530e6303970a22a9056b LLVM version 14.0.6
More information at https://github.com/kalibera/cran-checks/blob/master/rchk/PROTECT.md
For rchk in docker image see https://github.com/kalibera/rchk/blob/master/doc/DOCKER.md


Function Rcpp::Rcpp_protect(SEXPREC*)
  [PB] has possible protection stack imbalance Rcpp/include/Rcpp/protection/Shield.h:25

Function Rcpp::Rcpp_unprotect(int)
  [PB] has an unsupported form of unprotect with a variable results will be incomplete Rcpp/include/Rcpp/protection/Shield.h:31
  [UP] unsupported form of unprotect, unprotecting all variables, results will be incomplete Rcpp/include/Rcpp/protection/Shield.h:31

Function _Blend_BV
  [UP] ignoring variable <unnamed var:   %108 = alloca %struct.SEXPREC*, align 8> as it has address taken, results will be incomplete 

Function _Blend_BVSS
  [UP] ignoring variable <unnamed var:   %117 = alloca %struct.SEXPREC*, align 8> as it has address taken, results will be incomplete 

Function _Blend_BVSS_SI
  [UP] ignoring variable <unnamed var:   %144 = alloca %struct.SEXPREC*, align 8> as it has address taken, results will be incomplete 

Function _Blend_BV_SI
  [UP] ignoring variable <unnamed var:   %126 = alloca %struct.SEXPREC*, align 8> as it has address taken, results will be incomplete 

Function _Blend_RBV
  [UP] ignoring variable <unnamed var:   %102 = alloca %struct.SEXPREC*, align 8> as it has address taken, results will be incomplete 

Function _Blend_RBVSS
  [UP] ignoring variable <unnamed var:   %105 = alloca %struct.SEXPREC*, align 8> as it has address taken, results will be incomplete 

Function _Blend_RBVSS_SI
  [UP] ignoring variable <unnamed var:   %120 = alloca %struct.SEXPREC*, align 8> as it has address taken, results will be incomplete 

Function _Blend_RBV_SI
  [UP] ignoring variable <unnamed var:   %114 = alloca %struct.SEXPREC*, align 8> as it has address taken, results will be incomplete 
