Package catnet version 1.15.5
Package built using 76738/R 3.7.0; x86_64-pc-linux-gnu; 2019-06-26 22:40:38 UTC; unix   
Checked with rchk version 6400f4a0aa14a4379fcc72d8dbf07a49b4725e07
More information at https://github.com/kalibera/cran-checks/blob/master/rchk/PROTECT.md


Function RCatnet::genProbList(int, int, int*)
  [UP] unprotected variable problist while calling allocating function RCatnet::genProbList(int, int, int*) catnet/src/rcatnet.cpp:340
  [PB] has negative depth catnet/src/rcatnet.cpp:341
  [UP] attempt to unprotect more items (1) than protected (0), results will be incomplete catnet/src/rcatnet.cpp:341
  [PB] has possible protection stack imbalance catnet/src/rcatnet.cpp:345

Function RCatnet::genRcatnet(char const*)
  [UP] calling allocating function R_do_new_object with argument allocated using R_do_MAKE_CLASS catnet/src/rcatnet.cpp:184
  [UP] unprotected variable cnet while calling allocating function RCatnet::genProbList(int, int, int*) catnet/src/rcatnet.cpp:274
  [UP] unprotected variable plist while calling allocating function RCatnet::genProbList(int, int, int*) catnet/src/rcatnet.cpp:274
  [PB] has negative depth catnet/src/rcatnet.cpp:277
  [UP] attempt to unprotect more items (1) than protected (0), results will be incomplete catnet/src/rcatnet.cpp:277
  [UP] unprotected variable cnet while calling allocating function Rf_install catnet/src/rcatnet.cpp:280
  [UP] unprotected variable plist while calling allocating function Rf_install catnet/src/rcatnet.cpp:280
  [PB] has negative depth catnet/src/rcatnet.cpp:281
  [UP] attempt to unprotect more items (1) than protected (0), results will be incomplete catnet/src/rcatnet.cpp:281
  [UP] unprotected variable cnet while calling allocating function Rf_mkString catnet/src/rcatnet.cpp:286
  [UP] unprotected variable cnet while calling allocating function Rf_install catnet/src/rcatnet.cpp:287
  [UP] unprotected variable cnet while calling allocating function Rf_allocVector catnet/src/rcatnet.cpp:290
  [UP] unprotected variable cnet while calling allocating function Rf_install catnet/src/rcatnet.cpp:292
  [UP] unprotected variable cnet while calling allocating function Rf_allocVector catnet/src/rcatnet.cpp:295
  [UP] unprotected variable cnet while calling allocating function Rf_install catnet/src/rcatnet.cpp:302
  [UP] unprotected variable cnet while calling allocating function Rf_allocVector catnet/src/rcatnet.cpp:305
  [UP] unprotected variable cnet while calling allocating function Rf_install catnet/src/rcatnet.cpp:311
  [PB] has negative depth catnet/src/rcatnet.cpp:314
  [UP] attempt to unprotect more items (1) than protected (0), results will be incomplete catnet/src/rcatnet.cpp:314
  [PB] has possible protection stack imbalance catnet/src/rcatnet.cpp:316

Function RCatnet::genSamples(SEXPREC*, SEXPREC*, SEXPREC*)
  [PB] has possible protection stack imbalance catnet/src/rcatnet.cpp:651

Function RCatnetSearchHist::search(SEXPREC*, SEXPREC*, SEXPREC*, SEXPREC*, SEXPREC*, SEXPREC*, SEXPREC*, SEXPREC*, SEXPREC*, SEXPREC*, SEXPREC*, SEXPREC*, SEXPREC*, SEXPREC*)
  [PB] has negative depth catnet/src/rcatnet_hist.cpp:528
  [UP] attempt to unprotect more items (1) than protected (0), results will be incomplete catnet/src/rcatnet_hist.cpp:528
  [PB] has negative depth catnet/src/rcatnet_hist.cpp:530
  [UP] attempt to unprotect more items (1) than protected (0), results will be incomplete catnet/src/rcatnet_hist.cpp:530
  [PB] has negative depth catnet/src/rcatnet_hist.cpp:570
  [UP] attempt to unprotect more items (1) than protected (0), results will be incomplete catnet/src/rcatnet_hist.cpp:570
  [PB] has possible protection stack imbalance catnet/src/rcatnet_hist.cpp:573

Function RCatnetSearchSA::search(SEXPREC*, SEXPREC*, SEXPREC*, SEXPREC*, SEXPREC*, SEXPREC*, SEXPREC*, SEXPREC*, SEXPREC*, SEXPREC*, SEXPREC*, SEXPREC*, SEXPREC*, SEXPREC*, SEXPREC*, SEXPREC*, SEXPREC*, SEXPREC*, SEXPREC*, SEXPREC*, SEXPREC*, SEXPREC*, SEXPREC*)
  [PB] has negative depth catnet/src/rcatnet_sa.cpp:825
  [UP] attempt to unprotect more items (1) than protected (0), results will be incomplete catnet/src/rcatnet_sa.cpp:825
  [PB] has negative depth catnet/src/rcatnet_sa.cpp:831
  [UP] attempt to unprotect more items (1) than protected (0), results will be incomplete catnet/src/rcatnet_sa.cpp:831
  [PB] has negative depth catnet/src/rcatnet_sa.cpp:833
  [UP] attempt to unprotect more items (1) than protected (0), results will be incomplete catnet/src/rcatnet_sa.cpp:833
  [PB] has negative depth catnet/src/rcatnet_sa.cpp:835
  [UP] attempt to unprotect more items (1) than protected (0), results will be incomplete catnet/src/rcatnet_sa.cpp:835
  [PB] has negative depth catnet/src/rcatnet_sa.cpp:837
  [UP] attempt to unprotect more items (1) than protected (0), results will be incomplete catnet/src/rcatnet_sa.cpp:837
  [PB] has possible protection stack imbalance catnet/src/rcatnet_sa.cpp:935

Function catnetEntropyOrder
  [PB] has possible protection stack imbalance catnet/src/catnet_entropy.cpp:472

Function catnetEntropyPairwise
  [PB] has possible protection stack imbalance catnet/src/catnet_entropy.cpp:243

Function catnetKLpairwise
  [PB] has possible protection stack imbalance catnet/src/catnet_entropy.cpp:698

Function catnetLoglik
  [PB] has negative depth catnet/src/catnet_rexport.cpp:575
  [UP] attempt to unprotect more items (1) than protected (0), results will be incomplete catnet/src/catnet_rexport.cpp:575
  [PB] has possible protection stack imbalance catnet/src/catnet_rexport.cpp:604

Function catnetNodeLoglik
  [PB] has possible protection stack imbalance catnet/src/catnet_rexport.cpp:699

Function catnetPairwiseCondLikelihood(SEXPREC*, SEXPREC*)
  [PB] has negative depth catnet/src/catnet_entropy.cpp:1015
  [UP] attempt to unprotect more items (1) than protected (0), results will be incomplete catnet/src/catnet_entropy.cpp:1015
  [PB] has negative depth catnet/src/catnet_entropy.cpp:1025
  [UP] attempt to unprotect more items (1) than protected (0), results will be incomplete catnet/src/catnet_entropy.cpp:1025
  [PB] has possible protection stack imbalance catnet/src/catnet_entropy.cpp:1132

Function catnetPearsonPairwise
  [PB] has possible protection stack imbalance catnet/src/catnet_entropy.cpp:918

Function catnetSetProb
  [PB] has negative depth catnet/src/catnet_rexport.cpp:503
  [UP] attempt to unprotect more items (1) than protected (0), results will be incomplete catnet/src/catnet_rexport.cpp:503
  [PB] has possible protection stack imbalance catnet/src/catnet_rexport.cpp:515

Function show_catnet
  [PB] has possible protection stack imbalance catnet/src/catnet_rexport.cpp:248
