Package catSurv version 1.3.0
Package built using 79302/R 4.1.0; x86_64-pc-linux-gnu; 2020-10-07 01:51:08 UTC; unix   
Checked with rchk version 36c7ad2294619ba0a81109c9acb675eea2c96e6d
More information at https://github.com/kalibera/cran-checks/blob/master/rchk/PROTECT.md


Function Cat::selectItem()
  [UP] ignoring variable <unnamed var:   %25 = alloca %struct.SEXPREC*, align 8> as it has address taken, results will be incomplete 

Function CheckRules::CheckRules(Rcpp::S4_Impl<Rcpp::PreserveStorage>&)
  [UP] calling allocating function double Rcpp::as<double>(SEXPREC*) with argument allocated using Rcpp::SlotProxyPolicy<Rcpp::S4_Impl<Rcpp::PreserveStorage> >::SlotProxy::operator SEXPREC*() const catSurv/src/CheckRules.cpp:6
  [UP] calling allocating function double Rcpp::as<double>(SEXPREC*) with argument allocated using Rcpp::SlotProxyPolicy<Rcpp::S4_Impl<Rcpp::PreserveStorage> >::SlotProxy::operator SEXPREC*() const catSurv/src/CheckRules.cpp:7
  [UP] calling allocating function double Rcpp::as<double>(SEXPREC*) with argument allocated using Rcpp::SlotProxyPolicy<Rcpp::S4_Impl<Rcpp::PreserveStorage> >::SlotProxy::operator SEXPREC*() const catSurv/src/CheckRules.cpp:8
  [UP] calling allocating function double Rcpp::as<double>(SEXPREC*) with argument allocated using Rcpp::SlotProxyPolicy<Rcpp::S4_Impl<Rcpp::PreserveStorage> >::SlotProxy::operator SEXPREC*() const catSurv/src/CheckRules.cpp:9
  [UP] calling allocating function double Rcpp::as<double>(SEXPREC*) with argument allocated using Rcpp::SlotProxyPolicy<Rcpp::S4_Impl<Rcpp::PreserveStorage> >::SlotProxy::operator SEXPREC*() const catSurv/src/CheckRules.cpp:10
  [UP] calling allocating function double Rcpp::as<double>(SEXPREC*) with argument allocated using Rcpp::SlotProxyPolicy<Rcpp::S4_Impl<Rcpp::PreserveStorage> >::SlotProxy::operator SEXPREC*() const catSurv/src/CheckRules.cpp:11

Function Prior::Prior(Rcpp::S4_Impl<Rcpp::PreserveStorage>)
  [UP] calling allocating function std::__1::basic_string<char, std::__1::char_traits<char>, std::__1::allocator<char> > Rcpp::as<std::__1::basic_string<char, std::__1::char_traits<char>, std::__1::allocator<char> > >(SEXPREC*) with argument allocated using Rcpp::SlotProxyPolicy<Rcpp::S4_Impl<Rcpp::PreserveStorage> >::SlotProxy::operator SEXPREC*() const catSurv/src/Prior.cpp:47

Function QuestionSet::QuestionSet(Rcpp::S4_Impl<Rcpp::PreserveStorage>&)
  [UP] calling allocating function double Rcpp::as<double>(SEXPREC*) with argument allocated using Rcpp::SlotProxyPolicy<Rcpp::S4_Impl<Rcpp::PreserveStorage> >::SlotProxy::operator SEXPREC*() const catSurv/src/QuestionSet.cpp:12
  [UP] calling allocating function double Rcpp::as<double>(SEXPREC*) with argument allocated using Rcpp::SlotProxyPolicy<Rcpp::S4_Impl<Rcpp::PreserveStorage> >::SlotProxy::operator SEXPREC*() const catSurv/src/QuestionSet.cpp:13
  [UP] calling allocating function std::__1::basic_string<char, std::__1::char_traits<char>, std::__1::allocator<char> > Rcpp::as<std::__1::basic_string<char, std::__1::char_traits<char>, std::__1::allocator<char> > >(SEXPREC*) with argument allocated using Rcpp::SlotProxyPolicy<Rcpp::S4_Impl<Rcpp::PreserveStorage> >::SlotProxy::operator SEXPREC*() const catSurv/src/QuestionSet.cpp:19

Function Rcpp::Armor<SEXPREC*>::init(SEXPREC*)
  [PB] has possible protection stack imbalance Rcpp/include/Rcpp/protection/Armor.h:47

Function Rcpp::Armor<SEXPREC*>::~Armor()
  [PB] has negative depth Rcpp/include/Rcpp/protection/Armor.h:41
  [UP] attempt to unprotect more items (1) than protected (0), results will be incomplete Rcpp/include/Rcpp/protection/Armor.h:41
  [PB] has possible protection stack imbalance Rcpp/include/Rcpp/protection/Armor.h:42

Function Rcpp::Rcpp_protect(SEXPREC*)
  [PB] has possible protection stack imbalance Rcpp/include/Rcpp/protection/Shield.h:25

Function Rcpp::Rcpp_unprotect(int)
  [PB] has an unsupported form of unprotect with a variable results will be incomplete Rcpp/include/Rcpp/protection/Shield.h:31
  [UP] unsupported form of unprotect, unprotecting all variables, results will be incomplete Rcpp/include/Rcpp/protection/Shield.h:31

Function Rcpp::SlotProxyPolicy<Rcpp::S4_Impl<Rcpp::PreserveStorage> >::SlotProxy::operator std::__1::basic_string<char, std::__1::char_traits<char>, std::__1::allocator<char> ><std::__1::basic_string<char, std::__1::char_traits<char>, std::__1::allocator<char> > >() const
  [UP] calling allocating function std::__1::basic_string<char, std::__1::char_traits<char>, std::__1::allocator<char> > Rcpp::as<std::__1::basic_string<char, std::__1::char_traits<char>, std::__1::allocator<char> > >(SEXPREC*) with argument allocated using Rcpp::SlotProxyPolicy<Rcpp::S4_Impl<Rcpp::PreserveStorage> >::SlotProxy::get() const Rcpp/include/Rcpp/api/meat/proxy.h:92

Function Rcpp::Vector<13, Rcpp::PreserveStorage>::Vector(SEXPREC*)
  [UP] calling allocating function Rcpp::PreserveStorage<Rcpp::Vector<13, Rcpp::PreserveStorage> >::set__(SEXPREC*) with argument allocated using SEXPREC* Rcpp::r_cast<13>(SEXPREC*) Rcpp/include/Rcpp/vector/Vector.h:74

Function Rcpp::Vector<14, Rcpp::PreserveStorage>::Vector(SEXPREC*)
  [UP] calling allocating function Rcpp::PreserveStorage<Rcpp::Vector<14, Rcpp::PreserveStorage> >::set__(SEXPREC*) with argument allocated using SEXPREC* Rcpp::r_cast<14>(SEXPREC*) Rcpp/include/Rcpp/vector/Vector.h:74

Function Rcpp::Vector<16, Rcpp::PreserveStorage>::Vector(SEXPREC*)
  [UP] calling allocating function Rcpp::PreserveStorage<Rcpp::Vector<16, Rcpp::PreserveStorage> >::set__(SEXPREC*) with argument allocated using SEXPREC* Rcpp::r_cast<16>(SEXPREC*) Rcpp/include/Rcpp/vector/Vector.h:74

Function Rcpp::Vector<19, Rcpp::PreserveStorage>::Vector()
  [UP] calling allocating function Rcpp::PreserveStorage<Rcpp::Vector<19, Rcpp::PreserveStorage> >::set__(SEXPREC*)(?,V) with argument allocated using Rf_allocVector Rcpp/include/Rcpp/vector/Vector.h:57

Function Rcpp::Vector<19, Rcpp::PreserveStorage>::Vector(int const&)
  [UP] calling allocating function Rcpp::PreserveStorage<Rcpp::Vector<19, Rcpp::PreserveStorage> >::set__(SEXPREC*)(?,V) with argument allocated using Rf_allocVector Rcpp/include/Rcpp/vector/Vector.h:130

Function Rcpp::internal::convert_using_rfunction(SEXPREC*, char const*)
  [UP] ignoring variable <unnamed var:   %10 = alloca %struct.SEXPREC*, align 8> as it has address taken, results will be incomplete 

Function _ZN4Rcpp6VectorILi16ENS_15PreserveStorageEEC2IlEET_PNS_6traits9enable_ifIXsr6traits13is_arithmeticIS4_EE5valueEvE4typeE
  [UP] calling allocating function Rcpp::PreserveStorage<Rcpp::Vector<16, Rcpp::PreserveStorage> >::set__(SEXPREC*)(?,V) with argument allocated using Rf_allocVector Rcpp/include/Rcpp/vector/Vector.h:125

Function _ZN4Rcpp6VectorILi16ENS_15PreserveStorageEEC2ImEET_PNS_6traits9enable_ifIXsr6traits13is_arithmeticIS4_EE5valueEvE4typeE
  [UP] calling allocating function Rcpp::PreserveStorage<Rcpp::Vector<16, Rcpp::PreserveStorage> >::set__(SEXPREC*)(?,V) with argument allocated using Rf_allocVector Rcpp/include/Rcpp/vector/Vector.h:125

Function _ZN4Rcpp6VectorILi19ENS_15PreserveStorageEEC2IlEET_PNS_6traits9enable_ifIXsr6traits13is_arithmeticIS4_EE5valueEvE4typeE
  [UP] calling allocating function Rcpp::PreserveStorage<Rcpp::Vector<19, Rcpp::PreserveStorage> >::set__(SEXPREC*)(?,V) with argument allocated using Rf_allocVector Rcpp/include/Rcpp/vector/Vector.h:125

Function _catSurv_checkStopRules
  [UP] ignoring variable <unnamed var:   %12 = alloca %struct.SEXPREC*, align 8> as it has address taken, results will be incomplete 

Function _catSurv_d1LL
  [UP] ignoring variable <unnamed var:   %18 = alloca %struct.SEXPREC*, align 8> as it has address taken, results will be incomplete 

Function _catSurv_d2LL
  [UP] ignoring variable <unnamed var:   %18 = alloca %struct.SEXPREC*, align 8> as it has address taken, results will be incomplete 

Function _catSurv_estimateSE
  [UP] ignoring variable <unnamed var:   %12 = alloca %struct.SEXPREC*, align 8> as it has address taken, results will be incomplete 

Function _catSurv_estimateTheta
  [UP] ignoring variable <unnamed var:   %12 = alloca %struct.SEXPREC*, align 8> as it has address taken, results will be incomplete 

Function _catSurv_expectedKL
  [UP] ignoring variable <unnamed var:   %15 = alloca %struct.SEXPREC*, align 8> as it has address taken, results will be incomplete 

Function _catSurv_expectedObsInf
  [UP] ignoring variable <unnamed var:   %15 = alloca %struct.SEXPREC*, align 8> as it has address taken, results will be incomplete 

Function _catSurv_expectedPV
  [UP] ignoring variable <unnamed var:   %15 = alloca %struct.SEXPREC*, align 8> as it has address taken, results will be incomplete 

Function _catSurv_fisherInf
  [UP] ignoring variable <unnamed var:   %18 = alloca %struct.SEXPREC*, align 8> as it has address taken, results will be incomplete 

Function _catSurv_fisherTestInfo
  [UP] ignoring variable <unnamed var:   %15 = alloca %struct.SEXPREC*, align 8> as it has address taken, results will be incomplete 

Function _catSurv_likelihood
  [UP] ignoring variable <unnamed var:   %15 = alloca %struct.SEXPREC*, align 8> as it has address taken, results will be incomplete 

Function _catSurv_likelihoodKL
  [UP] ignoring variable <unnamed var:   %15 = alloca %struct.SEXPREC*, align 8> as it has address taken, results will be incomplete 

Function _catSurv_lookAhead
  [UP] ignoring variable <unnamed var:   %15 = alloca %struct.SEXPREC*, align 8> as it has address taken, results will be incomplete 

Function _catSurv_obsInf
  [UP] ignoring variable <unnamed var:   %18 = alloca %struct.SEXPREC*, align 8> as it has address taken, results will be incomplete 

Function _catSurv_posteriorKL
  [UP] ignoring variable <unnamed var:   %15 = alloca %struct.SEXPREC*, align 8> as it has address taken, results will be incomplete 

Function _catSurv_prior
  [UP] ignoring variable <unnamed var:   %15 = alloca %struct.SEXPREC*, align 8> as it has address taken, results will be incomplete 

Function _catSurv_probability
  [UP] ignoring variable <unnamed var:   %18 = alloca %struct.SEXPREC*, align 8> as it has address taken, results will be incomplete 

Function _catSurv_selectItem
  [UP] ignoring variable <unnamed var:   %12 = alloca %struct.SEXPREC*, align 8> as it has address taken, results will be incomplete 

Function prior(Rcpp::S4_Impl<Rcpp::PreserveStorage>, double)
  [UP] calling allocating function std::__1::basic_string<char, std::__1::char_traits<char>, std::__1::allocator<char> > Rcpp::as<std::__1::basic_string<char, std::__1::char_traits<char>, std::__1::allocator<char> > >(SEXPREC*) with argument allocated using Rcpp::SlotProxyPolicy<Rcpp::S4_Impl<Rcpp::PreserveStorage> >::SlotProxy::operator SEXPREC*() const catSurv/src/main.cpp:213
