Package clv version 0.3-2.4
Package built using 86189/R 4.4.0; x86_64-pc-linux-gnu; 2024-03-25 23:09:06 UTC; unix   
Checked with rchk version fdc068715daa3a256062cc20e0d4a5157dacc9a4 LLVM version 14.0.6
More information at https://github.com/kalibera/cran-checks/blob/master/rchk/PROTECT.md
For rchk in docker image see https://github.com/kalibera/rchk/blob/master/doc/DOCKER.md


Function Dens_bw
  [UP] protect stack is too deep, unprotecting all variables, results will be incomplete
  [UP] unsupported form of unprotect, unprotecting all variables, results will be incomplete clv/src/SD_SDbw_indicies.c:333
  [UP] unsupported form of unprotect, unprotecting all variables, results will be incomplete clv/src/SD_SDbw_indicies.c:341

Function clv_optimalAssignment
  [PB] has an unsupported form of unprotect with a variable results will be incomplete clv/src/optimal_assignment.c:147
  [UP] unsupported form of unprotect, unprotecting all variables, results will be incomplete clv/src/optimal_assignment.c:147

Function standardExternalMeasures
  [UP] protect stack is too deep, unprotecting all variables, results will be incomplete
  [PB] has too high protection stack depth results will be incomplete
  [PB] has an unsupported form of unprotect with a variable results will be incomplete clv/src/standard_external_measures.c:91
  [UP] unsupported form of unprotect, unprotecting all variables, results will be incomplete clv/src/standard_external_measures.c:91

Function standardExternalMeasuresSlow
  [UP] protect stack is too deep, unprotecting all variables, results will be incomplete
  [PB] has too high protection stack depth results will be incomplete
  [PB] has an unsupported form of unprotect with a variable results will be incomplete clv/src/standard_external_measures.c:157
  [UP] unsupported form of unprotect, unprotecting all variables, results will be incomplete clv/src/standard_external_measures.c:157
