Package Colossus version 1.4.3
Package built using 88977/R 4.6.0; x86_64-pc-linux-gnu; 2025-11-03 10:15:25 UTC; unix   
Checked with rchk version 35618ebbccf3cd0b45a3530e6303970a22a9056b LLVM version 14.0.6
More information at https://github.com/kalibera/cran-checks/blob/master/rchk/PROTECT.md
For rchk in docker image see https://github.com/kalibera/rchk/blob/master/doc/DOCKER.md


Function Assign_Events_Pois(Rcpp::Vector<13, Rcpp::PreserveStorage>, Rcpp::Vector<16, Rcpp::PreserveStorage>, Eigen::Ref<Eigen::Matrix<double, -1, 1, 0, -1, 1>, 0, Eigen::InnerStride<1> >, Eigen::Ref<Eigen::Matrix<double, -1, -1, 0, -1, -1>, 0, Eigen::OuterStride<-1> >, Rcpp::Vector<13, Rcpp::PreserveStorage>, Eigen::Ref<Eigen::Matrix<double, -1, -1, 0, -1, -1> const, 0, Eigen::OuterStride<-1> > const&, Eigen::Ref<Eigen::Matrix<double, -1, -1, 0, -1, -1> const, 0, Eigen::OuterStride<-1> > const&, int, std::__1::basic_string<char, std::__1::char_traits<char>, std::__1::allocator<char> >, int, Rcpp::Vector<13, Rcpp::PreserveStorage>, int, int, double, Rcpp::Vector<13, Rcpp::PreserveStorage>, Rcpp::Vector<19, Rcpp::PreserveStorage>)
  [UP] ignoring variable <unnamed var:   %114 = alloca %struct.SEXPREC*, align 8> as it has address taken, results will be incomplete 
  [UP] ignoring variable <unnamed var:   %118 = alloca %struct.SEXPREC*, align 8> as it has address taken, results will be incomplete 

Function Cox_Full_Run(int const&, int const&, Rcpp::Vector<16, Rcpp::PreserveStorage> const&, Rcpp::Matrix<13, Rcpp::PreserveStorage> const&, std::__1::vector<std::__1::vector<int, std::__1::allocator<int> >, std::__1::allocator<std::__1::vector<int, std::__1::allocator<int> > > > const&, std::__1::vector<std::__1::vector<std::__1::vector<int, std::__1::allocator<int> >, std::__1::allocator<std::__1::vector<int, std::__1::allocator<int> > > >, std::__1::allocator<std::__1::vector<std::__1::vector<int, std::__1::allocator<int> >, std::__1::allocator<std::__1::vector<int, std::__1::allocator<int> > > > > > const&, int const&, int const&, Eigen::Matrix<double, -1, -1, 0, -1, -1>&, Eigen::Matrix<double, -1, -1, 0, -1, -1>&, Eigen::Matrix<double, -1, -1, 0, -1, -1>&, Eigen::Matrix<double, -1, -1, 0, -1, -1>&, Eigen::Matrix<double, -1, -1, 0, -1, -1>&, Eigen::Matrix<double, -1, -1, 0, -1, -1>&, Eigen::Matrix<double, -1, -1, 0, -1, -1>&, Eigen::Matrix<double, -1, -1, 0, -1, -1>&, Eigen::Matrix<double, -1, -1, 0, -1, -1>&, Eigen::Matrix<double, -1, 1, 0, -1, 1>, Rcpp::Vector<14, Rcpp::PreserveStorage>&, Eigen::Matrix<double, -1, 1, 0, -1, 1>, Eigen::Matrix<double, -1, -1, 0, -1, -1>&, Eigen::Matrix<double, -1, -1, 0, -1, -1>&, std::__1::vector<double, std::__1::allocator<double> >&, std::__1::vector<double, std::__1::allocator<double> >&, std::__1::vector<double, std::__1::allocator<double> >&, int const&, Rcpp::Vector<13, Rcpp::PreserveStorage> const&, std::__1::basic_string<char, std::__1::char_traits<char>, std::__1::allocator<char> >, int, Rcpp::Vector<19, Rcpp::PreserveStorage>&, int, int const&, double&, double&, double, double, Eigen::Ref<Eigen::Matrix<double, -1, -1, 0, -1, -1> const, 0, Eigen::OuterStride<-1> > const&, Eigen::Matrix<double, -1, -1, 0, -1, -1>&, Eigen::Matrix<double, -1, -1, 0, -1, -1>&, Eigen::Matrix<double, -1, -1, 0, -1, -1>&, Eigen::Matrix<double, -1, -1, 0, -1, -1>&, Eigen::Matrix<double, -1, -1, 0, -1, -1>&, Eigen::Matrix<double, -1, -1, 0, -1, -1>&, Eigen::Matrix<double, -1, -1, 0, -1, -1>&, Eigen::Matrix<double, -1, -1, 0, -1, -1>&, Eigen::Matrix<double, -1, -1, 0, -1, -1>&, Eigen::Matrix<double, -1, -1, 0, -1, -1>&, std::__1::basic_string<char, std::__1::char_traits<char>, std::__1::allocator<char> >, double, Rcpp::Vector<13, Rcpp::PreserveStorage> const&, bool&, double, Rcpp::Vector<19, Rcpp::PreserveStorage>, int, Eigen::Ref<Eigen::Matrix<double, -1, -1, 0, -1, -1> const, 0, Eigen::OuterStride<-1> > const&, Eigen::Ref<Eigen::Matrix<double, -1, 1, 0, -1, 1> const, 0, Eigen::InnerStride<1> > const&, Rcpp::Vector<13, Rcpp::PreserveStorage> const&, Rcpp::Vector<13, Rcpp::PreserveStorage> const&, int, double, double)
  [UP] ignoring variable <unnamed var:   %157 = alloca %struct.SEXPREC*, align 8> as it has address taken, results will be incomplete 
  [UP] ignoring variable <unnamed var:   %207 = alloca %struct.SEXPREC*, align 8> as it has address taken, results will be incomplete 
  [UP] ignoring variable <unnamed var:   %211 = alloca %struct.SEXPREC*, align 8> as it has address taken, results will be incomplete 

Function LogLik_CaseCon_Omnibus(Rcpp::Vector<13, Rcpp::PreserveStorage>, Rcpp::Vector<16, Rcpp::PreserveStorage>, Rcpp::Matrix<14, Rcpp::PreserveStorage>&, Eigen::Ref<Eigen::Matrix<double, -1, -1, 0, -1, -1>, 0, Eigen::OuterStride<-1> >, Rcpp::Vector<13, Rcpp::PreserveStorage>, int, std::__1::basic_string<char, std::__1::char_traits<char>, std::__1::allocator<char> >, double, Rcpp::Vector<19, Rcpp::PreserveStorage>, Rcpp::Vector<14, Rcpp::PreserveStorage>, int, int, double, double, double, double, Eigen::Ref<Eigen::Matrix<double, -1, -1, 0, -1, -1> const, 0, Eigen::OuterStride<-1> > const&, Rcpp::Vector<14, Rcpp::PreserveStorage>, int, Rcpp::Vector<13, Rcpp::PreserveStorage>, int, std::__1::basic_string<char, std::__1::char_traits<char>, std::__1::allocator<char> >, int, Rcpp::Vector<14, Rcpp::PreserveStorage>&, Rcpp::Vector<19, Rcpp::PreserveStorage>, double, Rcpp::Vector<13, Rcpp::PreserveStorage>, Eigen::Ref<Eigen::Matrix<double, -1, -1, 0, -1, -1> const, 0, Eigen::OuterStride<-1> > const&, Eigen::Ref<Eigen::Matrix<double, -1, 1, 0, -1, 1> const, 0, Eigen::InnerStride<1> > const&)
  [UP] ignoring variable <unnamed var:   %142 = alloca %struct.SEXPREC*, align 8> as it has address taken, results will be incomplete 
  [UP] ignoring variable <unnamed var:   %146 = alloca %struct.SEXPREC*, align 8> as it has address taken, results will be incomplete 
  [UP] ignoring variable <unnamed var:   %153 = alloca %struct.SEXPREC*, align 8> as it has address taken, results will be incomplete 
  [UP] ignoring variable <unnamed var:   %157 = alloca %struct.SEXPREC*, align 8> as it has address taken, results will be incomplete 
  [UP] ignoring variable <unnamed var:   %161 = alloca %struct.SEXPREC*, align 8> as it has address taken, results will be incomplete 
  [UP] ignoring variable <unnamed var:   %252 = alloca %struct.SEXPREC*, align 8> as it has address taken, results will be incomplete 
  [UP] ignoring variable <unnamed var:   %256 = alloca %struct.SEXPREC*, align 8> as it has address taken, results will be incomplete 
  [UP] ignoring variable <unnamed var:   %379 = alloca %struct.SEXPREC*, align 8> as it has address taken, results will be incomplete 
  [UP] ignoring variable <unnamed var:   %397 = alloca %struct.SEXPREC*, align 8> as it has address taken, results will be incomplete 
  [UP] ignoring variable <unnamed var:   %401 = alloca %struct.SEXPREC*, align 8> as it has address taken, results will be incomplete 
  [UP] ignoring variable <unnamed var:   %405 = alloca %struct.SEXPREC*, align 8> as it has address taken, results will be incomplete 
  [UP] ignoring variable <unnamed var:   %409 = alloca %struct.SEXPREC*, align 8> as it has address taken, results will be incomplete 
  [UP] ignoring variable <unnamed var:   %413 = alloca %struct.SEXPREC*, align 8> as it has address taken, results will be incomplete 
  [UP] ignoring variable <unnamed var:   %417 = alloca %struct.SEXPREC*, align 8> as it has address taken, results will be incomplete 
  [UP] ignoring variable <unnamed var:   %575 = alloca %struct.SEXPREC*, align 8> as it has address taken, results will be incomplete 
  [UP] ignoring variable <unnamed var:   %579 = alloca %struct.SEXPREC*, align 8> as it has address taken, results will be incomplete 
  [UP] ignoring variable <unnamed var:   %583 = alloca %struct.SEXPREC*, align 8> as it has address taken, results will be incomplete 
  [UP] ignoring variable <unnamed var:   %590 = alloca %struct.SEXPREC*, align 8> as it has address taken, results will be incomplete 
  [UP] ignoring variable <unnamed var:   %594 = alloca %struct.SEXPREC*, align 8> as it has address taken, results will be incomplete 
  [UP] ignoring variable <unnamed var:   %598 = alloca %struct.SEXPREC*, align 8> as it has address taken, results will be incomplete 
  [UP] ignoring variable <unnamed var:   %602 = alloca %struct.SEXPREC*, align 8> as it has address taken, results will be incomplete 
  [UP] ignoring variable <unnamed var:   %615 = alloca %struct.SEXPREC*, align 8> as it has address taken, results will be incomplete 
  [UP] ignoring variable <unnamed var:   %619 = alloca %struct.SEXPREC*, align 8> as it has address taken, results will be incomplete 

Function LogLik_Cox_PH_Multidose_Omnibus_Integrated(Rcpp::Vector<13, Rcpp::PreserveStorage>, Rcpp::Vector<16, Rcpp::PreserveStorage>, Eigen::Ref<Eigen::Matrix<double, -1, 1, 0, -1, 1>, 0, Eigen::InnerStride<1> >, Eigen::Ref<Eigen::Matrix<double, -1, -1, 0, -1, -1>, 0, Eigen::OuterStride<-1> >, Eigen::Ref<Eigen::Matrix<double, -1, -1, 0, -1, -1> const, 0, Eigen::OuterStride<-1> > const&, Rcpp::Matrix<13, Rcpp::PreserveStorage>, Rcpp::Vector<13, Rcpp::PreserveStorage>, Rcpp::Vector<13, Rcpp::PreserveStorage>, int, std::__1::basic_string<char, std::__1::char_traits<char>, std::__1::allocator<char> >, double, Rcpp::Vector<19, Rcpp::PreserveStorage>, int, int, double, double, double, double, Eigen::Ref<Eigen::Matrix<double, -1, -1, 0, -1, -1> const, 0, Eigen::OuterStride<-1> > const&, Rcpp::Vector<14, Rcpp::PreserveStorage>, int, Rcpp::Vector<13, Rcpp::PreserveStorage>, int, std::__1::basic_string<char, std::__1::char_traits<char>, std::__1::allocator<char> >, int, Rcpp::Vector<14, Rcpp::PreserveStorage>&, Eigen::Matrix<double, -1, 1, 0, -1, 1> const&, Rcpp::Vector<19, Rcpp::PreserveStorage>, double, Rcpp::Vector<13, Rcpp::PreserveStorage>, Eigen::Ref<Eigen::Matrix<double, -1, -1, 0, -1, -1> const, 0, Eigen::OuterStride<-1> > const&, Eigen::Ref<Eigen::Matrix<double, -1, 1, 0, -1, 1> const, 0, Eigen::InnerStride<1> > const&)
  [UP] ignoring variable <unnamed var:   %210 = alloca %struct.SEXPREC*, align 8> as it has address taken, results will be incomplete 
  [UP] ignoring variable <unnamed var:   %445 = alloca %struct.SEXPREC*, align 8> as it has address taken, results will be incomplete 
  [UP] ignoring variable <unnamed var:   %449 = alloca %struct.SEXPREC*, align 8> as it has address taken, results will be incomplete 
  [UP] ignoring variable <unnamed var:   %534 = alloca %struct.SEXPREC*, align 8> as it has address taken, results will be incomplete 
  [UP] ignoring variable <unnamed var:   %538 = alloca %struct.SEXPREC*, align 8> as it has address taken, results will be incomplete 
  [UP] ignoring variable <unnamed var:   %545 = alloca %struct.SEXPREC*, align 8> as it has address taken, results will be incomplete 
  [UP] ignoring variable <unnamed var:   %549 = alloca %struct.SEXPREC*, align 8> as it has address taken, results will be incomplete 
  [UP] ignoring variable <unnamed var:   %553 = alloca %struct.SEXPREC*, align 8> as it has address taken, results will be incomplete 
  [UP] ignoring variable <unnamed var:   %575 = alloca %struct.SEXPREC*, align 8> as it has address taken, results will be incomplete 
  [UP] ignoring variable <unnamed var:   %579 = alloca %struct.SEXPREC*, align 8> as it has address taken, results will be incomplete 
  [UP] ignoring variable <unnamed var:   %586 = alloca %struct.SEXPREC*, align 8> as it has address taken, results will be incomplete 
  [UP] ignoring variable <unnamed var:   %590 = alloca %struct.SEXPREC*, align 8> as it has address taken, results will be incomplete 
  [UP] ignoring variable <unnamed var:   %594 = alloca %struct.SEXPREC*, align 8> as it has address taken, results will be incomplete 

Function LogLik_Cox_PH_Multidose_Omnibus_Serial(Rcpp::Vector<13, Rcpp::PreserveStorage>, Rcpp::Vector<16, Rcpp::PreserveStorage>, Eigen::Ref<Eigen::Matrix<double, -1, 1, 0, -1, 1>, 0, Eigen::InnerStride<1> >, Eigen::Ref<Eigen::Matrix<double, -1, -1, 0, -1, -1>, 0, Eigen::OuterStride<-1> >, Eigen::Ref<Eigen::Matrix<double, -1, -1, 0, -1, -1> const, 0, Eigen::OuterStride<-1> > const&, Rcpp::Matrix<13, Rcpp::PreserveStorage>, Rcpp::Vector<13, Rcpp::PreserveStorage>, Rcpp::Vector<13, Rcpp::PreserveStorage>, int, std::__1::basic_string<char, std::__1::char_traits<char>, std::__1::allocator<char> >, double, Rcpp::Vector<19, Rcpp::PreserveStorage>, int, int, double, double, double, double, Eigen::Ref<Eigen::Matrix<double, -1, -1, 0, -1, -1> const, 0, Eigen::OuterStride<-1> > const&, Rcpp::Vector<14, Rcpp::PreserveStorage>, int, Rcpp::Vector<13, Rcpp::PreserveStorage>, int, std::__1::basic_string<char, std::__1::char_traits<char>, std::__1::allocator<char> >, int, Rcpp::Vector<14, Rcpp::PreserveStorage>&, Eigen::Matrix<double, -1, 1, 0, -1, 1> const&, Rcpp::Vector<19, Rcpp::PreserveStorage>, double, Rcpp::Vector<13, Rcpp::PreserveStorage>, Eigen::Ref<Eigen::Matrix<double, -1, -1, 0, -1, -1> const, 0, Eigen::OuterStride<-1> > const&, Eigen::Ref<Eigen::Matrix<double, -1, 1, 0, -1, 1> const, 0, Eigen::InnerStride<1> > const&)
  [UP] ignoring variable <unnamed var:   %220 = alloca %struct.SEXPREC*, align 8> as it has address taken, results will be incomplete 
  [UP] ignoring variable <unnamed var:   %370 = alloca %struct.SEXPREC*, align 8> as it has address taken, results will be incomplete 
  [UP] ignoring variable <unnamed var:   %374 = alloca %struct.SEXPREC*, align 8> as it has address taken, results will be incomplete 
  [UP] ignoring variable <unnamed var:   %378 = alloca %struct.SEXPREC*, align 8> as it has address taken, results will be incomplete 
  [UP] ignoring variable <unnamed var:   %382 = alloca %struct.SEXPREC*, align 8> as it has address taken, results will be incomplete 
  [UP] ignoring variable <unnamed var:   %386 = alloca %struct.SEXPREC*, align 8> as it has address taken, results will be incomplete 
  [UP] ignoring variable <unnamed var:   %390 = alloca %struct.SEXPREC*, align 8> as it has address taken, results will be incomplete 
  [UP] ignoring variable <unnamed var:   %398 = alloca %struct.SEXPREC*, align 8> as it has address taken, results will be incomplete 
  [UP] ignoring variable <unnamed var:   %402 = alloca %struct.SEXPREC*, align 8> as it has address taken, results will be incomplete 
  [UP] ignoring variable <unnamed var:   %406 = alloca %struct.SEXPREC*, align 8> as it has address taken, results will be incomplete 
  [UP] ignoring variable <unnamed var:   %410 = alloca %struct.SEXPREC*, align 8> as it has address taken, results will be incomplete 
  [UP] ignoring variable <unnamed var:   %414 = alloca %struct.SEXPREC*, align 8> as it has address taken, results will be incomplete 
  [UP] ignoring variable <unnamed var:   %421 = alloca %struct.SEXPREC*, align 8> as it has address taken, results will be incomplete 

Function LogLik_Cox_PH_Omnibus(Rcpp::Vector<13, Rcpp::PreserveStorage>, Rcpp::Vector<16, Rcpp::PreserveStorage>, Rcpp::Matrix<14, Rcpp::PreserveStorage>&, Eigen::Ref<Eigen::Matrix<double, -1, -1, 0, -1, -1>, 0, Eigen::OuterStride<-1> >, Rcpp::Vector<13, Rcpp::PreserveStorage>, int, std::__1::basic_string<char, std::__1::char_traits<char>, std::__1::allocator<char> >, double, Rcpp::Vector<19, Rcpp::PreserveStorage>, Rcpp::Vector<14, Rcpp::PreserveStorage>, int, int, double, double, double, double, Eigen::Ref<Eigen::Matrix<double, -1, -1, 0, -1, -1> const, 0, Eigen::OuterStride<-1> > const&, Rcpp::Vector<14, Rcpp::PreserveStorage>, int, Rcpp::Vector<13, Rcpp::PreserveStorage>, int, std::__1::basic_string<char, std::__1::char_traits<char>, std::__1::allocator<char> >, int, Rcpp::Vector<14, Rcpp::PreserveStorage>&, Eigen::Matrix<double, -1, 1, 0, -1, 1> const&, Rcpp::Vector<19, Rcpp::PreserveStorage>, double, Rcpp::Vector<13, Rcpp::PreserveStorage>, Eigen::Ref<Eigen::Matrix<double, -1, -1, 0, -1, -1> const, 0, Eigen::OuterStride<-1> > const&, Eigen::Ref<Eigen::Matrix<double, -1, 1, 0, -1, 1> const, 0, Eigen::InnerStride<1> > const&)
  [UP] ignoring variable <unnamed var:   %129 = alloca %struct.SEXPREC*, align 8> as it has address taken, results will be incomplete 
  [UP] ignoring variable <unnamed var:   %210 = alloca %struct.SEXPREC*, align 8> as it has address taken, results will be incomplete 
  [UP] ignoring variable <unnamed var:   %302 = alloca %struct.SEXPREC*, align 8> as it has address taken, results will be incomplete 
  [UP] ignoring variable <unnamed var:   %320 = alloca %struct.SEXPREC*, align 8> as it has address taken, results will be incomplete 
  [UP] ignoring variable <unnamed var:   %324 = alloca %struct.SEXPREC*, align 8> as it has address taken, results will be incomplete 
  [UP] ignoring variable <unnamed var:   %485 = alloca %struct.SEXPREC*, align 8> as it has address taken, results will be incomplete 
  [UP] ignoring variable <unnamed var:   %489 = alloca %struct.SEXPREC*, align 8> as it has address taken, results will be incomplete 
  [UP] ignoring variable <unnamed var:   %496 = alloca %struct.SEXPREC*, align 8> as it has address taken, results will be incomplete 
  [UP] ignoring variable <unnamed var:   %500 = alloca %struct.SEXPREC*, align 8> as it has address taken, results will be incomplete 
  [UP] ignoring variable <unnamed var:   %504 = alloca %struct.SEXPREC*, align 8> as it has address taken, results will be incomplete 
  [UP] ignoring variable <unnamed var:   %526 = alloca %struct.SEXPREC*, align 8> as it has address taken, results will be incomplete 
  [UP] ignoring variable <unnamed var:   %530 = alloca %struct.SEXPREC*, align 8> as it has address taken, results will be incomplete 
  [UP] ignoring variable <unnamed var:   %537 = alloca %struct.SEXPREC*, align 8> as it has address taken, results will be incomplete 
  [UP] ignoring variable <unnamed var:   %541 = alloca %struct.SEXPREC*, align 8> as it has address taken, results will be incomplete 
  [UP] ignoring variable <unnamed var:   %545 = alloca %struct.SEXPREC*, align 8> as it has address taken, results will be incomplete 

Function LogLik_Cox_PH_Omnibus_Log_Bound(Rcpp::Vector<13, Rcpp::PreserveStorage>, Rcpp::Vector<16, Rcpp::PreserveStorage>, Eigen::Ref<Eigen::Matrix<double, -1, 1, 0, -1, 1>, 0, Eigen::InnerStride<1> >, Eigen::Ref<Eigen::Matrix<double, -1, -1, 0, -1, -1>, 0, Eigen::OuterStride<-1> >, Rcpp::Vector<13, Rcpp::PreserveStorage>, int, std::__1::basic_string<char, std::__1::char_traits<char>, std::__1::allocator<char> >, double, Rcpp::Vector<14, Rcpp::PreserveStorage>, int, int, double, double, double, double, Eigen::Ref<Eigen::Matrix<double, -1, -1, 0, -1, -1> const, 0, Eigen::OuterStride<-1> > const&, Rcpp::Vector<14, Rcpp::PreserveStorage>, int, Rcpp::Vector<13, Rcpp::PreserveStorage>, int, std::__1::basic_string<char, std::__1::char_traits<char>, std::__1::allocator<char> >, int, Rcpp::Vector<14, Rcpp::PreserveStorage>&, Eigen::Matrix<double, -1, 1, 0, -1, 1> const&, Rcpp::Vector<19, Rcpp::PreserveStorage>, double, Rcpp::Vector<13, Rcpp::PreserveStorage>, Eigen::Ref<Eigen::Matrix<double, -1, -1, 0, -1, -1> const, 0, Eigen::OuterStride<-1> > const&, Eigen::Ref<Eigen::Matrix<double, -1, 1, 0, -1, 1> const, 0, Eigen::InnerStride<1> > const&, double, int, int, double)
  [UP] ignoring variable <unnamed var:   %292 = alloca %struct.SEXPREC*, align 8> as it has address taken, results will be incomplete 
  [UP] ignoring variable <unnamed var:   %296 = alloca %struct.SEXPREC*, align 8> as it has address taken, results will be incomplete 
  [UP] ignoring variable <unnamed var:   %300 = alloca %struct.SEXPREC*, align 8> as it has address taken, results will be incomplete 
  [UP] ignoring variable <unnamed var:   %304 = alloca %struct.SEXPREC*, align 8> as it has address taken, results will be incomplete 
  [UP] ignoring variable <unnamed var:   %308 = alloca %struct.SEXPREC*, align 8> as it has address taken, results will be incomplete 

Function LogLik_Cox_PH_Omnibus_Log_Bound_CurveSearch(Rcpp::Vector<13, Rcpp::PreserveStorage>, Rcpp::Vector<16, Rcpp::PreserveStorage>, Eigen::Ref<Eigen::Matrix<double, -1, 1, 0, -1, 1>, 0, Eigen::InnerStride<1> >, Eigen::Ref<Eigen::Matrix<double, -1, -1, 0, -1, -1>, 0, Eigen::OuterStride<-1> >, Rcpp::Vector<13, Rcpp::PreserveStorage>, int, std::__1::basic_string<char, std::__1::char_traits<char>, std::__1::allocator<char> >, double, Rcpp::Vector<19, Rcpp::PreserveStorage>, int, int, double, double, double, double, Eigen::Ref<Eigen::Matrix<double, -1, -1, 0, -1, -1> const, 0, Eigen::OuterStride<-1> > const&, Rcpp::Vector<14, Rcpp::PreserveStorage>, int, Rcpp::Vector<13, Rcpp::PreserveStorage>, int, std::__1::basic_string<char, std::__1::char_traits<char>, std::__1::allocator<char> >, int, Rcpp::Vector<14, Rcpp::PreserveStorage>&, Eigen::Matrix<double, -1, 1, 0, -1, 1> const&, Rcpp::Vector<19, Rcpp::PreserveStorage>, double, Rcpp::Vector<13, Rcpp::PreserveStorage>, Eigen::Ref<Eigen::Matrix<double, -1, -1, 0, -1, -1> const, 0, Eigen::OuterStride<-1> > const&, Eigen::Ref<Eigen::Matrix<double, -1, 1, 0, -1, 1> const, 0, Eigen::InnerStride<1> > const&, double, int, int, double)
  [UP] ignoring variable <unnamed var:   %349 = alloca %struct.SEXPREC*, align 8> as it has address taken, results will be incomplete 
  [UP] ignoring variable <unnamed var:   %353 = alloca %struct.SEXPREC*, align 8> as it has address taken, results will be incomplete 
  [UP] ignoring variable <unnamed var:   %357 = alloca %struct.SEXPREC*, align 8> as it has address taken, results will be incomplete 
  [UP] ignoring variable <unnamed var:   %361 = alloca %struct.SEXPREC*, align 8> as it has address taken, results will be incomplete 
  [UP] ignoring variable <unnamed var:   %365 = alloca %struct.SEXPREC*, align 8> as it has address taken, results will be incomplete 
  [UP] ignoring variable <unnamed var:   %369 = alloca %struct.SEXPREC*, align 8> as it has address taken, results will be incomplete 
  [UP] ignoring variable <unnamed var:   %373 = alloca %struct.SEXPREC*, align 8> as it has address taken, results will be incomplete 

Function LogLik_Cox_PH_Omnibus_Log_Bound_Search(Rcpp::Vector<13, Rcpp::PreserveStorage>, Rcpp::Vector<16, Rcpp::PreserveStorage>, Eigen::Ref<Eigen::Matrix<double, -1, 1, 0, -1, 1>, 0, Eigen::InnerStride<1> >, Eigen::Ref<Eigen::Matrix<double, -1, -1, 0, -1, -1>, 0, Eigen::OuterStride<-1> >, Rcpp::Vector<13, Rcpp::PreserveStorage>, int, std::__1::basic_string<char, std::__1::char_traits<char>, std::__1::allocator<char> >, double, Rcpp::Vector<14, Rcpp::PreserveStorage>, int, int, double, double, double, double, Eigen::Ref<Eigen::Matrix<double, -1, -1, 0, -1, -1> const, 0, Eigen::OuterStride<-1> > const&, Rcpp::Vector<14, Rcpp::PreserveStorage>, int, Rcpp::Vector<13, Rcpp::PreserveStorage>, int, std::__1::basic_string<char, std::__1::char_traits<char>, std::__1::allocator<char> >, int, Rcpp::Vector<14, Rcpp::PreserveStorage>&, Eigen::Matrix<double, -1, 1, 0, -1, 1> const&, Rcpp::Vector<19, Rcpp::PreserveStorage>, double, Rcpp::Vector<13, Rcpp::PreserveStorage>, Eigen::Ref<Eigen::Matrix<double, -1, -1, 0, -1, -1> const, 0, Eigen::OuterStride<-1> > const&, Eigen::Ref<Eigen::Matrix<double, -1, 1, 0, -1, 1> const, 0, Eigen::InnerStride<1> > const&, double, int, int, double)
  [UP] ignoring variable <unnamed var:   %305 = alloca %struct.SEXPREC*, align 8> as it has address taken, results will be incomplete 
  [UP] ignoring variable <unnamed var:   %309 = alloca %struct.SEXPREC*, align 8> as it has address taken, results will be incomplete 
  [UP] ignoring variable <unnamed var:   %311 = alloca %struct.SEXPREC*, align 8> as it has address taken, results will be incomplete 
  [UP] ignoring variable <unnamed var:   %313 = alloca %struct.SEXPREC*, align 8> as it has address taken, results will be incomplete 
  [UP] ignoring variable <unnamed var:   %315 = alloca %struct.SEXPREC*, align 8> as it has address taken, results will be incomplete 
  [UP] ignoring variable <unnamed var:   %463 = alloca %struct.SEXPREC*, align 8> as it has address taken, results will be incomplete 
  [UP] ignoring variable <unnamed var:   %465 = alloca %struct.SEXPREC*, align 8> as it has address taken, results will be incomplete 
  [UP] ignoring variable <unnamed var:   %467 = alloca %struct.SEXPREC*, align 8> as it has address taken, results will be incomplete 
  [UP] ignoring variable <unnamed var:   %469 = alloca %struct.SEXPREC*, align 8> as it has address taken, results will be incomplete 
  [UP] ignoring variable <unnamed var:   %471 = alloca %struct.SEXPREC*, align 8> as it has address taken, results will be incomplete 
  [UP] ignoring variable <unnamed var:   %524 = alloca %struct.SEXPREC*, align 8> as it has address taken, results will be incomplete 
  [UP] ignoring variable <unnamed var:   %528 = alloca %struct.SEXPREC*, align 8> as it has address taken, results will be incomplete 
  [UP] ignoring variable <unnamed var:   %532 = alloca %struct.SEXPREC*, align 8> as it has address taken, results will be incomplete 
  [UP] ignoring variable <unnamed var:   %536 = alloca %struct.SEXPREC*, align 8> as it has address taken, results will be incomplete 
  [UP] ignoring variable <unnamed var:   %540 = alloca %struct.SEXPREC*, align 8> as it has address taken, results will be incomplete 

Function LogLik_Logist_Omnibus(Eigen::Ref<Eigen::Matrix<double, -1, -1, 0, -1, -1> const, 0, Eigen::OuterStride<-1> > const&, Rcpp::Vector<13, Rcpp::PreserveStorage>, Rcpp::Vector<16, Rcpp::PreserveStorage>, Rcpp::Matrix<14, Rcpp::PreserveStorage>&, Eigen::Ref<Eigen::Matrix<double, -1, -1, 0, -1, -1>, 0, Eigen::OuterStride<-1> >, Rcpp::Vector<13, Rcpp::PreserveStorage>, int, std::__1::basic_string<char, std::__1::char_traits<char>, std::__1::allocator<char> >, double, Rcpp::Vector<19, Rcpp::PreserveStorage>, Rcpp::Vector<14, Rcpp::PreserveStorage>, int, int, double, double, double, double, int, Rcpp::Vector<13, Rcpp::PreserveStorage>, int, int, Rcpp::Vector<19, Rcpp::PreserveStorage>, double, Rcpp::Vector<13, Rcpp::PreserveStorage>, Eigen::Ref<Eigen::Matrix<double, -1, -1, 0, -1, -1> const, 0, Eigen::OuterStride<-1> > const&, Eigen::Ref<Eigen::Matrix<double, -1, 1, 0, -1, 1> const, 0, Eigen::InnerStride<1> > const&)
  [UP] ignoring variable <unnamed var:   %204 = alloca %struct.SEXPREC*, align 8> as it has address taken, results will be incomplete 
  [UP] ignoring variable <unnamed var:   %289 = alloca %struct.SEXPREC*, align 8> as it has address taken, results will be incomplete 
  [UP] ignoring variable <unnamed var:   %305 = alloca %struct.SEXPREC*, align 8> as it has address taken, results will be incomplete 
  [UP] ignoring variable <unnamed var:   %309 = alloca %struct.SEXPREC*, align 8> as it has address taken, results will be incomplete 
  [UP] ignoring variable <unnamed var:   %439 = alloca %struct.SEXPREC*, align 8> as it has address taken, results will be incomplete 
  [UP] ignoring variable <unnamed var:   %443 = alloca %struct.SEXPREC*, align 8> as it has address taken, results will be incomplete 
  [UP] ignoring variable <unnamed var:   %447 = alloca %struct.SEXPREC*, align 8> as it has address taken, results will be incomplete 
  [UP] ignoring variable <unnamed var:   %454 = alloca %struct.SEXPREC*, align 8> as it has address taken, results will be incomplete 
  [UP] ignoring variable <unnamed var:   %458 = alloca %struct.SEXPREC*, align 8> as it has address taken, results will be incomplete 
  [UP] ignoring variable <unnamed var:   %462 = alloca %struct.SEXPREC*, align 8> as it has address taken, results will be incomplete 

Function LogLik_Pois_Omnibus(Eigen::Ref<Eigen::Matrix<double, -1, -1, 0, -1, -1> const, 0, Eigen::OuterStride<-1> > const&, Rcpp::Vector<13, Rcpp::PreserveStorage>, Rcpp::Vector<16, Rcpp::PreserveStorage>, Rcpp::Matrix<14, Rcpp::PreserveStorage>&, Eigen::Ref<Eigen::Matrix<double, -1, -1, 0, -1, -1>, 0, Eigen::OuterStride<-1> >, Rcpp::Vector<13, Rcpp::PreserveStorage>, int, std::__1::basic_string<char, std::__1::char_traits<char>, std::__1::allocator<char> >, double, Rcpp::Vector<19, Rcpp::PreserveStorage>, Rcpp::Vector<14, Rcpp::PreserveStorage>, int, int, double, double, double, double, int, Rcpp::Vector<13, Rcpp::PreserveStorage>, int, int, Eigen::Ref<Eigen::Matrix<double, -1, -1, 0, -1, -1> const, 0, Eigen::OuterStride<-1> > const&, Rcpp::Vector<19, Rcpp::PreserveStorage>, double, Rcpp::Vector<13, Rcpp::PreserveStorage>, Eigen::Ref<Eigen::Matrix<double, -1, -1, 0, -1, -1> const, 0, Eigen::OuterStride<-1> > const&, Eigen::Ref<Eigen::Matrix<double, -1, 1, 0, -1, 1> const, 0, Eigen::InnerStride<1> > const&)
  [UP] ignoring variable <unnamed var:   %200 = alloca %struct.SEXPREC*, align 8> as it has address taken, results will be incomplete 
  [UP] ignoring variable <unnamed var:   %287 = alloca %struct.SEXPREC*, align 8> as it has address taken, results will be incomplete 
  [UP] ignoring variable <unnamed var:   %305 = alloca %struct.SEXPREC*, align 8> as it has address taken, results will be incomplete 
  [UP] ignoring variable <unnamed var:   %309 = alloca %struct.SEXPREC*, align 8> as it has address taken, results will be incomplete 
  [UP] ignoring variable <unnamed var:   %441 = alloca %struct.SEXPREC*, align 8> as it has address taken, results will be incomplete 
  [UP] ignoring variable <unnamed var:   %445 = alloca %struct.SEXPREC*, align 8> as it has address taken, results will be incomplete 
  [UP] ignoring variable <unnamed var:   %452 = alloca %struct.SEXPREC*, align 8> as it has address taken, results will be incomplete 
  [UP] ignoring variable <unnamed var:   %456 = alloca %struct.SEXPREC*, align 8> as it has address taken, results will be incomplete 
  [UP] ignoring variable <unnamed var:   %460 = alloca %struct.SEXPREC*, align 8> as it has address taken, results will be incomplete 

Function LogLik_Pois_PH_Multidose_Omnibus_Integrated(Eigen::Ref<Eigen::Matrix<double, -1, -1, 0, -1, -1> const, 0, Eigen::OuterStride<-1> > const&, Rcpp::Vector<13, Rcpp::PreserveStorage>, Rcpp::Vector<16, Rcpp::PreserveStorage>, Eigen::Ref<Eigen::Matrix<double, -1, 1, 0, -1, 1>, 0, Eigen::InnerStride<1> >, Eigen::Ref<Eigen::Matrix<double, -1, -1, 0, -1, -1>, 0, Eigen::OuterStride<-1> >, Eigen::Ref<Eigen::Matrix<double, -1, -1, 0, -1, -1> const, 0, Eigen::OuterStride<-1> > const&, Rcpp::Matrix<13, Rcpp::PreserveStorage>, Rcpp::Vector<13, Rcpp::PreserveStorage>, Rcpp::Vector<13, Rcpp::PreserveStorage>, int, std::__1::basic_string<char, std::__1::char_traits<char>, std::__1::allocator<char> >, double, Rcpp::Vector<19, Rcpp::PreserveStorage>, int, int, double, double, double, double, Eigen::Ref<Eigen::Matrix<double, -1, -1, 0, -1, -1> const, 0, Eigen::OuterStride<-1> > const&, int, Rcpp::Vector<13, Rcpp::PreserveStorage>, int, int, Rcpp::Vector<19, Rcpp::PreserveStorage>, double, Rcpp::Vector<13, Rcpp::PreserveStorage>, Eigen::Ref<Eigen::Matrix<double, -1, -1, 0, -1, -1> const, 0, Eigen::OuterStride<-1> > const&, Eigen::Ref<Eigen::Matrix<double, -1, 1, 0, -1, 1> const, 0, Eigen::InnerStride<1> > const&)
  [UP] ignoring variable <unnamed var:   %204 = alloca %struct.SEXPREC*, align 8> as it has address taken, results will be incomplete 
  [UP] ignoring variable <unnamed var:   %426 = alloca %struct.SEXPREC*, align 8> as it has address taken, results will be incomplete 
  [UP] ignoring variable <unnamed var:   %433 = alloca %struct.SEXPREC*, align 8> as it has address taken, results will be incomplete 
  [UP] ignoring variable <unnamed var:   %507 = alloca %struct.SEXPREC*, align 8> as it has address taken, results will be incomplete 
  [UP] ignoring variable <unnamed var:   %514 = alloca %struct.SEXPREC*, align 8> as it has address taken, results will be incomplete 
  [UP] ignoring variable <unnamed var:   %521 = alloca %struct.SEXPREC*, align 8> as it has address taken, results will be incomplete 
  [UP] ignoring variable <unnamed var:   %525 = alloca %struct.SEXPREC*, align 8> as it has address taken, results will be incomplete 
  [UP] ignoring variable <unnamed var:   %529 = alloca %struct.SEXPREC*, align 8> as it has address taken, results will be incomplete 

Function LogLik_Pois_PH_Multidose_Omnibus_Serial(Eigen::Ref<Eigen::Matrix<double, -1, -1, 0, -1, -1> const, 0, Eigen::OuterStride<-1> > const&, Rcpp::Vector<13, Rcpp::PreserveStorage>, Rcpp::Vector<16, Rcpp::PreserveStorage>, Eigen::Ref<Eigen::Matrix<double, -1, 1, 0, -1, 1>, 0, Eigen::InnerStride<1> >, Eigen::Ref<Eigen::Matrix<double, -1, -1, 0, -1, -1>, 0, Eigen::OuterStride<-1> >, Eigen::Ref<Eigen::Matrix<double, -1, -1, 0, -1, -1> const, 0, Eigen::OuterStride<-1> > const&, Rcpp::Matrix<13, Rcpp::PreserveStorage>, Rcpp::Vector<13, Rcpp::PreserveStorage>, Rcpp::Vector<13, Rcpp::PreserveStorage>, int, std::__1::basic_string<char, std::__1::char_traits<char>, std::__1::allocator<char> >, double, Rcpp::Vector<19, Rcpp::PreserveStorage>, int, int, double, double, double, double, Eigen::Ref<Eigen::Matrix<double, -1, -1, 0, -1, -1> const, 0, Eigen::OuterStride<-1> > const&, int, Rcpp::Vector<13, Rcpp::PreserveStorage>, int, int, Rcpp::Vector<19, Rcpp::PreserveStorage>, double, Rcpp::Vector<13, Rcpp::PreserveStorage>, Eigen::Ref<Eigen::Matrix<double, -1, -1, 0, -1, -1> const, 0, Eigen::OuterStride<-1> > const&, Eigen::Ref<Eigen::Matrix<double, -1, 1, 0, -1, 1> const, 0, Eigen::InnerStride<1> > const&)
  [UP] ignoring variable <unnamed var:   %234 = alloca %struct.SEXPREC*, align 8> as it has address taken, results will be incomplete 
  [UP] ignoring variable <unnamed var:   %359 = alloca %struct.SEXPREC*, align 8> as it has address taken, results will be incomplete 
  [UP] ignoring variable <unnamed var:   %363 = alloca %struct.SEXPREC*, align 8> as it has address taken, results will be incomplete 
  [UP] ignoring variable <unnamed var:   %367 = alloca %struct.SEXPREC*, align 8> as it has address taken, results will be incomplete 
  [UP] ignoring variable <unnamed var:   %371 = alloca %struct.SEXPREC*, align 8> as it has address taken, results will be incomplete 
  [UP] ignoring variable <unnamed var:   %375 = alloca %struct.SEXPREC*, align 8> as it has address taken, results will be incomplete 
  [UP] ignoring variable <unnamed var:   %379 = alloca %struct.SEXPREC*, align 8> as it has address taken, results will be incomplete 
  [UP] ignoring variable <unnamed var:   %386 = alloca %struct.SEXPREC*, align 8> as it has address taken, results will be incomplete 

Function LogLik_Poisson_Omnibus_Log_Bound(Eigen::Ref<Eigen::Matrix<double, -1, -1, 0, -1, -1> const, 0, Eigen::OuterStride<-1> > const&, Eigen::Ref<Eigen::Matrix<double, -1, -1, 0, -1, -1> const, 0, Eigen::OuterStride<-1> > const&, Rcpp::Vector<13, Rcpp::PreserveStorage>, Rcpp::Vector<16, Rcpp::PreserveStorage>, Eigen::Ref<Eigen::Matrix<double, -1, 1, 0, -1, 1>, 0, Eigen::InnerStride<1> >, Eigen::Ref<Eigen::Matrix<double, -1, -1, 0, -1, -1>, 0, Eigen::OuterStride<-1> >, Rcpp::Vector<13, Rcpp::PreserveStorage>, int, std::__1::basic_string<char, std::__1::char_traits<char>, std::__1::allocator<char> >, double, Rcpp::Vector<14, Rcpp::PreserveStorage>, int, int, double, double, double, double, int, Rcpp::Vector<13, Rcpp::PreserveStorage>, int, int, Rcpp::Vector<19, Rcpp::PreserveStorage>, double, Rcpp::Vector<13, Rcpp::PreserveStorage>, Eigen::Ref<Eigen::Matrix<double, -1, -1, 0, -1, -1> const, 0, Eigen::OuterStride<-1> > const&, Eigen::Ref<Eigen::Matrix<double, -1, 1, 0, -1, 1> const, 0, Eigen::InnerStride<1> > const&, double, int, int, double)
  [UP] ignoring variable <unnamed var:   %286 = alloca %struct.SEXPREC*, align 8> as it has address taken, results will be incomplete 
  [UP] ignoring variable <unnamed var:   %290 = alloca %struct.SEXPREC*, align 8> as it has address taken, results will be incomplete 
  [UP] ignoring variable <unnamed var:   %294 = alloca %struct.SEXPREC*, align 8> as it has address taken, results will be incomplete 
  [UP] ignoring variable <unnamed var:   %298 = alloca %struct.SEXPREC*, align 8> as it has address taken, results will be incomplete 
  [UP] ignoring variable <unnamed var:   %302 = alloca %struct.SEXPREC*, align 8> as it has address taken, results will be incomplete 

Function LogLik_Poisson_Omnibus_Log_Bound_CurveSearch(Eigen::Ref<Eigen::Matrix<double, -1, -1, 0, -1, -1> const, 0, Eigen::OuterStride<-1> > const&, Eigen::Ref<Eigen::Matrix<double, -1, -1, 0, -1, -1> const, 0, Eigen::OuterStride<-1> > const&, Rcpp::Vector<13, Rcpp::PreserveStorage>, Rcpp::Vector<16, Rcpp::PreserveStorage>, Eigen::Ref<Eigen::Matrix<double, -1, 1, 0, -1, 1>, 0, Eigen::InnerStride<1> >, Eigen::Ref<Eigen::Matrix<double, -1, -1, 0, -1, -1>, 0, Eigen::OuterStride<-1> >, Rcpp::Vector<13, Rcpp::PreserveStorage>, int, std::__1::basic_string<char, std::__1::char_traits<char>, std::__1::allocator<char> >, double, Rcpp::Vector<19, Rcpp::PreserveStorage>, int, int, double, double, double, double, int, Rcpp::Vector<13, Rcpp::PreserveStorage>, int, int, Rcpp::Vector<19, Rcpp::PreserveStorage>, double, Rcpp::Vector<13, Rcpp::PreserveStorage>, Eigen::Ref<Eigen::Matrix<double, -1, -1, 0, -1, -1> const, 0, Eigen::OuterStride<-1> > const&, Eigen::Ref<Eigen::Matrix<double, -1, 1, 0, -1, 1> const, 0, Eigen::InnerStride<1> > const&, double, int, int, double)
  [UP] ignoring variable <unnamed var:   %363 = alloca %struct.SEXPREC*, align 8> as it has address taken, results will be incomplete 
  [UP] ignoring variable <unnamed var:   %367 = alloca %struct.SEXPREC*, align 8> as it has address taken, results will be incomplete 
  [UP] ignoring variable <unnamed var:   %371 = alloca %struct.SEXPREC*, align 8> as it has address taken, results will be incomplete 
  [UP] ignoring variable <unnamed var:   %375 = alloca %struct.SEXPREC*, align 8> as it has address taken, results will be incomplete 
  [UP] ignoring variable <unnamed var:   %379 = alloca %struct.SEXPREC*, align 8> as it has address taken, results will be incomplete 
  [UP] ignoring variable <unnamed var:   %383 = alloca %struct.SEXPREC*, align 8> as it has address taken, results will be incomplete 
  [UP] ignoring variable <unnamed var:   %387 = alloca %struct.SEXPREC*, align 8> as it has address taken, results will be incomplete 

Function LogLik_Poisson_Omnibus_Log_Bound_Search(Eigen::Ref<Eigen::Matrix<double, -1, -1, 0, -1, -1> const, 0, Eigen::OuterStride<-1> > const&, Eigen::Ref<Eigen::Matrix<double, -1, -1, 0, -1, -1> const, 0, Eigen::OuterStride<-1> > const&, Rcpp::Vector<13, Rcpp::PreserveStorage>, Rcpp::Vector<16, Rcpp::PreserveStorage>, Eigen::Ref<Eigen::Matrix<double, -1, 1, 0, -1, 1>, 0, Eigen::InnerStride<1> >, Eigen::Ref<Eigen::Matrix<double, -1, -1, 0, -1, -1>, 0, Eigen::OuterStride<-1> >, Rcpp::Vector<13, Rcpp::PreserveStorage>, int, std::__1::basic_string<char, std::__1::char_traits<char>, std::__1::allocator<char> >, double, Rcpp::Vector<14, Rcpp::PreserveStorage>, int, int, double, double, double, double, int, Rcpp::Vector<13, Rcpp::PreserveStorage>, int, int, Rcpp::Vector<19, Rcpp::PreserveStorage>, double, Rcpp::Vector<13, Rcpp::PreserveStorage>, Eigen::Ref<Eigen::Matrix<double, -1, -1, 0, -1, -1> const, 0, Eigen::OuterStride<-1> > const&, Eigen::Ref<Eigen::Matrix<double, -1, 1, 0, -1, 1> const, 0, Eigen::InnerStride<1> > const&, double, int, int, double)
  [UP] ignoring variable <unnamed var:   %312 = alloca %struct.SEXPREC*, align 8> as it has address taken, results will be incomplete 
  [UP] ignoring variable <unnamed var:   %316 = alloca %struct.SEXPREC*, align 8> as it has address taken, results will be incomplete 
  [UP] ignoring variable <unnamed var:   %318 = alloca %struct.SEXPREC*, align 8> as it has address taken, results will be incomplete 
  [UP] ignoring variable <unnamed var:   %320 = alloca %struct.SEXPREC*, align 8> as it has address taken, results will be incomplete 
  [UP] ignoring variable <unnamed var:   %322 = alloca %struct.SEXPREC*, align 8> as it has address taken, results will be incomplete 
  [UP] ignoring variable <unnamed var:   %468 = alloca %struct.SEXPREC*, align 8> as it has address taken, results will be incomplete 
  [UP] ignoring variable <unnamed var:   %470 = alloca %struct.SEXPREC*, align 8> as it has address taken, results will be incomplete 
  [UP] ignoring variable <unnamed var:   %472 = alloca %struct.SEXPREC*, align 8> as it has address taken, results will be incomplete 
  [UP] ignoring variable <unnamed var:   %474 = alloca %struct.SEXPREC*, align 8> as it has address taken, results will be incomplete 
  [UP] ignoring variable <unnamed var:   %476 = alloca %struct.SEXPREC*, align 8> as it has address taken, results will be incomplete 
  [UP] ignoring variable <unnamed var:   %529 = alloca %struct.SEXPREC*, align 8> as it has address taken, results will be incomplete 
  [UP] ignoring variable <unnamed var:   %533 = alloca %struct.SEXPREC*, align 8> as it has address taken, results will be incomplete 
  [UP] ignoring variable <unnamed var:   %537 = alloca %struct.SEXPREC*, align 8> as it has address taken, results will be incomplete 
  [UP] ignoring variable <unnamed var:   %541 = alloca %struct.SEXPREC*, align 8> as it has address taken, results will be incomplete 
  [UP] ignoring variable <unnamed var:   %545 = alloca %struct.SEXPREC*, align 8> as it has address taken, results will be incomplete 

Function Plot_Omnibus(Rcpp::Vector<13, Rcpp::PreserveStorage>, Rcpp::Vector<16, Rcpp::PreserveStorage>, Eigen::Ref<Eigen::Matrix<double, -1, 1, 0, -1, 1>, 0, Eigen::InnerStride<1> >, Eigen::Ref<Eigen::Matrix<double, -1, -1, 0, -1, -1> const, 0, Eigen::OuterStride<-1> > const&, Rcpp::Vector<13, Rcpp::PreserveStorage>, int, int, std::__1::basic_string<char, std::__1::char_traits<char>, std::__1::allocator<char> >, double, double, Eigen::Ref<Eigen::Matrix<double, -1, -1, 0, -1, -1> const, 0, Eigen::OuterStride<-1> > const&, Rcpp::Vector<14, Rcpp::PreserveStorage>&, int, Rcpp::Vector<13, Rcpp::PreserveStorage>, int, std::__1::basic_string<char, std::__1::char_traits<char>, std::__1::allocator<char> >, int, Rcpp::Vector<14, Rcpp::PreserveStorage>&, Eigen::Matrix<double, -1, 1, 0, -1, 1> const&, int, Rcpp::Vector<19, Rcpp::PreserveStorage>, bool, bool, bool, bool, double, Rcpp::Vector<13, Rcpp::PreserveStorage> const&)
  [UP] ignoring variable <unnamed var:   %101 = alloca %struct.SEXPREC*, align 8> as it has address taken, results will be incomplete 
  [UP] ignoring variable <unnamed var:   %106 = alloca %struct.SEXPREC*, align 8> as it has address taken, results will be incomplete 
  [UP] ignoring variable <unnamed var:   %113 = alloca %struct.SEXPREC*, align 8> as it has address taken, results will be incomplete 

Function Pois_Full_Run(Eigen::Ref<Eigen::Matrix<double, -1, -1, 0, -1, -1> const, 0, Eigen::OuterStride<-1> > const&, int const&, Rcpp::Vector<16, Rcpp::PreserveStorage> const&, int const&, int const&, Eigen::Matrix<double, -1, -1, 0, -1, -1>&, Eigen::Matrix<double, -1, -1, 0, -1, -1>&, Eigen::Matrix<double, -1, -1, 0, -1, -1>&, Eigen::Matrix<double, -1, 1, 0, -1, 1> const&, Eigen::Matrix<double, -1, 1, 0, -1, 1>, Eigen::Matrix<double, -1, -1, 0, -1, -1>&, Eigen::Matrix<double, -1, -1, 0, -1, -1>&, std::__1::vector<double, std::__1::allocator<double> >&, std::__1::vector<double, std::__1::allocator<double> >&, std::__1::vector<double, std::__1::allocator<double> >&, int const&, Rcpp::Vector<13, Rcpp::PreserveStorage> const&, int, Rcpp::Vector<19, Rcpp::PreserveStorage>&, int, int const&, double&, double&, double, double, Eigen::Ref<Eigen::Matrix<double, -1, -1, 0, -1, -1> const, 0, Eigen::OuterStride<-1> > const&, Eigen::Matrix<double, -1, -1, 0, -1, -1>&, Eigen::Matrix<double, -1, -1, 0, -1, -1>&, Eigen::Matrix<double, -1, -1, 0, -1, -1>&, Eigen::Matrix<double, -1, -1, 0, -1, -1>&, Eigen::Matrix<double, -1, -1, 0, -1, -1>&, Eigen::Matrix<double, -1, -1, 0, -1, -1>&, Eigen::Matrix<double, -1, -1, 0, -1, -1>&, Eigen::Matrix<double, -1, -1, 0, -1, -1>&, Eigen::Matrix<double, -1, -1, 0, -1, -1>&, Eigen::Matrix<double, -1, -1, 0, -1, -1>&, std::__1::basic_string<char, std::__1::char_traits<char>, std::__1::allocator<char> >, double, Rcpp::Vector<13, Rcpp::PreserveStorage> const&, bool&, double, Rcpp::Vector<19, Rcpp::PreserveStorage>, int, Eigen::Ref<Eigen::Matrix<double, -1, -1, 0, -1, -1> const, 0, Eigen::OuterStride<-1> > const&, Eigen::Ref<Eigen::Matrix<double, -1, 1, 0, -1, 1> const, 0, Eigen::InnerStride<1> > const&, Rcpp::Vector<13, Rcpp::PreserveStorage> const&, Rcpp::Vector<13, Rcpp::PreserveStorage> const&, int, double, double)
  [UP] ignoring variable <unnamed var:   %158 = alloca %struct.SEXPREC*, align 8> as it has address taken, results will be incomplete 
  [UP] ignoring variable <unnamed var:   %207 = alloca %struct.SEXPREC*, align 8> as it has address taken, results will be incomplete 
  [UP] ignoring variable <unnamed var:   %211 = alloca %struct.SEXPREC*, align 8> as it has address taken, results will be incomplete 

Function Poisson_Residuals(Eigen::Ref<Eigen::Matrix<double, -1, -1, 0, -1, -1> const, 0, Eigen::OuterStride<-1> > const&, Rcpp::Vector<13, Rcpp::PreserveStorage>, Rcpp::Vector<16, Rcpp::PreserveStorage>, Eigen::Ref<Eigen::Matrix<double, -1, 1, 0, -1, 1>, 0, Eigen::InnerStride<1> >, Eigen::Ref<Eigen::Matrix<double, -1, -1, 0, -1, -1>, 0, Eigen::OuterStride<-1> >, Rcpp::Vector<13, Rcpp::PreserveStorage>, int, std::__1::basic_string<char, std::__1::char_traits<char>, std::__1::allocator<char> >, double, double, int, Rcpp::Vector<13, Rcpp::PreserveStorage>, int, int, Eigen::Ref<Eigen::Matrix<double, -1, -1, 0, -1, -1> const, 0, Eigen::OuterStride<-1> > const&, Rcpp::Vector<19, Rcpp::PreserveStorage>, double, Rcpp::Vector<13, Rcpp::PreserveStorage>, bool, bool)
  [UP] ignoring variable <unnamed var:   %92 = alloca %struct.SEXPREC*, align 8> as it has address taken, results will be incomplete 
  [UP] ignoring variable <unnamed var:   %97 = alloca %struct.SEXPREC*, align 8> as it has address taken, results will be incomplete 

Function Rcpp::Armor<SEXPREC*>::init(SEXPREC*)
  [PB] has possible protection stack imbalance Rcpp/include/Rcpp/protection/Armor.h:47

Function Rcpp::Armor<SEXPREC*>::~Armor()
  [PB] has negative depth Rcpp/include/Rcpp/protection/Armor.h:41
  [UP] attempt to unprotect more items (1) than protected (0), results will be incomplete Rcpp/include/Rcpp/protection/Armor.h:41
  [PB] has possible protection stack imbalance Rcpp/include/Rcpp/protection/Armor.h:42

Function Rcpp::Rcpp_protect(SEXPREC*)
  [PB] has possible protection stack imbalance Rcpp/include/Rcpp/protection/Shield.h:25

Function Rcpp::Rcpp_unprotect(int)
  [PB] has an unsupported form of unprotect with a variable results will be incomplete Rcpp/include/Rcpp/protection/Shield.h:31
  [UP] unsupported form of unprotect, unprotecting all variables, results will be incomplete Rcpp/include/Rcpp/protection/Shield.h:31

Function Rcpp::Vector<19, Rcpp::PreserveStorage>::push_back_name__impl(SEXPREC* const&, std::__1::basic_string<char, std::__1::char_traits<char>, std::__1::allocator<char> > const&, Rcpp::traits::integral_constant<bool, true>)
  [UP] unprotected variable names while calling allocating function Rf_allocVector Rcpp/include/Rcpp/vector/Vector.h:680

Function Rcpp::internal::convert_using_rfunction(SEXPREC*, char const*)
  [UP] ignoring variable <unnamed var:   %10 = alloca %struct.SEXPREC*, align 8> as it has address taken, results will be incomplete 

Function Rcpp::internal::generic_name_proxy<19, Rcpp::PreserveStorage>::set(SEXPREC*)
  [UP] ignoring variable rhs as it has address taken, results will be incomplete 

Function Schoenfeld_Calc(int, int, Eigen::Matrix<double, -1, 1, 0, -1, 1> const&, Eigen::Ref<Eigen::Matrix<double, -1, -1, 0, -1, -1> const, 0, Eigen::OuterStride<-1> > const&, Eigen::Matrix<double, -1, -1, 0, -1, -1> const&, Eigen::Matrix<double, -1, -1, 0, -1, -1>&, Rcpp::Matrix<13, Rcpp::PreserveStorage> const&, std::__1::vector<std::__1::vector<int, std::__1::allocator<int> >, std::__1::allocator<std::__1::vector<int, std::__1::allocator<int> > > > const&, Rcpp::Vector<13, Rcpp::PreserveStorage>&, int, Rcpp::Vector<13, Rcpp::PreserveStorage>, int)
  [UP] ignoring variable <unnamed var:   %76 = alloca %struct.SEXPREC*, align 8> as it has address taken, results will be incomplete 
  [UP] ignoring variable <unnamed var:   %80 = alloca %struct.SEXPREC*, align 8> as it has address taken, results will be incomplete 
  [UP] ignoring variable <unnamed var:   %84 = alloca %struct.SEXPREC*, align 8> as it has address taken, results will be incomplete 

Function _Colossus_Assigned_Event_Poisson_transition
  [UP] ignoring variable <unnamed var:   %48 = alloca %struct.SEXPREC*, align 8> as it has address taken, results will be incomplete 

Function _Colossus_Gen_Fac_Par
  [UP] ignoring variable <unnamed var:   %21 = alloca %struct.SEXPREC*, align 8> as it has address taken, results will be incomplete 

Function _Colossus_OMP_Check
  [UP] ignoring variable <unnamed var:   %9 = alloca %struct.SEXPREC*, align 8> as it has address taken, results will be incomplete 

Function _Colossus_Plot_Omnibus_transition
  [UP] ignoring variable <unnamed var:   %57 = alloca %struct.SEXPREC*, align 8> as it has address taken, results will be incomplete 

Function _Colossus_caco_Omnibus_transition
  [UP] ignoring variable <unnamed var:   %57 = alloca %struct.SEXPREC*, align 8> as it has address taken, results will be incomplete 

Function _Colossus_cox_ph_Omnibus_Bounds_transition
  [UP] ignoring variable <unnamed var:   %60 = alloca %struct.SEXPREC*, align 8> as it has address taken, results will be incomplete 

Function _Colossus_cox_ph_Omnibus_CurveSearch_transition
  [UP] ignoring variable <unnamed var:   %60 = alloca %struct.SEXPREC*, align 8> as it has address taken, results will be incomplete 

Function _Colossus_cox_ph_Omnibus_transition
  [UP] ignoring variable <unnamed var:   %60 = alloca %struct.SEXPREC*, align 8> as it has address taken, results will be incomplete 

Function _Colossus_cox_ph_multidose_Omnibus_transition
  [UP] ignoring variable <unnamed var:   %69 = alloca %struct.SEXPREC*, align 8> as it has address taken, results will be incomplete 

Function _Colossus_logist_Omnibus_transition
  [UP] ignoring variable <unnamed var:   %51 = alloca %struct.SEXPREC*, align 8> as it has address taken, results will be incomplete 

Function _Colossus_pois_Omnibus_Bounds_transition
  [UP] ignoring variable <unnamed var:   %54 = alloca %struct.SEXPREC*, align 8> as it has address taken, results will be incomplete 

Function _Colossus_pois_Omnibus_CurveSearch_transition
  [UP] ignoring variable <unnamed var:   %54 = alloca %struct.SEXPREC*, align 8> as it has address taken, results will be incomplete 

Function _Colossus_pois_Omnibus_transition
  [UP] ignoring variable <unnamed var:   %54 = alloca %struct.SEXPREC*, align 8> as it has address taken, results will be incomplete 

Function _Colossus_pois_Residual_transition
  [UP] ignoring variable <unnamed var:   %48 = alloca %struct.SEXPREC*, align 8> as it has address taken, results will be incomplete 

Function _Colossus_pois_multidose_Omnibus_transition
  [UP] ignoring variable <unnamed var:   %63 = alloca %struct.SEXPREC*, align 8> as it has address taken, results will be incomplete 

Function _Colossus_risk_check_transition
  [UP] ignoring variable <unnamed var:   %42 = alloca %struct.SEXPREC*, align 8> as it has address taken, results will be incomplete 

Function void Rcpp::Vector<19, Rcpp::PreserveStorage>::push_back<SEXPREC*>(SEXPREC* const&, std::__1::basic_string<char, std::__1::char_traits<char>, std::__1::allocator<char> > const&)
  [UP] ignoring variable <unnamed var:   %7 = alloca %struct.SEXPREC*, align 8> as it has address taken, results will be incomplete 
