Package creditr version 0.6.2
Package built using 87687/R 4.5.0; x86_64-pc-linux-gnu; 2025-02-06 01:31:22 UTC; unix   
Checked with rchk version 35618ebbccf3cd0b45a3530e6303970a22a9056b LLVM version 14.0.6
More information at https://github.com/kalibera/cran-checks/blob/master/rchk/PROTECT.md
For rchk in docker image see https://github.com/kalibera/rchk/blob/master/doc/DOCKER.md


Function calcCdsoneSpread
  [UP] unprotected variable types while calling allocating function Rf_coerceVector creditr/src/calcSpread.c:192
  [UP] unprotected variable rates while calling allocating function Rf_coerceVector creditr/src/calcSpread.c:198
  [UP] unprotected variable rates while calling allocating function Rf_coerceVector creditr/src/calcSpread.c:201
  [UP] unprotected variable rates while calling allocating function Rf_coerceVector creditr/src/calcSpread.c:204
  [UP] unprotected variable rates while calling allocating function Rf_coerceVector creditr/src/calcSpread.c:207
  [UP] unprotected variable rates while calling allocating function Rf_coerceVector creditr/src/calcSpread.c:210
  [UP] unprotected variable rates while calling allocating function Rf_coerceVector creditr/src/calcSpread.c:213
  [UP] unprotected variable rates while calling allocating function Rf_asChar creditr/src/calcSpread.c:214
  [UP] unprotected variable rates while calling allocating function JpmcdsStringToDayCountConv creditr/src/calcSpread.c:230
  [UP] unprotected variable rates while calling allocating function JpmcdsStringToDayCountConv creditr/src/calcSpread.c:233
  [UP] unprotected variable rates while calling allocating function JpmcdsStringToDayCountConv creditr/src/calcSpread.c:235
  [UP] unprotected variable rates while calling allocating function JpmcdsStringToDateInterval creditr/src/calcSpread.c:238
  [UP] unprotected variable rates while calling allocating function JpmcdsStringToDateInterval creditr/src/calcSpread.c:240
  [UP] unprotected variable rates while calling allocating function JpmcdsDateIntervalToFreq creditr/src/calcSpread.c:243
  [UP] unprotected variable rates while calling allocating function JpmcdsDateIntervalToFreq creditr/src/calcSpread.c:245
  [UP] unprotected variable rates while calling allocating function Rf_coerceVector creditr/src/calcSpread.c:249
  [UP] unprotected variable expiries while calling allocating function JpmcdsMallocSafe creditr/src/calcSpread.c:251
  [UP] unprotected variable rates while calling allocating function JpmcdsMallocSafe creditr/src/calcSpread.c:251
  [UP] unprotected variable expiries while calling allocating function JpmcdsStringToDateInterval creditr/src/calcSpread.c:257
  [UP] unprotected variable expiries while calling allocating function Rf_asChar creditr/src/calcSpread.c:257
  [UP] unprotected variable rates while calling allocating function JpmcdsStringToDateInterval creditr/src/calcSpread.c:257
  [UP] unprotected variable rates while calling allocating function Rf_asChar creditr/src/calcSpread.c:257
  [UP] unprotected variable expiries while calling allocating function JpmcdsDateFwdThenAdjust creditr/src/calcSpread.c:263
  [UP] unprotected variable rates while calling allocating function JpmcdsDateFwdThenAdjust creditr/src/calcSpread.c:263

Function calcUpfrontTest
  [UP] unprotected variable types while calling allocating function Rf_coerceVector creditr/src/calcUpfront.c:130
  [UP] unprotected variable rates while calling allocating function Rf_coerceVector creditr/src/calcUpfront.c:136
  [UP] unprotected variable rates while calling allocating function Rf_coerceVector creditr/src/calcUpfront.c:139
  [UP] unprotected variable rates while calling allocating function Rf_coerceVector creditr/src/calcUpfront.c:142
  [UP] unprotected variable rates while calling allocating function Rf_coerceVector creditr/src/calcUpfront.c:145
  [UP] unprotected variable rates while calling allocating function Rf_coerceVector creditr/src/calcUpfront.c:148
  [UP] unprotected variable rates while calling allocating function Rf_coerceVector creditr/src/calcUpfront.c:151
  [UP] unprotected variable rates while calling allocating function Rf_coerceVector creditr/src/calcUpfront.c:161
  [UP] unprotected variable rates while calling allocating function Rf_coerceVector creditr/src/calcUpfront.c:164
  [UP] unprotected variable rates while calling allocating function JpmcdsStringToDayCountConv creditr/src/calcUpfront.c:177
  [UP] unprotected variable rates while calling allocating function JpmcdsStringToDayCountConv creditr/src/calcUpfront.c:180
  [UP] unprotected variable rates while calling allocating function JpmcdsStringToDayCountConv creditr/src/calcUpfront.c:182
  [UP] unprotected variable rates while calling allocating function JpmcdsStringToDateInterval creditr/src/calcUpfront.c:185
  [UP] unprotected variable rates while calling allocating function JpmcdsStringToDateInterval creditr/src/calcUpfront.c:187
  [UP] unprotected variable rates while calling allocating function JpmcdsDateIntervalToFreq creditr/src/calcUpfront.c:190
  [UP] unprotected variable rates while calling allocating function JpmcdsDateIntervalToFreq creditr/src/calcUpfront.c:192
  [UP] unprotected variable rates while calling allocating function Rf_coerceVector creditr/src/calcUpfront.c:195
  [UP] unprotected variable expiries while calling allocating function JpmcdsMallocSafe creditr/src/calcUpfront.c:198
  [UP] unprotected variable rates while calling allocating function JpmcdsMallocSafe creditr/src/calcUpfront.c:198
  [UP] unprotected variable expiries while calling allocating function JpmcdsStringToDateInterval creditr/src/calcUpfront.c:203
  [UP] unprotected variable expiries while calling allocating function Rf_asChar creditr/src/calcUpfront.c:203
  [UP] unprotected variable rates while calling allocating function JpmcdsStringToDateInterval creditr/src/calcUpfront.c:203
  [UP] unprotected variable rates while calling allocating function Rf_asChar creditr/src/calcUpfront.c:203
  [UP] unprotected variable expiries while calling allocating function JpmcdsDateFwdThenAdjust creditr/src/calcUpfront.c:210
  [UP] unprotected variable rates while calling allocating function JpmcdsDateFwdThenAdjust creditr/src/calcUpfront.c:210
  [PB] has negative depth creditr/src/calcUpfront.c:279
  [UP] attempt to unprotect more items (1) than protected (0), results will be incomplete creditr/src/calcUpfront.c:279
  [PB] has possible protection stack imbalance creditr/src/calcUpfront.c:281
