Package data.table version 1.12.0
Package built using 76260/R 3.6.0; x86_64-pc-linux-gnu; 2019-03-22 12:20:30 UTC; unix   
Checked with rchk version 6d8483c5be1eff92b9772065e2744ae221981c33
More information at https://github.com/kalibera/cran-checks/blob/master/rchk/PROTECT.md

ERROR: too many states (abstraction error?) in function assign
ERROR: too many states (abstraction error?) in function dogroups
ERROR: too many states (abstraction error?) in function freadMain
ERROR: too many states (abstraction error?) in function assign
ERROR: too many states (abstraction error?) in function dogroups

Function assign
  [UP] protect stack is too deep, unprotecting all variables, results will be incomplete
  [UP] protect stack is too deep, unprotecting all variables, results will be incomplete
  [UP] protect stack is too deep, unprotecting all variables, results will be incomplete
  [UP] protect stack is too deep, unprotecting all variables, results will be incomplete
  [UP] protect stack is too deep, unprotecting all variables, results will be incomplete
  [UP] unprotected variable names while calling allocating function Rf_any_duplicated /var/scratch2/tomas/cran/rchk/pkgbuild/JpOvw4VH/data.table/src/assign.c:390
  [UP] unprotected variable names while calling allocating function Rf_coerceVector /var/scratch2/tomas/cran/rchk/pkgbuild/JpOvw4VH/data.table/src/assign.c:615
  [UP] unprotected variable names while calling allocating function Rf_type2char /var/scratch2/tomas/cran/rchk/pkgbuild/JpOvw4VH/data.table/src/assign.c:617
  [UP] unprotected variable names while calling allocating function Rf_type2char /var/scratch2/tomas/cran/rchk/pkgbuild/JpOvw4VH/data.table/src/assign.c:618
  [UP] unprotected variable names while calling allocating function Rf_warning /var/scratch2/tomas/cran/rchk/pkgbuild/JpOvw4VH/data.table/src/assign.c:637
  [UP] unprotected variable names while calling allocating function memrecycle /var/scratch2/tomas/cran/rchk/pkgbuild/JpOvw4VH/data.table/src/assign.c:645
  [UP] unprotected variable names while calling allocating function Rf_allocVector /var/scratch2/tomas/cran/rchk/pkgbuild/JpOvw4VH/data.table/src/assign.c:647
  [UP] calling allocating function chmatch(V,V,?,?) with argument allocated using Rf_mkString /var/scratch2/tomas/cran/rchk/pkgbuild/JpOvw4VH/data.table/src/assign.c:744
  [UP] unsupported form of unprotect, unprotecting all variables, results will be incomplete /var/scratch2/tomas/cran/rchk/pkgbuild/JpOvw4VH/data.table/src/assign.c:809

Function dogroups
  [UP] protect stack is too deep, unprotecting all variables, results will be incomplete
  [UP] protect stack is too deep, unprotecting all variables, results will be incomplete
  [UP] unprotected variable xknames while calling allocating function R_alloc /var/scratch2/tomas/cran/rchk/pkgbuild/JpOvw4VH/data.table/src/dogroups.c:102
  [UP] unprotected variable xknames while calling allocating function Rf_install /var/scratch2/tomas/cran/rchk/pkgbuild/JpOvw4VH/data.table/src/dogroups.c:106
  [UP] unprotected variable names while calling allocating function Rprintf /var/scratch2/tomas/cran/rchk/pkgbuild/JpOvw4VH/data.table/src/dogroups.c:373
  [UP] unprotected variable names while calling allocating function Rf_allocVector /var/scratch2/tomas/cran/rchk/pkgbuild/JpOvw4VH/data.table/src/dogroups.c:375
  [UP] unsupported form of unprotect, unprotecting all variables, results will be incomplete /var/scratch2/tomas/cran/rchk/pkgbuild/JpOvw4VH/data.table/src/dogroups.c:464

Function measurelist
  [UP] protect stack is too deep, unprotecting all variables, results will be incomplete
  [UP] unsupported form of unprotect, unprotecting all variables, results will be incomplete /var/scratch2/tomas/cran/rchk/pkgbuild/JpOvw4VH/data.table/src/fmelt.c:143

Function preprocess.822
  [PB] has too high protection stack depth results will be incomplete
  [UP] protect stack is too deep, unprotecting all variables, results will be incomplete
  [UP] unprotected variable col_name while calling allocating function Rf_allocVector /var/scratch2/tomas/cran/rchk/pkgbuild/JpOvw4VH/data.table/src/rbindlist.c:526
  [PB] has possible protection stack imbalance /var/scratch2/tomas/cran/rchk/pkgbuild/JpOvw4VH/data.table/src/rbindlist.c:589

Function rbindlist
  [PB] has an unsupported form of unprotect with a variable results will be incomplete /var/scratch2/tomas/cran/rchk/pkgbuild/JpOvw4VH/data.table/src/rbindlist.c:632
  [UP] unsupported form of unprotect, unprotecting all variables, results will be incomplete /var/scratch2/tomas/cran/rchk/pkgbuild/JpOvw4VH/data.table/src/rbindlist.c:632
  [UP] unprotected variable lnames while calling allocating function Rf_allocVector /var/scratch2/tomas/cran/rchk/pkgbuild/JpOvw4VH/data.table/src/rbindlist.c:772
  [PB] has an unsupported form of unprotect with a variable results will be incomplete /var/scratch2/tomas/cran/rchk/pkgbuild/JpOvw4VH/data.table/src/rbindlist.c:780
  [UP] unsupported form of unprotect, unprotecting all variables, results will be incomplete /var/scratch2/tomas/cran/rchk/pkgbuild/JpOvw4VH/data.table/src/rbindlist.c:780

Function shift
  [UP] protect stack is too deep, unprotecting all variables, results will be incomplete
  [UP] unsupported form of unprotect, unprotecting all variables, results will be incomplete /var/scratch2/tomas/cran/rchk/pkgbuild/JpOvw4VH/data.table/src/shift.c:168
Analyzed 229 functions, traversed 12145227 states.
