Package DGP4LCF version 1.0.0
Package built using 86646/R 4.5.0; x86_64-pc-linux-gnu; 2024-05-31 01:49:20 UTC; unix   
Checked with rchk version fdc068715daa3a256062cc20e0d4a5157dacc9a4 LLVM version 14.0.6
More information at https://github.com/kalibera/cran-checks/blob/master/rchk/PROTECT.md
For rchk in docker image see https://github.com/kalibera/rchk/blob/master/doc/DOCKER.md


Function Rcpp::Armor<SEXPREC*>::init(SEXPREC*)
  [PB] has possible protection stack imbalance Rcpp/include/Rcpp/protection/Armor.h:47

Function Rcpp::Armor<SEXPREC*>::~Armor()
  [PB] has negative depth Rcpp/include/Rcpp/protection/Armor.h:41
  [UP] attempt to unprotect more items (1) than protected (0), results will be incomplete Rcpp/include/Rcpp/protection/Armor.h:41
  [PB] has possible protection stack imbalance Rcpp/include/Rcpp/protection/Armor.h:42

Function Rcpp::Rcpp_protect(SEXPREC*)
  [PB] has possible protection stack imbalance Rcpp/include/Rcpp/protection/Shield.h:25

Function Rcpp::Rcpp_unprotect(int)
  [PB] has an unsupported form of unprotect with a variable results will be incomplete Rcpp/include/Rcpp/protection/Shield.h:31
  [UP] unsupported form of unprotect, unprotecting all variables, results will be incomplete Rcpp/include/Rcpp/protection/Shield.h:31

Function Rcpp::Vector<13, Rcpp::PreserveStorage> Rcpp::sample<13>(Rcpp::Vector<13, Rcpp::PreserveStorage> const&, int, bool, Rcpp::Nullable<Rcpp::Vector<14, Rcpp::PreserveStorage> >)
  [UP] ignoring variable <unnamed var:   %14 = alloca %struct.SEXPREC*, align 8> as it has address taken, results will be incomplete 

Function Rcpp::internal::convert_using_rfunction(SEXPREC*, char const*)
  [UP] ignoring variable <unnamed var:   %10 = alloca %struct.SEXPREC*, align 8> as it has address taken, results will be incomplete 

Function _DGP4LCF_gibbs_after_mcem_irregular_time
  [UP] ignoring variable <unnamed var:   %156 = alloca %struct.SEXPREC*, align 8> as it has address taken, results will be incomplete 

Function _DGP4LCF_gibbs_within_mcem_irregular_time
  [UP] ignoring variable <unnamed var:   %132 = alloca %struct.SEXPREC*, align 8> as it has address taken, results will be incomplete 
