Package dina version 2.0.0
Package built using 76260/R 3.6.0; x86_64-pc-linux-gnu; 2019-03-22 13:28:01 UTC; unix   
Checked with rchk version 6d8483c5be1eff92b9772065e2744ae221981c33
More information at https://github.com/kalibera/cran-checks/blob/master/rchk/PROTECT.md


Function Rcpp::Environment_Impl<Rcpp::PreserveStorage>::as_environment(SEXPREC*)
  [UP] calling allocating function Rcpp::Rcpp_fast_eval(SEXPREC*, SEXPREC*) with argument allocated using Rf_lang2(S:as.environment,?) /var/scratch2/tomas/cran/rchk/lib/Rcpp/include/Rcpp/Environment.h:36

Function Rcpp::Environment_Impl<Rcpp::PreserveStorage>::get(std::__1::basic_string<char, std::__1::char_traits<char>, std::__1::allocator<char> > const&) const
  [UP] calling allocating function Rcpp::internal::Rcpp_eval_impl(SEXPREC*, SEXPREC*) with a fresh pointer (res <arg 1>) /var/scratch2/tomas/cran/rchk/lib/Rcpp/include/Rcpp/Environment.h:112

Function Rcpp::Rcpp_protect(SEXPREC*)
  [PB] has possible protection stack imbalance /var/scratch2/tomas/cran/rchk/lib/Rcpp/include/Rcpp/protection/Shield.h:25

Function Rcpp::Rcpp_unprotect(int)
  [PB] has an unsupported form of unprotect with a variable results will be incomplete /var/scratch2/tomas/cran/rchk/lib/Rcpp/include/Rcpp/protection/Shield.h:31
  [UP] unsupported form of unprotect, unprotecting all variables, results will be incomplete /var/scratch2/tomas/cran/rchk/lib/Rcpp/include/Rcpp/protection/Shield.h:31

Function _dina_DINA_Gibbs_cpp
  [UP] ignoring variable <unnamed var:   %24 = alloca %struct.SEXPREC*, align 8> as it has address taken, results will be incomplete 

Function _dina_update_alpha
  [UP] ignoring variable <unnamed var:   %39 = alloca %struct.SEXPREC*, align 8> as it has address taken, results will be incomplete 

Function _dina_update_sg
  [UP] ignoring variable <unnamed var:   %39 = alloca %struct.SEXPREC*, align 8> as it has address taken, results will be incomplete 

Function simcdm::attribute_classes(int)
  [UP] ignoring variable <unnamed var:   %23 = alloca %struct.SEXPREC*, align 8> as it has address taken, results will be incomplete 
Analyzed 817 functions, traversed 4065 states.
