Package earthtide version 0.1.7
Package built using 88872/R 4.6.0; x86_64-pc-linux-gnu; 2025-09-27 04:34:41 UTC; unix   
Checked with rchk version 35618ebbccf3cd0b45a3530e6303970a22a9056b LLVM version 14.0.6
More information at https://github.com/kalibera/cran-checks/blob/master/rchk/PROTECT.md
For rchk in docker image see https://github.com/kalibera/rchk/blob/master/doc/DOCKER.md


Function Rcpp::Rcpp_protect(SEXPREC*)
  [PB] has possible protection stack imbalance Rcpp/include/Rcpp/protection/Shield.h:25

Function Rcpp::Rcpp_unprotect(int)
  [PB] has an unsupported form of unprotect with a variable results will be incomplete Rcpp/include/Rcpp/protection/Shield.h:31
  [UP] unsupported form of unprotect, unprotecting all variables, results will be incomplete Rcpp/include/Rcpp/protection/Shield.h:31

Function _earthtide_astro
  [UP] ignoring variable <unnamed var:   %24 = alloca %struct.SEXPREC*, align 8> as it has address taken, results will be incomplete 

Function _earthtide_astro_der
  [UP] ignoring variable <unnamed var:   %15 = alloca %struct.SEXPREC*, align 8> as it has address taken, results will be incomplete 

Function _earthtide_calc_dc2
  [UP] ignoring variable <unnamed var:   %21 = alloca %struct.SEXPREC*, align 8> as it has address taken, results will be incomplete 

Function _earthtide_calc_dc3
  [UP] ignoring variable <unnamed var:   %15 = alloca %struct.SEXPREC*, align 8> as it has address taken, results will be incomplete 

Function _earthtide_et_analyze_n
  [UP] ignoring variable <unnamed var:   %57 = alloca %struct.SEXPREC*, align 8> as it has address taken, results will be incomplete 

Function _earthtide_et_analyze_one
  [UP] ignoring variable <unnamed var:   %54 = alloca %struct.SEXPREC*, align 8> as it has address taken, results will be incomplete 

Function _earthtide_et_calculate
  [UP] ignoring variable <unnamed var:   %63 = alloca %struct.SEXPREC*, align 8> as it has address taken, results will be incomplete 

Function _earthtide_et_calculate_n
  [UP] ignoring variable <unnamed var:   %69 = alloca %struct.SEXPREC*, align 8> as it has address taken, results will be incomplete 

Function _earthtide_et_predict_n
  [UP] ignoring variable <unnamed var:   %54 = alloca %struct.SEXPREC*, align 8> as it has address taken, results will be incomplete 

Function _earthtide_et_predict_one
  [UP] ignoring variable <unnamed var:   %51 = alloca %struct.SEXPREC*, align 8> as it has address taken, results will be incomplete 

Function _earthtide_factorial
  [UP] ignoring variable <unnamed var:   %12 = alloca %struct.SEXPREC*, align 8> as it has address taken, results will be incomplete 

Function _earthtide_get_catalog_indices
  [UP] ignoring variable <unnamed var:   %15 = alloca %struct.SEXPREC*, align 8> as it has address taken, results will be incomplete 

Function _earthtide_legendre
  [UP] ignoring variable <unnamed var:   %15 = alloca %struct.SEXPREC*, align 8> as it has address taken, results will be incomplete 

Function _earthtide_legendre_cpp
  [UP] ignoring variable <unnamed var:   %18 = alloca %struct.SEXPREC*, align 8> as it has address taken, results will be incomplete 

Function _earthtide_legendre_deriv_cpp
  [UP] ignoring variable <unnamed var:   %18 = alloca %struct.SEXPREC*, align 8> as it has address taken, results will be incomplete 

Function _earthtide_log_factorial
  [UP] ignoring variable <unnamed var:   %12 = alloca %struct.SEXPREC*, align 8> as it has address taken, results will be incomplete 

Function _earthtide_scale_legendre
  [UP] ignoring variable <unnamed var:   %15 = alloca %struct.SEXPREC*, align 8> as it has address taken, results will be incomplete 

Function _earthtide_set_fac
  [UP] ignoring variable <unnamed var:   %39 = alloca %struct.SEXPREC*, align 8> as it has address taken, results will be incomplete 

Function _earthtide_subset_2_eigen
  [UP] ignoring variable <unnamed var:   %12 = alloca %struct.SEXPREC*, align 8> as it has address taken, results will be incomplete 

Function _earthtide_subset_eigen
  [UP] ignoring variable <unnamed var:   %15 = alloca %struct.SEXPREC*, align 8> as it has address taken, results will be incomplete 

Function _earthtide_time_der_mat
  [UP] ignoring variable <unnamed var:   %12 = alloca %struct.SEXPREC*, align 8> as it has address taken, results will be incomplete 

Function _earthtide_time_mat
  [UP] ignoring variable <unnamed var:   %12 = alloca %struct.SEXPREC*, align 8> as it has address taken, results will be incomplete 

Function _earthtide_unique_eigen
  [UP] ignoring variable <unnamed var:   %12 = alloca %struct.SEXPREC*, align 8> as it has address taken, results will be incomplete 
