Package eummd version 0.1.9
Package built using 86625/R 4.5.0; x86_64-pc-linux-gnu; 2024-05-27 09:08:44 UTC; unix   
Checked with rchk version fdc068715daa3a256062cc20e0d4a5157dacc9a4 LLVM version 14.0.6
More information at https://github.com/kalibera/cran-checks/blob/master/rchk/PROTECT.md
For rchk in docker image see https://github.com/kalibera/rchk/blob/master/doc/DOCKER.md


Function Rcpp::Rcpp_protect(SEXPREC*)
  [PB] has possible protection stack imbalance Rcpp/include/Rcpp/protection/Shield.h:25

Function Rcpp::Rcpp_unprotect(int)
  [PB] has an unsupported form of unprotect with a variable results will be incomplete Rcpp/include/Rcpp/protection/Shield.h:31
  [UP] unsupported form of unprotect, unprotecting all variables, results will be incomplete Rcpp/include/Rcpp/protection/Shield.h:31

Function _eummd_energydist_Rcpp
  [UP] ignoring variable <unnamed var:   %27 = alloca %struct.SEXPREC*, align 8> as it has address taken, results will be incomplete 

Function _eummd_energydist_pval_Rcpp
  [UP] ignoring variable <unnamed var:   %39 = alloca %struct.SEXPREC*, align 8> as it has address taken, results will be incomplete 

Function _eummd_eummd_Rcpp
  [UP] ignoring variable <unnamed var:   %18 = alloca %struct.SEXPREC*, align 8> as it has address taken, results will be incomplete 

Function _eummd_eummd_pval_Rcpp
  [UP] ignoring variable <unnamed var:   %30 = alloca %struct.SEXPREC*, align 8> as it has address taken, results will be incomplete 

Function _eummd_fast_median_diff_Rcpp
  [UP] ignoring variable <unnamed var:   %12 = alloca %struct.SEXPREC*, align 8> as it has address taken, results will be incomplete 

Function _eummd_meammd_dist_pval_Rcpp
  [UP] ignoring variable <unnamed var:   %48 = alloca %struct.SEXPREC*, align 8> as it has address taken, results will be incomplete 

Function _eummd_meammd_proj_Rcpp
  [UP] ignoring variable <unnamed var:   %36 = alloca %struct.SEXPREC*, align 8> as it has address taken, results will be incomplete 

Function _eummd_meammd_proj_pval_Rcpp
  [UP] ignoring variable <unnamed var:   %45 = alloca %struct.SEXPREC*, align 8> as it has address taken, results will be incomplete 

Function _eummd_mmd_gau_Rcpp
  [UP] ignoring variable <unnamed var:   %30 = alloca %struct.SEXPREC*, align 8> as it has address taken, results will be incomplete 

Function _eummd_mmd_gau_pval_Rcpp
  [UP] ignoring variable <unnamed var:   %42 = alloca %struct.SEXPREC*, align 8> as it has address taken, results will be incomplete 

Function _eummd_mmd_lap_Rcpp
  [UP] ignoring variable <unnamed var:   %30 = alloca %struct.SEXPREC*, align 8> as it has address taken, results will be incomplete 

Function _eummd_mmd_lap_pval_Rcpp
  [UP] ignoring variable <unnamed var:   %42 = alloca %struct.SEXPREC*, align 8> as it has address taken, results will be incomplete 

Function _eummd_naive_median_diff_Rcpp
  [UP] ignoring variable <unnamed var:   %21 = alloca %struct.SEXPREC*, align 8> as it has address taken, results will be incomplete 
