Package fdaPDE version 1.1-21
Package built using 87576/R 4.5.0; x86_64-pc-linux-gnu; 2025-01-16 23:50:52 UTC; unix   
Checked with rchk version 35618ebbccf3cd0b45a3530e6303970a22a9056b LLVM version 14.0.6
More information at https://github.com/kalibera/cran-checks/blob/master/rchk/PROTECT.md
For rchk in docker image see https://github.com/kalibera/rchk/blob/master/doc/DOCKER.md


Function MeshHandler<1, 1, 2>::MeshHandler(SEXPREC*, int)
  [UP] ignoring variable Rmesh as it has address taken, results will be incomplete 

Function MeshHandler<1, 2, 2>::MeshHandler(SEXPREC*, int)
  [UP] ignoring variable Rmesh as it has address taken, results will be incomplete 

Function MeshHandler<1, 2, 3>::MeshHandler(SEXPREC*, int)
  [UP] ignoring variable Rmesh as it has address taken, results will be incomplete 

Function MeshHandler<1, 3, 3>::MeshHandler(SEXPREC*, int)
  [UP] ignoring variable Rmesh as it has address taken, results will be incomplete 

Function MeshHandler<2, 1, 2>::MeshHandler(SEXPREC*, int)
  [UP] ignoring variable Rmesh as it has address taken, results will be incomplete 

Function MeshHandler<2, 2, 2>::MeshHandler(SEXPREC*, int)
  [UP] ignoring variable Rmesh as it has address taken, results will be incomplete 

Function MeshHandler<2, 2, 3>::MeshHandler(SEXPREC*, int)
  [UP] ignoring variable Rmesh as it has address taken, results will be incomplete 

Function MeshHandler<2, 3, 3>::MeshHandler(SEXPREC*, int)
  [UP] ignoring variable Rmesh as it has address taken, results will be incomplete 

Function RIntMatrixMatrix::RIntMatrixMatrix(SEXPREC*)
  [UP] ignoring variable <unnamed var:   %8 = alloca %struct.SEXPREC*, align 8> as it has address taken, results will be incomplete 
