Package fixest version 0.13.2
Package built using 88872/R 4.6.0; x86_64-pc-linux-gnu; 2025-09-27 05:20:27 UTC; unix   
Checked with rchk version 35618ebbccf3cd0b45a3530e6303970a22a9056b LLVM version 14.0.6
More information at https://github.com/kalibera/cran-checks/blob/master/rchk/PROTECT.md
For rchk in docker image see https://github.com/kalibera/rchk/blob/master/doc/DOCKER.md


Function Rcpp::Rcpp_protect(SEXPREC*)
  [PB] has possible protection stack imbalance Rcpp/include/Rcpp/protection/Shield.h:25

Function Rcpp::Rcpp_unprotect(int)
  [PB] has an unsupported form of unprotect with a variable results will be incomplete Rcpp/include/Rcpp/protection/Shield.h:31
  [UP] unsupported form of unprotect, unprotecting all variables, results will be incomplete Rcpp/include/Rcpp/protection/Shield.h:31

Function Rcpp::Vector<19, Rcpp::PreserveStorage>::push_back_name__impl(SEXPREC* const&, std::__1::basic_string<char, std::__1::char_traits<char>, std::__1::allocator<char> > const&, Rcpp::traits::integral_constant<bool, true>)
  [UP] unprotected variable names while calling allocating function Rf_allocVector Rcpp/include/Rcpp/vector/Vector.h:680

Function Rcpp::internal::generic_name_proxy<19, Rcpp::PreserveStorage>::set(SEXPREC*)
  [UP] ignoring variable rhs as it has address taken, results will be incomplete 

Function _fixest_compute_cluster_coef_r
  [UP] ignoring variable <unnamed var:   %45 = alloca %struct.SEXPREC*, align 8> as it has address taken, results will be incomplete 
  [UP] ignoring variable <unnamed var:   %46 = alloca %struct.SEXPREC*, align 8> as it has address taken, results will be incomplete 

Function _fixest_cpp_add_commas
  [UP] ignoring variable <unnamed var:   %18 = alloca %struct.SEXPREC*, align 8> as it has address taken, results will be incomplete 

Function _fixest_cpp_any_na_null
  [UP] ignoring variable <unnamed var:   %12 = alloca %struct.SEXPREC*, align 8> as it has address taken, results will be incomplete 

Function _fixest_cpp_check_nested
  [UP] ignoring variable <unnamed var:   %21 = alloca %struct.SEXPREC*, align 8> as it has address taken, results will be incomplete 

Function _fixest_cpp_check_only_0
  [UP] ignoring variable <unnamed var:   %15 = alloca %struct.SEXPREC*, align 8> as it has address taken, results will be incomplete 

Function _fixest_cpp_cholesky
  [UP] ignoring variable <unnamed var:   %18 = alloca %struct.SEXPREC*, align 8> as it has address taken, results will be incomplete 

Function _fixest_cpp_colon_to_star
  [UP] ignoring variable <unnamed var:   %12 = alloca %struct.SEXPREC*, align 8> as it has address taken, results will be incomplete 

Function _fixest_cpp_combine_clusters
  [UP] ignoring variable <unnamed var:   %15 = alloca %struct.SEXPREC*, align 8> as it has address taken, results will be incomplete 

Function _fixest_cpp_cond_means
  [UP] ignoring variable <unnamed var:   %18 = alloca %struct.SEXPREC*, align 8> as it has address taken, results will be incomplete 

Function _fixest_cpp_constant_dum
  [UP] ignoring variable <unnamed var:   %21 = alloca %struct.SEXPREC*, align 8> as it has address taken, results will be incomplete 

Function _fixest_cpp_conv_acc_gau_2
  [UP] ignoring variable <unnamed var:   %48 = alloca %struct.SEXPREC*, align 8> as it has address taken, results will be incomplete 

Function _fixest_cpp_conv_acc_gnl
  [UP] ignoring variable <unnamed var:   %51 = alloca %struct.SEXPREC*, align 8> as it has address taken, results will be incomplete 

Function _fixest_cpp_conv_acc_poi_2
  [UP] ignoring variable <unnamed var:   %42 = alloca %struct.SEXPREC*, align 8> as it has address taken, results will be incomplete 

Function _fixest_cpp_conv_seq_gau_2
  [UP] ignoring variable <unnamed var:   %48 = alloca %struct.SEXPREC*, align 8> as it has address taken, results will be incomplete 

Function _fixest_cpp_conv_seq_gnl
  [UP] ignoring variable <unnamed var:   %51 = alloca %struct.SEXPREC*, align 8> as it has address taken, results will be incomplete 

Function _fixest_cpp_conv_seq_poi_2
  [UP] ignoring variable <unnamed var:   %42 = alloca %struct.SEXPREC*, align 8> as it has address taken, results will be incomplete 

Function _fixest_cpp_crossprod
  [UP] ignoring variable <unnamed var:   %18 = alloca %struct.SEXPREC*, align 8> as it has address taken, results will be incomplete 

Function _fixest_cpp_cut
  [UP] ignoring variable <unnamed var:   %18 = alloca %struct.SEXPREC*, align 8> as it has address taken, results will be incomplete 

Function _fixest_cpp_demean
  [UP] ignoring variable <unnamed var:   %60 = alloca %struct.SEXPREC*, align 8> as it has address taken, results will be incomplete 

Function _fixest_cpp_derivconv_acc_2
  [UP] ignoring variable <unnamed var:   %45 = alloca %struct.SEXPREC*, align 8> as it has address taken, results will be incomplete 

Function _fixest_cpp_derivconv_acc_gnl
  [UP] ignoring variable <unnamed var:   %33 = alloca %struct.SEXPREC*, align 8> as it has address taken, results will be incomplete 

Function _fixest_cpp_derivconv_seq_2
  [UP] ignoring variable <unnamed var:   %45 = alloca %struct.SEXPREC*, align 8> as it has address taken, results will be incomplete 

Function _fixest_cpp_derivconv_seq_gnl
  [UP] ignoring variable <unnamed var:   %33 = alloca %struct.SEXPREC*, align 8> as it has address taken, results will be incomplete 

Function _fixest_cpp_diag_XUtX
  [UP] ignoring variable <unnamed var:   %15 = alloca %struct.SEXPREC*, align 8> as it has address taken, results will be incomplete 

Function _fixest_cpp_digamma
  [UP] ignoring variable <unnamed var:   %15 = alloca %struct.SEXPREC*, align 8> as it has address taken, results will be incomplete 

Function _fixest_cpp_driscoll_kraay
  [UP] ignoring variable <unnamed var:   %24 = alloca %struct.SEXPREC*, align 8> as it has address taken, results will be incomplete 

Function _fixest_cpp_dsb
  [UP] ignoring variable <unnamed var:   %12 = alloca %struct.SEXPREC*, align 8> as it has address taken, results will be incomplete 

Function _fixest_cpp_dsb_full_string
  [UP] ignoring variable <unnamed var:   %12 = alloca %struct.SEXPREC*, align 8> as it has address taken, results will be incomplete 

Function _fixest_cpp_dsb_if_extract
  [UP] ignoring variable <unnamed var:   %12 = alloca %struct.SEXPREC*, align 8> as it has address taken, results will be incomplete 

Function _fixest_cpp_escape_markup
  [UP] ignoring variable <unnamed var:   %12 = alloca %struct.SEXPREC*, align 8> as it has address taken, results will be incomplete 

Function _fixest_cpp_exp
  [UP] ignoring variable <unnamed var:   %15 = alloca %struct.SEXPREC*, align 8> as it has address taken, results will be incomplete 

Function _fixest_cpp_factor_matrix
  [UP] ignoring variable <unnamed var:   %24 = alloca %struct.SEXPREC*, align 8> as it has address taken, results will be incomplete 

Function _fixest_cpp_find_duplicates
  [UP] ignoring variable <unnamed var:   %15 = alloca %struct.SEXPREC*, align 8> as it has address taken, results will be incomplete 

Function _fixest_cpp_find_never_always_treated
  [UP] ignoring variable <unnamed var:   %15 = alloca %struct.SEXPREC*, align 8> as it has address taken, results will be incomplete 

Function _fixest_cpp_fixed_cost_gaussian
  [UP] ignoring variable <unnamed var:   %30 = alloca %struct.SEXPREC*, align 8> as it has address taken, results will be incomplete 

Function _fixest_cpp_get_fe_gnl
  [UP] ignoring variable <unnamed var:   %27 = alloca %struct.SEXPREC*, align 8> as it has address taken, results will be incomplete 

Function _fixest_cpp_get_first_item
  [UP] ignoring variable <unnamed var:   %15 = alloca %struct.SEXPREC*, align 8> as it has address taken, results will be incomplete 

Function _fixest_cpp_get_nb_threads
  [UP] ignoring variable <unnamed var:   %9 = alloca %struct.SEXPREC*, align 8> as it has address taken, results will be incomplete 

Function _fixest_cpp_hash_string
  [UP] ignoring variable <unnamed var:   %12 = alloca %struct.SEXPREC*, align 8> as it has address taken, results will be incomplete 

Function _fixest_cpp_index_table_sum
  [UP] ignoring variable <unnamed var:   %33 = alloca %struct.SEXPREC*, align 8> as it has address taken, results will be incomplete 
  [UP] ignoring variable <unnamed var:   %34 = alloca %struct.SEXPREC*, align 8> as it has address taken, results will be incomplete 

Function _fixest_cpp_isConstant
  [UP] ignoring variable <unnamed var:   %12 = alloca %struct.SEXPREC*, align 8> as it has address taken, results will be incomplete 

Function _fixest_cpp_is_int
  [UP] ignoring variable <unnamed var:   %12 = alloca %struct.SEXPREC*, align 8> as it has address taken, results will be incomplete 

Function _fixest_cpp_iv_product_completion
  [UP] ignoring variable <unnamed var:   %30 = alloca %struct.SEXPREC*, align 8> as it has address taken, results will be incomplete 

Function _fixest_cpp_iv_products
  [UP] ignoring variable <unnamed var:   %27 = alloca %struct.SEXPREC*, align 8> as it has address taken, results will be incomplete 

Function _fixest_cpp_iv_resid
  [UP] ignoring variable <unnamed var:   %24 = alloca %struct.SEXPREC*, align 8> as it has address taken, results will be incomplete 

Function _fixest_cpp_lag_obs
  [UP] ignoring variable <unnamed var:   %18 = alloca %struct.SEXPREC*, align 8> as it has address taken, results will be incomplete 

Function _fixest_cpp_lgamma
  [UP] ignoring variable <unnamed var:   %15 = alloca %struct.SEXPREC*, align 8> as it has address taken, results will be incomplete 

Function _fixest_cpp_log
  [UP] ignoring variable <unnamed var:   %15 = alloca %struct.SEXPREC*, align 8> as it has address taken, results will be incomplete 

Function _fixest_cpp_log_a_exp
  [UP] ignoring variable <unnamed var:   %21 = alloca %struct.SEXPREC*, align 8> as it has address taken, results will be incomplete 

Function _fixest_cpp_logit_devresids
  [UP] ignoring variable <unnamed var:   %21 = alloca %struct.SEXPREC*, align 8> as it has address taken, results will be incomplete 

Function _fixest_cpp_logit_linkfun
  [UP] ignoring variable <unnamed var:   %15 = alloca %struct.SEXPREC*, align 8> as it has address taken, results will be incomplete 

Function _fixest_cpp_logit_linkinv
  [UP] ignoring variable <unnamed var:   %15 = alloca %struct.SEXPREC*, align 8> as it has address taken, results will be incomplete 

Function _fixest_cpp_logit_mueta
  [UP] ignoring variable <unnamed var:   %15 = alloca %struct.SEXPREC*, align 8> as it has address taken, results will be incomplete 

Function _fixest_cpp_mat_reconstruct
  [UP] ignoring variable <unnamed var:   %15 = alloca %struct.SEXPREC*, align 8> as it has address taken, results will be incomplete 

Function _fixest_cpp_matprod
  [UP] ignoring variable <unnamed var:   %18 = alloca %struct.SEXPREC*, align 8> as it has address taken, results will be incomplete 

Function _fixest_cpp_newey_west
  [UP] ignoring variable <unnamed var:   %18 = alloca %struct.SEXPREC*, align 8> as it has address taken, results will be incomplete 

Function _fixest_cpp_newey_west_panel
  [UP] ignoring variable <unnamed var:   %30 = alloca %struct.SEXPREC*, align 8> as it has address taken, results will be incomplete 

Function _fixest_cpp_partialDerivative_other
  [UP] ignoring variable <unnamed var:   %36 = alloca %struct.SEXPREC*, align 8> as it has address taken, results will be incomplete 

Function _fixest_cpp_paste_conditional
  [UP] ignoring variable <unnamed var:   %18 = alloca %struct.SEXPREC*, align 8> as it has address taken, results will be incomplete 

Function _fixest_cpp_pgcd
  [UP] ignoring variable <unnamed var:   %12 = alloca %struct.SEXPREC*, align 8> as it has address taken, results will be incomplete 

Function _fixest_cpp_poisson_linkinv
  [UP] ignoring variable <unnamed var:   %15 = alloca %struct.SEXPREC*, align 8> as it has address taken, results will be incomplete 

Function _fixest_cpp_poisson_validmu
  [UP] ignoring variable <unnamed var:   %15 = alloca %struct.SEXPREC*, align 8> as it has address taken, results will be incomplete 

Function _fixest_cpp_sparse_products
  [UP] ignoring variable <unnamed var:   %24 = alloca %struct.SEXPREC*, align 8> as it has address taken, results will be incomplete 

Function _fixest_cpp_ssq
  [UP] ignoring variable <unnamed var:   %15 = alloca %struct.SEXPREC*, align 8> as it has address taken, results will be incomplete 

Function _fixest_cpp_ssr_null
  [UP] ignoring variable <unnamed var:   %15 = alloca %struct.SEXPREC*, align 8> as it has address taken, results will be incomplete 

Function _fixest_cpp_table
  [UP] ignoring variable <unnamed var:   %15 = alloca %struct.SEXPREC*, align 8> as it has address taken, results will be incomplete 

Function _fixest_cpp_tapply_sum
  [UP] ignoring variable <unnamed var:   %18 = alloca %struct.SEXPREC*, align 8> as it has address taken, results will be incomplete 

Function _fixest_cpp_tapply_vsum
  [UP] ignoring variable <unnamed var:   %18 = alloca %struct.SEXPREC*, align 8> as it has address taken, results will be incomplete 

Function _fixest_cpp_to_index
  [UP] ignoring variable <unnamed var:   %12 = alloca %struct.SEXPREC*, align 8> as it has address taken, results will be incomplete 
  [UP] ignoring variable <unnamed var:   %13 = alloca %struct.SEXPREC*, align 8> as it has address taken, results will be incomplete 

Function _fixest_cpp_trigamma
  [UP] ignoring variable <unnamed var:   %15 = alloca %struct.SEXPREC*, align 8> as it has address taken, results will be incomplete 

Function _fixest_cpp_vcov_conley
  [UP] ignoring variable <unnamed var:   %27 = alloca %struct.SEXPREC*, align 8> as it has address taken, results will be incomplete 

Function _fixest_cpp_which_na_inf
  [UP] ignoring variable <unnamed var:   %15 = alloca %struct.SEXPREC*, align 8> as it has address taken, results will be incomplete 

Function _fixest_cpp_which_na_inf_df
  [UP] ignoring variable <unnamed var:   %15 = alloca %struct.SEXPREC*, align 8> as it has address taken, results will be incomplete 

Function _fixest_cpp_which_na_inf_mat
  [UP] ignoring variable <unnamed var:   %15 = alloca %struct.SEXPREC*, align 8> as it has address taken, results will be incomplete 

Function _fixest_cpp_which_na_inf_vec
  [UP] ignoring variable <unnamed var:   %15 = alloca %struct.SEXPREC*, align 8> as it has address taken, results will be incomplete 

Function _fixest_cpp_xbeta
  [UP] ignoring variable <unnamed var:   %18 = alloca %struct.SEXPREC*, align 8> as it has address taken, results will be incomplete 

Function _fixest_cpp_xwy
  [UP] ignoring variable <unnamed var:   %21 = alloca %struct.SEXPREC*, align 8> as it has address taken, results will be incomplete 

Function _fixest_get_n_cells
  [UP] ignoring variable <unnamed var:   %15 = alloca %struct.SEXPREC*, align 8> as it has address taken, results will be incomplete 

Function _fixest_update_deriv_single
  [UP] ignoring variable <unnamed var:   %24 = alloca %struct.SEXPREC*, align 8> as it has address taken, results will be incomplete 

Function _fixest_update_mu_single_cluster
  [UP] ignoring variable <unnamed var:   %45 = alloca %struct.SEXPREC*, align 8> as it has address taken, results will be incomplete 
  [UP] ignoring variable <unnamed var:   %46 = alloca %struct.SEXPREC*, align 8> as it has address taken, results will be incomplete 

Function cpp_conv_acc_gau_2(int, int, int, SEXPREC*, SEXPREC*, SEXPREC*, SEXPREC*, SEXPREC*, SEXPREC*, SEXPREC*, int, double, SEXPREC*)
  [UP] unprotected variable mu while calling allocating function Rcpp::Vector<19, Rcpp::PreserveStorage>::Vector() fixest/src/convergence.cpp:1944
  [UP] calling allocating function Rcpp::internal::generic_name_proxy<19, Rcpp::PreserveStorage>::operator=(SEXPREC*)(?,V) with a fresh pointer (mu <arg 2>) fixest/src/convergence.cpp:1945

Function cpp_conv_acc_gnl(int, int, double, double, double, SEXPREC*, SEXPREC*, SEXPREC*, SEXPREC*, SEXPREC*, SEXPREC*, SEXPREC*, SEXPREC*, int)
  [UP] unprotected variable mu while calling allocating function Rcpp::Vector<19, Rcpp::PreserveStorage>::Vector() fixest/src/convergence.cpp:993
  [UP] calling allocating function Rcpp::internal::generic_name_proxy<19, Rcpp::PreserveStorage>::operator=(SEXPREC*)(?,V) with a fresh pointer (mu <arg 2>) fixest/src/convergence.cpp:994

Function cpp_conv_acc_poi_2(int, int, int, SEXPREC*, SEXPREC*, SEXPREC*, SEXPREC*, int, double, SEXPREC*, SEXPREC*)
  [UP] unprotected variable exp_mu while calling allocating function Rcpp::Vector<19, Rcpp::PreserveStorage>::Vector() fixest/src/convergence.cpp:1430
  [UP] calling allocating function Rcpp::internal::generic_name_proxy<19, Rcpp::PreserveStorage>::operator=(SEXPREC*)(?,V) with a fresh pointer (exp_mu <arg 2>) fixest/src/convergence.cpp:1431

Function cpp_conv_seq_gau_2(int, int, int, SEXPREC*, SEXPREC*, SEXPREC*, SEXPREC*, SEXPREC*, SEXPREC*, SEXPREC*, int, double, SEXPREC*)
  [UP] unprotected variable mu while calling allocating function Rcpp::Vector<19, Rcpp::PreserveStorage>::Vector() fixest/src/convergence.cpp:2104
  [UP] calling allocating function Rcpp::internal::generic_name_proxy<19, Rcpp::PreserveStorage>::operator=(SEXPREC*)(?,V) with a fresh pointer (mu <arg 2>) fixest/src/convergence.cpp:2105

Function cpp_conv_seq_gnl(int, int, double, double, double, SEXPREC*, SEXPREC*, SEXPREC*, SEXPREC*, SEXPREC*, SEXPREC*, SEXPREC*, SEXPREC*, int)
  [UP] unprotected variable mu while calling allocating function Rcpp::Vector<19, Rcpp::PreserveStorage>::Vector() fixest/src/convergence.cpp:1177
  [UP] calling allocating function Rcpp::internal::generic_name_proxy<19, Rcpp::PreserveStorage>::operator=(SEXPREC*)(?,V) with a fresh pointer (mu <arg 2>) fixest/src/convergence.cpp:1178

Function cpp_conv_seq_poi_2(int, int, int, SEXPREC*, SEXPREC*, SEXPREC*, SEXPREC*, int, double, SEXPREC*, SEXPREC*)
  [UP] unprotected variable exp_mu while calling allocating function Rcpp::Vector<19, Rcpp::PreserveStorage>::Vector() fixest/src/convergence.cpp:1572
  [UP] calling allocating function Rcpp::internal::generic_name_proxy<19, Rcpp::PreserveStorage>::operator=(SEXPREC*)(?,V) with a fresh pointer (exp_mu <arg 2>) fixest/src/convergence.cpp:1573

Function cpp_index_table_sum(SEXPREC*, SEXPREC*, bool, bool, bool, bool, Rcpp::Vector<13, Rcpp::PreserveStorage>, int)
  [PB] has too high protection stack depth results will be incomplete
  [UP] protect stack is too deep, unprotecting all variables, results will be incomplete
  [PB] has an unsupported form of unprotect with a variable results will be incomplete fixest/src/index_fixed_effects.cpp:239
  [UP] unsupported form of unprotect, unprotecting all variables, results will be incomplete fixest/src/index_fixed_effects.cpp:239
  [PB] has negative depth fixest/src/index_fixed_effects.cpp:263
  [UP] attempt to unprotect more items (1) than protected (0), results will be incomplete fixest/src/index_fixed_effects.cpp:263
  [PB] has an unsupported form of unprotect with a variable results will be incomplete fixest/src/index_fixed_effects.cpp:338
  [UP] unsupported form of unprotect, unprotecting all variables, results will be incomplete fixest/src/index_fixed_effects.cpp:338
  [PB] has possible protection stack imbalance fixest/src/index_fixed_effects.cpp:342

Function cpp_to_index(SEXPREC*&)
  [UP] unprotected variable first_obs while calling allocating function indexthis::to_r_vector(std::__1::vector<int, std::__1::allocator<int> > const&) fixest/src/to_index.cpp:1121
  [UP] unprotected variable first_obs while calling allocating function Rf_allocVector fixest/src/to_index.cpp:1124
  [UP] unprotected variable table while calling allocating function Rf_allocVector fixest/src/to_index.cpp:1124
  [PB] has negative depth fixest/src/to_index.cpp:1137
  [UP] attempt to unprotect more items (2) than protected (0), results will be incomplete fixest/src/to_index.cpp:1137
  [PB] has possible protection stack imbalance fixest/src/to_index.cpp:1143

Function indexthis::IndexInputVector::initialize(SEXPREC* const&)
  [PB] has possible protection stack imbalance fixest/src/to_index.cpp:169

Function indexthis::SEXP_to_vec_r_vector(SEXPREC* const&)
  [UP] ignoring variable <unnamed var:   %12 = alloca %struct.SEXPREC*, align 8> as it has address taken, results will be incomplete 

Function void Rcpp::Vector<19, Rcpp::PreserveStorage>::push_back<Rcpp::Vector<19, Rcpp::PreserveStorage> >(Rcpp::Vector<19, Rcpp::PreserveStorage> const&)
  [UP] ignoring variable <unnamed var:   %5 = alloca %struct.SEXPREC*, align 8> as it has address taken, results will be incomplete 

Function void Rcpp::Vector<19, Rcpp::PreserveStorage>::push_back<SEXPREC*>(SEXPREC* const&, std::__1::basic_string<char, std::__1::char_traits<char>, std::__1::allocator<char> > const&)
  [UP] ignoring variable <unnamed var:   %7 = alloca %struct.SEXPREC*, align 8> as it has address taken, results will be incomplete 

Function void Rcpp::Vector<19, Rcpp::PreserveStorage>::push_back<bool>(bool const&)
  [UP] ignoring variable <unnamed var:   %5 = alloca %struct.SEXPREC*, align 8> as it has address taken, results will be incomplete 

Function void Rcpp::Vector<19, Rcpp::PreserveStorage>::push_back<std::__1::basic_string<char, std::__1::char_traits<char>, std::__1::allocator<char> > >(std::__1::basic_string<char, std::__1::char_traits<char>, std::__1::allocator<char> > const&)
  [UP] ignoring variable <unnamed var:   %5 = alloca %struct.SEXPREC*, align 8> as it has address taken, results will be incomplete 

Function void Rcpp::Vector<19, Rcpp::PreserveStorage>::push_back<std::__1::vector<std::__1::basic_string<char, std::__1::char_traits<char>, std::__1::allocator<char> >, std::__1::allocator<std::__1::basic_string<char, std::__1::char_traits<char>, std::__1::allocator<char> > > > >(std::__1::vector<std::__1::basic_string<char, std::__1::char_traits<char>, std::__1::allocator<char> >, std::__1::allocator<std::__1::basic_string<char, std::__1::char_traits<char>, std::__1::allocator<char> > > > const&)
  [UP] ignoring variable <unnamed var:   %5 = alloca %struct.SEXPREC*, align 8> as it has address taken, results will be incomplete 
