Package GLMcat version 0.2.7
Package built using 87687/R 4.5.0; x86_64-pc-linux-gnu; 2025-02-06 00:31:55 UTC; unix   
Checked with rchk version 35618ebbccf3cd0b45a3530e6303970a22a9056b LLVM version 14.0.6
More information at https://github.com/kalibera/cran-checks/blob/master/rchk/PROTECT.md
For rchk in docker image see https://github.com/kalibera/rchk/blob/master/doc/DOCKER.md


Function Cat_ref1(Rcpp::Vector<16, Rcpp::PreserveStorage>, Rcpp::RObject_Impl<Rcpp::PreserveStorage>)
  [UP] ignoring variable <unnamed var:   %43 = alloca %struct.SEXPREC*, align 8> as it has address taken, results will be incomplete 

Function Extend_Response(Rcpp::DataFrame_Impl<Rcpp::PreserveStorage>)
  [UP] calling allocating function Rcpp::DataFrame_Impl<Rcpp::PreserveStorage>::DataFrame_Impl(SEXPREC*) with argument allocated using SEXPREC* Rcpp::Function_Impl<Rcpp::PreserveStorage>::operator()<Rcpp::Vector<14, Rcpp::PreserveStorage>, Rcpp::traits::named_object<int> >(Rcpp::Vector<14, Rcpp::PreserveStorage> const&, Rcpp::traits::named_object<int> const&) const GLMcat/src/cdf.cpp:1068

Function Model_Matrix(Rcpp::DataFrame_Impl<Rcpp::PreserveStorage>, Rcpp::Formula_Impl<Rcpp::PreserveStorage>)
  [UP] calling allocating function Rcpp::DataFrame_Impl<Rcpp::PreserveStorage>::DataFrame_Impl(SEXPREC*) with argument allocated using SEXPREC* Rcpp::Function_Impl<Rcpp::PreserveStorage>::operator()<Rcpp::traits::named_object<Rcpp::Formula_Impl<Rcpp::PreserveStorage> >, Rcpp::traits::named_object<Rcpp::DataFrame_Impl<Rcpp::PreserveStorage> > >(Rcpp::traits::named_object<Rcpp::Formula_Impl<Rcpp::PreserveStorage> > const&, Rcpp::traits::named_object<Rcpp::DataFrame_Impl<Rcpp::PreserveStorage> > const&) const GLMcat/src/cdf.cpp:807

Function Model_Matrix_or(Rcpp::DataFrame_Impl<Rcpp::PreserveStorage>, Rcpp::Formula_Impl<Rcpp::PreserveStorage>)
  [UP] ignoring variable Response as it has address taken, results will be incomplete 
  [UP] calling allocating function Rcpp::DataFrame_Impl<Rcpp::PreserveStorage>::DataFrame_Impl(SEXPREC*) with argument allocated using SEXPREC* Rcpp::Function_Impl<Rcpp::PreserveStorage>::operator()<Rcpp::traits::named_object<Rcpp::Formula_Impl<Rcpp::PreserveStorage> >, Rcpp::traits::named_object<Rcpp::DataFrame_Impl<Rcpp::PreserveStorage> > >(Rcpp::traits::named_object<Rcpp::Formula_Impl<Rcpp::PreserveStorage> > const&, Rcpp::traits::named_object<Rcpp::DataFrame_Impl<Rcpp::PreserveStorage> > const&) const GLMcat/src/cdf.cpp:84

Function Model_Matrix_or_pre(Rcpp::DataFrame_Impl<Rcpp::PreserveStorage>, Rcpp::Formula_Impl<Rcpp::PreserveStorage>)
  [UP] ignoring variable Response as it has address taken, results will be incomplete 
  [UP] calling allocating function Rcpp::Formula_Impl<Rcpp::PreserveStorage>::Formula_Impl(SEXPREC*) with argument allocated using SEXPREC* Rcpp::Function_Impl<Rcpp::PreserveStorage>::operator()<SEXPREC*>(SEXPREC* const&) const GLMcat/src/cdf.cpp:142
  [UP] calling allocating function Rcpp::DataFrame_Impl<Rcpp::PreserveStorage>::DataFrame_Impl(SEXPREC*) with argument allocated using SEXPREC* Rcpp::Function_Impl<Rcpp::PreserveStorage>::operator()<Rcpp::traits::named_object<Rcpp::Formula_Impl<Rcpp::PreserveStorage> >, Rcpp::traits::named_object<Rcpp::DataFrame_Impl<Rcpp::PreserveStorage> > >(Rcpp::traits::named_object<Rcpp::Formula_Impl<Rcpp::PreserveStorage> > const&, Rcpp::traits::named_object<Rcpp::DataFrame_Impl<Rcpp::PreserveStorage> > const&) const GLMcat/src/cdf.cpp:144

Function Rcpp::Armor<SEXPREC*>::init(SEXPREC*)
  [PB] has possible protection stack imbalance Rcpp/include/Rcpp/protection/Armor.h:47

Function Rcpp::Armor<SEXPREC*>::~Armor()
  [PB] has negative depth Rcpp/include/Rcpp/protection/Armor.h:41
  [UP] attempt to unprotect more items (1) than protected (0), results will be incomplete Rcpp/include/Rcpp/protection/Armor.h:41
  [PB] has possible protection stack imbalance Rcpp/include/Rcpp/protection/Armor.h:42

Function Rcpp::Rcpp_protect(SEXPREC*)
  [PB] has possible protection stack imbalance Rcpp/include/Rcpp/protection/Shield.h:25

Function Rcpp::Rcpp_unprotect(int)
  [PB] has an unsupported form of unprotect with a variable results will be incomplete Rcpp/include/Rcpp/protection/Shield.h:31
  [UP] unsupported form of unprotect, unprotecting all variables, results will be incomplete Rcpp/include/Rcpp/protection/Shield.h:31

Function Rcpp::Vector<14, Rcpp::PreserveStorage>::push_back_name__impl(double const&, std::__1::basic_string<char, std::__1::char_traits<char>, std::__1::allocator<char> > const&, Rcpp::traits::integral_constant<bool, false>)
  [UP] unprotected variable names while calling allocating function Rf_allocVector Rcpp/include/Rcpp/vector/Vector.h:708

Function Rcpp::internal::convert_using_rfunction(SEXPREC*, char const*)
  [UP] ignoring variable <unnamed var:   %10 = alloca %struct.SEXPREC*, align 8> as it has address taken, results will be incomplete 

Function Sort_DataFrame(Rcpp::DataFrame_Impl<Rcpp::PreserveStorage>, Rcpp::DataFrame_Impl<Rcpp::PreserveStorage>, Rcpp::Vector<16, Rcpp::PreserveStorage>, Rcpp::String, Rcpp::Vector<16, Rcpp::PreserveStorage>, Rcpp::String)
  [UP] calling allocating function Rcpp::DataFrame_Impl<Rcpp::PreserveStorage>::DataFrame_Impl(SEXPREC*) with argument allocated using SEXPREC* Rcpp::Function_Impl<Rcpp::PreserveStorage>::operator()<Rcpp::traits::named_object<Rcpp::internal::generic_name_proxy<19, Rcpp::PreserveStorage> >, Rcpp::traits::named_object<Rcpp::Vector<16, Rcpp::PreserveStorage> >, Rcpp::traits::named_object<Rcpp::internal::generic_name_proxy<19, Rcpp::PreserveStorage> >, Rcpp::traits::named_object<SEXPREC*>, Rcpp::DataFrame_Impl<Rcpp::PreserveStorage> >(Rcpp::traits::named_object<Rcpp::internal::generic_name_proxy<19, Rcpp::PreserveStorage> > const&, Rcpp::traits::named_object<Rcpp::Vector<16, Rcpp::PreserveStorage> > const&, Rcpp::traits::named_object<Rcpp::internal::generic_name_proxy<19, Rcpp::PreserveStorage> > const&, Rcpp::traits::named_object<SEXPREC*> const&, Rcpp::DataFrame_Impl<Rcpp::PreserveStorage> const&) const GLMcat/src/cdf.cpp:760

Function _GLMcat_Discrete_CM
  [UP] ignoring variable <unnamed var:   %39 = alloca %struct.SEXPREC*, align 8> as it has address taken, results will be incomplete 

Function _GLMcat_GLMcat
  [UP] ignoring variable <unnamed var:   %39 = alloca %struct.SEXPREC*, align 8> as it has address taken, results will be incomplete 

Function _GLMcat_Model_Matrix_or
  [UP] ignoring variable <unnamed var:   %15 = alloca %struct.SEXPREC*, align 8> as it has address taken, results will be incomplete 

Function _GLMcat_predict_glmcat
  [UP] ignoring variable <unnamed var:   %18 = alloca %struct.SEXPREC*, align 8> as it has address taken, results will be incomplete 

Function cdf::All_pre_data_or(Rcpp::Formula_Impl<Rcpp::PreserveStorage>, Rcpp::DataFrame_Impl<Rcpp::PreserveStorage>, Rcpp::Vector<16, Rcpp::PreserveStorage>, Rcpp::Vector<16, Rcpp::PreserveStorage>, std::__1::basic_string<char, std::__1::char_traits<char>, std::__1::allocator<char> >, std::__1::basic_string<char, std::__1::char_traits<char>, std::__1::allocator<char> >)
  [UP] ignoring variable <unnamed var:   %117 = alloca %struct.SEXPREC*, align 8> as it has address taken, results will be incomplete 
  [UP] ignoring variable <unnamed var:   %118 = alloca %struct.SEXPREC*, align 8> as it has address taken, results will be incomplete 
  [UP] ignoring variable <unnamed var:   %41 = alloca %struct.SEXPREC*, align 8> as it has address taken, results will be incomplete 

Function formula_entry(Rcpp::Formula_Impl<Rcpp::PreserveStorage>)
  [UP] ignoring variable <unnamed var:   %74 = alloca %struct.SEXPREC*, align 8> as it has address taken, results will be incomplete 
  [UP] ignoring variable <unnamed var:   %76 = alloca %struct.SEXPREC*, align 8> as it has address taken, results will be incomplete 
  [UP] ignoring variable <unnamed var:   %82 = alloca %struct.SEXPREC*, align 8> as it has address taken, results will be incomplete 
  [UP] ignoring variable <unnamed var:   %84 = alloca %struct.SEXPREC*, align 8> as it has address taken, results will be incomplete 
  [UP] ignoring variable <unnamed var:   %90 = alloca %struct.SEXPREC*, align 8> as it has address taken, results will be incomplete 
  [UP] ignoring variable <unnamed var:   %91 = alloca %struct.SEXPREC*, align 8> as it has address taken, results will be incomplete 
  [UP] ignoring variable <unnamed var:   %93 = alloca %struct.SEXPREC*, align 8> as it has address taken, results will be incomplete 
  [UP] calling allocating function Rcpp::Formula_Impl<Rcpp::PreserveStorage>::Formula_Impl(SEXPREC*) with argument allocated using SEXPREC* Rcpp::Function_Impl<Rcpp::PreserveStorage>::operator()<Rcpp::Vector<16, Rcpp::PreserveStorage> >(Rcpp::Vector<16, Rcpp::PreserveStorage> const&) const GLMcat/src/cdf.cpp:655

Function my_AsNumericMatrix(Rcpp::DataFrame_Impl<Rcpp::PreserveStorage>)
  [UP] ignoring variable <unnamed var:   %20 = alloca %struct.SEXPREC*, align 8> as it has address taken, results will be incomplete 

Function my_transpose(Rcpp::DataFrame_Impl<Rcpp::PreserveStorage>)
  [UP] calling allocating function Rcpp::DataFrame_Impl<Rcpp::PreserveStorage>::DataFrame_Impl(SEXPREC*) with argument allocated using SEXPREC* Rcpp::Function_Impl<Rcpp::PreserveStorage>::operator()<Rcpp::DataFrame_Impl<Rcpp::PreserveStorage> >(Rcpp::DataFrame_Impl<Rcpp::PreserveStorage> const&) const GLMcat/src/cdf.cpp:46

Function void Rcpp::Vector<16, Rcpp::PreserveStorage>::push_back<Rcpp::String>(Rcpp::String const&)
  [UP] ignoring variable <unnamed var:   %5 = alloca %struct.SEXPREC*, align 8> as it has address taken, results will be incomplete 

Function void Rcpp::Vector<16, Rcpp::PreserveStorage>::push_back<Rcpp::internal::string_proxy<16, Rcpp::PreserveStorage> >(Rcpp::internal::string_proxy<16, Rcpp::PreserveStorage> const&)
  [UP] ignoring variable <unnamed var:   %5 = alloca %struct.SEXPREC*, align 8> as it has address taken, results will be incomplete 

Function void Rcpp::Vector<16, Rcpp::PreserveStorage>::push_front<char [2]>(char const (&) [2])
  [UP] ignoring variable <unnamed var:   %5 = alloca %struct.SEXPREC*, align 8> as it has address taken, results will be incomplete 
