Package glmmLasso version 1.6.1
Package built using 82503/R 4.3.0; x86_64-pc-linux-gnu; 2022-06-21 08:29:09 UTC; unix   
Checked with rchk version 29e18222e1cfa67ba8e63bd3b22a25f78593c554 LLVM version 14.0.0
More information at https://github.com/kalibera/cran-checks/blob/master/rchk/PROTECT.md
For rchk in docker image see https://github.com/kalibera/rchk/blob/master/doc/DOCKER.md


Function Rcpp::Rcpp_protect(SEXPREC*)
  [PB] has possible protection stack imbalance Rcpp/include/Rcpp/protection/Shield.h:25

Function Rcpp::Rcpp_unprotect(int)
  [PB] has an unsupported form of unprotect with a variable results will be incomplete Rcpp/include/Rcpp/protection/Shield.h:31
  [UP] unsupported form of unprotect, unprotecting all variables, results will be incomplete Rcpp/include/Rcpp/protection/Shield.h:31

Function Rcpp::S4_Impl<Rcpp::PreserveStorage>::S4_Impl(std::__1::basic_string<char, std::__1::char_traits<char>, std::__1::allocator<char> > const&)
  [UP] calling allocating function R_do_new_object with argument allocated using R_do_MAKE_CLASS Rcpp/include/Rcpp/S4.h:58

Function _glmmLasso_RcppEigenDiagSp
  [UP] ignoring variable <unnamed var:   %12 = alloca %struct.SEXPREC*, align 8> as it has address taken, results will be incomplete 
  [UP] ignoring variable <unnamed var:   %13 = alloca %struct.SEXPREC*, align 8> as it has address taken, results will be incomplete 

Function _glmmLasso_RcppEigenInvMa
  [UP] ignoring variable <unnamed var:   %12 = alloca %struct.SEXPREC*, align 8> as it has address taken, results will be incomplete 
  [UP] ignoring variable <unnamed var:   %13 = alloca %struct.SEXPREC*, align 8> as it has address taken, results will be incomplete 

Function _glmmLasso_RcppEigenProd1
  [UP] ignoring variable <unnamed var:   %24 = alloca %struct.SEXPREC*, align 8> as it has address taken, results will be incomplete 
  [UP] ignoring variable <unnamed var:   %25 = alloca %struct.SEXPREC*, align 8> as it has address taken, results will be incomplete 

Function _glmmLasso_RcppEigenProd2
  [UP] ignoring variable <unnamed var:   %15 = alloca %struct.SEXPREC*, align 8> as it has address taken, results will be incomplete 
  [UP] ignoring variable <unnamed var:   %16 = alloca %struct.SEXPREC*, align 8> as it has address taken, results will be incomplete 

Function _glmmLasso_RcppEigenProd3
  [UP] ignoring variable <unnamed var:   %18 = alloca %struct.SEXPREC*, align 8> as it has address taken, results will be incomplete 
  [UP] ignoring variable <unnamed var:   %19 = alloca %struct.SEXPREC*, align 8> as it has address taken, results will be incomplete 

Function _glmmLasso_RcppEigenSigmaInv
  [UP] ignoring variable <unnamed var:   %12 = alloca %struct.SEXPREC*, align 8> as it has address taken, results will be incomplete 
  [UP] ignoring variable <unnamed var:   %13 = alloca %struct.SEXPREC*, align 8> as it has address taken, results will be incomplete 

Function _glmmLasso_RcppEigenSpChol
  [UP] ignoring variable <unnamed var:   %12 = alloca %struct.SEXPREC*, align 8> as it has address taken, results will be incomplete 
  [UP] ignoring variable <unnamed var:   %13 = alloca %struct.SEXPREC*, align 8> as it has address taken, results will be incomplete 
