Package GNE version 0.99-2
Package built using 76260/R 3.6.0; x86_64-pc-linux-gnu; 2019-03-22 13:06:02 UTC; unix   
Checked with rchk version 6d8483c5be1eff92b9772065e2744ae221981c33
More information at https://github.com/kalibera/cran-checks/blob/master/rchk/PROTECT.md

ERROR: too many states (abstraction error?) in function dojacSSR

Function dofunSSR
  [PB] has too high protection stack depth results will be incomplete
  [UP] protect stack is too deep, unprotecting all variables, results will be incomplete
  [PB] has an unsupported form of unprotect (not constant, not variable), results will be incomplete /var/scratch2/tomas/cran/rchk/pkgbuild/sIJSynnQ/GNE/src/SSR.c:228
  [UP] unsupported form of unprotect, unprotecting all variables, results will be incomplete /var/scratch2/tomas/cran/rchk/pkgbuild/sIJSynnQ/GNE/src/SSR.c:228
  [PB] has an unsupported form of unprotect with a variable results will be incomplete /var/scratch2/tomas/cran/rchk/pkgbuild/sIJSynnQ/GNE/src/SSR.c:251
  [UP] unsupported form of unprotect, unprotecting all variables, results will be incomplete /var/scratch2/tomas/cran/rchk/pkgbuild/sIJSynnQ/GNE/src/SSR.c:251
  [PB] has negative depth /var/scratch2/tomas/cran/rchk/pkgbuild/sIJSynnQ/GNE/src/SSR.c:256
  [UP] attempt to unprotect more items (4) than protected (0), results will be incomplete /var/scratch2/tomas/cran/rchk/pkgbuild/sIJSynnQ/GNE/src/SSR.c:256
  [UP] attempt to unprotect more items (4) than protected (2), results will be incomplete /var/scratch2/tomas/cran/rchk/pkgbuild/sIJSynnQ/GNE/src/SSR.c:256
  [PB] has negative depth /var/scratch2/tomas/cran/rchk/pkgbuild/sIJSynnQ/GNE/src/SSR.c:258
  [UP] attempt to unprotect more items (8) than protected (0), results will be incomplete /var/scratch2/tomas/cran/rchk/pkgbuild/sIJSynnQ/GNE/src/SSR.c:258
  [UP] attempt to unprotect more items (8) than protected (2), results will be incomplete /var/scratch2/tomas/cran/rchk/pkgbuild/sIJSynnQ/GNE/src/SSR.c:258
  [UP] attempt to unprotect more items (8) than protected (4), results will be incomplete /var/scratch2/tomas/cran/rchk/pkgbuild/sIJSynnQ/GNE/src/SSR.c:258
  [UP] attempt to unprotect more items (8) than protected (6), results will be incomplete /var/scratch2/tomas/cran/rchk/pkgbuild/sIJSynnQ/GNE/src/SSR.c:258
  [PB] has possible protection stack imbalance /var/scratch2/tomas/cran/rchk/pkgbuild/sIJSynnQ/GNE/src/SSR.c:260

Function dojacSSR
  [PB] has too high protection stack depth results will be incomplete
  [UP] protect stack is too deep, unprotecting all variables, results will be incomplete
  [UP] protect stack is too deep, unprotecting all variables, results will be incomplete
  [UP] protect stack is too deep, unprotecting all variables, results will be incomplete
  [UP] protect stack is too deep, unprotecting all variables, results will be incomplete
  [PB] has an unsupported form of unprotect (not constant, not variable), results will be incomplete /var/scratch2/tomas/cran/rchk/pkgbuild/sIJSynnQ/GNE/src/SSR.c:534
  [UP] unsupported form of unprotect, unprotecting all variables, results will be incomplete /var/scratch2/tomas/cran/rchk/pkgbuild/sIJSynnQ/GNE/src/SSR.c:534
  [PB] has an unsupported form of unprotect (not constant, not variable), results will be incomplete /var/scratch2/tomas/cran/rchk/pkgbuild/sIJSynnQ/GNE/src/SSR.c:558
  [UP] unsupported form of unprotect, unprotecting all variables, results will be incomplete /var/scratch2/tomas/cran/rchk/pkgbuild/sIJSynnQ/GNE/src/SSR.c:558
  [PB] has an unsupported form of unprotect (not constant, not variable), results will be incomplete /var/scratch2/tomas/cran/rchk/pkgbuild/sIJSynnQ/GNE/src/SSR.c:585
  [UP] unsupported form of unprotect, unprotecting all variables, results will be incomplete /var/scratch2/tomas/cran/rchk/pkgbuild/sIJSynnQ/GNE/src/SSR.c:585
  [PB] has an unsupported form of unprotect with a variable results will be incomplete /var/scratch2/tomas/cran/rchk/pkgbuild/sIJSynnQ/GNE/src/SSR.c:630
  [UP] unsupported form of unprotect, unprotecting all variables, results will be incomplete /var/scratch2/tomas/cran/rchk/pkgbuild/sIJSynnQ/GNE/src/SSR.c:630
  [PB] has negative depth /var/scratch2/tomas/cran/rchk/pkgbuild/sIJSynnQ/GNE/src/SSR.c:655
  [UP] attempt to unprotect more items (6) than protected (0), results will be incomplete /var/scratch2/tomas/cran/rchk/pkgbuild/sIJSynnQ/GNE/src/SSR.c:655
  [UP] attempt to unprotect more items (6) than protected (3), results will be incomplete /var/scratch2/tomas/cran/rchk/pkgbuild/sIJSynnQ/GNE/src/SSR.c:655
  [PB] has negative depth /var/scratch2/tomas/cran/rchk/pkgbuild/sIJSynnQ/GNE/src/SSR.c:657
  [UP] attempt to unprotect more items (12) than protected (0), results will be incomplete /var/scratch2/tomas/cran/rchk/pkgbuild/sIJSynnQ/GNE/src/SSR.c:657
  [UP] attempt to unprotect more items (12) than protected (3), results will be incomplete /var/scratch2/tomas/cran/rchk/pkgbuild/sIJSynnQ/GNE/src/SSR.c:657
  [UP] attempt to unprotect more items (12) than protected (6), results will be incomplete /var/scratch2/tomas/cran/rchk/pkgbuild/sIJSynnQ/GNE/src/SSR.c:657
  [UP] attempt to unprotect more items (12) than protected (9), results will be incomplete /var/scratch2/tomas/cran/rchk/pkgbuild/sIJSynnQ/GNE/src/SSR.c:657
  [PB] has possible protection stack imbalance /var/scratch2/tomas/cran/rchk/pkgbuild/sIJSynnQ/GNE/src/SSR.c:659
Analyzed 3 functions, traversed 6144898 states.
