Package gof version 1.0.1
Package built using 79148/R 4.1.0; x86_64-pc-linux-gnu; 2020-09-07 20:49:10 UTC; unix   
Checked with rchk version 36c7ad2294619ba0a81109c9acb675eea2c96e6d
More information at https://github.com/kalibera/cran-checks/blob/master/rchk/PROTECT.md


Function Rcpp::Rcpp_protect(SEXPREC*)
  [PB] has possible protection stack imbalance Rcpp/include/Rcpp/protection/Shield.h:25

Function Rcpp::Rcpp_unprotect(int)
  [PB] has an unsupported form of unprotect with a variable results will be incomplete Rcpp/include/Rcpp/protection/Shield.h:31
  [UP] unsupported form of unprotect, unprotecting all variables, results will be incomplete Rcpp/include/Rcpp/protection/Shield.h:31

Function Rcpp::Reference_Impl<Rcpp::PreserveStorage>::Reference_Impl(std::__1::basic_string<char, std::__1::char_traits<char>, std::__1::allocator<char> > const&)
  [UP] calling allocating function Rcpp::Rcpp_fast_eval(SEXPREC*, SEXPREC*) with argument allocated using Rcpp::internal::get_Rcpp_namespace() Rcpp/include/Rcpp/Reference.h:63

Function Rcpp::Vector<10, Rcpp::PreserveStorage>::Vector(int const&)
  [UP] calling allocating function Rcpp::PreserveStorage<Rcpp::Vector<10, Rcpp::PreserveStorage> >::set__(SEXPREC*)(?,V) with argument allocated using Rf_allocVector Rcpp/include/Rcpp/vector/Vector.h:130

Function Rcpp::Vector<13, Rcpp::PreserveStorage>::Vector(int const&)
  [UP] calling allocating function Rcpp::PreserveStorage<Rcpp::Vector<13, Rcpp::PreserveStorage> >::set__(SEXPREC*)(?,V) with argument allocated using Rf_allocVector Rcpp/include/Rcpp/vector/Vector.h:130

Function Rcpp::Vector<14, Rcpp::PreserveStorage>::Vector(SEXPREC*)
  [UP] calling allocating function Rcpp::PreserveStorage<Rcpp::Vector<14, Rcpp::PreserveStorage> >::set__(SEXPREC*) with argument allocated using SEXPREC* Rcpp::r_cast<14>(SEXPREC*) Rcpp/include/Rcpp/vector/Vector.h:74

Function Rcpp::Vector<16, Rcpp::PreserveStorage>::Vector(int const&)
  [UP] calling allocating function Rcpp::PreserveStorage<Rcpp::Vector<16, Rcpp::PreserveStorage> >::set__(SEXPREC*)(?,V) with argument allocated using Rf_allocVector Rcpp/include/Rcpp/vector/Vector.h:130

Function Rcpp::Vector<19, Rcpp::PreserveStorage>::Vector(int const&)
  [UP] calling allocating function Rcpp::PreserveStorage<Rcpp::Vector<19, Rcpp::PreserveStorage> >::set__(SEXPREC*)(?,V) with argument allocated using Rf_allocVector Rcpp/include/Rcpp/vector/Vector.h:130

Function Rcpp::XPtr<Rcpp::CppProperty<target::cumres>, Rcpp::PreserveStorage, &(void Rcpp::standard_delete_finalizer<Rcpp::CppProperty<target::cumres> >(Rcpp::CppProperty<target::cumres>*)), false>::XPtr(Rcpp::CppProperty<target::cumres>*, bool, SEXPREC*, SEXPREC*)
  [UP] calling allocating function Rcpp::PreserveStorage<Rcpp::XPtr<Rcpp::CppProperty<target::cumres>, Rcpp::PreserveStorage, &(void Rcpp::standard_delete_finalizer<Rcpp::CppProperty<target::cumres> >(Rcpp::CppProperty<target::cumres>*)), false> >::set__(SEXPREC*) with argument allocated using R_MakeExternalPtr Rcpp/include/Rcpp/XPtr.h:102

Function Rcpp::XPtr<Rcpp::Module, Rcpp::PreserveStorage, &(void Rcpp::standard_delete_finalizer<Rcpp::Module>(Rcpp::Module*)), false>::XPtr(Rcpp::Module*, bool, SEXPREC*, SEXPREC*)
  [UP] calling allocating function Rcpp::PreserveStorage<Rcpp::XPtr<Rcpp::Module, Rcpp::PreserveStorage, &(void Rcpp::standard_delete_finalizer<Rcpp::Module>(Rcpp::Module*)), false> >::set__(SEXPREC*) with argument allocated using R_MakeExternalPtr Rcpp/include/Rcpp/XPtr.h:102

Function Rcpp::XPtr<Rcpp::SignedConstructor<target::cumres>, Rcpp::PreserveStorage, &(void Rcpp::standard_delete_finalizer<Rcpp::SignedConstructor<target::cumres> >(Rcpp::SignedConstructor<target::cumres>*)), false>::XPtr(Rcpp::SignedConstructor<target::cumres>*, bool, SEXPREC*, SEXPREC*)
  [UP] calling allocating function Rcpp::PreserveStorage<Rcpp::XPtr<Rcpp::SignedConstructor<target::cumres>, Rcpp::PreserveStorage, &(void Rcpp::standard_delete_finalizer<Rcpp::SignedConstructor<target::cumres> >(Rcpp::SignedConstructor<target::cumres>*)), false> >::set__(SEXPREC*) with argument allocated using R_MakeExternalPtr Rcpp/include/Rcpp/XPtr.h:102

Function Rcpp::XPtr<std::__1::vector<Rcpp::SignedMethod<target::cumres>*, std::__1::allocator<Rcpp::SignedMethod<target::cumres>*> >, Rcpp::PreserveStorage, &(void Rcpp::standard_delete_finalizer<std::__1::vector<Rcpp::SignedMethod<target::cumres>*, std::__1::allocator<Rcpp::SignedMethod<target::cumres>*> > >(std::__1::vector<Rcpp::SignedMethod<target::cumres>*, std::__1::allocator<Rcpp::SignedMethod<target::cumres>*> >*)), false>::XPtr(std::__1::vector<Rcpp::SignedMethod<target::cumres>*, std::__1::allocator<Rcpp::SignedMethod<target::cumres>*> >*, bool, SEXPREC*, SEXPREC*)
  [UP] calling allocating function Rcpp::PreserveStorage<Rcpp::XPtr<std::__1::vector<Rcpp::SignedMethod<target::cumres>*, std::__1::allocator<Rcpp::SignedMethod<target::cumres>*> >, Rcpp::PreserveStorage, &(void Rcpp::standard_delete_finalizer<std::__1::vector<Rcpp::SignedMethod<target::cumres>*, std::__1::allocator<Rcpp::SignedMethod<target::cumres>*> > >(std::__1::vector<Rcpp::SignedMethod<target::cumres>*, std::__1::allocator<Rcpp::SignedMethod<target::cumres>*> >*)), false> >::set__(SEXPREC*) with argument allocated using R_MakeExternalPtr Rcpp/include/Rcpp/XPtr.h:102

Function Rcpp::XPtr<target::cumres, Rcpp::PreserveStorage, &(void Rcpp::standard_delete_finalizer<target::cumres>(target::cumres*)), false>::XPtr(target::cumres*, bool, SEXPREC*, SEXPREC*)
  [UP] calling allocating function Rcpp::PreserveStorage<Rcpp::XPtr<target::cumres, Rcpp::PreserveStorage, &(void Rcpp::standard_delete_finalizer<target::cumres>(target::cumres*)), false> >::set__(SEXPREC*) with argument allocated using R_MakeExternalPtr Rcpp/include/Rcpp/XPtr.h:102

Function Rcpp::class_<target::cumres>::invoke(SEXPREC*, SEXPREC*, SEXPREC**, int)
  [UP] ignoring variable <unnamed var:   %28 = alloca %struct.SEXPREC*, align 8> as it has address taken, results will be incomplete 

Function _ZN4Rcpp6VectorILi14ENS_15PreserveStorageEEC2IiNS_5stats13NormGeneratorEEERKT_RKT0_PNS_6traits9enable_ifIXsr6traits13is_arithmeticIS6_EE5valueEvE4typeE
  [UP] calling allocating function Rcpp::PreserveStorage<Rcpp::Vector<14, Rcpp::PreserveStorage> >::set__(SEXPREC*)(?,V) with argument allocated using Rf_allocVector Rcpp/include/Rcpp/vector/Vector.h:172

Function _ZN4Rcpp6VectorILi16ENS_15PreserveStorageEEC2ImEET_PNS_6traits9enable_ifIXsr6traits13is_arithmeticIS4_EE5valueEvE4typeE
  [UP] calling allocating function Rcpp::PreserveStorage<Rcpp::Vector<16, Rcpp::PreserveStorage> >::set__(SEXPREC*)(?,V) with argument allocated using Rf_allocVector Rcpp/include/Rcpp/vector/Vector.h:125

Function _gof_L2Test
  [UP] unprotected variable rcpp_result_gen while calling allocating function Rf_onintr gof/src/RcppExports.cpp:66
  [PB] has negative depth gof/src/RcppExports.cpp:78
  [UP] attempt to unprotect more items (1) than protected (0), results will be incomplete gof/src/RcppExports.cpp:78
  [PB] has possible protection stack imbalance gof/src/RcppExports.cpp:79

Function _gof_L2Test_try(SEXPREC*, SEXPREC*)
  [UP] ignoring variable <unnamed var:   %14 = alloca %struct.SEXPREC*, align 8> as it has address taken, results will be incomplete 

Function _gof_SupTest
  [UP] unprotected variable rcpp_result_gen while calling allocating function Rf_onintr gof/src/RcppExports.cpp:31
  [PB] has negative depth gof/src/RcppExports.cpp:43
  [UP] attempt to unprotect more items (1) than protected (0), results will be incomplete gof/src/RcppExports.cpp:43
  [PB] has possible protection stack imbalance gof/src/RcppExports.cpp:44

Function _gof_SupTest_try(SEXPREC*)
  [UP] ignoring variable <unnamed var:   %11 = alloca %struct.SEXPREC*, align 8> as it has address taken, results will be incomplete 
