Package GPFDA version 3.1.1
Package built using 80081/R 4.1.0; x86_64-pc-linux-gnu; 2021-03-08 16:52:17 UTC; unix   
Checked with rchk version 3d653b7c8f92dac912532856b55f44d2986c6553 LLVM version 10.0.1
More information at https://github.com/kalibera/cran-checks/blob/master/rchk/PROTECT.md
For rchk in docker image see https://github.com/kalibera/rchk/blob/master/doc/DOCKER.md


Function Rcpp::AttributeProxyPolicy<Rcpp::RObject_Impl<Rcpp::PreserveStorage> >::AttributeProxy::set(SEXPREC*)
  [PB] has negative depth /unknown:0
  [PB] has possible protection stack imbalance /unknown:0
  [UP] attempt to unprotect more items (1) than protected (0), results will be incomplete /unknown:0

Function Rcpp::AttributeProxyPolicy<Rcpp::Vector<19, Rcpp::PreserveStorage> >::AttributeProxy::set(SEXPREC*)
  [PB] has negative depth /unknown:0
  [PB] has possible protection stack imbalance /unknown:0
  [UP] attempt to unprotect more items (1) than protected (0), results will be incomplete /unknown:0

Function Rcpp::RObject_Impl<Rcpp::PreserveStorage>& Rcpp::RObject_Impl<Rcpp::PreserveStorage>::operator=<SEXPREC*>(SEXPREC* const&)
  [PB] has negative depth /unknown:0
  [PB] has possible protection stack imbalance /unknown:0
  [UP] attempt to unprotect more items (1) than protected (0), results will be incomplete /unknown:0

Function Rcpp::Rcpp_eval(SEXPREC*, SEXPREC*)
  [PB] has negative depth /unknown:0
  [PB] has possible protection stack imbalance /unknown:0
  [UP] attempt to unprotect more items (1) than protected (0), results will be incomplete /unknown:0
  [UP] calling allocating function Rf_eval with argument allocated using Rf_lang4(S:tryCatch,?,?,?) /unknown:0

Function Rcpp::Vector<14, Rcpp::PreserveStorage>::Vector(SEXPREC*)
  [PB] has negative depth /unknown:0
  [PB] has possible protection stack imbalance /unknown:0
  [UP] attempt to unprotect more items (1) than protected (0), results will be incomplete /unknown:0

Function Rcpp::Vector<19, Rcpp::PreserveStorage> Rcpp::Vector<19, Rcpp::PreserveStorage>::create__dispatch<Rcpp::traits::named_object<char [1]>, Rcpp::traits::named_object<int>, Rcpp::traits::named_object<Rcpp::Vector<16, Rcpp::PreserveStorage> > >(Rcpp::traits::integral_constant<bool, true>, Rcpp::traits::named_object<char [1]> const&, Rcpp::traits::named_object<int> const&, Rcpp::traits::named_object<Rcpp::Vector<16, Rcpp::PreserveStorage> > const&)
  [PB] has negative depth /unknown:0
  [PB] has possible protection stack imbalance /unknown:0
  [UP] attempt to unprotect more items (1) than protected (0), results will be incomplete /unknown:0
  [UP] calling allocating function Rcpp::AttributeProxyPolicy<Rcpp::Vector<19, Rcpp::PreserveStorage> >::AttributeProxy::set(SEXPREC*)(?,V) with argument allocated using Rf_allocVector /unknown:0

Function Rcpp::Vector<19, Rcpp::PreserveStorage>::Vector(SEXPREC*)
  [PB] has negative depth /unknown:0
  [PB] has possible protection stack imbalance /unknown:0
  [UP] attempt to unprotect more items (1) than protected (0), results will be incomplete /unknown:0

Function Rcpp::Vector<19, Rcpp::PreserveStorage>::push_back_name__impl(SEXPREC* const&, std::__1::basic_string<char, std::__1::char_traits<char>, std::__1::allocator<char> > const&, Rcpp::traits::integral_constant<bool, true>)
  [PB] has negative depth /unknown:0
  [PB] has possible protection stack imbalance /unknown:0
  [UP] attempt to unprotect more items (1) than protected (0), results will be incomplete /unknown:0
  [UP] calling allocating function Rcpp::AttributeProxyPolicy<Rcpp::Vector<19, Rcpp::PreserveStorage> >::AttributeProxy::set(SEXPREC*)(?,V) with argument allocated using Rf_allocVector /unknown:0

Function Rcpp::exception::copy_stack_trace_to_r() const
  [UP] calling allocating function Rcpp::AttributeProxyPolicy<Rcpp::Vector<19, Rcpp::PreserveStorage> >::AttributeProxy::set(SEXPREC*)(?,V) with argument allocated using Rf_mkString /unknown:0

Function Rcpp::internal::convert_using_rfunction(SEXPREC*, char const*)
  [PB] has negative depth /unknown:0
  [PB] has possible protection stack imbalance /unknown:0
  [UP] attempt to unprotect more items (1) than protected (0), results will be incomplete /unknown:0
  [UP] calling allocating function Rcpp::Rcpp_eval(SEXPREC*, SEXPREC*) with argument allocated using Rf_lang2 /unknown:0

Function Rcpp::internal::generic_name_proxy<19, Rcpp::PreserveStorage>& Rcpp::internal::generic_name_proxy<19, Rcpp::PreserveStorage>::operator=<arma::Mat<double> >(arma::Mat<double> const&)
  [PB] has negative depth /unknown:0
  [PB] has possible protection stack imbalance /unknown:0
  [UP] attempt to unprotect more items (1) than protected (0), results will be incomplete /unknown:0

Function Rcpp::internal::generic_proxy<19, Rcpp::PreserveStorage>& Rcpp::internal::generic_proxy<19, Rcpp::PreserveStorage>::operator=<Rcpp::Shield<SEXPREC*> >(Rcpp::Shield<SEXPREC*> const&)
  [PB] has negative depth /unknown:0
  [PB] has possible protection stack imbalance /unknown:0
  [UP] attempt to unprotect more items (1) than protected (0), results will be incomplete /unknown:0

Function Rcpp::internal::is_Rcpp_eval_call(SEXPREC*)
  [PB] has negative depth /unknown:0
  [PB] has possible protection stack imbalance /unknown:0
  [UP] attempt to unprotect more items (1) than protected (0), results will be incomplete /unknown:0

Function Rcpp::traits::MatrixExporter<arma::Mat<double>, double>::get()
  [PB] has negative depth /unknown:0
  [PB] has possible protection stack imbalance /unknown:0
  [UP] attempt to unprotect more items (1) than protected (0), results will be incomplete /unknown:0

Function SEXPREC* Rcpp::RcppArmadillo::arma_wrap<arma::Mat<double> >(arma::Mat<double> const&, Rcpp::Dimension const&)
  [UP] calling allocating function Rcpp::AttributeProxyPolicy<Rcpp::RObject_Impl<Rcpp::PreserveStorage> >::AttributeProxy::set(SEXPREC*)(?,V) with argument allocated using SEXPREC* Rcpp::internal::primitive_range_wrap__impl__nocast<std::__1::__wrap_iter<int const*>, int>(std::__1::__wrap_iter<int const*>, std::__1::__wrap_iter<int const*>, std::__1::random_access_iterator_tag) /unknown:0

Function SEXPREC* Rcpp::internal::primitive_range_wrap__impl__nocast<double const*, double>(double const*, double const*, std::__1::random_access_iterator_tag)
  [PB] has negative depth /unknown:0
  [PB] has possible protection stack imbalance /unknown:0
  [UP] attempt to unprotect more items (1) than protected (0), results will be incomplete /unknown:0

Function SEXPREC* Rcpp::internal::primitive_range_wrap__impl__nocast<std::__1::__wrap_iter<int const*>, int>(std::__1::__wrap_iter<int const*>, std::__1::__wrap_iter<int const*>, std::__1::random_access_iterator_tag)
  [PB] has negative depth /unknown:0
  [PB] has possible protection stack imbalance /unknown:0
  [UP] attempt to unprotect more items (1) than protected (0), results will be incomplete /unknown:0

Function SEXPREC* Rcpp::internal::primitive_wrap__impl__cast<int>(int const&, Rcpp::traits::integral_constant<bool, false>)
  [PB] has negative depth /unknown:0
  [PB] has possible protection stack imbalance /unknown:0
  [UP] attempt to unprotect more items (1) than protected (0), results will be incomplete /unknown:0

Function SEXPREC* exception_to_condition_template<Rcpp::exception>(Rcpp::exception const&, bool)
  [PB] has an unsupported form of unprotect (not constant, not variable), results will be incomplete /unknown:0
  [UP] calling allocating function make_condition(std::__1::basic_string<char, std::__1::char_traits<char>, std::__1::allocator<char> > const&, SEXPREC*, SEXPREC*, SEXPREC*)(?,?,?,V) with argument allocated using get_exception_classes(std::__1::basic_string<char, std::__1::char_traits<char>, std::__1::allocator<char> > const&) /unknown:0
  [UP] unsupported form of unprotect, unprotecting all variables, results will be incomplete /unknown:0

Function SEXPREC* exception_to_condition_template<std::exception>(std::exception const&, bool)
  [PB] has an unsupported form of unprotect (not constant, not variable), results will be incomplete /unknown:0
  [UP] calling allocating function make_condition(std::__1::basic_string<char, std::__1::char_traits<char>, std::__1::allocator<char> > const&, SEXPREC*, SEXPREC*, SEXPREC*)(?,?,?,V) with argument allocated using get_exception_classes(std::__1::basic_string<char, std::__1::char_traits<char>, std::__1::allocator<char> > const&) /unknown:0
  [UP] unsupported form of unprotect, unprotecting all variables, results will be incomplete /unknown:0

Function _GPFDA_CovMaternCpp
  [UP] ignoring variable <unnamed var:   %8 = alloca %struct.SEXPREC*, align 8> as it has address taken, results will be incomplete 
  [PB] has an unsupported form of unprotect (not constant, not variable), results will be incomplete /unknown:0
  [UP] unsupported form of unprotect, unprotecting all variables, results will be incomplete /unknown:0

Function _GPFDA_CovMaternCppSq
  [UP] ignoring variable <unnamed var:   %7 = alloca %struct.SEXPREC*, align 8> as it has address taken, results will be incomplete 
  [PB] has an unsupported form of unprotect (not constant, not variable), results will be incomplete /unknown:0
  [UP] unsupported form of unprotect, unprotecting all variables, results will be incomplete /unknown:0

Function _GPFDA_KCGP
  [UP] ignoring variable <unnamed var:   %10 = alloca %struct.SEXPREC*, align 8> as it has address taken, results will be incomplete 
  [PB] has an unsupported form of unprotect (not constant, not variable), results will be incomplete /unknown:0
  [UP] unsupported form of unprotect, unprotecting all variables, results will be incomplete /unknown:0

Function _GPFDA_KCGPnm
  [UP] ignoring variable <unnamed var:   %12 = alloca %struct.SEXPREC*, align 8> as it has address taken, results will be incomplete 
  [PB] has an unsupported form of unprotect (not constant, not variable), results will be incomplete /unknown:0
  [UP] unsupported form of unprotect, unprotecting all variables, results will be incomplete /unknown:0

Function _GPFDA_calcScaleDistMats
  [PB] has an unsupported form of unprotect (not constant, not variable), results will be incomplete /unknown:0
  [UP] unsupported form of unprotect, unprotecting all variables, results will be incomplete /unknown:0

Function _GPFDA_calcScaleDistMatsAsym
  [PB] has an unsupported form of unprotect (not constant, not variable), results will be incomplete /unknown:0
  [UP] unsupported form of unprotect, unprotecting all variables, results will be incomplete /unknown:0

Function _GPFDA_distMat
  [UP] ignoring variable <unnamed var:   %7 = alloca %struct.SEXPREC*, align 8> as it has address taken, results will be incomplete 
  [PB] has an unsupported form of unprotect (not constant, not variable), results will be incomplete /unknown:0
  [UP] unsupported form of unprotect, unprotecting all variables, results will be incomplete /unknown:0

Function _GPFDA_distMatLinear
  [UP] ignoring variable <unnamed var:   %6 = alloca %struct.SEXPREC*, align 8> as it has address taken, results will be incomplete 
  [PB] has an unsupported form of unprotect (not constant, not variable), results will be incomplete /unknown:0
  [UP] unsupported form of unprotect, unprotecting all variables, results will be incomplete /unknown:0

Function _GPFDA_distMatLinearSq
  [UP] ignoring variable <unnamed var:   %5 = alloca %struct.SEXPREC*, align 8> as it has address taken, results will be incomplete 
  [PB] has an unsupported form of unprotect (not constant, not variable), results will be incomplete /unknown:0
  [UP] unsupported form of unprotect, unprotecting all variables, results will be incomplete /unknown:0

Function _GPFDA_distMatSq
  [UP] ignoring variable <unnamed var:   %6 = alloca %struct.SEXPREC*, align 8> as it has address taken, results will be incomplete 
  [PB] has an unsupported form of unprotect (not constant, not variable), results will be incomplete /unknown:0
  [UP] unsupported form of unprotect, unprotecting all variables, results will be incomplete /unknown:0

Function double Rcpp::internal::primitive_as<double>(SEXPREC*)
  [PB] has negative depth /unknown:0
  [PB] has possible protection stack imbalance /unknown:0
  [UP] attempt to unprotect more items (1) than protected (0), results will be incomplete /unknown:0

Function get_exception_classes(std::__1::basic_string<char, std::__1::char_traits<char>, std::__1::allocator<char> > const&)
  [PB] has negative depth /unknown:0
  [PB] has possible protection stack imbalance /unknown:0
  [UP] attempt to unprotect more items (1) than protected (0), results will be incomplete /unknown:0

Function get_last_call()
  [PB] has negative depth /unknown:0
  [PB] has possible protection stack imbalance /unknown:0
  [UP] attempt to unprotect more items (1) than protected (0), results will be incomplete /unknown:0
  [UP] calling allocating function Rcpp::Rcpp_eval(SEXPREC*, SEXPREC*) with argument allocated using Rf_lang1(S:sys.calls) /unknown:0

Function make_condition(std::__1::basic_string<char, std::__1::char_traits<char>, std::__1::allocator<char> > const&, SEXPREC*, SEXPREC*, SEXPREC*)
  [PB] has negative depth /unknown:0
  [PB] has possible protection stack imbalance /unknown:0
  [UP] attempt to unprotect more items (1) than protected (0), results will be incomplete /unknown:0

Function string_to_try_error(std::__1::basic_string<char, std::__1::char_traits<char>, std::__1::allocator<char> > const&)
  [PB] has negative depth /unknown:0
  [PB] has possible protection stack imbalance /unknown:0
  [UP] attempt to unprotect more items (1) than protected (0), results will be incomplete /unknown:0
  [UP] calling allocating function Rf_eval with argument allocated using Rf_lang2(S:simpleError,V) /unknown:0

Function void Rcpp::internal::export_indexing__impl<arma::Col<double>, double>(SEXPREC*, arma::Col<double>&, Rcpp::traits::integral_constant<bool, false>)
  [PB] has negative depth /unknown:0
  [PB] has possible protection stack imbalance /unknown:0
  [UP] attempt to unprotect more items (1) than protected (0), results will be incomplete /unknown:0

Function void Rcpp::internal::export_indexing__impl<arma::Mat<double>, double>(SEXPREC*, arma::Mat<double>&, Rcpp::traits::integral_constant<bool, false>)
  [PB] has negative depth /unknown:0
  [PB] has possible protection stack imbalance /unknown:0
  [UP] attempt to unprotect more items (1) than protected (0), results will be incomplete /unknown:0
