Package grattan version 1.9.0.9
Package built using 80940/R 4.2.0; x86_64-pc-linux-gnu; 2021-09-20 14:29:17 UTC; unix   
Checked with rchk version 35d5d01a98903a5f3e9ec166dcdb2f790ecb784f LLVM version 11.0.0
More information at https://github.com/kalibera/cran-checks/blob/master/rchk/PROTECT.md
For rchk in docker image see https://github.com/kalibera/rchk/blob/master/doc/DOCKER.md


Function Rcpp::Armor<SEXPREC*>::init(SEXPREC*)
  [PB] has possible protection stack imbalance Rcpp/include/Rcpp/protection/Armor.h:47

Function Rcpp::Armor<SEXPREC*>::~Armor()
  [PB] has negative depth Rcpp/include/Rcpp/protection/Armor.h:41
  [UP] attempt to unprotect more items (1) than protected (0), results will be incomplete Rcpp/include/Rcpp/protection/Armor.h:41
  [PB] has possible protection stack imbalance Rcpp/include/Rcpp/protection/Armor.h:42

Function Rcpp::Rcpp_protect(SEXPREC*)
  [PB] has possible protection stack imbalance Rcpp/include/Rcpp/protection/Shield.h:25

Function Rcpp::Rcpp_unprotect(int)
  [PB] has an unsupported form of unprotect with a variable results will be incomplete Rcpp/include/Rcpp/protection/Shield.h:31
  [UP] unsupported form of unprotect, unprotecting all variables, results will be incomplete Rcpp/include/Rcpp/protection/Shield.h:31

Function Rcpp::internal::convert_using_rfunction(SEXPREC*, char const*)
  [UP] ignoring variable <unnamed var:   %10 = alloca %struct.SEXPREC*, align 8> as it has address taken, results will be incomplete 

Function _grattan_IncomeTax
  [UP] ignoring variable <unnamed var:   %18 = alloca %struct.SEXPREC*, align 8> as it has address taken, results will be incomplete 

Function _grattan_LEVY_BRACK
  [UP] ignoring variable <unnamed var:   %11 = alloca %struct.SEXPREC*, align 8> as it has address taken, results will be incomplete 

Function _grattan_LEVY_RATES
  [UP] ignoring variable <unnamed var:   %11 = alloca %struct.SEXPREC*, align 8> as it has address taken, results will be incomplete 

Function _grattan_LITO_1ST_TAPER
  [UP] ignoring variable <unnamed var:   %11 = alloca %struct.SEXPREC*, align 8> as it has address taken, results will be incomplete 

Function _grattan_LITO_1ST_THRESH
  [UP] ignoring variable <unnamed var:   %11 = alloca %struct.SEXPREC*, align 8> as it has address taken, results will be incomplete 

Function _grattan_LITO_2ND_TAPER
  [UP] ignoring variable <unnamed var:   %11 = alloca %struct.SEXPREC*, align 8> as it has address taken, results will be incomplete 

Function _grattan_LITO_2ND_THRESH
  [UP] ignoring variable <unnamed var:   %11 = alloca %struct.SEXPREC*, align 8> as it has address taken, results will be incomplete 

Function _grattan_LITO_MAX_OFFSET
  [UP] ignoring variable <unnamed var:   %11 = alloca %struct.SEXPREC*, align 8> as it has address taken, results will be incomplete 

Function _grattan_LMITO_1ST_OFFSET
  [UP] ignoring variable <unnamed var:   %11 = alloca %struct.SEXPREC*, align 8> as it has address taken, results will be incomplete 

Function _grattan_LMITO_TAPERS
  [UP] ignoring variable <unnamed var:   %11 = alloca %struct.SEXPREC*, align 8> as it has address taken, results will be incomplete 

Function _grattan_LMITO_THRESHS
  [UP] ignoring variable <unnamed var:   %11 = alloca %struct.SEXPREC*, align 8> as it has address taken, results will be incomplete 

Function _grattan_ML_LWR_THRESHOLD_FAMILY
  [UP] ignoring variable <unnamed var:   %11 = alloca %struct.SEXPREC*, align 8> as it has address taken, results will be incomplete 

Function _grattan_ML_LWR_THRESHOLD_FAMILY_PTO
  [UP] ignoring variable <unnamed var:   %11 = alloca %struct.SEXPREC*, align 8> as it has address taken, results will be incomplete 

Function _grattan_ML_LWR_THRESHOLD_FAMILY_SAPTO
  [UP] ignoring variable <unnamed var:   %11 = alloca %struct.SEXPREC*, align 8> as it has address taken, results will be incomplete 

Function _grattan_ML_LWR_THRESHOLD_SINGLE
  [UP] ignoring variable <unnamed var:   %11 = alloca %struct.SEXPREC*, align 8> as it has address taken, results will be incomplete 

Function _grattan_ML_LWR_THRESHOLD_SINGLE_PTO
  [UP] ignoring variable <unnamed var:   %11 = alloca %struct.SEXPREC*, align 8> as it has address taken, results will be incomplete 

Function _grattan_ML_LWR_THRESHOLD_SINGLE_SAPTO
  [UP] ignoring variable <unnamed var:   %11 = alloca %struct.SEXPREC*, align 8> as it has address taken, results will be incomplete 

Function _grattan_ML_LWR_THR_UP_PER_CHILD
  [UP] ignoring variable <unnamed var:   %11 = alloca %struct.SEXPREC*, align 8> as it has address taken, results will be incomplete 

Function _grattan_ML_RATE
  [UP] ignoring variable <unnamed var:   %11 = alloca %struct.SEXPREC*, align 8> as it has address taken, results will be incomplete 

Function _grattan_ML_TAPER
  [UP] ignoring variable <unnamed var:   %11 = alloca %struct.SEXPREC*, align 8> as it has address taken, results will be incomplete 

Function _grattan_ML_UPR_THRESHOLD_FAMILY
  [UP] ignoring variable <unnamed var:   %11 = alloca %struct.SEXPREC*, align 8> as it has address taken, results will be incomplete 

Function _grattan_ML_UPR_THRESHOLD_FAMILY_SAPTO
  [UP] ignoring variable <unnamed var:   %11 = alloca %struct.SEXPREC*, align 8> as it has address taken, results will be incomplete 

Function _grattan_ML_UPR_THRESHOLD_SINGLE
  [UP] ignoring variable <unnamed var:   %11 = alloca %struct.SEXPREC*, align 8> as it has address taken, results will be incomplete 

Function _grattan_ML_UPR_THRESHOLD_SINGLE_SAPTO
  [UP] ignoring variable <unnamed var:   %11 = alloca %struct.SEXPREC*, align 8> as it has address taken, results will be incomplete 

Function _grattan_MedicareLevy
  [UP] ignoring variable <unnamed var:   %42 = alloca %struct.SEXPREC*, align 8> as it has address taken, results will be incomplete 

Function _grattan_MedicareLevySaptoYear
  [UP] ignoring variable <unnamed var:   %24 = alloca %struct.SEXPREC*, align 8> as it has address taken, results will be incomplete 

Function _grattan_MedicareLevySingle
  [UP] ignoring variable <unnamed var:   %42 = alloca %struct.SEXPREC*, align 8> as it has address taken, results will be incomplete 

Function _grattan_MultiOffset
  [UP] ignoring variable <unnamed var:   %23 = alloca %struct.SEXPREC*, align 8> as it has address taken, results will be incomplete 

Function _grattan_ORD_TAX_BRACK
  [UP] ignoring variable <unnamed var:   %11 = alloca %struct.SEXPREC*, align 8> as it has address taken, results will be incomplete 

Function _grattan_ORD_TAX_RATES
  [UP] ignoring variable <unnamed var:   %11 = alloca %struct.SEXPREC*, align 8> as it has address taken, results will be incomplete 

Function _grattan_Offset
  [UP] ignoring variable <unnamed var:   %21 = alloca %struct.SEXPREC*, align 8> as it has address taken, results will be incomplete 

Function _grattan_SAPTO_LWR_ILL_SEP
  [UP] ignoring variable <unnamed var:   %11 = alloca %struct.SEXPREC*, align 8> as it has address taken, results will be incomplete 

Function _grattan_SAPTO_LWR_MARRIED
  [UP] ignoring variable <unnamed var:   %11 = alloca %struct.SEXPREC*, align 8> as it has address taken, results will be incomplete 

Function _grattan_SAPTO_LWR_SINGLE
  [UP] ignoring variable <unnamed var:   %11 = alloca %struct.SEXPREC*, align 8> as it has address taken, results will be incomplete 

Function _grattan_SAPTO_MAX_ILL_SEP
  [UP] ignoring variable <unnamed var:   %11 = alloca %struct.SEXPREC*, align 8> as it has address taken, results will be incomplete 

Function _grattan_SAPTO_MAX_MARRIED
  [UP] ignoring variable <unnamed var:   %11 = alloca %struct.SEXPREC*, align 8> as it has address taken, results will be incomplete 

Function _grattan_SAPTO_MAX_SINGLE
  [UP] ignoring variable <unnamed var:   %11 = alloca %struct.SEXPREC*, align 8> as it has address taken, results will be incomplete 

Function _grattan_SAPTO_TAPER
  [UP] ignoring variable <unnamed var:   %11 = alloca %struct.SEXPREC*, align 8> as it has address taken, results will be incomplete 

Function _grattan_SAPTO_UPR_MARRIED
  [UP] ignoring variable <unnamed var:   %11 = alloca %struct.SEXPREC*, align 8> as it has address taken, results will be incomplete 

Function _grattan_SAPTO_UPR_SINGLE
  [UP] ignoring variable <unnamed var:   %11 = alloca %struct.SEXPREC*, align 8> as it has address taken, results will be incomplete 

Function _grattan_SBTO_DISCOUNT
  [UP] ignoring variable <unnamed var:   %11 = alloca %struct.SEXPREC*, align 8> as it has address taken, results will be incomplete 

Function _grattan_decode_age_range
  [UP] ignoring variable <unnamed var:   %14 = alloca %struct.SEXPREC*, align 8> as it has address taken, results will be incomplete 
  [UP] ignoring variable <unnamed var:   %15 = alloca %struct.SEXPREC*, align 8> as it has address taken, results will be incomplete 

Function _grattan_do_income_tax2
  [UP] ignoring variable <unnamed var:   %104 = alloca %struct.SEXPREC*, align 8> as it has address taken, results will be incomplete 

Function _grattan_do_income_tax_sf
  [UP] ignoring variable <unnamed var:   %56 = alloca %struct.SEXPREC*, align 8> as it has address taken, results will be incomplete 

Function _grattan_do_lmito
  [UP] ignoring variable <unnamed var:   %11 = alloca %struct.SEXPREC*, align 8> as it has address taken, results will be incomplete 

Function _grattan_do_medicare_levy
  [UP] ignoring variable <unnamed var:   %50 = alloca %struct.SEXPREC*, align 8> as it has address taken, results will be incomplete 

Function _grattan_do_rN
  [UP] ignoring variable <unnamed var:   %17 = alloca %struct.SEXPREC*, align 8> as it has address taken, results will be incomplete 

Function _grattan_do_rebate_income
  [UP] ignoring variable <unnamed var:   %35 = alloca %struct.SEXPREC*, align 8> as it has address taken, results will be incomplete 

Function _grattan_do_sapto
  [UP] ignoring variable <unnamed var:   %53 = alloca %struct.SEXPREC*, align 8> as it has address taken, results will be incomplete 

Function _grattan_do_sapto_rcpp
  [UP] ignoring variable <unnamed var:   %30 = alloca %struct.SEXPREC*, align 8> as it has address taken, results will be incomplete 

Function _grattan_do_sapto_rcpp2
  [UP] ignoring variable <unnamed var:   %39 = alloca %struct.SEXPREC*, align 8> as it has address taken, results will be incomplete 

Function _grattan_sapto_rcpp_singleton
  [UP] ignoring variable <unnamed var:   %30 = alloca %struct.SEXPREC*, align 8> as it has address taken, results will be incomplete 

Function _grattan_sapto_rcpp_yr
  [UP] ignoring variable <unnamed var:   %21 = alloca %struct.SEXPREC*, align 8> as it has address taken, results will be incomplete 

Function _grattan_sapto_rcpp_yr_singleton
  [UP] ignoring variable <unnamed var:   %21 = alloca %struct.SEXPREC*, align 8> as it has address taken, results will be incomplete 

Function _grattan_sbto_avbl
  [UP] ignoring variable <unnamed var:   %20 = alloca %struct.SEXPREC*, align 8> as it has address taken, results will be incomplete 

Function _grattan_verify_NA_ALIAS
  [UP] ignoring variable <unnamed var:   %11 = alloca %struct.SEXPREC*, align 8> as it has address taken, results will be incomplete 
