Package gRc version 0.4.4
Package built using 82396/R 4.3.0; x86_64-pc-linux-gnu; 2022-05-24 14:16:20 UTC; unix   
Checked with rchk version 35d5d01a98903a5f3e9ec166dcdb2f790ecb784f LLVM version 12.0.1
More information at https://github.com/kalibera/cran-checks/blob/master/rchk/PROTECT.md
For rchk in docker image see https://github.com/kalibera/rchk/blob/master/doc/DOCKER.md


Function Rcpp::Armor<SEXPREC*>::init(SEXPREC*)
  [PB] has possible protection stack imbalance Rcpp/include/Rcpp/protection/Armor.h:47

Function Rcpp::Armor<SEXPREC*>::~Armor()
  [PB] has negative depth Rcpp/include/Rcpp/protection/Armor.h:41
  [UP] attempt to unprotect more items (1) than protected (0), results will be incomplete Rcpp/include/Rcpp/protection/Armor.h:41
  [PB] has possible protection stack imbalance Rcpp/include/Rcpp/protection/Armor.h:42

Function Rcpp::Rcpp_protect(SEXPREC*)
  [PB] has possible protection stack imbalance Rcpp/include/Rcpp/protection/Shield.h:25

Function Rcpp::Rcpp_unprotect(int)
  [PB] has an unsupported form of unprotect with a variable results will be incomplete Rcpp/include/Rcpp/protection/Shield.h:31
  [UP] unsupported form of unprotect, unprotecting all variables, results will be incomplete Rcpp/include/Rcpp/protection/Shield.h:31

Function Rcpp::internal::convert_using_rfunction(SEXPREC*, char const*)
  [UP] ignoring variable <unnamed var:   %10 = alloca %struct.SEXPREC*, align 8> as it has address taken, results will be incomplete 

Function _gRc_trAWBV_
  [UP] unprotected variable rcpp_result_gen while calling allocating function Rf_onintr gRc/src/RcppExports.cpp:141
  [PB] has negative depth gRc/src/RcppExports.cpp:153
  [UP] attempt to unprotect more items (1) than protected (0), results will be incomplete gRc/src/RcppExports.cpp:153
  [PB] has possible protection stack imbalance gRc/src/RcppExports.cpp:154

Function _gRc_trAWBV__try(SEXPREC*, SEXPREC*, SEXPREC*, SEXPREC*)
  [UP] ignoring variable <unnamed var:   %20 = alloca %struct.SEXPREC*, align 8> as it has address taken, results will be incomplete 

Function _gRc_trAWBW_
  [UP] unprotected variable rcpp_result_gen while calling allocating function Rf_onintr gRc/src/RcppExports.cpp:104
  [PB] has negative depth gRc/src/RcppExports.cpp:116
  [UP] attempt to unprotect more items (1) than protected (0), results will be incomplete gRc/src/RcppExports.cpp:116
  [PB] has possible protection stack imbalance gRc/src/RcppExports.cpp:117

Function _gRc_trAWBW__try(SEXPREC*, SEXPREC*, SEXPREC*)
  [UP] ignoring variable <unnamed var:   %17 = alloca %struct.SEXPREC*, align 8> as it has address taken, results will be incomplete 

Function _gRc_trAWBWlist_
  [UP] unprotected variable rcpp_result_gen while calling allocating function Rf_onintr gRc/src/RcppExports.cpp:215
  [PB] has negative depth gRc/src/RcppExports.cpp:227
  [UP] attempt to unprotect more items (1) than protected (0), results will be incomplete gRc/src/RcppExports.cpp:227
  [PB] has possible protection stack imbalance gRc/src/RcppExports.cpp:228

Function _gRc_trAWBWlist__try(SEXPREC*, SEXPREC*, SEXPREC*, SEXPREC*)
  [UP] ignoring variable <unnamed var:   %20 = alloca %struct.SEXPREC*, align 8> as it has address taken, results will be incomplete 

Function _gRc_trAWB_
  [UP] unprotected variable rcpp_result_gen while calling allocating function Rf_onintr gRc/src/RcppExports.cpp:68
  [PB] has negative depth gRc/src/RcppExports.cpp:80
  [UP] attempt to unprotect more items (1) than protected (0), results will be incomplete gRc/src/RcppExports.cpp:80
  [PB] has possible protection stack imbalance gRc/src/RcppExports.cpp:81

Function _gRc_trAWB__try(SEXPREC*, SEXPREC*, SEXPREC*)
  [UP] ignoring variable <unnamed var:   %17 = alloca %struct.SEXPREC*, align 8> as it has address taken, results will be incomplete 

Function _gRc_trAWBlist_
  [UP] unprotected variable rcpp_result_gen while calling allocating function Rf_onintr gRc/src/RcppExports.cpp:178
  [PB] has negative depth gRc/src/RcppExports.cpp:190
  [UP] attempt to unprotect more items (1) than protected (0), results will be incomplete gRc/src/RcppExports.cpp:190
  [PB] has possible protection stack imbalance gRc/src/RcppExports.cpp:191

Function _gRc_trAWBlist__try(SEXPREC*, SEXPREC*, SEXPREC*, SEXPREC*)
  [UP] ignoring variable <unnamed var:   %20 = alloca %struct.SEXPREC*, align 8> as it has address taken, results will be incomplete 

Function _gRc_trAW_
  [UP] unprotected variable rcpp_result_gen while calling allocating function Rf_onintr gRc/src/RcppExports.cpp:32
  [PB] has negative depth gRc/src/RcppExports.cpp:44
  [UP] attempt to unprotect more items (1) than protected (0), results will be incomplete gRc/src/RcppExports.cpp:44
  [PB] has possible protection stack imbalance gRc/src/RcppExports.cpp:45

Function _gRc_trAW__try(SEXPREC*, SEXPREC*)
  [UP] ignoring variable <unnamed var:   %14 = alloca %struct.SEXPREC*, align 8> as it has address taken, results will be incomplete 
