Package HDclust version 1.0
Package built using 76263/R 3.6.0; x86_64-pc-linux-gnu; 2019-03-25 15:58:01 UTC; unix   
Checked with rchk version 6d8483c5be1eff92b9772065e2744ae221981c33
More information at https://github.com/kalibera/cran-checks/blob/master/rchk/PROTECT.md


Function Rcpp::Armor<SEXPREC*>::init(SEXPREC*)
  [PB] has possible protection stack imbalance Rcpp/include/Rcpp/protection/Armor.h:47

Function Rcpp::Armor<SEXPREC*>::~Armor()
  [PB] has negative depth Rcpp/include/Rcpp/protection/Armor.h:41
  [UP] attempt to unprotect more items (1) than protected (0), results will be incomplete Rcpp/include/Rcpp/protection/Armor.h:41
  [PB] has possible protection stack imbalance Rcpp/include/Rcpp/protection/Armor.h:42

Function Rcpp::Rcpp_protect(SEXPREC*)
  [PB] has possible protection stack imbalance Rcpp/include/Rcpp/protection/Shield.h:25

Function Rcpp::Rcpp_unprotect(int)
  [PB] has an unsupported form of unprotect with a variable results will be incomplete Rcpp/include/Rcpp/protection/Shield.h:31
  [UP] unsupported form of unprotect, unprotecting all variables, results will be incomplete Rcpp/include/Rcpp/protection/Shield.h:31

Function Rcpp::S4_Impl<Rcpp::PreserveStorage>::S4_Impl(std::__1::basic_string<char, std::__1::char_traits<char>, std::__1::allocator<char> > const&)
  [UP] calling allocating function R_do_new_object with argument allocated using R_do_MAKE_CLASS Rcpp/include/Rcpp/S4.h:58

Function Rcpp::SlotProxyPolicy<Rcpp::RObject_Impl<Rcpp::PreserveStorage> >::const_SlotProxy::operator int<int>() const
  [UP] calling allocating function int Rcpp::as<int>(SEXPREC*) with argument allocated using Rcpp::SlotProxyPolicy<Rcpp::RObject_Impl<Rcpp::PreserveStorage> >::const_SlotProxy::get() const Rcpp/include/Rcpp/proxy/SlotProxy.h:68

Function Rcpp::SlotProxyPolicy<Rcpp::S4_Impl<Rcpp::PreserveStorage> >::SlotProxy::operator int<int>() const
  [UP] calling allocating function int Rcpp::as<int>(SEXPREC*) with argument allocated using Rcpp::SlotProxyPolicy<Rcpp::S4_Impl<Rcpp::PreserveStorage> >::SlotProxy::get() const Rcpp/include/Rcpp/api/meat/proxy.h:92

Function Rcpp::SlotProxyPolicy<Rcpp::S4_Impl<Rcpp::PreserveStorage> >::const_SlotProxy::operator int<int>() const
  [UP] calling allocating function int Rcpp::as<int>(SEXPREC*) with argument allocated using Rcpp::SlotProxyPolicy<Rcpp::S4_Impl<Rcpp::PreserveStorage> >::const_SlotProxy::get() const Rcpp/include/Rcpp/proxy/SlotProxy.h:68

Function Rcpp::internal::convert_using_rfunction(SEXPREC*, char const*)
  [UP] ignoring variable <unnamed var:   %9 = alloca %struct.SEXPREC*, align 8> as it has address taken, results will be incomplete 
  [UP] calling allocating function Rcpp::Rcpp_fast_eval(SEXPREC*, SEXPREC*) with argument allocated using Rf_lang2 Rcpp/include/Rcpp/r_cast.h:34

Function _HDclust_rcpp_clust
  [UP] ignoring variable <unnamed var:   %30 = alloca %struct.SEXPREC*, align 8> as it has address taken, results will be incomplete 

Function _HDclust_rcpp_trainHmmVb
  [UP] ignoring variable <unnamed var:   %39 = alloca %struct.SEXPREC*, align 8> as it has address taken, results will be incomplete 

Function rcpp_clust(Rcpp::Matrix<14, Rcpp::PreserveStorage>, Rcpp::S4_Impl<Rcpp::PreserveStorage>, Rcpp::Nullable<Rcpp::Vector<19, Rcpp::PreserveStorage> >, Rcpp::Vector<19, Rcpp::PreserveStorage>, Rcpp::Vector<13, Rcpp::PreserveStorage>)
  [UP] ignoring variable <unnamed var:   %149 = alloca %struct.SEXPREC*, align 8> as it has address taken, results will be incomplete 
  [UP] calling allocating function int Rcpp::as<int>(SEXPREC*) with argument allocated using Rcpp::SlotProxyPolicy<Rcpp::S4_Impl<Rcpp::PreserveStorage> >::SlotProxy::operator SEXPREC*() const HDclust/src/rcpp_testsync.cpp:410
