Package hmma version 1.1.0
Package built using 80023/R 4.1.0; x86_64-pc-linux-gnu; 2021-02-19 15:49:22 UTC; unix   
Checked with rchk version 3d653b7c8f92dac912532856b55f44d2986c6553 LLVM version 10.0.1
More information at https://github.com/kalibera/cran-checks/blob/master/rchk/PROTECT.md
For rchk in docker image see https://github.com/kalibera/rchk/blob/master/doc/DOCKER.md


Function all_equal_bn
  [PB] has possible protection stack imbalance hmma/src/bayesian.network.c:155

Function arcs2uelist
  [PB] has negative depth hmma/src/arcs2elist.c:200
  [UP] attempt to unprotect more items (3) than protected (2), results will be incomplete hmma/src/arcs2elist.c:200
  [PB] has possible protection stack imbalance hmma/src/arcs2elist.c:204

Function arcs2welist
  [PB] has negative depth hmma/src/arcs2elist.c:111
  [UP] attempt to unprotect more items (3) than protected (2), results will be incomplete hmma/src/arcs2elist.c:111
  [PB] has possible protection stack imbalance hmma/src/arcs2elist.c:115

Function c_dataframe_column
  [UP] calling allocating function Rf_match with a fresh pointer (colnames <arg 1>) hmma/src/data.frame.c:59
  [PB] has negative depth hmma/src/data.frame.c:105
  [UP] attempt to unprotect more items (1) than protected (0), results will be incomplete hmma/src/data.frame.c:105
  [PB] has possible protection stack imbalance hmma/src/data.frame.c:109

Function c_gloss
  [PB] has negative depth hmma/src/loss.c:217
  [UP] attempt to unprotect more items (1) than protected (0), results will be incomplete hmma/src/loss.c:217
  [PB] has possible protection stack imbalance hmma/src/loss.c:222

Function c_rbn_master
  [UP] calling allocating function Rf_match with argument allocated using Rf_getAttrib(?,S:names) hmma/src/rbn.c:55
  [PB] has an unsupported form of unprotect with a variable results will be incomplete hmma/src/rbn.c:219
  [UP] unsupported form of unprotect, unprotecting all variables, results will be incomplete hmma/src/rbn.c:219

Function cdpred
  [PB] has negative depth hmma/src/predict.c:328
  [UP] attempt to unprotect more items (2) than protected (1), results will be incomplete hmma/src/predict.c:328
  [PB] has possible protection stack imbalance hmma/src/predict.c:343

Function chow_liu
  [PB] has negative depth hmma/src/mi.matrix.c:446
  [UP] attempt to unprotect more items (1) than protected (0), results will be incomplete hmma/src/mi.matrix.c:446
  [PB] has possible protection stack imbalance hmma/src/mi.matrix.c:467

Function cpdist_lw
  [UP] calling allocating function c_lw_weights(?,V,?,?,?,?) with a fresh pointer (from <arg 5>) hmma/src/cpdist.c:24

Function dpred
  [PB] has negative depth hmma/src/predict.c:180
  [UP] attempt to unprotect more items (2) than protected (1), results will be incomplete hmma/src/predict.c:180
  [PB] has possible protection stack imbalance hmma/src/predict.c:194

Function entropy_loss
  [PB] has negative depth hmma/src/loss.c:49
  [UP] attempt to unprotect more items (1) than protected (0), results will be incomplete hmma/src/loss.c:49
  [PB] has possible protection stack imbalance hmma/src/loss.c:51

Function fast_cglm
  [PB] has an unsupported form of unprotect with a variable - binary add results will be incomplete hmma/src/fast.lm.c:150
  [UP] unsupported form of unprotect, unprotecting all variables, results will be incomplete hmma/src/fast.lm.c:150

Function fast_lm
  [PB] has an unsupported form of unprotect with a variable - binary add results will be incomplete hmma/src/fast.lm.c:67
  [UP] unsupported form of unprotect, unprotecting all variables, results will be incomplete hmma/src/fast.lm.c:67

Function hc_to_be_added
  [PB] has negative depth hmma/src/hc.cache.lookup.c:469
  [UP] attempt to unprotect more items (2) than protected (1), results will be incomplete hmma/src/hc.cache.lookup.c:469
  [PB] has negative depth hmma/src/hc.cache.lookup.c:478
  [UP] attempt to unprotect more items (1) than protected (0), results will be incomplete hmma/src/hc.cache.lookup.c:478
  [PB] has possible protection stack imbalance hmma/src/hc.cache.lookup.c:483

Function loglik_dnode_w
  [UP] unprotected variable data_t while calling allocating function c_dataframe_column hmma/src/discrete.loglikelihood.c:196
  [UP] unprotected variable data_t while calling allocating function c_configurations hmma/src/discrete.loglikelihood.c:197

Function mappred
  [UP] calling allocating function Rf_match with a fresh pointer (colnames <arg 1>) hmma/src/map.lw.c:107
  [PB] has negative depth hmma/src/map.lw.c:262
  [UP] attempt to unprotect more items (5) than protected (4), results will be incomplete hmma/src/map.lw.c:262
  [PB] has possible protection stack imbalance hmma/src/map.lw.c:271

Function naivepred
  [PB] has negative depth hmma/src/predict.c:648
  [UP] attempt to unprotect more items (3) than protected (2), results will be incomplete hmma/src/predict.c:648
  [PB] has possible protection stack imbalance hmma/src/predict.c:665

Function nbr2arcs
  [PB] has possible protection stack imbalance hmma/src/bayesian.network.c:69

Function normalize_cpt
  [PB] has negative depth hmma/src/common.c:173
  [UP] attempt to unprotect more items (1) than protected (0), results will be incomplete hmma/src/common.c:173
  [PB] has possible protection stack imbalance hmma/src/common.c:175

Function nparams_fitted
  [PB] has negative depth hmma/src/nparams.c:168
  [UP] attempt to unprotect more items (1) than protected (0), results will be incomplete hmma/src/nparams.c:168
  [PB] has possible protection stack imbalance hmma/src/nparams.c:170

Function score_delta_decomposable
  [UP] calling allocating function Rf_match with argument allocated using Rf_getAttrib(?,S:names) hmma/src/score.delta.c:271

Function score_delta_helper
  [UP] calling allocating function string_delete(?,V,?) with argument allocated using Rf_mkString hmma/src/score.delta.c:50
  [UP] calling allocating function string_delete(?,V,?) with argument allocated using Rf_mkString hmma/src/score.delta.c:80
  [UP] calling allocating function string_delete(?,V,?) with argument allocated using Rf_mkString hmma/src/score.delta.c:187

Function subset_by_name
  [PB] has too high protection stack depth results will be incomplete
  [UP] protect stack is too deep, unprotecting all variables, results will be incomplete
  [UP] allocating function Rf_match may destroy its unprotected argument (vec_names <arg 1>), which is later used. hmma/src/common.c:260
  [UP] calling allocating function Rf_match with a fresh pointer (vec_names <arg 1>) hmma/src/common.c:260
  [UP] unprotected variable subvec while calling allocating function Rf_match hmma/src/common.c:260
  [PB] has negative depth hmma/src/common.c:286
  [UP] attempt to unprotect more items (1) than protected (0), results will be incomplete hmma/src/common.c:286
  [PB] has negative depth hmma/src/common.c:291
  [UP] attempt to unprotect more items (3) than protected (0), results will be incomplete hmma/src/common.c:291
  [UP] attempt to unprotect more items (3) than protected (1), results will be incomplete hmma/src/common.c:291
  [UP] attempt to unprotect more items (3) than protected (2), results will be incomplete hmma/src/common.c:291
  [PB] has possible protection stack imbalance hmma/src/common.c:293

Function tiers
  [PB] has negative depth hmma/src/tiers.c:94
  [UP] attempt to unprotect more items (2) than protected (1), results will be incomplete hmma/src/tiers.c:94
  [PB] has possible protection stack imbalance hmma/src/tiers.c:98
