Package hpa version 1.0.1
Package built using 77066/R 3.7.0; x86_64-pc-linux-gnu; 2019-08-25 22:27:45 UTC; unix   
Checked with rchk version 6400f4a0aa14a4379fcc72d8dbf07a49b4725e07
More information at https://github.com/kalibera/cran-checks/blob/master/rchk/PROTECT.md


Function Rcpp::Armor<SEXPREC*>::init(SEXPREC*)
  [PB] has possible protection stack imbalance Rcpp/include/Rcpp/protection/Armor.h:47

Function Rcpp::Armor<SEXPREC*>::~Armor()
  [PB] has negative depth Rcpp/include/Rcpp/protection/Armor.h:41
  [UP] attempt to unprotect more items (1) than protected (0), results will be incomplete Rcpp/include/Rcpp/protection/Armor.h:41
  [PB] has possible protection stack imbalance Rcpp/include/Rcpp/protection/Armor.h:42

Function Rcpp::Environment_Impl<Rcpp::PreserveStorage>::Rcpp_namespace()
  [UP] calling allocating function Rcpp::Environment_Impl<Rcpp::PreserveStorage>::Environment_Impl(SEXPREC*) with argument allocated using Rcpp::internal::get_Rcpp_namespace() Rcpp/include/Rcpp/Environment.h:362

Function Rcpp::Environment_Impl<Rcpp::PreserveStorage>::as_environment(SEXPREC*)
  [UP] calling allocating function Rcpp::Rcpp_fast_eval(SEXPREC*, SEXPREC*) with argument allocated using Rf_lang2(S:as.environment,?) Rcpp/include/Rcpp/Environment.h:36

Function Rcpp::Environment_Impl<Rcpp::PreserveStorage>::get(std::__1::basic_string<char, std::__1::char_traits<char>, std::__1::allocator<char> > const&) const
  [UP] calling allocating function Rcpp::internal::Rcpp_eval_impl(SEXPREC*, SEXPREC*) with a fresh pointer (res <arg 1>) Rcpp/include/Rcpp/Environment.h:112

Function Rcpp::InternalFunction_Impl<Rcpp::PreserveStorage>::set(SEXPREC*)
  [UP] ignoring variable xp as it has address taken, results will be incomplete 

Function Rcpp::Rcpp_protect(SEXPREC*)
  [PB] has possible protection stack imbalance Rcpp/include/Rcpp/protection/Shield.h:25

Function Rcpp::Rcpp_unprotect(int)
  [PB] has an unsupported form of unprotect with a variable results will be incomplete Rcpp/include/Rcpp/protection/Shield.h:31
  [UP] unsupported form of unprotect, unprotecting all variables, results will be incomplete Rcpp/include/Rcpp/protection/Shield.h:31

Function Rcpp::internal::convert_using_rfunction(SEXPREC*, char const*)
  [UP] ignoring variable <unnamed var:   %9 = alloca %struct.SEXPREC*, align 8> as it has address taken, results will be incomplete 
  [UP] calling allocating function Rcpp::Rcpp_fast_eval(SEXPREC*, SEXPREC*) with argument allocated using Rf_lang2 Rcpp/include/Rcpp/r_cast.h:34

Function _hpa_AIC_hpaBinary
  [UP] ignoring variable <unnamed var:   %15 = alloca %struct.SEXPREC*, align 8> as it has address taken, results will be incomplete 

Function _hpa_AIC_hpaML
  [UP] ignoring variable <unnamed var:   %15 = alloca %struct.SEXPREC*, align 8> as it has address taken, results will be incomplete 

Function _hpa_AIC_hpaSelection
  [UP] ignoring variable <unnamed var:   %15 = alloca %struct.SEXPREC*, align 8> as it has address taken, results will be incomplete 

Function _hpa_dhpa
  [UP] ignoring variable <unnamed var:   %30 = alloca %struct.SEXPREC*, align 8> as it has address taken, results will be incomplete 

Function _hpa_dtrhpa
  [UP] ignoring variable <unnamed var:   %36 = alloca %struct.SEXPREC*, align 8> as it has address taken, results will be incomplete 

Function _hpa_ehpa
  [UP] ignoring variable <unnamed var:   %33 = alloca %struct.SEXPREC*, align 8> as it has address taken, results will be incomplete 

Function _hpa_etrhpa
  [UP] ignoring variable <unnamed var:   %30 = alloca %struct.SEXPREC*, align 8> as it has address taken, results will be incomplete 

Function _hpa_hpaBinary
  [UP] ignoring variable <unnamed var:   %39 = alloca %struct.SEXPREC*, align 8> as it has address taken, results will be incomplete 

Function _hpa_hpaML
  [UP] ignoring variable <unnamed var:   %30 = alloca %struct.SEXPREC*, align 8> as it has address taken, results will be incomplete 

Function _hpa_hpaSelection
  [UP] ignoring variable <unnamed var:   %33 = alloca %struct.SEXPREC*, align 8> as it has address taken, results will be incomplete 

Function _hpa_ihpa
  [UP] ignoring variable <unnamed var:   %33 = alloca %struct.SEXPREC*, align 8> as it has address taken, results will be incomplete 

Function _hpa_itrhpa
  [UP] ignoring variable <unnamed var:   %39 = alloca %struct.SEXPREC*, align 8> as it has address taken, results will be incomplete 

Function _hpa_logLik_hpaBinary
  [UP] ignoring variable <unnamed var:   %12 = alloca %struct.SEXPREC*, align 8> as it has address taken, results will be incomplete 

Function _hpa_logLik_hpaML
  [UP] ignoring variable <unnamed var:   %12 = alloca %struct.SEXPREC*, align 8> as it has address taken, results will be incomplete 

Function _hpa_logLik_hpaSelection
  [UP] ignoring variable <unnamed var:   %12 = alloca %struct.SEXPREC*, align 8> as it has address taken, results will be incomplete 

Function _hpa_normalMoment
  [UP] ignoring variable <unnamed var:   %24 = alloca %struct.SEXPREC*, align 8> as it has address taken, results will be incomplete 

Function _hpa_phpa
  [UP] ignoring variable <unnamed var:   %30 = alloca %struct.SEXPREC*, align 8> as it has address taken, results will be incomplete 

Function _hpa_plot_hpaSelection
  [UP] ignoring variable <unnamed var:   %15 = alloca %struct.SEXPREC*, align 8> as it has address taken, results will be incomplete 

Function _hpa_polynomialIndex
  [UP] ignoring variable <unnamed var:   %12 = alloca %struct.SEXPREC*, align 8> as it has address taken, results will be incomplete 

Function _hpa_predict_hpaBinary
  [UP] ignoring variable <unnamed var:   %18 = alloca %struct.SEXPREC*, align 8> as it has address taken, results will be incomplete 

Function _hpa_predict_hpaML
  [UP] ignoring variable <unnamed var:   %15 = alloca %struct.SEXPREC*, align 8> as it has address taken, results will be incomplete 

Function _hpa_predict_hpaSelection
  [UP] ignoring variable <unnamed var:   %24 = alloca %struct.SEXPREC*, align 8> as it has address taken, results will be incomplete 

Function _hpa_printPolynomial
  [UP] ignoring variable <unnamed var:   %15 = alloca %struct.SEXPREC*, align 8> as it has address taken, results will be incomplete 

Function _hpa_summary_hpaBinary
  [UP] ignoring variable <unnamed var:   %12 = alloca %struct.SEXPREC*, align 8> as it has address taken, results will be incomplete 

Function _hpa_summary_hpaML
  [UP] ignoring variable <unnamed var:   %12 = alloca %struct.SEXPREC*, align 8> as it has address taken, results will be incomplete 

Function _hpa_summary_hpaSelection
  [UP] ignoring variable <unnamed var:   %12 = alloca %struct.SEXPREC*, align 8> as it has address taken, results will be incomplete 

Function _hpa_truncatedNormalMoment
  [UP] ignoring variable <unnamed var:   %45 = alloca %struct.SEXPREC*, align 8> as it has address taken, results will be incomplete 

Function hpaBinary(Rcpp::Formula_Impl<Rcpp::PreserveStorage>, Rcpp::DataFrame_Impl<Rcpp::PreserveStorage>, int, double, double, double, bool, bool, bool, Rcpp::Vector<14, Rcpp::PreserveStorage>)
  [UP] ignoring variable <unnamed var:   %178 = alloca %struct.SEXPREC*, align 8> as it has address taken, results will be incomplete 
  [UP] ignoring variable <unnamed var:   %469 = alloca %struct.SEXPREC*, align 8> as it has address taken, results will be incomplete 

Function hpaML(Rcpp::Matrix<14, Rcpp::PreserveStorage>, Rcpp::Vector<14, Rcpp::PreserveStorage>, Rcpp::Vector<14, Rcpp::PreserveStorage>, Rcpp::Vector<14, Rcpp::PreserveStorage>, Rcpp::Vector<10, Rcpp::PreserveStorage>, Rcpp::Vector<10, Rcpp::PreserveStorage>, Rcpp::Vector<14, Rcpp::PreserveStorage>)
  [UP] ignoring variable <unnamed var:   %215 = alloca %struct.SEXPREC*, align 8> as it has address taken, results will be incomplete 

Function hpaSelection(Rcpp::Formula_Impl<Rcpp::PreserveStorage>, Rcpp::Formula_Impl<Rcpp::PreserveStorage>, Rcpp::DataFrame_Impl<Rcpp::PreserveStorage>, int, int, int, bool, Rcpp::Vector<14, Rcpp::PreserveStorage>)
  [UP] ignoring variable <unnamed var:   %665 = alloca %struct.SEXPREC*, align 8> as it has address taken, results will be incomplete 

Function print_summary_hpaBinary(Rcpp::Vector<19, Rcpp::PreserveStorage>)
  [UP] ignoring variable <unnamed var:   %120 = alloca %struct.SEXPREC*, align 8> as it has address taken, results will be incomplete 
  [UP] ignoring variable <unnamed var:   %133 = alloca %struct.SEXPREC*, align 8> as it has address taken, results will be incomplete 

Function print_summary_hpaML(Rcpp::Vector<19, Rcpp::PreserveStorage>)
  [UP] ignoring variable <unnamed var:   %60 = alloca %struct.SEXPREC*, align 8> as it has address taken, results will be incomplete 

Function print_summary_hpaSelection(Rcpp::Vector<19, Rcpp::PreserveStorage>)
  [UP] ignoring variable <unnamed var:   %136 = alloca %struct.SEXPREC*, align 8> as it has address taken, results will be incomplete 
  [UP] ignoring variable <unnamed var:   %149 = alloca %struct.SEXPREC*, align 8> as it has address taken, results will be incomplete 
  [UP] ignoring variable <unnamed var:   %125 = alloca %struct.SEXPREC*, align 8> as it has address taken, results will be incomplete 
