Package HypergeoMat version 3.1.0
Package built using 80044/R 4.1.0; x86_64-pc-linux-gnu; 2021-03-02 03:34:32 UTC; unix   
Checked with rchk version 3d653b7c8f92dac912532856b55f44d2986c6553 LLVM version 10.0.1
More information at https://github.com/kalibera/cran-checks/blob/master/rchk/PROTECT.md
For rchk in docker image see https://github.com/kalibera/rchk/blob/master/doc/DOCKER.md


Function Rcpp::Rcpp_protect(SEXPREC*)
  [PB] has possible protection stack imbalance Rcpp/include/Rcpp/protection/Shield.h:25

Function Rcpp::Rcpp_unprotect(int)
  [PB] has an unsupported form of unprotect with a variable results will be incomplete Rcpp/include/Rcpp/protection/Shield.h:31
  [UP] unsupported form of unprotect, unprotecting all variables, results will be incomplete Rcpp/include/Rcpp/protection/Shield.h:31

Function Rcpp::Vector<13, Rcpp::PreserveStorage>::Vector(SEXPREC*)
  [UP] calling allocating function Rcpp::PreserveStorage<Rcpp::Vector<13, Rcpp::PreserveStorage> >::set__(SEXPREC*) with argument allocated using SEXPREC* Rcpp::r_cast<13>(SEXPREC*) Rcpp/include/Rcpp/vector/Vector.h:74

Function Rcpp::Vector<13, Rcpp::PreserveStorage>::Vector(int const&)
  [UP] calling allocating function Rcpp::PreserveStorage<Rcpp::Vector<13, Rcpp::PreserveStorage> >::set__(SEXPREC*)(?,V) with argument allocated using Rf_allocVector Rcpp/include/Rcpp/vector/Vector.h:130

Function Rcpp::Vector<14, Rcpp::PreserveStorage>::Vector()
  [UP] calling allocating function Rcpp::PreserveStorage<Rcpp::Vector<14, Rcpp::PreserveStorage> >::set__(SEXPREC*)(?,V) with argument allocated using Rf_allocVector Rcpp/include/Rcpp/vector/Vector.h:57

Function Rcpp::Vector<14, Rcpp::PreserveStorage>::Vector(SEXPREC*)
  [UP] calling allocating function Rcpp::PreserveStorage<Rcpp::Vector<14, Rcpp::PreserveStorage> >::set__(SEXPREC*) with argument allocated using SEXPREC* Rcpp::r_cast<14>(SEXPREC*) Rcpp/include/Rcpp/vector/Vector.h:74

Function Rcpp::Vector<14, Rcpp::PreserveStorage>::Vector(int const&)
  [UP] calling allocating function Rcpp::PreserveStorage<Rcpp::Vector<14, Rcpp::PreserveStorage> >::set__(SEXPREC*)(?,V) with argument allocated using Rf_allocVector Rcpp/include/Rcpp/vector/Vector.h:130

Function Rcpp::Vector<19, Rcpp::PreserveStorage>::Vector(int const&)
  [UP] calling allocating function Rcpp::PreserveStorage<Rcpp::Vector<19, Rcpp::PreserveStorage> >::set__(SEXPREC*)(?,V) with argument allocated using Rf_allocVector Rcpp/include/Rcpp/vector/Vector.h:130

Function _HypergeoMat_hypergeom_Cplx_Cplx
  [UP] ignoring variable <unnamed var:   %24 = alloca %struct.SEXPREC*, align 8> as it has address taken, results will be incomplete 

Function _HypergeoMat_hypergeom_Cplx_R
  [UP] ignoring variable <unnamed var:   %24 = alloca %struct.SEXPREC*, align 8> as it has address taken, results will be incomplete 

Function _HypergeoMat_hypergeom_R_Cplx
  [UP] ignoring variable <unnamed var:   %24 = alloca %struct.SEXPREC*, align 8> as it has address taken, results will be incomplete 

Function _HypergeoMat_hypergeom_R_R
  [UP] ignoring variable <unnamed var:   %24 = alloca %struct.SEXPREC*, align 8> as it has address taken, results will be incomplete 

Function _ZN4Rcpp6VectorILi16ENS_15PreserveStorageEEC2ImEET_PNS_6traits9enable_ifIXsr6traits13is_arithmeticIS4_EE5valueEvE4typeE
  [UP] calling allocating function Rcpp::PreserveStorage<Rcpp::Vector<16, Rcpp::PreserveStorage> >::set__(SEXPREC*)(?,V) with argument allocated using Rf_allocVector Rcpp/include/Rcpp/vector/Vector.h:125

Function void Rcpp::Vector<10, Rcpp::PreserveStorage>::import_sugar_expression<true, Rcpp::sugar::Comparator_With_One_Value<13, Rcpp::sugar::greater<13>, true, Rcpp::Vector<13, Rcpp::PreserveStorage> > >(Rcpp::VectorBase<10, true, Rcpp::sugar::Comparator_With_One_Value<13, Rcpp::sugar::greater<13>, true, Rcpp::Vector<13, Rcpp::PreserveStorage> > > const&, Rcpp::traits::integral_constant<bool, false>)
  [UP] calling allocating function Rcpp::PreserveStorage<Rcpp::Vector<10, Rcpp::PreserveStorage> >::set__(SEXPREC*)(?,V) with argument allocated using Rf_allocVector Rcpp/include/Rcpp/vector/Vector.h:1070

Function void Rcpp::Vector<14, Rcpp::PreserveStorage>::import_sugar_expression<true, Rcpp::internal::RangeIndexer<14, true, Rcpp::Vector<14, Rcpp::PreserveStorage> > >(Rcpp::VectorBase<14, true, Rcpp::internal::RangeIndexer<14, true, Rcpp::Vector<14, Rcpp::PreserveStorage> > > const&, Rcpp::traits::integral_constant<bool, false>)
  [UP] calling allocating function Rcpp::PreserveStorage<Rcpp::Vector<14, Rcpp::PreserveStorage> >::set__(SEXPREC*)(?,V) with argument allocated using Rf_allocVector Rcpp/include/Rcpp/vector/Vector.h:1070

Function void Rcpp::Vector<14, Rcpp::PreserveStorage>::import_sugar_expression<true, Rcpp::sugar::Divides_Vector_Vector<14, true, Rcpp::Vector<14, Rcpp::PreserveStorage>, true, Rcpp::sugar::Minus_Vector_Primitive<14, true, Rcpp::sugar::Plus_Vector_Primitive<14, true, Rcpp::Vector<14, Rcpp::PreserveStorage> > > > >(Rcpp::VectorBase<14, true, Rcpp::sugar::Divides_Vector_Vector<14, true, Rcpp::Vector<14, Rcpp::PreserveStorage>, true, Rcpp::sugar::Minus_Vector_Primitive<14, true, Rcpp::sugar::Plus_Vector_Primitive<14, true, Rcpp::Vector<14, Rcpp::PreserveStorage> > > > > const&, Rcpp::traits::integral_constant<bool, false>)
  [UP] calling allocating function Rcpp::PreserveStorage<Rcpp::Vector<14, Rcpp::PreserveStorage> >::set__(SEXPREC*)(?,V) with argument allocated using Rf_allocVector Rcpp/include/Rcpp/vector/Vector.h:1070

Function void Rcpp::Vector<14, Rcpp::PreserveStorage>::import_sugar_expression<true, Rcpp::sugar::Divides_Vector_Vector<14, true, Rcpp::sugar::Divides_Vector_Vector<14, true, Rcpp::sugar::Times_Vector_Vector<14, true, Rcpp::sugar::Minus_Vector_Primitive<14, true, Rcpp::Vector<14, Rcpp::PreserveStorage> >, true, Rcpp::Vector<14, Rcpp::PreserveStorage> >, true, Rcpp::Vector<14, Rcpp::PreserveStorage> >, true, Rcpp::sugar::Plus_Vector_Primitive<14, true, Rcpp::Vector<14, Rcpp::PreserveStorage> > > >(Rcpp::VectorBase<14, true, Rcpp::sugar::Divides_Vector_Vector<14, true, Rcpp::sugar::Divides_Vector_Vector<14, true, Rcpp::sugar::Times_Vector_Vector<14, true, Rcpp::sugar::Minus_Vector_Primitive<14, true, Rcpp::Vector<14, Rcpp::PreserveStorage> >, true, Rcpp::Vector<14, Rcpp::PreserveStorage> >, true, Rcpp::Vector<14, Rcpp::PreserveStorage> >, true, Rcpp::sugar::Plus_Vector_Primitive<14, true, Rcpp::Vector<14, Rcpp::PreserveStorage> > > > const&, Rcpp::traits::integral_constant<bool, false>)
  [UP] calling allocating function Rcpp::PreserveStorage<Rcpp::Vector<14, Rcpp::PreserveStorage> >::set__(SEXPREC*)(?,V) with argument allocated using Rf_allocVector Rcpp/include/Rcpp/vector/Vector.h:1070

Function void Rcpp::Vector<14, Rcpp::PreserveStorage>::import_sugar_expression<true, Rcpp::sugar::Divides_Vector_Vector<14, true, Rcpp::sugar::Minus_Vector_Vector<14, true, Rcpp::Vector<14, Rcpp::PreserveStorage>, true, Rcpp::Vector<14, Rcpp::PreserveStorage> >, true, Rcpp::sugar::Plus_Vector_Vector<14, true, Rcpp::Vector<14, Rcpp::PreserveStorage>, true, Rcpp::Vector<14, Rcpp::PreserveStorage> > > >(Rcpp::VectorBase<14, true, Rcpp::sugar::Divides_Vector_Vector<14, true, Rcpp::sugar::Minus_Vector_Vector<14, true, Rcpp::Vector<14, Rcpp::PreserveStorage>, true, Rcpp::Vector<14, Rcpp::PreserveStorage> >, true, Rcpp::sugar::Plus_Vector_Vector<14, true, Rcpp::Vector<14, Rcpp::PreserveStorage>, true, Rcpp::Vector<14, Rcpp::PreserveStorage> > > > const&, Rcpp::traits::integral_constant<bool, false>)
  [UP] calling allocating function Rcpp::PreserveStorage<Rcpp::Vector<14, Rcpp::PreserveStorage> >::set__(SEXPREC*)(?,V) with argument allocated using Rf_allocVector Rcpp/include/Rcpp/vector/Vector.h:1070

Function void Rcpp::Vector<14, Rcpp::PreserveStorage>::import_sugar_expression<true, Rcpp::sugar::Divides_Vector_Vector<14, true, Rcpp::sugar::Plus_Vector_Primitive<14, true, Rcpp::Vector<14, Rcpp::PreserveStorage> >, true, Rcpp::Vector<14, Rcpp::PreserveStorage> > >(Rcpp::VectorBase<14, true, Rcpp::sugar::Divides_Vector_Vector<14, true, Rcpp::sugar::Plus_Vector_Primitive<14, true, Rcpp::Vector<14, Rcpp::PreserveStorage> >, true, Rcpp::Vector<14, Rcpp::PreserveStorage> > > const&, Rcpp::traits::integral_constant<bool, false>)
  [UP] calling allocating function Rcpp::PreserveStorage<Rcpp::Vector<14, Rcpp::PreserveStorage> >::set__(SEXPREC*)(?,V) with argument allocated using Rf_allocVector Rcpp/include/Rcpp/vector/Vector.h:1070

Function void Rcpp::Vector<14, Rcpp::PreserveStorage>::import_sugar_expression<true, Rcpp::sugar::Minus_Vector_Primitive<14, true, Rcpp::sugar::Minus_Vector_Vector<14, true, Rcpp::Vector<14, Rcpp::PreserveStorage>, true, Rcpp::sugar::Times_Vector_Primitive<14, true, Rcpp::Vector<14, Rcpp::PreserveStorage> > > > >(Rcpp::VectorBase<14, true, Rcpp::sugar::Minus_Vector_Primitive<14, true, Rcpp::sugar::Minus_Vector_Vector<14, true, Rcpp::Vector<14, Rcpp::PreserveStorage>, true, Rcpp::sugar::Times_Vector_Primitive<14, true, Rcpp::Vector<14, Rcpp::PreserveStorage> > > > > const&, Rcpp::traits::integral_constant<bool, false>)
  [UP] calling allocating function Rcpp::PreserveStorage<Rcpp::Vector<14, Rcpp::PreserveStorage> >::set__(SEXPREC*)(?,V) with argument allocated using Rf_allocVector Rcpp/include/Rcpp/vector/Vector.h:1070

Function void Rcpp::Vector<14, Rcpp::PreserveStorage>::import_sugar_expression<true, Rcpp::sugar::Minus_Vector_Primitive<14, true, Rcpp::sugar::Minus_Vector_Vector<14, true, Rcpp::sugar::Times_Vector_Primitive<14, true, Rcpp::Vector<14, Rcpp::PreserveStorage> >, true, Rcpp::Vector<14, Rcpp::PreserveStorage> > > >(Rcpp::VectorBase<14, true, Rcpp::sugar::Minus_Vector_Primitive<14, true, Rcpp::sugar::Minus_Vector_Vector<14, true, Rcpp::sugar::Times_Vector_Primitive<14, true, Rcpp::Vector<14, Rcpp::PreserveStorage> >, true, Rcpp::Vector<14, Rcpp::PreserveStorage> > > > const&, Rcpp::traits::integral_constant<bool, false>)
  [UP] calling allocating function Rcpp::PreserveStorage<Rcpp::Vector<14, Rcpp::PreserveStorage> >::set__(SEXPREC*)(?,V) with argument allocated using Rf_allocVector Rcpp/include/Rcpp/vector/Vector.h:1070

Function void Rcpp::Vector<14, Rcpp::PreserveStorage>::import_sugar_expression<true, Rcpp::sugar::Plus_Vector_Primitive<14, true, Rcpp::Vector<14, Rcpp::PreserveStorage> > >(Rcpp::VectorBase<14, true, Rcpp::sugar::Plus_Vector_Primitive<14, true, Rcpp::Vector<14, Rcpp::PreserveStorage> > > const&, Rcpp::traits::integral_constant<bool, false>)
  [UP] calling allocating function Rcpp::PreserveStorage<Rcpp::Vector<14, Rcpp::PreserveStorage> >::set__(SEXPREC*)(?,V) with argument allocated using Rf_allocVector Rcpp/include/Rcpp/vector/Vector.h:1070

Function void Rcpp::Vector<14, Rcpp::PreserveStorage>::import_sugar_expression<true, Rcpp::sugar::Plus_Vector_Primitive<14, true, Rcpp::sugar::Minus_Vector_Vector<14, true, Rcpp::Vector<14, Rcpp::PreserveStorage>, true, Rcpp::sugar::Times_Vector_Primitive<14, true, Rcpp::Vector<14, Rcpp::PreserveStorage> > > > >(Rcpp::VectorBase<14, true, Rcpp::sugar::Plus_Vector_Primitive<14, true, Rcpp::sugar::Minus_Vector_Vector<14, true, Rcpp::Vector<14, Rcpp::PreserveStorage>, true, Rcpp::sugar::Times_Vector_Primitive<14, true, Rcpp::Vector<14, Rcpp::PreserveStorage> > > > > const&, Rcpp::traits::integral_constant<bool, false>)
  [UP] calling allocating function Rcpp::PreserveStorage<Rcpp::Vector<14, Rcpp::PreserveStorage> >::set__(SEXPREC*)(?,V) with argument allocated using Rf_allocVector Rcpp/include/Rcpp/vector/Vector.h:1070

Function void Rcpp::Vector<14, Rcpp::PreserveStorage>::import_sugar_expression<true, Rcpp::sugar::Plus_Vector_Primitive<14, true, Rcpp::sugar::Minus_Vector_Vector<14, true, Rcpp::sugar::Times_Vector_Primitive<14, true, Rcpp::internal::RangeIndexer<14, true, Rcpp::Vector<14, Rcpp::PreserveStorage> > >, true, Rcpp::Vector<14, Rcpp::PreserveStorage> > > >(Rcpp::VectorBase<14, true, Rcpp::sugar::Plus_Vector_Primitive<14, true, Rcpp::sugar::Minus_Vector_Vector<14, true, Rcpp::sugar::Times_Vector_Primitive<14, true, Rcpp::internal::RangeIndexer<14, true, Rcpp::Vector<14, Rcpp::PreserveStorage> > >, true, Rcpp::Vector<14, Rcpp::PreserveStorage> > > > const&, Rcpp::traits::integral_constant<bool, false>)
  [UP] calling allocating function Rcpp::PreserveStorage<Rcpp::Vector<14, Rcpp::PreserveStorage> >::set__(SEXPREC*)(?,V) with argument allocated using Rf_allocVector Rcpp/include/Rcpp/vector/Vector.h:1070

Function void Rcpp::Vector<14, Rcpp::PreserveStorage>::import_sugar_expression<true, Rcpp::sugar::Plus_Vector_Primitive<14, true, Rcpp::sugar::Plus_Vector_Primitive<14, true, Rcpp::sugar::Minus_Vector_Vector<14, true, Rcpp::sugar::Times_Vector_Primitive<14, true, Rcpp::internal::RangeIndexer<14, true, Rcpp::Vector<14, Rcpp::PreserveStorage> > >, true, Rcpp::Vector<14, Rcpp::PreserveStorage> > > > >(Rcpp::VectorBase<14, true, Rcpp::sugar::Plus_Vector_Primitive<14, true, Rcpp::sugar::Plus_Vector_Primitive<14, true, Rcpp::sugar::Minus_Vector_Vector<14, true, Rcpp::sugar::Times_Vector_Primitive<14, true, Rcpp::internal::RangeIndexer<14, true, Rcpp::Vector<14, Rcpp::PreserveStorage> > >, true, Rcpp::Vector<14, Rcpp::PreserveStorage> > > > > const&, Rcpp::traits::integral_constant<bool, false>)
  [UP] calling allocating function Rcpp::PreserveStorage<Rcpp::Vector<14, Rcpp::PreserveStorage> >::set__(SEXPREC*)(?,V) with argument allocated using Rf_allocVector Rcpp/include/Rcpp/vector/Vector.h:1070

Function void Rcpp::Vector<14, Rcpp::PreserveStorage>::import_sugar_expression<true, Rcpp::sugar::Times_Vector_Vector<14, true, Rcpp::Vector<14, Rcpp::PreserveStorage>, true, Rcpp::Vector<14, Rcpp::PreserveStorage> > >(Rcpp::VectorBase<14, true, Rcpp::sugar::Times_Vector_Vector<14, true, Rcpp::Vector<14, Rcpp::PreserveStorage>, true, Rcpp::Vector<14, Rcpp::PreserveStorage> > > const&, Rcpp::traits::integral_constant<bool, false>)
  [UP] calling allocating function Rcpp::PreserveStorage<Rcpp::Vector<14, Rcpp::PreserveStorage> >::set__(SEXPREC*)(?,V) with argument allocated using Rf_allocVector Rcpp/include/Rcpp/vector/Vector.h:1070
