Package iglm version 1.0
Package built using 89067/R 4.6.0; x86_64-pc-linux-gnu; 2025-11-27 18:44:17 UTC; unix   
Checked with rchk version 35618ebbccf3cd0b45a3530e6303970a22a9056b LLVM version 14.0.6
More information at https://github.com/kalibera/cran-checks/blob/master/rchk/PROTECT.md
For rchk in docker image see https://github.com/kalibera/rchk/blob/master/doc/DOCKER.md


Function Rcpp::Rcpp_protect(SEXPREC*)
  [PB] has possible protection stack imbalance Rcpp/include/Rcpp/protection/Shield.h:25

Function Rcpp::Rcpp_unprotect(int)
  [PB] has an unsupported form of unprotect with a variable results will be incomplete Rcpp/include/Rcpp/protection/Shield.h:31
  [UP] unsupported form of unprotect, unprotecting all variables, results will be incomplete Rcpp/include/Rcpp/protection/Shield.h:31

Function _iglm_get_A_inv
  [UP] ignoring variable <unnamed var:   %12 = alloca %struct.SEXPREC*, align 8> as it has address taken, results will be incomplete 

Function _iglm_invert_mat
  [UP] ignoring variable <unnamed var:   %18 = alloca %struct.SEXPREC*, align 8> as it has address taken, results will be incomplete 

Function _iglm_outerloop_estimation_pl
  [UP] ignoring variable <unnamed var:   %87 = alloca %struct.SEXPREC*, align 8> as it has address taken, results will be incomplete 

Function _iglm_pl_estimation
  [UP] ignoring variable <unnamed var:   %69 = alloca %struct.SEXPREC*, align 8> as it has address taken, results will be incomplete 

Function _iglm_pl_estimation_old
  [UP] ignoring variable <unnamed var:   %69 = alloca %struct.SEXPREC*, align 8> as it has address taken, results will be incomplete 

Function _iglm_xyz_approximate_variability
  [UP] ignoring variable <unnamed var:   %105 = alloca %struct.SEXPREC*, align 8> as it has address taken, results will be incomplete 

Function _iglm_xyz_count_global
  [UP] ignoring variable <unnamed var:   %51 = alloca %struct.SEXPREC*, align 8> as it has address taken, results will be incomplete 

Function _iglm_xyz_prepare_pseudo_estimation
  [UP] ignoring variable <unnamed var:   %60 = alloca %struct.SEXPREC*, align 8> as it has address taken, results will be incomplete 

Function _iglm_xyz_simulate_cpp
  [UP] ignoring variable <unnamed var:   %105 = alloca %struct.SEXPREC*, align 8> as it has address taken, results will be incomplete 
