Package IncDTW version 1.1.4.2
Package built using 80032/R 4.1.0; x86_64-pc-linux-gnu; 2021-02-24 13:50:41 UTC; unix   
Checked with rchk version 3d653b7c8f92dac912532856b55f44d2986c6553 LLVM version 10.0.1
More information at https://github.com/kalibera/cran-checks/blob/master/rchk/PROTECT.md
For rchk in docker image see https://github.com/kalibera/rchk/blob/master/doc/DOCKER.md


Function Rcpp::Armor<SEXPREC*>::init(SEXPREC*)
  [PB] has possible protection stack imbalance Rcpp/include/Rcpp/protection/Armor.h:47

Function Rcpp::Armor<SEXPREC*>::~Armor()
  [PB] has negative depth Rcpp/include/Rcpp/protection/Armor.h:41
  [UP] attempt to unprotect more items (1) than protected (0), results will be incomplete Rcpp/include/Rcpp/protection/Armor.h:41
  [PB] has possible protection stack imbalance Rcpp/include/Rcpp/protection/Armor.h:42

Function Rcpp::Rcpp_protect(SEXPREC*)
  [PB] has possible protection stack imbalance Rcpp/include/Rcpp/protection/Shield.h:25

Function Rcpp::Rcpp_unprotect(int)
  [PB] has an unsupported form of unprotect with a variable results will be incomplete Rcpp/include/Rcpp/protection/Shield.h:31
  [UP] unsupported form of unprotect, unprotecting all variables, results will be incomplete Rcpp/include/Rcpp/protection/Shield.h:31

Function Rcpp::Vector<13, Rcpp::PreserveStorage>::Vector(Rcpp::Dimension const&)
  [UP] calling allocating function Rcpp::PreserveStorage<Rcpp::Vector<13, Rcpp::PreserveStorage> >::set__(SEXPREC*)(?,V) with argument allocated using Rf_allocVector Rcpp/include/Rcpp/vector/Vector.h:135

Function Rcpp::Vector<13, Rcpp::PreserveStorage>::Vector(SEXPREC*)
  [UP] calling allocating function Rcpp::PreserveStorage<Rcpp::Vector<13, Rcpp::PreserveStorage> >::set__(SEXPREC*) with argument allocated using SEXPREC* Rcpp::r_cast<13>(SEXPREC*) Rcpp/include/Rcpp/vector/Vector.h:74

Function Rcpp::Vector<13, Rcpp::PreserveStorage>::Vector(int const&)
  [UP] calling allocating function Rcpp::PreserveStorage<Rcpp::Vector<13, Rcpp::PreserveStorage> >::set__(SEXPREC*)(?,V) with argument allocated using Rf_allocVector Rcpp/include/Rcpp/vector/Vector.h:130

Function Rcpp::Vector<13, Rcpp::PreserveStorage>::Vector(int const&, int const&)
  [UP] calling allocating function Rcpp::PreserveStorage<Rcpp::Vector<13, Rcpp::PreserveStorage> >::set__(SEXPREC*)(?,V) with argument allocated using Rf_allocVector Rcpp/include/Rcpp/vector/Vector.h:97

Function Rcpp::Vector<14, Rcpp::PreserveStorage>::Vector(Rcpp::Dimension const&)
  [UP] calling allocating function Rcpp::PreserveStorage<Rcpp::Vector<14, Rcpp::PreserveStorage> >::set__(SEXPREC*)(?,V) with argument allocated using Rf_allocVector Rcpp/include/Rcpp/vector/Vector.h:135

Function Rcpp::Vector<14, Rcpp::PreserveStorage>::Vector(SEXPREC*)
  [UP] calling allocating function Rcpp::PreserveStorage<Rcpp::Vector<14, Rcpp::PreserveStorage> >::set__(SEXPREC*) with argument allocated using SEXPREC* Rcpp::r_cast<14>(SEXPREC*) Rcpp/include/Rcpp/vector/Vector.h:74

Function Rcpp::Vector<14, Rcpp::PreserveStorage>::Vector(int const&)
  [UP] calling allocating function Rcpp::PreserveStorage<Rcpp::Vector<14, Rcpp::PreserveStorage> >::set__(SEXPREC*)(?,V) with argument allocated using Rf_allocVector Rcpp/include/Rcpp/vector/Vector.h:130

Function Rcpp::Vector<14, Rcpp::PreserveStorage>::Vector(int const&, double const&)
  [UP] calling allocating function Rcpp::PreserveStorage<Rcpp::Vector<14, Rcpp::PreserveStorage> >::set__(SEXPREC*)(?,V) with argument allocated using Rf_allocVector Rcpp/include/Rcpp/vector/Vector.h:97

Function Rcpp::Vector<19, Rcpp::PreserveStorage>::Vector()
  [UP] calling allocating function Rcpp::PreserveStorage<Rcpp::Vector<19, Rcpp::PreserveStorage> >::set__(SEXPREC*)(?,V) with argument allocated using Rf_allocVector Rcpp/include/Rcpp/vector/Vector.h:57

Function Rcpp::Vector<19, Rcpp::PreserveStorage>::Vector(int const&)
  [UP] calling allocating function Rcpp::PreserveStorage<Rcpp::Vector<19, Rcpp::PreserveStorage> >::set__(SEXPREC*)(?,V) with argument allocated using Rf_allocVector Rcpp/include/Rcpp/vector/Vector.h:130

Function Rcpp::Vector<19, Rcpp::PreserveStorage>::push_back_name__impl(SEXPREC* const&, std::__1::basic_string<char, std::__1::char_traits<char>, std::__1::allocator<char> > const&, Rcpp::traits::integral_constant<bool, true>)
  [UP] unprotected variable names while calling allocating function Rf_allocVector Rcpp/include/Rcpp/vector/Vector.h:683

Function Rcpp::XPtr<double (*)(Rcpp::Matrix<14, Rcpp::PreserveStorage> const&, Rcpp::Matrix<14, Rcpp::PreserveStorage> const&, Rcpp::Vector<14, Rcpp::PreserveStorage> const&, Rcpp::Vector<14, Rcpp::PreserveStorage> const&, double, int, int, int), Rcpp::PreserveStorage, &(void Rcpp::standard_delete_finalizer<double (*)(Rcpp::Matrix<14, Rcpp::PreserveStorage> const&, Rcpp::Matrix<14, Rcpp::PreserveStorage> const&, Rcpp::Vector<14, Rcpp::PreserveStorage> const&, Rcpp::Vector<14, Rcpp::PreserveStorage> const&, double, int, int, int)>(double (**)(Rcpp::Matrix<14, Rcpp::PreserveStorage> const&, Rcpp::Matrix<14, Rcpp::PreserveStorage> const&, Rcpp::Vector<14, Rcpp::PreserveStorage> const&, Rcpp::Vector<14, Rcpp::PreserveStorage> const&, double, int, int, int))), false>::XPtr(double (**)(Rcpp::Matrix<14, Rcpp::PreserveStorage> const&, Rcpp::Matrix<14, Rcpp::PreserveStorage> const&, Rcpp::Vector<14, Rcpp::PreserveStorage> const&, Rcpp::Vector<14, Rcpp::PreserveStorage> const&, double, int, int, int), bool, SEXPREC*, SEXPREC*)
  [UP] calling allocating function Rcpp::PreserveStorage<Rcpp::XPtr<double (*)(Rcpp::Matrix<14, Rcpp::PreserveStorage> const&, Rcpp::Matrix<14, Rcpp::PreserveStorage> const&, Rcpp::Vector<14, Rcpp::PreserveStorage> const&, Rcpp::Vector<14, Rcpp::PreserveStorage> const&, double, int, int, int), Rcpp::PreserveStorage, &(void Rcpp::standard_delete_finalizer<double (*)(Rcpp::Matrix<14, Rcpp::PreserveStorage> const&, Rcpp::Matrix<14, Rcpp::PreserveStorage> const&, Rcpp::Vector<14, Rcpp::PreserveStorage> const&, Rcpp::Vector<14, Rcpp::PreserveStorage> const&, double, int, int, int)>(double (**)(Rcpp::Matrix<14, Rcpp::PreserveStorage> const&, Rcpp::Matrix<14, Rcpp::PreserveStorage> const&, Rcpp::Vector<14, Rcpp::PreserveStorage> const&, Rcpp::Vector<14, Rcpp::PreserveStorage> const&, double, int, int, int))), false> >::set__(SEXPREC*) with argument allocated using R_MakeExternalPtr Rcpp/include/Rcpp/XPtr.h:102

Function Rcpp::XPtr<double (*)(Rcpp::Matrix<14, Rcpp::PreserveStorage> const&, Rcpp::Matrix<14, Rcpp::PreserveStorage> const&, Rcpp::Vector<14, Rcpp::PreserveStorage> const&, Rcpp::Vector<14, Rcpp::PreserveStorage> const&, int, int, int), Rcpp::PreserveStorage, &(void Rcpp::standard_delete_finalizer<double (*)(Rcpp::Matrix<14, Rcpp::PreserveStorage> const&, Rcpp::Matrix<14, Rcpp::PreserveStorage> const&, Rcpp::Vector<14, Rcpp::PreserveStorage> const&, Rcpp::Vector<14, Rcpp::PreserveStorage> const&, int, int, int)>(double (**)(Rcpp::Matrix<14, Rcpp::PreserveStorage> const&, Rcpp::Matrix<14, Rcpp::PreserveStorage> const&, Rcpp::Vector<14, Rcpp::PreserveStorage> const&, Rcpp::Vector<14, Rcpp::PreserveStorage> const&, int, int, int))), false>::XPtr(double (**)(Rcpp::Matrix<14, Rcpp::PreserveStorage> const&, Rcpp::Matrix<14, Rcpp::PreserveStorage> const&, Rcpp::Vector<14, Rcpp::PreserveStorage> const&, Rcpp::Vector<14, Rcpp::PreserveStorage> const&, int, int, int), bool, SEXPREC*, SEXPREC*)
  [UP] calling allocating function Rcpp::PreserveStorage<Rcpp::XPtr<double (*)(Rcpp::Matrix<14, Rcpp::PreserveStorage> const&, Rcpp::Matrix<14, Rcpp::PreserveStorage> const&, Rcpp::Vector<14, Rcpp::PreserveStorage> const&, Rcpp::Vector<14, Rcpp::PreserveStorage> const&, int, int, int), Rcpp::PreserveStorage, &(void Rcpp::standard_delete_finalizer<double (*)(Rcpp::Matrix<14, Rcpp::PreserveStorage> const&, Rcpp::Matrix<14, Rcpp::PreserveStorage> const&, Rcpp::Vector<14, Rcpp::PreserveStorage> const&, Rcpp::Vector<14, Rcpp::PreserveStorage> const&, int, int, int)>(double (**)(Rcpp::Matrix<14, Rcpp::PreserveStorage> const&, Rcpp::Matrix<14, Rcpp::PreserveStorage> const&, Rcpp::Vector<14, Rcpp::PreserveStorage> const&, Rcpp::Vector<14, Rcpp::PreserveStorage> const&, int, int, int))), false> >::set__(SEXPREC*) with argument allocated using R_MakeExternalPtr Rcpp/include/Rcpp/XPtr.h:102

Function Rcpp::XPtr<double (*)(Rcpp::Matrix<14, Rcpp::PreserveStorage> const&, Rcpp::Matrix<14, Rcpp::PreserveStorage> const&, int, int, int), Rcpp::PreserveStorage, &(void Rcpp::standard_delete_finalizer<double (*)(Rcpp::Matrix<14, Rcpp::PreserveStorage> const&, Rcpp::Matrix<14, Rcpp::PreserveStorage> const&, int, int, int)>(double (**)(Rcpp::Matrix<14, Rcpp::PreserveStorage> const&, Rcpp::Matrix<14, Rcpp::PreserveStorage> const&, int, int, int))), false>::XPtr(double (**)(Rcpp::Matrix<14, Rcpp::PreserveStorage> const&, Rcpp::Matrix<14, Rcpp::PreserveStorage> const&, int, int, int), bool, SEXPREC*, SEXPREC*)
  [UP] calling allocating function Rcpp::PreserveStorage<Rcpp::XPtr<double (*)(Rcpp::Matrix<14, Rcpp::PreserveStorage> const&, Rcpp::Matrix<14, Rcpp::PreserveStorage> const&, int, int, int), Rcpp::PreserveStorage, &(void Rcpp::standard_delete_finalizer<double (*)(Rcpp::Matrix<14, Rcpp::PreserveStorage> const&, Rcpp::Matrix<14, Rcpp::PreserveStorage> const&, int, int, int)>(double (**)(Rcpp::Matrix<14, Rcpp::PreserveStorage> const&, Rcpp::Matrix<14, Rcpp::PreserveStorage> const&, int, int, int))), false> >::set__(SEXPREC*) with argument allocated using R_MakeExternalPtr Rcpp/include/Rcpp/XPtr.h:102

Function Rcpp::XPtr<double (*)(arma::Mat<double> const&, arma::Mat<double> const&, int, int, int), Rcpp::PreserveStorage, &(void Rcpp::standard_delete_finalizer<double (*)(arma::Mat<double> const&, arma::Mat<double> const&, int, int, int)>(double (**)(arma::Mat<double> const&, arma::Mat<double> const&, int, int, int))), false>::XPtr(double (**)(arma::Mat<double> const&, arma::Mat<double> const&, int, int, int), bool, SEXPREC*, SEXPREC*)
  [UP] calling allocating function Rcpp::PreserveStorage<Rcpp::XPtr<double (*)(arma::Mat<double> const&, arma::Mat<double> const&, int, int, int), Rcpp::PreserveStorage, &(void Rcpp::standard_delete_finalizer<double (*)(arma::Mat<double> const&, arma::Mat<double> const&, int, int, int)>(double (**)(arma::Mat<double> const&, arma::Mat<double> const&, int, int, int))), false> >::set__(SEXPREC*) with argument allocated using R_MakeExternalPtr Rcpp/include/Rcpp/XPtr.h:102

Function Rcpp::XPtr<double (*)(double, double, double, double), Rcpp::PreserveStorage, &(void Rcpp::standard_delete_finalizer<double (*)(double, double, double, double)>(double (**)(double, double, double, double))), false>::XPtr(double (**)(double, double, double, double), bool, SEXPREC*, SEXPREC*)
  [UP] calling allocating function Rcpp::PreserveStorage<Rcpp::XPtr<double (*)(double, double, double, double), Rcpp::PreserveStorage, &(void Rcpp::standard_delete_finalizer<double (*)(double, double, double, double)>(double (**)(double, double, double, double))), false> >::set__(SEXPREC*) with argument allocated using R_MakeExternalPtr Rcpp/include/Rcpp/XPtr.h:102

Function Rcpp::XPtr<gcmOneStep (*)(double, double, double, double), Rcpp::PreserveStorage, &(void Rcpp::standard_delete_finalizer<gcmOneStep (*)(double, double, double, double)>(gcmOneStep (**)(double, double, double, double))), false>::XPtr(gcmOneStep (**)(double, double, double, double), bool, SEXPREC*, SEXPREC*)
  [UP] calling allocating function Rcpp::PreserveStorage<Rcpp::XPtr<gcmOneStep (*)(double, double, double, double), Rcpp::PreserveStorage, &(void Rcpp::standard_delete_finalizer<gcmOneStep (*)(double, double, double, double)>(gcmOneStep (**)(double, double, double, double))), false> >::set__(SEXPREC*) with argument allocated using R_MakeExternalPtr Rcpp/include/Rcpp/XPtr.h:102

Function Rcpp::XPtr<void (*)(Rcpp::Matrix<14, Rcpp::PreserveStorage>&, Rcpp::Matrix<14, Rcpp::PreserveStorage> const&, Rcpp::Matrix<14, Rcpp::PreserveStorage> const&, int, int, int, int), Rcpp::PreserveStorage, &(void Rcpp::standard_delete_finalizer<void (*)(Rcpp::Matrix<14, Rcpp::PreserveStorage>&, Rcpp::Matrix<14, Rcpp::PreserveStorage> const&, Rcpp::Matrix<14, Rcpp::PreserveStorage> const&, int, int, int, int)>(void (**)(Rcpp::Matrix<14, Rcpp::PreserveStorage>&, Rcpp::Matrix<14, Rcpp::PreserveStorage> const&, Rcpp::Matrix<14, Rcpp::PreserveStorage> const&, int, int, int, int))), false>::XPtr(void (**)(Rcpp::Matrix<14, Rcpp::PreserveStorage>&, Rcpp::Matrix<14, Rcpp::PreserveStorage> const&, Rcpp::Matrix<14, Rcpp::PreserveStorage> const&, int, int, int, int), bool, SEXPREC*, SEXPREC*)
  [UP] calling allocating function Rcpp::PreserveStorage<Rcpp::XPtr<void (*)(Rcpp::Matrix<14, Rcpp::PreserveStorage>&, Rcpp::Matrix<14, Rcpp::PreserveStorage> const&, Rcpp::Matrix<14, Rcpp::PreserveStorage> const&, int, int, int, int), Rcpp::PreserveStorage, &(void Rcpp::standard_delete_finalizer<void (*)(Rcpp::Matrix<14, Rcpp::PreserveStorage>&, Rcpp::Matrix<14, Rcpp::PreserveStorage> const&, Rcpp::Matrix<14, Rcpp::PreserveStorage> const&, int, int, int, int)>(void (**)(Rcpp::Matrix<14, Rcpp::PreserveStorage>&, Rcpp::Matrix<14, Rcpp::PreserveStorage> const&, Rcpp::Matrix<14, Rcpp::PreserveStorage> const&, int, int, int, int))), false> >::set__(SEXPREC*) with argument allocated using R_MakeExternalPtr Rcpp/include/Rcpp/XPtr.h:102

Function Rcpp::internal::convert_using_rfunction(SEXPREC*, char const*)
  [UP] ignoring variable <unnamed var:   %10 = alloca %struct.SEXPREC*, align 8> as it has address taken, results will be incomplete 

Function Rcpp::internal::generic_name_proxy<19, Rcpp::PreserveStorage>::set(SEXPREC*)
  [UP] ignoring variable rhs as it has address taken, results will be incomplete 

Function _IncDTW_BACKTRACK2II_cpp
  [UP] ignoring variable <unnamed var:   %15 = alloca %struct.SEXPREC*, align 8> as it has address taken, results will be incomplete 

Function _IncDTW_BACKTRACK2IN_cpp
  [UP] ignoring variable <unnamed var:   %15 = alloca %struct.SEXPREC*, align 8> as it has address taken, results will be incomplete 

Function _IncDTW_BACKTRACK_cpp
  [UP] ignoring variable <unnamed var:   %12 = alloca %struct.SEXPREC*, align 8> as it has address taken, results will be incomplete 

Function _IncDTW_GCM_Sakoe_cpp
  [UP] ignoring variable <unnamed var:   %18 = alloca %struct.SEXPREC*, align 8> as it has address taken, results will be incomplete 

Function _IncDTW_GCM_cpp
  [UP] ignoring variable <unnamed var:   %15 = alloca %struct.SEXPREC*, align 8> as it has address taken, results will be incomplete 

Function _IncDTW_IGCM_Sakoe_cpp
  [UP] ignoring variable <unnamed var:   %24 = alloca %struct.SEXPREC*, align 8> as it has address taken, results will be incomplete 

Function _IncDTW_IGCM_cpp
  [UP] ignoring variable <unnamed var:   %21 = alloca %struct.SEXPREC*, align 8> as it has address taken, results will be incomplete 

Function _IncDTW_cpp_cm
  [UP] ignoring variable <unnamed var:   %24 = alloca %struct.SEXPREC*, align 8> as it has address taken, results will be incomplete 

Function _IncDTW_cpp_diffm
  [UP] ignoring variable <unnamed var:   %21 = alloca %struct.SEXPREC*, align 8> as it has address taken, results will be incomplete 

Function _IncDTW_cpp_dtw2vec
  [UP] ignoring variable <unnamed var:   %18 = alloca %struct.SEXPREC*, align 8> as it has address taken, results will be incomplete 

Function _IncDTW_cpp_dtw2vec_cm
  [UP] ignoring variable <unnamed var:   %15 = alloca %struct.SEXPREC*, align 8> as it has address taken, results will be incomplete 

Function _IncDTW_cpp_dtw2vec_cm_inc
  [UP] ignoring variable <unnamed var:   %18 = alloca %struct.SEXPREC*, align 8> as it has address taken, results will be incomplete 

Function _IncDTW_cpp_dtw2vec_cm_ws_ea
  [UP] ignoring variable <unnamed var:   %21 = alloca %struct.SEXPREC*, align 8> as it has address taken, results will be incomplete 

Function _IncDTW_cpp_dtw2vec_cm_ws_inc
  [UP] ignoring variable <unnamed var:   %24 = alloca %struct.SEXPREC*, align 8> as it has address taken, results will be incomplete 

Function _IncDTW_cpp_dtw2vec_ea
  [UP] ignoring variable <unnamed var:   %21 = alloca %struct.SEXPREC*, align 8> as it has address taken, results will be incomplete 

Function _IncDTW_cpp_dtw2vec_inc
  [UP] ignoring variable <unnamed var:   %21 = alloca %struct.SEXPREC*, align 8> as it has address taken, results will be incomplete 

Function _IncDTW_cpp_dtw2vec_inc_mv
  [UP] ignoring variable <unnamed var:   %24 = alloca %struct.SEXPREC*, align 8> as it has address taken, results will be incomplete 

Function _IncDTW_cpp_dtw2vec_inc_mv_ws
  [UP] ignoring variable <unnamed var:   %30 = alloca %struct.SEXPREC*, align 8> as it has address taken, results will be incomplete 

Function _IncDTW_cpp_dtw2vec_inc_ws
  [UP] ignoring variable <unnamed var:   %27 = alloca %struct.SEXPREC*, align 8> as it has address taken, results will be incomplete 

Function _IncDTW_cpp_dtw2vec_mv
  [UP] ignoring variable <unnamed var:   %21 = alloca %struct.SEXPREC*, align 8> as it has address taken, results will be incomplete 

Function _IncDTW_cpp_dtw2vec_mv_ws_ea
  [UP] ignoring variable <unnamed var:   %27 = alloca %struct.SEXPREC*, align 8> as it has address taken, results will be incomplete 

Function _IncDTW_cpp_dtw2vec_v32
  [UP] ignoring variable <unnamed var:   %15 = alloca %struct.SEXPREC*, align 8> as it has address taken, results will be incomplete 

Function _IncDTW_cpp_dtw2vec_ws
  [UP] ignoring variable <unnamed var:   %21 = alloca %struct.SEXPREC*, align 8> as it has address taken, results will be incomplete 

Function _IncDTW_cpp_dtw2vec_ws_ea
  [UP] ignoring variable <unnamed var:   %24 = alloca %struct.SEXPREC*, align 8> as it has address taken, results will be incomplete 

Function _IncDTW_cpp_get_tube
  [UP] ignoring variable <unnamed var:   %15 = alloca %struct.SEXPREC*, align 8> as it has address taken, results will be incomplete 

Function _IncDTW_cpp_get_tube_mv
  [UP] ignoring variable <unnamed var:   %15 = alloca %struct.SEXPREC*, align 8> as it has address taken, results will be incomplete 

Function _IncDTW_cpp_kNN_rev
  [UP] ignoring variable <unnamed var:   %18 = alloca %struct.SEXPREC*, align 8> as it has address taken, results will be incomplete 

Function _IncDTW_cpp_local_min
  [UP] ignoring variable <unnamed var:   %18 = alloca %struct.SEXPREC*, align 8> as it has address taken, results will be incomplete 

Function _IncDTW_cpp_norm01
  [UP] ignoring variable <unnamed var:   %21 = alloca %struct.SEXPREC*, align 8> as it has address taken, results will be incomplete 

Function _IncDTW_cpp_rundtw
  [UP] ignoring variable <unnamed var:   %42 = alloca %struct.SEXPREC*, align 8> as it has address taken, results will be incomplete 

Function _IncDTW_cpp_rundtw_lot
  [UP] ignoring variable <unnamed var:   %54 = alloca %struct.SEXPREC*, align 8> as it has address taken, results will be incomplete 

Function _IncDTW_cpp_rundtw_mv
  [UP] ignoring variable <unnamed var:   %45 = alloca %struct.SEXPREC*, align 8> as it has address taken, results will be incomplete 

Function _IncDTW_cpp_rundtw_mv_lot
  [UP] ignoring variable <unnamed var:   %57 = alloca %struct.SEXPREC*, align 8> as it has address taken, results will be incomplete 

Function _IncDTW_cpp_rundtw_znorm
  [UP] ignoring variable <unnamed var:   %39 = alloca %struct.SEXPREC*, align 8> as it has address taken, results will be incomplete 

Function _IncDTW_cpp_rundtw_znorm_lot
  [UP] ignoring variable <unnamed var:   %51 = alloca %struct.SEXPREC*, align 8> as it has address taken, results will be incomplete 

Function _IncDTW_cpp_rundtw_znorm_mv
  [UP] ignoring variable <unnamed var:   %42 = alloca %struct.SEXPREC*, align 8> as it has address taken, results will be incomplete 

Function _IncDTW_cpp_rundtw_znorm_mv_lot
  [UP] ignoring variable <unnamed var:   %54 = alloca %struct.SEXPREC*, align 8> as it has address taken, results will be incomplete 

Function _IncDTW_cpp_znorm
  [UP] ignoring variable <unnamed var:   %21 = alloca %struct.SEXPREC*, align 8> as it has address taken, results will be incomplete 

Function _IncDTW_get_lb
  [UP] ignoring variable <unnamed var:   %21 = alloca %struct.SEXPREC*, align 8> as it has address taken, results will be incomplete 

Function _IncDTW_get_lb_mv1
  [UP] ignoring variable <unnamed var:   %24 = alloca %struct.SEXPREC*, align 8> as it has address taken, results will be incomplete 

Function _IncDTW_get_lb_mv2
  [UP] ignoring variable <unnamed var:   %24 = alloca %struct.SEXPREC*, align 8> as it has address taken, results will be incomplete 

Function _IncDTW_get_lb_mv22
  [UP] ignoring variable <unnamed var:   %24 = alloca %struct.SEXPREC*, align 8> as it has address taken, results will be incomplete 

Function _IncDTW_get_lb_znorm
  [UP] ignoring variable <unnamed var:   %30 = alloca %struct.SEXPREC*, align 8> as it has address taken, results will be incomplete 

Function _IncDTW_normmat
  [UP] ignoring variable <unnamed var:   %12 = alloca %struct.SEXPREC*, align 8> as it has address taken, results will be incomplete 

Function _IncDTW_parallel_dm_dtw
  [UP] ignoring variable <unnamed var:   %30 = alloca %struct.SEXPREC*, align 8> as it has address taken, results will be incomplete 

Function _IncDTW_parallel_dm_dtw_mv
  [UP] ignoring variable <unnamed var:   %33 = alloca %struct.SEXPREC*, align 8> as it has address taken, results will be incomplete 

Function _IncDTW_parallel_dv_dtw
  [UP] ignoring variable <unnamed var:   %27 = alloca %struct.SEXPREC*, align 8> as it has address taken, results will be incomplete 

Function _IncDTW_parallel_dv_dtw_mv
  [UP] ignoring variable <unnamed var:   %30 = alloca %struct.SEXPREC*, align 8> as it has address taken, results will be incomplete 

Function _ZN4Rcpp6VectorILi14ENS_15PreserveStorageEEC2IlEET_PNS_6traits9enable_ifIXsr6traits13is_arithmeticIS4_EE5valueEvE4typeE
  [UP] calling allocating function Rcpp::PreserveStorage<Rcpp::Vector<14, Rcpp::PreserveStorage> >::set__(SEXPREC*)(?,V) with argument allocated using Rf_allocVector Rcpp/include/Rcpp/vector/Vector.h:125

Function _ZN4Rcpp6VectorILi16ENS_15PreserveStorageEEC2ImEET_PNS_6traits9enable_ifIXsr6traits13is_arithmeticIS4_EE5valueEvE4typeE
  [UP] calling allocating function Rcpp::PreserveStorage<Rcpp::Vector<16, Rcpp::PreserveStorage> >::set__(SEXPREC*)(?,V) with argument allocated using Rf_allocVector Rcpp/include/Rcpp/vector/Vector.h:125

Function _ZN4Rcpp6VectorILi19ENS_15PreserveStorageEEC2IdEET_PNS_6traits9enable_ifIXsr6traits13is_arithmeticIS4_EE5valueEvE4typeE
  [UP] calling allocating function Rcpp::PreserveStorage<Rcpp::Vector<19, Rcpp::PreserveStorage> >::set__(SEXPREC*)(?,V) with argument allocated using Rf_allocVector Rcpp/include/Rcpp/vector/Vector.h:125

Function _ZN4Rcpp6VectorILi19ENS_15PreserveStorageEEC2IlEET_PNS_6traits9enable_ifIXsr6traits13is_arithmeticIS4_EE5valueEvE4typeE
  [UP] calling allocating function Rcpp::PreserveStorage<Rcpp::Vector<19, Rcpp::PreserveStorage> >::set__(SEXPREC*)(?,V) with argument allocated using Rf_allocVector Rcpp/include/Rcpp/vector/Vector.h:125

Function void Rcpp::Vector<19, Rcpp::PreserveStorage>::push_back<SEXPREC*>(SEXPREC* const&, std::__1::basic_string<char, std::__1::char_traits<char>, std::__1::allocator<char> > const&)
  [UP] ignoring variable <unnamed var:   %7 = alloca %struct.SEXPREC*, align 8> as it has address taken, results will be incomplete 
