Package incgraph version 1.0.1
Package built using 80023/R 4.1.0; x86_64-pc-linux-gnu; 2021-02-19 16:06:49 UTC; unix   
Checked with rchk version 3d653b7c8f92dac912532856b55f44d2986c6553 LLVM version 10.0.1
More information at https://github.com/kalibera/cran-checks/blob/master/rchk/PROTECT.md
For rchk in docker image see https://github.com/kalibera/rchk/blob/master/doc/DOCKER.md


Function Rcpp::Rcpp_protect(SEXPREC*)
  [PB] has possible protection stack imbalance Rcpp/include/Rcpp/protection/Shield.h:25

Function Rcpp::Rcpp_unprotect(int)
  [PB] has an unsupported form of unprotect with a variable results will be incomplete Rcpp/include/Rcpp/protection/Shield.h:31
  [UP] unsupported form of unprotect, unprotecting all variables, results will be incomplete Rcpp/include/Rcpp/protection/Shield.h:31

Function Rcpp::Reference_Impl<Rcpp::PreserveStorage>::Reference_Impl(std::__1::basic_string<char, std::__1::char_traits<char>, std::__1::allocator<char> > const&)
  [UP] calling allocating function Rcpp::Rcpp_fast_eval(SEXPREC*, SEXPREC*) with argument allocated using Rcpp::internal::get_Rcpp_namespace() Rcpp/include/Rcpp/Reference.h:63

Function Rcpp::Vector<10, Rcpp::PreserveStorage>::Vector(int const&)
  [UP] calling allocating function Rcpp::PreserveStorage<Rcpp::Vector<10, Rcpp::PreserveStorage> >::set__(SEXPREC*)(?,V) with argument allocated using Rf_allocVector Rcpp/include/Rcpp/vector/Vector.h:130

Function Rcpp::Vector<13, Rcpp::PreserveStorage>::Vector(Rcpp::Dimension const&)
  [UP] calling allocating function Rcpp::PreserveStorage<Rcpp::Vector<13, Rcpp::PreserveStorage> >::set__(SEXPREC*)(?,V) with argument allocated using Rf_allocVector Rcpp/include/Rcpp/vector/Vector.h:135

Function Rcpp::Vector<13, Rcpp::PreserveStorage>::Vector(SEXPREC*)
  [UP] calling allocating function Rcpp::PreserveStorage<Rcpp::Vector<13, Rcpp::PreserveStorage> >::set__(SEXPREC*) with argument allocated using SEXPREC* Rcpp::r_cast<13>(SEXPREC*) Rcpp/include/Rcpp/vector/Vector.h:74

Function Rcpp::Vector<13, Rcpp::PreserveStorage>::Vector(int const&)
  [UP] calling allocating function Rcpp::PreserveStorage<Rcpp::Vector<13, Rcpp::PreserveStorage> >::set__(SEXPREC*)(?,V) with argument allocated using Rf_allocVector Rcpp/include/Rcpp/vector/Vector.h:130

Function Rcpp::Vector<16, Rcpp::PreserveStorage>::Vector(int const&)
  [UP] calling allocating function Rcpp::PreserveStorage<Rcpp::Vector<16, Rcpp::PreserveStorage> >::set__(SEXPREC*)(?,V) with argument allocated using Rf_allocVector Rcpp/include/Rcpp/vector/Vector.h:130

Function Rcpp::Vector<19, Rcpp::PreserveStorage>::Vector(int const&)
  [UP] calling allocating function Rcpp::PreserveStorage<Rcpp::Vector<19, Rcpp::PreserveStorage> >::set__(SEXPREC*)(?,V) with argument allocated using Rf_allocVector Rcpp/include/Rcpp/vector/Vector.h:130

Function Rcpp::XPtr<IncGraphNetwork, Rcpp::PreserveStorage, &(void Rcpp::standard_delete_finalizer<IncGraphNetwork>(IncGraphNetwork*)), false>::XPtr(IncGraphNetwork*, bool, SEXPREC*, SEXPREC*)
  [UP] calling allocating function Rcpp::PreserveStorage<Rcpp::XPtr<IncGraphNetwork, Rcpp::PreserveStorage, &(void Rcpp::standard_delete_finalizer<IncGraphNetwork>(IncGraphNetwork*)), false> >::set__(SEXPREC*) with argument allocated using R_MakeExternalPtr Rcpp/include/Rcpp/XPtr.h:102

Function Rcpp::XPtr<Rcpp::CppProperty<IncGraphNetwork>, Rcpp::PreserveStorage, &(void Rcpp::standard_delete_finalizer<Rcpp::CppProperty<IncGraphNetwork> >(Rcpp::CppProperty<IncGraphNetwork>*)), false>::XPtr(Rcpp::CppProperty<IncGraphNetwork>*, bool, SEXPREC*, SEXPREC*)
  [UP] calling allocating function Rcpp::PreserveStorage<Rcpp::XPtr<Rcpp::CppProperty<IncGraphNetwork>, Rcpp::PreserveStorage, &(void Rcpp::standard_delete_finalizer<Rcpp::CppProperty<IncGraphNetwork> >(Rcpp::CppProperty<IncGraphNetwork>*)), false> >::set__(SEXPREC*) with argument allocated using R_MakeExternalPtr Rcpp/include/Rcpp/XPtr.h:102

Function Rcpp::XPtr<Rcpp::Module, Rcpp::PreserveStorage, &(void Rcpp::standard_delete_finalizer<Rcpp::Module>(Rcpp::Module*)), false>::XPtr(Rcpp::Module*, bool, SEXPREC*, SEXPREC*)
  [UP] calling allocating function Rcpp::PreserveStorage<Rcpp::XPtr<Rcpp::Module, Rcpp::PreserveStorage, &(void Rcpp::standard_delete_finalizer<Rcpp::Module>(Rcpp::Module*)), false> >::set__(SEXPREC*) with argument allocated using R_MakeExternalPtr Rcpp/include/Rcpp/XPtr.h:102

Function Rcpp::XPtr<Rcpp::SignedConstructor<IncGraphNetwork>, Rcpp::PreserveStorage, &(void Rcpp::standard_delete_finalizer<Rcpp::SignedConstructor<IncGraphNetwork> >(Rcpp::SignedConstructor<IncGraphNetwork>*)), false>::XPtr(Rcpp::SignedConstructor<IncGraphNetwork>*, bool, SEXPREC*, SEXPREC*)
  [UP] calling allocating function Rcpp::PreserveStorage<Rcpp::XPtr<Rcpp::SignedConstructor<IncGraphNetwork>, Rcpp::PreserveStorage, &(void Rcpp::standard_delete_finalizer<Rcpp::SignedConstructor<IncGraphNetwork> >(Rcpp::SignedConstructor<IncGraphNetwork>*)), false> >::set__(SEXPREC*) with argument allocated using R_MakeExternalPtr Rcpp/include/Rcpp/XPtr.h:102

Function Rcpp::XPtr<std::__1::vector<Rcpp::SignedMethod<IncGraphNetwork>*, std::__1::allocator<Rcpp::SignedMethod<IncGraphNetwork>*> >, Rcpp::PreserveStorage, &(void Rcpp::standard_delete_finalizer<std::__1::vector<Rcpp::SignedMethod<IncGraphNetwork>*, std::__1::allocator<Rcpp::SignedMethod<IncGraphNetwork>*> > >(std::__1::vector<Rcpp::SignedMethod<IncGraphNetwork>*, std::__1::allocator<Rcpp::SignedMethod<IncGraphNetwork>*> >*)), false>::XPtr(std::__1::vector<Rcpp::SignedMethod<IncGraphNetwork>*, std::__1::allocator<Rcpp::SignedMethod<IncGraphNetwork>*> >*, bool, SEXPREC*, SEXPREC*)
  [UP] calling allocating function Rcpp::PreserveStorage<Rcpp::XPtr<std::__1::vector<Rcpp::SignedMethod<IncGraphNetwork>*, std::__1::allocator<Rcpp::SignedMethod<IncGraphNetwork>*> >, Rcpp::PreserveStorage, &(void Rcpp::standard_delete_finalizer<std::__1::vector<Rcpp::SignedMethod<IncGraphNetwork>*, std::__1::allocator<Rcpp::SignedMethod<IncGraphNetwork>*> > >(std::__1::vector<Rcpp::SignedMethod<IncGraphNetwork>*, std::__1::allocator<Rcpp::SignedMethod<IncGraphNetwork>*> >*)), false> >::set__(SEXPREC*) with argument allocated using R_MakeExternalPtr Rcpp/include/Rcpp/XPtr.h:102

Function Rcpp::class_<IncGraphNetwork>::invoke(SEXPREC*, SEXPREC*, SEXPREC**, int)
  [UP] ignoring variable <unnamed var:   %28 = alloca %struct.SEXPREC*, align 8> as it has address taken, results will be incomplete 

Function _ZN4Rcpp6VectorILi16ENS_15PreserveStorageEEC2ImEET_PNS_6traits9enable_ifIXsr6traits13is_arithmeticIS4_EE5valueEvE4typeE
  [UP] calling allocating function Rcpp::PreserveStorage<Rcpp::Vector<16, Rcpp::PreserveStorage> >::set__(SEXPREC*)(?,V) with argument allocated using Rf_allocVector Rcpp/include/Rcpp/vector/Vector.h:125
