Package isocir version 2.0-6
Package built using 76734/R 3.7.0; x86_64-pc-linux-gnu; 2019-06-24 12:43:16 UTC; unix   
Checked with rchk version 6400f4a0aa14a4379fcc72d8dbf07a49b4725e07
More information at https://github.com/kalibera/cran-checks/blob/master/rchk/PROTECT.md


Function funCIRE
  [UP] protect stack is too deep, unprotecting all variables, results will be incomplete
  [UP] protect stack is too deep, unprotecting all variables, results will be incomplete
  [UP] protect stack is too deep, unprotecting all variables, results will be incomplete
  [UP] protect stack is too deep, unprotecting all variables, results will be incomplete
  [UP] protect stack is too deep, unprotecting all variables, results will be incomplete
  [UP] unsupported form of unprotect, unprotecting all variables, results will be incomplete isocir/src/funCIRE.c:1027

Function funCIREnuevo
  [UP] protect stack is too deep, unprotecting all variables, results will be incomplete
  [UP] unprotected variable A1 while calling allocating function Rf_allocVector isocir/src/funCIREnuevo.c:1125
  [UP] unprotected variable A1 while calling allocating function Rf_allocVector isocir/src/funCIREnuevo.c:1128
  [UP] unprotected variable A1 while calling allocating function Rf_allocVector isocir/src/funCIREnuevo.c:1151
  [UP] unprotected variable A1 while calling allocating function funG2 isocir/src/funCIREnuevo.c:1152
  [UP] unprotected variable A1 while calling allocating function Rf_allocVector isocir/src/funCIREnuevo.c:1204
  [UP] unprotected variable A1 while calling allocating function Rf_allocVector isocir/src/funCIREnuevo.c:1207
  [UP] unprotected variable A1 while calling allocating function Rf_allocVector isocir/src/funCIREnuevo.c:1213
  [UP] unsupported form of unprotect, unprotecting all variables, results will be incomplete isocir/src/funCIREnuevo.c:1260
