Package lm.br version 2.9.3
Package built using 79387/R 4.1.0; x86_64-pc-linux-gnu; 2020-10-31 03:42:52 UTC; unix   
Checked with rchk version 1df3a0cc105e4278d3a4b8e1215f64bf6611d1e8 LLVM version 10.0.1
More information at https://github.com/kalibera/cran-checks/blob/master/rchk/PROTECT.md


Function Rcpp::Rcpp_protect(SEXPREC*)
  [PB] has possible protection stack imbalance Rcpp/include/Rcpp/protection/Shield.h:25

Function Rcpp::Rcpp_unprotect(int)
  [PB] has an unsupported form of unprotect with a variable results will be incomplete Rcpp/include/Rcpp/protection/Shield.h:31
  [UP] unsupported form of unprotect, unprotecting all variables, results will be incomplete Rcpp/include/Rcpp/protection/Shield.h:31

Function Rcpp::Reference_Impl<Rcpp::PreserveStorage>::Reference_Impl(std::__1::basic_string<char, std::__1::char_traits<char>, std::__1::allocator<char> > const&)
  [UP] calling allocating function Rcpp::Rcpp_fast_eval(SEXPREC*, SEXPREC*) with argument allocated using Rcpp::internal::get_Rcpp_namespace() Rcpp/include/Rcpp/Reference.h:63

Function Rcpp::Vector<10, Rcpp::PreserveStorage>::Vector(int const&)
  [UP] calling allocating function Rcpp::PreserveStorage<Rcpp::Vector<10, Rcpp::PreserveStorage> >::set__(SEXPREC*)(?,V) with argument allocated using Rf_allocVector Rcpp/include/Rcpp/vector/Vector.h:130

Function Rcpp::Vector<13, Rcpp::PreserveStorage>::Vector(SEXPREC*)
  [UP] calling allocating function Rcpp::PreserveStorage<Rcpp::Vector<13, Rcpp::PreserveStorage> >::set__(SEXPREC*) with argument allocated using SEXPREC* Rcpp::r_cast<13>(SEXPREC*) Rcpp/include/Rcpp/vector/Vector.h:74

Function Rcpp::Vector<13, Rcpp::PreserveStorage>::Vector(int const&)
  [UP] calling allocating function Rcpp::PreserveStorage<Rcpp::Vector<13, Rcpp::PreserveStorage> >::set__(SEXPREC*)(?,V) with argument allocated using Rf_allocVector Rcpp/include/Rcpp/vector/Vector.h:130

Function Rcpp::Vector<14, Rcpp::PreserveStorage>::Vector(Rcpp::Dimension const&)
  [UP] calling allocating function Rcpp::PreserveStorage<Rcpp::Vector<14, Rcpp::PreserveStorage> >::set__(SEXPREC*)(?,V) with argument allocated using Rf_allocVector Rcpp/include/Rcpp/vector/Vector.h:135

Function Rcpp::Vector<14, Rcpp::PreserveStorage>::Vector(SEXPREC*)
  [UP] calling allocating function Rcpp::PreserveStorage<Rcpp::Vector<14, Rcpp::PreserveStorage> >::set__(SEXPREC*) with argument allocated using SEXPREC* Rcpp::r_cast<14>(SEXPREC*) Rcpp/include/Rcpp/vector/Vector.h:74

Function Rcpp::Vector<14, Rcpp::PreserveStorage>::Vector(int const&)
  [UP] calling allocating function Rcpp::PreserveStorage<Rcpp::Vector<14, Rcpp::PreserveStorage> >::set__(SEXPREC*)(?,V) with argument allocated using Rf_allocVector Rcpp/include/Rcpp/vector/Vector.h:130

Function Rcpp::Vector<16, Rcpp::PreserveStorage>::Vector(int const&)
  [UP] calling allocating function Rcpp::PreserveStorage<Rcpp::Vector<16, Rcpp::PreserveStorage> >::set__(SEXPREC*)(?,V) with argument allocated using Rf_allocVector Rcpp/include/Rcpp/vector/Vector.h:130

Function Rcpp::Vector<19, Rcpp::PreserveStorage>::Vector(int const&)
  [UP] calling allocating function Rcpp::PreserveStorage<Rcpp::Vector<19, Rcpp::PreserveStorage> >::set__(SEXPREC*)(?,V) with argument allocated using Rf_allocVector Rcpp/include/Rcpp/vector/Vector.h:130

Function Rcpp::XPtr<Clmbr, Rcpp::PreserveStorage, &(void Rcpp::standard_delete_finalizer<Clmbr>(Clmbr*)), false>::XPtr(Clmbr*, bool, SEXPREC*, SEXPREC*)
  [UP] calling allocating function Rcpp::PreserveStorage<Rcpp::XPtr<Clmbr, Rcpp::PreserveStorage, &(void Rcpp::standard_delete_finalizer<Clmbr>(Clmbr*)), false> >::set__(SEXPREC*) with argument allocated using R_MakeExternalPtr Rcpp/include/Rcpp/XPtr.h:102

Function Rcpp::XPtr<Rcpp::CppProperty<Clmbr>, Rcpp::PreserveStorage, &(void Rcpp::standard_delete_finalizer<Rcpp::CppProperty<Clmbr> >(Rcpp::CppProperty<Clmbr>*)), false>::XPtr(Rcpp::CppProperty<Clmbr>*, bool, SEXPREC*, SEXPREC*)
  [UP] calling allocating function Rcpp::PreserveStorage<Rcpp::XPtr<Rcpp::CppProperty<Clmbr>, Rcpp::PreserveStorage, &(void Rcpp::standard_delete_finalizer<Rcpp::CppProperty<Clmbr> >(Rcpp::CppProperty<Clmbr>*)), false> >::set__(SEXPREC*) with argument allocated using R_MakeExternalPtr Rcpp/include/Rcpp/XPtr.h:102

Function Rcpp::XPtr<Rcpp::Module, Rcpp::PreserveStorage, &(void Rcpp::standard_delete_finalizer<Rcpp::Module>(Rcpp::Module*)), false>::XPtr(Rcpp::Module*, bool, SEXPREC*, SEXPREC*)
  [UP] calling allocating function Rcpp::PreserveStorage<Rcpp::XPtr<Rcpp::Module, Rcpp::PreserveStorage, &(void Rcpp::standard_delete_finalizer<Rcpp::Module>(Rcpp::Module*)), false> >::set__(SEXPREC*) with argument allocated using R_MakeExternalPtr Rcpp/include/Rcpp/XPtr.h:102

Function Rcpp::XPtr<Rcpp::SignedConstructor<Clmbr>, Rcpp::PreserveStorage, &(void Rcpp::standard_delete_finalizer<Rcpp::SignedConstructor<Clmbr> >(Rcpp::SignedConstructor<Clmbr>*)), false>::XPtr(Rcpp::SignedConstructor<Clmbr>*, bool, SEXPREC*, SEXPREC*)
  [UP] calling allocating function Rcpp::PreserveStorage<Rcpp::XPtr<Rcpp::SignedConstructor<Clmbr>, Rcpp::PreserveStorage, &(void Rcpp::standard_delete_finalizer<Rcpp::SignedConstructor<Clmbr> >(Rcpp::SignedConstructor<Clmbr>*)), false> >::set__(SEXPREC*) with argument allocated using R_MakeExternalPtr Rcpp/include/Rcpp/XPtr.h:102

Function Rcpp::XPtr<std::__1::vector<Rcpp::SignedMethod<Clmbr>*, std::__1::allocator<Rcpp::SignedMethod<Clmbr>*> >, Rcpp::PreserveStorage, &(void Rcpp::standard_delete_finalizer<std::__1::vector<Rcpp::SignedMethod<Clmbr>*, std::__1::allocator<Rcpp::SignedMethod<Clmbr>*> > >(std::__1::vector<Rcpp::SignedMethod<Clmbr>*, std::__1::allocator<Rcpp::SignedMethod<Clmbr>*> >*)), false>::XPtr(std::__1::vector<Rcpp::SignedMethod<Clmbr>*, std::__1::allocator<Rcpp::SignedMethod<Clmbr>*> >*, bool, SEXPREC*, SEXPREC*)
  [UP] calling allocating function Rcpp::PreserveStorage<Rcpp::XPtr<std::__1::vector<Rcpp::SignedMethod<Clmbr>*, std::__1::allocator<Rcpp::SignedMethod<Clmbr>*> >, Rcpp::PreserveStorage, &(void Rcpp::standard_delete_finalizer<std::__1::vector<Rcpp::SignedMethod<Clmbr>*, std::__1::allocator<Rcpp::SignedMethod<Clmbr>*> > >(std::__1::vector<Rcpp::SignedMethod<Clmbr>*, std::__1::allocator<Rcpp::SignedMethod<Clmbr>*> >*)), false> >::set__(SEXPREC*) with argument allocated using R_MakeExternalPtr Rcpp/include/Rcpp/XPtr.h:102

Function Rcpp::class_<Clmbr>::invoke(SEXPREC*, SEXPREC*, SEXPREC**, int)
  [UP] ignoring variable <unnamed var:   %28 = alloca %struct.SEXPREC*, align 8> as it has address taken, results will be incomplete 

Function _ZN4Rcpp6VectorILi16ENS_15PreserveStorageEEC2ImEET_PNS_6traits9enable_ifIXsr6traits13is_arithmeticIS4_EE5valueEvE4typeE
  [UP] calling allocating function Rcpp::PreserveStorage<Rcpp::Vector<16, Rcpp::PreserveStorage> >::set__(SEXPREC*)(?,V) with argument allocated using Rf_allocVector Rcpp/include/Rcpp/vector/Vector.h:125
