Package MAINT.Data version 2.5.0
Package built using 80023/R 4.1.0; x86_64-pc-linux-gnu; 2021-02-19 16:31:48 UTC; unix   
Checked with rchk version 3d653b7c8f92dac912532856b55f44d2986c6553 LLVM version 10.0.1
More information at https://github.com/kalibera/cran-checks/blob/master/rchk/PROTECT.md
For rchk in docker image see https://github.com/kalibera/rchk/blob/master/doc/DOCKER.md


Function CEMGauss
  [UP] ignoring variable InitSolSigmak_s as it has address taken, results will be incomplete 
  [UP] ignoring variable InitSoltau_s as it has address taken, results will be incomplete 

Function Rcpp::Rcpp_protect(SEXPREC*)
  [PB] has possible protection stack imbalance Rcpp/include/Rcpp/protection/Shield.h:25

Function Rcpp::Rcpp_unprotect(int)
  [PB] has an unsupported form of unprotect with a variable results will be incomplete Rcpp/include/Rcpp/protection/Shield.h:31
  [UP] unsupported form of unprotect, unprotecting all variables, results will be incomplete Rcpp/include/Rcpp/protection/Shield.h:31

Function Rcpp::Vector<13, Rcpp::PreserveStorage>::Vector(SEXPREC*)
  [UP] calling allocating function Rcpp::PreserveStorage<Rcpp::Vector<13, Rcpp::PreserveStorage> >::set__(SEXPREC*) with argument allocated using SEXPREC* Rcpp::r_cast<13>(SEXPREC*) Rcpp/include/Rcpp/vector/Vector.h:74

Function Rcpp::Vector<13, Rcpp::PreserveStorage>::Vector(int const&)
  [UP] calling allocating function Rcpp::PreserveStorage<Rcpp::Vector<13, Rcpp::PreserveStorage> >::set__(SEXPREC*)(?,V) with argument allocated using Rf_allocVector Rcpp/include/Rcpp/vector/Vector.h:130

Function Rcpp::Vector<14, Rcpp::PreserveStorage>::Vector()
  [UP] calling allocating function Rcpp::PreserveStorage<Rcpp::Vector<14, Rcpp::PreserveStorage> >::set__(SEXPREC*)(?,V) with argument allocated using Rf_allocVector Rcpp/include/Rcpp/vector/Vector.h:57

Function Rcpp::Vector<14, Rcpp::PreserveStorage>::Vector(Rcpp::Dimension const&)
  [UP] calling allocating function Rcpp::PreserveStorage<Rcpp::Vector<14, Rcpp::PreserveStorage> >::set__(SEXPREC*)(?,V) with argument allocated using Rf_allocVector Rcpp/include/Rcpp/vector/Vector.h:135

Function Rcpp::Vector<14, Rcpp::PreserveStorage>::Vector(SEXPREC*)
  [UP] calling allocating function Rcpp::PreserveStorage<Rcpp::Vector<14, Rcpp::PreserveStorage> >::set__(SEXPREC*) with argument allocated using SEXPREC* Rcpp::r_cast<14>(SEXPREC*) Rcpp/include/Rcpp/vector/Vector.h:74

Function Rcpp::Vector<14, Rcpp::PreserveStorage>::Vector(int const&)
  [UP] calling allocating function Rcpp::PreserveStorage<Rcpp::Vector<14, Rcpp::PreserveStorage> >::set__(SEXPREC*)(?,V) with argument allocated using Rf_allocVector Rcpp/include/Rcpp/vector/Vector.h:130

Function Rcpp::Vector<14, Rcpp::PreserveStorage>::Vector(int const&, double const&)
  [UP] calling allocating function Rcpp::PreserveStorage<Rcpp::Vector<14, Rcpp::PreserveStorage> >::set__(SEXPREC*)(?,V) with argument allocated using Rf_allocVector Rcpp/include/Rcpp/vector/Vector.h:97

Function Rcpp::Vector<14, Rcpp::PreserveStorage>::Vector<double*>(double*, double*)
  [UP] calling allocating function Rcpp::PreserveStorage<Rcpp::Vector<14, Rcpp::PreserveStorage> >::set__(SEXPREC*)(?,V) with argument allocated using Rf_allocVector Rcpp/include/Rcpp/vector/Vector.h:213

Function Rcpp::Vector<19, Rcpp::PreserveStorage>::Vector(int const&)
  [UP] calling allocating function Rcpp::PreserveStorage<Rcpp::Vector<19, Rcpp::PreserveStorage> >::set__(SEXPREC*)(?,V) with argument allocated using Rf_allocVector Rcpp/include/Rcpp/vector/Vector.h:130

Function _ZN4Rcpp6VectorILi14ENS_15PreserveStorageEEC2IiNS_5stats13UnifGeneratorEEERKT_RKT0_PNS_6traits9enable_ifIXsr6traits13is_arithmeticIS6_EE5valueEvE4typeE
  [UP] calling allocating function Rcpp::PreserveStorage<Rcpp::Vector<14, Rcpp::PreserveStorage> >::set__(SEXPREC*)(?,V) with argument allocated using Rf_allocVector Rcpp/include/Rcpp/vector/Vector.h:172

Function void Rcpp::Vector<14, Rcpp::PreserveStorage>::import_sugar_expression<true, Rcpp::stats::D2<14, true, Rcpp::Vector<14, Rcpp::PreserveStorage> > >(Rcpp::VectorBase<14, true, Rcpp::stats::D2<14, true, Rcpp::Vector<14, Rcpp::PreserveStorage> > > const&, Rcpp::traits::integral_constant<bool, false>)
  [UP] calling allocating function Rcpp::PreserveStorage<Rcpp::Vector<14, Rcpp::PreserveStorage> >::set__(SEXPREC*)(?,V) with argument allocated using Rf_allocVector Rcpp/include/Rcpp/vector/Vector.h:1070

Function void Rcpp::Vector<14, Rcpp::PreserveStorage>::import_sugar_expression<true, Rcpp::stats::P2<14, true, Rcpp::Vector<14, Rcpp::PreserveStorage> > >(Rcpp::VectorBase<14, true, Rcpp::stats::P2<14, true, Rcpp::Vector<14, Rcpp::PreserveStorage> > > const&, Rcpp::traits::integral_constant<bool, false>)
  [UP] calling allocating function Rcpp::PreserveStorage<Rcpp::Vector<14, Rcpp::PreserveStorage> >::set__(SEXPREC*)(?,V) with argument allocated using Rf_allocVector Rcpp/include/Rcpp/vector/Vector.h:1070
