Package Matrix version 1.2-16
Package built using 76260/R 3.6.0; x86_64-pc-linux-gnu; 2019-03-22 12:42:42 UTC; unix   
Checked with rchk version 6d8483c5be1eff92b9772065e2744ae221981c33
More information at https://github.com/kalibera/cran-checks/blob/master/rchk/PROTECT.md

WARNING Suspicious call (two or more unprotected arguments) to R_do_slot_assign at dgCMatrix_QR /var/scratch2/tomas/cran/rchk/pkgbuild/UmBQ22HL/Matrix/src/dgCMatrix.c:287
WARNING Suspicious call (two or more unprotected arguments) to R_do_slot_assign at install_lu /var/scratch2/tomas/cran/rchk/pkgbuild/UmBQ22HL/Matrix/src/dgCMatrix.c:418
WARNING Suspicious call (two or more unprotected arguments) to R_do_slot_assign at install_lu /var/scratch2/tomas/cran/rchk/pkgbuild/UmBQ22HL/Matrix/src/dgCMatrix.c:438


Function CHM_restore_common
  [UP] calling allocating function Rf_asReal with argument allocated using Rf_findVarInFrame(?,S:dbound) /var/scratch2/tomas/cran/rchk/pkgbuild/UmBQ22HL/Matrix/src/chm_common.c:52
  [UP] calling allocating function Rf_asReal with argument allocated using Rf_findVarInFrame(?,S:grow0) /var/scratch2/tomas/cran/rchk/pkgbuild/UmBQ22HL/Matrix/src/chm_common.c:53
  [UP] calling allocating function Rf_asReal with argument allocated using Rf_findVarInFrame(?,S:grow1) /var/scratch2/tomas/cran/rchk/pkgbuild/UmBQ22HL/Matrix/src/chm_common.c:54
  [UP] calling allocating function Rf_asReal with argument allocated using Rf_findVarInFrame(?,S:supernodal_switch) /var/scratch2/tomas/cran/rchk/pkgbuild/UmBQ22HL/Matrix/src/chm_common.c:57
  [UP] calling allocating function Rf_asLogical with argument allocated using Rf_findVarInFrame(?,S:supernodal) /var/scratch2/tomas/cran/rchk/pkgbuild/UmBQ22HL/Matrix/src/chm_common.c:58
  [UP] calling allocating function Rf_asLogical with argument allocated using Rf_findVarInFrame(?,S:final_asis) /var/scratch2/tomas/cran/rchk/pkgbuild/UmBQ22HL/Matrix/src/chm_common.c:59
  [UP] calling allocating function Rf_asLogical with argument allocated using Rf_findVarInFrame(?,S:final_super) /var/scratch2/tomas/cran/rchk/pkgbuild/UmBQ22HL/Matrix/src/chm_common.c:60
  [UP] calling allocating function Rf_asLogical with argument allocated using Rf_findVarInFrame(?,S:final_ll) /var/scratch2/tomas/cran/rchk/pkgbuild/UmBQ22HL/Matrix/src/chm_common.c:61
  [UP] calling allocating function Rf_asLogical with argument allocated using Rf_findVarInFrame(?,S:final_pack) /var/scratch2/tomas/cran/rchk/pkgbuild/UmBQ22HL/Matrix/src/chm_common.c:62
  [UP] calling allocating function Rf_asLogical with argument allocated using Rf_findVarInFrame(?,S:final_monotonic) /var/scratch2/tomas/cran/rchk/pkgbuild/UmBQ22HL/Matrix/src/chm_common.c:63
  [UP] calling allocating function Rf_asLogical with argument allocated using Rf_findVarInFrame(?,S:final_resymbol) /var/scratch2/tomas/cran/rchk/pkgbuild/UmBQ22HL/Matrix/src/chm_common.c:64
  [UP] calling allocating function Rf_asLogical with argument allocated using Rf_findVarInFrame(?,S:final_zomplex) /var/scratch2/tomas/cran/rchk/pkgbuild/UmBQ22HL/Matrix/src/chm_common.c:65
  [UP] calling allocating function Rf_asLogical with argument allocated using Rf_findVarInFrame(?,S:final_upper) /var/scratch2/tomas/cran/rchk/pkgbuild/UmBQ22HL/Matrix/src/chm_common.c:66
  [UP] calling allocating function Rf_asLogical with argument allocated using Rf_findVarInFrame(?,S:quick_return_if_not_posdef) /var/scratch2/tomas/cran/rchk/pkgbuild/UmBQ22HL/Matrix/src/chm_common.c:68
  [UP] calling allocating function Rf_asLogical with argument allocated using Rf_findVarInFrame(?,S:postorder) /var/scratch2/tomas/cran/rchk/pkgbuild/UmBQ22HL/Matrix/src/chm_common.c:71

Function Csparse_to_dense
  [UP] unprotected variable ans while calling allocating function Rf_asChar /var/scratch2/tomas/cran/rchk/pkgbuild/UmBQ22HL/Matrix/src/Csparse.c:166
  [UP] unprotected variable ans while calling allocating function Rf_asChar /var/scratch2/tomas/cran/rchk/pkgbuild/UmBQ22HL/Matrix/src/Csparse.c:179

Function ddense_skewpart
  [UP] allocating function R_do_slot(?,S:Dim) may destroy its unprotected argument (dx <arg 1>), which is later used. /var/scratch2/tomas/cran/rchk/pkgbuild/UmBQ22HL/Matrix/src/dense.c:511
  [UP] calling allocating function R_do_slot(?,S:Dim) with a fresh pointer (dx <arg 1>) /var/scratch2/tomas/cran/rchk/pkgbuild/UmBQ22HL/Matrix/src/dense.c:511

Function ddense_symmpart
  [UP] allocating function R_do_slot(?,S:Dim) may destroy its unprotected argument (dx <arg 1>), which is later used. /var/scratch2/tomas/cran/rchk/pkgbuild/UmBQ22HL/Matrix/src/dense.c:452
  [UP] calling allocating function R_do_slot(?,S:Dim) with a fresh pointer (dx <arg 1>) /var/scratch2/tomas/cran/rchk/pkgbuild/UmBQ22HL/Matrix/src/dense.c:452

Function inv_permutation
  [UP] unprotected variable val while calling allocating function Rf_asLogical /var/scratch2/tomas/cran/rchk/pkgbuild/UmBQ22HL/Matrix/src/./Mutils.h:307
Analyzed 813 functions, traversed 38593 states.
