Package metapack version 0.3
Package built using 86189/R 4.4.0; x86_64-pc-linux-gnu; 2024-03-26 01:07:34 UTC; unix   
Checked with rchk version fdc068715daa3a256062cc20e0d4a5157dacc9a4 LLVM version 14.0.6
More information at https://github.com/kalibera/cran-checks/blob/master/rchk/PROTECT.md
For rchk in docker image see https://github.com/kalibera/rchk/blob/master/doc/DOCKER.md


Function Rcpp::Rcpp_protect(SEXPREC*)
  [PB] has possible protection stack imbalance Rcpp/include/Rcpp/protection/Shield.h:25

Function Rcpp::Rcpp_unprotect(int)
  [PB] has an unsupported form of unprotect with a variable results will be incomplete Rcpp/include/Rcpp/protection/Shield.h:31
  [UP] unsupported form of unprotect, unprotecting all variables, results will be incomplete Rcpp/include/Rcpp/protection/Shield.h:31

Function _metapack_BayesNMR
  [UP] ignoring variable <unnamed var:   %96 = alloca %struct.SEXPREC*, align 8> as it has address taken, results will be incomplete 

Function _metapack_calc_modelfit_dic
  [UP] ignoring variable <unnamed var:   %66 = alloca %struct.SEXPREC*, align 8> as it has address taken, results will be incomplete 

Function _metapack_calc_modelfit_lpml
  [UP] ignoring variable <unnamed var:   %66 = alloca %struct.SEXPREC*, align 8> as it has address taken, results will be incomplete 

Function _metapack_calc_modelfit_pearson
  [UP] ignoring variable <unnamed var:   %24 = alloca %struct.SEXPREC*, align 8> as it has address taken, results will be incomplete 

Function _metapack_dic_parcov
  [UP] ignoring variable <unnamed var:   %57 = alloca %struct.SEXPREC*, align 8> as it has address taken, results will be incomplete 

Function _metapack_fmodel1
  [UP] ignoring variable <unnamed var:   %72 = alloca %struct.SEXPREC*, align 8> as it has address taken, results will be incomplete 

Function _metapack_fmodel1p
  [UP] ignoring variable <unnamed var:   %75 = alloca %struct.SEXPREC*, align 8> as it has address taken, results will be incomplete 

Function _metapack_fmodel2
  [UP] ignoring variable <unnamed var:   %75 = alloca %struct.SEXPREC*, align 8> as it has address taken, results will be incomplete 

Function _metapack_fmodel2p
  [UP] ignoring variable <unnamed var:   %78 = alloca %struct.SEXPREC*, align 8> as it has address taken, results will be incomplete 

Function _metapack_fmodel2p5
  [UP] ignoring variable <unnamed var:   %75 = alloca %struct.SEXPREC*, align 8> as it has address taken, results will be incomplete 

Function _metapack_fmodel2p5p
  [UP] ignoring variable <unnamed var:   %78 = alloca %struct.SEXPREC*, align 8> as it has address taken, results will be incomplete 

Function _metapack_fmodel3
  [UP] ignoring variable <unnamed var:   %87 = alloca %struct.SEXPREC*, align 8> as it has address taken, results will be incomplete 

Function _metapack_fmodel3pp
  [UP] ignoring variable <unnamed var:   %90 = alloca %struct.SEXPREC*, align 8> as it has address taken, results will be incomplete 

Function _metapack_fmodel4
  [UP] ignoring variable <unnamed var:   %84 = alloca %struct.SEXPREC*, align 8> as it has address taken, results will be incomplete 

Function _metapack_fmodel4p
  [UP] ignoring variable <unnamed var:   %87 = alloca %struct.SEXPREC*, align 8> as it has address taken, results will be incomplete 

Function _metapack_lpml_parcov
  [UP] ignoring variable <unnamed var:   %57 = alloca %struct.SEXPREC*, align 8> as it has address taken, results will be incomplete 

Function _metapack_mhpd
  [UP] ignoring variable <unnamed var:   %15 = alloca %struct.SEXPREC*, align 8> as it has address taken, results will be incomplete 

Function _metapack_pearson_parcov
  [UP] ignoring variable <unnamed var:   %27 = alloca %struct.SEXPREC*, align 8> as it has address taken, results will be incomplete 

Function _metapack_vhpd
  [UP] ignoring variable <unnamed var:   %15 = alloca %struct.SEXPREC*, align 8> as it has address taken, results will be incomplete 
