Package mexhaz version 1.6
Package built using 77499/R 4.0.0; x86_64-pc-linux-gnu; 2019-12-03 04:31:58 UTC; unix   
Checked with rchk version cede4f646f845c905144756ebbbff418431a70f7
More information at https://github.com/kalibera/cran-checks/blob/master/rchk/PROTECT.md


Function DeltaBs0R
  [UP] unsupported form of unprotect, unprotecting all variables, results will be incomplete mexhaz/src/DeltaBs0R.c:152

Function DeltaBs1R
  [UP] unsupported form of unprotect, unprotecting all variables, results will be incomplete mexhaz/src/DeltaBs1R.c:193

Function DeltaBs23R
  [UP] unsupported form of unprotect, unprotecting all variables, results will be incomplete mexhaz/src/DeltaBs23R.c:174

Function DeltaNsR
  [UP] unsupported form of unprotect, unprotecting all variables, results will be incomplete mexhaz/src/DeltaNsR.c:168

Function DeltaWeibR
  [UP] unsupported form of unprotect, unprotecting all variables, results will be incomplete mexhaz/src/DeltaWeibR.c:131

Function FrailtyAdapt
  [UP] unsupported form of unprotect, unprotecting all variables, results will be incomplete mexhaz/src/FrailtyAdapt.c:130

Function HazardBs0C
  [UP] unsupported form of unprotect, unprotecting all variables, results will be incomplete mexhaz/src/HazardBs0C.c:105

Function HazardBs0R
  [UP] unsupported form of unprotect, unprotecting all variables, results will be incomplete mexhaz/src/HazardBs0R.c:91

Function HazardBs1C
  [UP] unsupported form of unprotect, unprotecting all variables, results will be incomplete mexhaz/src/HazardBs1C.c:199

Function HazardBs1R
  [UP] unsupported form of unprotect, unprotecting all variables, results will be incomplete mexhaz/src/HazardBs1R.c:171

Function HazardBs23C
  [UP] unsupported form of unprotect, unprotecting all variables, results will be incomplete mexhaz/src/HazardBs23C.c:155

Function HazardBs23R
  [UP] unsupported form of unprotect, unprotecting all variables, results will be incomplete mexhaz/src/HazardBs23R.c:149

Function HazardNsC
  [UP] unsupported form of unprotect, unprotecting all variables, results will be incomplete mexhaz/src/HazardNsC.c:145

Function HazardNsR
  [UP] unsupported form of unprotect, unprotecting all variables, results will be incomplete mexhaz/src/HazardNsR.c:141
