Package MixAll version 1.5.1
Package built using 79098/R 4.1.0; x86_64-pc-linux-gnu; 2020-09-01 02:22:07 UTC; unix   
Checked with rchk version 36c7ad2294619ba0a81109c9acb675eea2c96e6d
More information at https://github.com/kalibera/cran-checks/blob/master/rchk/PROTECT.md


Function Rcpp::Armor<SEXPREC*>::init(SEXPREC*)
  [PB] has possible protection stack imbalance Rcpp/include/Rcpp/protection/Armor.h:47

Function Rcpp::Armor<SEXPREC*>::~Armor()
  [PB] has negative depth Rcpp/include/Rcpp/protection/Armor.h:41
  [UP] attempt to unprotect more items (1) than protected (0), results will be incomplete Rcpp/include/Rcpp/protection/Armor.h:41
  [PB] has possible protection stack imbalance Rcpp/include/Rcpp/protection/Armor.h:42

Function Rcpp::Rcpp_protect(SEXPREC*)
  [PB] has possible protection stack imbalance Rcpp/include/Rcpp/protection/Shield.h:25

Function Rcpp::Rcpp_unprotect(int)
  [PB] has an unsupported form of unprotect with a variable results will be incomplete Rcpp/include/Rcpp/protection/Shield.h:31
  [UP] unsupported form of unprotect, unprotecting all variables, results will be incomplete Rcpp/include/Rcpp/protection/Shield.h:31

Function Rcpp::S4_Impl<Rcpp::PreserveStorage>::S4_Impl<Rcpp::SlotProxyPolicy<Rcpp::S4_Impl<Rcpp::PreserveStorage> >::SlotProxy>(Rcpp::GenericProxy<Rcpp::SlotProxyPolicy<Rcpp::S4_Impl<Rcpp::PreserveStorage> >::SlotProxy> const&)
  [UP] calling allocating function Rcpp::PreserveStorage<Rcpp::S4_Impl<Rcpp::PreserveStorage> >::set__(SEXPREC*) with argument allocated using Rcpp::GenericProxy<Rcpp::SlotProxyPolicy<Rcpp::S4_Impl<Rcpp::PreserveStorage> >::SlotProxy>::get() const Rcpp/include/Rcpp/S4.h:32

Function Rcpp::SlotProxyPolicy<Rcpp::S4_Impl<Rcpp::PreserveStorage> >::SlotProxy::operator Rcpp::S4_Impl<Rcpp::PreserveStorage><Rcpp::S4_Impl<Rcpp::PreserveStorage> >() const
  [UP] calling allocating function Rcpp::S4_Impl<Rcpp::PreserveStorage> Rcpp::as<Rcpp::S4_Impl<Rcpp::PreserveStorage> >(SEXPREC*) with argument allocated using Rcpp::SlotProxyPolicy<Rcpp::S4_Impl<Rcpp::PreserveStorage> >::SlotProxy::get() const Rcpp/include/Rcpp/api/meat/proxy.h:92

Function Rcpp::SlotProxyPolicy<Rcpp::S4_Impl<Rcpp::PreserveStorage> >::SlotProxy::operator STK::RMatrix<double><STK::RMatrix<double> >() const
  [UP] calling allocating function STK::RMatrix<double> Rcpp::as<STK::RMatrix<double> >(SEXPREC*) with argument allocated using Rcpp::SlotProxyPolicy<Rcpp::S4_Impl<Rcpp::PreserveStorage> >::SlotProxy::get() const Rcpp/include/Rcpp/api/meat/proxy.h:92

Function Rcpp::SlotProxyPolicy<Rcpp::S4_Impl<Rcpp::PreserveStorage> >::SlotProxy::operator STK::RMatrix<int><STK::RMatrix<int> >() const
  [UP] calling allocating function STK::RMatrix<int> Rcpp::as<STK::RMatrix<int> >(SEXPREC*) with argument allocated using Rcpp::SlotProxyPolicy<Rcpp::S4_Impl<Rcpp::PreserveStorage> >::SlotProxy::get() const Rcpp/include/Rcpp/api/meat/proxy.h:92

Function Rcpp::SlotProxyPolicy<Rcpp::S4_Impl<Rcpp::PreserveStorage> >::SlotProxy::operator double<double>() const
  [UP] calling allocating function double Rcpp::as<double>(SEXPREC*) with argument allocated using Rcpp::SlotProxyPolicy<Rcpp::S4_Impl<Rcpp::PreserveStorage> >::SlotProxy::get() const Rcpp/include/Rcpp/api/meat/proxy.h:92

Function Rcpp::SlotProxyPolicy<Rcpp::S4_Impl<Rcpp::PreserveStorage> >::SlotProxy::operator int<int>() const
  [UP] calling allocating function int Rcpp::as<int>(SEXPREC*) with argument allocated using Rcpp::SlotProxyPolicy<Rcpp::S4_Impl<Rcpp::PreserveStorage> >::SlotProxy::get() const Rcpp/include/Rcpp/api/meat/proxy.h:92

Function Rcpp::SlotProxyPolicy<Rcpp::S4_Impl<Rcpp::PreserveStorage> >::SlotProxy::operator std::__1::basic_string<char, std::__1::char_traits<char>, std::__1::allocator<char> ><std::__1::basic_string<char, std::__1::char_traits<char>, std::__1::allocator<char> > >() const
  [UP] calling allocating function std::__1::basic_string<char, std::__1::char_traits<char>, std::__1::allocator<char> > Rcpp::as<std::__1::basic_string<char, std::__1::char_traits<char>, std::__1::allocator<char> > >(SEXPREC*) with argument allocated using Rcpp::SlotProxyPolicy<Rcpp::S4_Impl<Rcpp::PreserveStorage> >::SlotProxy::get() const Rcpp/include/Rcpp/api/meat/proxy.h:92

Function Rcpp::SlotProxyPolicy<Rcpp::S4_Impl<Rcpp::PreserveStorage> >::SlotProxy::set(SEXPREC*)
  [UP] calling allocating function Rcpp::S4_Impl<Rcpp::PreserveStorage>::operator=(SEXPREC*) with argument allocated using R_do_slot_assign Rcpp/include/Rcpp/proxy/SlotProxy.h:55

Function Rcpp::Vector<13, Rcpp::PreserveStorage>::Vector(Rcpp::Dimension const&)
  [UP] calling allocating function Rcpp::PreserveStorage<Rcpp::Vector<13, Rcpp::PreserveStorage> >::set__(SEXPREC*)(?,V) with argument allocated using Rf_allocVector Rcpp/include/Rcpp/vector/Vector.h:135

Function Rcpp::Vector<13, Rcpp::PreserveStorage>::Vector(SEXPREC*)
  [UP] calling allocating function Rcpp::PreserveStorage<Rcpp::Vector<13, Rcpp::PreserveStorage> >::set__(SEXPREC*) with argument allocated using SEXPREC* Rcpp::r_cast<13>(SEXPREC*) Rcpp/include/Rcpp/vector/Vector.h:74

Function Rcpp::Vector<13, Rcpp::PreserveStorage>::Vector(int const&)
  [UP] calling allocating function Rcpp::PreserveStorage<Rcpp::Vector<13, Rcpp::PreserveStorage> >::set__(SEXPREC*)(?,V) with argument allocated using Rf_allocVector Rcpp/include/Rcpp/vector/Vector.h:130

Function Rcpp::Vector<14, Rcpp::PreserveStorage>::Vector(Rcpp::Dimension const&)
  [UP] calling allocating function Rcpp::PreserveStorage<Rcpp::Vector<14, Rcpp::PreserveStorage> >::set__(SEXPREC*)(?,V) with argument allocated using Rf_allocVector Rcpp/include/Rcpp/vector/Vector.h:135

Function Rcpp::Vector<14, Rcpp::PreserveStorage>::Vector(SEXPREC*)
  [UP] calling allocating function Rcpp::PreserveStorage<Rcpp::Vector<14, Rcpp::PreserveStorage> >::set__(SEXPREC*) with argument allocated using SEXPREC* Rcpp::r_cast<14>(SEXPREC*) Rcpp/include/Rcpp/vector/Vector.h:74

Function Rcpp::Vector<14, Rcpp::PreserveStorage>::Vector(int const&)
  [UP] calling allocating function Rcpp::PreserveStorage<Rcpp::Vector<14, Rcpp::PreserveStorage> >::set__(SEXPREC*)(?,V) with argument allocated using Rf_allocVector Rcpp/include/Rcpp/vector/Vector.h:130

Function Rcpp::Vector<16, Rcpp::PreserveStorage>::Vector()
  [UP] calling allocating function Rcpp::PreserveStorage<Rcpp::Vector<16, Rcpp::PreserveStorage> >::set__(SEXPREC*)(?,V) with argument allocated using Rf_allocVector Rcpp/include/Rcpp/vector/Vector.h:57

Function Rcpp::Vector<16, Rcpp::PreserveStorage>::Vector(SEXPREC*)
  [UP] calling allocating function Rcpp::PreserveStorage<Rcpp::Vector<16, Rcpp::PreserveStorage> >::set__(SEXPREC*) with argument allocated using SEXPREC* Rcpp::r_cast<16>(SEXPREC*) Rcpp/include/Rcpp/vector/Vector.h:74

Function Rcpp::Vector<19, Rcpp::PreserveStorage>::Vector()
  [UP] calling allocating function Rcpp::PreserveStorage<Rcpp::Vector<19, Rcpp::PreserveStorage> >::set__(SEXPREC*)(?,V) with argument allocated using Rf_allocVector Rcpp/include/Rcpp/vector/Vector.h:57

Function Rcpp::Vector<19, Rcpp::PreserveStorage>::Vector(int const&)
  [UP] calling allocating function Rcpp::PreserveStorage<Rcpp::Vector<19, Rcpp::PreserveStorage> >::set__(SEXPREC*)(?,V) with argument allocated using Rf_allocVector Rcpp/include/Rcpp/vector/Vector.h:130

Function Rcpp::Vector<19, Rcpp::PreserveStorage>::push_back_name__impl(SEXPREC* const&, std::__1::basic_string<char, std::__1::char_traits<char>, std::__1::allocator<char> > const&, Rcpp::traits::integral_constant<bool, true>)
  [UP] unprotected variable names while calling allocating function Rf_allocVector Rcpp/include/Rcpp/vector/Vector.h:683

Function Rcpp::internal::convert_using_rfunction(SEXPREC*, char const*)
  [UP] ignoring variable <unnamed var:   %10 = alloca %struct.SEXPREC*, align 8> as it has address taken, results will be incomplete 

Function STK::ClusterLauncher::ClusterLauncher(Rcpp::S4_Impl<Rcpp::PreserveStorage>, Rcpp::Vector<13, Rcpp::PreserveStorage>)
  [UP] calling allocating function std::__1::basic_string<char, std::__1::char_traits<char>, std::__1::allocator<char> > Rcpp::as<std::__1::basic_string<char, std::__1::char_traits<char>, std::__1::allocator<char> > >(SEXPREC*) with argument allocated using Rcpp::SlotProxyPolicy<Rcpp::S4_Impl<Rcpp::PreserveStorage> >::SlotProxy::operator SEXPREC*() const MixAll/src/ClusterLauncher.cpp:64

Function STK::ClusterLauncher::ClusterLauncher(Rcpp::S4_Impl<Rcpp::PreserveStorage>, Rcpp::Vector<13, Rcpp::PreserveStorage>, Rcpp::Vector<16, Rcpp::PreserveStorage>)
  [UP] calling allocating function std::__1::basic_string<char, std::__1::char_traits<char>, std::__1::allocator<char> > Rcpp::as<std::__1::basic_string<char, std::__1::char_traits<char>, std::__1::allocator<char> > >(SEXPREC*) with argument allocated using Rcpp::SlotProxyPolicy<Rcpp::S4_Impl<Rcpp::PreserveStorage> >::SlotProxy::operator SEXPREC*() const MixAll/src/ClusterLauncher.cpp:52

Function STK::ClusterLauncher::run()
  [UP] ignoring variable <unnamed var:   %21 = alloca %struct.SEXPREC*, align 8> as it has address taken, results will be incomplete 
  [UP] ignoring variable <unnamed var:   %24 = alloca %struct.SEXPREC*, align 8> as it has address taken, results will be incomplete 
  [UP] ignoring variable <unnamed var:   %27 = alloca %struct.SEXPREC*, align 8> as it has address taken, results will be incomplete 
  [UP] ignoring variable <unnamed var:   %30 = alloca %struct.SEXPREC*, align 8> as it has address taken, results will be incomplete 

Function STK::ClusterPredictor::run()
  [UP] ignoring variable <unnamed var:   %31 = alloca %struct.SEXPREC*, align 8> as it has address taken, results will be incomplete 
  [UP] ignoring variable <unnamed var:   %34 = alloca %struct.SEXPREC*, align 8> as it has address taken, results will be incomplete 
  [UP] ignoring variable <unnamed var:   %37 = alloca %struct.SEXPREC*, align 8> as it has address taken, results will be incomplete 

Function STK::ClusterPredictorMixedData::run()
  [UP] ignoring variable <unnamed var:   %43 = alloca %struct.SEXPREC*, align 8> as it has address taken, results will be incomplete 
  [UP] ignoring variable <unnamed var:   %46 = alloca %struct.SEXPREC*, align 8> as it has address taken, results will be incomplete 
  [UP] ignoring variable <unnamed var:   %49 = alloca %struct.SEXPREC*, align 8> as it has address taken, results will be incomplete 

Function STK::ILauncherBase::setCategoricalParametersToComponent(STK::IMixtureStatModel*, std::__1::basic_string<char, std::__1::char_traits<char>, std::__1::allocator<char> > const&, Rcpp::S4_Impl<Rcpp::PreserveStorage>)
  [UP] ignoring variable <unnamed var:   %11 = alloca %struct.SEXPREC*, align 8> as it has address taken, results will be incomplete 

Function STK::ILauncherBase::setDiagGaussianParametersToComponent(STK::IMixtureStatModel*, std::__1::basic_string<char, std::__1::char_traits<char>, std::__1::allocator<char> > const&, Rcpp::S4_Impl<Rcpp::PreserveStorage>)
  [UP] ignoring variable <unnamed var:   %24 = alloca %struct.SEXPREC*, align 8> as it has address taken, results will be incomplete 
  [UP] ignoring variable <unnamed var:   %27 = alloca %struct.SEXPREC*, align 8> as it has address taken, results will be incomplete 

Function STK::ILauncherBase::setGammaParametersToComponent(STK::IMixtureStatModel*, std::__1::basic_string<char, std::__1::char_traits<char>, std::__1::allocator<char> > const&, Rcpp::S4_Impl<Rcpp::PreserveStorage>)
  [UP] ignoring variable <unnamed var:   %24 = alloca %struct.SEXPREC*, align 8> as it has address taken, results will be incomplete 
  [UP] ignoring variable <unnamed var:   %27 = alloca %struct.SEXPREC*, align 8> as it has address taken, results will be incomplete 

Function STK::ILauncherBase::setKernelParametersToComponent(STK::IMixtureStatModel*, std::__1::basic_string<char, std::__1::char_traits<char>, std::__1::allocator<char> > const&, Rcpp::S4_Impl<Rcpp::PreserveStorage>)
  [UP] ignoring variable <unnamed var:   %11 = alloca %struct.SEXPREC*, align 8> as it has address taken, results will be incomplete 
  [UP] ignoring variable <unnamed var:   %15 = alloca %struct.SEXPREC*, align 8> as it has address taken, results will be incomplete 

Function STK::ILauncherBase::setPoissonParametersToComponent(STK::IMixtureStatModel*, std::__1::basic_string<char, std::__1::char_traits<char>, std::__1::allocator<char> > const&, Rcpp::S4_Impl<Rcpp::PreserveStorage>)
  [UP] ignoring variable <unnamed var:   %11 = alloca %struct.SEXPREC*, align 8> as it has address taken, results will be incomplete 

Function STK::KmmLauncher::KmmLauncher(Rcpp::S4_Impl<Rcpp::PreserveStorage>, Rcpp::Vector<13, Rcpp::PreserveStorage> const&)
  [UP] calling allocating function std::__1::basic_string<char, std::__1::char_traits<char>, std::__1::allocator<char> > Rcpp::as<std::__1::basic_string<char, std::__1::char_traits<char>, std::__1::allocator<char> > >(SEXPREC*) with argument allocated using Rcpp::SlotProxyPolicy<Rcpp::S4_Impl<Rcpp::PreserveStorage> >::SlotProxy::operator SEXPREC*() const MixAll/src/KmmLauncher.cpp:66

Function STK::KmmLauncher::KmmLauncher(Rcpp::S4_Impl<Rcpp::PreserveStorage>, Rcpp::Vector<13, Rcpp::PreserveStorage> const&, Rcpp::Vector<16, Rcpp::PreserveStorage> const&)
  [UP] calling allocating function std::__1::basic_string<char, std::__1::char_traits<char>, std::__1::allocator<char> > Rcpp::as<std::__1::basic_string<char, std::__1::char_traits<char>, std::__1::allocator<char> > >(SEXPREC*) with argument allocated using Rcpp::SlotProxyPolicy<Rcpp::S4_Impl<Rcpp::PreserveStorage> >::SlotProxy::operator SEXPREC*() const MixAll/src/KmmLauncher.cpp:55

Function STK::KmmLauncher::createKernel(Rcpp::S4_Impl<Rcpp::PreserveStorage>, std::__1::basic_string<char, std::__1::char_traits<char>, std::__1::allocator<char> > const&)
  [UP] ignoring variable <unnamed var:   %76 = alloca %struct.SEXPREC*, align 8> as it has address taken, results will be incomplete 
  [UP] calling allocating function std::__1::basic_string<char, std::__1::char_traits<char>, std::__1::allocator<char> > Rcpp::as<std::__1::basic_string<char, std::__1::char_traits<char>, std::__1::allocator<char> > >(SEXPREC*) with argument allocated using Rcpp::SlotProxyPolicy<Rcpp::S4_Impl<Rcpp::PreserveStorage> >::SlotProxy::operator SEXPREC*() const MixAll/src/KmmLauncher.cpp:109
  [UP] calling allocating function bool Rcpp::as<bool>(SEXPREC*) with argument allocated using Rcpp::SlotProxyPolicy<Rcpp::S4_Impl<Rcpp::PreserveStorage> >::SlotProxy::operator SEXPREC*() const MixAll/src/KmmLauncher.cpp:111

Function STK::KmmLauncher::run()
  [UP] ignoring variable <unnamed var:   %21 = alloca %struct.SEXPREC*, align 8> as it has address taken, results will be incomplete 
  [UP] ignoring variable <unnamed var:   %24 = alloca %struct.SEXPREC*, align 8> as it has address taken, results will be incomplete 
  [UP] ignoring variable <unnamed var:   %27 = alloca %struct.SEXPREC*, align 8> as it has address taken, results will be incomplete 

Function STK::LearnLauncher::LearnLauncher(Rcpp::S4_Impl<Rcpp::PreserveStorage>, Rcpp::S4_Impl<Rcpp::PreserveStorage>)
  [UP] calling allocating function std::__1::basic_string<char, std::__1::char_traits<char>, std::__1::allocator<char> > Rcpp::as<std::__1::basic_string<char, std::__1::char_traits<char>, std::__1::allocator<char> > >(SEXPREC*) with argument allocated using Rcpp::SlotProxyPolicy<Rcpp::S4_Impl<Rcpp::PreserveStorage> >::SlotProxy::operator SEXPREC*() const MixAll/src/LearnLauncher.cpp:64

Function STK::LearnLauncher::LearnLauncher(Rcpp::S4_Impl<Rcpp::PreserveStorage>, Rcpp::Vector<16, Rcpp::PreserveStorage>, Rcpp::S4_Impl<Rcpp::PreserveStorage>)
  [UP] calling allocating function std::__1::basic_string<char, std::__1::char_traits<char>, std::__1::allocator<char> > Rcpp::as<std::__1::basic_string<char, std::__1::char_traits<char>, std::__1::allocator<char> > >(SEXPREC*) with argument allocated using Rcpp::SlotProxyPolicy<Rcpp::S4_Impl<Rcpp::PreserveStorage> >::SlotProxy::operator SEXPREC*() const MixAll/src/LearnLauncher.cpp:50

Function _ZN4Rcpp6VectorILi16ENS_15PreserveStorageEEC2ImEET_PNS_6traits9enable_ifIXsr6traits13is_arithmeticIS4_EE5valueEvE4typeE
  [UP] calling allocating function Rcpp::PreserveStorage<Rcpp::Vector<16, Rcpp::PreserveStorage> >::set__(SEXPREC*)(?,V) with argument allocated using Rf_allocVector Rcpp/include/Rcpp/vector/Vector.h:125

Function _ZN4Rcpp6VectorILi19ENS_15PreserveStorageEEC2IlEET_PNS_6traits9enable_ifIXsr6traits13is_arithmeticIS4_EE5valueEvE4typeE
  [UP] calling allocating function Rcpp::PreserveStorage<Rcpp::Vector<19, Rcpp::PreserveStorage> >::set__(SEXPREC*)(?,V) with argument allocated using Rf_allocVector Rcpp/include/Rcpp/vector/Vector.h:125

Function computeKernel(Rcpp::S4_Impl<Rcpp::PreserveStorage>, Rcpp::Vector<16, Rcpp::PreserveStorage> const&, Rcpp::Vector<14, Rcpp::PreserveStorage> const&)
  [UP] ignoring variable <unnamed var:   %36 = alloca %struct.SEXPREC*, align 8> as it has address taken, results will be incomplete 
  [UP] ignoring variable <unnamed var:   %43 = alloca %struct.SEXPREC*, align 8> as it has address taken, results will be incomplete 
  [UP] ignoring variable <unnamed var:   %50 = alloca %struct.SEXPREC*, align 8> as it has address taken, results will be incomplete 
  [UP] ignoring variable <unnamed var:   %57 = alloca %struct.SEXPREC*, align 8> as it has address taken, results will be incomplete 
  [UP] ignoring variable <unnamed var:   %22 = alloca %struct.SEXPREC*, align 8> as it has address taken, results will be incomplete 
  [UP] ignoring variable <unnamed var:   %29 = alloca %struct.SEXPREC*, align 8> as it has address taken, results will be incomplete 

Function createKernel(Rcpp::S4_Impl<Rcpp::PreserveStorage>, std::__1::basic_string<char, std::__1::char_traits<char>, std::__1::allocator<char> > const&, Rcpp::Vector<14, Rcpp::PreserveStorage> const&, bool)
  [UP] ignoring variable <unnamed var:   %35 = alloca %struct.SEXPREC*, align 8> as it has address taken, results will be incomplete 

Function void Rcpp::Vector<19, Rcpp::PreserveStorage>::push_back<Rcpp::Matrix<13, Rcpp::PreserveStorage> >(Rcpp::Matrix<13, Rcpp::PreserveStorage> const&, std::__1::basic_string<char, std::__1::char_traits<char>, std::__1::allocator<char> > const&)
  [UP] ignoring variable <unnamed var:   %7 = alloca %struct.SEXPREC*, align 8> as it has address taken, results will be incomplete 

Function void Rcpp::Vector<19, Rcpp::PreserveStorage>::push_back<Rcpp::Matrix<14, Rcpp::PreserveStorage> >(Rcpp::Matrix<14, Rcpp::PreserveStorage> const&, std::__1::basic_string<char, std::__1::char_traits<char>, std::__1::allocator<char> > const&)
  [UP] ignoring variable <unnamed var:   %7 = alloca %struct.SEXPREC*, align 8> as it has address taken, results will be incomplete 
