Package modelSelection version 1.0.4
Package built using 88967/R 4.6.0; x86_64-pc-linux-gnu; 2025-10-24 01:46:54 UTC; unix   
Checked with rchk version 35618ebbccf3cd0b45a3530e6303970a22a9056b LLVM version 14.0.6
More information at https://github.com/kalibera/cran-checks/blob/master/rchk/PROTECT.md
For rchk in docker image see https://github.com/kalibera/rchk/blob/master/doc/DOCKER.md


Function Rcpp::Armor<SEXPREC*>::init(SEXPREC*)
  [PB] has possible protection stack imbalance Rcpp/include/Rcpp/protection/Armor.h:47

Function Rcpp::Armor<SEXPREC*>::~Armor()
  [PB] has negative depth Rcpp/include/Rcpp/protection/Armor.h:41
  [UP] attempt to unprotect more items (1) than protected (0), results will be incomplete Rcpp/include/Rcpp/protection/Armor.h:41
  [PB] has possible protection stack imbalance Rcpp/include/Rcpp/protection/Armor.h:42

Function Rcpp::Rcpp_protect(SEXPREC*)
  [PB] has possible protection stack imbalance Rcpp/include/Rcpp/protection/Shield.h:25

Function Rcpp::Rcpp_unprotect(int)
  [PB] has an unsupported form of unprotect with a variable results will be incomplete Rcpp/include/Rcpp/protection/Shield.h:31
  [UP] unsupported form of unprotect, unprotecting all variables, results will be incomplete Rcpp/include/Rcpp/protection/Shield.h:31

Function Rcpp::S4_Impl<Rcpp::PreserveStorage>::S4_Impl(std::__1::basic_string<char, std::__1::char_traits<char>, std::__1::allocator<char> > const&)
  [UP] calling allocating function R_do_new_object with argument allocated using R_do_MAKE_CLASS Rcpp/include/Rcpp/S4.h:58

Function Rcpp::SlotProxyPolicy<Rcpp::S4_Impl<Rcpp::PreserveStorage> >::hasSlot(std::__1::basic_string<char, std::__1::char_traits<char>, std::__1::allocator<char> > const&) const
  [UP] calling allocating function R_has_slot(?,V) with argument allocated using Rf_mkString Rcpp/include/Rcpp/proxy/SlotProxy.h:97

Function Rcpp::Vector<19, Rcpp::PreserveStorage>::push_back_name__impl(SEXPREC* const&, std::__1::basic_string<char, std::__1::char_traits<char>, std::__1::allocator<char> > const&, Rcpp::traits::integral_constant<bool, true>)
  [UP] unprotected variable names while calling allocating function Rf_allocVector Rcpp/include/Rcpp/vector/Vector.h:680

Function Rcpp::internal::convert_using_rfunction(SEXPREC*, char const*)
  [UP] ignoring variable <unnamed var:   %10 = alloca %struct.SEXPREC*, align 8> as it has address taken, results will be incomplete 

Function Rcpp::internal::generic_name_proxy<19, Rcpp::PreserveStorage>::set(SEXPREC*)
  [UP] ignoring variable rhs as it has address taken, results will be incomplete 

Function Rcpp::traits::Exporter<arma::SpMat<double> >::Exporter(SEXPREC*)
  [UP] ignoring variable x as it has address taken, results will be incomplete 

Function Rcpp::traits::Exporter<arma::SpMat<double> >::get()
  [UP] calling allocating function std::__1::basic_string<char, std::__1::char_traits<char>, std::__1::allocator<char> > Rcpp::as<std::__1::basic_string<char, std::__1::char_traits<char>, std::__1::allocator<char> > >(SEXPREC*) with argument allocated using Rcpp::SlotProxyPolicy<Rcpp::S4_Impl<Rcpp::PreserveStorage> >::SlotProxy::operator SEXPREC*() const RcppArmadillo/include/RcppArmadillo/interface/RcppArmadilloAs.h:125
  [UP] calling allocating function std::__1::basic_string<char, std::__1::char_traits<char>, std::__1::allocator<char> > Rcpp::as<std::__1::basic_string<char, std::__1::char_traits<char>, std::__1::allocator<char> > >(SEXPREC*) with argument allocated using Rcpp::SlotProxyPolicy<Rcpp::S4_Impl<Rcpp::PreserveStorage> >::SlotProxy::operator SEXPREC*() const RcppArmadillo/include/RcppArmadillo/interface/RcppArmadilloAs.h:155
  [UP] calling allocating function std::__1::basic_string<char, std::__1::char_traits<char>, std::__1::allocator<char> > Rcpp::as<std::__1::basic_string<char, std::__1::char_traits<char>, std::__1::allocator<char> > >(SEXPREC*) with argument allocated using Rcpp::SlotProxyPolicy<Rcpp::S4_Impl<Rcpp::PreserveStorage> >::SlotProxy::operator SEXPREC*() const RcppArmadillo/include/RcppArmadillo/interface/RcppArmadilloAs.h:167
  [UP] calling allocating function std::__1::basic_string<char, std::__1::char_traits<char>, std::__1::allocator<char> > Rcpp::as<std::__1::basic_string<char, std::__1::char_traits<char>, std::__1::allocator<char> > >(SEXPREC*) with argument allocated using Rcpp::SlotProxyPolicy<Rcpp::S4_Impl<Rcpp::PreserveStorage> >::SlotProxy::operator SEXPREC*() const RcppArmadillo/include/RcppArmadillo/interface/RcppArmadilloAs.h:190
  [UP] calling allocating function std::__1::basic_string<char, std::__1::char_traits<char>, std::__1::allocator<char> > Rcpp::as<std::__1::basic_string<char, std::__1::char_traits<char>, std::__1::allocator<char> > >(SEXPREC*) with argument allocated using Rcpp::SlotProxyPolicy<Rcpp::S4_Impl<Rcpp::PreserveStorage> >::SlotProxy::operator SEXPREC*() const RcppArmadillo/include/RcppArmadillo/interface/RcppArmadilloAs.h:200
  [UP] calling allocating function std::__1::basic_string<char, std::__1::char_traits<char>, std::__1::allocator<char> > Rcpp::as<std::__1::basic_string<char, std::__1::char_traits<char>, std::__1::allocator<char> > >(SEXPREC*) with argument allocated using Rcpp::SlotProxyPolicy<Rcpp::S4_Impl<Rcpp::PreserveStorage> >::SlotProxy::operator SEXPREC*() const RcppArmadillo/include/RcppArmadillo/interface/RcppArmadilloAs.h:250
  [UP] calling allocating function std::__1::basic_string<char, std::__1::char_traits<char>, std::__1::allocator<char> > Rcpp::as<std::__1::basic_string<char, std::__1::char_traits<char>, std::__1::allocator<char> > >(SEXPREC*) with argument allocated using Rcpp::SlotProxyPolicy<Rcpp::S4_Impl<Rcpp::PreserveStorage> >::SlotProxy::operator SEXPREC*() const RcppArmadillo/include/RcppArmadillo/interface/RcppArmadilloAs.h:299
  [UP] calling allocating function std::__1::basic_string<char, std::__1::char_traits<char>, std::__1::allocator<char> > Rcpp::as<std::__1::basic_string<char, std::__1::char_traits<char>, std::__1::allocator<char> > >(SEXPREC*) with argument allocated using Rcpp::SlotProxyPolicy<Rcpp::S4_Impl<Rcpp::PreserveStorage> >::SlotProxy::operator SEXPREC*() const RcppArmadillo/include/RcppArmadillo/interface/RcppArmadilloAs.h:406

Function _modelSelection_bsplineCI
  [UP] ignoring variable <unnamed var:   %18 = alloca %struct.SEXPREC*, align 8> as it has address taken, results will be incomplete 
  [UP] ignoring variable <unnamed var:   %19 = alloca %struct.SEXPREC*, align 8> as it has address taken, results will be incomplete 

Function _modelSelection_eprod_I
  [UP] ignoring variable <unnamed var:   %24 = alloca %struct.SEXPREC*, align 8> as it has address taken, results will be incomplete 
  [UP] ignoring variable <unnamed var:   %25 = alloca %struct.SEXPREC*, align 8> as it has address taken, results will be incomplete 

Function _modelSelection_greedyVarSelCI
  [UP] ignoring variable <unnamed var:   %162 = alloca %struct.SEXPREC*, align 8> as it has address taken, results will be incomplete 
  [UP] ignoring variable <unnamed var:   %163 = alloca %struct.SEXPREC*, align 8> as it has address taken, results will be incomplete 

Function _modelSelection_marginalLikelihoodCI
  [UP] ignoring variable <unnamed var:   %129 = alloca %struct.SEXPREC*, align 8> as it has address taken, results will be incomplete 
  [UP] ignoring variable <unnamed var:   %130 = alloca %struct.SEXPREC*, align 8> as it has address taken, results will be incomplete 

Function _modelSelection_modelSelectionEnumCI
  [UP] ignoring variable <unnamed var:   %153 = alloca %struct.SEXPREC*, align 8> as it has address taken, results will be incomplete 
  [UP] ignoring variable <unnamed var:   %154 = alloca %struct.SEXPREC*, align 8> as it has address taken, results will be incomplete 

Function _modelSelection_modelSelectionGGMC
  [UP] ignoring variable <unnamed var:   %24 = alloca %struct.SEXPREC*, align 8> as it has address taken, results will be incomplete 

Function _modelSelection_modelSelectionGGM_globalC
  [UP] ignoring variable <unnamed var:   %24 = alloca %struct.SEXPREC*, align 8> as it has address taken, results will be incomplete 

Function _modelSelection_modelSelectionGibbsCI
  [UP] ignoring variable <unnamed var:   %174 = alloca %struct.SEXPREC*, align 8> as it has address taken, results will be incomplete 
  [UP] ignoring variable <unnamed var:   %175 = alloca %struct.SEXPREC*, align 8> as it has address taken, results will be incomplete 

Function _modelSelection_normalmixGibbsCI
  [UP] ignoring variable <unnamed var:   %48 = alloca %struct.SEXPREC*, align 8> as it has address taken, results will be incomplete 
  [UP] ignoring variable <unnamed var:   %49 = alloca %struct.SEXPREC*, align 8> as it has address taken, results will be incomplete 

Function _modelSelection_pimomMarginalKI
  [UP] ignoring variable <unnamed var:   %54 = alloca %struct.SEXPREC*, align 8> as it has address taken, results will be incomplete 
  [UP] ignoring variable <unnamed var:   %55 = alloca %struct.SEXPREC*, align 8> as it has address taken, results will be incomplete 

Function _modelSelection_pimomMarginalUI
  [UP] ignoring variable <unnamed var:   %60 = alloca %struct.SEXPREC*, align 8> as it has address taken, results will be incomplete 
  [UP] ignoring variable <unnamed var:   %61 = alloca %struct.SEXPREC*, align 8> as it has address taken, results will be incomplete 

Function _modelSelection_pmomMarginalKI
  [UP] ignoring variable <unnamed var:   %57 = alloca %struct.SEXPREC*, align 8> as it has address taken, results will be incomplete 
  [UP] ignoring variable <unnamed var:   %58 = alloca %struct.SEXPREC*, align 8> as it has address taken, results will be incomplete 

Function _modelSelection_pmomMarginalUI
  [UP] ignoring variable <unnamed var:   %63 = alloca %struct.SEXPREC*, align 8> as it has address taken, results will be incomplete 
  [UP] ignoring variable <unnamed var:   %64 = alloca %struct.SEXPREC*, align 8> as it has address taken, results will be incomplete 

Function _modelSelection_rnlpCI
  [UP] ignoring variable <unnamed var:   %36 = alloca %struct.SEXPREC*, align 8> as it has address taken, results will be incomplete 
  [UP] ignoring variable <unnamed var:   %37 = alloca %struct.SEXPREC*, align 8> as it has address taken, results will be incomplete 

Function _modelSelection_rnlpPostCI_lm
  [UP] ignoring variable <unnamed var:   %42 = alloca %struct.SEXPREC*, align 8> as it has address taken, results will be incomplete 
  [UP] ignoring variable <unnamed var:   %43 = alloca %struct.SEXPREC*, align 8> as it has address taken, results will be incomplete 

Function _modelSelection_rnorm_truncMultCI
  [UP] ignoring variable <unnamed var:   %24 = alloca %struct.SEXPREC*, align 8> as it has address taken, results will be incomplete 
  [UP] ignoring variable <unnamed var:   %25 = alloca %struct.SEXPREC*, align 8> as it has address taken, results will be incomplete 

Function _modelSelection_rtmvnormCI
  [UP] ignoring variable <unnamed var:   %30 = alloca %struct.SEXPREC*, align 8> as it has address taken, results will be incomplete 
  [UP] ignoring variable <unnamed var:   %31 = alloca %struct.SEXPREC*, align 8> as it has address taken, results will be incomplete 

Function _modelSelection_rtmvnormProdCI
  [UP] ignoring variable <unnamed var:   %36 = alloca %struct.SEXPREC*, align 8> as it has address taken, results will be incomplete 
  [UP] ignoring variable <unnamed var:   %37 = alloca %struct.SEXPREC*, align 8> as it has address taken, results will be incomplete 

Function _modelSelection_testfunctionCI
  [UP] ignoring variable <unnamed var:   %18 = alloca %struct.SEXPREC*, align 8> as it has address taken, results will be incomplete 

Function void Rcpp::Vector<19, Rcpp::PreserveStorage>::push_back<SEXPREC*>(SEXPREC* const&, std::__1::basic_string<char, std::__1::char_traits<char>, std::__1::allocator<char> > const&)
  [UP] ignoring variable <unnamed var:   %7 = alloca %struct.SEXPREC*, align 8> as it has address taken, results will be incomplete 
