Package MonetDBLite version 0.6.0
Package built using 76263/R 3.6.0; x86_64-pc-linux-gnu; 2019-03-25 16:01:18 UTC; unix   
Checked with rchk version 6d8483c5be1eff92b9772065e2744ae221981c33
More information at https://github.com/kalibera/cran-checks/blob/master/rchk/PROTECT.md


Function bat_to_sexp
  [PB] has too high protection stack depth results will be incomplete
  [UP] protect stack is too deep, unprotecting all variables, results will be incomplete
  [UP] unprotected variable varvalue while calling allocating function Rf_mkString MonetDBLite/src/embeddedr/converters.c.h:260
  [PB] has an unsupported form of unprotect (not constant, not variable), results will be incomplete MonetDBLite/src/embeddedr/converters.c.h:293
  [UP] unsupported form of unprotect, unprotecting all variables, results will be incomplete MonetDBLite/src/embeddedr/converters.c.h:293
  [UP] unprotected variable varvalue while calling allocating function Rf_mkString MonetDBLite/src/embeddedr/converters.c.h:330
  [PB] has possible protection stack imbalance MonetDBLite/src/embeddedr/converters.c.h:412

Function monetdb_query_R
  [UP] unprotected variable names while calling allocating function BATdescriptor.8021 MonetDBLite/src/embeddedr/embeddedr.c:144
  [UP] unprotected variable retlist while calling allocating function BATdescriptor.8021 MonetDBLite/src/embeddedr/embeddedr.c:144
  [UP] unprotected variable names while calling allocating function Rf_mkCharCE MonetDBLite/src/embeddedr/embeddedr.c:146
  [UP] unprotected variable retlist while calling allocating function Rf_mkCharCE MonetDBLite/src/embeddedr/embeddedr.c:146
  [PB] has an unsupported form of unprotect (not constant, not variable), results will be incomplete MonetDBLite/src/embeddedr/embeddedr.c:149
  [UP] unsupported form of unprotect, unprotecting all variables, results will be incomplete MonetDBLite/src/embeddedr/embeddedr.c:149
  [UP] unprotected variable names while calling allocating function bat_to_sexp MonetDBLite/src/embeddedr/embeddedr.c:158
  [UP] unprotected variable retlist while calling allocating function bat_to_sexp MonetDBLite/src/embeddedr/embeddedr.c:158
  [PB] has an unsupported form of unprotect (not constant, not variable), results will be incomplete MonetDBLite/src/embeddedr/embeddedr.c:159
  [UP] unsupported form of unprotect, unprotecting all variables, results will be incomplete MonetDBLite/src/embeddedr/embeddedr.c:159
  [UP] unprotected variable names while calling allocating function BBPunfix MonetDBLite/src/embeddedr/embeddedr.c:166
  [PB] has negative depth MonetDBLite/src/embeddedr/embeddedr.c:168
  [UP] attempt to unprotect more items (2) than protected (1), results will be incomplete MonetDBLite/src/embeddedr/embeddedr.c:168
  [UP] unprotected variable names while calling allocating function Rf_ScalarReal MonetDBLite/src/embeddedr/embeddedr.c:170
  [UP] unprotected variable names while calling allocating function Rf_install MonetDBLite/src/embeddedr/embeddedr.c:170
  [UP] unprotected variable names while calling allocating function Rf_setAttrib(V,S:__rows,V) MonetDBLite/src/embeddedr/embeddedr.c:170
  [UP] unprotected variable retlist while calling allocating function Rf_ScalarReal MonetDBLite/src/embeddedr/embeddedr.c:170
  [UP] unprotected variable retlist while calling allocating function Rf_install MonetDBLite/src/embeddedr/embeddedr.c:170
  [UP] unprotected variable names while calling allocating function Rf_ScalarReal MonetDBLite/src/embeddedr/embeddedr.c:173
  [UP] unprotected variable names while calling allocating function Rf_install MonetDBLite/src/embeddedr/embeddedr.c:173
  [UP] unprotected variable names while calling allocating function Rf_setAttrib(V,S:__prepare,V) MonetDBLite/src/embeddedr/embeddedr.c:173
  [UP] unprotected variable retlist while calling allocating function Rf_ScalarReal MonetDBLite/src/embeddedr/embeddedr.c:173
  [UP] unprotected variable retlist while calling allocating function Rf_install MonetDBLite/src/embeddedr/embeddedr.c:173
  [UP] unprotected variable names while calling allocating function monetdb_cleanup_result MonetDBLite/src/embeddedr/embeddedr.c:177
  [UP] unprotected variable retlist while calling allocating function monetdb_cleanup_result MonetDBLite/src/embeddedr/embeddedr.c:177
  [UP] unprotected variable retlist while calling allocating function PutRNGstate MonetDBLite/src/embeddedr/embeddedr.c:179
  [PB] has negative depth MonetDBLite/src/embeddedr/embeddedr.c:180
  [UP] attempt to unprotect more items (2) than protected (0), results will be incomplete MonetDBLite/src/embeddedr/embeddedr.c:180
  [UP] attempt to unprotect more items (2) than protected (1), results will be incomplete MonetDBLite/src/embeddedr/embeddedr.c:180
  [PB] has possible protection stack imbalance MonetDBLite/src/embeddedr/embeddedr.c:188

Function monetdb_r_dressup
  [PB] has possible protection stack imbalance MonetDBLite/src/embeddedr/converters.c.h:152
