Package netdiffuseR version 1.20.2
Package built using 76435/R 3.7.0; x86_64-pc-linux-gnu; 2019-04-29 13:42:56 UTC; unix   
Checked with rchk version 8de4e6e0566199e4662b2716e5acf000dd84f60b
More information at https://github.com/kalibera/cran-checks/blob/master/rchk/PROTECT.md


Function Rcpp::Armor<SEXPREC*>::init(SEXPREC*)
  [PB] has possible protection stack imbalance Rcpp/include/Rcpp/protection/Armor.h:47

Function Rcpp::Armor<SEXPREC*>::~Armor()
  [PB] has negative depth Rcpp/include/Rcpp/protection/Armor.h:41
  [UP] attempt to unprotect more items (1) than protected (0), results will be incomplete Rcpp/include/Rcpp/protection/Armor.h:41
  [PB] has possible protection stack imbalance Rcpp/include/Rcpp/protection/Armor.h:42

Function Rcpp::Rcpp_protect(SEXPREC*)
  [PB] has possible protection stack imbalance Rcpp/include/Rcpp/protection/Shield.h:25

Function Rcpp::Rcpp_unprotect(int)
  [PB] has an unsupported form of unprotect with a variable results will be incomplete Rcpp/include/Rcpp/protection/Shield.h:31
  [UP] unsupported form of unprotect, unprotecting all variables, results will be incomplete Rcpp/include/Rcpp/protection/Shield.h:31

Function Rcpp::S4_Impl<Rcpp::PreserveStorage>::S4_Impl(std::__1::basic_string<char, std::__1::char_traits<char>, std::__1::allocator<char> > const&)
  [UP] calling allocating function R_do_new_object with argument allocated using R_do_MAKE_CLASS Rcpp/include/Rcpp/S4.h:58

Function Rcpp::internal::convert_using_rfunction(SEXPREC*, char const*)
  [UP] ignoring variable <unnamed var:   %9 = alloca %struct.SEXPREC*, align 8> as it has address taken, results will be incomplete 
  [UP] calling allocating function Rcpp::Rcpp_fast_eval(SEXPREC*, SEXPREC*) with argument allocated using Rf_lang2 Rcpp/include/Rcpp/r_cast.h:34

Function Rcpp::traits::Exporter<arma::SpMat<double> >::Exporter(SEXPREC*)
  [UP] ignoring variable x as it has address taken, results will be incomplete 

Function Rcpp::traits::Exporter<arma::SpMat<double> >::get()
  [UP] calling allocating function std::__1::basic_string<char, std::__1::char_traits<char>, std::__1::allocator<char> > Rcpp::as<std::__1::basic_string<char, std::__1::char_traits<char>, std::__1::allocator<char> > >(SEXPREC*) with argument allocated using Rcpp::SlotProxyPolicy<Rcpp::S4_Impl<Rcpp::PreserveStorage> >::SlotProxy::operator SEXPREC*() const RcppArmadillo/include/RcppArmadilloAs.h:114
  [UP] calling allocating function std::__1::basic_string<char, std::__1::char_traits<char>, std::__1::allocator<char> > Rcpp::as<std::__1::basic_string<char, std::__1::char_traits<char>, std::__1::allocator<char> > >(SEXPREC*) with argument allocated using Rcpp::SlotProxyPolicy<Rcpp::S4_Impl<Rcpp::PreserveStorage> >::SlotProxy::operator SEXPREC*() const RcppArmadillo/include/RcppArmadilloAs.h:135
  [UP] calling allocating function std::__1::basic_string<char, std::__1::char_traits<char>, std::__1::allocator<char> > Rcpp::as<std::__1::basic_string<char, std::__1::char_traits<char>, std::__1::allocator<char> > >(SEXPREC*) with argument allocated using Rcpp::SlotProxyPolicy<Rcpp::S4_Impl<Rcpp::PreserveStorage> >::SlotProxy::operator SEXPREC*() const RcppArmadillo/include/RcppArmadilloAs.h:156
  [UP] calling allocating function std::__1::basic_string<char, std::__1::char_traits<char>, std::__1::allocator<char> > Rcpp::as<std::__1::basic_string<char, std::__1::char_traits<char>, std::__1::allocator<char> > >(SEXPREC*) with argument allocated using Rcpp::SlotProxyPolicy<Rcpp::S4_Impl<Rcpp::PreserveStorage> >::SlotProxy::operator SEXPREC*() const RcppArmadillo/include/RcppArmadilloAs.h:188
  [UP] calling allocating function std::__1::basic_string<char, std::__1::char_traits<char>, std::__1::allocator<char> > Rcpp::as<std::__1::basic_string<char, std::__1::char_traits<char>, std::__1::allocator<char> > >(SEXPREC*) with argument allocated using Rcpp::SlotProxyPolicy<Rcpp::S4_Impl<Rcpp::PreserveStorage> >::SlotProxy::operator SEXPREC*() const RcppArmadillo/include/RcppArmadilloAs.h:198
  [UP] calling allocating function std::__1::basic_string<char, std::__1::char_traits<char>, std::__1::allocator<char> > Rcpp::as<std::__1::basic_string<char, std::__1::char_traits<char>, std::__1::allocator<char> > >(SEXPREC*) with argument allocated using Rcpp::SlotProxyPolicy<Rcpp::S4_Impl<Rcpp::PreserveStorage> >::SlotProxy::operator SEXPREC*() const RcppArmadillo/include/RcppArmadilloAs.h:257
  [UP] calling allocating function std::__1::basic_string<char, std::__1::char_traits<char>, std::__1::allocator<char> > Rcpp::as<std::__1::basic_string<char, std::__1::char_traits<char>, std::__1::allocator<char> > >(SEXPREC*) with argument allocated using Rcpp::SlotProxyPolicy<Rcpp::S4_Impl<Rcpp::PreserveStorage> >::SlotProxy::operator SEXPREC*() const RcppArmadillo/include/RcppArmadilloAs.h:315
  [UP] calling allocating function std::__1::basic_string<char, std::__1::char_traits<char>, std::__1::allocator<char> > Rcpp::as<std::__1::basic_string<char, std::__1::char_traits<char>, std::__1::allocator<char> > >(SEXPREC*) with argument allocated using Rcpp::SlotProxyPolicy<Rcpp::S4_Impl<Rcpp::PreserveStorage> >::SlotProxy::operator SEXPREC*() const RcppArmadillo/include/RcppArmadilloAs.h:453

Function _netdiffuseR_adjmat_to_edgelist_cpp
  [UP] ignoring variable <unnamed var:   %21 = alloca %struct.SEXPREC*, align 8> as it has address taken, results will be incomplete 

Function _netdiffuseR_approx_geodesicCpp
  [UP] ignoring variable <unnamed var:   %24 = alloca %struct.SEXPREC*, align 8> as it has address taken, results will be incomplete 

Function _netdiffuseR_bootnet_fillself
  [UP] ignoring variable <unnamed var:   %24 = alloca %struct.SEXPREC*, align 8> as it has address taken, results will be incomplete 

Function _netdiffuseR_edgelist_to_adjmat_cpp
  [UP] ignoring variable <unnamed var:   %33 = alloca %struct.SEXPREC*, align 8> as it has address taken, results will be incomplete 

Function _netdiffuseR_edges_arrow
  [UP] ignoring variable <unnamed var:   %45 = alloca %struct.SEXPREC*, align 8> as it has address taken, results will be incomplete 

Function _netdiffuseR_edges_coords
  [UP] ignoring variable <unnamed var:   %45 = alloca %struct.SEXPREC*, align 8> as it has address taken, results will be incomplete 

Function _netdiffuseR_ego_variance
  [UP] ignoring variable <unnamed var:   %27 = alloca %struct.SEXPREC*, align 8> as it has address taken, results will be incomplete 

Function _netdiffuseR_egonet_attrs_cpp
  [UP] ignoring variable <unnamed var:   %30 = alloca %struct.SEXPREC*, align 8> as it has address taken, results will be incomplete 

Function _netdiffuseR_grid_distribution
  [UP] ignoring variable <unnamed var:   %24 = alloca %struct.SEXPREC*, align 8> as it has address taken, results will be incomplete 

Function _netdiffuseR_infection_cpp
  [UP] ignoring variable <unnamed var:   %42 = alloca %struct.SEXPREC*, align 8> as it has address taken, results will be incomplete 

Function _netdiffuseR_matrix_compareCpp
  [UP] ignoring variable <unnamed var:   %24 = alloca %struct.SEXPREC*, align 8> as it has address taken, results will be incomplete 

Function _netdiffuseR_moran_cpp
  [UP] ignoring variable <unnamed var:   %21 = alloca %struct.SEXPREC*, align 8> as it has address taken, results will be incomplete 

Function _netdiffuseR_permute_graph_cpp
  [UP] ignoring variable <unnamed var:   %24 = alloca %struct.SEXPREC*, align 8> as it has address taken, results will be incomplete 

Function _netdiffuseR_rewire_endpoints
  [UP] ignoring variable <unnamed var:   %33 = alloca %struct.SEXPREC*, align 8> as it has address taken, results will be incomplete 

Function _netdiffuseR_rewire_swap
  [UP] ignoring variable <unnamed var:   %33 = alloca %struct.SEXPREC*, align 8> as it has address taken, results will be incomplete 

Function _netdiffuseR_rewire_ws
  [UP] ignoring variable <unnamed var:   %30 = alloca %struct.SEXPREC*, align 8> as it has address taken, results will be incomplete 

Function _netdiffuseR_rgraph_ba_cpp
  [UP] ignoring variable <unnamed var:   %30 = alloca %struct.SEXPREC*, align 8> as it has address taken, results will be incomplete 

Function _netdiffuseR_rgraph_ba_new_cpp
  [UP] ignoring variable <unnamed var:   %27 = alloca %struct.SEXPREC*, align 8> as it has address taken, results will be incomplete 

Function _netdiffuseR_rgraph_er_cpp
  [UP] ignoring variable <unnamed var:   %30 = alloca %struct.SEXPREC*, align 8> as it has address taken, results will be incomplete 

Function _netdiffuseR_rgraph_sf_homo
  [UP] ignoring variable <unnamed var:   %33 = alloca %struct.SEXPREC*, align 8> as it has address taken, results will be incomplete 

Function _netdiffuseR_rgraph_sf_homo_new
  [UP] ignoring variable <unnamed var:   %30 = alloca %struct.SEXPREC*, align 8> as it has address taken, results will be incomplete 

Function _netdiffuseR_ring_lattice
  [UP] ignoring variable <unnamed var:   %24 = alloca %struct.SEXPREC*, align 8> as it has address taken, results will be incomplete 

Function _netdiffuseR_select_egoalter_cpp
  [UP] ignoring variable <unnamed var:   %27 = alloca %struct.SEXPREC*, align 8> as it has address taken, results will be incomplete 

Function _netdiffuseR_sp_as_undirected
  [UP] ignoring variable <unnamed var:   %18 = alloca %struct.SEXPREC*, align 8> as it has address taken, results will be incomplete 

Function _netdiffuseR_sp_diag
  [UP] ignoring variable <unnamed var:   %21 = alloca %struct.SEXPREC*, align 8> as it has address taken, results will be incomplete 

Function _netdiffuseR_sp_trimatl
  [UP] ignoring variable <unnamed var:   %18 = alloca %struct.SEXPREC*, align 8> as it has address taken, results will be incomplete 

Function _netdiffuseR_struct_equiv_cpp
  [UP] ignoring variable <unnamed var:   %21 = alloca %struct.SEXPREC*, align 8> as it has address taken, results will be incomplete 

Function _netdiffuseR_struct_test_mean
  [UP] ignoring variable <unnamed var:   %24 = alloca %struct.SEXPREC*, align 8> as it has address taken, results will be incomplete 

Function _netdiffuseR_struct_test_var
  [UP] ignoring variable <unnamed var:   %24 = alloca %struct.SEXPREC*, align 8> as it has address taken, results will be incomplete 

Function _netdiffuseR_susceptibility_cpp
  [UP] ignoring variable <unnamed var:   %42 = alloca %struct.SEXPREC*, align 8> as it has address taken, results will be incomplete 

Function _netdiffuseR_toa_diff_cpp
  [UP] ignoring variable <unnamed var:   %18 = alloca %struct.SEXPREC*, align 8> as it has address taken, results will be incomplete 

Function _netdiffuseR_unif_rand_w_exclusion
  [UP] ignoring variable <unnamed var:   %21 = alloca %struct.SEXPREC*, align 8> as it has address taken, results will be incomplete 

Function _netdiffuseR_vertex_covariate_compare
  [UP] ignoring variable <unnamed var:   %24 = alloca %struct.SEXPREC*, align 8> as it has address taken, results will be incomplete 

Function _netdiffuseR_vertex_covariate_dist
  [UP] ignoring variable <unnamed var:   %24 = alloca %struct.SEXPREC*, align 8> as it has address taken, results will be incomplete 

Function _netdiffuseR_vertex_mahalanobis_dist_cpp
  [UP] ignoring variable <unnamed var:   %24 = alloca %struct.SEXPREC*, align 8> as it has address taken, results will be incomplete 

Function _netdiffuseR_vertices_coords
  [UP] ignoring variable <unnamed var:   %36 = alloca %struct.SEXPREC*, align 8> as it has address taken, results will be incomplete 

Function egonet_attrs_cpp(arma::SpMat<double> const&, arma::Col<unsigned long long>, bool, bool, bool)
  [UP] ignoring variable <unnamed var:   %186 = alloca %struct.SEXPREC*, align 8> as it has address taken, results will be incomplete 
  [UP] ignoring variable <unnamed var:   %190 = alloca %struct.SEXPREC*, align 8> as it has address taken, results will be incomplete 
