Package nimble version 0.11.0
Package built using 80181/R 4.1.0; x86_64-pc-linux-gnu; 2021-04-19 09:23:19 UTC; unix   
Checked with rchk version 3d653b7c8f92dac912532856b55f44d2986c6553 LLVM version 10.0.1
More information at https://github.com/kalibera/cran-checks/blob/master/rchk/PROTECT.md
For rchk in docker image see https://github.com/kalibera/rchk/blob/master/doc/DOCKER.md


Function C_getConditionallyIndependentSets
  [PB] has too high protection stack depth results will be incomplete
  [UP] protect stack is too deep, unprotecting all variables, results will be incomplete
  [PB] has an unsupported form of unprotect (not constant, not variable), results will be incomplete /unknown:0
  [UP] unsupported form of unprotect, unprotecting all variables, results will be incomplete /unknown:0

Function Nim_2_SEXP
  [UP] ignoring variable <unnamed var:   %4 = alloca %struct.SEXPREC*, align 8> as it has address taken, results will be incomplete 
  [UP] ignoring variable <unnamed var:   %5 = alloca %struct.SEXPREC*, align 8> as it has address taken, results will be incomplete 

Function RNimble_PtrFinalizer(SEXPREC*)
  [UP] ignoring variable <unnamed var:   %2 = alloca %struct.SEXPREC*, align 8> as it has address taken, results will be incomplete 

Function RegisterNimblePointer(SEXPREC*, SEXPREC*, void (*)(SEXPREC*), SEXPREC*)
  [UP] ignoring variable <unnamed var:   %5 = alloca %struct.SEXPREC*, align 8> as it has address taken, results will be incomplete 

Function SEXP_2_Nim
  [UP] ignoring variable <unnamed var:   %5 = alloca %struct.SEXPREC*, align 8> as it has address taken, results will be incomplete 
  [UP] ignoring variable <unnamed var:   %6 = alloca %struct.SEXPREC*, align 8> as it has address taken, results will be incomplete 
