Package nonmem2rx version 0.1.8
Package built using 88872/R 4.6.0; x86_64-pc-linux-gnu; 2025-09-27 06:14:58 UTC; unix   
Checked with rchk version 35618ebbccf3cd0b45a3530e6303970a22a9056b LLVM version 14.0.6
More information at https://github.com/kalibera/cran-checks/blob/master/rchk/PROTECT.md
For rchk in docker image see https://github.com/kalibera/rchk/blob/master/doc/DOCKER.md


Function Rcpp::Rcpp_protect(SEXPREC*)
  [PB] has possible protection stack imbalance Rcpp/include/Rcpp/protection/Shield.h:25

Function Rcpp::Rcpp_unprotect(int)
  [PB] has an unsupported form of unprotect with a variable results will be incomplete Rcpp/include/Rcpp/protection/Shield.h:31
  [UP] unsupported form of unprotect, unprotecting all variables, results will be incomplete Rcpp/include/Rcpp/protection/Shield.h:31

Function _nonmem2rx_fromNonmemToRxId_
  [UP] ignoring variable <unnamed var:   %15 = alloca %struct.SEXPREC*, align 8> as it has address taken, results will be incomplete 

Function nonmem2rxAddLhsVar
  [UP] calling allocating function Rcpp::Environment_Impl<Rcpp::PreserveStorage>::Environment_Impl(SEXPREC*) with argument allocated using SEXPREC* Rcpp::Function_Impl<Rcpp::PreserveStorage>::operator()<char [10]>(char const (&) [10]) const nonmem2rx/src/util.cpp:513
  [UP] unprotected variable <unnamed var:   %2 = alloca %struct.SEXPREC*, align 8> while calling allocating function Rcpp::Environment_Impl<Rcpp::PreserveStorage>::~Environment_Impl() nonmem2rx/src/util.cpp:516
  [UP] unprotected variable <unnamed var:   %2 = alloca %struct.SEXPREC*, align 8> while calling allocating function Rcpp::Function_Impl<Rcpp::PreserveStorage>::~Function_Impl() nonmem2rx/src/util.cpp:516

Function nonmem2rxAddReplaceDirect1
  [UP] calling allocating function Rcpp::Environment_Impl<Rcpp::PreserveStorage>::Environment_Impl(SEXPREC*) with argument allocated using SEXPREC* Rcpp::Function_Impl<Rcpp::PreserveStorage>::operator()<char [10]>(char const (&) [10]) const nonmem2rx/src/util.cpp:398
  [UP] unprotected variable <unnamed var:   %4 = alloca %struct.SEXPREC*, align 8> while calling allocating function Rcpp::Environment_Impl<Rcpp::PreserveStorage>::~Environment_Impl() nonmem2rx/src/util.cpp:401
  [UP] unprotected variable <unnamed var:   %4 = alloca %struct.SEXPREC*, align 8> while calling allocating function Rcpp::Function_Impl<Rcpp::PreserveStorage>::~Function_Impl() nonmem2rx/src/util.cpp:401

Function nonmem2rxAddReplaceDirect2
  [UP] calling allocating function Rcpp::Environment_Impl<Rcpp::PreserveStorage>::Environment_Impl(SEXPREC*) with argument allocated using SEXPREC* Rcpp::Function_Impl<Rcpp::PreserveStorage>::operator()<char [10]>(char const (&) [10]) const nonmem2rx/src/util.cpp:406
  [UP] unprotected variable <unnamed var:   %3 = alloca %struct.SEXPREC*, align 8> while calling allocating function Rcpp::Environment_Impl<Rcpp::PreserveStorage>::~Environment_Impl() nonmem2rx/src/util.cpp:409
  [UP] unprotected variable <unnamed var:   %3 = alloca %struct.SEXPREC*, align 8> while calling allocating function Rcpp::Function_Impl<Rcpp::PreserveStorage>::~Function_Impl() nonmem2rx/src/util.cpp:409

Function nonmem2rxAdvan5handleK
  [UP] calling allocating function Rcpp::Environment_Impl<Rcpp::PreserveStorage>::Environment_Impl(SEXPREC*) with argument allocated using SEXPREC* Rcpp::Function_Impl<Rcpp::PreserveStorage>::operator()<char [10]>(char const (&) [10]) const nonmem2rx/src/util.cpp:536
  [UP] unprotected variable <unnamed var:   %2 = alloca %struct.SEXPREC*, align 8> while calling allocating function Rcpp::Environment_Impl<Rcpp::PreserveStorage>::~Environment_Impl() nonmem2rx/src/util.cpp:539
  [UP] unprotected variable <unnamed var:   %2 = alloca %struct.SEXPREC*, align 8> while calling allocating function Rcpp::Function_Impl<Rcpp::PreserveStorage>::~Function_Impl() nonmem2rx/src/util.cpp:539

Function nonmem2rxGetEpsNum
  [UP] calling allocating function Rcpp::Environment_Impl<Rcpp::PreserveStorage>::Environment_Impl(SEXPREC*) with argument allocated using SEXPREC* Rcpp::Function_Impl<Rcpp::PreserveStorage>::operator()<char [10]>(char const (&) [10]) const nonmem2rx/src/util.cpp:389
  [UP] unprotected variable <unnamed var:   %2 = alloca %struct.SEXPREC*, align 8> while calling allocating function Rcpp::Environment_Impl<Rcpp::PreserveStorage>::~Environment_Impl() nonmem2rx/src/util.cpp:392
  [UP] unprotected variable <unnamed var:   %2 = alloca %struct.SEXPREC*, align 8> while calling allocating function Rcpp::Function_Impl<Rcpp::PreserveStorage>::~Function_Impl() nonmem2rx/src/util.cpp:392

Function nonmem2rxGetEtaNum
  [UP] calling allocating function Rcpp::Environment_Impl<Rcpp::PreserveStorage>::Environment_Impl(SEXPREC*) with argument allocated using SEXPREC* Rcpp::Function_Impl<Rcpp::PreserveStorage>::operator()<char [10]>(char const (&) [10]) const nonmem2rx/src/util.cpp:381
  [UP] unprotected variable <unnamed var:   %2 = alloca %struct.SEXPREC*, align 8> while calling allocating function Rcpp::Environment_Impl<Rcpp::PreserveStorage>::~Environment_Impl() nonmem2rx/src/util.cpp:384
  [UP] unprotected variable <unnamed var:   %2 = alloca %struct.SEXPREC*, align 8> while calling allocating function Rcpp::Function_Impl<Rcpp::PreserveStorage>::~Function_Impl() nonmem2rx/src/util.cpp:384

Function nonmem2rxGetExtendedVar
  [UP] calling allocating function Rcpp::Environment_Impl<Rcpp::PreserveStorage>::Environment_Impl(SEXPREC*) with argument allocated using SEXPREC* Rcpp::Function_Impl<Rcpp::PreserveStorage>::operator()<char [10]>(char const (&) [10]) const nonmem2rx/src/util.cpp:179
  [UP] unprotected variable <unnamed var:   %2 = alloca %struct.SEXPREC*, align 8> while calling allocating function Rcpp::Environment_Impl<Rcpp::PreserveStorage>::~Environment_Impl() nonmem2rx/src/util.cpp:182
  [UP] unprotected variable <unnamed var:   %2 = alloca %struct.SEXPREC*, align 8> while calling allocating function Rcpp::Function_Impl<Rcpp::PreserveStorage>::~Function_Impl() nonmem2rx/src/util.cpp:182

Function nonmem2rxGetModelNum
  [UP] calling allocating function Rcpp::Environment_Impl<Rcpp::PreserveStorage>::Environment_Impl(SEXPREC*) with argument allocated using SEXPREC* Rcpp::Function_Impl<Rcpp::PreserveStorage>::operator()<char [10]>(char const (&) [10]) const nonmem2rx/src/util.cpp:364
  [UP] unprotected variable <unnamed var:   %2 = alloca %struct.SEXPREC*, align 8> while calling allocating function Rcpp::Environment_Impl<Rcpp::PreserveStorage>::~Environment_Impl() nonmem2rx/src/util.cpp:367
  [UP] unprotected variable <unnamed var:   %2 = alloca %struct.SEXPREC*, align 8> while calling allocating function Rcpp::Function_Impl<Rcpp::PreserveStorage>::~Function_Impl() nonmem2rx/src/util.cpp:367

Function nonmem2rxGetScale
  [UP] calling allocating function Rcpp::Environment_Impl<Rcpp::PreserveStorage>::Environment_Impl(SEXPREC*) with argument allocated using SEXPREC* Rcpp::Function_Impl<Rcpp::PreserveStorage>::operator()<char [10]>(char const (&) [10]) const nonmem2rx/src/util.cpp:169
  [UP] unprotected variable <unnamed var:   %2 = alloca %struct.SEXPREC*, align 8> while calling allocating function Rcpp::Environment_Impl<Rcpp::PreserveStorage>::~Environment_Impl() nonmem2rx/src/util.cpp:174
  [UP] unprotected variable <unnamed var:   %2 = alloca %struct.SEXPREC*, align 8> while calling allocating function Rcpp::Function_Impl<Rcpp::PreserveStorage>::~Function_Impl() nonmem2rx/src/util.cpp:174
  [UP] unprotected variable <unnamed var:   %2 = alloca %struct.SEXPREC*, align 8> while calling allocating function Rcpp::Vector<13, Rcpp::PreserveStorage>::~Vector() nonmem2rx/src/util.cpp:174

Function nonmem2rxGetThetaNum
  [UP] calling allocating function Rcpp::Environment_Impl<Rcpp::PreserveStorage>::Environment_Impl(SEXPREC*) with argument allocated using SEXPREC* Rcpp::Function_Impl<Rcpp::PreserveStorage>::operator()<char [10]>(char const (&) [10]) const nonmem2rx/src/util.cpp:372
  [UP] unprotected variable <unnamed var:   %2 = alloca %struct.SEXPREC*, align 8> while calling allocating function Rcpp::Environment_Impl<Rcpp::PreserveStorage>::~Environment_Impl() nonmem2rx/src/util.cpp:375
  [UP] unprotected variable <unnamed var:   %2 = alloca %struct.SEXPREC*, align 8> while calling allocating function Rcpp::Function_Impl<Rcpp::PreserveStorage>::~Function_Impl() nonmem2rx/src/util.cpp:375

Function nonmem2rxHasVolume
  [UP] calling allocating function Rcpp::Environment_Impl<Rcpp::PreserveStorage>::Environment_Impl(SEXPREC*) with argument allocated using SEXPREC* Rcpp::Function_Impl<Rcpp::PreserveStorage>::operator()<char [10]>(char const (&) [10]) const nonmem2rx/src/util.cpp:453
  [UP] unprotected variable <unnamed var:   %2 = alloca %struct.SEXPREC*, align 8> while calling allocating function Rcpp::Environment_Impl<Rcpp::PreserveStorage>::~Environment_Impl() nonmem2rx/src/util.cpp:456
  [UP] unprotected variable <unnamed var:   %2 = alloca %struct.SEXPREC*, align 8> while calling allocating function Rcpp::Function_Impl<Rcpp::PreserveStorage>::~Function_Impl() nonmem2rx/src/util.cpp:456

Function nonmem2rxMixP
  [UP] calling allocating function Rcpp::Environment_Impl<Rcpp::PreserveStorage>::Environment_Impl(SEXPREC*) with argument allocated using SEXPREC* Rcpp::Function_Impl<Rcpp::PreserveStorage>::operator()<char [10]>(char const (&) [10]) const nonmem2rx/src/util.cpp:520
  [UP] unprotected variable <unnamed var:   %2 = alloca %struct.SEXPREC*, align 8> while calling allocating function Rcpp::Environment_Impl<Rcpp::PreserveStorage>::~Environment_Impl() nonmem2rx/src/util.cpp:523
  [UP] unprotected variable <unnamed var:   %2 = alloca %struct.SEXPREC*, align 8> while calling allocating function Rcpp::Function_Impl<Rcpp::PreserveStorage>::~Function_Impl() nonmem2rx/src/util.cpp:523

Function nonmem2rxNeedDvid
  [UP] calling allocating function Rcpp::Environment_Impl<Rcpp::PreserveStorage>::Environment_Impl(SEXPREC*) with argument allocated using SEXPREC* Rcpp::Function_Impl<Rcpp::PreserveStorage>::operator()<char [10]>(char const (&) [10]) const nonmem2rx/src/util.cpp:469
  [UP] unprotected variable <unnamed var:   %1 = alloca %struct.SEXPREC*, align 8> while calling allocating function Rcpp::Environment_Impl<Rcpp::PreserveStorage>::~Environment_Impl() nonmem2rx/src/util.cpp:472
  [UP] unprotected variable <unnamed var:   %1 = alloca %struct.SEXPREC*, align 8> while calling allocating function Rcpp::Function_Impl<Rcpp::PreserveStorage>::~Function_Impl() nonmem2rx/src/util.cpp:472

Function nonmem2rxNeedExit
  [UP] calling allocating function Rcpp::Environment_Impl<Rcpp::PreserveStorage>::Environment_Impl(SEXPREC*) with argument allocated using SEXPREC* Rcpp::Function_Impl<Rcpp::PreserveStorage>::operator()<char [10]>(char const (&) [10]) const nonmem2rx/src/util.cpp:477
  [UP] unprotected variable <unnamed var:   %1 = alloca %struct.SEXPREC*, align 8> while calling allocating function Rcpp::Environment_Impl<Rcpp::PreserveStorage>::~Environment_Impl() nonmem2rx/src/util.cpp:480
  [UP] unprotected variable <unnamed var:   %1 = alloca %struct.SEXPREC*, align 8> while calling allocating function Rcpp::Function_Impl<Rcpp::PreserveStorage>::~Function_Impl() nonmem2rx/src/util.cpp:480

Function nonmem2rxNeedNmevid
  [UP] calling allocating function Rcpp::Environment_Impl<Rcpp::PreserveStorage>::Environment_Impl(SEXPREC*) with argument allocated using SEXPREC* Rcpp::Function_Impl<Rcpp::PreserveStorage>::operator()<char [10]>(char const (&) [10]) const nonmem2rx/src/util.cpp:252

Function nonmem2rxNeedNmid
  [UP] calling allocating function Rcpp::Environment_Impl<Rcpp::PreserveStorage>::Environment_Impl(SEXPREC*) with argument allocated using SEXPREC* Rcpp::Function_Impl<Rcpp::PreserveStorage>::operator()<char [10]>(char const (&) [10]) const nonmem2rx/src/util.cpp:260

Function nonmem2rxNeedYtype
  [UP] calling allocating function Rcpp::Environment_Impl<Rcpp::PreserveStorage>::Environment_Impl(SEXPREC*) with argument allocated using SEXPREC* Rcpp::Function_Impl<Rcpp::PreserveStorage>::operator()<char [10]>(char const (&) [10]) const nonmem2rx/src/util.cpp:461
  [UP] unprotected variable <unnamed var:   %1 = alloca %struct.SEXPREC*, align 8> while calling allocating function Rcpp::Environment_Impl<Rcpp::PreserveStorage>::~Environment_Impl() nonmem2rx/src/util.cpp:464
  [UP] unprotected variable <unnamed var:   %1 = alloca %struct.SEXPREC*, align 8> while calling allocating function Rcpp::Function_Impl<Rcpp::PreserveStorage>::~Function_Impl() nonmem2rx/src/util.cpp:464

Function nonmem2rxNspop
  [UP] calling allocating function Rcpp::Environment_Impl<Rcpp::PreserveStorage>::Environment_Impl(SEXPREC*) with argument allocated using SEXPREC* Rcpp::Function_Impl<Rcpp::PreserveStorage>::operator()<char [10]>(char const (&) [10]) const nonmem2rx/src/util.cpp:527
  [UP] unprotected variable <unnamed var:   %2 = alloca %struct.SEXPREC*, align 8> while calling allocating function Rcpp::Environment_Impl<Rcpp::PreserveStorage>::~Environment_Impl() nonmem2rx/src/util.cpp:530
  [UP] unprotected variable <unnamed var:   %2 = alloca %struct.SEXPREC*, align 8> while calling allocating function Rcpp::Function_Impl<Rcpp::PreserveStorage>::~Function_Impl() nonmem2rx/src/util.cpp:530

Function nonmem2rxPushCmtInfo
  [UP] calling allocating function Rcpp::Environment_Impl<Rcpp::PreserveStorage>::Environment_Impl(SEXPREC*) with argument allocated using SEXPREC* Rcpp::Function_Impl<Rcpp::PreserveStorage>::operator()<char [10]>(char const (&) [10]) const nonmem2rx/src/util.cpp:289

Function nonmem2rxPushDataCond
  [UP] calling allocating function Rcpp::Environment_Impl<Rcpp::PreserveStorage>::Environment_Impl(SEXPREC*) with argument allocated using SEXPREC* Rcpp::Function_Impl<Rcpp::PreserveStorage>::operator()<char [10]>(char const (&) [10]) const nonmem2rx/src/util.cpp:235

Function nonmem2rxPushDataFile
  [UP] calling allocating function Rcpp::Environment_Impl<Rcpp::PreserveStorage>::Environment_Impl(SEXPREC*) with argument allocated using SEXPREC* Rcpp::Function_Impl<Rcpp::PreserveStorage>::operator()<char [10]>(char const (&) [10]) const nonmem2rx/src/util.cpp:225

Function nonmem2rxPushDataRecords
  [UP] calling allocating function Rcpp::Environment_Impl<Rcpp::PreserveStorage>::Environment_Impl(SEXPREC*) with argument allocated using SEXPREC* Rcpp::Function_Impl<Rcpp::PreserveStorage>::operator()<char [10]>(char const (&) [10]) const nonmem2rx/src/util.cpp:243

Function nonmem2rxPushInput
  [UP] calling allocating function Rcpp::Environment_Impl<Rcpp::PreserveStorage>::Environment_Impl(SEXPREC*) with argument allocated using SEXPREC* Rcpp::Function_Impl<Rcpp::PreserveStorage>::operator()<char [10]>(char const (&) [10]) const nonmem2rx/src/util.cpp:125

Function nonmem2rxPushLst
  [UP] calling allocating function Rcpp::Environment_Impl<Rcpp::PreserveStorage>::Environment_Impl(SEXPREC*) with argument allocated using SEXPREC* Rcpp::Function_Impl<Rcpp::PreserveStorage>::operator()<char [10]>(char const (&) [10]) const nonmem2rx/src/util.cpp:217
  [UP] unprotected variable <unnamed var:   %3 = alloca %struct.SEXPREC*, align 8> while calling allocating function Rcpp::Environment_Impl<Rcpp::PreserveStorage>::~Environment_Impl() nonmem2rx/src/util.cpp:220
  [UP] unprotected variable <unnamed var:   %3 = alloca %struct.SEXPREC*, align 8> while calling allocating function Rcpp::Function_Impl<Rcpp::PreserveStorage>::~Function_Impl() nonmem2rx/src/util.cpp:220

Function nonmem2rxPushModel0
  [UP] calling allocating function Rcpp::Environment_Impl<Rcpp::PreserveStorage>::Environment_Impl(SEXPREC*) with argument allocated using SEXPREC* Rcpp::Function_Impl<Rcpp::PreserveStorage>::operator()<char [10]>(char const (&) [10]) const nonmem2rx/src/util.cpp:115

Function nonmem2rxPushModelLine
  [UP] calling allocating function Rcpp::Environment_Impl<Rcpp::PreserveStorage>::Environment_Impl(SEXPREC*) with argument allocated using SEXPREC* Rcpp::Function_Impl<Rcpp::PreserveStorage>::operator()<char [10]>(char const (&) [10]) const nonmem2rx/src/util.cpp:145

Function nonmem2rxPushObservedDadt
  [UP] calling allocating function Rcpp::Environment_Impl<Rcpp::PreserveStorage>::Environment_Impl(SEXPREC*) with argument allocated using SEXPREC* Rcpp::Function_Impl<Rcpp::PreserveStorage>::operator()<char [10]>(char const (&) [10]) const nonmem2rx/src/util.cpp:313

Function nonmem2rxPushObservedEtaObs
  [UP] calling allocating function Rcpp::Environment_Impl<Rcpp::PreserveStorage>::Environment_Impl(SEXPREC*) with argument allocated using SEXPREC* Rcpp::Function_Impl<Rcpp::PreserveStorage>::operator()<char [10]>(char const (&) [10]) const nonmem2rx/src/util.cpp:329

Function nonmem2rxPushObservedMaxEta
  [UP] calling allocating function Rcpp::Environment_Impl<Rcpp::PreserveStorage>::Environment_Impl(SEXPREC*) with argument allocated using SEXPREC* Rcpp::Function_Impl<Rcpp::PreserveStorage>::operator()<char [10]>(char const (&) [10]) const nonmem2rx/src/util.cpp:338

Function nonmem2rxPushObservedMaxTheta
  [UP] calling allocating function Rcpp::Environment_Impl<Rcpp::PreserveStorage>::Environment_Impl(SEXPREC*) with argument allocated using SEXPREC* Rcpp::Function_Impl<Rcpp::PreserveStorage>::operator()<char [10]>(char const (&) [10]) const nonmem2rx/src/util.cpp:347

Function nonmem2rxPushObservedThetaObs
  [UP] calling allocating function Rcpp::Environment_Impl<Rcpp::PreserveStorage>::Environment_Impl(SEXPREC*) with argument allocated using SEXPREC* Rcpp::Function_Impl<Rcpp::PreserveStorage>::operator()<char [10]>(char const (&) [10]) const nonmem2rx/src/util.cpp:321

Function nonmem2rxPushOmega
  [UP] calling allocating function Rcpp::Environment_Impl<Rcpp::PreserveStorage>::Environment_Impl(SEXPREC*) with argument allocated using SEXPREC* Rcpp::Function_Impl<Rcpp::PreserveStorage>::operator()<char [10]>(char const (&) [10]) const nonmem2rx/src/util.cpp:65

Function nonmem2rxPushOmegaComment
  [UP] calling allocating function Rcpp::Environment_Impl<Rcpp::PreserveStorage>::Environment_Impl(SEXPREC*) with argument allocated using SEXPREC* Rcpp::Function_Impl<Rcpp::PreserveStorage>::operator()<char [10]>(char const (&) [10]) const nonmem2rx/src/util.cpp:75

Function nonmem2rxPushOmegaEst
  [UP] calling allocating function Rcpp::Environment_Impl<Rcpp::PreserveStorage>::Environment_Impl(SEXPREC*) with argument allocated using SEXPREC* Rcpp::Function_Impl<Rcpp::PreserveStorage>::operator()<char [10]>(char const (&) [10]) const nonmem2rx/src/util.cpp:305

Function nonmem2rxPushOmegaLabel
  [UP] calling allocating function Rcpp::Environment_Impl<Rcpp::PreserveStorage>::Environment_Impl(SEXPREC*) with argument allocated using SEXPREC* Rcpp::Function_Impl<Rcpp::PreserveStorage>::operator()<char [10]>(char const (&) [10]) const nonmem2rx/src/util.cpp:95

Function nonmem2rxPushRecord
  [UP] calling allocating function Rcpp::Environment_Impl<Rcpp::PreserveStorage>::Environment_Impl(SEXPREC*) with argument allocated using SEXPREC* Rcpp::Function_Impl<Rcpp::PreserveStorage>::operator()<char [10]>(char const (&) [10]) const nonmem2rx/src/util.cpp:12

Function nonmem2rxPushScale
  [UP] calling allocating function Rcpp::Environment_Impl<Rcpp::PreserveStorage>::Environment_Impl(SEXPREC*) with argument allocated using SEXPREC* Rcpp::Function_Impl<Rcpp::PreserveStorage>::operator()<char [10]>(char const (&) [10]) const nonmem2rx/src/util.cpp:159

Function nonmem2rxPushScaleVolume
  [UP] calling allocating function Rcpp::Environment_Impl<Rcpp::PreserveStorage>::Environment_Impl(SEXPREC*) with argument allocated using SEXPREC* Rcpp::Function_Impl<Rcpp::PreserveStorage>::operator()<char [10]>(char const (&) [10]) const nonmem2rx/src/util.cpp:281

Function nonmem2rxPushSigmaEst
  [UP] calling allocating function Rcpp::Environment_Impl<Rcpp::PreserveStorage>::Environment_Impl(SEXPREC*) with argument allocated using SEXPREC* Rcpp::Function_Impl<Rcpp::PreserveStorage>::operator()<char [10]>(char const (&) [10]) const nonmem2rx/src/util.cpp:297

Function nonmem2rxPushTableInfo
  [UP] calling allocating function Rcpp::Environment_Impl<Rcpp::PreserveStorage>::Environment_Impl(SEXPREC*) with argument allocated using SEXPREC* Rcpp::Function_Impl<Rcpp::PreserveStorage>::operator()<char [10]>(char const (&) [10]) const nonmem2rx/src/util.cpp:269

Function nonmem2rxPushTheta
  [UP] calling allocating function Rcpp::Environment_Impl<Rcpp::PreserveStorage>::Environment_Impl(SEXPREC*) with argument allocated using SEXPREC* Rcpp::Function_Impl<Rcpp::PreserveStorage>::operator()<char [10]>(char const (&) [10]) const nonmem2rx/src/util.cpp:40

Function nonmem2rxReplaceDataItem
  [UP] calling allocating function Rcpp::Environment_Impl<Rcpp::PreserveStorage>::Environment_Impl(SEXPREC*) with argument allocated using SEXPREC* Rcpp::Function_Impl<Rcpp::PreserveStorage>::operator()<char [10]>(char const (&) [10]) const nonmem2rx/src/util.cpp:430
  [UP] unprotected variable <unnamed var:   %2 = alloca %struct.SEXPREC*, align 8> while calling allocating function Rcpp::Environment_Impl<Rcpp::PreserveStorage>::~Environment_Impl() nonmem2rx/src/util.cpp:433
  [UP] unprotected variable <unnamed var:   %2 = alloca %struct.SEXPREC*, align 8> while calling allocating function Rcpp::Function_Impl<Rcpp::PreserveStorage>::~Function_Impl() nonmem2rx/src/util.cpp:433

Function nonmem2rxReplaceIsDataItem
  [UP] calling allocating function Rcpp::Environment_Impl<Rcpp::PreserveStorage>::Environment_Impl(SEXPREC*) with argument allocated using SEXPREC* Rcpp::Function_Impl<Rcpp::PreserveStorage>::operator()<char [10]>(char const (&) [10]) const nonmem2rx/src/util.cpp:422
  [UP] unprotected variable <unnamed var:   %2 = alloca %struct.SEXPREC*, align 8> while calling allocating function Rcpp::Environment_Impl<Rcpp::PreserveStorage>::~Environment_Impl() nonmem2rx/src/util.cpp:425
  [UP] unprotected variable <unnamed var:   %2 = alloca %struct.SEXPREC*, align 8> while calling allocating function Rcpp::Function_Impl<Rcpp::PreserveStorage>::~Function_Impl() nonmem2rx/src/util.cpp:425

Function nonmem2rxReplaceMultiple
  [UP] calling allocating function Rcpp::Environment_Impl<Rcpp::PreserveStorage>::Environment_Impl(SEXPREC*) with argument allocated using SEXPREC* Rcpp::Function_Impl<Rcpp::PreserveStorage>::operator()<char [10]>(char const (&) [10]) const nonmem2rx/src/util.cpp:445
  [UP] unprotected variable <unnamed var:   %2 = alloca %struct.SEXPREC*, align 8> while calling allocating function Rcpp::Environment_Impl<Rcpp::PreserveStorage>::~Environment_Impl() nonmem2rx/src/util.cpp:448
  [UP] unprotected variable <unnamed var:   %2 = alloca %struct.SEXPREC*, align 8> while calling allocating function Rcpp::Function_Impl<Rcpp::PreserveStorage>::~Function_Impl() nonmem2rx/src/util.cpp:448

Function nonmem2rxReplaceProcessLabel
  [UP] calling allocating function Rcpp::Environment_Impl<Rcpp::PreserveStorage>::Environment_Impl(SEXPREC*) with argument allocated using SEXPREC* Rcpp::Function_Impl<Rcpp::PreserveStorage>::operator()<char [10]>(char const (&) [10]) const nonmem2rx/src/util.cpp:437
  [UP] unprotected variable <unnamed var:   %2 = alloca %struct.SEXPREC*, align 8> while calling allocating function Rcpp::Environment_Impl<Rcpp::PreserveStorage>::~Environment_Impl() nonmem2rx/src/util.cpp:440
  [UP] unprotected variable <unnamed var:   %2 = alloca %struct.SEXPREC*, align 8> while calling allocating function Rcpp::Function_Impl<Rcpp::PreserveStorage>::~Function_Impl() nonmem2rx/src/util.cpp:440

Function nonmem2rxReplaceProcessSeq
  [UP] calling allocating function Rcpp::Environment_Impl<Rcpp::PreserveStorage>::Environment_Impl(SEXPREC*) with argument allocated using SEXPREC* Rcpp::Function_Impl<Rcpp::PreserveStorage>::operator()<char [10]>(char const (&) [10]) const nonmem2rx/src/util.cpp:414
  [UP] unprotected variable <unnamed var:   %2 = alloca %struct.SEXPREC*, align 8> while calling allocating function Rcpp::Environment_Impl<Rcpp::PreserveStorage>::~Environment_Impl() nonmem2rx/src/util.cpp:417
  [UP] unprotected variable <unnamed var:   %2 = alloca %struct.SEXPREC*, align 8> while calling allocating function Rcpp::Function_Impl<Rcpp::PreserveStorage>::~Function_Impl() nonmem2rx/src/util.cpp:417

Function nonmem2rxSetAdvan
  [UP] calling allocating function Rcpp::Environment_Impl<Rcpp::PreserveStorage>::Environment_Impl(SEXPREC*) with argument allocated using SEXPREC* Rcpp::Function_Impl<Rcpp::PreserveStorage>::operator()<char [10]>(char const (&) [10]) const nonmem2rx/src/util.cpp:187
  [UP] unprotected variable <unnamed var:   %2 = alloca %struct.SEXPREC*, align 8> while calling allocating function Rcpp::Environment_Impl<Rcpp::PreserveStorage>::~Environment_Impl() nonmem2rx/src/util.cpp:192
  [UP] unprotected variable <unnamed var:   %2 = alloca %struct.SEXPREC*, align 8> while calling allocating function Rcpp::Function_Impl<Rcpp::PreserveStorage>::~Function_Impl() nonmem2rx/src/util.cpp:192
  [UP] unprotected variable <unnamed var:   %2 = alloca %struct.SEXPREC*, align 8> while calling allocating function Rcpp::Vector<13, Rcpp::PreserveStorage>::~Vector() nonmem2rx/src/util.cpp:192

Function nonmem2rxSetAtol
  [UP] calling allocating function Rcpp::Environment_Impl<Rcpp::PreserveStorage>::Environment_Impl(SEXPREC*) with argument allocated using SEXPREC* Rcpp::Function_Impl<Rcpp::PreserveStorage>::operator()<char [10]>(char const (&) [10]) const nonmem2rx/src/util.cpp:485
  [UP] unprotected variable <unnamed var:   %2 = alloca %struct.SEXPREC*, align 8> while calling allocating function Rcpp::Environment_Impl<Rcpp::PreserveStorage>::~Environment_Impl() nonmem2rx/src/util.cpp:488
  [UP] unprotected variable <unnamed var:   %2 = alloca %struct.SEXPREC*, align 8> while calling allocating function Rcpp::Function_Impl<Rcpp::PreserveStorage>::~Function_Impl() nonmem2rx/src/util.cpp:488

Function nonmem2rxSetMaxA
  [UP] calling allocating function Rcpp::Environment_Impl<Rcpp::PreserveStorage>::Environment_Impl(SEXPREC*) with argument allocated using SEXPREC* Rcpp::Function_Impl<Rcpp::PreserveStorage>::operator()<char [10]>(char const (&) [10]) const nonmem2rx/src/util.cpp:207
  [UP] unprotected variable <unnamed var:   %2 = alloca %struct.SEXPREC*, align 8> while calling allocating function Rcpp::Environment_Impl<Rcpp::PreserveStorage>::~Environment_Impl() nonmem2rx/src/util.cpp:212
  [UP] unprotected variable <unnamed var:   %2 = alloca %struct.SEXPREC*, align 8> while calling allocating function Rcpp::Function_Impl<Rcpp::PreserveStorage>::~Function_Impl() nonmem2rx/src/util.cpp:212
  [UP] unprotected variable <unnamed var:   %2 = alloca %struct.SEXPREC*, align 8> while calling allocating function Rcpp::Vector<13, Rcpp::PreserveStorage>::~Vector() nonmem2rx/src/util.cpp:212

Function nonmem2rxSetRtol
  [UP] calling allocating function Rcpp::Environment_Impl<Rcpp::PreserveStorage>::Environment_Impl(SEXPREC*) with argument allocated using SEXPREC* Rcpp::Function_Impl<Rcpp::PreserveStorage>::operator()<char [10]>(char const (&) [10]) const nonmem2rx/src/util.cpp:492
  [UP] unprotected variable <unnamed var:   %2 = alloca %struct.SEXPREC*, align 8> while calling allocating function Rcpp::Environment_Impl<Rcpp::PreserveStorage>::~Environment_Impl() nonmem2rx/src/util.cpp:495
  [UP] unprotected variable <unnamed var:   %2 = alloca %struct.SEXPREC*, align 8> while calling allocating function Rcpp::Function_Impl<Rcpp::PreserveStorage>::~Function_Impl() nonmem2rx/src/util.cpp:495

Function nonmem2rxSetSsAtol
  [UP] calling allocating function Rcpp::Environment_Impl<Rcpp::PreserveStorage>::Environment_Impl(SEXPREC*) with argument allocated using SEXPREC* Rcpp::Function_Impl<Rcpp::PreserveStorage>::operator()<char [10]>(char const (&) [10]) const nonmem2rx/src/util.cpp:499
  [UP] unprotected variable <unnamed var:   %2 = alloca %struct.SEXPREC*, align 8> while calling allocating function Rcpp::Environment_Impl<Rcpp::PreserveStorage>::~Environment_Impl() nonmem2rx/src/util.cpp:502
  [UP] unprotected variable <unnamed var:   %2 = alloca %struct.SEXPREC*, align 8> while calling allocating function Rcpp::Function_Impl<Rcpp::PreserveStorage>::~Function_Impl() nonmem2rx/src/util.cpp:502

Function nonmem2rxSetSsRtol
  [UP] calling allocating function Rcpp::Environment_Impl<Rcpp::PreserveStorage>::Environment_Impl(SEXPREC*) with argument allocated using SEXPREC* Rcpp::Function_Impl<Rcpp::PreserveStorage>::operator()<char [10]>(char const (&) [10]) const nonmem2rx/src/util.cpp:506
  [UP] unprotected variable <unnamed var:   %2 = alloca %struct.SEXPREC*, align 8> while calling allocating function Rcpp::Environment_Impl<Rcpp::PreserveStorage>::~Environment_Impl() nonmem2rx/src/util.cpp:509
  [UP] unprotected variable <unnamed var:   %2 = alloca %struct.SEXPREC*, align 8> while calling allocating function Rcpp::Function_Impl<Rcpp::PreserveStorage>::~Function_Impl() nonmem2rx/src/util.cpp:509

Function nonmem2rxSetTrans
  [UP] calling allocating function Rcpp::Environment_Impl<Rcpp::PreserveStorage>::Environment_Impl(SEXPREC*) with argument allocated using SEXPREC* Rcpp::Function_Impl<Rcpp::PreserveStorage>::operator()<char [10]>(char const (&) [10]) const nonmem2rx/src/util.cpp:197
  [UP] unprotected variable <unnamed var:   %2 = alloca %struct.SEXPREC*, align 8> while calling allocating function Rcpp::Environment_Impl<Rcpp::PreserveStorage>::~Environment_Impl() nonmem2rx/src/util.cpp:202
  [UP] unprotected variable <unnamed var:   %2 = alloca %struct.SEXPREC*, align 8> while calling allocating function Rcpp::Function_Impl<Rcpp::PreserveStorage>::~Function_Impl() nonmem2rx/src/util.cpp:202
  [UP] unprotected variable <unnamed var:   %2 = alloca %struct.SEXPREC*, align 8> while calling allocating function Rcpp::Vector<13, Rcpp::PreserveStorage>::~Vector() nonmem2rx/src/util.cpp:202

Function nonmem2rxThetaGetMiddle
  [UP] calling allocating function Rcpp::Environment_Impl<Rcpp::PreserveStorage>::Environment_Impl(SEXPREC*) with argument allocated using SEXPREC* Rcpp::Function_Impl<Rcpp::PreserveStorage>::operator()<char [10]>(char const (&) [10]) const nonmem2rx/src/util.cpp:28
  [UP] unprotected variable <unnamed var:   %3 = alloca %struct.SEXPREC*, align 8> while calling allocating function Rcpp::Environment_Impl<Rcpp::PreserveStorage>::~Environment_Impl() nonmem2rx/src/util.cpp:35
  [UP] unprotected variable <unnamed var:   %3 = alloca %struct.SEXPREC*, align 8> while calling allocating function Rcpp::Function_Impl<Rcpp::PreserveStorage>::~Function_Impl() nonmem2rx/src/util.cpp:35
  [UP] unprotected variable <unnamed var:   %3 = alloca %struct.SEXPREC*, align 8> while calling allocating function Rcpp::Vector<16, Rcpp::PreserveStorage>::~Vector() nonmem2rx/src/util.cpp:35

Function nonmem2xPushOmegaBlockNvalue
  [UP] calling allocating function Rcpp::Environment_Impl<Rcpp::PreserveStorage>::Environment_Impl(SEXPREC*) with argument allocated using SEXPREC* Rcpp::Function_Impl<Rcpp::PreserveStorage>::operator()<char [10]>(char const (&) [10]) const nonmem2rx/src/util.cpp:356
