Package Numero version 1.1.1
Package built using 76395/R 3.7.0; x86_64-pc-linux-gnu; 2019-04-16 09:40:51 UTC; unix   
Checked with rchk version 8de4e6e0566199e4662b2716e5acf000dd84f60b
More information at https://github.com/kalibera/cran-checks/blob/master/rchk/PROTECT.md


Function Rcpp::Rcpp_protect(SEXPREC*)
  [PB] has possible protection stack imbalance Rcpp/include/Rcpp/protection/Shield.h:25

Function Rcpp::Rcpp_unprotect(int)
  [PB] has an unsupported form of unprotect with a variable results will be incomplete Rcpp/include/Rcpp/protection/Shield.h:31
  [UP] unsupported form of unprotect, unprotecting all variables, results will be incomplete Rcpp/include/Rcpp/protection/Shield.h:31

Function Rcpp::Vector<19, Rcpp::PreserveStorage>::push_back_name__impl(SEXPREC* const&, std::__1::basic_string<char, std::__1::char_traits<char>, std::__1::allocator<char> > const&, Rcpp::traits::integral_constant<bool, true>)
  [UP] unprotected variable names while calling allocating function Rf_allocVector Rcpp/include/Rcpp/vector/Vector.h:684

Function nro_circus
  [UP] ignoring variable offsets_R as it has address taken, results will be incomplete 
  [UP] ignoring variable topo_R as it has address taken, results will be incomplete 

Function nro_diffuse
  [UP] ignoring variable bmus_R as it has address taken, results will be incomplete 
  [UP] ignoring variable data_R as it has address taken, results will be incomplete 
  [UP] ignoring variable topo_R as it has address taken, results will be incomplete 

Function nro_figure
  [UP] ignoring variable bbox_R as it has address taken, results will be incomplete 

Function nro_kohonen
  [UP] ignoring variable seeds_R as it has address taken, results will be incomplete 

Function nro_label
  [UP] ignoring variable data_R as it has address taken, results will be incomplete 
  [UP] ignoring variable topo_R as it has address taken, results will be incomplete 

Function nro_match
  [UP] ignoring variable codebook_R as it has address taken, results will be incomplete 
  [UP] ignoring variable data_R as it has address taken, results will be incomplete 

Function nro_permute
  [UP] ignoring variable numcycl_R as it has address taken, results will be incomplete 
  [UP] ignoring variable bmus_R as it has address taken, results will be incomplete 
  [UP] ignoring variable data_R as it has address taken, results will be incomplete 
  [UP] ignoring variable topo_R as it has address taken, results will be incomplete 

Function nro_train
  [UP] ignoring variable codebook_R as it has address taken, results will be incomplete 
  [UP] ignoring variable data_R as it has address taken, results will be incomplete 
  [UP] ignoring variable topo_R as it has address taken, results will be incomplete 

Function void Rcpp::Vector<19, Rcpp::PreserveStorage>::push_back<Rcpp::Matrix<14, Rcpp::PreserveStorage> >(Rcpp::Matrix<14, Rcpp::PreserveStorage> const&, std::__1::basic_string<char, std::__1::char_traits<char>, std::__1::allocator<char> > const&)
  [UP] ignoring variable <unnamed var:   %7 = alloca %struct.SEXPREC*, align 8> as it has address taken, results will be incomplete 

Function void Rcpp::Vector<19, Rcpp::PreserveStorage>::push_back<Rcpp::Vector<14, Rcpp::PreserveStorage> >(Rcpp::Vector<14, Rcpp::PreserveStorage> const&, std::__1::basic_string<char, std::__1::char_traits<char>, std::__1::allocator<char> > const&)
  [UP] ignoring variable <unnamed var:   %7 = alloca %struct.SEXPREC*, align 8> as it has address taken, results will be incomplete 

Function void Rcpp::Vector<19, Rcpp::PreserveStorage>::push_back<std::__1::basic_string<char, std::__1::char_traits<char>, std::__1::allocator<char> > >(std::__1::basic_string<char, std::__1::char_traits<char>, std::__1::allocator<char> > const&, std::__1::basic_string<char, std::__1::char_traits<char>, std::__1::allocator<char> > const&)
  [UP] ignoring variable <unnamed var:   %7 = alloca %struct.SEXPREC*, align 8> as it has address taken, results will be incomplete 

Function void Rcpp::Vector<19, Rcpp::PreserveStorage>::push_back<std::__1::vector<double, std::__1::allocator<double> > >(std::__1::vector<double, std::__1::allocator<double> > const&, std::__1::basic_string<char, std::__1::char_traits<char>, std::__1::allocator<char> > const&)
  [UP] ignoring variable <unnamed var:   %7 = alloca %struct.SEXPREC*, align 8> as it has address taken, results will be incomplete 

Function void Rcpp::Vector<19, Rcpp::PreserveStorage>::push_back<std::__1::vector<std::__1::basic_string<char, std::__1::char_traits<char>, std::__1::allocator<char> >, std::__1::allocator<std::__1::basic_string<char, std::__1::char_traits<char>, std::__1::allocator<char> > > > >(std::__1::vector<std::__1::basic_string<char, std::__1::char_traits<char>, std::__1::allocator<char> >, std::__1::allocator<std::__1::basic_string<char, std::__1::char_traits<char>, std::__1::allocator<char> > > > const&, std::__1::basic_string<char, std::__1::char_traits<char>, std::__1::allocator<char> > const&)
  [UP] ignoring variable <unnamed var:   %7 = alloca %struct.SEXPREC*, align 8> as it has address taken, results will be incomplete 

Function void Rcpp::Vector<19, Rcpp::PreserveStorage>::push_back<std::__1::vector<unsigned int, std::__1::allocator<unsigned int> > >(std::__1::vector<unsigned int, std::__1::allocator<unsigned int> > const&, std::__1::basic_string<char, std::__1::char_traits<char>, std::__1::allocator<char> > const&)
  [UP] ignoring variable <unnamed var:   %7 = alloca %struct.SEXPREC*, align 8> as it has address taken, results will be incomplete 
