Package ODRF version 0.0.4
Package built using 87687/R 4.5.0; x86_64-pc-linux-gnu; 2025-02-06 00:36:13 UTC; unix   
Checked with rchk version 35618ebbccf3cd0b45a3530e6303970a22a9056b LLVM version 14.0.6
More information at https://github.com/kalibera/cran-checks/blob/master/rchk/PROTECT.md
For rchk in docker image see https://github.com/kalibera/rchk/blob/master/doc/DOCKER.md


Function ENTROPYindex1D(Rcpp::Vector<13, Rcpp::PreserveStorage>, Rcpp::Matrix<14, Rcpp::PreserveStorage>, Rcpp::Vector<14, Rcpp::PreserveStorage>)
  [UP] ignoring variable <unnamed var:   %47 = alloca %struct.SEXPREC*, align 8> as it has address taken, results will be incomplete 
  [UP] ignoring variable <unnamed var:   %49 = alloca %struct.SEXPREC*, align 8> as it has address taken, results will be incomplete 

Function GINIindex1D(Rcpp::Vector<13, Rcpp::PreserveStorage>, Rcpp::Matrix<14, Rcpp::PreserveStorage>, Rcpp::Vector<14, Rcpp::PreserveStorage>)
  [UP] ignoring variable <unnamed var:   %47 = alloca %struct.SEXPREC*, align 8> as it has address taken, results will be incomplete 
  [UP] ignoring variable <unnamed var:   %49 = alloca %struct.SEXPREC*, align 8> as it has address taken, results will be incomplete 

Function LDAindex(Rcpp::Vector<13, Rcpp::PreserveStorage>, Rcpp::Matrix<14, Rcpp::PreserveStorage>, Rcpp::Matrix<14, Rcpp::PreserveStorage>, bool)
  [UP] ignoring variable <unnamed var:   %96 = alloca %struct.SEXPREC*, align 8> as it has address taken, results will be incomplete 
  [UP] ignoring variable <unnamed var:   %97 = alloca %struct.SEXPREC*, align 8> as it has address taken, results will be incomplete 

Function PDAindex(Rcpp::Vector<13, Rcpp::PreserveStorage>, Rcpp::Matrix<14, Rcpp::PreserveStorage>, Rcpp::Matrix<14, Rcpp::PreserveStorage>, bool, double)
  [UP] ignoring variable <unnamed var:   %153 = alloca %struct.SEXPREC*, align 8> as it has address taken, results will be incomplete 
  [UP] ignoring variable <unnamed var:   %154 = alloca %struct.SEXPREC*, align 8> as it has address taken, results will be incomplete 

Function Rcpp::Rcpp_protect(SEXPREC*)
  [PB] has possible protection stack imbalance Rcpp/include/Rcpp/protection/Shield.h:25

Function Rcpp::Rcpp_unprotect(int)
  [PB] has an unsupported form of unprotect with a variable results will be incomplete Rcpp/include/Rcpp/protection/Shield.h:31
  [UP] unsupported form of unprotect, unprotecting all variables, results will be incomplete Rcpp/include/Rcpp/protection/Shield.h:31

Function _ODRF_best_cut_node
  [UP] ignoring variable <unnamed var:   %30 = alloca %struct.SEXPREC*, align 8> as it has address taken, results will be incomplete 

Function _ODRF_ppOpt
  [UP] ignoring variable <unnamed var:   %42 = alloca %struct.SEXPREC*, align 8> as it has address taken, results will be incomplete 

Function _ODRF_predict_ODT
  [UP] ignoring variable <unnamed var:   %24 = alloca %struct.SEXPREC*, align 8> as it has address taken, results will be incomplete 
