Package ohenery version 0.1.2
Package built using 87687/R 4.5.0; x86_64-pc-linux-gnu; 2025-02-06 01:13:54 UTC; unix   
Checked with rchk version 35618ebbccf3cd0b45a3530e6303970a22a9056b LLVM version 14.0.6
More information at https://github.com/kalibera/cran-checks/blob/master/rchk/PROTECT.md
For rchk in docker image see https://github.com/kalibera/rchk/blob/master/doc/DOCKER.md


Function Rcpp::Rcpp_protect(SEXPREC*)
  [PB] has possible protection stack imbalance Rcpp/include/Rcpp/protection/Shield.h:25

Function Rcpp::Rcpp_unprotect(int)
  [PB] has an unsupported form of unprotect with a variable results will be incomplete Rcpp/include/Rcpp/protection/Shield.h:31
  [UP] unsupported form of unprotect, unprotecting all variables, results will be incomplete Rcpp/include/Rcpp/protection/Shield.h:31

Function _ohenery_erank
  [UP] ignoring variable <unnamed var:   %12 = alloca %struct.SEXPREC*, align 8> as it has address taken, results will be incomplete 

Function _ohenery_harsmlik
  [UP] ignoring variable <unnamed var:   %24 = alloca %struct.SEXPREC*, align 8> as it has address taken, results will be incomplete 

Function _ohenery_hensmlik
  [UP] ignoring variable <unnamed var:   %27 = alloca %struct.SEXPREC*, align 8> as it has address taken, results will be incomplete 

Function _ohenery_rhenery
  [UP] ignoring variable <unnamed var:   %15 = alloca %struct.SEXPREC*, align 8> as it has address taken, results will be incomplete 

Function harsmlik(Rcpp::Vector<13, Rcpp::PreserveStorage>, Rcpp::Vector<13, Rcpp::PreserveStorage>, Rcpp::Vector<14, Rcpp::PreserveStorage>, Rcpp::Nullable<Rcpp::Vector<14, Rcpp::PreserveStorage> >, Rcpp::Nullable<Rcpp::Matrix<14, Rcpp::PreserveStorage> >)
  [UP] ignoring variable <unnamed var:   %27 = alloca %struct.SEXPREC*, align 8> as it has address taken, results will be incomplete 

Function hensmlik(Rcpp::Vector<13, Rcpp::PreserveStorage>, Rcpp::Vector<13, Rcpp::PreserveStorage>, Rcpp::Vector<14, Rcpp::PreserveStorage>, Rcpp::Vector<14, Rcpp::PreserveStorage>, Rcpp::Nullable<Rcpp::Vector<14, Rcpp::PreserveStorage> >, Rcpp::Nullable<Rcpp::Matrix<14, Rcpp::PreserveStorage> >)
  [UP] ignoring variable <unnamed var:   %31 = alloca %struct.SEXPREC*, align 8> as it has address taken, results will be incomplete 

Function rhenery(Rcpp::Vector<14, Rcpp::PreserveStorage>, Rcpp::Nullable<Rcpp::Vector<14, Rcpp::PreserveStorage> >)
  [UP] ignoring variable <unnamed var:   %10 = alloca %struct.SEXPREC*, align 8> as it has address taken, results will be incomplete 
