Package olctools version 0.3.0
Package built using 82396/R 4.3.0; x86_64-pc-linux-gnu; 2022-05-24 11:13:57 UTC; unix   
Checked with rchk version 35d5d01a98903a5f3e9ec166dcdb2f790ecb784f LLVM version 12.0.1
More information at https://github.com/kalibera/cran-checks/blob/master/rchk/PROTECT.md
For rchk in docker image see https://github.com/kalibera/rchk/blob/master/doc/DOCKER.md


Function Rcpp::Armor<SEXPREC*>::init(SEXPREC*)
  [PB] has possible protection stack imbalance Rcpp/include/Rcpp/protection/Armor.h:47

Function Rcpp::Armor<SEXPREC*>::~Armor()
  [PB] has negative depth Rcpp/include/Rcpp/protection/Armor.h:41
  [UP] attempt to unprotect more items (1) than protected (0), results will be incomplete Rcpp/include/Rcpp/protection/Armor.h:41
  [PB] has possible protection stack imbalance Rcpp/include/Rcpp/protection/Armor.h:42

Function Rcpp::Rcpp_protect(SEXPREC*)
  [PB] has possible protection stack imbalance Rcpp/include/Rcpp/protection/Shield.h:25

Function Rcpp::Rcpp_unprotect(int)
  [PB] has an unsupported form of unprotect with a variable results will be incomplete Rcpp/include/Rcpp/protection/Shield.h:31
  [UP] unsupported form of unprotect, unprotecting all variables, results will be incomplete Rcpp/include/Rcpp/protection/Shield.h:31

Function Rcpp::internal::convert_using_rfunction(SEXPREC*, char const*)
  [UP] ignoring variable <unnamed var:   %10 = alloca %struct.SEXPREC*, align 8> as it has address taken, results will be incomplete 

Function olctools_decode_olc
  [PB] has possible protection stack imbalance olctools/src/RcppExports.cpp:84

Function olctools_encode_olc
  [PB] has possible protection stack imbalance olctools/src/RcppExports.cpp:69

Function olctools_recover_olc
  [PB] has possible protection stack imbalance olctools/src/RcppExports.cpp:118

Function olctools_shorten_olc
  [PB] has possible protection stack imbalance olctools/src/RcppExports.cpp:101

Function olctools_validate_full
  [PB] has possible protection stack imbalance olctools/src/RcppExports.cpp:52

Function olctools_validate_olc
  [PB] has possible protection stack imbalance olctools/src/RcppExports.cpp:22

Function olctools_validate_short
  [PB] has possible protection stack imbalance olctools/src/RcppExports.cpp:37
