Package osmdata version 0.0.10
Package built using 76259/R 3.6.0; x86_64-pc-linux-gnu; 2019-03-21 20:36:02 UTC; unix   
Checked with rchk version c132302c5d39a55c436a06df73e539a1bace7486
More information at https://github.com/kalibera/cran-checks/blob/master/rchk/PROTECT.md


Function Rcpp::Armor<SEXPREC*>::init(SEXPREC*)
  [PB] has possible protection stack imbalance /var/scratch2/tomas/cran/rchk/lib/Rcpp/include/Rcpp/protection/Armor.h:47

Function Rcpp::Armor<SEXPREC*>::~Armor()
  [PB] has negative depth /var/scratch2/tomas/cran/rchk/lib/Rcpp/include/Rcpp/protection/Armor.h:41
  [UP] attempt to unprotect more items (1) than protected (0), results will be incomplete /var/scratch2/tomas/cran/rchk/lib/Rcpp/include/Rcpp/protection/Armor.h:41
  [PB] has possible protection stack imbalance /var/scratch2/tomas/cran/rchk/lib/Rcpp/include/Rcpp/protection/Armor.h:42

Function Rcpp::Environment_Impl<Rcpp::PreserveStorage>::as_environment(SEXPREC*)
  [UP] calling allocating function Rcpp::Rcpp_fast_eval(SEXPREC*, SEXPREC*) with argument allocated using Rf_lang2(S:as.environment,?) /var/scratch2/tomas/cran/rchk/lib/Rcpp/include/Rcpp/Environment.h:36

Function Rcpp::Environment_Impl<Rcpp::PreserveStorage>::get(std::__1::basic_string<char, std::__1::char_traits<char>, std::__1::allocator<char> > const&) const
  [UP] calling allocating function Rcpp::internal::Rcpp_eval_impl(SEXPREC*, SEXPREC*) with a fresh pointer (res <arg 1>) /var/scratch2/tomas/cran/rchk/lib/Rcpp/include/Rcpp/Environment.h:112

Function Rcpp::Environment_Impl<Rcpp::PreserveStorage>::namespace_env(std::__1::basic_string<char, std::__1::char_traits<char>, std::__1::allocator<char> > const&)
  [UP] ignoring variable <unnamed var:   %24 = alloca %struct.SEXPREC*, align 8> as it has address taken, results will be incomplete 
  [UP] calling allocating function Rcpp::Rcpp_fast_eval(SEXPREC*, SEXPREC*) with argument allocated using Rf_lang2(S:getNamespace,?) /var/scratch2/tomas/cran/rchk/lib/Rcpp/include/Rcpp/Environment.h:377

Function Rcpp::Language_Impl<Rcpp::PreserveStorage>::Language_Impl<char [14]>(std::__1::basic_string<char, std::__1::char_traits<char>, std::__1::allocator<char> > const&, char const (&) [14])
  [UP] ignoring variable <unnamed var:   %22 = alloca %struct.SEXPREC*, align 8> as it has address taken, results will be incomplete 

Function Rcpp::Language_Impl<Rcpp::PreserveStorage>::Language_Impl<char [22]>(std::__1::basic_string<char, std::__1::char_traits<char>, std::__1::allocator<char> > const&, char const (&) [22])
  [UP] ignoring variable <unnamed var:   %22 = alloca %struct.SEXPREC*, align 8> as it has address taken, results will be incomplete 

Function Rcpp::Language_Impl<Rcpp::PreserveStorage>::Language_Impl<char [23]>(std::__1::basic_string<char, std::__1::char_traits<char>, std::__1::allocator<char> > const&, char const (&) [23])
  [UP] ignoring variable <unnamed var:   %22 = alloca %struct.SEXPREC*, align 8> as it has address taken, results will be incomplete 

Function Rcpp::Language_Impl<Rcpp::PreserveStorage>::Language_Impl<char [25]>(std::__1::basic_string<char, std::__1::char_traits<char>, std::__1::allocator<char> > const&, char const (&) [25])
  [UP] ignoring variable <unnamed var:   %22 = alloca %struct.SEXPREC*, align 8> as it has address taken, results will be incomplete 

Function Rcpp::Language_Impl<Rcpp::PreserveStorage>::Language_Impl<char [4]>(std::__1::basic_string<char, std::__1::char_traits<char>, std::__1::allocator<char> > const&, char const (&) [4])
  [UP] ignoring variable <unnamed var:   %22 = alloca %struct.SEXPREC*, align 8> as it has address taken, results will be incomplete 

Function Rcpp::Language_Impl<Rcpp::PreserveStorage>::Language_Impl<char [5]>(std::__1::basic_string<char, std::__1::char_traits<char>, std::__1::allocator<char> > const&, char const (&) [5])
  [UP] ignoring variable <unnamed var:   %22 = alloca %struct.SEXPREC*, align 8> as it has address taken, results will be incomplete 

Function Rcpp::Language_Impl<Rcpp::PreserveStorage>::Language_Impl<char [6]>(std::__1::basic_string<char, std::__1::char_traits<char>, std::__1::allocator<char> > const&, char const (&) [6])
  [UP] ignoring variable <unnamed var:   %22 = alloca %struct.SEXPREC*, align 8> as it has address taken, results will be incomplete 

Function Rcpp::Language_Impl<Rcpp::PreserveStorage>::Language_Impl<char [9]>(std::__1::basic_string<char, std::__1::char_traits<char>, std::__1::allocator<char> > const&, char const (&) [9])
  [UP] ignoring variable <unnamed var:   %22 = alloca %struct.SEXPREC*, align 8> as it has address taken, results will be incomplete 

Function Rcpp::Rcpp_protect(SEXPREC*)
  [PB] has possible protection stack imbalance /var/scratch2/tomas/cran/rchk/lib/Rcpp/include/Rcpp/protection/Shield.h:25

Function Rcpp::Rcpp_unprotect(int)
  [PB] has an unsupported form of unprotect with a variable results will be incomplete /var/scratch2/tomas/cran/rchk/lib/Rcpp/include/Rcpp/protection/Shield.h:31
  [UP] unsupported form of unprotect, unprotecting all variables, results will be incomplete /var/scratch2/tomas/cran/rchk/lib/Rcpp/include/Rcpp/protection/Shield.h:31

Function Rcpp::internal::convert_using_rfunction(SEXPREC*, char const*)
  [UP] ignoring variable <unnamed var:   %9 = alloca %struct.SEXPREC*, align 8> as it has address taken, results will be incomplete 
  [UP] calling allocating function Rcpp::Rcpp_fast_eval(SEXPREC*, SEXPREC*) with argument allocated using Rf_lang2 /var/scratch2/tomas/cran/rchk/lib/Rcpp/include/Rcpp/r_cast.h:34

Function _osmdata_rcpp_osmdata_sc
  [UP] ignoring variable <unnamed var:   %18 = alloca %struct.SEXPREC*, align 8> as it has address taken, results will be incomplete 

Function _osmdata_rcpp_osmdata_sf
  [UP] ignoring variable <unnamed var:   %18 = alloca %struct.SEXPREC*, align 8> as it has address taken, results will be incomplete 

Function _osmdata_rcpp_osmdata_sp
  [UP] ignoring variable <unnamed var:   %18 = alloca %struct.SEXPREC*, align 8> as it has address taken, results will be incomplete 

Function void Rcpp::Vector<19, Rcpp::PreserveStorage>::push_back<Rcpp::S4_Impl<Rcpp::PreserveStorage> >(Rcpp::S4_Impl<Rcpp::PreserveStorage> const&)
  [UP] ignoring variable <unnamed var:   %5 = alloca %struct.SEXPREC*, align 8> as it has address taken, results will be incomplete 

Function void Rcpp::Vector<19, Rcpp::PreserveStorage>::push_back<std::__1::vector<std::__1::basic_string<char, std::__1::char_traits<char>, std::__1::allocator<char> >, std::__1::allocator<std::__1::basic_string<char, std::__1::char_traits<char>, std::__1::allocator<char> > > > >(std::__1::vector<std::__1::basic_string<char, std::__1::char_traits<char>, std::__1::allocator<char> >, std::__1::allocator<std::__1::basic_string<char, std::__1::char_traits<char>, std::__1::allocator<char> > > > const&)
  [UP] ignoring variable <unnamed var:   %5 = alloca %struct.SEXPREC*, align 8> as it has address taken, results will be incomplete 
Analyzed 1329 functions, traversed 12140 states.
