Package osqp version 0.5.0
Package built using 76403/R 3.7.0; x86_64-pc-linux-gnu; 2019-04-17 13:39:22 UTC; unix   
Checked with rchk version 8de4e6e0566199e4662b2716e5acf000dd84f60b
More information at https://github.com/kalibera/cran-checks/blob/master/rchk/PROTECT.md


Function Rcpp::Armor<SEXPREC*>::init(SEXPREC*)
  [PB] has possible protection stack imbalance Rcpp/include/Rcpp/protection/Armor.h:47

Function Rcpp::Armor<SEXPREC*>::~Armor()
  [PB] has negative depth Rcpp/include/Rcpp/protection/Armor.h:41
  [UP] attempt to unprotect more items (1) than protected (0), results will be incomplete Rcpp/include/Rcpp/protection/Armor.h:41
  [PB] has possible protection stack imbalance Rcpp/include/Rcpp/protection/Armor.h:42

Function Rcpp::Rcpp_protect(SEXPREC*)
  [PB] has possible protection stack imbalance Rcpp/include/Rcpp/protection/Shield.h:25

Function Rcpp::Rcpp_unprotect(int)
  [PB] has an unsupported form of unprotect with a variable results will be incomplete Rcpp/include/Rcpp/protection/Shield.h:31
  [UP] unsupported form of unprotect, unprotecting all variables, results will be incomplete Rcpp/include/Rcpp/protection/Shield.h:31

Function Rcpp::S4_Impl<Rcpp::PreserveStorage>::S4_Impl(std::__1::basic_string<char, std::__1::char_traits<char>, std::__1::allocator<char> > const&)
  [UP] calling allocating function R_do_new_object with argument allocated using R_do_MAKE_CLASS Rcpp/include/Rcpp/S4.h:58

Function Rcpp::Vector<19, Rcpp::PreserveStorage>::push_back_name__impl(SEXPREC* const&, std::__1::basic_string<char, std::__1::char_traits<char>, std::__1::allocator<char> > const&, Rcpp::traits::integral_constant<bool, true>)
  [UP] unprotected variable names while calling allocating function Rf_allocVector Rcpp/include/Rcpp/vector/Vector.h:684

Function Rcpp::internal::convert_using_rfunction(SEXPREC*, char const*)
  [UP] ignoring variable <unnamed var:   %9 = alloca %struct.SEXPREC*, align 8> as it has address taken, results will be incomplete 
  [UP] calling allocating function Rcpp::Rcpp_fast_eval(SEXPREC*, SEXPREC*) with argument allocated using Rf_lang2 Rcpp/include/Rcpp/r_cast.h:34

Function _osqp_osqpGetData
  [UP] ignoring variable <unnamed var:   %21 = alloca %struct.SEXPREC*, align 8> as it has address taken, results will be incomplete 
  [UP] ignoring variable <unnamed var:   %22 = alloca %struct.SEXPREC*, align 8> as it has address taken, results will be incomplete 

Function _osqp_osqpGetDims
  [UP] ignoring variable <unnamed var:   %18 = alloca %struct.SEXPREC*, align 8> as it has address taken, results will be incomplete 

Function _osqp_osqpGetParams
  [UP] ignoring variable <unnamed var:   %18 = alloca %struct.SEXPREC*, align 8> as it has address taken, results will be incomplete 

Function _osqp_osqpSetup
  [UP] ignoring variable <unnamed var:   %33 = alloca %struct.SEXPREC*, align 8> as it has address taken, results will be incomplete 
  [UP] ignoring variable <unnamed var:   %34 = alloca %struct.SEXPREC*, align 8> as it has address taken, results will be incomplete 

Function _osqp_osqpSolve
  [UP] ignoring variable <unnamed var:   %18 = alloca %struct.SEXPREC*, align 8> as it has address taken, results will be incomplete 

Function void Rcpp::Vector<19, Rcpp::PreserveStorage>::push_back<double>(double const&, std::__1::basic_string<char, std::__1::char_traits<char>, std::__1::allocator<char> > const&)
  [UP] ignoring variable <unnamed var:   %7 = alloca %struct.SEXPREC*, align 8> as it has address taken, results will be incomplete 
