Package owl version 0.1.1
Package built using 77789/R 4.0.0; x86_64-pc-linux-gnu; 2020-02-11 13:27:26 UTC; unix   
Checked with rchk version 490627e4fb8e93244230dbbd61455730aa43c328
More information at https://github.com/kalibera/cran-checks/blob/master/rchk/PROTECT.md


Function Rcpp::Armor<SEXPREC*>::init(SEXPREC*)
  [PB] has possible protection stack imbalance Rcpp/include/Rcpp/protection/Armor.h:47

Function Rcpp::Armor<SEXPREC*>::~Armor()
  [PB] has negative depth Rcpp/include/Rcpp/protection/Armor.h:41
  [UP] attempt to unprotect more items (1) than protected (0), results will be incomplete Rcpp/include/Rcpp/protection/Armor.h:41
  [PB] has possible protection stack imbalance Rcpp/include/Rcpp/protection/Armor.h:42

Function Rcpp::Rcpp_protect(SEXPREC*)
  [PB] has possible protection stack imbalance Rcpp/include/Rcpp/protection/Shield.h:25

Function Rcpp::Rcpp_unprotect(int)
  [PB] has an unsupported form of unprotect with a variable results will be incomplete Rcpp/include/Rcpp/protection/Shield.h:31
  [UP] unsupported form of unprotect, unprotecting all variables, results will be incomplete Rcpp/include/Rcpp/protection/Shield.h:31

Function Rcpp::Vector<19, Rcpp::PreserveStorage> owlCpp<arma::Mat<double> >(arma::Mat<double>&, arma::Mat<double>&, Rcpp::Vector<19, Rcpp::PreserveStorage>)
  [UP] ignoring variable <unnamed var:   %267 = alloca %struct.SEXPREC*, align 8> as it has address taken, results will be incomplete 
  [UP] ignoring variable <unnamed var:   %271 = alloca %struct.SEXPREC*, align 8> as it has address taken, results will be incomplete 
  [UP] ignoring variable <unnamed var:   %275 = alloca %struct.SEXPREC*, align 8> as it has address taken, results will be incomplete 
  [UP] ignoring variable <unnamed var:   %279 = alloca %struct.SEXPREC*, align 8> as it has address taken, results will be incomplete 
  [UP] ignoring variable <unnamed var:   %283 = alloca %struct.SEXPREC*, align 8> as it has address taken, results will be incomplete 
  [UP] ignoring variable <unnamed var:   %287 = alloca %struct.SEXPREC*, align 8> as it has address taken, results will be incomplete 
  [UP] ignoring variable <unnamed var:   %291 = alloca %struct.SEXPREC*, align 8> as it has address taken, results will be incomplete 
  [UP] ignoring variable <unnamed var:   %295 = alloca %struct.SEXPREC*, align 8> as it has address taken, results will be incomplete 
  [UP] ignoring variable <unnamed var:   %299 = alloca %struct.SEXPREC*, align 8> as it has address taken, results will be incomplete 
  [UP] ignoring variable <unnamed var:   %303 = alloca %struct.SEXPREC*, align 8> as it has address taken, results will be incomplete 
  [UP] ignoring variable <unnamed var:   %307 = alloca %struct.SEXPREC*, align 8> as it has address taken, results will be incomplete 
  [UP] ignoring variable <unnamed var:   %311 = alloca %struct.SEXPREC*, align 8> as it has address taken, results will be incomplete 
  [UP] ignoring variable <unnamed var:   %315 = alloca %struct.SEXPREC*, align 8> as it has address taken, results will be incomplete 
  [UP] ignoring variable <unnamed var:   %319 = alloca %struct.SEXPREC*, align 8> as it has address taken, results will be incomplete 
  [UP] ignoring variable <unnamed var:   %323 = alloca %struct.SEXPREC*, align 8> as it has address taken, results will be incomplete 

Function Rcpp::Vector<19, Rcpp::PreserveStorage> owlCpp<arma::SpMat<double> >(arma::SpMat<double>&, arma::Mat<double>&, Rcpp::Vector<19, Rcpp::PreserveStorage>)
  [UP] ignoring variable <unnamed var:   %251 = alloca %struct.SEXPREC*, align 8> as it has address taken, results will be incomplete 
  [UP] ignoring variable <unnamed var:   %255 = alloca %struct.SEXPREC*, align 8> as it has address taken, results will be incomplete 
  [UP] ignoring variable <unnamed var:   %259 = alloca %struct.SEXPREC*, align 8> as it has address taken, results will be incomplete 
  [UP] ignoring variable <unnamed var:   %263 = alloca %struct.SEXPREC*, align 8> as it has address taken, results will be incomplete 
  [UP] ignoring variable <unnamed var:   %267 = alloca %struct.SEXPREC*, align 8> as it has address taken, results will be incomplete 
  [UP] ignoring variable <unnamed var:   %271 = alloca %struct.SEXPREC*, align 8> as it has address taken, results will be incomplete 
  [UP] ignoring variable <unnamed var:   %275 = alloca %struct.SEXPREC*, align 8> as it has address taken, results will be incomplete 
  [UP] ignoring variable <unnamed var:   %279 = alloca %struct.SEXPREC*, align 8> as it has address taken, results will be incomplete 
  [UP] ignoring variable <unnamed var:   %283 = alloca %struct.SEXPREC*, align 8> as it has address taken, results will be incomplete 
  [UP] ignoring variable <unnamed var:   %287 = alloca %struct.SEXPREC*, align 8> as it has address taken, results will be incomplete 
  [UP] ignoring variable <unnamed var:   %291 = alloca %struct.SEXPREC*, align 8> as it has address taken, results will be incomplete 
  [UP] ignoring variable <unnamed var:   %295 = alloca %struct.SEXPREC*, align 8> as it has address taken, results will be incomplete 
  [UP] ignoring variable <unnamed var:   %299 = alloca %struct.SEXPREC*, align 8> as it has address taken, results will be incomplete 
  [UP] ignoring variable <unnamed var:   %303 = alloca %struct.SEXPREC*, align 8> as it has address taken, results will be incomplete 
  [UP] ignoring variable <unnamed var:   %307 = alloca %struct.SEXPREC*, align 8> as it has address taken, results will be incomplete 

Function Rcpp::internal::convert_using_rfunction(SEXPREC*, char const*)
  [UP] ignoring variable <unnamed var:   %10 = alloca %struct.SEXPREC*, align 8> as it has address taken, results will be incomplete 

Function Rcpp::traits::Exporter<arma::SpMat<double> >::Exporter(SEXPREC*)
  [UP] ignoring variable x as it has address taken, results will be incomplete 

Function Rcpp::traits::Exporter<arma::SpMat<double> >::get()
  [UP] calling allocating function std::__1::basic_string<char, std::__1::char_traits<char>, std::__1::allocator<char> > Rcpp::as<std::__1::basic_string<char, std::__1::char_traits<char>, std::__1::allocator<char> > >(SEXPREC*) with argument allocated using Rcpp::SlotProxyPolicy<Rcpp::S4_Impl<Rcpp::PreserveStorage> >::SlotProxy::operator SEXPREC*() const RcppArmadillo/include/RcppArmadilloAs.h:114
  [UP] calling allocating function std::__1::basic_string<char, std::__1::char_traits<char>, std::__1::allocator<char> > Rcpp::as<std::__1::basic_string<char, std::__1::char_traits<char>, std::__1::allocator<char> > >(SEXPREC*) with argument allocated using Rcpp::SlotProxyPolicy<Rcpp::S4_Impl<Rcpp::PreserveStorage> >::SlotProxy::operator SEXPREC*() const RcppArmadillo/include/RcppArmadilloAs.h:135
  [UP] calling allocating function std::__1::basic_string<char, std::__1::char_traits<char>, std::__1::allocator<char> > Rcpp::as<std::__1::basic_string<char, std::__1::char_traits<char>, std::__1::allocator<char> > >(SEXPREC*) with argument allocated using Rcpp::SlotProxyPolicy<Rcpp::S4_Impl<Rcpp::PreserveStorage> >::SlotProxy::operator SEXPREC*() const RcppArmadillo/include/RcppArmadilloAs.h:156
  [UP] calling allocating function std::__1::basic_string<char, std::__1::char_traits<char>, std::__1::allocator<char> > Rcpp::as<std::__1::basic_string<char, std::__1::char_traits<char>, std::__1::allocator<char> > >(SEXPREC*) with argument allocated using Rcpp::SlotProxyPolicy<Rcpp::S4_Impl<Rcpp::PreserveStorage> >::SlotProxy::operator SEXPREC*() const RcppArmadillo/include/RcppArmadilloAs.h:188
  [UP] calling allocating function std::__1::basic_string<char, std::__1::char_traits<char>, std::__1::allocator<char> > Rcpp::as<std::__1::basic_string<char, std::__1::char_traits<char>, std::__1::allocator<char> > >(SEXPREC*) with argument allocated using Rcpp::SlotProxyPolicy<Rcpp::S4_Impl<Rcpp::PreserveStorage> >::SlotProxy::operator SEXPREC*() const RcppArmadillo/include/RcppArmadilloAs.h:198
  [UP] calling allocating function std::__1::basic_string<char, std::__1::char_traits<char>, std::__1::allocator<char> > Rcpp::as<std::__1::basic_string<char, std::__1::char_traits<char>, std::__1::allocator<char> > >(SEXPREC*) with argument allocated using Rcpp::SlotProxyPolicy<Rcpp::S4_Impl<Rcpp::PreserveStorage> >::SlotProxy::operator SEXPREC*() const RcppArmadillo/include/RcppArmadilloAs.h:257
  [UP] calling allocating function std::__1::basic_string<char, std::__1::char_traits<char>, std::__1::allocator<char> > Rcpp::as<std::__1::basic_string<char, std::__1::char_traits<char>, std::__1::allocator<char> > >(SEXPREC*) with argument allocated using Rcpp::SlotProxyPolicy<Rcpp::S4_Impl<Rcpp::PreserveStorage> >::SlotProxy::operator SEXPREC*() const RcppArmadillo/include/RcppArmadilloAs.h:315
  [UP] calling allocating function std::__1::basic_string<char, std::__1::char_traits<char>, std::__1::allocator<char> > Rcpp::as<std::__1::basic_string<char, std::__1::char_traits<char>, std::__1::allocator<char> > >(SEXPREC*) with argument allocated using Rcpp::SlotProxyPolicy<Rcpp::S4_Impl<Rcpp::PreserveStorage> >::SlotProxy::operator SEXPREC*() const RcppArmadillo/include/RcppArmadilloAs.h:453

Function _owl_owlDense
  [UP] ignoring variable <unnamed var:   %18 = alloca %struct.SEXPREC*, align 8> as it has address taken, results will be incomplete 

Function _owl_owlSparse
  [UP] ignoring variable <unnamed var:   %18 = alloca %struct.SEXPREC*, align 8> as it has address taken, results will be incomplete 
