Package partialAR version 1.0.11
Package built using 76435/R 3.7.0; x86_64-pc-linux-gnu; 2019-04-29 13:08:31 UTC; unix   
Checked with rchk version 8de4e6e0566199e4662b2716e5acf000dd84f60b
More information at https://github.com/kalibera/cran-checks/blob/master/rchk/PROTECT.md


Function Rcpp::Rcpp_protect(SEXPREC*)
  [PB] has possible protection stack imbalance Rcpp/include/Rcpp/protection/Shield.h:25

Function Rcpp::Rcpp_unprotect(int)
  [PB] has an unsupported form of unprotect with a variable results will be incomplete Rcpp/include/Rcpp/protection/Shield.h:31
  [UP] unsupported form of unprotect, unprotecting all variables, results will be incomplete Rcpp/include/Rcpp/protection/Shield.h:31

Function partialAR_estimate_par_c
  [PB] has possible protection stack imbalance partialAR/src/RcppExports.cpp:55

Function partialAR_estimate_rho_par_c
  [PB] has possible protection stack imbalance partialAR/src/RcppExports.cpp:39

Function partialAR_kalman_gain_par_mr
  [PB] has possible protection stack imbalance partialAR/src/RcppExports.cpp:89

Function partialAR_lagged_variance_c
  [PB] has possible protection stack imbalance partialAR/src/RcppExports.cpp:24

Function partialAR_loglik_par_c
  [PB] has possible protection stack imbalance partialAR/src/RcppExports.cpp:109

Function partialAR_loglik_par_t_c
  [PB] has possible protection stack imbalance partialAR/src/RcppExports.cpp:130

Function partialAR_pvmr_par_c
  [PB] has possible protection stack imbalance partialAR/src/RcppExports.cpp:72
