Package pauwels2014 version 1.0
Package built using 80081/R 4.1.0; x86_64-pc-linux-gnu; 2021-03-08 15:15:49 UTC; unix   
Checked with rchk version 3d653b7c8f92dac912532856b55f44d2986c6553 LLVM version 10.0.1
More information at https://github.com/kalibera/cran-checks/blob/master/rchk/PROTECT.md
For rchk in docker image see https://github.com/kalibera/rchk/blob/master/doc/DOCKER.md


Function eval_weights_risk
  [UP] unprotected variable simu_exp while calling allocating function Rf_coerceVector pauwels2014/src/src.c:111
  [UP] unprotected variable data while calling allocating function Rf_allocVector pauwels2014/src/src.c:113
  [UP] unprotected variable simu_exp while calling allocating function Rf_allocVector pauwels2014/src/src.c:113

Function log_norm
  [UP] unprotected variable Rvals while calling allocating function Rf_allocVector pauwels2014/src/src.c:64
  [UP] unprotected variable Rvals while calling allocating function Rf_allocVector pauwels2014/src/src.c:65
  [UP] unprotected variable Rvals while calling allocating function Rf_allocVector pauwels2014/src/src.c:66
  [UP] unprotected variable Rvals while calling allocating function Rf_allocVector pauwels2014/src/src.c:67

Function sum_over_time
  [UP] unprotected variable simu_exp while calling allocating function Rf_coerceVector pauwels2014/src/src.c:150
  [UP] unprotected variable data_arr while calling allocating function Rf_allocVector pauwels2014/src/src.c:152
  [UP] unprotected variable simu_exp while calling allocating function Rf_allocVector pauwels2014/src/src.c:152
  [UP] unprotected variable data_arr while calling allocating function Rf_allocVector pauwels2014/src/src.c:153
  [UP] unprotected variable simu_exp while calling allocating function Rf_allocVector pauwels2014/src/src.c:153
  [UP] unprotected variable data_arr while calling allocating function Rf_setAttrib(V,S:dim,V) pauwels2014/src/src.c:158
  [UP] unprotected variable simu_exp while calling allocating function Rf_setAttrib(V,S:dim,V) pauwels2014/src/src.c:158

Function window_mean
  [UP] unprotected variable X while calling allocating function Rf_coerceVector pauwels2014/src/src.c:20
  [UP] unprotected variable X while calling allocating function Rf_coerceVector pauwels2014/src/src.c:21
  [UP] unprotected variable times_start while calling allocating function Rf_coerceVector pauwels2014/src/src.c:21
  [UP] unprotected variable X while calling allocating function Rf_allocMatrix pauwels2014/src/src.c:25
  [UP] unprotected variable times_end while calling allocating function Rf_allocMatrix pauwels2014/src/src.c:25
  [UP] unprotected variable times_start while calling allocating function Rf_allocMatrix pauwels2014/src/src.c:25
