Package pedmod version 0.1.0
Package built using 81109/R 4.2.0; x86_64-pc-linux-gnu; 2021-10-29 12:56:02 UTC; unix   
Checked with rchk version 35d5d01a98903a5f3e9ec166dcdb2f790ecb784f LLVM version 11.0.0
More information at https://github.com/kalibera/cran-checks/blob/master/rchk/PROTECT.md
For rchk in docker image see https://github.com/kalibera/rchk/blob/master/doc/DOCKER.md


Function Rcpp::Armor<SEXPREC*>::init(SEXPREC*)
  [PB] has possible protection stack imbalance Rcpp/include/Rcpp/protection/Armor.h:47

Function Rcpp::Armor<SEXPREC*>::~Armor()
  [PB] has negative depth Rcpp/include/Rcpp/protection/Armor.h:41
  [UP] attempt to unprotect more items (1) than protected (0), results will be incomplete Rcpp/include/Rcpp/protection/Armor.h:41
  [PB] has possible protection stack imbalance Rcpp/include/Rcpp/protection/Armor.h:42

Function Rcpp::Rcpp_protect(SEXPREC*)
  [PB] has possible protection stack imbalance Rcpp/include/Rcpp/protection/Shield.h:25

Function Rcpp::Rcpp_unprotect(int)
  [PB] has an unsupported form of unprotect with a variable results will be incomplete Rcpp/include/Rcpp/protection/Shield.h:31
  [UP] unsupported form of unprotect, unprotecting all variables, results will be incomplete Rcpp/include/Rcpp/protection/Shield.h:31

Function Rcpp::internal::convert_using_rfunction(SEXPREC*, char const*)
  [UP] ignoring variable <unnamed var:   %10 = alloca %struct.SEXPREC*, align 8> as it has address taken, results will be incomplete 

Function _pedmod_eval_pedigree_grad
  [UP] ignoring variable <unnamed var:   %45 = alloca %struct.SEXPREC*, align 8> as it has address taken, results will be incomplete 

Function _pedmod_eval_pedigree_ll
  [UP] ignoring variable <unnamed var:   %45 = alloca %struct.SEXPREC*, align 8> as it has address taken, results will be incomplete 

Function _pedmod_get_biconnected_components
  [UP] ignoring variable <unnamed var:   %23 = alloca %struct.SEXPREC*, align 8> as it has address taken, results will be incomplete 

Function _pedmod_get_block_cut_tree
  [UP] ignoring variable <unnamed var:   %23 = alloca %struct.SEXPREC*, align 8> as it has address taken, results will be incomplete 

Function _pedmod_get_max_balanced_partition
  [UP] ignoring variable <unnamed var:   %41 = alloca %struct.SEXPREC*, align 8> as it has address taken, results will be incomplete 

Function _pedmod_get_n_scales
  [UP] ignoring variable <unnamed var:   %12 = alloca %struct.SEXPREC*, align 8> as it has address taken, results will be incomplete 

Function _pedmod_get_n_terms
  [UP] ignoring variable <unnamed var:   %12 = alloca %struct.SEXPREC*, align 8> as it has address taken, results will be incomplete 

Function _pedmod_mvndst
  [UP] ignoring variable <unnamed var:   %45 = alloca %struct.SEXPREC*, align 8> as it has address taken, results will be incomplete 

Function _pedmod_pedigree_ll_terms
  [UP] ignoring variable <unnamed var:   %18 = alloca %struct.SEXPREC*, align 8> as it has address taken, results will be incomplete 
  [UP] ignoring variable <unnamed var:   %19 = alloca %struct.SEXPREC*, align 8> as it has address taken, results will be incomplete 

Function _pedmod_unconnected_partition_rcpp
  [UP] ignoring variable <unnamed var:   %38 = alloca %struct.SEXPREC*, align 8> as it has address taken, results will be incomplete 

Function void Rcpp::Vector<19, Rcpp::PreserveStorage>::push_back<Rcpp::Vector<19, Rcpp::PreserveStorage> >(Rcpp::Vector<19, Rcpp::PreserveStorage> const&)
  [UP] ignoring variable <unnamed var:   %5 = alloca %struct.SEXPREC*, align 8> as it has address taken, results will be incomplete 
