Package PPtreeViz version 2.0.4
Package built using 86189/R 4.4.0; x86_64-pc-linux-gnu; 2024-03-26 01:13:53 UTC; unix   
Checked with rchk version fdc068715daa3a256062cc20e0d4a5157dacc9a4 LLVM version 14.0.6
More information at https://github.com/kalibera/cran-checks/blob/master/rchk/PROTECT.md
For rchk in docker image see https://github.com/kalibera/rchk/blob/master/doc/DOCKER.md


Function ENTROPYindex1D(Rcpp::Vector<13, Rcpp::PreserveStorage>, Rcpp::Matrix<14, Rcpp::PreserveStorage>, Rcpp::Vector<14, Rcpp::PreserveStorage>)
  [UP] ignoring variable <unnamed var:   %47 = alloca %struct.SEXPREC*, align 8> as it has address taken, results will be incomplete 
  [UP] ignoring variable <unnamed var:   %49 = alloca %struct.SEXPREC*, align 8> as it has address taken, results will be incomplete 

Function GINIindex1D(Rcpp::Vector<13, Rcpp::PreserveStorage>, Rcpp::Matrix<14, Rcpp::PreserveStorage>, Rcpp::Vector<14, Rcpp::PreserveStorage>)
  [UP] ignoring variable <unnamed var:   %47 = alloca %struct.SEXPREC*, align 8> as it has address taken, results will be incomplete 
  [UP] ignoring variable <unnamed var:   %49 = alloca %struct.SEXPREC*, align 8> as it has address taken, results will be incomplete 

Function LDAindex(Rcpp::Vector<13, Rcpp::PreserveStorage>, Rcpp::Matrix<14, Rcpp::PreserveStorage>, Rcpp::Matrix<14, Rcpp::PreserveStorage>, bool)
  [UP] ignoring variable <unnamed var:   %96 = alloca %struct.SEXPREC*, align 8> as it has address taken, results will be incomplete 
  [UP] ignoring variable <unnamed var:   %97 = alloca %struct.SEXPREC*, align 8> as it has address taken, results will be incomplete 

Function PDAindex(Rcpp::Vector<13, Rcpp::PreserveStorage>, Rcpp::Matrix<14, Rcpp::PreserveStorage>, Rcpp::Matrix<14, Rcpp::PreserveStorage>, bool, double)
  [UP] ignoring variable <unnamed var:   %153 = alloca %struct.SEXPREC*, align 8> as it has address taken, results will be incomplete 
  [UP] ignoring variable <unnamed var:   %154 = alloca %struct.SEXPREC*, align 8> as it has address taken, results will be incomplete 

Function Rcpp::Rcpp_protect(SEXPREC*)
  [PB] has possible protection stack imbalance Rcpp/include/Rcpp/protection/Shield.h:25

Function Rcpp::Rcpp_unprotect(int)
  [PB] has an unsupported form of unprotect with a variable results will be incomplete Rcpp/include/Rcpp/protection/Shield.h:31
  [UP] unsupported form of unprotect, unprotecting all variables, results will be incomplete Rcpp/include/Rcpp/protection/Shield.h:31

Function _PPtreeViz_ENTROPYindex1D
  [UP] ignoring variable <unnamed var:   %18 = alloca %struct.SEXPREC*, align 8> as it has address taken, results will be incomplete 

Function _PPtreeViz_GINIindex1D
  [UP] ignoring variable <unnamed var:   %18 = alloca %struct.SEXPREC*, align 8> as it has address taken, results will be incomplete 

Function _PPtreeViz_LDAindex
  [UP] ignoring variable <unnamed var:   %21 = alloca %struct.SEXPREC*, align 8> as it has address taken, results will be incomplete 

Function _PPtreeViz_Lrindex
  [UP] ignoring variable <unnamed var:   %24 = alloca %struct.SEXPREC*, align 8> as it has address taken, results will be incomplete 

Function _PPtreeViz_PDAindex
  [UP] ignoring variable <unnamed var:   %24 = alloca %struct.SEXPREC*, align 8> as it has address taken, results will be incomplete 

Function _PPtreeViz_PPopt
  [UP] ignoring variable <unnamed var:   %42 = alloca %struct.SEXPREC*, align 8> as it has address taken, results will be incomplete 
