Package primes version 1.6.0
Package built using 87358/R 4.5.0; x86_64-pc-linux-gnu; 2024-11-21 15:20:43 UTC; unix   
Checked with rchk version 35618ebbccf3cd0b45a3530e6303970a22a9056b LLVM version 14.0.6
More information at https://github.com/kalibera/cran-checks/blob/master/rchk/PROTECT.md
For rchk in docker image see https://github.com/kalibera/rchk/blob/master/doc/DOCKER.md


Function Rcpp::Rcpp_protect(SEXPREC*)
  [PB] has possible protection stack imbalance Rcpp/include/Rcpp/protection/Shield.h:25

Function Rcpp::Rcpp_unprotect(int)
  [PB] has an unsupported form of unprotect with a variable results will be incomplete Rcpp/include/Rcpp/protection/Shield.h:31
  [UP] unsupported form of unprotect, unprotecting all variables, results will be incomplete Rcpp/include/Rcpp/protection/Shield.h:31

Function _primes_Rgcd_
  [UP] unprotected variable rcpp_result_gen while calling allocating function Rf_onintr primes/src/RcppExports.cpp:70
  [PB] has negative depth primes/src/RcppExports.cpp:82
  [UP] attempt to unprotect more items (1) than protected (0), results will be incomplete primes/src/RcppExports.cpp:82
  [PB] has possible protection stack imbalance primes/src/RcppExports.cpp:83

Function _primes_Rgcd__try(SEXPREC*)
  [UP] ignoring variable <unnamed var:   %11 = alloca %struct.SEXPREC*, align 8> as it has address taken, results will be incomplete 

Function _primes_Rscm_
  [UP] unprotected variable rcpp_result_gen while calling allocating function Rf_onintr primes/src/RcppExports.cpp:139
  [PB] has negative depth primes/src/RcppExports.cpp:151
  [UP] attempt to unprotect more items (1) than protected (0), results will be incomplete primes/src/RcppExports.cpp:151
  [PB] has possible protection stack imbalance primes/src/RcppExports.cpp:152

Function _primes_Rscm__try(SEXPREC*)
  [UP] ignoring variable <unnamed var:   %11 = alloca %struct.SEXPREC*, align 8> as it has address taken, results will be incomplete 

Function _primes_coprime
  [UP] unprotected variable rcpp_result_gen while calling allocating function Rf_onintr primes/src/RcppExports.cpp:244
  [PB] has negative depth primes/src/RcppExports.cpp:256
  [UP] attempt to unprotect more items (1) than protected (0), results will be incomplete primes/src/RcppExports.cpp:256
  [PB] has possible protection stack imbalance primes/src/RcppExports.cpp:257

Function _primes_coprime_try(SEXPREC*, SEXPREC*)
  [UP] ignoring variable <unnamed var:   %14 = alloca %struct.SEXPREC*, align 8> as it has address taken, results will be incomplete 

Function _primes_gcd
  [UP] unprotected variable rcpp_result_gen while calling allocating function Rf_onintr primes/src/RcppExports.cpp:174
  [PB] has negative depth primes/src/RcppExports.cpp:186
  [UP] attempt to unprotect more items (1) than protected (0), results will be incomplete primes/src/RcppExports.cpp:186
  [PB] has possible protection stack imbalance primes/src/RcppExports.cpp:187

Function _primes_gcd_
  [UP] unprotected variable rcpp_result_gen while calling allocating function Rf_onintr primes/src/RcppExports.cpp:36
  [PB] has negative depth primes/src/RcppExports.cpp:48
  [UP] attempt to unprotect more items (1) than protected (0), results will be incomplete primes/src/RcppExports.cpp:48
  [PB] has possible protection stack imbalance primes/src/RcppExports.cpp:49

Function _primes_gcd__try(SEXPREC*, SEXPREC*)
  [UP] ignoring variable <unnamed var:   %14 = alloca %struct.SEXPREC*, align 8> as it has address taken, results will be incomplete 

Function _primes_gcd_try(SEXPREC*, SEXPREC*)
  [UP] ignoring variable <unnamed var:   %14 = alloca %struct.SEXPREC*, align 8> as it has address taken, results will be incomplete 

Function _primes_generate_n_primes
  [UP] unprotected variable rcpp_result_gen while calling allocating function Rf_onintr primes/src/RcppExports.cpp:278
  [PB] has negative depth primes/src/RcppExports.cpp:290
  [UP] attempt to unprotect more items (1) than protected (0), results will be incomplete primes/src/RcppExports.cpp:290
  [PB] has possible protection stack imbalance primes/src/RcppExports.cpp:291

Function _primes_generate_n_primes_try(SEXPREC*)
  [UP] ignoring variable <unnamed var:   %11 = alloca %struct.SEXPREC*, align 8> as it has address taken, results will be incomplete 

Function _primes_generate_primes_
  [UP] unprotected variable rcpp_result_gen while calling allocating function Rf_onintr primes/src/RcppExports.cpp:624
  [PB] has negative depth primes/src/RcppExports.cpp:636
  [UP] attempt to unprotect more items (1) than protected (0), results will be incomplete primes/src/RcppExports.cpp:636
  [PB] has possible protection stack imbalance primes/src/RcppExports.cpp:637

Function _primes_generate_primes__try(SEXPREC*, SEXPREC*)
  [UP] ignoring variable <unnamed var:   %14 = alloca %struct.SEXPREC*, align 8> as it has address taken, results will be incomplete 

Function _primes_is_prime
  [UP] unprotected variable rcpp_result_gen while calling allocating function Rf_onintr primes/src/RcppExports.cpp:312
  [PB] has negative depth primes/src/RcppExports.cpp:324
  [UP] attempt to unprotect more items (1) than protected (0), results will be incomplete primes/src/RcppExports.cpp:324
  [PB] has possible protection stack imbalance primes/src/RcppExports.cpp:325

Function _primes_is_prime_try(SEXPREC*)
  [UP] ignoring variable <unnamed var:   %11 = alloca %struct.SEXPREC*, align 8> as it has address taken, results will be incomplete 

Function _primes_k_tuple
  [UP] unprotected variable rcpp_result_gen while calling allocating function Rf_onintr primes/src/RcppExports.cpp:348
  [PB] has negative depth primes/src/RcppExports.cpp:360
  [UP] attempt to unprotect more items (1) than protected (0), results will be incomplete primes/src/RcppExports.cpp:360
  [PB] has possible protection stack imbalance primes/src/RcppExports.cpp:361

Function _primes_k_tuple_try(SEXPREC*, SEXPREC*, SEXPREC*)
  [UP] ignoring variable <unnamed var:   %17 = alloca %struct.SEXPREC*, align 8> as it has address taken, results will be incomplete 

Function _primes_next_prime
  [UP] unprotected variable rcpp_result_gen while calling allocating function Rf_onintr primes/src/RcppExports.cpp:417
  [PB] has negative depth primes/src/RcppExports.cpp:429
  [UP] attempt to unprotect more items (1) than protected (0), results will be incomplete primes/src/RcppExports.cpp:429
  [PB] has possible protection stack imbalance primes/src/RcppExports.cpp:430

Function _primes_next_prime_try(SEXPREC*)
  [UP] ignoring variable <unnamed var:   %11 = alloca %struct.SEXPREC*, align 8> as it has address taken, results will be incomplete 

Function _primes_nth_prime
  [UP] unprotected variable rcpp_result_gen while calling allocating function Rf_onintr primes/src/RcppExports.cpp:485
  [PB] has negative depth primes/src/RcppExports.cpp:497
  [UP] attempt to unprotect more items (1) than protected (0), results will be incomplete primes/src/RcppExports.cpp:497
  [PB] has possible protection stack imbalance primes/src/RcppExports.cpp:498

Function _primes_nth_prime_estimate
  [UP] unprotected variable rcpp_result_gen while calling allocating function Rf_onintr primes/src/RcppExports.cpp:555
  [PB] has negative depth primes/src/RcppExports.cpp:567
  [UP] attempt to unprotect more items (1) than protected (0), results will be incomplete primes/src/RcppExports.cpp:567
  [PB] has possible protection stack imbalance primes/src/RcppExports.cpp:568

Function _primes_nth_prime_estimate_try(SEXPREC*, SEXPREC*)
  [UP] ignoring variable <unnamed var:   %14 = alloca %struct.SEXPREC*, align 8> as it has address taken, results will be incomplete 

Function _primes_nth_prime_try(SEXPREC*)
  [UP] ignoring variable <unnamed var:   %11 = alloca %struct.SEXPREC*, align 8> as it has address taken, results will be incomplete 

Function _primes_prev_prime
  [UP] unprotected variable rcpp_result_gen while calling allocating function Rf_onintr primes/src/RcppExports.cpp:451
  [PB] has negative depth primes/src/RcppExports.cpp:463
  [UP] attempt to unprotect more items (1) than protected (0), results will be incomplete primes/src/RcppExports.cpp:463
  [PB] has possible protection stack imbalance primes/src/RcppExports.cpp:464

Function _primes_prev_prime_try(SEXPREC*)
  [UP] ignoring variable <unnamed var:   %11 = alloca %struct.SEXPREC*, align 8> as it has address taken, results will be incomplete 

Function _primes_prime_count
  [UP] unprotected variable rcpp_result_gen while calling allocating function Rf_onintr primes/src/RcppExports.cpp:520
  [PB] has negative depth primes/src/RcppExports.cpp:532
  [UP] attempt to unprotect more items (1) than protected (0), results will be incomplete primes/src/RcppExports.cpp:532
  [PB] has possible protection stack imbalance primes/src/RcppExports.cpp:533

Function _primes_prime_count_try(SEXPREC*, SEXPREC*)
  [UP] ignoring variable <unnamed var:   %14 = alloca %struct.SEXPREC*, align 8> as it has address taken, results will be incomplete 

Function _primes_prime_factors
  [UP] unprotected variable rcpp_result_gen while calling allocating function Rf_onintr primes/src/RcppExports.cpp:589
  [PB] has negative depth primes/src/RcppExports.cpp:601
  [UP] attempt to unprotect more items (1) than protected (0), results will be incomplete primes/src/RcppExports.cpp:601
  [PB] has possible protection stack imbalance primes/src/RcppExports.cpp:602

Function _primes_prime_factors_try(SEXPREC*)
  [UP] ignoring variable <unnamed var:   %11 = alloca %struct.SEXPREC*, align 8> as it has address taken, results will be incomplete 

Function _primes_scm
  [UP] unprotected variable rcpp_result_gen while calling allocating function Rf_onintr primes/src/RcppExports.cpp:209
  [PB] has negative depth primes/src/RcppExports.cpp:221
  [UP] attempt to unprotect more items (1) than protected (0), results will be incomplete primes/src/RcppExports.cpp:221
  [PB] has possible protection stack imbalance primes/src/RcppExports.cpp:222

Function _primes_scm_
  [UP] unprotected variable rcpp_result_gen while calling allocating function Rf_onintr primes/src/RcppExports.cpp:105
  [PB] has negative depth primes/src/RcppExports.cpp:117
  [UP] attempt to unprotect more items (1) than protected (0), results will be incomplete primes/src/RcppExports.cpp:117
  [PB] has possible protection stack imbalance primes/src/RcppExports.cpp:118

Function _primes_scm__try(SEXPREC*, SEXPREC*)
  [UP] ignoring variable <unnamed var:   %14 = alloca %struct.SEXPREC*, align 8> as it has address taken, results will be incomplete 

Function _primes_scm_try(SEXPREC*, SEXPREC*)
  [UP] ignoring variable <unnamed var:   %14 = alloca %struct.SEXPREC*, align 8> as it has address taken, results will be incomplete 

Function _primes_sexy_prime_triplets
  [UP] unprotected variable rcpp_result_gen while calling allocating function Rf_onintr primes/src/RcppExports.cpp:383
  [PB] has negative depth primes/src/RcppExports.cpp:395
  [UP] attempt to unprotect more items (1) than protected (0), results will be incomplete primes/src/RcppExports.cpp:395
  [PB] has possible protection stack imbalance primes/src/RcppExports.cpp:396

Function _primes_sexy_prime_triplets_try(SEXPREC*, SEXPREC*)
  [UP] ignoring variable <unnamed var:   %14 = alloca %struct.SEXPREC*, align 8> as it has address taken, results will be incomplete 

Function void Rcpp::Vector<19, Rcpp::PreserveStorage>::push_back<std::__1::vector<int, std::__1::allocator<int> > >(std::__1::vector<int, std::__1::allocator<int> > const&)
  [UP] ignoring variable <unnamed var:   %5 = alloca %struct.SEXPREC*, align 8> as it has address taken, results will be incomplete 
