Package projpred version 2.0.2
Package built using 80940/R 4.2.0; x86_64-pc-linux-gnu; 2021-09-20 14:36:48 UTC; unix   
Checked with rchk version 35d5d01a98903a5f3e9ec166dcdb2f790ecb784f LLVM version 11.0.0
More information at https://github.com/kalibera/cran-checks/blob/master/rchk/PROTECT.md
For rchk in docker image see https://github.com/kalibera/rchk/blob/master/doc/DOCKER.md


Function Rcpp::Armor<SEXPREC*>::init(SEXPREC*)
  [PB] has possible protection stack imbalance Rcpp/include/Rcpp/protection/Armor.h:47

Function Rcpp::Armor<SEXPREC*>::~Armor()
  [PB] has negative depth Rcpp/include/Rcpp/protection/Armor.h:41
  [UP] attempt to unprotect more items (1) than protected (0), results will be incomplete Rcpp/include/Rcpp/protection/Armor.h:41
  [PB] has possible protection stack imbalance Rcpp/include/Rcpp/protection/Armor.h:42

Function Rcpp::Rcpp_protect(SEXPREC*)
  [PB] has possible protection stack imbalance Rcpp/include/Rcpp/protection/Shield.h:25

Function Rcpp::Rcpp_unprotect(int)
  [PB] has an unsupported form of unprotect with a variable results will be incomplete Rcpp/include/Rcpp/protection/Shield.h:31
  [UP] unsupported form of unprotect, unprotecting all variables, results will be incomplete Rcpp/include/Rcpp/protection/Shield.h:31

Function Rcpp::internal::convert_using_rfunction(SEXPREC*, char const*)
  [UP] ignoring variable <unnamed var:   %10 = alloca %struct.SEXPREC*, align 8> as it has address taken, results will be incomplete 

Function _projpred_glm_elnet_c
  [UP] ignoring variable <unnamed var:   %51 = alloca %struct.SEXPREC*, align 8> as it has address taken, results will be incomplete 

Function _projpred_glm_forward_c
  [UP] ignoring variable <unnamed var:   %39 = alloca %struct.SEXPREC*, align 8> as it has address taken, results will be incomplete 

Function _projpred_glm_ridge_c
  [UP] ignoring variable <unnamed var:   %42 = alloca %struct.SEXPREC*, align 8> as it has address taken, results will be incomplete 

Function glm_elnet_c(arma::Mat<double>, Rcpp::Function_Impl<Rcpp::PreserveStorage>, arma::Col<double>, double, bool, arma::Col<double>, double, int, int, bool, arma::Col<double>, double, arma::Col<double>, int)
  [UP] ignoring variable <unnamed var:   %86 = alloca %struct.SEXPREC*, align 8> as it has address taken, results will be incomplete 
  [UP] ignoring variable <unnamed var:   %97 = alloca %struct.SEXPREC*, align 8> as it has address taken, results will be incomplete 

Function glm_ridge(arma::Col<double>&, double&, arma::Col<double>&, int&, arma::Mat<double>, Rcpp::Function_Impl<Rcpp::PreserveStorage>, double, bool, arma::Col<double>, double, int, int, bool)
  [UP] ignoring variable <unnamed var:   %394 = alloca %struct.SEXPREC*, align 8> as it has address taken, results will be incomplete 
