Package psqn version 0.1.2
Package built using 79400/R 4.1.0; x86_64-pc-linux-gnu; 2020-11-05 05:37:53 UTC; unix   
Checked with rchk version 1df3a0cc105e4278d3a4b8e1215f64bf6611d1e8 LLVM version 10.0.1
More information at https://github.com/kalibera/cran-checks/blob/master/rchk/PROTECT.md


Function Rcpp::Rcpp_protect(SEXPREC*)
  [PB] has possible protection stack imbalance Rcpp/include/Rcpp/protection/Shield.h:25

Function Rcpp::Rcpp_unprotect(int)
  [PB] has an unsupported form of unprotect with a variable results will be incomplete Rcpp/include/Rcpp/protection/Shield.h:31
  [UP] unsupported form of unprotect, unprotecting all variables, results will be incomplete Rcpp/include/Rcpp/protection/Shield.h:31

Function Rcpp::Vector<14, Rcpp::PreserveStorage>::Vector(SEXPREC*)
  [UP] calling allocating function Rcpp::PreserveStorage<Rcpp::Vector<14, Rcpp::PreserveStorage> >::set__(SEXPREC*) with argument allocated using SEXPREC* Rcpp::r_cast<14>(SEXPREC*) Rcpp/include/Rcpp/vector/Vector.h:74

Function Rcpp::Vector<14, Rcpp::PreserveStorage>::Vector(int const&)
  [UP] calling allocating function Rcpp::PreserveStorage<Rcpp::Vector<14, Rcpp::PreserveStorage> >::set__(SEXPREC*)(?,V) with argument allocated using Rf_allocVector Rcpp/include/Rcpp/vector/Vector.h:130

Function Rcpp::Vector<16, Rcpp::PreserveStorage>::Vector(char const*)
  [UP] calling allocating function Rcpp::PreserveStorage<Rcpp::Vector<16, Rcpp::PreserveStorage> >::set__(SEXPREC*) with argument allocated using SEXPREC* Rcpp::internal::vector_from_string<16>(std::__1::basic_string<char, std::__1::char_traits<char>, std::__1::allocator<char> > const&) Rcpp/include/Rcpp/vector/Vector.h:110

Function Rcpp::Vector<16, Rcpp::PreserveStorage>::Vector(int const&)
  [UP] calling allocating function Rcpp::PreserveStorage<Rcpp::Vector<16, Rcpp::PreserveStorage> >::set__(SEXPREC*)(?,V) with argument allocated using Rf_allocVector Rcpp/include/Rcpp/vector/Vector.h:130

Function Rcpp::Vector<19, Rcpp::PreserveStorage>::Vector(int const&)
  [UP] calling allocating function Rcpp::PreserveStorage<Rcpp::Vector<19, Rcpp::PreserveStorage> >::set__(SEXPREC*)(?,V) with argument allocated using Rf_allocVector Rcpp/include/Rcpp/vector/Vector.h:130

Function _ZN4Rcpp6VectorILi10ENS_15PreserveStorageEEC2IlEET_PNS_6traits9enable_ifIXsr6traits13is_arithmeticIS4_EE5valueEvE4typeE
  [UP] calling allocating function Rcpp::PreserveStorage<Rcpp::Vector<10, Rcpp::PreserveStorage> >::set__(SEXPREC*)(?,V) with argument allocated using Rf_allocVector Rcpp/include/Rcpp/vector/Vector.h:125

Function _ZN4Rcpp6VectorILi13ENS_15PreserveStorageEEC2IlEET_PNS_6traits9enable_ifIXsr6traits13is_arithmeticIS4_EE5valueEvE4typeE
  [UP] calling allocating function Rcpp::PreserveStorage<Rcpp::Vector<13, Rcpp::PreserveStorage> >::set__(SEXPREC*)(?,V) with argument allocated using Rf_allocVector Rcpp/include/Rcpp/vector/Vector.h:125

Function _ZN4Rcpp6VectorILi14ENS_15PreserveStorageEEC2ImEET_PNS_6traits9enable_ifIXsr6traits13is_arithmeticIS4_EE5valueEvE4typeE
  [UP] calling allocating function Rcpp::PreserveStorage<Rcpp::Vector<14, Rcpp::PreserveStorage> >::set__(SEXPREC*)(?,V) with argument allocated using Rf_allocVector Rcpp/include/Rcpp/vector/Vector.h:125

Function _ZN4Rcpp6VectorILi16ENS_15PreserveStorageEEC2ImEET_PNS_6traits9enable_ifIXsr6traits13is_arithmeticIS4_EE5valueEvE4typeE
  [UP] calling allocating function Rcpp::PreserveStorage<Rcpp::Vector<16, Rcpp::PreserveStorage> >::set__(SEXPREC*)(?,V) with argument allocated using Rf_allocVector Rcpp/include/Rcpp/vector/Vector.h:125

Function _psqn_psqn
  [UP] ignoring variable <unnamed var:   %54 = alloca %struct.SEXPREC*, align 8> as it has address taken, results will be incomplete 

Function _psqn_psqn_bfgs
  [UP] ignoring variable <unnamed var:   %36 = alloca %struct.SEXPREC*, align 8> as it has address taken, results will be incomplete 

Function psqn(Rcpp::Vector<14, Rcpp::PreserveStorage>, SEXPREC*, unsigned int, double, unsigned int, unsigned int, double, double, bool, int, double, bool, SEXPREC*, int, int)
  [UP] ignoring variable env as it has address taken, results will be incomplete 
  [UP] ignoring variable fn as it has address taken, results will be incomplete 

Function r_worker::grad(double const*, double*) const
  [UP] unprotected variable res while calling allocating function Rcpp::Vector<16, Rcpp::PreserveStorage>::Vector(char const*) psqn/src/r-api.cpp:111
  [UP] allocating function Rf_getAttrib may destroy its unprotected argument (res <arg 1>), which is later used. psqn/src/r-api.cpp:112
  [UP] calling allocating function Rf_getAttrib with a fresh pointer (res <arg 1>) psqn/src/r-api.cpp:112

Function r_worker_bfgs::grad(double const*, double*)
  [UP] unprotected variable res while calling allocating function Rcpp::Vector<16, Rcpp::PreserveStorage>::Vector(char const*) psqn/src/r-api.cpp:344
  [UP] allocating function Rf_getAttrib may destroy its unprotected argument (res <arg 1>), which is later used. psqn/src/r-api.cpp:345
  [UP] calling allocating function Rf_getAttrib with a fresh pointer (res <arg 1>) psqn/src/r-api.cpp:345
