Package purrrlyr version 0.0.7
Package built using 80044/R 4.1.0; x86_64-pc-linux-gnu; 2021-03-02 05:57:52 UTC; unix   
Checked with rchk version 3d653b7c8f92dac912532856b55f44d2986c6553 LLVM version 10.0.1
More information at https://github.com/kalibera/cran-checks/blob/master/rchk/PROTECT.md
For rchk in docker image see https://github.com/kalibera/rchk/blob/master/doc/DOCKER.md


Function Rcpp::Armor<SEXPREC*>::init(SEXPREC*)
  [PB] has possible protection stack imbalance Rcpp/include/Rcpp/protection/Armor.h:47

Function Rcpp::Armor<SEXPREC*>::~Armor()
  [PB] has negative depth Rcpp/include/Rcpp/protection/Armor.h:41
  [UP] attempt to unprotect more items (1) than protected (0), results will be incomplete Rcpp/include/Rcpp/protection/Armor.h:41
  [PB] has possible protection stack imbalance Rcpp/include/Rcpp/protection/Armor.h:42

Function Rcpp::BindingPolicy<Rcpp::Environment_Impl<Rcpp::PreserveStorage> >::Binding::operator int<int>() const
  [UP] calling allocating function int Rcpp::as<int>(SEXPREC*) with argument allocated using Rcpp::BindingPolicy<Rcpp::Environment_Impl<Rcpp::PreserveStorage> >::Binding::get() const Rcpp/include/Rcpp/api/meat/proxy.h:138

Function Rcpp::Environment_Impl<Rcpp::PreserveStorage>::get(std::__1::basic_string<char, std::__1::char_traits<char>, std::__1::allocator<char> > const&) const
  [UP] calling allocating function Rcpp::internal::Rcpp_eval_impl(SEXPREC*, SEXPREC*) with a fresh pointer (res <arg 1>) Rcpp/include/Rcpp/Environment.h:112

Function Rcpp::Rcpp_protect(SEXPREC*)
  [PB] has possible protection stack imbalance Rcpp/include/Rcpp/protection/Shield.h:25

Function Rcpp::Rcpp_unprotect(int)
  [PB] has an unsupported form of unprotect with a variable results will be incomplete Rcpp/include/Rcpp/protection/Shield.h:31
  [UP] unsupported form of unprotect, unprotecting all variables, results will be incomplete Rcpp/include/Rcpp/protection/Shield.h:31

Function Rcpp::Vector<13, Rcpp::PreserveStorage>::Vector()
  [UP] calling allocating function Rcpp::PreserveStorage<Rcpp::Vector<13, Rcpp::PreserveStorage> >::set__(SEXPREC*)(?,V) with argument allocated using Rf_allocVector Rcpp/include/Rcpp/vector/Vector.h:57

Function Rcpp::Vector<13, Rcpp::PreserveStorage>::Vector(Rcpp::no_init_vector const&)
  [UP] calling allocating function Rcpp::PreserveStorage<Rcpp::Vector<13, Rcpp::PreserveStorage> >::set__(SEXPREC*)(?,V) with argument allocated using Rf_allocVector Rcpp/include/Rcpp/vector/Vector.h:84

Function Rcpp::Vector<13, Rcpp::PreserveStorage>::Vector(SEXPREC*)
  [UP] calling allocating function Rcpp::PreserveStorage<Rcpp::Vector<13, Rcpp::PreserveStorage> >::set__(SEXPREC*) with argument allocated using SEXPREC* Rcpp::r_cast<13>(SEXPREC*) Rcpp/include/Rcpp/vector/Vector.h:74

Function Rcpp::Vector<13, Rcpp::PreserveStorage>::Vector(int const&)
  [UP] calling allocating function Rcpp::PreserveStorage<Rcpp::Vector<13, Rcpp::PreserveStorage> >::set__(SEXPREC*)(?,V) with argument allocated using Rf_allocVector Rcpp/include/Rcpp/vector/Vector.h:130

Function Rcpp::Vector<16, Rcpp::PreserveStorage>::Vector(SEXPREC*)
  [UP] calling allocating function Rcpp::PreserveStorage<Rcpp::Vector<16, Rcpp::PreserveStorage> >::set__(SEXPREC*) with argument allocated using SEXPREC* Rcpp::r_cast<16>(SEXPREC*) Rcpp/include/Rcpp/vector/Vector.h:74

Function Rcpp::Vector<16, Rcpp::PreserveStorage>::Vector(int const&)
  [UP] calling allocating function Rcpp::PreserveStorage<Rcpp::Vector<16, Rcpp::PreserveStorage> >::set__(SEXPREC*)(?,V) with argument allocated using Rf_allocVector Rcpp/include/Rcpp/vector/Vector.h:130

Function Rcpp::Vector<16, Rcpp::PreserveStorage>::Vector<Rcpp::NamesProxyPolicy<Rcpp::Vector<19, Rcpp::PreserveStorage> >::NamesProxy>(Rcpp::GenericProxy<Rcpp::NamesProxyPolicy<Rcpp::Vector<19, Rcpp::PreserveStorage> >::NamesProxy> const&)
  [UP] calling allocating function Rcpp::PreserveStorage<Rcpp::Vector<16, Rcpp::PreserveStorage> >::set__(SEXPREC*) with argument allocated using SEXPREC* Rcpp::r_cast<16>(SEXPREC*) Rcpp/include/Rcpp/vector/Vector.h:80

Function Rcpp::Vector<19, Rcpp::PreserveStorage>::Vector(int const&)
  [UP] calling allocating function Rcpp::PreserveStorage<Rcpp::Vector<19, Rcpp::PreserveStorage> >::set__(SEXPREC*)(?,V) with argument allocated using Rf_allocVector Rcpp/include/Rcpp/vector/Vector.h:130

Function Rcpp::internal::convert_using_rfunction(SEXPREC*, char const*)
  [UP] ignoring variable <unnamed var:   %10 = alloca %struct.SEXPREC*, align 8> as it has address taken, results will be incomplete 

Function _ZN4Rcpp6VectorILi16ENS_15PreserveStorageEEC2ImEET_PNS_6traits9enable_ifIXsr6traits13is_arithmeticIS4_EE5valueEvE4typeE
  [UP] calling allocating function Rcpp::PreserveStorage<Rcpp::Vector<16, Rcpp::PreserveStorage> >::set__(SEXPREC*)(?,V) with argument allocated using Rf_allocVector Rcpp/include/Rcpp/vector/Vector.h:125

Function _ZN4Rcpp6VectorILi19ENS_15PreserveStorageEEC2IlEET_PNS_6traits9enable_ifIXsr6traits13is_arithmeticIS4_EE5valueEvE4typeE
  [UP] calling allocating function Rcpp::PreserveStorage<Rcpp::Vector<19, Rcpp::PreserveStorage> >::set__(SEXPREC*)(?,V) with argument allocated using Rf_allocVector Rcpp/include/Rcpp/vector/Vector.h:125

Function by_slice_impl
  [PB] has possible protection stack imbalance purrrlyr/src/rows.cpp:41

Function check_dataframes_names_consistency(Rcpp::Vector<19, Rcpp::PreserveStorage> const&)
  [UP] protect stack is too deep, unprotecting all variables, results will be incomplete
  [UP] unsupported form of unprotect, unprotecting all variables, results will be incomplete purrrlyr/src/utils.cpp:109

Function invoke_rows_impl
  [PB] has possible protection stack imbalance purrrlyr/src/rows.cpp:54

Function map_by_slice_impl
  [PB] has possible protection stack imbalance purrrlyr/src/rows.cpp:72

Function rows::ColsFormatter::cols_bind_dataframes(Rcpp::Vector<19, Rcpp::PreserveStorage>&)
  [UP] calling allocating function Rcpp::RObject_Impl<Rcpp::PreserveStorage>::RObject_Impl(SEXPREC*) with argument allocated using Rf_allocVector purrrlyr/src/rows-formatter.cpp:241
  [UP] calling allocating function Rcpp::RObject_Impl<Rcpp::PreserveStorage>::RObject_Impl(SEXPREC*) with argument allocated using get_ij_elt(SEXPREC*, int, int) purrrlyr/src/rows-formatter.cpp:244

Function rows::ColsFormatter::cols_bind_vectors(Rcpp::Vector<19, Rcpp::PreserveStorage>&)
  [UP] calling allocating function Rcpp::RObject_Impl<Rcpp::PreserveStorage>::RObject_Impl(SEXPREC*) with argument allocated using Rf_allocVector purrrlyr/src/rows-formatter.cpp:220

Function rows::Formatter::create_column(unsigned int)
  [UP] calling allocating function Rcpp::RObject_Impl<Rcpp::PreserveStorage>::RObject_Impl(SEXPREC*) with argument allocated using Rf_allocVector purrrlyr/src/rows-formatter.cpp:153
  [UP] calling allocating function Rcpp::RObject_Impl<Rcpp::PreserveStorage>::RObject_Impl(SEXPREC*) with argument allocated using get_vector_elt(SEXPREC*, long) purrrlyr/src/rows-formatter.cpp:155

Function rows::Labels::remove(std::__1::vector<int, std::__1::allocator<int> > const&)
  [UP] ignoring variable <unnamed var:   %12 = alloca %struct.SEXPREC*, align 8> as it has address taken, results will be incomplete 

Function rows::RowsFormatter::rows_bind_dataframes(Rcpp::Vector<19, Rcpp::PreserveStorage>&)
  [UP] calling allocating function Rcpp::RObject_Impl<Rcpp::PreserveStorage>::RObject_Impl(SEXPREC*) with argument allocated using Rf_allocVector purrrlyr/src/rows-formatter.cpp:188
  [UP] calling allocating function Rcpp::RObject_Impl<Rcpp::PreserveStorage>::RObject_Impl(SEXPREC*) with argument allocated using get_ij_elt(SEXPREC*, int, int) purrrlyr/src/rows-formatter.cpp:190
