Package qgg version 1.1.2
Package built using 87358/R 4.5.0; x86_64-pc-linux-gnu; 2024-11-21 16:08:10 UTC; unix   
Checked with rchk version 35618ebbccf3cd0b45a3530e6303970a22a9056b LLVM version 14.0.6
More information at https://github.com/kalibera/cran-checks/blob/master/rchk/PROTECT.md
For rchk in docker image see https://github.com/kalibera/rchk/blob/master/doc/DOCKER.md


Function Rcpp::Rcpp_protect(SEXPREC*)
  [PB] has possible protection stack imbalance Rcpp/include/Rcpp/protection/Shield.h:25

Function Rcpp::Rcpp_unprotect(int)
  [PB] has an unsupported form of unprotect with a variable results will be incomplete Rcpp/include/Rcpp/protection/Shield.h:31
  [UP] unsupported form of unprotect, unprotecting all variables, results will be incomplete Rcpp/include/Rcpp/protection/Shield.h:31

Function _qgg_bayes
  [UP] ignoring variable <unnamed var:   %63 = alloca %struct.SEXPREC*, align 8> as it has address taken, results will be incomplete 

Function _qgg_cp
  [UP] ignoring variable <unnamed var:   %12 = alloca %struct.SEXPREC*, align 8> as it has address taken, results will be incomplete 

Function _qgg_freqbed
  [UP] ignoring variable <unnamed var:   %21 = alloca %struct.SEXPREC*, align 8> as it has address taken, results will be incomplete 

Function _qgg_getWlist
  [UP] ignoring variable <unnamed var:   %21 = alloca %struct.SEXPREC*, align 8> as it has address taken, results will be incomplete 

Function _qgg_grsbed
  [UP] ignoring variable <unnamed var:   %24 = alloca %struct.SEXPREC*, align 8> as it has address taken, results will be incomplete 

Function _qgg_mmult
  [UP] ignoring variable <unnamed var:   %15 = alloca %struct.SEXPREC*, align 8> as it has address taken, results will be incomplete 

Function _qgg_mtbayes
  [UP] ignoring variable <unnamed var:   %57 = alloca %struct.SEXPREC*, align 8> as it has address taken, results will be incomplete 

Function _qgg_mtgrsbed
  [UP] ignoring variable <unnamed var:   %27 = alloca %struct.SEXPREC*, align 8> as it has address taken, results will be incomplete 

Function _qgg_mtsbayes
  [UP] ignoring variable <unnamed var:   %69 = alloca %struct.SEXPREC*, align 8> as it has address taken, results will be incomplete 

Function _qgg_mtsolvebed
  [UP] ignoring variable <unnamed var:   %33 = alloca %struct.SEXPREC*, align 8> as it has address taken, results will be incomplete 

Function _qgg_mvrnorm
  [UP] ignoring variable <unnamed var:   %12 = alloca %struct.SEXPREC*, align 8> as it has address taken, results will be incomplete 

Function _qgg_pruneld
  [UP] ignoring variable <unnamed var:   %27 = alloca %struct.SEXPREC*, align 8> as it has address taken, results will be incomplete 

Function _qgg_pruneldmat
  [UP] ignoring variable <unnamed var:   %24 = alloca %struct.SEXPREC*, align 8> as it has address taken, results will be incomplete 

Function _qgg_psets
  [UP] ignoring variable <unnamed var:   %21 = alloca %struct.SEXPREC*, align 8> as it has address taken, results will be incomplete 

Function _qgg_readG
  [UP] ignoring variable <unnamed var:   %18 = alloca %struct.SEXPREC*, align 8> as it has address taken, results will be incomplete 

Function _qgg_readW
  [UP] ignoring variable <unnamed var:   %21 = alloca %struct.SEXPREC*, align 8> as it has address taken, results will be incomplete 

Function _qgg_riwishart
  [UP] ignoring variable <unnamed var:   %15 = alloca %struct.SEXPREC*, align 8> as it has address taken, results will be incomplete 

Function _qgg_rwishart
  [UP] ignoring variable <unnamed var:   %15 = alloca %struct.SEXPREC*, align 8> as it has address taken, results will be incomplete 

Function _qgg_sbayes
  [UP] ignoring variable <unnamed var:   %66 = alloca %struct.SEXPREC*, align 8> as it has address taken, results will be incomplete 

Function _qgg_sbayes_reg
  [UP] ignoring variable <unnamed var:   %90 = alloca %struct.SEXPREC*, align 8> as it has address taken, results will be incomplete 

Function _qgg_sbayes_spa
  [UP] ignoring variable <unnamed var:   %93 = alloca %struct.SEXPREC*, align 8> as it has address taken, results will be incomplete 

Function _qgg_solvebed
  [UP] ignoring variable <unnamed var:   %33 = alloca %struct.SEXPREC*, align 8> as it has address taken, results will be incomplete 

Function _qgg_summarybed
  [UP] ignoring variable <unnamed var:   %27 = alloca %struct.SEXPREC*, align 8> as it has address taken, results will be incomplete 
