Package ragt2ridges version 0.3.4
Package built using 77738/R 4.0.0; x86_64-pc-linux-gnu; 2020-01-29 08:05:18 UTC; unix   
Checked with rchk version 490627e4fb8e93244230dbbd61455730aa43c328
More information at https://github.com/kalibera/cran-checks/blob/master/rchk/PROTECT.md


Function Rcpp::Armor<SEXPREC*>::init(SEXPREC*)
  [PB] has possible protection stack imbalance Rcpp/include/Rcpp/protection/Armor.h:47

Function Rcpp::Armor<SEXPREC*>::~Armor()
  [PB] has negative depth Rcpp/include/Rcpp/protection/Armor.h:41
  [UP] attempt to unprotect more items (1) than protected (0), results will be incomplete Rcpp/include/Rcpp/protection/Armor.h:41
  [PB] has possible protection stack imbalance Rcpp/include/Rcpp/protection/Armor.h:42

Function Rcpp::Rcpp_protect(SEXPREC*)
  [PB] has possible protection stack imbalance Rcpp/include/Rcpp/protection/Shield.h:25

Function Rcpp::Rcpp_unprotect(int)
  [PB] has an unsupported form of unprotect with a variable results will be incomplete Rcpp/include/Rcpp/protection/Shield.h:31
  [UP] unsupported form of unprotect, unprotecting all variables, results will be incomplete Rcpp/include/Rcpp/protection/Shield.h:31

Function Rcpp::internal::convert_using_rfunction(SEXPREC*, char const*)
  [UP] ignoring variable <unnamed var:   %10 = alloca %struct.SEXPREC*, align 8> as it has address taken, results will be incomplete 

Function ragt2ridges_armaEigenDecomp_blockDiagOnly_forR
  [UP] unprotected variable rcpp_result_gen while calling allocating function Rf_onintr ragt2ridges/src/RcppExports.cpp:159
  [PB] has negative depth ragt2ridges/src/RcppExports.cpp:167
  [UP] attempt to unprotect more items (1) than protected (0), results will be incomplete ragt2ridges/src/RcppExports.cpp:167
  [PB] has possible protection stack imbalance ragt2ridges/src/RcppExports.cpp:168

Function ragt2ridges_armaEigenDecomp_blockDiagOnly_forR_try(SEXPREC*, SEXPREC*)
  [UP] ignoring variable <unnamed var:   %14 = alloca %struct.SEXPREC*, align 8> as it has address taken, results will be incomplete 

Function ragt2ridges_armaEigenDecomp_forR
  [UP] unprotected variable rcpp_result_gen while calling allocating function Rf_onintr ragt2ridges/src/RcppExports.cpp:416
  [PB] has negative depth ragt2ridges/src/RcppExports.cpp:424
  [UP] attempt to unprotect more items (1) than protected (0), results will be incomplete ragt2ridges/src/RcppExports.cpp:424
  [PB] has possible protection stack imbalance ragt2ridges/src/RcppExports.cpp:425

Function ragt2ridges_armaEigenDecomp_forR_try(SEXPREC*)
  [UP] ignoring variable <unnamed var:   %11 = alloca %struct.SEXPREC*, align 8> as it has address taken, results will be incomplete 

Function ragt2ridges_armaEigenDecomp_stackedCovariances_forR
  [UP] ignoring variable <unnamed var:   %12 = alloca %struct.SEXPREC*, align 8> as it has address taken, results will be incomplete 

Function ragt2ridges_armaP_defaultTarget_forR
  [UP] unprotected variable rcpp_result_gen while calling allocating function Rf_onintr ragt2ridges/src/RcppExports.cpp:324
  [PB] has negative depth ragt2ridges/src/RcppExports.cpp:332
  [UP] attempt to unprotect more items (1) than protected (0), results will be incomplete ragt2ridges/src/RcppExports.cpp:332
  [PB] has possible protection stack imbalance ragt2ridges/src/RcppExports.cpp:333

Function ragt2ridges_armaP_defaultTarget_forR_try(SEXPREC*, SEXPREC*, SEXPREC*, SEXPREC*)
  [UP] ignoring variable <unnamed var:   %20 = alloca %struct.SEXPREC*, align 8> as it has address taken, results will be incomplete 

Function ragt2ridges_armaPenLLreparGradArchI
  [UP] ignoring variable <unnamed var:   %33 = alloca %struct.SEXPREC*, align 8> as it has address taken, results will be incomplete 

Function ragt2ridges_armaPenLLreparGradArchII
  [UP] ignoring variable <unnamed var:   %33 = alloca %struct.SEXPREC*, align 8> as it has address taken, results will be incomplete 

Function ragt2ridges_armaPenLLreparP
  [UP] ignoring variable <unnamed var:   %33 = alloca %struct.SEXPREC*, align 8> as it has address taken, results will be incomplete 

Function ragt2ridges_armaPenLLreparPforNLM
  [UP] ignoring variable <unnamed var:   %33 = alloca %struct.SEXPREC*, align 8> as it has address taken, results will be incomplete 

Function ragt2ridges_armaPenLLreparPgrad
  [UP] ignoring variable <unnamed var:   %33 = alloca %struct.SEXPREC*, align 8> as it has address taken, results will be incomplete 

Function ragt2ridges_armaRidgeP
  [UP] ignoring variable <unnamed var:   %21 = alloca %struct.SEXPREC*, align 8> as it has address taken, results will be incomplete 

Function ragt2ridges_armaRidgePAnyTarget
  [UP] ignoring variable <unnamed var:   %21 = alloca %struct.SEXPREC*, align 8> as it has address taken, results will be incomplete 

Function ragt2ridges_armaRidgePScalarTarget
  [UP] ignoring variable <unnamed var:   %21 = alloca %struct.SEXPREC*, align 8> as it has address taken, results will be incomplete 

Function ragt2ridges_armaRidgePchordalInitWorkhorse
  [UP] ignoring variable <unnamed var:   %27 = alloca %struct.SEXPREC*, align 8> as it has address taken, results will be incomplete 

Function ragt2ridges_armaVAR1_Ahat_ridgeML_forR
  [UP] unprotected variable rcpp_result_gen while calling allocating function Rf_onintr ragt2ridges/src/RcppExports.cpp:484
  [PB] has negative depth ragt2ridges/src/RcppExports.cpp:492
  [UP] attempt to unprotect more items (1) than protected (0), results will be incomplete ragt2ridges/src/RcppExports.cpp:492
  [PB] has possible protection stack imbalance ragt2ridges/src/RcppExports.cpp:493

Function ragt2ridges_armaVAR1_Ahat_ridgeML_forR_try(SEXPREC*, SEXPREC*, SEXPREC*, SEXPREC*, SEXPREC*, SEXPREC*)
  [UP] ignoring variable <unnamed var:   %26 = alloca %struct.SEXPREC*, align 8> as it has address taken, results will be incomplete 

Function ragt2ridges_armaVAR1_Ahat_ridgeSS_forR
  [UP] unprotected variable rcpp_result_gen while calling allocating function Rf_onintr ragt2ridges/src/RcppExports.cpp:517
  [PB] has negative depth ragt2ridges/src/RcppExports.cpp:525
  [UP] attempt to unprotect more items (1) than protected (0), results will be incomplete ragt2ridges/src/RcppExports.cpp:525
  [PB] has possible protection stack imbalance ragt2ridges/src/RcppExports.cpp:526

Function ragt2ridges_armaVAR1_Ahat_ridgeSS_forR_try(SEXPREC*, SEXPREC*, SEXPREC*, SEXPREC*)
  [UP] ignoring variable <unnamed var:   %20 = alloca %struct.SEXPREC*, align 8> as it has address taken, results will be incomplete 

Function ragt2ridges_armaVAR1_Ahat_zeros_forR
  [UP] unprotected variable rcpp_result_gen while calling allocating function Rf_onintr ragt2ridges/src/RcppExports.cpp:291
  [PB] has negative depth ragt2ridges/src/RcppExports.cpp:299
  [UP] attempt to unprotect more items (1) than protected (0), results will be incomplete ragt2ridges/src/RcppExports.cpp:299
  [PB] has possible protection stack imbalance ragt2ridges/src/RcppExports.cpp:300

Function ragt2ridges_armaVAR1_Ahat_zeros_forR_try(SEXPREC*, SEXPREC*, SEXPREC*, SEXPREC*, SEXPREC*, SEXPREC*, SEXPREC*, SEXPREC*, SEXPREC*, SEXPREC*)
  [UP] ignoring variable <unnamed var:   %38 = alloca %struct.SEXPREC*, align 8> as it has address taken, results will be incomplete 

Function ragt2ridges_armaVAR1_COVYhat_forR
  [UP] unprotected variable rcpp_result_gen while calling allocating function Rf_onintr ragt2ridges/src/RcppExports.cpp:220
  [PB] has negative depth ragt2ridges/src/RcppExports.cpp:228
  [UP] attempt to unprotect more items (1) than protected (0), results will be incomplete ragt2ridges/src/RcppExports.cpp:228
  [PB] has possible protection stack imbalance ragt2ridges/src/RcppExports.cpp:229

Function ragt2ridges_armaVAR1_COVYhat_forR_try(SEXPREC*)
  [UP] ignoring variable <unnamed var:   %11 = alloca %struct.SEXPREC*, align 8> as it has address taken, results will be incomplete 

Function ragt2ridges_armaVAR1_Shat_ML_forR
  [UP] unprotected variable rcpp_result_gen while calling allocating function Rf_onintr ragt2ridges/src/RcppExports.cpp:190
  [PB] has negative depth ragt2ridges/src/RcppExports.cpp:198
  [UP] attempt to unprotect more items (1) than protected (0), results will be incomplete ragt2ridges/src/RcppExports.cpp:198
  [PB] has possible protection stack imbalance ragt2ridges/src/RcppExports.cpp:199

Function ragt2ridges_armaVAR1_Shat_ML_forR_try(SEXPREC*, SEXPREC*)
  [UP] ignoring variable <unnamed var:   %14 = alloca %struct.SEXPREC*, align 8> as it has address taken, results will be incomplete 

Function ragt2ridges_armaVAR1_VARYhat_forR
  [UP] unprotected variable rcpp_result_gen while calling allocating function Rf_onintr ragt2ridges/src/RcppExports.cpp:252
  [PB] has negative depth ragt2ridges/src/RcppExports.cpp:260
  [UP] attempt to unprotect more items (1) than protected (0), results will be incomplete ragt2ridges/src/RcppExports.cpp:260
  [PB] has possible protection stack imbalance ragt2ridges/src/RcppExports.cpp:261

Function ragt2ridges_armaVAR1_VARYhat_forR_try(SEXPREC*, SEXPREC*, SEXPREC*)
  [UP] ignoring variable <unnamed var:   %17 = alloca %struct.SEXPREC*, align 8> as it has address taken, results will be incomplete 

Function ragt2ridges_armaVAR1_convergenceEvaluation_forR
  [UP] unprotected variable rcpp_result_gen while calling allocating function Rf_onintr ragt2ridges/src/RcppExports.cpp:449
  [PB] has negative depth ragt2ridges/src/RcppExports.cpp:457
  [UP] attempt to unprotect more items (1) than protected (0), results will be incomplete ragt2ridges/src/RcppExports.cpp:457
  [PB] has possible protection stack imbalance ragt2ridges/src/RcppExports.cpp:458

Function ragt2ridges_armaVAR1_convergenceEvaluation_forR_try(SEXPREC*, SEXPREC*, SEXPREC*, SEXPREC*)
  [UP] ignoring variable <unnamed var:   %20 = alloca %struct.SEXPREC*, align 8> as it has address taken, results will be incomplete 

Function ragt2ridges_armaVAR1_loglikLOOCVinternal_forR
  [UP] unprotected variable rcpp_result_gen while calling allocating function Rf_onintr ragt2ridges/src/RcppExports.cpp:550
  [PB] has negative depth ragt2ridges/src/RcppExports.cpp:558
  [UP] attempt to unprotect more items (1) than protected (0), results will be incomplete ragt2ridges/src/RcppExports.cpp:558
  [PB] has possible protection stack imbalance ragt2ridges/src/RcppExports.cpp:559

Function ragt2ridges_armaVAR1_loglikLOOCVinternal_forR_try(SEXPREC*, SEXPREC*, SEXPREC*, SEXPREC*)
  [UP] ignoring variable <unnamed var:   %20 = alloca %struct.SEXPREC*, align 8> as it has address taken, results will be incomplete 

Function ragt2ridges_armaVAR1_loglik_forR
  [UP] unprotected variable rcpp_result_gen while calling allocating function Rf_onintr ragt2ridges/src/RcppExports.cpp:582
  [PB] has negative depth ragt2ridges/src/RcppExports.cpp:590
  [UP] attempt to unprotect more items (1) than protected (0), results will be incomplete ragt2ridges/src/RcppExports.cpp:590
  [PB] has possible protection stack imbalance ragt2ridges/src/RcppExports.cpp:591

Function ragt2ridges_armaVAR1_loglik_forR_try(SEXPREC*, SEXPREC*, SEXPREC*)
  [UP] ignoring variable <unnamed var:   %17 = alloca %struct.SEXPREC*, align 8> as it has address taken, results will be incomplete 

Function ragt2ridges_armaVAR1_ridgeML
  [UP] unprotected variable rcpp_result_gen while calling allocating function Rf_onintr ragt2ridges/src/RcppExports.cpp:84
  [PB] has negative depth ragt2ridges/src/RcppExports.cpp:92
  [UP] attempt to unprotect more items (1) than protected (0), results will be incomplete ragt2ridges/src/RcppExports.cpp:92
  [PB] has possible protection stack imbalance ragt2ridges/src/RcppExports.cpp:93

Function ragt2ridges_armaVAR1_ridgeML_try(SEXPREC*, SEXPREC*, SEXPREC*, SEXPREC*, SEXPREC*, SEXPREC*, SEXPREC*, SEXPREC*, SEXPREC*, SEXPREC*, SEXPREC*, SEXPREC*)
  [UP] ignoring variable <unnamed var:   %44 = alloca %struct.SEXPREC*, align 8> as it has address taken, results will be incomplete 

Function ragt2ridges_armaVAR1_ridgeML_zerosA
  [UP] unprotected variable rcpp_result_gen while calling allocating function Rf_onintr ragt2ridges/src/RcppExports.cpp:128
  [PB] has negative depth ragt2ridges/src/RcppExports.cpp:136
  [UP] attempt to unprotect more items (1) than protected (0), results will be incomplete ragt2ridges/src/RcppExports.cpp:136
  [PB] has possible protection stack imbalance ragt2ridges/src/RcppExports.cpp:137

Function ragt2ridges_armaVAR1_ridgeML_zerosA_try(SEXPREC*, SEXPREC*, SEXPREC*, SEXPREC*, SEXPREC*, SEXPREC*, SEXPREC*, SEXPREC*, SEXPREC*, SEXPREC*, SEXPREC*, SEXPREC*, SEXPREC*, SEXPREC*, SEXPREC*)
  [UP] ignoring variable <unnamed var:   %53 = alloca %struct.SEXPREC*, align 8> as it has address taken, results will be incomplete 

Function ragt2ridges_armaVAR1fused_Ahat_forR
  [UP] ignoring variable <unnamed var:   %51 = alloca %struct.SEXPREC*, align 8> as it has address taken, results will be incomplete 

Function ragt2ridges_armaVAR1fused_Shat_ML_forR
  [UP] ignoring variable <unnamed var:   %18 = alloca %struct.SEXPREC*, align 8> as it has address taken, results will be incomplete 

Function ragt2ridges_armaVAR1fused_convergenceEvaluation_forR
  [UP] ignoring variable <unnamed var:   %21 = alloca %struct.SEXPREC*, align 8> as it has address taken, results will be incomplete 

Function ragt2ridges_armaVAR1fused_ridgeML_forR
  [UP] ignoring variable <unnamed var:   %66 = alloca %struct.SEXPREC*, align 8> as it has address taken, results will be incomplete 

Function ragt2ridges_armaVAR2_Ahat_ridgeML_forR
  [UP] ignoring variable <unnamed var:   %33 = alloca %struct.SEXPREC*, align 8> as it has address taken, results will be incomplete 

Function ragt2ridges_armaVAR2_Ahat_ridgeSS_forR
  [UP] ignoring variable <unnamed var:   %27 = alloca %struct.SEXPREC*, align 8> as it has address taken, results will be incomplete 

Function ragt2ridges_armaVAR2_Ahat_zeros_forR
  [UP] ignoring variable <unnamed var:   %54 = alloca %struct.SEXPREC*, align 8> as it has address taken, results will be incomplete 

Function ragt2ridges_armaVAR2_Shat_ML_forR
  [UP] ignoring variable <unnamed var:   %18 = alloca %struct.SEXPREC*, align 8> as it has address taken, results will be incomplete 

Function ragt2ridges_armaVAR2_VARYhat_forR
  [UP] ignoring variable <unnamed var:   %15 = alloca %struct.SEXPREC*, align 8> as it has address taken, results will be incomplete 

Function ragt2ridges_armaVAR2_convergenceEvaluation_forR
  [UP] ignoring variable <unnamed var:   %21 = alloca %struct.SEXPREC*, align 8> as it has address taken, results will be incomplete 

Function ragt2ridges_armaVAR2_loglikLOOCVinternal_forR
  [UP] ignoring variable <unnamed var:   %27 = alloca %struct.SEXPREC*, align 8> as it has address taken, results will be incomplete 

Function ragt2ridges_armaVAR2_ridgeML
  [UP] ignoring variable <unnamed var:   %51 = alloca %struct.SEXPREC*, align 8> as it has address taken, results will be incomplete 

Function ragt2ridges_armaVAR2_ridgeML_zerosA
  [UP] ignoring variable <unnamed var:   %69 = alloca %struct.SEXPREC*, align 8> as it has address taken, results will be incomplete 

Function ragt2ridges_armaVARX1_COVZhat_forR
  [UP] ignoring variable <unnamed var:   %15 = alloca %struct.SEXPREC*, align 8> as it has address taken, results will be incomplete 

Function ragt2ridges_armaVARX1_Chat_ridgeML_forR
  [UP] ignoring variable <unnamed var:   %33 = alloca %struct.SEXPREC*, align 8> as it has address taken, results will be incomplete 

Function ragt2ridges_armaVARX1_Chat_ridgeSS_forR
  [UP] ignoring variable <unnamed var:   %27 = alloca %struct.SEXPREC*, align 8> as it has address taken, results will be incomplete 

Function ragt2ridges_armaVARX1_Chat_zeros_forR
  [UP] ignoring variable <unnamed var:   %54 = alloca %struct.SEXPREC*, align 8> as it has address taken, results will be incomplete 

Function ragt2ridges_armaVARX1_Shat_ML_forR
  [UP] ignoring variable <unnamed var:   %18 = alloca %struct.SEXPREC*, align 8> as it has address taken, results will be incomplete 

Function ragt2ridges_armaVARX1_convergenceEvaluation_forR
  [UP] ignoring variable <unnamed var:   %21 = alloca %struct.SEXPREC*, align 8> as it has address taken, results will be incomplete 

Function ragt2ridges_armaVARX1_loglikLOOCVinternal_forR
  [UP] ignoring variable <unnamed var:   %27 = alloca %struct.SEXPREC*, align 8> as it has address taken, results will be incomplete 

Function ragt2ridges_armaVARX1_ridgeML
  [UP] ignoring variable <unnamed var:   %51 = alloca %struct.SEXPREC*, align 8> as it has address taken, results will be incomplete 

Function ragt2ridges_armaVARX1_ridgeML_zerosC
  [UP] ignoring variable <unnamed var:   %69 = alloca %struct.SEXPREC*, align 8> as it has address taken, results will be incomplete 

Function ragt2ridges_armaVARY_COVYhat_forR
  [UP] ignoring variable <unnamed var:   %12 = alloca %struct.SEXPREC*, align 8> as it has address taken, results will be incomplete 

Function ragt2ridges_armaVAR_array2cube_withMissing_forR
  [UP] unprotected variable rcpp_result_gen while calling allocating function Rf_onintr ragt2ridges/src/RcppExports.cpp:356
  [PB] has negative depth ragt2ridges/src/RcppExports.cpp:364
  [UP] attempt to unprotect more items (1) than protected (0), results will be incomplete ragt2ridges/src/RcppExports.cpp:364
  [PB] has possible protection stack imbalance ragt2ridges/src/RcppExports.cpp:365

Function ragt2ridges_armaVAR_array2cube_withMissing_forR_try(SEXPREC*, SEXPREC*, SEXPREC*)
  [UP] ignoring variable <unnamed var:   %17 = alloca %struct.SEXPREC*, align 8> as it has address taken, results will be incomplete 

Function ragt2ridges_armaVAR_array2cube_withoutMissing_forR
  [UP] unprotected variable rcpp_result_gen while calling allocating function Rf_onintr ragt2ridges/src/RcppExports.cpp:386
  [PB] has negative depth ragt2ridges/src/RcppExports.cpp:394
  [UP] attempt to unprotect more items (1) than protected (0), results will be incomplete ragt2ridges/src/RcppExports.cpp:394
  [PB] has possible protection stack imbalance ragt2ridges/src/RcppExports.cpp:395

Function ragt2ridges_armaVAR_array2cube_withoutMissing_forR_try(SEXPREC*)
  [UP] ignoring variable <unnamed var:   %11 = alloca %struct.SEXPREC*, align 8> as it has address taken, results will be incomplete 
