Package RArcInfo version 0.4-12
Package built using 76734/R 3.7.0; x86_64-pc-linux-gnu; 2019-06-24 12:38:42 UTC; unix   
Checked with rchk version 6400f4a0aa14a4379fcc72d8dbf07a49b4725e07
More information at https://github.com/kalibera/cran-checks/blob/master/rchk/PROTECT.md


Function get_arc_data
  [PB] has too high protection stack depth results will be incomplete
  [UP] protect stack is too deep, unprotecting all variables, results will be incomplete
  [PB] has negative depth RArcInfo/src/RArcInfo.c:232
  [UP] attempt to unprotect more items (9) than protected (2), results will be incomplete RArcInfo/src/RArcInfo.c:232
  [UP] attempt to unprotect more items (9) than protected (3), results will be incomplete RArcInfo/src/RArcInfo.c:232
  [UP] attempt to unprotect more items (9) than protected (4), results will be incomplete RArcInfo/src/RArcInfo.c:232
  [UP] attempt to unprotect more items (9) than protected (5), results will be incomplete RArcInfo/src/RArcInfo.c:232
  [UP] attempt to unprotect more items (9) than protected (6), results will be incomplete RArcInfo/src/RArcInfo.c:232
  [UP] attempt to unprotect more items (9) than protected (7), results will be incomplete RArcInfo/src/RArcInfo.c:232
  [UP] attempt to unprotect more items (9) than protected (8), results will be incomplete RArcInfo/src/RArcInfo.c:232
  [PB] has possible protection stack imbalance RArcInfo/src/RArcInfo.c:235

Function get_lab_data
  [PB] has too high protection stack depth results will be incomplete
  [UP] protect stack is too deep, unprotecting all variables, results will be incomplete
  [PB] has negative depth RArcInfo/src/RArcInfo.c:455
  [UP] attempt to unprotect more items (9) than protected (3), results will be incomplete RArcInfo/src/RArcInfo.c:455
  [UP] attempt to unprotect more items (9) than protected (4), results will be incomplete RArcInfo/src/RArcInfo.c:455
  [UP] attempt to unprotect more items (9) than protected (5), results will be incomplete RArcInfo/src/RArcInfo.c:455
  [UP] attempt to unprotect more items (9) than protected (6), results will be incomplete RArcInfo/src/RArcInfo.c:455
  [UP] attempt to unprotect more items (9) than protected (7), results will be incomplete RArcInfo/src/RArcInfo.c:455
  [UP] attempt to unprotect more items (9) than protected (8), results will be incomplete RArcInfo/src/RArcInfo.c:455
  [PB] has possible protection stack imbalance RArcInfo/src/RArcInfo.c:460

Function get_table_data
  [PB] has too high protection stack depth results will be incomplete
  [UP] protect stack is too deep, unprotecting all variables, results will be incomplete
  [PB] has an unsupported form of unprotect (not constant, not variable), results will be incomplete RArcInfo/src/RArcInfo.c:801
  [UP] unsupported form of unprotect, unprotecting all variables, results will be incomplete RArcInfo/src/RArcInfo.c:801
