Package ravetools version 0.1.5
Package built using 86625/R 4.5.0; x86_64-pc-linux-gnu; 2024-05-27 09:19:24 UTC; unix   
Checked with rchk version fdc068715daa3a256062cc20e0d4a5157dacc9a4 LLVM version 14.0.6
More information at https://github.com/kalibera/cran-checks/blob/master/rchk/PROTECT.md
For rchk in docker image see https://github.com/kalibera/rchk/blob/master/doc/DOCKER.md


Function Rcpp::Armor<SEXPREC*>::init(SEXPREC*)
  [PB] has possible protection stack imbalance Rcpp/include/Rcpp/protection/Armor.h:47

Function Rcpp::Armor<SEXPREC*>::~Armor()
  [PB] has negative depth Rcpp/include/Rcpp/protection/Armor.h:41
  [UP] attempt to unprotect more items (1) than protected (0), results will be incomplete Rcpp/include/Rcpp/protection/Armor.h:41
  [PB] has possible protection stack imbalance Rcpp/include/Rcpp/protection/Armor.h:42

Function Rcpp::Rcpp_protect(SEXPREC*)
  [PB] has possible protection stack imbalance Rcpp/include/Rcpp/protection/Shield.h:25

Function Rcpp::Rcpp_unprotect(int)
  [PB] has an unsupported form of unprotect with a variable results will be incomplete Rcpp/include/Rcpp/protection/Shield.h:31
  [UP] unsupported form of unprotect, unprotecting all variables, results will be incomplete Rcpp/include/Rcpp/protection/Shield.h:31

Function Rcpp::Vector<19, Rcpp::PreserveStorage>::push_back_name__impl(SEXPREC* const&, std::__1::basic_string<char, std::__1::char_traits<char>, std::__1::allocator<char> > const&, Rcpp::traits::integral_constant<bool, true>)
  [UP] unprotected variable names while calling allocating function Rf_allocVector Rcpp/include/Rcpp/vector/Vector.h:682

Function Rcpp::internal::convert_using_rfunction(SEXPREC*, char const*)
  [UP] ignoring variable <unnamed var:   %10 = alloca %struct.SEXPREC*, align 8> as it has address taken, results will be incomplete 

Function Rcpp::internal::generic_name_proxy<19, Rcpp::PreserveStorage>::set(SEXPREC*)
  [UP] ignoring variable rhs as it has address taken, results will be incomplete 

Function SEXPREC* fastcov_template<double, double>(SEXPREC* const&, SEXPREC* const&, SEXPREC* const&, SEXPREC* const&, double const&, double const&, double)
  [UP] ignoring variable col1_ as it has address taken, results will be incomplete 
  [UP] ignoring variable col2_ as it has address taken, results will be incomplete 
  [UP] ignoring variable colMeans1 as it has address taken, results will be incomplete 
  [UP] ignoring variable colMeans2 as it has address taken, results will be incomplete 

Function SEXPREC* fastcov_template<double, int>(SEXPREC* const&, SEXPREC* const&, SEXPREC* const&, SEXPREC* const&, double const&, int const&, double)
  [UP] ignoring variable col1_ as it has address taken, results will be incomplete 
  [UP] ignoring variable col2_ as it has address taken, results will be incomplete 
  [UP] ignoring variable colMeans1 as it has address taken, results will be incomplete 
  [UP] ignoring variable colMeans2 as it has address taken, results will be incomplete 

Function SEXPREC* fastcov_template<int, double>(SEXPREC* const&, SEXPREC* const&, SEXPREC* const&, SEXPREC* const&, int const&, double const&, double)
  [UP] ignoring variable col1_ as it has address taken, results will be incomplete 
  [UP] ignoring variable col2_ as it has address taken, results will be incomplete 
  [UP] ignoring variable colMeans1 as it has address taken, results will be incomplete 
  [UP] ignoring variable colMeans2 as it has address taken, results will be incomplete 

Function SEXPREC* fastcov_template<int, int>(SEXPREC* const&, SEXPREC* const&, SEXPREC* const&, SEXPREC* const&, int const&, int const&, double)
  [UP] ignoring variable col1_ as it has address taken, results will be incomplete 
  [UP] ignoring variable col2_ as it has address taken, results will be incomplete 
  [UP] ignoring variable colMeans1 as it has address taken, results will be incomplete 
  [UP] ignoring variable colMeans2 as it has address taken, results will be incomplete 

Function SEXPREC* shiftArrayTemplate<Rcomplex>(SEXPREC* const&, long const&, long const&, SEXPREC* const&, Rcomplex const&)
  [UP] ignoring variable idxBuf as it has address taken, results will be incomplete 
  [UP] ignoring variable shiftAmount_ as it has address taken, results will be incomplete 

Function SEXPREC* shiftArrayTemplate<double>(SEXPREC* const&, long const&, long const&, SEXPREC* const&, double const&)
  [UP] ignoring variable idxBuf as it has address taken, results will be incomplete 
  [UP] ignoring variable shiftAmount_ as it has address taken, results will be incomplete 

Function SEXPREC* shiftArrayTemplate<int>(SEXPREC* const&, long const&, long const&, SEXPREC* const&, int const&)
  [UP] ignoring variable idxBuf as it has address taken, results will be incomplete 
  [UP] ignoring variable shiftAmount_ as it has address taken, results will be incomplete 

Function SEXPREC* shiftArrayTemplate<unsigned char>(SEXPREC* const&, long const&, long const&, SEXPREC* const&, unsigned char const&)
  [UP] ignoring variable idxBuf as it has address taken, results will be incomplete 
  [UP] ignoring variable shiftAmount_ as it has address taken, results will be incomplete 

Function _ravetools_Matrix4__determinant
  [UP] ignoring variable <unnamed var:   %12 = alloca %struct.SEXPREC*, align 8> as it has address taken, results will be incomplete 

Function _ravetools_Matrix4__get_max_scale_on_axis
  [UP] ignoring variable <unnamed var:   %12 = alloca %struct.SEXPREC*, align 8> as it has address taken, results will be incomplete 

Function _ravetools_Matrix4__new
  [UP] ignoring variable <unnamed var:   %10 = alloca %struct.SEXPREC*, align 8> as it has address taken, results will be incomplete 
  [UP] ignoring variable <unnamed var:   %9 = alloca %struct.SEXPREC*, align 8> as it has address taken, results will be incomplete 

Function _ravetools_Matrix4__to_array
  [UP] ignoring variable <unnamed var:   %12 = alloca %struct.SEXPREC*, align 8> as it has address taken, results will be incomplete 
  [UP] ignoring variable <unnamed var:   %13 = alloca %struct.SEXPREC*, align 8> as it has address taken, results will be incomplete 

Function _ravetools_Quaternion__angle_to
  [UP] ignoring variable <unnamed var:   %15 = alloca %struct.SEXPREC*, align 8> as it has address taken, results will be incomplete 

Function _ravetools_Quaternion__dot
  [UP] ignoring variable <unnamed var:   %15 = alloca %struct.SEXPREC*, align 8> as it has address taken, results will be incomplete 

Function _ravetools_Quaternion__getW
  [UP] ignoring variable <unnamed var:   %12 = alloca %struct.SEXPREC*, align 8> as it has address taken, results will be incomplete 

Function _ravetools_Quaternion__getX
  [UP] ignoring variable <unnamed var:   %12 = alloca %struct.SEXPREC*, align 8> as it has address taken, results will be incomplete 

Function _ravetools_Quaternion__getY
  [UP] ignoring variable <unnamed var:   %12 = alloca %struct.SEXPREC*, align 8> as it has address taken, results will be incomplete 

Function _ravetools_Quaternion__getZ
  [UP] ignoring variable <unnamed var:   %12 = alloca %struct.SEXPREC*, align 8> as it has address taken, results will be incomplete 

Function _ravetools_Quaternion__length
  [UP] ignoring variable <unnamed var:   %12 = alloca %struct.SEXPREC*, align 8> as it has address taken, results will be incomplete 

Function _ravetools_Quaternion__length_squared
  [UP] ignoring variable <unnamed var:   %12 = alloca %struct.SEXPREC*, align 8> as it has address taken, results will be incomplete 

Function _ravetools_Quaternion__new
  [UP] ignoring variable <unnamed var:   %10 = alloca %struct.SEXPREC*, align 8> as it has address taken, results will be incomplete 
  [UP] ignoring variable <unnamed var:   %9 = alloca %struct.SEXPREC*, align 8> as it has address taken, results will be incomplete 

Function _ravetools_Quaternion__to_array
  [UP] ignoring variable <unnamed var:   %12 = alloca %struct.SEXPREC*, align 8> as it has address taken, results will be incomplete 
  [UP] ignoring variable <unnamed var:   %13 = alloca %struct.SEXPREC*, align 8> as it has address taken, results will be incomplete 

Function _ravetools_Vector3__add
  [UP] unprotected variable rcpp_result_gen while calling allocating function Rf_onintr ravetools/src/RcppExports.cpp:1863
  [PB] has negative depth ravetools/src/RcppExports.cpp:1875
  [UP] attempt to unprotect more items (1) than protected (0), results will be incomplete ravetools/src/RcppExports.cpp:1875
  [PB] has possible protection stack imbalance ravetools/src/RcppExports.cpp:1876

Function _ravetools_Vector3__add_scalar
  [UP] unprotected variable rcpp_result_gen while calling allocating function Rf_onintr ravetools/src/RcppExports.cpp:1897
  [PB] has negative depth ravetools/src/RcppExports.cpp:1909
  [UP] attempt to unprotect more items (1) than protected (0), results will be incomplete ravetools/src/RcppExports.cpp:1909
  [PB] has possible protection stack imbalance ravetools/src/RcppExports.cpp:1910

Function _ravetools_Vector3__add_scaled
  [UP] unprotected variable rcpp_result_gen while calling allocating function Rf_onintr ravetools/src/RcppExports.cpp:1967
  [PB] has negative depth ravetools/src/RcppExports.cpp:1979
  [UP] attempt to unprotect more items (1) than protected (0), results will be incomplete ravetools/src/RcppExports.cpp:1979
  [PB] has possible protection stack imbalance ravetools/src/RcppExports.cpp:1980

Function _ravetools_Vector3__add_vectors
  [UP] unprotected variable rcpp_result_gen while calling allocating function Rf_onintr ravetools/src/RcppExports.cpp:1932
  [PB] has negative depth ravetools/src/RcppExports.cpp:1944
  [UP] attempt to unprotect more items (1) than protected (0), results will be incomplete ravetools/src/RcppExports.cpp:1944
  [PB] has possible protection stack imbalance ravetools/src/RcppExports.cpp:1945

Function _ravetools_Vector3__angle_to
  [UP] unprotected variable rcpp_result_gen while calling allocating function Rf_onintr ravetools/src/RcppExports.cpp:3126
  [PB] has negative depth ravetools/src/RcppExports.cpp:3138
  [UP] attempt to unprotect more items (1) than protected (0), results will be incomplete ravetools/src/RcppExports.cpp:3138
  [PB] has possible protection stack imbalance ravetools/src/RcppExports.cpp:3139

Function _ravetools_Vector3__angle_to_try(SEXPREC*, SEXPREC*)
  [UP] ignoring variable <unnamed var:   %14 = alloca %struct.SEXPREC*, align 8> as it has address taken, results will be incomplete 

Function _ravetools_Vector3__apply_matrix3
  [UP] unprotected variable rcpp_result_gen while calling allocating function Rf_onintr ravetools/src/RcppExports.cpp:2207
  [PB] has negative depth ravetools/src/RcppExports.cpp:2219
  [UP] attempt to unprotect more items (1) than protected (0), results will be incomplete ravetools/src/RcppExports.cpp:2219
  [PB] has possible protection stack imbalance ravetools/src/RcppExports.cpp:2220

Function _ravetools_Vector3__apply_matrix4
  [UP] unprotected variable rcpp_result_gen while calling allocating function Rf_onintr ravetools/src/RcppExports.cpp:2241
  [PB] has negative depth ravetools/src/RcppExports.cpp:2253
  [UP] attempt to unprotect more items (1) than protected (0), results will be incomplete ravetools/src/RcppExports.cpp:2253
  [PB] has possible protection stack imbalance ravetools/src/RcppExports.cpp:2254

Function _ravetools_Vector3__apply_quaternion
  [UP] unprotected variable rcpp_result_gen while calling allocating function Rf_onintr ravetools/src/RcppExports.cpp:2275
  [PB] has negative depth ravetools/src/RcppExports.cpp:2287
  [UP] attempt to unprotect more items (1) than protected (0), results will be incomplete ravetools/src/RcppExports.cpp:2287
  [PB] has possible protection stack imbalance ravetools/src/RcppExports.cpp:2288

Function _ravetools_Vector3__ceil
  [UP] unprotected variable rcpp_result_gen while calling allocating function Rf_onintr ravetools/src/RcppExports.cpp:2546
  [PB] has negative depth ravetools/src/RcppExports.cpp:2558
  [UP] attempt to unprotect more items (1) than protected (0), results will be incomplete ravetools/src/RcppExports.cpp:2558
  [PB] has possible protection stack imbalance ravetools/src/RcppExports.cpp:2559

Function _ravetools_Vector3__clamp
  [UP] unprotected variable rcpp_result_gen while calling allocating function Rf_onintr ravetools/src/RcppExports.cpp:2480
  [PB] has negative depth ravetools/src/RcppExports.cpp:2492
  [UP] attempt to unprotect more items (1) than protected (0), results will be incomplete ravetools/src/RcppExports.cpp:2492
  [PB] has possible protection stack imbalance ravetools/src/RcppExports.cpp:2493

Function _ravetools_Vector3__copy
  [UP] unprotected variable rcpp_result_gen while calling allocating function Rf_onintr ravetools/src/RcppExports.cpp:1829
  [PB] has negative depth ravetools/src/RcppExports.cpp:1841
  [UP] attempt to unprotect more items (1) than protected (0), results will be incomplete ravetools/src/RcppExports.cpp:1841
  [PB] has possible protection stack imbalance ravetools/src/RcppExports.cpp:1842

Function _ravetools_Vector3__cross
  [UP] unprotected variable rcpp_result_gen while calling allocating function Rf_onintr ravetools/src/RcppExports.cpp:2954
  [PB] has negative depth ravetools/src/RcppExports.cpp:2966
  [UP] attempt to unprotect more items (1) than protected (0), results will be incomplete ravetools/src/RcppExports.cpp:2966
  [PB] has possible protection stack imbalance ravetools/src/RcppExports.cpp:2967

Function _ravetools_Vector3__cross_vectors
  [UP] unprotected variable rcpp_result_gen while calling allocating function Rf_onintr ravetools/src/RcppExports.cpp:2989
  [PB] has negative depth ravetools/src/RcppExports.cpp:3001
  [UP] attempt to unprotect more items (1) than protected (0), results will be incomplete ravetools/src/RcppExports.cpp:3001
  [PB] has possible protection stack imbalance ravetools/src/RcppExports.cpp:3002

Function _ravetools_Vector3__distance_to
  [UP] unprotected variable rcpp_result_gen while calling allocating function Rf_onintr ravetools/src/RcppExports.cpp:3161
  [PB] has negative depth ravetools/src/RcppExports.cpp:3173
  [UP] attempt to unprotect more items (1) than protected (0), results will be incomplete ravetools/src/RcppExports.cpp:3173
  [PB] has possible protection stack imbalance ravetools/src/RcppExports.cpp:3174

Function _ravetools_Vector3__distance_to_manhattan
  [UP] unprotected variable rcpp_result_gen while calling allocating function Rf_onintr ravetools/src/RcppExports.cpp:3231
  [PB] has negative depth ravetools/src/RcppExports.cpp:3243
  [UP] attempt to unprotect more items (1) than protected (0), results will be incomplete ravetools/src/RcppExports.cpp:3243
  [PB] has possible protection stack imbalance ravetools/src/RcppExports.cpp:3244

Function _ravetools_Vector3__distance_to_manhattan_try(SEXPREC*, SEXPREC*)
  [UP] ignoring variable <unnamed var:   %14 = alloca %struct.SEXPREC*, align 8> as it has address taken, results will be incomplete 

Function _ravetools_Vector3__distance_to_squared
  [UP] unprotected variable rcpp_result_gen while calling allocating function Rf_onintr ravetools/src/RcppExports.cpp:3196
  [PB] has negative depth ravetools/src/RcppExports.cpp:3208
  [UP] attempt to unprotect more items (1) than protected (0), results will be incomplete ravetools/src/RcppExports.cpp:3208
  [PB] has possible protection stack imbalance ravetools/src/RcppExports.cpp:3209

Function _ravetools_Vector3__distance_to_squared_try(SEXPREC*, SEXPREC*)
  [UP] ignoring variable <unnamed var:   %14 = alloca %struct.SEXPREC*, align 8> as it has address taken, results will be incomplete 

Function _ravetools_Vector3__distance_to_try(SEXPREC*, SEXPREC*)
  [UP] ignoring variable <unnamed var:   %14 = alloca %struct.SEXPREC*, align 8> as it has address taken, results will be incomplete 

Function _ravetools_Vector3__divide
  [UP] unprotected variable rcpp_result_gen while calling allocating function Rf_onintr ravetools/src/RcppExports.cpp:2343
  [PB] has negative depth ravetools/src/RcppExports.cpp:2355
  [UP] attempt to unprotect more items (1) than protected (0), results will be incomplete ravetools/src/RcppExports.cpp:2355
  [PB] has possible protection stack imbalance ravetools/src/RcppExports.cpp:2356

Function _ravetools_Vector3__divide_scalar
  [UP] unprotected variable rcpp_result_gen while calling allocating function Rf_onintr ravetools/src/RcppExports.cpp:2377
  [PB] has negative depth ravetools/src/RcppExports.cpp:2389
  [UP] attempt to unprotect more items (1) than protected (0), results will be incomplete ravetools/src/RcppExports.cpp:2389
  [PB] has possible protection stack imbalance ravetools/src/RcppExports.cpp:2390

Function _ravetools_Vector3__dot
  [UP] unprotected variable rcpp_result_gen while calling allocating function Rf_onintr ravetools/src/RcppExports.cpp:2680
  [PB] has negative depth ravetools/src/RcppExports.cpp:2692
  [UP] attempt to unprotect more items (1) than protected (0), results will be incomplete ravetools/src/RcppExports.cpp:2692
  [PB] has possible protection stack imbalance ravetools/src/RcppExports.cpp:2693

Function _ravetools_Vector3__dot_try(SEXPREC*, SEXPREC*)
  [UP] ignoring variable <unnamed var:   %14 = alloca %struct.SEXPREC*, align 8> as it has address taken, results will be incomplete 

Function _ravetools_Vector3__floor
  [UP] unprotected variable rcpp_result_gen while calling allocating function Rf_onintr ravetools/src/RcppExports.cpp:2513
  [PB] has negative depth ravetools/src/RcppExports.cpp:2525
  [UP] attempt to unprotect more items (1) than protected (0), results will be incomplete ravetools/src/RcppExports.cpp:2525
  [PB] has possible protection stack imbalance ravetools/src/RcppExports.cpp:2526

Function _ravetools_Vector3__from_array
  [UP] unprotected variable rcpp_result_gen while calling allocating function Rf_onintr ravetools/src/RcppExports.cpp:1415
  [PB] has negative depth ravetools/src/RcppExports.cpp:1427
  [UP] attempt to unprotect more items (1) than protected (0), results will be incomplete ravetools/src/RcppExports.cpp:1427
  [PB] has possible protection stack imbalance ravetools/src/RcppExports.cpp:1428

Function _ravetools_Vector3__get_item
  [UP] unprotected variable rcpp_result_gen while calling allocating function Rf_onintr ravetools/src/RcppExports.cpp:1795
  [PB] has negative depth ravetools/src/RcppExports.cpp:1807
  [UP] attempt to unprotect more items (1) than protected (0), results will be incomplete ravetools/src/RcppExports.cpp:1807
  [PB] has possible protection stack imbalance ravetools/src/RcppExports.cpp:1808

Function _ravetools_Vector3__get_item_try(SEXPREC*, SEXPREC*)
  [UP] ignoring variable <unnamed var:   %14 = alloca %struct.SEXPREC*, align 8> as it has address taken, results will be incomplete 
  [UP] ignoring variable <unnamed var:   %15 = alloca %struct.SEXPREC*, align 8> as it has address taken, results will be incomplete 

Function _ravetools_Vector3__get_size
  [UP] unprotected variable rcpp_result_gen while calling allocating function Rf_onintr ravetools/src/RcppExports.cpp:1483
  [PB] has negative depth ravetools/src/RcppExports.cpp:1495
  [UP] attempt to unprotect more items (1) than protected (0), results will be incomplete ravetools/src/RcppExports.cpp:1495
  [PB] has possible protection stack imbalance ravetools/src/RcppExports.cpp:1496

Function _ravetools_Vector3__get_size_try(SEXPREC*)
  [UP] ignoring variable <unnamed var:   %11 = alloca %struct.SEXPREC*, align 8> as it has address taken, results will be incomplete 

Function _ravetools_Vector3__get_x
  [UP] unprotected variable rcpp_result_gen while calling allocating function Rf_onintr ravetools/src/RcppExports.cpp:1690
  [PB] has negative depth ravetools/src/RcppExports.cpp:1702
  [UP] attempt to unprotect more items (1) than protected (0), results will be incomplete ravetools/src/RcppExports.cpp:1702
  [PB] has possible protection stack imbalance ravetools/src/RcppExports.cpp:1703

Function _ravetools_Vector3__get_x_try(SEXPREC*, SEXPREC*)
  [UP] ignoring variable <unnamed var:   %14 = alloca %struct.SEXPREC*, align 8> as it has address taken, results will be incomplete 

Function _ravetools_Vector3__get_y
  [UP] unprotected variable rcpp_result_gen while calling allocating function Rf_onintr ravetools/src/RcppExports.cpp:1725
  [PB] has negative depth ravetools/src/RcppExports.cpp:1737
  [UP] attempt to unprotect more items (1) than protected (0), results will be incomplete ravetools/src/RcppExports.cpp:1737
  [PB] has possible protection stack imbalance ravetools/src/RcppExports.cpp:1738

Function _ravetools_Vector3__get_y_try(SEXPREC*, SEXPREC*)
  [UP] ignoring variable <unnamed var:   %14 = alloca %struct.SEXPREC*, align 8> as it has address taken, results will be incomplete 

Function _ravetools_Vector3__get_z
  [UP] unprotected variable rcpp_result_gen while calling allocating function Rf_onintr ravetools/src/RcppExports.cpp:1760
  [PB] has negative depth ravetools/src/RcppExports.cpp:1772
  [UP] attempt to unprotect more items (1) than protected (0), results will be incomplete ravetools/src/RcppExports.cpp:1772
  [PB] has possible protection stack imbalance ravetools/src/RcppExports.cpp:1773

Function _ravetools_Vector3__get_z_try(SEXPREC*, SEXPREC*)
  [UP] ignoring variable <unnamed var:   %14 = alloca %struct.SEXPREC*, align 8> as it has address taken, results will be incomplete 

Function _ravetools_Vector3__length
  [UP] unprotected variable rcpp_result_gen while calling allocating function Rf_onintr ravetools/src/RcppExports.cpp:2748
  [PB] has negative depth ravetools/src/RcppExports.cpp:2760
  [UP] attempt to unprotect more items (1) than protected (0), results will be incomplete ravetools/src/RcppExports.cpp:2760
  [PB] has possible protection stack imbalance ravetools/src/RcppExports.cpp:2761

Function _ravetools_Vector3__length_manhattan
  [UP] unprotected variable rcpp_result_gen while calling allocating function Rf_onintr ravetools/src/RcppExports.cpp:2782
  [PB] has negative depth ravetools/src/RcppExports.cpp:2794
  [UP] attempt to unprotect more items (1) than protected (0), results will be incomplete ravetools/src/RcppExports.cpp:2794
  [PB] has possible protection stack imbalance ravetools/src/RcppExports.cpp:2795

Function _ravetools_Vector3__length_manhattan_try(SEXPREC*)
  [UP] ignoring variable <unnamed var:   %11 = alloca %struct.SEXPREC*, align 8> as it has address taken, results will be incomplete 

Function _ravetools_Vector3__length_squared
  [UP] unprotected variable rcpp_result_gen while calling allocating function Rf_onintr ravetools/src/RcppExports.cpp:2714
  [PB] has negative depth ravetools/src/RcppExports.cpp:2726
  [UP] attempt to unprotect more items (1) than protected (0), results will be incomplete ravetools/src/RcppExports.cpp:2726
  [PB] has possible protection stack imbalance ravetools/src/RcppExports.cpp:2727

Function _ravetools_Vector3__length_squared_try(SEXPREC*)
  [UP] ignoring variable <unnamed var:   %11 = alloca %struct.SEXPREC*, align 8> as it has address taken, results will be incomplete 

Function _ravetools_Vector3__length_try(SEXPREC*)
  [UP] ignoring variable <unnamed var:   %11 = alloca %struct.SEXPREC*, align 8> as it has address taken, results will be incomplete 

Function _ravetools_Vector3__lerp
  [UP] unprotected variable rcpp_result_gen while calling allocating function Rf_onintr ravetools/src/RcppExports.cpp:2884
  [PB] has negative depth ravetools/src/RcppExports.cpp:2896
  [UP] attempt to unprotect more items (1) than protected (0), results will be incomplete ravetools/src/RcppExports.cpp:2896
  [PB] has possible protection stack imbalance ravetools/src/RcppExports.cpp:2897

Function _ravetools_Vector3__lerp_vectors
  [UP] unprotected variable rcpp_result_gen while calling allocating function Rf_onintr ravetools/src/RcppExports.cpp:2920
  [PB] has negative depth ravetools/src/RcppExports.cpp:2932
  [UP] attempt to unprotect more items (1) than protected (0), results will be incomplete ravetools/src/RcppExports.cpp:2932
  [PB] has possible protection stack imbalance ravetools/src/RcppExports.cpp:2933

Function _ravetools_Vector3__max
  [UP] unprotected variable rcpp_result_gen while calling allocating function Rf_onintr ravetools/src/RcppExports.cpp:2445
  [PB] has negative depth ravetools/src/RcppExports.cpp:2457
  [UP] attempt to unprotect more items (1) than protected (0), results will be incomplete ravetools/src/RcppExports.cpp:2457
  [PB] has possible protection stack imbalance ravetools/src/RcppExports.cpp:2458

Function _ravetools_Vector3__min
  [UP] unprotected variable rcpp_result_gen while calling allocating function Rf_onintr ravetools/src/RcppExports.cpp:2411
  [PB] has negative depth ravetools/src/RcppExports.cpp:2423
  [UP] attempt to unprotect more items (1) than protected (0), results will be incomplete ravetools/src/RcppExports.cpp:2423
  [PB] has possible protection stack imbalance ravetools/src/RcppExports.cpp:2424

Function _ravetools_Vector3__multiply
  [UP] unprotected variable rcpp_result_gen while calling allocating function Rf_onintr ravetools/src/RcppExports.cpp:2104
  [PB] has negative depth ravetools/src/RcppExports.cpp:2116
  [UP] attempt to unprotect more items (1) than protected (0), results will be incomplete ravetools/src/RcppExports.cpp:2116
  [PB] has possible protection stack imbalance ravetools/src/RcppExports.cpp:2117

Function _ravetools_Vector3__multiply_scalar
  [UP] unprotected variable rcpp_result_gen while calling allocating function Rf_onintr ravetools/src/RcppExports.cpp:2138
  [PB] has negative depth ravetools/src/RcppExports.cpp:2150
  [UP] attempt to unprotect more items (1) than protected (0), results will be incomplete ravetools/src/RcppExports.cpp:2150
  [PB] has possible protection stack imbalance ravetools/src/RcppExports.cpp:2151

Function _ravetools_Vector3__multiply_vectors
  [UP] unprotected variable rcpp_result_gen while calling allocating function Rf_onintr ravetools/src/RcppExports.cpp:2173
  [PB] has negative depth ravetools/src/RcppExports.cpp:2185
  [UP] attempt to unprotect more items (1) than protected (0), results will be incomplete ravetools/src/RcppExports.cpp:2185
  [PB] has possible protection stack imbalance ravetools/src/RcppExports.cpp:2186

Function _ravetools_Vector3__negate
  [UP] unprotected variable rcpp_result_gen while calling allocating function Rf_onintr ravetools/src/RcppExports.cpp:2645
  [PB] has negative depth ravetools/src/RcppExports.cpp:2657
  [UP] attempt to unprotect more items (1) than protected (0), results will be incomplete ravetools/src/RcppExports.cpp:2657
  [PB] has possible protection stack imbalance ravetools/src/RcppExports.cpp:2658

Function _ravetools_Vector3__new
  [UP] unprotected variable rcpp_result_gen while calling allocating function Rf_onintr ravetools/src/RcppExports.cpp:1379
  [PB] has negative depth ravetools/src/RcppExports.cpp:1391
  [UP] attempt to unprotect more items (1) than protected (0), results will be incomplete ravetools/src/RcppExports.cpp:1391
  [PB] has possible protection stack imbalance ravetools/src/RcppExports.cpp:1392

Function _ravetools_Vector3__new_try()
  [UP] ignoring variable <unnamed var:   %8 = alloca %struct.SEXPREC*, align 8> as it has address taken, results will be incomplete 
  [UP] ignoring variable <unnamed var:   %9 = alloca %struct.SEXPREC*, align 8> as it has address taken, results will be incomplete 

Function _ravetools_Vector3__normalize
  [UP] unprotected variable rcpp_result_gen while calling allocating function Rf_onintr ravetools/src/RcppExports.cpp:2815
  [PB] has negative depth ravetools/src/RcppExports.cpp:2827
  [UP] attempt to unprotect more items (1) than protected (0), results will be incomplete ravetools/src/RcppExports.cpp:2827
  [PB] has possible protection stack imbalance ravetools/src/RcppExports.cpp:2828

Function _ravetools_Vector3__project_on_plane
  [UP] unprotected variable rcpp_result_gen while calling allocating function Rf_onintr ravetools/src/RcppExports.cpp:3057
  [PB] has negative depth ravetools/src/RcppExports.cpp:3069
  [UP] attempt to unprotect more items (1) than protected (0), results will be incomplete ravetools/src/RcppExports.cpp:3069
  [PB] has possible protection stack imbalance ravetools/src/RcppExports.cpp:3070

Function _ravetools_Vector3__project_on_vector
  [UP] unprotected variable rcpp_result_gen while calling allocating function Rf_onintr ravetools/src/RcppExports.cpp:3023
  [PB] has negative depth ravetools/src/RcppExports.cpp:3035
  [UP] attempt to unprotect more items (1) than protected (0), results will be incomplete ravetools/src/RcppExports.cpp:3035
  [PB] has possible protection stack imbalance ravetools/src/RcppExports.cpp:3036

Function _ravetools_Vector3__reflect
  [UP] unprotected variable rcpp_result_gen while calling allocating function Rf_onintr ravetools/src/RcppExports.cpp:3091
  [PB] has negative depth ravetools/src/RcppExports.cpp:3103
  [UP] attempt to unprotect more items (1) than protected (0), results will be incomplete ravetools/src/RcppExports.cpp:3103
  [PB] has possible protection stack imbalance ravetools/src/RcppExports.cpp:3104

Function _ravetools_Vector3__resize
  [UP] unprotected variable rcpp_result_gen while calling allocating function Rf_onintr ravetools/src/RcppExports.cpp:1449
  [PB] has negative depth ravetools/src/RcppExports.cpp:1461
  [UP] attempt to unprotect more items (1) than protected (0), results will be incomplete ravetools/src/RcppExports.cpp:1461
  [PB] has possible protection stack imbalance ravetools/src/RcppExports.cpp:1462

Function _ravetools_Vector3__round
  [UP] unprotected variable rcpp_result_gen while calling allocating function Rf_onintr ravetools/src/RcppExports.cpp:2579
  [PB] has negative depth ravetools/src/RcppExports.cpp:2591
  [UP] attempt to unprotect more items (1) than protected (0), results will be incomplete ravetools/src/RcppExports.cpp:2591
  [PB] has possible protection stack imbalance ravetools/src/RcppExports.cpp:2592

Function _ravetools_Vector3__round_to_zero
  [UP] unprotected variable rcpp_result_gen while calling allocating function Rf_onintr ravetools/src/RcppExports.cpp:2612
  [PB] has negative depth ravetools/src/RcppExports.cpp:2624
  [UP] attempt to unprotect more items (1) than protected (0), results will be incomplete ravetools/src/RcppExports.cpp:2624
  [PB] has possible protection stack imbalance ravetools/src/RcppExports.cpp:2625

Function _ravetools_Vector3__set_from_matrix_position
  [UP] unprotected variable rcpp_result_gen while calling allocating function Rf_onintr ravetools/src/RcppExports.cpp:3301
  [PB] has negative depth ravetools/src/RcppExports.cpp:3313
  [UP] attempt to unprotect more items (1) than protected (0), results will be incomplete ravetools/src/RcppExports.cpp:3313
  [PB] has possible protection stack imbalance ravetools/src/RcppExports.cpp:3314

Function _ravetools_Vector3__set_from_matrix_scale
  [UP] unprotected variable rcpp_result_gen while calling allocating function Rf_onintr ravetools/src/RcppExports.cpp:3335
  [PB] has negative depth ravetools/src/RcppExports.cpp:3347
  [UP] attempt to unprotect more items (1) than protected (0), results will be incomplete ravetools/src/RcppExports.cpp:3347
  [PB] has possible protection stack imbalance ravetools/src/RcppExports.cpp:3348

Function _ravetools_Vector3__set_from_spherical_coords
  [UP] unprotected variable rcpp_result_gen while calling allocating function Rf_onintr ravetools/src/RcppExports.cpp:3267
  [PB] has negative depth ravetools/src/RcppExports.cpp:3279
  [UP] attempt to unprotect more items (1) than protected (0), results will be incomplete ravetools/src/RcppExports.cpp:3279
  [PB] has possible protection stack imbalance ravetools/src/RcppExports.cpp:3280

Function _ravetools_Vector3__set_length
  [UP] unprotected variable rcpp_result_gen while calling allocating function Rf_onintr ravetools/src/RcppExports.cpp:2849
  [PB] has negative depth ravetools/src/RcppExports.cpp:2861
  [UP] attempt to unprotect more items (1) than protected (0), results will be incomplete ravetools/src/RcppExports.cpp:2861
  [PB] has possible protection stack imbalance ravetools/src/RcppExports.cpp:2862

Function _ravetools_Vector3__set_scalar
  [UP] unprotected variable rcpp_result_gen while calling allocating function Rf_onintr ravetools/src/RcppExports.cpp:1553
  [PB] has negative depth ravetools/src/RcppExports.cpp:1565
  [UP] attempt to unprotect more items (1) than protected (0), results will be incomplete ravetools/src/RcppExports.cpp:1565
  [PB] has possible protection stack imbalance ravetools/src/RcppExports.cpp:1566

Function _ravetools_Vector3__set_x
  [UP] unprotected variable rcpp_result_gen while calling allocating function Rf_onintr ravetools/src/RcppExports.cpp:1587
  [PB] has negative depth ravetools/src/RcppExports.cpp:1599
  [UP] attempt to unprotect more items (1) than protected (0), results will be incomplete ravetools/src/RcppExports.cpp:1599
  [PB] has possible protection stack imbalance ravetools/src/RcppExports.cpp:1600

Function _ravetools_Vector3__set_y
  [UP] unprotected variable rcpp_result_gen while calling allocating function Rf_onintr ravetools/src/RcppExports.cpp:1621
  [PB] has negative depth ravetools/src/RcppExports.cpp:1633
  [UP] attempt to unprotect more items (1) than protected (0), results will be incomplete ravetools/src/RcppExports.cpp:1633
  [PB] has possible protection stack imbalance ravetools/src/RcppExports.cpp:1634

Function _ravetools_Vector3__set_z
  [UP] unprotected variable rcpp_result_gen while calling allocating function Rf_onintr ravetools/src/RcppExports.cpp:1655
  [PB] has negative depth ravetools/src/RcppExports.cpp:1667
  [UP] attempt to unprotect more items (1) than protected (0), results will be incomplete ravetools/src/RcppExports.cpp:1667
  [PB] has possible protection stack imbalance ravetools/src/RcppExports.cpp:1668

Function _ravetools_Vector3__sub
  [UP] unprotected variable rcpp_result_gen while calling allocating function Rf_onintr ravetools/src/RcppExports.cpp:2001
  [PB] has negative depth ravetools/src/RcppExports.cpp:2013
  [UP] attempt to unprotect more items (1) than protected (0), results will be incomplete ravetools/src/RcppExports.cpp:2013
  [PB] has possible protection stack imbalance ravetools/src/RcppExports.cpp:2014

Function _ravetools_Vector3__sub_scalar
  [UP] unprotected variable rcpp_result_gen while calling allocating function Rf_onintr ravetools/src/RcppExports.cpp:2035
  [PB] has negative depth ravetools/src/RcppExports.cpp:2047
  [UP] attempt to unprotect more items (1) than protected (0), results will be incomplete ravetools/src/RcppExports.cpp:2047
  [PB] has possible protection stack imbalance ravetools/src/RcppExports.cpp:2048

Function _ravetools_Vector3__sub_vectors
  [UP] unprotected variable rcpp_result_gen while calling allocating function Rf_onintr ravetools/src/RcppExports.cpp:2070
  [PB] has negative depth ravetools/src/RcppExports.cpp:2082
  [UP] attempt to unprotect more items (1) than protected (0), results will be incomplete ravetools/src/RcppExports.cpp:2082
  [PB] has possible protection stack imbalance ravetools/src/RcppExports.cpp:2083

Function _ravetools_Vector3__to_array
  [UP] unprotected variable rcpp_result_gen while calling allocating function Rf_onintr ravetools/src/RcppExports.cpp:1519
  [PB] has negative depth ravetools/src/RcppExports.cpp:1531
  [UP] attempt to unprotect more items (1) than protected (0), results will be incomplete ravetools/src/RcppExports.cpp:1531
  [PB] has possible protection stack imbalance ravetools/src/RcppExports.cpp:1532

Function _ravetools_Vector3__to_array_try(SEXPREC*, SEXPREC*, SEXPREC*)
  [UP] ignoring variable <unnamed var:   %17 = alloca %struct.SEXPREC*, align 8> as it has address taken, results will be incomplete 
  [UP] ignoring variable <unnamed var:   %18 = alloca %struct.SEXPREC*, align 8> as it has address taken, results will be incomplete 

Function _ravetools_Vector3__transform_direction
  [UP] unprotected variable rcpp_result_gen while calling allocating function Rf_onintr ravetools/src/RcppExports.cpp:2309
  [PB] has negative depth ravetools/src/RcppExports.cpp:2321
  [UP] attempt to unprotect more items (1) than protected (0), results will be incomplete ravetools/src/RcppExports.cpp:2321
  [PB] has possible protection stack imbalance ravetools/src/RcppExports.cpp:2322

Function _ravetools_baselineArray
  [UP] ignoring variable <unnamed var:   %33 = alloca %struct.SEXPREC*, align 8> as it has address taken, results will be incomplete 

Function _ravetools_bucketFillVolume
  [UP] ignoring variable <unnamed var:   %24 = alloca %struct.SEXPREC*, align 8> as it has address taken, results will be incomplete 
  [UP] ignoring variable <unnamed var:   %25 = alloca %struct.SEXPREC*, align 8> as it has address taken, results will be incomplete 

Function _ravetools_collapser_cplx
  [UP] unprotected variable rcpp_result_gen while calling allocating function Rf_onintr ravetools/src/RcppExports.cpp:72
  [PB] has negative depth ravetools/src/RcppExports.cpp:84
  [UP] attempt to unprotect more items (1) than protected (0), results will be incomplete ravetools/src/RcppExports.cpp:84
  [PB] has possible protection stack imbalance ravetools/src/RcppExports.cpp:85

Function _ravetools_collapser_cplx_try(SEXPREC*, SEXPREC*, SEXPREC*, SEXPREC*)
  [UP] ignoring variable <unnamed var:   %20 = alloca %struct.SEXPREC*, align 8> as it has address taken, results will be incomplete 
  [UP] ignoring variable <unnamed var:   %21 = alloca %struct.SEXPREC*, align 8> as it has address taken, results will be incomplete 

Function _ravetools_collapser_real
  [UP] unprotected variable rcpp_result_gen while calling allocating function Rf_onintr ravetools/src/RcppExports.cpp:109
  [PB] has negative depth ravetools/src/RcppExports.cpp:121
  [UP] attempt to unprotect more items (1) than protected (0), results will be incomplete ravetools/src/RcppExports.cpp:121
  [PB] has possible protection stack imbalance ravetools/src/RcppExports.cpp:122

Function _ravetools_collapser_real_try(SEXPREC*, SEXPREC*, SEXPREC*, SEXPREC*)
  [UP] ignoring variable <unnamed var:   %20 = alloca %struct.SEXPREC*, align 8> as it has address taken, results will be incomplete 
  [UP] ignoring variable <unnamed var:   %21 = alloca %struct.SEXPREC*, align 8> as it has address taken, results will be incomplete 

Function _ravetools_columnMedian
  [UP] unprotected variable rcpp_result_gen while calling allocating function Rf_onintr ravetools/src/RcppExports.cpp:180
  [PB] has negative depth ravetools/src/RcppExports.cpp:192
  [UP] attempt to unprotect more items (1) than protected (0), results will be incomplete ravetools/src/RcppExports.cpp:192
  [PB] has possible protection stack imbalance ravetools/src/RcppExports.cpp:193

Function _ravetools_columnMedian_try(SEXPREC*, SEXPREC*)
  [UP] ignoring variable <unnamed var:   %14 = alloca %struct.SEXPREC*, align 8> as it has address taken, results will be incomplete 
  [UP] ignoring variable <unnamed var:   %15 = alloca %struct.SEXPREC*, align 8> as it has address taken, results will be incomplete 

Function _ravetools_columnQuantile
  [UP] unprotected variable rcpp_result_gen while calling allocating function Rf_onintr ravetools/src/RcppExports.cpp:145
  [PB] has negative depth ravetools/src/RcppExports.cpp:157
  [UP] attempt to unprotect more items (1) than protected (0), results will be incomplete ravetools/src/RcppExports.cpp:157
  [PB] has possible protection stack imbalance ravetools/src/RcppExports.cpp:158

Function _ravetools_columnQuantile_try(SEXPREC*, SEXPREC*, SEXPREC*)
  [UP] ignoring variable <unnamed var:   %17 = alloca %struct.SEXPREC*, align 8> as it has address taken, results will be incomplete 
  [UP] ignoring variable <unnamed var:   %18 = alloca %struct.SEXPREC*, align 8> as it has address taken, results will be incomplete 

Function _ravetools_conjugate
  [UP] unprotected variable rcpp_result_gen while calling allocating function Rf_onintr ravetools/src/RcppExports.cpp:673
  [PB] has negative depth ravetools/src/RcppExports.cpp:685
  [UP] attempt to unprotect more items (1) than protected (0), results will be incomplete ravetools/src/RcppExports.cpp:685
  [PB] has possible protection stack imbalance ravetools/src/RcppExports.cpp:686

Function _ravetools_conjugate_try(SEXPREC*)
  [UP] ignoring variable <unnamed var:   %11 = alloca %struct.SEXPREC*, align 8> as it has address taken, results will be incomplete 
  [UP] ignoring variable <unnamed var:   %12 = alloca %struct.SEXPREC*, align 8> as it has address taken, results will be incomplete 

Function _ravetools_cpp_filter
  [UP] unprotected variable rcpp_result_gen while calling allocating function Rf_onintr ravetools/src/RcppExports.cpp:710
  [PB] has negative depth ravetools/src/RcppExports.cpp:722
  [UP] attempt to unprotect more items (1) than protected (0), results will be incomplete ravetools/src/RcppExports.cpp:722
  [PB] has possible protection stack imbalance ravetools/src/RcppExports.cpp:723

Function _ravetools_cpp_filter_try(SEXPREC*, SEXPREC*, SEXPREC*, SEXPREC*)
  [UP] ignoring variable <unnamed var:   %20 = alloca %struct.SEXPREC*, align 8> as it has address taken, results will be incomplete 
  [UP] ignoring variable <unnamed var:   %21 = alloca %struct.SEXPREC*, align 8> as it has address taken, results will be incomplete 

Function _ravetools_dijkstras_path
  [UP] ignoring variable <unnamed var:   %36 = alloca %struct.SEXPREC*, align 8> as it has address taken, results will be incomplete 
  [UP] ignoring variable <unnamed var:   %37 = alloca %struct.SEXPREC*, align 8> as it has address taken, results will be incomplete 

Function _ravetools_fastColMeans
  [UP] unprotected variable rcpp_result_gen while calling allocating function Rf_onintr ravetools/src/RcppExports.cpp:235
  [PB] has negative depth ravetools/src/RcppExports.cpp:247
  [UP] attempt to unprotect more items (1) than protected (0), results will be incomplete ravetools/src/RcppExports.cpp:247
  [PB] has possible protection stack imbalance ravetools/src/RcppExports.cpp:248

Function _ravetools_fastColMeans_try(SEXPREC*, SEXPREC*, SEXPREC*)
  [UP] ignoring variable <unnamed var:   %17 = alloca %struct.SEXPREC*, align 8> as it has address taken, results will be incomplete 
  [UP] ignoring variable <unnamed var:   %18 = alloca %struct.SEXPREC*, align 8> as it has address taken, results will be incomplete 

Function _ravetools_fastcov
  [UP] unprotected variable rcpp_result_gen while calling allocating function Rf_onintr ravetools/src/RcppExports.cpp:344
  [PB] has negative depth ravetools/src/RcppExports.cpp:356
  [UP] attempt to unprotect more items (1) than protected (0), results will be incomplete ravetools/src/RcppExports.cpp:356
  [PB] has possible protection stack imbalance ravetools/src/RcppExports.cpp:357

Function _ravetools_fastcov_try(SEXPREC*, SEXPREC*, SEXPREC*, SEXPREC*, SEXPREC*)
  [UP] ignoring variable <unnamed var:   %23 = alloca %struct.SEXPREC*, align 8> as it has address taken, results will be incomplete 
  [UP] ignoring variable <unnamed var:   %24 = alloca %struct.SEXPREC*, align 8> as it has address taken, results will be incomplete 

Function _ravetools_fftw_c2c
  [UP] unprotected variable rcpp_result_gen while calling allocating function Rf_onintr ravetools/src/RcppExports.cpp:418
  [PB] has negative depth ravetools/src/RcppExports.cpp:430
  [UP] attempt to unprotect more items (1) than protected (0), results will be incomplete ravetools/src/RcppExports.cpp:430
  [PB] has possible protection stack imbalance ravetools/src/RcppExports.cpp:431

Function _ravetools_fftw_c2c_2d
  [UP] unprotected variable rcpp_result_gen while calling allocating function Rf_onintr ravetools/src/RcppExports.cpp:565
  [PB] has negative depth ravetools/src/RcppExports.cpp:577
  [UP] attempt to unprotect more items (1) than protected (0), results will be incomplete ravetools/src/RcppExports.cpp:577
  [PB] has possible protection stack imbalance ravetools/src/RcppExports.cpp:578

Function _ravetools_fftw_c2c_2d_try(SEXPREC*, SEXPREC*, SEXPREC*, SEXPREC*)
  [UP] ignoring variable <unnamed var:   %20 = alloca %struct.SEXPREC*, align 8> as it has address taken, results will be incomplete 
  [UP] ignoring variable <unnamed var:   %21 = alloca %struct.SEXPREC*, align 8> as it has address taken, results will be incomplete 

Function _ravetools_fftw_c2c_3d
  [UP] unprotected variable rcpp_result_gen while calling allocating function Rf_onintr ravetools/src/RcppExports.cpp:639
  [PB] has negative depth ravetools/src/RcppExports.cpp:651
  [UP] attempt to unprotect more items (1) than protected (0), results will be incomplete ravetools/src/RcppExports.cpp:651
  [PB] has possible protection stack imbalance ravetools/src/RcppExports.cpp:652

Function _ravetools_fftw_c2c_3d_try(SEXPREC*, SEXPREC*, SEXPREC*, SEXPREC*)
  [UP] ignoring variable <unnamed var:   %20 = alloca %struct.SEXPREC*, align 8> as it has address taken, results will be incomplete 
  [UP] ignoring variable <unnamed var:   %21 = alloca %struct.SEXPREC*, align 8> as it has address taken, results will be incomplete 

Function _ravetools_fftw_c2c_try(SEXPREC*, SEXPREC*, SEXPREC*, SEXPREC*)
  [UP] ignoring variable <unnamed var:   %20 = alloca %struct.SEXPREC*, align 8> as it has address taken, results will be incomplete 
  [UP] ignoring variable <unnamed var:   %21 = alloca %struct.SEXPREC*, align 8> as it has address taken, results will be incomplete 

Function _ravetools_fftw_c2r
  [UP] unprotected variable rcpp_result_gen while calling allocating function Rf_onintr ravetools/src/RcppExports.cpp:455
  [PB] has negative depth ravetools/src/RcppExports.cpp:467
  [UP] attempt to unprotect more items (1) than protected (0), results will be incomplete ravetools/src/RcppExports.cpp:467
  [PB] has possible protection stack imbalance ravetools/src/RcppExports.cpp:468

Function _ravetools_fftw_c2r_try(SEXPREC*, SEXPREC*, SEXPREC*, SEXPREC*)
  [UP] ignoring variable <unnamed var:   %20 = alloca %struct.SEXPREC*, align 8> as it has address taken, results will be incomplete 
  [UP] ignoring variable <unnamed var:   %21 = alloca %struct.SEXPREC*, align 8> as it has address taken, results will be incomplete 

Function _ravetools_fftw_r2c
  [UP] unprotected variable rcpp_result_gen while calling allocating function Rf_onintr ravetools/src/RcppExports.cpp:381
  [PB] has negative depth ravetools/src/RcppExports.cpp:393
  [UP] attempt to unprotect more items (1) than protected (0), results will be incomplete ravetools/src/RcppExports.cpp:393
  [PB] has possible protection stack imbalance ravetools/src/RcppExports.cpp:394

Function _ravetools_fftw_r2c_2d
  [UP] unprotected variable rcpp_result_gen while calling allocating function Rf_onintr ravetools/src/RcppExports.cpp:528
  [PB] has negative depth ravetools/src/RcppExports.cpp:540
  [UP] attempt to unprotect more items (1) than protected (0), results will be incomplete ravetools/src/RcppExports.cpp:540
  [PB] has possible protection stack imbalance ravetools/src/RcppExports.cpp:541

Function _ravetools_fftw_r2c_2d_try(SEXPREC*, SEXPREC*, SEXPREC*, SEXPREC*)
  [UP] ignoring variable <unnamed var:   %20 = alloca %struct.SEXPREC*, align 8> as it has address taken, results will be incomplete 
  [UP] ignoring variable <unnamed var:   %21 = alloca %struct.SEXPREC*, align 8> as it has address taken, results will be incomplete 

Function _ravetools_fftw_r2c_3d
  [UP] unprotected variable rcpp_result_gen while calling allocating function Rf_onintr ravetools/src/RcppExports.cpp:602
  [PB] has negative depth ravetools/src/RcppExports.cpp:614
  [UP] attempt to unprotect more items (1) than protected (0), results will be incomplete ravetools/src/RcppExports.cpp:614
  [PB] has possible protection stack imbalance ravetools/src/RcppExports.cpp:615

Function _ravetools_fftw_r2c_3d_try(SEXPREC*, SEXPREC*, SEXPREC*, SEXPREC*)
  [UP] ignoring variable <unnamed var:   %20 = alloca %struct.SEXPREC*, align 8> as it has address taken, results will be incomplete 
  [UP] ignoring variable <unnamed var:   %21 = alloca %struct.SEXPREC*, align 8> as it has address taken, results will be incomplete 

Function _ravetools_fftw_r2c_try(SEXPREC*, SEXPREC*, SEXPREC*, SEXPREC*)
  [UP] ignoring variable <unnamed var:   %20 = alloca %struct.SEXPREC*, align 8> as it has address taken, results will be incomplete 
  [UP] ignoring variable <unnamed var:   %21 = alloca %struct.SEXPREC*, align 8> as it has address taken, results will be incomplete 

Function _ravetools_getDefaultNumThreads
  [UP] ignoring variable <unnamed var:   %10 = alloca %struct.SEXPREC*, align 8> as it has address taken, results will be incomplete 
  [UP] ignoring variable <unnamed var:   %9 = alloca %struct.SEXPREC*, align 8> as it has address taken, results will be incomplete 

Function _ravetools_mvfftw_r2c
  [UP] unprotected variable rcpp_result_gen while calling allocating function Rf_onintr ravetools/src/RcppExports.cpp:491
  [PB] has negative depth ravetools/src/RcppExports.cpp:503
  [UP] attempt to unprotect more items (1) than protected (0), results will be incomplete ravetools/src/RcppExports.cpp:503
  [PB] has possible protection stack imbalance ravetools/src/RcppExports.cpp:504

Function _ravetools_mvfftw_r2c_try(SEXPREC*, SEXPREC*, SEXPREC*)
  [UP] ignoring variable <unnamed var:   %17 = alloca %struct.SEXPREC*, align 8> as it has address taken, results will be incomplete 
  [UP] ignoring variable <unnamed var:   %18 = alloca %struct.SEXPREC*, align 8> as it has address taken, results will be incomplete 

Function _ravetools_quickMedian
  [UP] unprotected variable rcpp_result_gen while calling allocating function Rf_onintr ravetools/src/RcppExports.cpp:306
  [PB] has negative depth ravetools/src/RcppExports.cpp:318
  [UP] attempt to unprotect more items (1) than protected (0), results will be incomplete ravetools/src/RcppExports.cpp:318
  [PB] has possible protection stack imbalance ravetools/src/RcppExports.cpp:319

Function _ravetools_quickMedian_try(SEXPREC*, SEXPREC*)
  [UP] ignoring variable <unnamed var:   %14 = alloca %struct.SEXPREC*, align 8> as it has address taken, results will be incomplete 
  [UP] ignoring variable <unnamed var:   %15 = alloca %struct.SEXPREC*, align 8> as it has address taken, results will be incomplete 

Function _ravetools_quickQuantile
  [UP] unprotected variable rcpp_result_gen while calling allocating function Rf_onintr ravetools/src/RcppExports.cpp:271
  [PB] has negative depth ravetools/src/RcppExports.cpp:283
  [UP] attempt to unprotect more items (1) than protected (0), results will be incomplete ravetools/src/RcppExports.cpp:283
  [PB] has possible protection stack imbalance ravetools/src/RcppExports.cpp:284

Function _ravetools_quickQuantile_try(SEXPREC*, SEXPREC*, SEXPREC*)
  [UP] ignoring variable <unnamed var:   %17 = alloca %struct.SEXPREC*, align 8> as it has address taken, results will be incomplete 
  [UP] ignoring variable <unnamed var:   %18 = alloca %struct.SEXPREC*, align 8> as it has address taken, results will be incomplete 

Function _ravetools_rawToFloat
  [UP] ignoring variable <unnamed var:   %12 = alloca %struct.SEXPREC*, align 8> as it has address taken, results will be incomplete 
  [UP] ignoring variable <unnamed var:   %13 = alloca %struct.SEXPREC*, align 8> as it has address taken, results will be incomplete 

Function _ravetools_rawToInt16
  [UP] ignoring variable <unnamed var:   %12 = alloca %struct.SEXPREC*, align 8> as it has address taken, results will be incomplete 
  [UP] ignoring variable <unnamed var:   %13 = alloca %struct.SEXPREC*, align 8> as it has address taken, results will be incomplete 

Function _ravetools_rawToInt32
  [UP] ignoring variable <unnamed var:   %12 = alloca %struct.SEXPREC*, align 8> as it has address taken, results will be incomplete 
  [UP] ignoring variable <unnamed var:   %13 = alloca %struct.SEXPREC*, align 8> as it has address taken, results will be incomplete 

Function _ravetools_rawToInt64
  [UP] ignoring variable <unnamed var:   %12 = alloca %struct.SEXPREC*, align 8> as it has address taken, results will be incomplete 
  [UP] ignoring variable <unnamed var:   %13 = alloca %struct.SEXPREC*, align 8> as it has address taken, results will be incomplete 

Function _ravetools_rawToInt8
  [UP] ignoring variable <unnamed var:   %12 = alloca %struct.SEXPREC*, align 8> as it has address taken, results will be incomplete 
  [UP] ignoring variable <unnamed var:   %13 = alloca %struct.SEXPREC*, align 8> as it has address taken, results will be incomplete 

Function _ravetools_rawToString
  [UP] ignoring variable <unnamed var:   %12 = alloca %struct.SEXPREC*, align 8> as it has address taken, results will be incomplete 
  [UP] ignoring variable <unnamed var:   %13 = alloca %struct.SEXPREC*, align 8> as it has address taken, results will be incomplete 

Function _ravetools_rawToUInt16
  [UP] ignoring variable <unnamed var:   %12 = alloca %struct.SEXPREC*, align 8> as it has address taken, results will be incomplete 
  [UP] ignoring variable <unnamed var:   %13 = alloca %struct.SEXPREC*, align 8> as it has address taken, results will be incomplete 

Function _ravetools_rawToUInt32
  [UP] ignoring variable <unnamed var:   %12 = alloca %struct.SEXPREC*, align 8> as it has address taken, results will be incomplete 
  [UP] ignoring variable <unnamed var:   %13 = alloca %struct.SEXPREC*, align 8> as it has address taken, results will be incomplete 

Function _ravetools_rawToUInt8
  [UP] ignoring variable <unnamed var:   %12 = alloca %struct.SEXPREC*, align 8> as it has address taken, results will be incomplete 
  [UP] ignoring variable <unnamed var:   %13 = alloca %struct.SEXPREC*, align 8> as it has address taken, results will be incomplete 

Function _ravetools_shiftArray
  [UP] ignoring variable <unnamed var:   %21 = alloca %struct.SEXPREC*, align 8> as it has address taken, results will be incomplete 
  [UP] ignoring variable <unnamed var:   %22 = alloca %struct.SEXPREC*, align 8> as it has address taken, results will be incomplete 

Function _ravetools_vcgIsoSurface
  [UP] ignoring variable <unnamed var:   %15 = alloca %struct.SEXPREC*, align 8> as it has address taken, results will be incomplete 
  [UP] ignoring variable <unnamed var:   %16 = alloca %struct.SEXPREC*, align 8> as it has address taken, results will be incomplete 

Function _ravetools_vcgSmooth
  [UP] ignoring variable <unnamed var:   %30 = alloca %struct.SEXPREC*, align 8> as it has address taken, results will be incomplete 
  [UP] ignoring variable <unnamed var:   %31 = alloca %struct.SEXPREC*, align 8> as it has address taken, results will be incomplete 

Function _ravetools_vcgSmoothImplicit
  [UP] ignoring variable <unnamed var:   %36 = alloca %struct.SEXPREC*, align 8> as it has address taken, results will be incomplete 
  [UP] ignoring variable <unnamed var:   %37 = alloca %struct.SEXPREC*, align 8> as it has address taken, results will be incomplete 

Function _ravetools_vcgSphere
  [UP] ignoring variable <unnamed var:   %15 = alloca %struct.SEXPREC*, align 8> as it has address taken, results will be incomplete 
  [UP] ignoring variable <unnamed var:   %16 = alloca %struct.SEXPREC*, align 8> as it has address taken, results will be incomplete 

Function _ravetools_vcgUniformResample
  [UP] ignoring variable <unnamed var:   %36 = alloca %struct.SEXPREC*, align 8> as it has address taken, results will be incomplete 
  [UP] ignoring variable <unnamed var:   %37 = alloca %struct.SEXPREC*, align 8> as it has address taken, results will be incomplete 

Function _ravetools_vcgUpdateNormals
  [UP] ignoring variable <unnamed var:   %24 = alloca %struct.SEXPREC*, align 8> as it has address taken, results will be incomplete 
  [UP] ignoring variable <unnamed var:   %25 = alloca %struct.SEXPREC*, align 8> as it has address taken, results will be incomplete 

Function _ravetools_vcgVolume
  [UP] ignoring variable <unnamed var:   %12 = alloca %struct.SEXPREC*, align 8> as it has address taken, results will be incomplete 
  [UP] ignoring variable <unnamed var:   %13 = alloca %struct.SEXPREC*, align 8> as it has address taken, results will be incomplete 

Function fastcov(SEXPREC* const&, SEXPREC* const&, SEXPREC* const&, SEXPREC* const&, double const&)
  [UP] ignoring variable x2_ as it has address taken, results will be incomplete 

Function quickQuantile(SEXPREC* const&, double const&, bool const&)
  [UP] ignoring variable x_ as it has address taken, results will be incomplete 

Function void Rcpp::Vector<19, Rcpp::PreserveStorage>::push_back<SEXPREC*>(SEXPREC* const&, std::__1::basic_string<char, std::__1::char_traits<char>, std::__1::allocator<char> > const&)
  [UP] ignoring variable <unnamed var:   %7 = alloca %struct.SEXPREC*, align 8> as it has address taken, results will be incomplete 
