Package Rbeast version 0.9.4
Package built using 82396/R 4.3.0; x86_64-pc-linux-gnu; 2022-05-24 10:39:29 UTC; unix   
Checked with rchk version 35d5d01a98903a5f3e9ec166dcdb2f790ecb784f LLVM version 12.0.1
More information at https://github.com/kalibera/cran-checks/blob/master/rchk/PROTECT.md
For rchk in docker image see https://github.com/kalibera/rchk/blob/master/doc/DOCKER.md


Function BEAST2_Output_AllocMEM
  [PB] has an unsupported form of unprotect with a variable results will be incomplete Rbeast/src/beastv2_io_out_allocmem_q.c:548
  [UP] unsupported form of unprotect, unprotecting all variables, results will be incomplete Rbeast/src/beastv2_io_out_allocmem_q.c:548

Function __BEAST2_Output_AllocMEM_Outlier
  [PB] has an unsupported form of unprotect with a variable results will be incomplete Rbeast/src/beastv2_io_out_allocmem_q.c:442
  [UP] unsupported form of unprotect, unprotecting all variables, results will be incomplete Rbeast/src/beastv2_io_out_allocmem_q.c:442

Function __BEAST2_Output_AllocMEM_Season
  [PB] has an unsupported form of unprotect with a variable results will be incomplete Rbeast/src/beastv2_io_out_allocmem_q.c:375
  [UP] unsupported form of unprotect, unprotecting all variables, results will be incomplete Rbeast/src/beastv2_io_out_allocmem_q.c:375

Function __BEAST2_Output_AllocMEM_Trend
  [PB] has an unsupported form of unprotect with a variable results will be incomplete Rbeast/src/beastv2_io_out_allocmem_q.c:306
  [UP] unsupported form of unprotect, unprotecting all variables, results will be incomplete Rbeast/src/beastv2_io_out_allocmem_q.c:306

Function __MR_ExtendFieldsToMultiVaraiteTS
  [UP] protect stack is too deep, unprotecting all variables, results will be incomplete
  [PB] has too high protection stack depth results will be incomplete
  [PB] has possible protection stack imbalance Rbeast/src/beastv2_io_out_allocmem_q.c:231
