Package RcppHNSW version 0.3.0
Package built using 80023/R 4.1.0; x86_64-pc-linux-gnu; 2021-02-19 13:56:41 UTC; unix   
Checked with rchk version 3d653b7c8f92dac912532856b55f44d2986c6553 LLVM version 10.0.1
More information at https://github.com/kalibera/cran-checks/blob/master/rchk/PROTECT.md
For rchk in docker image see https://github.com/kalibera/rchk/blob/master/doc/DOCKER.md


Function Rcpp::Rcpp_protect(SEXPREC*)
  [PB] has possible protection stack imbalance Rcpp/include/Rcpp/protection/Shield.h:25

Function Rcpp::Rcpp_unprotect(int)
  [PB] has an unsupported form of unprotect with a variable results will be incomplete Rcpp/include/Rcpp/protection/Shield.h:31
  [UP] unsupported form of unprotect, unprotecting all variables, results will be incomplete Rcpp/include/Rcpp/protection/Shield.h:31

Function Rcpp::Reference_Impl<Rcpp::PreserveStorage>::Reference_Impl(std::__1::basic_string<char, std::__1::char_traits<char>, std::__1::allocator<char> > const&)
  [UP] calling allocating function Rcpp::Rcpp_fast_eval(SEXPREC*, SEXPREC*) with argument allocated using Rcpp::internal::get_Rcpp_namespace() Rcpp/include/Rcpp/Reference.h:63

Function Rcpp::Vector<10, Rcpp::PreserveStorage>::Vector(int const&)
  [UP] calling allocating function Rcpp::PreserveStorage<Rcpp::Vector<10, Rcpp::PreserveStorage> >::set__(SEXPREC*)(?,V) with argument allocated using Rf_allocVector Rcpp/include/Rcpp/vector/Vector.h:130

Function Rcpp::Vector<13, Rcpp::PreserveStorage>::Vector(int const&)
  [UP] calling allocating function Rcpp::PreserveStorage<Rcpp::Vector<13, Rcpp::PreserveStorage> >::set__(SEXPREC*)(?,V) with argument allocated using Rf_allocVector Rcpp/include/Rcpp/vector/Vector.h:130

Function Rcpp::Vector<13, Rcpp::PreserveStorage>::Vector<std::__1::__wrap_iter<unsigned long*> >(std::__1::__wrap_iter<unsigned long*>, std::__1::__wrap_iter<unsigned long*>)
  [UP] calling allocating function Rcpp::PreserveStorage<Rcpp::Vector<13, Rcpp::PreserveStorage> >::set__(SEXPREC*)(?,V) with argument allocated using Rf_allocVector Rcpp/include/Rcpp/vector/Vector.h:213

Function Rcpp::Vector<14, Rcpp::PreserveStorage>::Vector(SEXPREC*)
  [UP] calling allocating function Rcpp::PreserveStorage<Rcpp::Vector<14, Rcpp::PreserveStorage> >::set__(SEXPREC*) with argument allocated using SEXPREC* Rcpp::r_cast<14>(SEXPREC*) Rcpp/include/Rcpp/vector/Vector.h:74

Function Rcpp::Vector<14, Rcpp::PreserveStorage>::Vector<std::__1::__wrap_iter<float*> >(std::__1::__wrap_iter<float*>, std::__1::__wrap_iter<float*>)
  [UP] calling allocating function Rcpp::PreserveStorage<Rcpp::Vector<14, Rcpp::PreserveStorage> >::set__(SEXPREC*)(?,V) with argument allocated using Rf_allocVector Rcpp/include/Rcpp/vector/Vector.h:213

Function Rcpp::Vector<16, Rcpp::PreserveStorage>::Vector(int const&)
  [UP] calling allocating function Rcpp::PreserveStorage<Rcpp::Vector<16, Rcpp::PreserveStorage> >::set__(SEXPREC*)(?,V) with argument allocated using Rf_allocVector Rcpp/include/Rcpp/vector/Vector.h:130

Function Rcpp::Vector<19, Rcpp::PreserveStorage>::Vector(int const&)
  [UP] calling allocating function Rcpp::PreserveStorage<Rcpp::Vector<19, Rcpp::PreserveStorage> >::set__(SEXPREC*)(?,V) with argument allocated using Rf_allocVector Rcpp/include/Rcpp/vector/Vector.h:130

Function Rcpp::Vector<19, Rcpp::PreserveStorage>::push_back_name__impl(SEXPREC* const&, std::__1::basic_string<char, std::__1::char_traits<char>, std::__1::allocator<char> > const&, Rcpp::traits::integral_constant<bool, true>)
  [UP] unprotected variable names while calling allocating function Rf_allocVector Rcpp/include/Rcpp/vector/Vector.h:683

Function Rcpp::XPtr<Hnsw<float, hnswlib::InnerProductSpace, false>, Rcpp::PreserveStorage, &(void Rcpp::standard_delete_finalizer<Hnsw<float, hnswlib::InnerProductSpace, false> >(Hnsw<float, hnswlib::InnerProductSpace, false>*)), false>::XPtr(Hnsw<float, hnswlib::InnerProductSpace, false>*, bool, SEXPREC*, SEXPREC*)
  [UP] calling allocating function Rcpp::PreserveStorage<Rcpp::XPtr<Hnsw<float, hnswlib::InnerProductSpace, false>, Rcpp::PreserveStorage, &(void Rcpp::standard_delete_finalizer<Hnsw<float, hnswlib::InnerProductSpace, false> >(Hnsw<float, hnswlib::InnerProductSpace, false>*)), false> >::set__(SEXPREC*) with argument allocated using R_MakeExternalPtr Rcpp/include/Rcpp/XPtr.h:102

Function Rcpp::XPtr<Hnsw<float, hnswlib::InnerProductSpace, true>, Rcpp::PreserveStorage, &(void Rcpp::standard_delete_finalizer<Hnsw<float, hnswlib::InnerProductSpace, true> >(Hnsw<float, hnswlib::InnerProductSpace, true>*)), false>::XPtr(Hnsw<float, hnswlib::InnerProductSpace, true>*, bool, SEXPREC*, SEXPREC*)
  [UP] calling allocating function Rcpp::PreserveStorage<Rcpp::XPtr<Hnsw<float, hnswlib::InnerProductSpace, true>, Rcpp::PreserveStorage, &(void Rcpp::standard_delete_finalizer<Hnsw<float, hnswlib::InnerProductSpace, true> >(Hnsw<float, hnswlib::InnerProductSpace, true>*)), false> >::set__(SEXPREC*) with argument allocated using R_MakeExternalPtr Rcpp/include/Rcpp/XPtr.h:102

Function Rcpp::XPtr<Hnsw<float, hnswlib::L2Space, false>, Rcpp::PreserveStorage, &(void Rcpp::standard_delete_finalizer<Hnsw<float, hnswlib::L2Space, false> >(Hnsw<float, hnswlib::L2Space, false>*)), false>::XPtr(Hnsw<float, hnswlib::L2Space, false>*, bool, SEXPREC*, SEXPREC*)
  [UP] calling allocating function Rcpp::PreserveStorage<Rcpp::XPtr<Hnsw<float, hnswlib::L2Space, false>, Rcpp::PreserveStorage, &(void Rcpp::standard_delete_finalizer<Hnsw<float, hnswlib::L2Space, false> >(Hnsw<float, hnswlib::L2Space, false>*)), false> >::set__(SEXPREC*) with argument allocated using R_MakeExternalPtr Rcpp/include/Rcpp/XPtr.h:102

Function Rcpp::XPtr<Rcpp::CppProperty<Hnsw<float, hnswlib::InnerProductSpace, false> >, Rcpp::PreserveStorage, &(void Rcpp::standard_delete_finalizer<Rcpp::CppProperty<Hnsw<float, hnswlib::InnerProductSpace, false> > >(Rcpp::CppProperty<Hnsw<float, hnswlib::InnerProductSpace, false> >*)), false>::XPtr(Rcpp::CppProperty<Hnsw<float, hnswlib::InnerProductSpace, false> >*, bool, SEXPREC*, SEXPREC*)
  [UP] calling allocating function Rcpp::PreserveStorage<Rcpp::XPtr<Rcpp::CppProperty<Hnsw<float, hnswlib::InnerProductSpace, false> >, Rcpp::PreserveStorage, &(void Rcpp::standard_delete_finalizer<Rcpp::CppProperty<Hnsw<float, hnswlib::InnerProductSpace, false> > >(Rcpp::CppProperty<Hnsw<float, hnswlib::InnerProductSpace, false> >*)), false> >::set__(SEXPREC*) with argument allocated using R_MakeExternalPtr Rcpp/include/Rcpp/XPtr.h:102

Function Rcpp::XPtr<Rcpp::CppProperty<Hnsw<float, hnswlib::InnerProductSpace, true> >, Rcpp::PreserveStorage, &(void Rcpp::standard_delete_finalizer<Rcpp::CppProperty<Hnsw<float, hnswlib::InnerProductSpace, true> > >(Rcpp::CppProperty<Hnsw<float, hnswlib::InnerProductSpace, true> >*)), false>::XPtr(Rcpp::CppProperty<Hnsw<float, hnswlib::InnerProductSpace, true> >*, bool, SEXPREC*, SEXPREC*)
  [UP] calling allocating function Rcpp::PreserveStorage<Rcpp::XPtr<Rcpp::CppProperty<Hnsw<float, hnswlib::InnerProductSpace, true> >, Rcpp::PreserveStorage, &(void Rcpp::standard_delete_finalizer<Rcpp::CppProperty<Hnsw<float, hnswlib::InnerProductSpace, true> > >(Rcpp::CppProperty<Hnsw<float, hnswlib::InnerProductSpace, true> >*)), false> >::set__(SEXPREC*) with argument allocated using R_MakeExternalPtr Rcpp/include/Rcpp/XPtr.h:102

Function Rcpp::XPtr<Rcpp::CppProperty<Hnsw<float, hnswlib::L2Space, false> >, Rcpp::PreserveStorage, &(void Rcpp::standard_delete_finalizer<Rcpp::CppProperty<Hnsw<float, hnswlib::L2Space, false> > >(Rcpp::CppProperty<Hnsw<float, hnswlib::L2Space, false> >*)), false>::XPtr(Rcpp::CppProperty<Hnsw<float, hnswlib::L2Space, false> >*, bool, SEXPREC*, SEXPREC*)
  [UP] calling allocating function Rcpp::PreserveStorage<Rcpp::XPtr<Rcpp::CppProperty<Hnsw<float, hnswlib::L2Space, false> >, Rcpp::PreserveStorage, &(void Rcpp::standard_delete_finalizer<Rcpp::CppProperty<Hnsw<float, hnswlib::L2Space, false> > >(Rcpp::CppProperty<Hnsw<float, hnswlib::L2Space, false> >*)), false> >::set__(SEXPREC*) with argument allocated using R_MakeExternalPtr Rcpp/include/Rcpp/XPtr.h:102

Function Rcpp::XPtr<Rcpp::Module, Rcpp::PreserveStorage, &(void Rcpp::standard_delete_finalizer<Rcpp::Module>(Rcpp::Module*)), false>::XPtr(Rcpp::Module*, bool, SEXPREC*, SEXPREC*)
  [UP] calling allocating function Rcpp::PreserveStorage<Rcpp::XPtr<Rcpp::Module, Rcpp::PreserveStorage, &(void Rcpp::standard_delete_finalizer<Rcpp::Module>(Rcpp::Module*)), false> >::set__(SEXPREC*) with argument allocated using R_MakeExternalPtr Rcpp/include/Rcpp/XPtr.h:102

Function Rcpp::XPtr<Rcpp::SignedConstructor<Hnsw<float, hnswlib::InnerProductSpace, false> >, Rcpp::PreserveStorage, &(void Rcpp::standard_delete_finalizer<Rcpp::SignedConstructor<Hnsw<float, hnswlib::InnerProductSpace, false> > >(Rcpp::SignedConstructor<Hnsw<float, hnswlib::InnerProductSpace, false> >*)), false>::XPtr(Rcpp::SignedConstructor<Hnsw<float, hnswlib::InnerProductSpace, false> >*, bool, SEXPREC*, SEXPREC*)
  [UP] calling allocating function Rcpp::PreserveStorage<Rcpp::XPtr<Rcpp::SignedConstructor<Hnsw<float, hnswlib::InnerProductSpace, false> >, Rcpp::PreserveStorage, &(void Rcpp::standard_delete_finalizer<Rcpp::SignedConstructor<Hnsw<float, hnswlib::InnerProductSpace, false> > >(Rcpp::SignedConstructor<Hnsw<float, hnswlib::InnerProductSpace, false> >*)), false> >::set__(SEXPREC*) with argument allocated using R_MakeExternalPtr Rcpp/include/Rcpp/XPtr.h:102

Function Rcpp::XPtr<Rcpp::SignedConstructor<Hnsw<float, hnswlib::InnerProductSpace, true> >, Rcpp::PreserveStorage, &(void Rcpp::standard_delete_finalizer<Rcpp::SignedConstructor<Hnsw<float, hnswlib::InnerProductSpace, true> > >(Rcpp::SignedConstructor<Hnsw<float, hnswlib::InnerProductSpace, true> >*)), false>::XPtr(Rcpp::SignedConstructor<Hnsw<float, hnswlib::InnerProductSpace, true> >*, bool, SEXPREC*, SEXPREC*)
  [UP] calling allocating function Rcpp::PreserveStorage<Rcpp::XPtr<Rcpp::SignedConstructor<Hnsw<float, hnswlib::InnerProductSpace, true> >, Rcpp::PreserveStorage, &(void Rcpp::standard_delete_finalizer<Rcpp::SignedConstructor<Hnsw<float, hnswlib::InnerProductSpace, true> > >(Rcpp::SignedConstructor<Hnsw<float, hnswlib::InnerProductSpace, true> >*)), false> >::set__(SEXPREC*) with argument allocated using R_MakeExternalPtr Rcpp/include/Rcpp/XPtr.h:102

Function Rcpp::XPtr<Rcpp::SignedConstructor<Hnsw<float, hnswlib::L2Space, false> >, Rcpp::PreserveStorage, &(void Rcpp::standard_delete_finalizer<Rcpp::SignedConstructor<Hnsw<float, hnswlib::L2Space, false> > >(Rcpp::SignedConstructor<Hnsw<float, hnswlib::L2Space, false> >*)), false>::XPtr(Rcpp::SignedConstructor<Hnsw<float, hnswlib::L2Space, false> >*, bool, SEXPREC*, SEXPREC*)
  [UP] calling allocating function Rcpp::PreserveStorage<Rcpp::XPtr<Rcpp::SignedConstructor<Hnsw<float, hnswlib::L2Space, false> >, Rcpp::PreserveStorage, &(void Rcpp::standard_delete_finalizer<Rcpp::SignedConstructor<Hnsw<float, hnswlib::L2Space, false> > >(Rcpp::SignedConstructor<Hnsw<float, hnswlib::L2Space, false> >*)), false> >::set__(SEXPREC*) with argument allocated using R_MakeExternalPtr Rcpp/include/Rcpp/XPtr.h:102

Function Rcpp::XPtr<std::__1::vector<Rcpp::SignedMethod<Hnsw<float, hnswlib::InnerProductSpace, false> >*, std::__1::allocator<Rcpp::SignedMethod<Hnsw<float, hnswlib::InnerProductSpace, false> >*> >, Rcpp::PreserveStorage, &(void Rcpp::standard_delete_finalizer<std::__1::vector<Rcpp::SignedMethod<Hnsw<float, hnswlib::InnerProductSpace, false> >*, std::__1::allocator<Rcpp::SignedMethod<Hnsw<float, hnswlib::InnerProductSpace, false> >*> > >(std::__1::vector<Rcpp::SignedMethod<Hnsw<float, hnswlib::InnerProductSpace, false> >*, std::__1::allocator<Rcpp::SignedMethod<Hnsw<float, hnswlib::InnerProductSpace, false> >*> >*)), false>::XPtr(std::__1::vector<Rcpp::SignedMethod<Hnsw<float, hnswlib::InnerProductSpace, false> >*, std::__1::allocator<Rcpp::SignedMethod<Hnsw<float, hnswlib::InnerProductSpace, false> >*> >*, bool, SEXPREC*, SEXPREC*)
  [UP] calling allocating function Rcpp::PreserveStorage<Rcpp::XPtr<std::__1::vector<Rcpp::SignedMethod<Hnsw<float, hnswlib::InnerProductSpace, false> >*, std::__1::allocator<Rcpp::SignedMethod<Hnsw<float, hnswlib::InnerProductSpace, false> >*> >, Rcpp::PreserveStorage, &(void Rcpp::standard_delete_finalizer<std::__1::vector<Rcpp::SignedMethod<Hnsw<float, hnswlib::InnerProductSpace, false> >*, std::__1::allocator<Rcpp::SignedMethod<Hnsw<float, hnswlib::InnerProductSpace, false> >*> > >(std::__1::vector<Rcpp::SignedMethod<Hnsw<float, hnswlib::InnerProductSpace, false> >*, std::__1::allocator<Rcpp::SignedMethod<Hnsw<float, hnswlib::InnerProductSpace, false> >*> >*)), false> >::set__(SEXPREC*) with argument allocated using R_MakeExternalPtr Rcpp/include/Rcpp/XPtr.h:102

Function Rcpp::XPtr<std::__1::vector<Rcpp::SignedMethod<Hnsw<float, hnswlib::InnerProductSpace, true> >*, std::__1::allocator<Rcpp::SignedMethod<Hnsw<float, hnswlib::InnerProductSpace, true> >*> >, Rcpp::PreserveStorage, &(void Rcpp::standard_delete_finalizer<std::__1::vector<Rcpp::SignedMethod<Hnsw<float, hnswlib::InnerProductSpace, true> >*, std::__1::allocator<Rcpp::SignedMethod<Hnsw<float, hnswlib::InnerProductSpace, true> >*> > >(std::__1::vector<Rcpp::SignedMethod<Hnsw<float, hnswlib::InnerProductSpace, true> >*, std::__1::allocator<Rcpp::SignedMethod<Hnsw<float, hnswlib::InnerProductSpace, true> >*> >*)), false>::XPtr(std::__1::vector<Rcpp::SignedMethod<Hnsw<float, hnswlib::InnerProductSpace, true> >*, std::__1::allocator<Rcpp::SignedMethod<Hnsw<float, hnswlib::InnerProductSpace, true> >*> >*, bool, SEXPREC*, SEXPREC*)
  [UP] calling allocating function Rcpp::PreserveStorage<Rcpp::XPtr<std::__1::vector<Rcpp::SignedMethod<Hnsw<float, hnswlib::InnerProductSpace, true> >*, std::__1::allocator<Rcpp::SignedMethod<Hnsw<float, hnswlib::InnerProductSpace, true> >*> >, Rcpp::PreserveStorage, &(void Rcpp::standard_delete_finalizer<std::__1::vector<Rcpp::SignedMethod<Hnsw<float, hnswlib::InnerProductSpace, true> >*, std::__1::allocator<Rcpp::SignedMethod<Hnsw<float, hnswlib::InnerProductSpace, true> >*> > >(std::__1::vector<Rcpp::SignedMethod<Hnsw<float, hnswlib::InnerProductSpace, true> >*, std::__1::allocator<Rcpp::SignedMethod<Hnsw<float, hnswlib::InnerProductSpace, true> >*> >*)), false> >::set__(SEXPREC*) with argument allocated using R_MakeExternalPtr Rcpp/include/Rcpp/XPtr.h:102

Function Rcpp::XPtr<std::__1::vector<Rcpp::SignedMethod<Hnsw<float, hnswlib::L2Space, false> >*, std::__1::allocator<Rcpp::SignedMethod<Hnsw<float, hnswlib::L2Space, false> >*> >, Rcpp::PreserveStorage, &(void Rcpp::standard_delete_finalizer<std::__1::vector<Rcpp::SignedMethod<Hnsw<float, hnswlib::L2Space, false> >*, std::__1::allocator<Rcpp::SignedMethod<Hnsw<float, hnswlib::L2Space, false> >*> > >(std::__1::vector<Rcpp::SignedMethod<Hnsw<float, hnswlib::L2Space, false> >*, std::__1::allocator<Rcpp::SignedMethod<Hnsw<float, hnswlib::L2Space, false> >*> >*)), false>::XPtr(std::__1::vector<Rcpp::SignedMethod<Hnsw<float, hnswlib::L2Space, false> >*, std::__1::allocator<Rcpp::SignedMethod<Hnsw<float, hnswlib::L2Space, false> >*> >*, bool, SEXPREC*, SEXPREC*)
  [UP] calling allocating function Rcpp::PreserveStorage<Rcpp::XPtr<std::__1::vector<Rcpp::SignedMethod<Hnsw<float, hnswlib::L2Space, false> >*, std::__1::allocator<Rcpp::SignedMethod<Hnsw<float, hnswlib::L2Space, false> >*> >, Rcpp::PreserveStorage, &(void Rcpp::standard_delete_finalizer<std::__1::vector<Rcpp::SignedMethod<Hnsw<float, hnswlib::L2Space, false> >*, std::__1::allocator<Rcpp::SignedMethod<Hnsw<float, hnswlib::L2Space, false> >*> > >(std::__1::vector<Rcpp::SignedMethod<Hnsw<float, hnswlib::L2Space, false> >*, std::__1::allocator<Rcpp::SignedMethod<Hnsw<float, hnswlib::L2Space, false> >*> >*)), false> >::set__(SEXPREC*) with argument allocated using R_MakeExternalPtr Rcpp/include/Rcpp/XPtr.h:102

Function Rcpp::class_<Hnsw<float, hnswlib::InnerProductSpace, false> >::invoke(SEXPREC*, SEXPREC*, SEXPREC**, int)
  [UP] ignoring variable <unnamed var:   %28 = alloca %struct.SEXPREC*, align 8> as it has address taken, results will be incomplete 

Function Rcpp::class_<Hnsw<float, hnswlib::InnerProductSpace, true> >::invoke(SEXPREC*, SEXPREC*, SEXPREC**, int)
  [UP] ignoring variable <unnamed var:   %28 = alloca %struct.SEXPREC*, align 8> as it has address taken, results will be incomplete 

Function Rcpp::class_<Hnsw<float, hnswlib::L2Space, false> >::invoke(SEXPREC*, SEXPREC*, SEXPREC**, int)
  [UP] ignoring variable <unnamed var:   %28 = alloca %struct.SEXPREC*, align 8> as it has address taken, results will be incomplete 

Function Rcpp::internal::generic_name_proxy<19, Rcpp::PreserveStorage>::set(SEXPREC*)
  [UP] ignoring variable rhs as it has address taken, results will be incomplete 

Function _ZN4Rcpp6VectorILi16ENS_15PreserveStorageEEC2ImEET_PNS_6traits9enable_ifIXsr6traits13is_arithmeticIS4_EE5valueEvE4typeE
  [UP] calling allocating function Rcpp::PreserveStorage<Rcpp::Vector<16, Rcpp::PreserveStorage> >::set__(SEXPREC*)(?,V) with argument allocated using Rf_allocVector Rcpp/include/Rcpp/vector/Vector.h:125

Function _ZN4Rcpp6VectorILi19ENS_15PreserveStorageEEC2IlEET_PNS_6traits9enable_ifIXsr6traits13is_arithmeticIS4_EE5valueEvE4typeE
  [UP] calling allocating function Rcpp::PreserveStorage<Rcpp::Vector<19, Rcpp::PreserveStorage> >::set__(SEXPREC*)(?,V) with argument allocated using Rf_allocVector Rcpp/include/Rcpp/vector/Vector.h:125

Function void Rcpp::Vector<19, Rcpp::PreserveStorage>::push_back<SEXPREC*>(SEXPREC* const&, std::__1::basic_string<char, std::__1::char_traits<char>, std::__1::allocator<char> > const&)
  [UP] ignoring variable <unnamed var:   %7 = alloca %struct.SEXPREC*, align 8> as it has address taken, results will be incomplete 
