Package RcppEigen version 0.3.3.5.0
Package built using 76259/R 3.6.0; x86_64-pc-linux-gnu; 2019-03-22 09:37:01 UTC; unix   
Checked with rchk version c132302c5d39a55c436a06df73e539a1bace7486
More information at https://github.com/kalibera/cran-checks/blob/master/rchk/PROTECT.md


Function Rcpp::Armor<SEXPREC*>::init(SEXPREC*)
  [PB] has possible protection stack imbalance /var/scratch2/tomas/cran/rchk/lib/Rcpp/include/Rcpp/protection/Armor.h:47

Function Rcpp::Armor<SEXPREC*>::~Armor()
  [PB] has negative depth /var/scratch2/tomas/cran/rchk/lib/Rcpp/include/Rcpp/protection/Armor.h:41
  [UP] attempt to unprotect more items (1) than protected (0), results will be incomplete /var/scratch2/tomas/cran/rchk/lib/Rcpp/include/Rcpp/protection/Armor.h:41
  [PB] has possible protection stack imbalance /var/scratch2/tomas/cran/rchk/lib/Rcpp/include/Rcpp/protection/Armor.h:42

Function Rcpp::Rcpp_protect(SEXPREC*)
  [PB] has possible protection stack imbalance /var/scratch2/tomas/cran/rchk/lib/Rcpp/include/Rcpp/protection/Shield.h:25

Function Rcpp::Rcpp_unprotect(int)
  [PB] has an unsupported form of unprotect with a variable results will be incomplete /var/scratch2/tomas/cran/rchk/lib/Rcpp/include/Rcpp/protection/Shield.h:31
  [UP] unsupported form of unprotect, unprotecting all variables, results will be incomplete /var/scratch2/tomas/cran/rchk/lib/Rcpp/include/Rcpp/protection/Shield.h:31

Function Rcpp::internal::convert_using_rfunction(SEXPREC*, char const*)
  [UP] ignoring variable <unnamed var:   %9 = alloca %struct.SEXPREC*, align 8> as it has address taken, results will be incomplete 
  [UP] calling allocating function Rcpp::Rcpp_fast_eval(SEXPREC*, SEXPREC*) with argument allocated using Rf_lang2 /var/scratch2/tomas/cran/rchk/lib/Rcpp/include/Rcpp/r_cast.h:34

Function RcppEigen_Eigen_SSE
  [UP] ignoring variable <unnamed var:   %15 = alloca %struct.SEXPREC*, align 8> as it has address taken, results will be incomplete 

Function RcppEigen_eigen_version
  [UP] ignoring variable <unnamed var:   %18 = alloca %struct.SEXPREC*, align 8> as it has address taken, results will be incomplete 

Function RcppEigen_fastLm_Impl
  [UP] ignoring variable <unnamed var:   %24 = alloca %struct.SEXPREC*, align 8> as it has address taken, results will be incomplete 
Analyzed 9830 functions, traversed 20384 states.
