Package rCRM version 0.1.1
Package built using 82503/R 4.3.0; x86_64-pc-linux-gnu; 2022-06-21 08:44:50 UTC; unix   
Checked with rchk version 29e18222e1cfa67ba8e63bd3b22a25f78593c554 LLVM version 14.0.0
More information at https://github.com/kalibera/cran-checks/blob/master/rchk/PROTECT.md
For rchk in docker image see https://github.com/kalibera/rchk/blob/master/doc/DOCKER.md


Function Rcpp::Rcpp_protect(SEXPREC*)
  [PB] has possible protection stack imbalance Rcpp/include/Rcpp/protection/Shield.h:25

Function Rcpp::Rcpp_unprotect(int)
  [PB] has an unsupported form of unprotect with a variable results will be incomplete Rcpp/include/Rcpp/protection/Shield.h:31
  [UP] unsupported form of unprotect, unprotecting all variables, results will be incomplete Rcpp/include/Rcpp/protection/Shield.h:31

Function _rCRM_P2L2C
  [UP] unprotected variable rcpp_result_gen while calling allocating function Rf_onintr rCRM/src/RcppExports.cpp:40
  [PB] has negative depth rCRM/src/RcppExports.cpp:52
  [UP] attempt to unprotect more items (1) than protected (0), results will be incomplete rCRM/src/RcppExports.cpp:52
  [PB] has possible protection stack imbalance rCRM/src/RcppExports.cpp:53

Function _rCRM_P2L2C_try(SEXPREC*, SEXPREC*, SEXPREC*, SEXPREC*, SEXPREC*, SEXPREC*, SEXPREC*, SEXPREC*, SEXPREC*, SEXPREC*)
  [UP] ignoring variable <unnamed var:   %38 = alloca %struct.SEXPREC*, align 8> as it has address taken, results will be incomplete 

Function _rCRM_cvP2L2C
  [UP] unprotected variable rcpp_result_gen while calling allocating function Rf_onintr rCRM/src/RcppExports.cpp:85
  [PB] has negative depth rCRM/src/RcppExports.cpp:97
  [UP] attempt to unprotect more items (1) than protected (0), results will be incomplete rCRM/src/RcppExports.cpp:97
  [PB] has possible protection stack imbalance rCRM/src/RcppExports.cpp:98

Function _rCRM_cvP2L2C_try(SEXPREC*, SEXPREC*, SEXPREC*, SEXPREC*, SEXPREC*, SEXPREC*, SEXPREC*, SEXPREC*, SEXPREC*, SEXPREC*, SEXPREC*, SEXPREC*)
  [UP] ignoring variable <unnamed var:   %44 = alloca %struct.SEXPREC*, align 8> as it has address taken, results will be incomplete 
