Package readr version 2.1.0
Package built using 81182/R 4.2.0; x86_64-pc-linux-gnu; 2021-11-12 13:28:18 UTC; unix   
Checked with rchk version 35d5d01a98903a5f3e9ec166dcdb2f790ecb784f LLVM version 11.0.0
More information at https://github.com/kalibera/cran-checks/blob/master/rchk/PROTECT.md
For rchk in docker image see https://github.com/kalibera/rchk/blob/master/doc/DOCKER.md


Function R_WriteConnection(SEXPREC*, void*, unsigned long)
  [UP] ignoring variable con as it has address taken, results will be incomplete 

Function Reader::meltToDataFrame(cpp11::r_vector<SEXPREC*> const&, long)
  [UP] ignoring variable <unnamed var:   %10 = alloca %struct.SEXPREC*, align 8> as it has address taken, results will be incomplete 
  [UP] ignoring variable <unnamed var:   %15 = alloca %struct.SEXPREC*, align 8> as it has address taken, results will be incomplete 
  [UP] ignoring variable <unnamed var:   %18 = alloca %struct.SEXPREC*, align 8> as it has address taken, results will be incomplete 
  [UP] ignoring variable <unnamed var:   %21 = alloca %struct.SEXPREC*, align 8> as it has address taken, results will be incomplete 

Function Reader::readToDataFrame(long)
  [UP] ignoring variable <unnamed var:   %14 = alloca %struct.SEXPREC*, align 8> as it has address taken, results will be incomplete 

Function _readr_parse_vector_
  [UP] ignoring variable <unnamed var:   %14 = alloca %struct.SEXPREC*, align 8> as it has address taken, results will be incomplete 

Function _readr_tokenize_
  [UP] ignoring variable <unnamed var:   %10 = alloca %struct.SEXPREC*, align 8> as it has address taken, results will be incomplete 

Function cpp11::attribute_proxy<cpp11::r_vector<SEXPREC*> >::operator SEXPREC*() const
  [UP] ignoring variable <unnamed var:   %4 = alloca %struct.SEXPREC*, align 8> as it has address taken, results will be incomplete 

Function cpp11::attribute_proxy<cpp11::writable::r_vector<SEXPREC*> >::operator SEXPREC*() const
  [UP] ignoring variable <unnamed var:   %4 = alloca %struct.SEXPREC*, align 8> as it has address taken, results will be incomplete 

Function cpp11::attribute_proxy<cpp11::writable::r_vector<cpp11::r_bool> >::operator SEXPREC*() const
  [UP] ignoring variable <unnamed var:   %4 = alloca %struct.SEXPREC*, align 8> as it has address taken, results will be incomplete 

Function cpp11::attribute_proxy<cpp11::writable::r_vector<cpp11::r_string> >::operator SEXPREC*() const
  [UP] ignoring variable <unnamed var:   %4 = alloca %struct.SEXPREC*, align 8> as it has address taken, results will be incomplete 

Function cpp11::attribute_proxy<cpp11::writable::r_vector<double> >::operator SEXPREC*() const
  [UP] ignoring variable <unnamed var:   %4 = alloca %struct.SEXPREC*, align 8> as it has address taken, results will be incomplete 

Function cpp11::attribute_proxy<cpp11::writable::r_vector<int> >::operator SEXPREC*() const
  [UP] ignoring variable <unnamed var:   %4 = alloca %struct.SEXPREC*, align 8> as it has address taken, results will be incomplete 

Function cpp11::attribute_proxy<cpp11::writable::r_vector<unsigned char> >::operator SEXPREC*() const
  [UP] ignoring variable <unnamed var:   %4 = alloca %struct.SEXPREC*, align 8> as it has address taken, results will be incomplete 

Function cpp11::package::operator[](char const*)
  [UP] ignoring variable <unnamed var:   %7 = alloca %struct.SEXPREC*, align 8> as it has address taken, results will be incomplete 

Function cpp11::writable::alloc_or_copy(SEXPREC*)
  [UP] ignoring variable data as it has address taken, results will be incomplete 

Function cpp11::writable::r_vector<SEXPREC*>::r_vector(std::initializer_list<cpp11::named_arg>)::{lambda()#1}::operator()() const
  [PB] has an unsupported form of unprotect (not constant, not variable), results will be incomplete cpp11/include/cpp11/list.hpp:105
  [UP] unsupported form of unprotect, unprotecting all variables, results will be incomplete cpp11/include/cpp11/list.hpp:105

Function cpp11::writable::r_vector<cpp11::r_string> Reader::readToVector<cpp11::writable::r_vector<cpp11::r_string> >(long)
  [UP] ignoring variable x as it has address taken, results will be incomplete 

Function read_file_(cpp11::r_vector<SEXPREC*> const&, cpp11::r_vector<SEXPREC*> const&)
  [UP] ignoring variable <unnamed var:   %12 = alloca %struct.SEXPREC*, align 8> as it has address taken, results will be incomplete 

Function read_lines_(cpp11::r_vector<SEXPREC*> const&, cpp11::r_vector<SEXPREC*> const&, std::__1::vector<std::__1::basic_string<char, std::__1::char_traits<char>, std::__1::allocator<char> >, std::__1::allocator<std::__1::basic_string<char, std::__1::char_traits<char>, std::__1::allocator<char> > > >, int, bool, bool)
  [UP] ignoring variable <unnamed var:   %26 = alloca %struct.SEXPREC*, align 8> as it has address taken, results will be incomplete 
