Package remify version 3.2.5
Package built using 86189/R 4.4.0; x86_64-pc-linux-gnu; 2024-03-26 00:34:08 UTC; unix   
Checked with rchk version fdc068715daa3a256062cc20e0d4a5157dacc9a4 LLVM version 14.0.6
More information at https://github.com/kalibera/cran-checks/blob/master/rchk/PROTECT.md
For rchk in docker image see https://github.com/kalibera/rchk/blob/master/doc/DOCKER.md


Function Rcpp::Armor<SEXPREC*>::init(SEXPREC*)
  [PB] has possible protection stack imbalance Rcpp/include/Rcpp/protection/Armor.h:47

Function Rcpp::Armor<SEXPREC*>::~Armor()
  [PB] has negative depth Rcpp/include/Rcpp/protection/Armor.h:41
  [UP] attempt to unprotect more items (1) than protected (0), results will be incomplete Rcpp/include/Rcpp/protection/Armor.h:41
  [PB] has possible protection stack imbalance Rcpp/include/Rcpp/protection/Armor.h:42

Function Rcpp::Rcpp_protect(SEXPREC*)
  [PB] has possible protection stack imbalance Rcpp/include/Rcpp/protection/Shield.h:25

Function Rcpp::Rcpp_unprotect(int)
  [PB] has an unsupported form of unprotect with a variable results will be incomplete Rcpp/include/Rcpp/protection/Shield.h:31
  [UP] unsupported form of unprotect, unprotecting all variables, results will be incomplete Rcpp/include/Rcpp/protection/Shield.h:31

Function Rcpp::Vector<19, Rcpp::PreserveStorage>::push_back_name__impl(SEXPREC* const&, std::__1::basic_string<char, std::__1::char_traits<char>, std::__1::allocator<char> > const&, Rcpp::traits::integral_constant<bool, true>)
  [UP] unprotected variable names while calling allocating function Rf_allocVector Rcpp/include/Rcpp/vector/Vector.h:682

Function Rcpp::internal::convert_using_rfunction(SEXPREC*, char const*)
  [UP] ignoring variable <unnamed var:   %10 = alloca %struct.SEXPREC*, align 8> as it has address taken, results will be incomplete 

Function Rcpp::internal::generic_name_proxy<19, Rcpp::PreserveStorage>::set(SEXPREC*)
  [UP] ignoring variable rhs as it has address taken, results will be incomplete 

Function Rcpp::sugar::IndexHash<16>::add_value(int)
  [UP] ignoring variable val as it has address taken, results will be incomplete 

Function _remify_getDyadIndex_cpp
  [UP] ignoring variable <unnamed var:   %24 = alloca %struct.SEXPREC*, align 8> as it has address taken, results will be incomplete 

Function _remify_getEventsComposition
  [UP] ignoring variable <unnamed var:   %24 = alloca %struct.SEXPREC*, align 8> as it has address taken, results will be incomplete 

Function _remify_remify2relventrem
  [UP] ignoring variable <unnamed var:   %45 = alloca %struct.SEXPREC*, align 8> as it has address taken, results will be incomplete 

Function _remify_remifyCpp
  [UP] ignoring variable <unnamed var:   %39 = alloca %struct.SEXPREC*, align 8> as it has address taken, results will be incomplete 

Function bool std::__1::__insertion_sort_incomplete<Rcpp::internal::NAComparator<SEXPREC*>&, SEXPREC**>(SEXPREC**, SEXPREC**, Rcpp::internal::NAComparator<SEXPREC*>&)
  [UP] ignoring variable __t as it has address taken, results will be incomplete 

Function bool std::__1::__insertion_sort_incomplete<Rcpp::internal::NAComparatorGreater<SEXPREC*>&, SEXPREC**>(SEXPREC**, SEXPREC**, Rcpp::internal::NAComparatorGreater<SEXPREC*>&)
  [UP] ignoring variable __t as it has address taken, results will be incomplete 

Function std::__1::enable_if<is_move_constructible<SEXPREC*>::value&&is_move_assignable<SEXPREC*>::value, void>::type std::__1::swap[abi:v160006]<SEXPREC*>(SEXPREC*&, SEXPREC*&)
  [UP] ignoring variable __t as it has address taken, results will be incomplete 

Function void Rcpp::Vector<19, Rcpp::PreserveStorage>::push_back<Rcpp::Matrix<13, Rcpp::PreserveStorage> >(Rcpp::Matrix<13, Rcpp::PreserveStorage> const&)
  [UP] ignoring variable <unnamed var:   %5 = alloca %struct.SEXPREC*, align 8> as it has address taken, results will be incomplete 

Function void Rcpp::Vector<19, Rcpp::PreserveStorage>::push_back<Rcpp::Vector<13, Rcpp::PreserveStorage> >(Rcpp::Vector<13, Rcpp::PreserveStorage> const&)
  [UP] ignoring variable <unnamed var:   %5 = alloca %struct.SEXPREC*, align 8> as it has address taken, results will be incomplete 

Function void Rcpp::Vector<19, Rcpp::PreserveStorage>::push_back<SEXPREC*>(SEXPREC* const&, std::__1::basic_string<char, std::__1::char_traits<char>, std::__1::allocator<char> > const&)
  [UP] ignoring variable <unnamed var:   %7 = alloca %struct.SEXPREC*, align 8> as it has address taken, results will be incomplete 

Function void Rcpp::Vector<19, Rcpp::PreserveStorage>::push_back<arma::Mat<double> >(arma::Mat<double> const&)
  [UP] ignoring variable <unnamed var:   %5 = alloca %struct.SEXPREC*, align 8> as it has address taken, results will be incomplete 

Function void Rcpp::Vector<19, Rcpp::PreserveStorage>::push_back<std::__1::basic_string<char, std::__1::char_traits<char>, std::__1::allocator<char> > >(std::__1::basic_string<char, std::__1::char_traits<char>, std::__1::allocator<char> > const&)
  [UP] ignoring variable <unnamed var:   %5 = alloca %struct.SEXPREC*, align 8> as it has address taken, results will be incomplete 

Function void Rcpp::Vector<19, Rcpp::PreserveStorage>::push_back<std::__1::vector<int, std::__1::allocator<int> > >(std::__1::vector<int, std::__1::allocator<int> > const&)
  [UP] ignoring variable <unnamed var:   %5 = alloca %struct.SEXPREC*, align 8> as it has address taken, results will be incomplete 

Function void std::__1::__insertion_sort_3[abi:v160006]<std::__1::_ClassicAlgPolicy, Rcpp::internal::NAComparator<SEXPREC*>&, SEXPREC**>(SEXPREC**, SEXPREC**, Rcpp::internal::NAComparator<SEXPREC*>&)
  [UP] ignoring variable __t as it has address taken, results will be incomplete 

Function void std::__1::__insertion_sort_3[abi:v160006]<std::__1::_ClassicAlgPolicy, Rcpp::internal::NAComparatorGreater<SEXPREC*>&, SEXPREC**>(SEXPREC**, SEXPREC**, Rcpp::internal::NAComparatorGreater<SEXPREC*>&)
  [UP] ignoring variable __t as it has address taken, results will be incomplete 

Function void std::__1::__pop_heap[abi:v160006]<std::__1::_ClassicAlgPolicy, Rcpp::internal::NAComparator<SEXPREC*>, SEXPREC**>(SEXPREC**, SEXPREC**, Rcpp::internal::NAComparator<SEXPREC*>&, std::__1::iterator_traits<SEXPREC**>::difference_type)
  [UP] ignoring variable __top as it has address taken, results will be incomplete 

Function void std::__1::__pop_heap[abi:v160006]<std::__1::_ClassicAlgPolicy, Rcpp::internal::NAComparatorGreater<SEXPREC*>, SEXPREC**>(SEXPREC**, SEXPREC**, Rcpp::internal::NAComparatorGreater<SEXPREC*>&, std::__1::iterator_traits<SEXPREC**>::difference_type)
  [UP] ignoring variable __top as it has address taken, results will be incomplete 

Function void std::__1::__sift_down[abi:v160006]<std::__1::_ClassicAlgPolicy, Rcpp::internal::NAComparator<SEXPREC*>&, SEXPREC**>(SEXPREC**, Rcpp::internal::NAComparator<SEXPREC*>&, std::__1::iterator_traits<SEXPREC**>::difference_type, SEXPREC**)
  [UP] ignoring variable __top as it has address taken, results will be incomplete 

Function void std::__1::__sift_down[abi:v160006]<std::__1::_ClassicAlgPolicy, Rcpp::internal::NAComparatorGreater<SEXPREC*>&, SEXPREC**>(SEXPREC**, Rcpp::internal::NAComparatorGreater<SEXPREC*>&, std::__1::iterator_traits<SEXPREC**>::difference_type, SEXPREC**)
  [UP] ignoring variable __top as it has address taken, results will be incomplete 

Function void std::__1::__sift_up[abi:v160006]<std::__1::_ClassicAlgPolicy, Rcpp::internal::NAComparator<SEXPREC*>&, SEXPREC**>(SEXPREC**, SEXPREC**, Rcpp::internal::NAComparator<SEXPREC*>&, std::__1::iterator_traits<SEXPREC**>::difference_type)
  [UP] ignoring variable __t as it has address taken, results will be incomplete 

Function void std::__1::__sift_up[abi:v160006]<std::__1::_ClassicAlgPolicy, Rcpp::internal::NAComparatorGreater<SEXPREC*>&, SEXPREC**>(SEXPREC**, SEXPREC**, Rcpp::internal::NAComparatorGreater<SEXPREC*>&, std::__1::iterator_traits<SEXPREC**>::difference_type)
  [UP] ignoring variable __t as it has address taken, results will be incomplete 
