Package remulate version 2.1.0
Package built using 88162/R 4.6.0; x86_64-pc-linux-gnu; 2025-04-20 16:06:21 UTC; unix   
Checked with rchk version 35618ebbccf3cd0b45a3530e6303970a22a9056b LLVM version 14.0.6
More information at https://github.com/kalibera/cran-checks/blob/master/rchk/PROTECT.md
For rchk in docker image see https://github.com/kalibera/rchk/blob/master/doc/DOCKER.md


Function Rcpp::Armor<SEXPREC*>::init(SEXPREC*)
  [PB] has possible protection stack imbalance Rcpp/include/Rcpp/protection/Armor.h:47

Function Rcpp::Armor<SEXPREC*>::~Armor()
  [PB] has negative depth Rcpp/include/Rcpp/protection/Armor.h:41
  [UP] attempt to unprotect more items (1) than protected (0), results will be incomplete Rcpp/include/Rcpp/protection/Armor.h:41
  [PB] has possible protection stack imbalance Rcpp/include/Rcpp/protection/Armor.h:42

Function Rcpp::Rcpp_protect(SEXPREC*)
  [PB] has possible protection stack imbalance Rcpp/include/Rcpp/protection/Shield.h:25

Function Rcpp::Rcpp_unprotect(int)
  [PB] has an unsupported form of unprotect with a variable results will be incomplete Rcpp/include/Rcpp/protection/Shield.h:31
  [UP] unsupported form of unprotect, unprotecting all variables, results will be incomplete Rcpp/include/Rcpp/protection/Shield.h:31

Function Rcpp::internal::convert_using_rfunction(SEXPREC*, char const*)
  [UP] ignoring variable <unnamed var:   %10 = alloca %struct.SEXPREC*, align 8> as it has address taken, results will be incomplete 

Function _remulate_computeStatsActor
  [UP] unprotected variable rcpp_result_gen while calling allocating function Rf_onintr remulate/src/RcppExports.cpp:44
  [PB] has negative depth remulate/src/RcppExports.cpp:56
  [UP] attempt to unprotect more items (1) than protected (0), results will be incomplete remulate/src/RcppExports.cpp:56
  [PB] has possible protection stack imbalance remulate/src/RcppExports.cpp:57

Function _remulate_computeStatsActor_try(SEXPREC*, SEXPREC*, SEXPREC*, SEXPREC*, SEXPREC*, SEXPREC*, SEXPREC*, SEXPREC*, SEXPREC*)
  [UP] ignoring variable <unnamed var:   %35 = alloca %struct.SEXPREC*, align 8> as it has address taken, results will be incomplete 

Function _remulate_computeStatsTie
  [UP] unprotected variable rcpp_result_gen while calling allocating function Rf_onintr remulate/src/RcppExports.cpp:88
  [PB] has negative depth remulate/src/RcppExports.cpp:100
  [UP] attempt to unprotect more items (1) than protected (0), results will be incomplete remulate/src/RcppExports.cpp:100
  [PB] has possible protection stack imbalance remulate/src/RcppExports.cpp:101

Function _remulate_computeStatsTie_try(SEXPREC*, SEXPREC*, SEXPREC*, SEXPREC*, SEXPREC*, SEXPREC*, SEXPREC*, SEXPREC*, SEXPREC*, SEXPREC*, SEXPREC*)
  [UP] ignoring variable <unnamed var:   %41 = alloca %struct.SEXPREC*, align 8> as it has address taken, results will be incomplete 
