Package rENA version 0.2.7
Package built using 86189/R 4.4.0; x86_64-pc-linux-gnu; 2024-03-26 02:46:26 UTC; unix   
Checked with rchk version fdc068715daa3a256062cc20e0d4a5157dacc9a4 LLVM version 14.0.6
More information at https://github.com/kalibera/cran-checks/blob/master/rchk/PROTECT.md
For rchk in docker image see https://github.com/kalibera/rchk/blob/master/doc/DOCKER.md


Function Rcpp::Armor<SEXPREC*>::init(SEXPREC*)
  [PB] has possible protection stack imbalance Rcpp/include/Rcpp/protection/Armor.h:47

Function Rcpp::Armor<SEXPREC*>::~Armor()
  [PB] has negative depth Rcpp/include/Rcpp/protection/Armor.h:41
  [UP] attempt to unprotect more items (1) than protected (0), results will be incomplete Rcpp/include/Rcpp/protection/Armor.h:41
  [PB] has possible protection stack imbalance Rcpp/include/Rcpp/protection/Armor.h:42

Function Rcpp::Rcpp_protect(SEXPREC*)
  [PB] has possible protection stack imbalance Rcpp/include/Rcpp/protection/Shield.h:25

Function Rcpp::Rcpp_unprotect(int)
  [PB] has an unsupported form of unprotect with a variable results will be incomplete Rcpp/include/Rcpp/protection/Shield.h:31
  [UP] unsupported form of unprotect, unprotecting all variables, results will be incomplete Rcpp/include/Rcpp/protection/Shield.h:31

Function Rcpp::Vector<19, Rcpp::PreserveStorage>::push_back_name__impl(SEXPREC* const&, std::__1::basic_string<char, std::__1::char_traits<char>, std::__1::allocator<char> > const&, Rcpp::traits::integral_constant<bool, true>)
  [UP] unprotected variable names while calling allocating function Rf_allocVector Rcpp/include/Rcpp/vector/Vector.h:682

Function Rcpp::internal::convert_using_rfunction(SEXPREC*, char const*)
  [UP] ignoring variable <unnamed var:   %10 = alloca %struct.SEXPREC*, align 8> as it has address taken, results will be incomplete 

Function Rcpp::internal::generic_name_proxy<19, Rcpp::PreserveStorage>::set(SEXPREC*)
  [UP] ignoring variable rhs as it has address taken, results will be incomplete 

Function _rENA_center_data_c
  [UP] unprotected variable rcpp_result_gen while calling allocating function Rf_onintr rENA/src/RcppExports.cpp:386
  [PB] has negative depth rENA/src/RcppExports.cpp:398
  [UP] attempt to unprotect more items (1) than protected (0), results will be incomplete rENA/src/RcppExports.cpp:398
  [PB] has possible protection stack imbalance rENA/src/RcppExports.cpp:399

Function _rENA_center_data_c_try(SEXPREC*)
  [UP] ignoring variable <unnamed var:   %11 = alloca %struct.SEXPREC*, align 8> as it has address taken, results will be incomplete 

Function _rENA_combn_c2
  [UP] unprotected variable rcpp_result_gen while calling allocating function Rf_onintr rENA/src/RcppExports.cpp:36
  [PB] has negative depth rENA/src/RcppExports.cpp:48
  [UP] attempt to unprotect more items (1) than protected (0), results will be incomplete rENA/src/RcppExports.cpp:48
  [PB] has possible protection stack imbalance rENA/src/RcppExports.cpp:49

Function _rENA_combn_c2_try(SEXPREC*)
  [UP] ignoring variable <unnamed var:   %11 = alloca %struct.SEXPREC*, align 8> as it has address taken, results will be incomplete 

Function _rENA_ena_correlation
  [UP] unprotected variable rcpp_result_gen while calling allocating function Rf_onintr rENA/src/RcppExports.cpp:72
  [PB] has negative depth rENA/src/RcppExports.cpp:84
  [UP] attempt to unprotect more items (1) than protected (0), results will be incomplete rENA/src/RcppExports.cpp:84
  [PB] has possible protection stack imbalance rENA/src/RcppExports.cpp:85

Function _rENA_ena_correlation_try(SEXPREC*, SEXPREC*, SEXPREC*)
  [UP] ignoring variable <unnamed var:   %17 = alloca %struct.SEXPREC*, align 8> as it has address taken, results will be incomplete 

Function _rENA_fun_skip_sphere_norm
  [UP] unprotected variable rcpp_result_gen while calling allocating function Rf_onintr rENA/src/RcppExports.cpp:352
  [PB] has negative depth rENA/src/RcppExports.cpp:364
  [UP] attempt to unprotect more items (1) than protected (0), results will be incomplete rENA/src/RcppExports.cpp:364
  [PB] has possible protection stack imbalance rENA/src/RcppExports.cpp:365

Function _rENA_fun_skip_sphere_norm_try(SEXPREC*)
  [UP] ignoring variable <unnamed var:   %11 = alloca %struct.SEXPREC*, align 8> as it has address taken, results will be incomplete 

Function _rENA_fun_sphere_norm
  [UP] unprotected variable rcpp_result_gen while calling allocating function Rf_onintr rENA/src/RcppExports.cpp:318
  [PB] has negative depth rENA/src/RcppExports.cpp:330
  [UP] attempt to unprotect more items (1) than protected (0), results will be incomplete rENA/src/RcppExports.cpp:330
  [PB] has possible protection stack imbalance rENA/src/RcppExports.cpp:331

Function _rENA_fun_sphere_norm_try(SEXPREC*)
  [UP] ignoring variable <unnamed var:   %11 = alloca %struct.SEXPREC*, align 8> as it has address taken, results will be incomplete 

Function _rENA_lws_lsq_positions
  [UP] unprotected variable rcpp_result_gen while calling allocating function Rf_onintr rENA/src/RcppExports.cpp:457
  [PB] has negative depth rENA/src/RcppExports.cpp:469
  [UP] attempt to unprotect more items (1) than protected (0), results will be incomplete rENA/src/RcppExports.cpp:469
  [PB] has possible protection stack imbalance rENA/src/RcppExports.cpp:470

Function _rENA_lws_lsq_positions_try(SEXPREC*, SEXPREC*, SEXPREC*)
  [UP] ignoring variable <unnamed var:   %17 = alloca %struct.SEXPREC*, align 8> as it has address taken, results will be incomplete 

Function _rENA_merge_columns_c
  [UP] unprotected variable rcpp_result_gen while calling allocating function Rf_onintr rENA/src/RcppExports.cpp:108
  [PB] has negative depth rENA/src/RcppExports.cpp:120
  [UP] attempt to unprotect more items (1) than protected (0), results will be incomplete rENA/src/RcppExports.cpp:120
  [PB] has possible protection stack imbalance rENA/src/RcppExports.cpp:121

Function _rENA_merge_columns_c_try(SEXPREC*, SEXPREC*, SEXPREC*)
  [UP] ignoring variable <unnamed var:   %17 = alloca %struct.SEXPREC*, align 8> as it has address taken, results will be incomplete 

Function _rENA_ref_window_df
  [UP] unprotected variable rcpp_result_gen while calling allocating function Rf_onintr rENA/src/RcppExports.cpp:248
  [PB] has negative depth rENA/src/RcppExports.cpp:260
  [UP] attempt to unprotect more items (1) than protected (0), results will be incomplete rENA/src/RcppExports.cpp:260
  [PB] has possible protection stack imbalance rENA/src/RcppExports.cpp:261

Function _rENA_ref_window_df_try(SEXPREC*, SEXPREC*, SEXPREC*, SEXPREC*)
  [UP] ignoring variable <unnamed var:   %20 = alloca %struct.SEXPREC*, align 8> as it has address taken, results will be incomplete 

Function _rENA_ref_window_lag
  [UP] unprotected variable rcpp_result_gen while calling allocating function Rf_onintr rENA/src/RcppExports.cpp:284
  [PB] has negative depth rENA/src/RcppExports.cpp:296
  [UP] attempt to unprotect more items (1) than protected (0), results will be incomplete rENA/src/RcppExports.cpp:296
  [PB] has possible protection stack imbalance rENA/src/RcppExports.cpp:297

Function _rENA_ref_window_lag_try(SEXPREC*, SEXPREC*, SEXPREC*)
  [UP] ignoring variable <unnamed var:   %17 = alloca %struct.SEXPREC*, align 8> as it has address taken, results will be incomplete 

Function _rENA_rows_to_co_occurrences
  [UP] unprotected variable rcpp_result_gen while calling allocating function Rf_onintr rENA/src/RcppExports.cpp:211
  [PB] has negative depth rENA/src/RcppExports.cpp:223
  [UP] attempt to unprotect more items (1) than protected (0), results will be incomplete rENA/src/RcppExports.cpp:223
  [PB] has possible protection stack imbalance rENA/src/RcppExports.cpp:224

Function _rENA_rows_to_co_occurrences_try(SEXPREC*, SEXPREC*)
  [UP] ignoring variable <unnamed var:   %14 = alloca %struct.SEXPREC*, align 8> as it has address taken, results will be incomplete 

Function _rENA_svector_to_ut
  [UP] unprotected variable rcpp_result_gen while calling allocating function Rf_onintr rENA/src/RcppExports.cpp:176
  [PB] has negative depth rENA/src/RcppExports.cpp:188
  [UP] attempt to unprotect more items (1) than protected (0), results will be incomplete rENA/src/RcppExports.cpp:188
  [PB] has possible protection stack imbalance rENA/src/RcppExports.cpp:189

Function _rENA_svector_to_ut_try(SEXPREC*)
  [UP] ignoring variable <unnamed var:   %11 = alloca %struct.SEXPREC*, align 8> as it has address taken, results will be incomplete 

Function _rENA_triIndices
  [UP] unprotected variable rcpp_result_gen while calling allocating function Rf_onintr rENA/src/RcppExports.cpp:421
  [PB] has negative depth rENA/src/RcppExports.cpp:433
  [UP] attempt to unprotect more items (1) than protected (0), results will be incomplete rENA/src/RcppExports.cpp:433
  [PB] has possible protection stack imbalance rENA/src/RcppExports.cpp:434

Function _rENA_triIndices_try(SEXPREC*, SEXPREC*)
  [UP] ignoring variable <unnamed var:   %14 = alloca %struct.SEXPREC*, align 8> as it has address taken, results will be incomplete 

Function _rENA_vector_to_ut
  [UP] unprotected variable rcpp_result_gen while calling allocating function Rf_onintr rENA/src/RcppExports.cpp:142
  [PB] has negative depth rENA/src/RcppExports.cpp:154
  [UP] attempt to unprotect more items (1) than protected (0), results will be incomplete rENA/src/RcppExports.cpp:154
  [PB] has possible protection stack imbalance rENA/src/RcppExports.cpp:155

Function _rENA_vector_to_ut_try(SEXPREC*)
  [UP] ignoring variable <unnamed var:   %11 = alloca %struct.SEXPREC*, align 8> as it has address taken, results will be incomplete 

Function void Rcpp::Vector<19, Rcpp::PreserveStorage>::push_back<SEXPREC*>(SEXPREC* const&, std::__1::basic_string<char, std::__1::char_traits<char>, std::__1::allocator<char> > const&)
  [UP] ignoring variable <unnamed var:   %7 = alloca %struct.SEXPREC*, align 8> as it has address taken, results will be incomplete 
