Package rformat version 0.1.0
Package built using 89607/R 4.6.0; x86_64-pc-linux-gnu; 2026-03-13 12:32:42 UTC; unix   
Checked with rchk version 35618ebbccf3cd0b45a3530e6303970a22a9056b LLVM version 14.0.6
More information at https://github.com/kalibera/cran-checks/blob/master/rchk/PROTECT.md
For rchk in docker image see https://github.com/kalibera/rchk/blob/master/doc/DOCKER.md


Function Rcpp::Armor<SEXPREC*>::init(SEXPREC*)
  [PB] has possible protection stack imbalance Rcpp/include/Rcpp/protection/Armor.h:47

Function Rcpp::Armor<SEXPREC*>::~Armor()
  [PB] has negative depth Rcpp/include/Rcpp/protection/Armor.h:41
  [UP] attempt to unprotect more items (1) than protected (0), results will be incomplete Rcpp/include/Rcpp/protection/Armor.h:41
  [PB] has possible protection stack imbalance Rcpp/include/Rcpp/protection/Armor.h:42

Function Rcpp::Rcpp_protect(SEXPREC*)
  [PB] has possible protection stack imbalance Rcpp/include/Rcpp/protection/Shield.h:25

Function Rcpp::Rcpp_unprotect(int)
  [PB] has an unsupported form of unprotect with a variable results will be incomplete Rcpp/include/Rcpp/protection/Shield.h:31
  [UP] unsupported form of unprotect, unprotecting all variables, results will be incomplete Rcpp/include/Rcpp/protection/Shield.h:31

Function Rcpp::internal::convert_using_rfunction(SEXPREC*, char const*)
  [UP] ignoring variable <unnamed var:   %10 = alloca %struct.SEXPREC*, align 8> as it has address taken, results will be incomplete 

Function _rformat_cpp_format_all
  [UP] ignoring variable <unnamed var:   %36 = alloca %struct.SEXPREC*, align 8> as it has address taken, results will be incomplete 

Function _rformat_cpp_format_pipeline
  [UP] ignoring variable <unnamed var:   %36 = alloca %struct.SEXPREC*, align 8> as it has address taken, results will be incomplete 

Function cpp_format_all(std::__1::basic_string<char, std::__1::char_traits<char>, std::__1::allocator<char> >, std::__1::basic_string<char, std::__1::char_traits<char>, std::__1::allocator<char> >, std::__1::basic_string<char, std::__1::char_traits<char>, std::__1::allocator<char> >, bool, std::__1::basic_string<char, std::__1::char_traits<char>, std::__1::allocator<char> >, int, bool, std::__1::basic_string<char, std::__1::char_traits<char>, std::__1::allocator<char> >, bool)
  [UP] calling allocating function Rcpp::DataFrame_Impl<Rcpp::PreserveStorage> Rcpp::as<Rcpp::DataFrame_Impl<Rcpp::PreserveStorage> >(SEXPREC*) with argument allocated using SEXPREC* Rcpp::Function_Impl<Rcpp::PreserveStorage>::operator()<SEXPREC*>(SEXPREC* const&) const rformat/src/format_pipeline.cpp:217

Function cpp_format_pipeline(std::__1::basic_string<char, std::__1::char_traits<char>, std::__1::allocator<char> >, std::__1::basic_string<char, std::__1::char_traits<char>, std::__1::allocator<char> >, std::__1::basic_string<char, std::__1::char_traits<char>, std::__1::allocator<char> >, bool, std::__1::basic_string<char, std::__1::char_traits<char>, std::__1::allocator<char> >, int, bool, std::__1::basic_string<char, std::__1::char_traits<char>, std::__1::allocator<char> >, bool)
  [UP] calling allocating function Rcpp::DataFrame_Impl<Rcpp::PreserveStorage> Rcpp::as<Rcpp::DataFrame_Impl<Rcpp::PreserveStorage> >(SEXPREC*) with argument allocated using SEXPREC* Rcpp::Function_Impl<Rcpp::PreserveStorage>::operator()<SEXPREC*>(SEXPREC* const&) const rformat/src/format_pipeline.cpp:158
