Package rIsing version 0.1.0
Package built using 80923/R 4.2.0; x86_64-pc-linux-gnu; 2021-09-18 21:16:11 UTC; unix   
Checked with rchk version 35d5d01a98903a5f3e9ec166dcdb2f790ecb784f LLVM version 11.0.0
More information at https://github.com/kalibera/cran-checks/blob/master/rchk/PROTECT.md
For rchk in docker image see https://github.com/kalibera/rchk/blob/master/doc/DOCKER.md


Function Rcpp::Rcpp_protect(SEXPREC*)
  [PB] has possible protection stack imbalance Rcpp/include/Rcpp/protection/Shield.h:25

Function Rcpp::Rcpp_unprotect(int)
  [PB] has an unsupported form of unprotect with a variable results will be incomplete Rcpp/include/Rcpp/protection/Shield.h:31
  [UP] unsupported form of unprotect, unprotecting all variables, results will be incomplete Rcpp/include/Rcpp/protection/Shield.h:31

Function logreg_cpp(Rcpp::Matrix<14, Rcpp::PreserveStorage> const&, Rcpp::Vector<14, Rcpp::PreserveStorage> const&, Rcpp::Vector<14, Rcpp::PreserveStorage> const&, Rcpp::Vector<14, Rcpp::PreserveStorage> const&, Rcpp::Vector<14, Rcpp::PreserveStorage> const&, std::__1::vector<double, std::__1::allocator<double> > const&)
  [UP] ignoring variable <unnamed var:   %46 = alloca %struct.SEXPREC*, align 8> as it has address taken, results will be incomplete 
  [UP] ignoring variable <unnamed var:   %50 = alloca %struct.SEXPREC*, align 8> as it has address taken, results will be incomplete 

Function logreg_cpp2(Rcpp::Matrix<14, Rcpp::PreserveStorage> const&, Rcpp::Vector<14, Rcpp::PreserveStorage> const&, Rcpp::Nullable<Rcpp::Vector<14, Rcpp::PreserveStorage> > const&, unsigned int, double, bool)
  [UP] ignoring variable <unnamed var:   %48 = alloca %struct.SEXPREC*, align 8> as it has address taken, results will be incomplete 
  [UP] ignoring variable <unnamed var:   %52 = alloca %struct.SEXPREC*, align 8> as it has address taken, results will be incomplete 
  [UP] ignoring variable <unnamed var:   %56 = alloca %struct.SEXPREC*, align 8> as it has address taken, results will be incomplete 

Function logreg_setup(Rcpp::Vector<14, Rcpp::PreserveStorage> const&, Rcpp::Vector<14, Rcpp::PreserveStorage> const&, bool, bool, unsigned int, double)
  [UP] ignoring variable <unnamed var:   %24 = alloca %struct.SEXPREC*, align 8> as it has address taken, results will be incomplete 
  [UP] ignoring variable <unnamed var:   %28 = alloca %struct.SEXPREC*, align 8> as it has address taken, results will be incomplete 
  [UP] ignoring variable <unnamed var:   %32 = alloca %struct.SEXPREC*, align 8> as it has address taken, results will be incomplete 
  [UP] ignoring variable <unnamed var:   %36 = alloca %struct.SEXPREC*, align 8> as it has address taken, results will be incomplete 
  [UP] ignoring variable <unnamed var:   %41 = alloca %struct.SEXPREC*, align 8> as it has address taken, results will be incomplete 
  [UP] ignoring variable <unnamed var:   %45 = alloca %struct.SEXPREC*, align 8> as it has address taken, results will be incomplete 
  [UP] ignoring variable <unnamed var:   %49 = alloca %struct.SEXPREC*, align 8> as it has address taken, results will be incomplete 

Function rIsing_logreg_cpp
  [UP] ignoring variable <unnamed var:   %27 = alloca %struct.SEXPREC*, align 8> as it has address taken, results will be incomplete 

Function rIsing_logreg_cpp2
  [UP] ignoring variable <unnamed var:   %27 = alloca %struct.SEXPREC*, align 8> as it has address taken, results will be incomplete 

Function rIsing_logreg_setup
  [UP] ignoring variable <unnamed var:   %27 = alloca %struct.SEXPREC*, align 8> as it has address taken, results will be incomplete 

Function rIsing_regpath_ising
  [UP] ignoring variable <unnamed var:   %21 = alloca %struct.SEXPREC*, align 8> as it has address taken, results will be incomplete 
