Package rlas version 1.6.0
Package built using 82419/R 4.3.0; x86_64-pc-linux-gnu; 2022-05-30 03:17:24 UTC; unix   
Checked with rchk version 35d5d01a98903a5f3e9ec166dcdb2f790ecb784f LLVM version 12.0.1
More information at https://github.com/kalibera/cran-checks/blob/master/rchk/PROTECT.md
For rchk in docker image see https://github.com/kalibera/rchk/blob/master/doc/DOCKER.md


Function Rcpp::Armor<SEXPREC*>::init(SEXPREC*)
  [PB] has possible protection stack imbalance Rcpp/include/Rcpp/protection/Armor.h:47

Function Rcpp::Armor<SEXPREC*>::~Armor()
  [PB] has negative depth Rcpp/include/Rcpp/protection/Armor.h:41
  [UP] attempt to unprotect more items (1) than protected (0), results will be incomplete Rcpp/include/Rcpp/protection/Armor.h:41
  [PB] has possible protection stack imbalance Rcpp/include/Rcpp/protection/Armor.h:42

Function Rcpp::Rcpp_protect(SEXPREC*)
  [PB] has possible protection stack imbalance Rcpp/include/Rcpp/protection/Shield.h:25

Function Rcpp::Rcpp_unprotect(int)
  [PB] has an unsupported form of unprotect with a variable results will be incomplete Rcpp/include/Rcpp/protection/Shield.h:31
  [UP] unsupported form of unprotect, unprotecting all variables, results will be incomplete Rcpp/include/Rcpp/protection/Shield.h:31

Function Rcpp::internal::convert_using_rfunction(SEXPREC*, char const*)
  [UP] ignoring variable <unnamed var:   %10 = alloca %struct.SEXPREC*, align 8> as it has address taken, results will be incomplete 

Function _rlas_C_reader
  [UP] ignoring variable <unnamed var:   %24 = alloca %struct.SEXPREC*, align 8> as it has address taken, results will be incomplete 

Function _rlas_R_altrep_full_class
  [UP] ignoring variable <unnamed var:   %12 = alloca %struct.SEXPREC*, align 8> as it has address taken, results will be incomplete 
  [UP] ignoring variable <unnamed var:   %13 = alloca %struct.SEXPREC*, align 8> as it has address taken, results will be incomplete 

Function _rlas_R_compact_rep
  [UP] ignoring variable <unnamed var:   %15 = alloca %struct.SEXPREC*, align 8> as it has address taken, results will be incomplete 
  [UP] ignoring variable <unnamed var:   %16 = alloca %struct.SEXPREC*, align 8> as it has address taken, results will be incomplete 

Function _rlas_R_is_altrep
  [UP] ignoring variable <unnamed var:   %12 = alloca %struct.SEXPREC*, align 8> as it has address taken, results will be incomplete 

Function _rlas_R_is_materialized
  [UP] ignoring variable <unnamed var:   %12 = alloca %struct.SEXPREC*, align 8> as it has address taken, results will be incomplete 

Function _rlas_fast_countbelow
  [UP] ignoring variable <unnamed var:   %15 = alloca %struct.SEXPREC*, align 8> as it has address taken, results will be incomplete 

Function _rlas_fast_countequal
  [UP] ignoring variable <unnamed var:   %15 = alloca %struct.SEXPREC*, align 8> as it has address taken, results will be incomplete 

Function _rlas_fast_countover
  [UP] ignoring variable <unnamed var:   %15 = alloca %struct.SEXPREC*, align 8> as it has address taken, results will be incomplete 

Function _rlas_fast_decimal_count
  [UP] ignoring variable <unnamed var:   %12 = alloca %struct.SEXPREC*, align 8> as it has address taken, results will be incomplete 

Function _rlas_lasheaderreader
  [UP] ignoring variable <unnamed var:   %12 = alloca %struct.SEXPREC*, align 8> as it has address taken, results will be incomplete 

Function void Rcpp::Vector<16, Rcpp::PreserveStorage>::push_back<char [10]>(char const (&) [10])
  [UP] ignoring variable <unnamed var:   %5 = alloca %struct.SEXPREC*, align 8> as it has address taken, results will be incomplete 

Function void Rcpp::Vector<16, Rcpp::PreserveStorage>::push_back<char [12]>(char const (&) [12])
  [UP] ignoring variable <unnamed var:   %5 = alloca %struct.SEXPREC*, align 8> as it has address taken, results will be incomplete 

Function void Rcpp::Vector<16, Rcpp::PreserveStorage>::push_back<char [13]>(char const (&) [13])
  [UP] ignoring variable <unnamed var:   %5 = alloca %struct.SEXPREC*, align 8> as it has address taken, results will be incomplete 

Function void Rcpp::Vector<16, Rcpp::PreserveStorage>::push_back<char [14]>(char const (&) [14])
  [UP] ignoring variable <unnamed var:   %5 = alloca %struct.SEXPREC*, align 8> as it has address taken, results will be incomplete 

Function void Rcpp::Vector<16, Rcpp::PreserveStorage>::push_back<char [15]>(char const (&) [15])
  [UP] ignoring variable <unnamed var:   %5 = alloca %struct.SEXPREC*, align 8> as it has address taken, results will be incomplete 

Function void Rcpp::Vector<16, Rcpp::PreserveStorage>::push_back<char [16]>(char const (&) [16])
  [UP] ignoring variable <unnamed var:   %5 = alloca %struct.SEXPREC*, align 8> as it has address taken, results will be incomplete 

Function void Rcpp::Vector<16, Rcpp::PreserveStorage>::push_back<char [17]>(char const (&) [17])
  [UP] ignoring variable <unnamed var:   %5 = alloca %struct.SEXPREC*, align 8> as it has address taken, results will be incomplete 

Function void Rcpp::Vector<16, Rcpp::PreserveStorage>::push_back<char [18]>(char const (&) [18])
  [UP] ignoring variable <unnamed var:   %5 = alloca %struct.SEXPREC*, align 8> as it has address taken, results will be incomplete 

Function void Rcpp::Vector<16, Rcpp::PreserveStorage>::push_back<char [19]>(char const (&) [19])
  [UP] ignoring variable <unnamed var:   %5 = alloca %struct.SEXPREC*, align 8> as it has address taken, results will be incomplete 

Function void Rcpp::Vector<16, Rcpp::PreserveStorage>::push_back<char [20]>(char const (&) [20])
  [UP] ignoring variable <unnamed var:   %5 = alloca %struct.SEXPREC*, align 8> as it has address taken, results will be incomplete 

Function void Rcpp::Vector<16, Rcpp::PreserveStorage>::push_back<char [21]>(char const (&) [21])
  [UP] ignoring variable <unnamed var:   %5 = alloca %struct.SEXPREC*, align 8> as it has address taken, results will be incomplete 

Function void Rcpp::Vector<16, Rcpp::PreserveStorage>::push_back<char [24]>(char const (&) [24])
  [UP] ignoring variable <unnamed var:   %5 = alloca %struct.SEXPREC*, align 8> as it has address taken, results will be incomplete 

Function void Rcpp::Vector<16, Rcpp::PreserveStorage>::push_back<char [25]>(char const (&) [25])
  [UP] ignoring variable <unnamed var:   %5 = alloca %struct.SEXPREC*, align 8> as it has address taken, results will be incomplete 

Function void Rcpp::Vector<16, Rcpp::PreserveStorage>::push_back<char [26]>(char const (&) [26])
  [UP] ignoring variable <unnamed var:   %5 = alloca %struct.SEXPREC*, align 8> as it has address taken, results will be incomplete 

Function void Rcpp::Vector<16, Rcpp::PreserveStorage>::push_back<char [27]>(char const (&) [27])
  [UP] ignoring variable <unnamed var:   %5 = alloca %struct.SEXPREC*, align 8> as it has address taken, results will be incomplete 

Function void Rcpp::Vector<16, Rcpp::PreserveStorage>::push_back<char [2]>(char const (&) [2])
  [UP] ignoring variable <unnamed var:   %5 = alloca %struct.SEXPREC*, align 8> as it has address taken, results will be incomplete 

Function void Rcpp::Vector<16, Rcpp::PreserveStorage>::push_back<char [33]>(char const (&) [33])
  [UP] ignoring variable <unnamed var:   %5 = alloca %struct.SEXPREC*, align 8> as it has address taken, results will be incomplete 

Function void Rcpp::Vector<16, Rcpp::PreserveStorage>::push_back<char [34]>(char const (&) [34])
  [UP] ignoring variable <unnamed var:   %5 = alloca %struct.SEXPREC*, align 8> as it has address taken, results will be incomplete 

Function void Rcpp::Vector<16, Rcpp::PreserveStorage>::push_back<char [3]>(char const (&) [3])
  [UP] ignoring variable <unnamed var:   %5 = alloca %struct.SEXPREC*, align 8> as it has address taken, results will be incomplete 

Function void Rcpp::Vector<16, Rcpp::PreserveStorage>::push_back<char [4]>(char const (&) [4])
  [UP] ignoring variable <unnamed var:   %5 = alloca %struct.SEXPREC*, align 8> as it has address taken, results will be incomplete 

Function void Rcpp::Vector<16, Rcpp::PreserveStorage>::push_back<char [6]>(char const (&) [6])
  [UP] ignoring variable <unnamed var:   %5 = alloca %struct.SEXPREC*, align 8> as it has address taken, results will be incomplete 

Function void Rcpp::Vector<16, Rcpp::PreserveStorage>::push_back<char [8]>(char const (&) [8])
  [UP] ignoring variable <unnamed var:   %5 = alloca %struct.SEXPREC*, align 8> as it has address taken, results will be incomplete 

Function void Rcpp::Vector<16, Rcpp::PreserveStorage>::push_back<char [9]>(char const (&) [9])
  [UP] ignoring variable <unnamed var:   %5 = alloca %struct.SEXPREC*, align 8> as it has address taken, results will be incomplete 

Function void Rcpp::Vector<16, Rcpp::PreserveStorage>::push_back<std::__1::basic_string<char, std::__1::char_traits<char>, std::__1::allocator<char> > >(std::__1::basic_string<char, std::__1::char_traits<char>, std::__1::allocator<char> > const&)
  [UP] ignoring variable <unnamed var:   %5 = alloca %struct.SEXPREC*, align 8> as it has address taken, results will be incomplete 

Function void Rcpp::Vector<19, Rcpp::PreserveStorage>::push_back<Rcpp::Vector<13, Rcpp::PreserveStorage> >(Rcpp::Vector<13, Rcpp::PreserveStorage> const&)
  [UP] ignoring variable <unnamed var:   %5 = alloca %struct.SEXPREC*, align 8> as it has address taken, results will be incomplete 

Function void Rcpp::Vector<19, Rcpp::PreserveStorage>::push_back<Rcpp::Vector<14, Rcpp::PreserveStorage> >(Rcpp::Vector<14, Rcpp::PreserveStorage> const&)
  [UP] ignoring variable <unnamed var:   %5 = alloca %struct.SEXPREC*, align 8> as it has address taken, results will be incomplete 

Function void Rcpp::Vector<19, Rcpp::PreserveStorage>::push_back<Rcpp::Vector<16, Rcpp::PreserveStorage> >(Rcpp::Vector<16, Rcpp::PreserveStorage> const&)
  [UP] ignoring variable <unnamed var:   %5 = alloca %struct.SEXPREC*, align 8> as it has address taken, results will be incomplete 

Function void Rcpp::Vector<19, Rcpp::PreserveStorage>::push_back<Rcpp::Vector<19, Rcpp::PreserveStorage> >(Rcpp::Vector<19, Rcpp::PreserveStorage> const&)
  [UP] ignoring variable <unnamed var:   %5 = alloca %struct.SEXPREC*, align 8> as it has address taken, results will be incomplete 

Function void Rcpp::Vector<19, Rcpp::PreserveStorage>::push_back<char [10]>(char const (&) [10])
  [UP] ignoring variable <unnamed var:   %5 = alloca %struct.SEXPREC*, align 8> as it has address taken, results will be incomplete 

Function void Rcpp::Vector<19, Rcpp::PreserveStorage>::push_back<char [11]>(char const (&) [11])
  [UP] ignoring variable <unnamed var:   %5 = alloca %struct.SEXPREC*, align 8> as it has address taken, results will be incomplete 

Function void Rcpp::Vector<19, Rcpp::PreserveStorage>::push_back<char [12]>(char const (&) [12])
  [UP] ignoring variable <unnamed var:   %5 = alloca %struct.SEXPREC*, align 8> as it has address taken, results will be incomplete 

Function void Rcpp::Vector<19, Rcpp::PreserveStorage>::push_back<char [14]>(char const (&) [14])
  [UP] ignoring variable <unnamed var:   %5 = alloca %struct.SEXPREC*, align 8> as it has address taken, results will be incomplete 

Function void Rcpp::Vector<19, Rcpp::PreserveStorage>::push_back<char [16]>(char const (&) [16])
  [UP] ignoring variable <unnamed var:   %5 = alloca %struct.SEXPREC*, align 8> as it has address taken, results will be incomplete 

Function void Rcpp::Vector<19, Rcpp::PreserveStorage>::push_back<char [18]>(char const (&) [18])
  [UP] ignoring variable <unnamed var:   %5 = alloca %struct.SEXPREC*, align 8> as it has address taken, results will be incomplete 

Function void Rcpp::Vector<19, Rcpp::PreserveStorage>::push_back<char [19]>(char const (&) [19])
  [UP] ignoring variable <unnamed var:   %5 = alloca %struct.SEXPREC*, align 8> as it has address taken, results will be incomplete 

Function void Rcpp::Vector<19, Rcpp::PreserveStorage>::push_back<char [23]>(char const (&) [23])
  [UP] ignoring variable <unnamed var:   %5 = alloca %struct.SEXPREC*, align 8> as it has address taken, results will be incomplete 

Function void Rcpp::Vector<19, Rcpp::PreserveStorage>::push_back<char [24]>(char const (&) [24])
  [UP] ignoring variable <unnamed var:   %5 = alloca %struct.SEXPREC*, align 8> as it has address taken, results will be incomplete 

Function void Rcpp::Vector<19, Rcpp::PreserveStorage>::push_back<char [26]>(char const (&) [26])
  [UP] ignoring variable <unnamed var:   %5 = alloca %struct.SEXPREC*, align 8> as it has address taken, results will be incomplete 

Function void Rcpp::Vector<19, Rcpp::PreserveStorage>::push_back<char [32]>(char const (&) [32])
  [UP] ignoring variable <unnamed var:   %5 = alloca %struct.SEXPREC*, align 8> as it has address taken, results will be incomplete 

Function void Rcpp::Vector<19, Rcpp::PreserveStorage>::push_back<char [4]>(char const (&) [4])
  [UP] ignoring variable <unnamed var:   %5 = alloca %struct.SEXPREC*, align 8> as it has address taken, results will be incomplete 

Function void Rcpp::Vector<19, Rcpp::PreserveStorage>::push_back<char [5]>(char const (&) [5])
  [UP] ignoring variable <unnamed var:   %5 = alloca %struct.SEXPREC*, align 8> as it has address taken, results will be incomplete 

Function void Rcpp::Vector<19, Rcpp::PreserveStorage>::push_back<char [6]>(char const (&) [6])
  [UP] ignoring variable <unnamed var:   %5 = alloca %struct.SEXPREC*, align 8> as it has address taken, results will be incomplete 

Function void Rcpp::Vector<19, Rcpp::PreserveStorage>::push_back<char [7]>(char const (&) [7])
  [UP] ignoring variable <unnamed var:   %5 = alloca %struct.SEXPREC*, align 8> as it has address taken, results will be incomplete 

Function void Rcpp::Vector<19, Rcpp::PreserveStorage>::push_back<char [8]>(char const (&) [8])
  [UP] ignoring variable <unnamed var:   %5 = alloca %struct.SEXPREC*, align 8> as it has address taken, results will be incomplete 

Function void Rcpp::Vector<19, Rcpp::PreserveStorage>::push_back<char [9]>(char const (&) [9])
  [UP] ignoring variable <unnamed var:   %5 = alloca %struct.SEXPREC*, align 8> as it has address taken, results will be incomplete 

Function void Rcpp::Vector<19, Rcpp::PreserveStorage>::push_back<double>(double const&)
  [UP] ignoring variable <unnamed var:   %5 = alloca %struct.SEXPREC*, align 8> as it has address taken, results will be incomplete 

Function void Rcpp::Vector<19, Rcpp::PreserveStorage>::push_back<int>(int const&)
  [UP] ignoring variable <unnamed var:   %5 = alloca %struct.SEXPREC*, align 8> as it has address taken, results will be incomplete 

Function void Rcpp::Vector<19, Rcpp::PreserveStorage>::push_back<long long>(long long const&)
  [UP] ignoring variable <unnamed var:   %5 = alloca %struct.SEXPREC*, align 8> as it has address taken, results will be incomplete 

Function void Rcpp::Vector<19, Rcpp::PreserveStorage>::push_back<short>(short const&)
  [UP] ignoring variable <unnamed var:   %5 = alloca %struct.SEXPREC*, align 8> as it has address taken, results will be incomplete 

Function void Rcpp::Vector<19, Rcpp::PreserveStorage>::push_back<std::__1::basic_string<char, std::__1::char_traits<char>, std::__1::allocator<char> > >(std::__1::basic_string<char, std::__1::char_traits<char>, std::__1::allocator<char> > const&)
  [UP] ignoring variable <unnamed var:   %5 = alloca %struct.SEXPREC*, align 8> as it has address taken, results will be incomplete 

Function void Rcpp::Vector<19, Rcpp::PreserveStorage>::push_back<std::__1::vector<bool, std::__1::allocator<bool> > >(std::__1::vector<bool, std::__1::allocator<bool> > const&)
  [UP] ignoring variable <unnamed var:   %5 = alloca %struct.SEXPREC*, align 8> as it has address taken, results will be incomplete 

Function void Rcpp::Vector<19, Rcpp::PreserveStorage>::push_back<std::__1::vector<double, std::__1::allocator<double> > >(std::__1::vector<double, std::__1::allocator<double> > const&)
  [UP] ignoring variable <unnamed var:   %5 = alloca %struct.SEXPREC*, align 8> as it has address taken, results will be incomplete 

Function void Rcpp::Vector<19, Rcpp::PreserveStorage>::push_back<std::__1::vector<float, std::__1::allocator<float> > >(std::__1::vector<float, std::__1::allocator<float> > const&)
  [UP] ignoring variable <unnamed var:   %5 = alloca %struct.SEXPREC*, align 8> as it has address taken, results will be incomplete 

Function void Rcpp::Vector<19, Rcpp::PreserveStorage>::push_back<std::__1::vector<int, std::__1::allocator<int> > >(std::__1::vector<int, std::__1::allocator<int> > const&)
  [UP] ignoring variable <unnamed var:   %5 = alloca %struct.SEXPREC*, align 8> as it has address taken, results will be incomplete 

Function void Rcpp::Vector<19, Rcpp::PreserveStorage>::push_back<std::__1::vector<short, std::__1::allocator<short> > >(std::__1::vector<short, std::__1::allocator<short> > const&)
  [UP] ignoring variable <unnamed var:   %5 = alloca %struct.SEXPREC*, align 8> as it has address taken, results will be incomplete 

Function void Rcpp::Vector<19, Rcpp::PreserveStorage>::push_back<std::__1::vector<std::__1::vector<int, std::__1::allocator<int> >, std::__1::allocator<std::__1::vector<int, std::__1::allocator<int> > > > >(std::__1::vector<std::__1::vector<int, std::__1::allocator<int> >, std::__1::allocator<std::__1::vector<int, std::__1::allocator<int> > > > const&)
  [UP] ignoring variable <unnamed var:   %5 = alloca %struct.SEXPREC*, align 8> as it has address taken, results will be incomplete 

Function void Rcpp::Vector<19, Rcpp::PreserveStorage>::push_back<std::__1::vector<unsigned int, std::__1::allocator<unsigned int> > >(std::__1::vector<unsigned int, std::__1::allocator<unsigned int> > const&)
  [UP] ignoring variable <unnamed var:   %5 = alloca %struct.SEXPREC*, align 8> as it has address taken, results will be incomplete 

Function void Rcpp::Vector<19, Rcpp::PreserveStorage>::push_back<std::__1::vector<unsigned long long, std::__1::allocator<unsigned long long> > >(std::__1::vector<unsigned long long, std::__1::allocator<unsigned long long> > const&)
  [UP] ignoring variable <unnamed var:   %5 = alloca %struct.SEXPREC*, align 8> as it has address taken, results will be incomplete 

Function void Rcpp::Vector<19, Rcpp::PreserveStorage>::push_back<std::__1::vector<unsigned short, std::__1::allocator<unsigned short> > >(std::__1::vector<unsigned short, std::__1::allocator<unsigned short> > const&)
  [UP] ignoring variable <unnamed var:   %5 = alloca %struct.SEXPREC*, align 8> as it has address taken, results will be incomplete 

Function void Rcpp::Vector<19, Rcpp::PreserveStorage>::push_back<unsigned int>(unsigned int const&)
  [UP] ignoring variable <unnamed var:   %5 = alloca %struct.SEXPREC*, align 8> as it has address taken, results will be incomplete 

Function void Rcpp::Vector<19, Rcpp::PreserveStorage>::push_back<unsigned short>(unsigned short const&)
  [UP] ignoring variable <unnamed var:   %5 = alloca %struct.SEXPREC*, align 8> as it has address taken, results will be incomplete 
