Package rmatio version 0.14.0
Package built using 76260/R 3.6.0; x86_64-pc-linux-gnu; 2019-03-22 13:18:36 UTC; unix   
Checked with rchk version 6d8483c5be1eff92b9772065e2744ae221981c33
More information at https://github.com/kalibera/cran-checks/blob/master/rchk/PROTECT.md

ERROR: too many states (abstraction error?) in function read_cell_array_with_arrays

Function read_cell_array_with_arrays
  [UP] protect stack is too deep, unprotecting all variables, results will be incomplete
  [UP] unprotected variable cell while calling allocating function Rf_allocVector /var/scratch2/tomas/cran/rchk/pkgbuild/l7X25bIm/rmatio/src/rmatio.c:2982
  [UP] allocating function read_logical(V,?,?) may destroy its unprotected argument (cell <arg 1>), which is later used. /var/scratch2/tomas/cran/rchk/pkgbuild/l7X25bIm/rmatio/src/rmatio.c:3006
  [UP] calling allocating function read_logical(V,?,?) with a fresh pointer (cell <arg 1>) /var/scratch2/tomas/cran/rchk/pkgbuild/l7X25bIm/rmatio/src/rmatio.c:3006
  [UP] allocating function read_mat_complex(V,?,?) may destroy its unprotected argument (cell <arg 1>), which is later used. /var/scratch2/tomas/cran/rchk/pkgbuild/l7X25bIm/rmatio/src/rmatio.c:3008
  [UP] calling allocating function read_mat_complex(V,?,?) with a fresh pointer (cell <arg 1>) /var/scratch2/tomas/cran/rchk/pkgbuild/l7X25bIm/rmatio/src/rmatio.c:3008
  [UP] allocating function read_mat_data(V,?,?) may destroy its unprotected argument (cell <arg 1>), which is later used. /var/scratch2/tomas/cran/rchk/pkgbuild/l7X25bIm/rmatio/src/rmatio.c:3010
  [UP] calling allocating function read_mat_data(V,?,?) with a fresh pointer (cell <arg 1>) /var/scratch2/tomas/cran/rchk/pkgbuild/l7X25bIm/rmatio/src/rmatio.c:3010
  [UP] unprotected variable cell while calling allocating function read_logical /var/scratch2/tomas/cran/rchk/pkgbuild/l7X25bIm/rmatio/src/rmatio.c:3013
  [UP] unprotected variable cell while calling allocating function read_mat_complex /var/scratch2/tomas/cran/rchk/pkgbuild/l7X25bIm/rmatio/src/rmatio.c:3015
  [UP] unprotected variable cell while calling allocating function read_mat_data /var/scratch2/tomas/cran/rchk/pkgbuild/l7X25bIm/rmatio/src/rmatio.c:3017
  [UP] allocating function read_sparse(V,?,?) may destroy its unprotected argument (cell <arg 1>), which is later used. /var/scratch2/tomas/cran/rchk/pkgbuild/l7X25bIm/rmatio/src/rmatio.c:3023
  [UP] calling allocating function read_sparse(V,?,?) with a fresh pointer (cell <arg 1>) /var/scratch2/tomas/cran/rchk/pkgbuild/l7X25bIm/rmatio/src/rmatio.c:3023
  [UP] unprotected variable cell while calling allocating function read_sparse /var/scratch2/tomas/cran/rchk/pkgbuild/l7X25bIm/rmatio/src/rmatio.c:3025
  [UP] allocating function read_mat_char(V,?,?) may destroy its unprotected argument (cell <arg 1>), which is later used. /var/scratch2/tomas/cran/rchk/pkgbuild/l7X25bIm/rmatio/src/rmatio.c:3030
  [UP] calling allocating function read_mat_char(V,?,?) with a fresh pointer (cell <arg 1>) /var/scratch2/tomas/cran/rchk/pkgbuild/l7X25bIm/rmatio/src/rmatio.c:3030
  [UP] unprotected variable cell while calling allocating function read_mat_char /var/scratch2/tomas/cran/rchk/pkgbuild/l7X25bIm/rmatio/src/rmatio.c:3032
  [UP] allocating function read_mat_struct(V,?,?) may destroy its unprotected argument (cell <arg 1>), which is later used. /var/scratch2/tomas/cran/rchk/pkgbuild/l7X25bIm/rmatio/src/rmatio.c:3037
  [UP] calling allocating function read_mat_struct(V,?,?) with a fresh pointer (cell <arg 1>) /var/scratch2/tomas/cran/rchk/pkgbuild/l7X25bIm/rmatio/src/rmatio.c:3037
  [UP] unprotected variable cell while calling allocating function read_mat_struct /var/scratch2/tomas/cran/rchk/pkgbuild/l7X25bIm/rmatio/src/rmatio.c:3039
  [UP] allocating function read_mat_cell(V,?,?) may destroy its unprotected argument (cell <arg 1>), which is later used. /var/scratch2/tomas/cran/rchk/pkgbuild/l7X25bIm/rmatio/src/rmatio.c:3044
  [UP] calling allocating function read_mat_cell(V,?,?) with a fresh pointer (cell <arg 1>) /var/scratch2/tomas/cran/rchk/pkgbuild/l7X25bIm/rmatio/src/rmatio.c:3044
  [UP] unprotected variable cell while calling allocating function read_mat_cell /var/scratch2/tomas/cran/rchk/pkgbuild/l7X25bIm/rmatio/src/rmatio.c:3046
  [PB] has negative depth /var/scratch2/tomas/cran/rchk/pkgbuild/l7X25bIm/rmatio/src/rmatio.c:3060
  [UP] attempt to unprotect more items (1) than protected (0), results will be incomplete /var/scratch2/tomas/cERROR: too many states (abstraction error?) in function read_structure_array_with_fields
ran/rchk/pkgbuild/l7X25bIm/rmatio/src/rmatio.c:3060
  [UP] unsupported form of unprotect, unprotecting all variables, results will be incomplete /var/scratch2/tomas/cran/rchk/pkgbuild/l7X25bIm/rmatio/src/rmatio.c:3069
  [PB] has possible protection stack imbalance /var/scratch2/tomas/cran/rchk/pkgbuild/l7X25bIm/rmatio/src/rmatio.c:3072

Function read_structure_array_with_fields
  [UP] protect stack is too deep, unprotecting all variables, results will be incomplete
  [UP] protect stack is too deep, unprotecting all variables, results will be incomplete
  [UP] protect stack is too deep, unprotecting all variables, results will be incomplete
  [UP] unprotected variable names while calling allocating function Rf_mkChar /var/scratch2/tomas/cran/rchk/pkgbuild/l7X25bIm/rmatio/src/rmatio.c:2573
  [UP] unprotected variable struc while calling allocating function Rf_mkChar /var/scratch2/tomas/cran/rchk/pkgbuild/l7X25bIm/rmatio/src/rmatio.c:2573
  [UP] unprotected variable names while calling allocating function Rf_allocVector /var/scratch2/tomas/cran/rchk/pkgbuild/l7X25bIm/rmatio/src/rmatio.c:2577
  [UP] unprotected variable struc while calling allocating function Rf_allocVector /var/scratch2/tomas/cran/rchk/pkgbuild/l7X25bIm/rmatio/src/rmatio.c:2577
  [UP] unprotected variable names while calling allocating function Rf_allocVector /var/scratch2/tomas/cran/rchk/pkgbuild/l7X25bIm/rmatio/src/rmatio.c:2587
  [UP] unprotected variable struc while calling allocating function Rf_allocVector /var/scratch2/tomas/cran/rchk/pkgbuild/l7X25bIm/rmatio/src/rmatio.c:2587
  [UP] unprotected variable names while calling allocating function read_logical /var/scratch2/tomas/cran/rchk/pkgbuild/l7X25bIm/rmatio/src/rmatio.c:2611
  [UP] unprotected variable struc while calling allocating function read_logical /var/scratch2/tomas/cran/rchk/pkgbuild/l7X25bIm/rmatio/src/rmatio.c:2611
  [UP] unprotected variable names while calling allocating function read_mat_complex /var/scratch2/tomas/cran/rchk/pkgbuild/l7X25bIm/rmatio/src/rmatio.c:2613
  [UP] unprotected variable struc while calling allocating function read_mat_complex /var/scratch2/tomas/cran/rchk/pkgbuild/l7X25bIm/rmatio/src/rmatio.c:2613
  [UP] unprotected variable names while calling allocating function read_mat_data /var/scratch2/tomas/cran/rchk/pkgbuild/l7X25bIm/rmatio/src/rmatio.c:2615
  [UP] unprotected variable struc while calling allocating function read_mat_data /var/scratch2/tomas/cran/rchk/pkgbuild/l7X25bIm/rmatio/src/rmatio.c:2615
  [UP] unprotected variable names while calling allocating function read_sparse /var/scratch2/tomas/cran/rchk/pkgbuild/l7X25bIm/rmatio/src/rmatio.c:2619
  [UP] unprotected variable names while calling allocating function read_sparse(V,?,?) /var/scratch2/tomas/cran/rchk/pkgbuild/l7X25bIm/rmatio/src/rmatio.c:2619
  [UP] unprotected variable struc while calling allocating function read_sparse /var/scratch2/tomas/cran/rchk/pkgbuild/l7X25bIm/rmatio/src/rmatio.c:2619
  [UP] unprotected variable struc while calling allocating function read_sparse(V,?,?) /var/scratch2/tomas/cran/rchk/pkgbuild/l7X25bIm/rmatio/src/rmatio.c:2619
  [UP] unprotected variable names while calling allocating function Rf_mkChar /var/scratch2/tomas/cran/rchk/pkgbuild/l7X25bIm/rmatio/src/rmatio.c:2635
  [UP] unprotected variable struc while calling allocating function Rf_mkChar /var/scratch2/tomas/cran/rchk/pkgbuild/l7X25bIm/rmatio/src/rmatio.c:2635
  [UP] allocating function read_mat_cell(V,?,?) may destroy its unprotected argument (struc <arg 1>), which is later used. /var/scratch2/tomas/cran/rchk/pkgbuild/l7X25bIm/rmatio/src/rmatio.c:2647
  [UP] calling allocating function read_mat_cell(V,?,?) with a fresh pointer (struc <arg 1>) /var/scratch2/tomas/cran/rchk/pkgbuild/l7X25bIm/rmatio/src/rmatio.c:2647
  [UP] unprotected variable names while calling allocating function read_mat_cell(V,?,?) /var/scratch2/tomas/cran/rchk/pkgbuild/l7X25bIm/rmatio/src/rmatio.c:2647
  [UP] allocating function read_mat_struct(V,?,?) may destroy its unprotected argument (struc <arg 1>), which is later used. /var/scratch2/tomas/cran/rchk/pkgbuild/l7X25bIm/rmatio/src/rmatio.c:2651
  [UP] calling allocating function read_mat_struct(V,?,?) with a fresh pointer (struc <arg 1>) /var/scratch2/tomas/cran/rchk/pkgbuild/l7X25bIm/rmatio/src/rmatio.c:2651
  [UP] unprotected variable names while calling allocating function read_mat_struct(V,?,?) /var/scratch2/tomas/cran/rchk/pkgbuild/l7X25bIm/rmatio/src/rmatio.c:2651
  [UP] unprotected variable names while calling allocating function Rf_warning /var/scratch2/tomas/cran/rchk/pkgbuild/l7X25bIm/rmatio/src/rmatio.c:2661
  [UP] unprotected variable struc while calling allocating function Rf_warning /var/scratch2/tomas/cran/rchk/pkgbuild/l7X25bIm/rmatio/src/rmatio.c:2661
  [PB] has negative depth /var/scratch2/tomas/cran/rchk/pkgbuild/l7X25bIm/rmatio/src/rmatio.c:2675
  [UP] attempt to unprotect more items (1) than protected (0), results will be incomplete /var/scratch2/tomas/cran/rchk/pkgbuild/l7X25bIm/rmatio/src/rmatio.c:2675
  [UP] unsupported form of unprotect, unprotecting all variables, results will be incomplete /var/scratch2/tomas/cran/rchk/pkgbuild/l7X25bIm/rmatio/src/rmatio.c:2685
  [PB] has possible protection stack imbalance /var/scratch2/tomas/cran/rchk/pkgbuild/l7X25bIm/rmatio/src/rmatio.c:2688
Analyzed 178 functions, traversed 12017919 states.
