Package roben version 0.1.1
Package built using 86189/R 4.4.0; x86_64-pc-linux-gnu; 2024-03-26 00:34:43 UTC; unix   
Checked with rchk version fdc068715daa3a256062cc20e0d4a5157dacc9a4 LLVM version 14.0.6
More information at https://github.com/kalibera/cran-checks/blob/master/rchk/PROTECT.md
For rchk in docker image see https://github.com/kalibera/rchk/blob/master/doc/DOCKER.md


Function Rcpp::Rcpp_protect(SEXPREC*)
  [PB] has possible protection stack imbalance Rcpp/include/Rcpp/protection/Shield.h:25

Function Rcpp::Rcpp_unprotect(int)
  [PB] has an unsupported form of unprotect with a variable results will be incomplete Rcpp/include/Rcpp/protection/Shield.h:31
  [UP] unsupported form of unprotect, unprotecting all variables, results will be incomplete Rcpp/include/Rcpp/protection/Shield.h:31

Function _roben_BGL
  [UP] ignoring variable <unnamed var:   %60 = alloca %struct.SEXPREC*, align 8> as it has address taken, results will be incomplete 

Function _roben_BGLPointMass
  [UP] ignoring variable <unnamed var:   %69 = alloca %struct.SEXPREC*, align 8> as it has address taken, results will be incomplete 

Function _roben_BL_SS
  [UP] ignoring variable <unnamed var:   %63 = alloca %struct.SEXPREC*, align 8> as it has address taken, results will be incomplete 

Function _roben_BLasso
  [UP] ignoring variable <unnamed var:   %54 = alloca %struct.SEXPREC*, align 8> as it has address taken, results will be incomplete 

Function _roben_BRGL
  [UP] ignoring variable <unnamed var:   %66 = alloca %struct.SEXPREC*, align 8> as it has address taken, results will be incomplete 

Function _roben_BRGL_SS
  [UP] ignoring variable <unnamed var:   %75 = alloca %struct.SEXPREC*, align 8> as it has address taken, results will be incomplete 

Function _roben_BRL
  [UP] ignoring variable <unnamed var:   %60 = alloca %struct.SEXPREC*, align 8> as it has address taken, results will be incomplete 

Function _roben_BRL_SS
  [UP] ignoring variable <unnamed var:   %69 = alloca %struct.SEXPREC*, align 8> as it has address taken, results will be incomplete 

Function _roben_BRSGL
  [UP] ignoring variable <unnamed var:   %81 = alloca %struct.SEXPREC*, align 8> as it has address taken, results will be incomplete 

Function _roben_BRSGL_SS
  [UP] ignoring variable <unnamed var:   %87 = alloca %struct.SEXPREC*, align 8> as it has address taken, results will be incomplete 

Function _roben_BSGL
  [UP] ignoring variable <unnamed var:   %72 = alloca %struct.SEXPREC*, align 8> as it has address taken, results will be incomplete 

Function _roben_BSGL_SS
  [UP] ignoring variable <unnamed var:   %78 = alloca %struct.SEXPREC*, align 8> as it has address taken, results will be incomplete 
