Package robustlmm version 3.4-2
Package built using 89350/R 4.6.0; x86_64-pc-linux-gnu; 2026-01-30 17:11:51 UTC; unix   
Checked with rchk version 35618ebbccf3cd0b45a3530e6303970a22a9056b LLVM version 14.0.6
More information at https://github.com/kalibera/cran-checks/blob/master/rchk/PROTECT.md
For rchk in docker image see https://github.com/kalibera/rchk/blob/master/doc/DOCKER.md


Function Rcpp::Armor<SEXPREC*>::init(SEXPREC*)
  [PB] has possible protection stack imbalance Rcpp/include/Rcpp/protection/Armor.h:47

Function Rcpp::Armor<SEXPREC*>::~Armor()
  [PB] has negative depth Rcpp/include/Rcpp/protection/Armor.h:41
  [UP] attempt to unprotect more items (1) than protected (0), results will be incomplete Rcpp/include/Rcpp/protection/Armor.h:41
  [PB] has possible protection stack imbalance Rcpp/include/Rcpp/protection/Armor.h:42

Function Rcpp::Environment_Impl<Rcpp::PreserveStorage>::Rcpp_namespace()
  [UP] calling allocating function Rcpp::Environment_Impl<Rcpp::PreserveStorage>::Environment_Impl(SEXPREC*) with argument allocated using Rcpp::internal::get_Rcpp_namespace() Rcpp/include/Rcpp/Environment.h:365

Function Rcpp::Rcpp_protect(SEXPREC*)
  [PB] has possible protection stack imbalance Rcpp/include/Rcpp/protection/Shield.h:25

Function Rcpp::Rcpp_unprotect(int)
  [PB] has an unsupported form of unprotect with a variable results will be incomplete Rcpp/include/Rcpp/protection/Shield.h:31
  [UP] unsupported form of unprotect, unprotecting all variables, results will be incomplete Rcpp/include/Rcpp/protection/Shield.h:31

Function Rcpp::S4_Impl<Rcpp::PreserveStorage>::S4_Impl(std::__1::basic_string<char, std::__1::char_traits<char>, std::__1::allocator<char> > const&)
  [UP] calling allocating function R_do_new_object with argument allocated using R_do_MAKE_CLASS Rcpp/include/Rcpp/S4.h:57

Function Rcpp::SlotProxyPolicy<Rcpp::S4_Impl<Rcpp::PreserveStorage> >::hasSlot(std::__1::basic_string<char, std::__1::char_traits<char>, std::__1::allocator<char> > const&) const
  [UP] calling allocating function R_has_slot(?,V) with argument allocated using Rf_mkString Rcpp/include/Rcpp/proxy/SlotProxy.h:97

Function Rcpp::class_<HuberPsi>::invoke(SEXPREC*, SEXPREC*, SEXPREC**, int)
  [UP] ignoring variable <unnamed var:   %28 = alloca %struct.SEXPREC*, align 8> as it has address taken, results will be incomplete 

Function Rcpp::class_<PsiFunction>::invoke(SEXPREC*, SEXPREC*, SEXPREC**, int)
  [UP] ignoring variable <unnamed var:   %28 = alloca %struct.SEXPREC*, align 8> as it has address taken, results will be incomplete 

Function Rcpp::class_<PsiFunctionPropII>::invoke(SEXPREC*, SEXPREC*, SEXPREC**, int)
  [UP] ignoring variable <unnamed var:   %28 = alloca %struct.SEXPREC*, align 8> as it has address taken, results will be incomplete 

Function Rcpp::class_<SmoothPsi>::invoke(SEXPREC*, SEXPREC*, SEXPREC**, int)
  [UP] ignoring variable <unnamed var:   %28 = alloca %struct.SEXPREC*, align 8> as it has address taken, results will be incomplete 

Function Rcpp::internal::convert_using_rfunction(SEXPREC*, char const*)
  [UP] ignoring variable <unnamed var:   %10 = alloca %struct.SEXPREC*, align 8> as it has address taken, results will be incomplete 

Function SEXPREC* Rcpp::internal::call_impl<SEXPREC* (*)(SEXPREC*), SEXPREC*, SEXPREC*, 0, (void*)0>(SEXPREC* (* const&)(SEXPREC*), SEXPREC**, Rcpp::internal::type_pack<SEXPREC*, SEXPREC*>, Rcpp::traits::index_sequence<0>)
  [UP] ignoring variable res as it has address taken, results will be incomplete 
