Package rootSolve version 1.7
Package built using 76738/R 3.7.0; x86_64-pc-linux-gnu; 2019-06-26 22:50:52 UTC; unix   
Checked with rchk version 6400f4a0aa14a4379fcc72d8dbf07a49b4725e07
More information at https://github.com/kalibera/cran-checks/blob/master/rchk/PROTECT.md


Function C_ode_derivs
  [PB] has possible protection stack imbalance rootSolve/src/call_runsteady.c:46

Function C_ode_jac
  [PB] has possible protection stack imbalance rootSolve/src/call_runsteady.c:89

Function C_steady_derivs
  [PB] has possible protection stack imbalance rootSolve/src/call_steady.c:35

Function C_steady_jac
  [PB] has possible protection stack imbalance rootSolve/src/call_steady.c:79

Function C_stsparse_derivs
  [PB] has possible protection stack imbalance rootSolve/src/call_stsparse.c:58

Function call_dsteady
  [PB] has possible protection stack imbalance rootSolve/src/call_steady.c:251

Function call_lsode
  [PB] has possible protection stack imbalance rootSolve/src/call_runsteady.c:313

Function call_stsparse
  [PB] has possible protection stack imbalance rootSolve/src/call_stsparse.c:280

Function initForcs
  [PB] has possible protection stack imbalance rootSolve/src/steady_utils.c:91

Function initParms
  [PB] has possible protection stack imbalance rootSolve/src/steady_utils.c:59

Function my_unprotect
  [PB] has an unsupported form of unprotect with a variable results will be incomplete rootSolve/src/steady_utils.c:24
  [UP] unsupported form of unprotect, unprotecting all variables, results will be incomplete rootSolve/src/steady_utils.c:24

Function unprotect_all
  [PB] has an unsupported form of unprotect (not constant, not variable), results will be incomplete rootSolve/src/steady_utils.c:20
  [UP] unsupported form of unprotect, unprotecting all variables, results will be incomplete rootSolve/src/steady_utils.c:20
