Package rupturesRcpp version 1.0.1
Package built using 89050/R 4.6.0; x86_64-pc-linux-gnu; 2025-11-24 04:23:21 UTC; unix   
Checked with rchk version 35618ebbccf3cd0b45a3530e6303970a22a9056b LLVM version 14.0.6
More information at https://github.com/kalibera/cran-checks/blob/master/rchk/PROTECT.md
For rchk in docker image see https://github.com/kalibera/rchk/blob/master/doc/DOCKER.md


Function Rcpp::Rcpp_protect(SEXPREC*)
  [PB] has possible protection stack imbalance Rcpp/include/Rcpp/protection/Shield.h:25

Function Rcpp::Rcpp_unprotect(int)
  [PB] has an unsupported form of unprotect with a variable results will be incomplete Rcpp/include/Rcpp/protection/Shield.h:31
  [UP] unsupported form of unprotect, unprotecting all variables, results will be incomplete Rcpp/include/Rcpp/protection/Shield.h:31

Function Rcpp::class_<Cost_L1_cwMed>::invoke(SEXPREC*, SEXPREC*, SEXPREC**, int)
  [UP] ignoring variable <unnamed var:   %28 = alloca %struct.SEXPREC*, align 8> as it has address taken, results will be incomplete 

Function Rcpp::class_<Cost_L2>::invoke(SEXPREC*, SEXPREC*, SEXPREC**, int)
  [UP] ignoring variable <unnamed var:   %28 = alloca %struct.SEXPREC*, align 8> as it has address taken, results will be incomplete 

Function Rcpp::class_<Cost_LinearL2>::invoke(SEXPREC*, SEXPREC*, SEXPREC**, int)
  [UP] ignoring variable <unnamed var:   %28 = alloca %struct.SEXPREC*, align 8> as it has address taken, results will be incomplete 

Function Rcpp::class_<Cost_SIGMA>::invoke(SEXPREC*, SEXPREC*, SEXPREC**, int)
  [UP] ignoring variable <unnamed var:   %28 = alloca %struct.SEXPREC*, align 8> as it has address taken, results will be incomplete 

Function Rcpp::class_<Cost_VAR>::invoke(SEXPREC*, SEXPREC*, SEXPREC**, int)
  [UP] ignoring variable <unnamed var:   %28 = alloca %struct.SEXPREC*, align 8> as it has address taken, results will be incomplete 

Function Rcpp::class_<PELTCppTmpl<Cost_L1_cwMed> >::invoke(SEXPREC*, SEXPREC*, SEXPREC**, int)
  [UP] ignoring variable <unnamed var:   %28 = alloca %struct.SEXPREC*, align 8> as it has address taken, results will be incomplete 

Function Rcpp::class_<PELTCppTmpl<Cost_L2> >::invoke(SEXPREC*, SEXPREC*, SEXPREC**, int)
  [UP] ignoring variable <unnamed var:   %28 = alloca %struct.SEXPREC*, align 8> as it has address taken, results will be incomplete 

Function Rcpp::class_<PELTCppTmpl<Cost_LinearL2> >::invoke(SEXPREC*, SEXPREC*, SEXPREC**, int)
  [UP] ignoring variable <unnamed var:   %28 = alloca %struct.SEXPREC*, align 8> as it has address taken, results will be incomplete 

Function Rcpp::class_<PELTCppTmpl<Cost_SIGMA> >::invoke(SEXPREC*, SEXPREC*, SEXPREC**, int)
  [UP] ignoring variable <unnamed var:   %28 = alloca %struct.SEXPREC*, align 8> as it has address taken, results will be incomplete 

Function Rcpp::class_<PELTCppTmpl<Cost_VAR> >::invoke(SEXPREC*, SEXPREC*, SEXPREC**, int)
  [UP] ignoring variable <unnamed var:   %28 = alloca %struct.SEXPREC*, align 8> as it has address taken, results will be incomplete 

Function Rcpp::class_<binSegCppTmpl<Cost_L1_cwMed> >::invoke(SEXPREC*, SEXPREC*, SEXPREC**, int)
  [UP] ignoring variable <unnamed var:   %28 = alloca %struct.SEXPREC*, align 8> as it has address taken, results will be incomplete 

Function Rcpp::class_<binSegCppTmpl<Cost_L2> >::invoke(SEXPREC*, SEXPREC*, SEXPREC**, int)
  [UP] ignoring variable <unnamed var:   %28 = alloca %struct.SEXPREC*, align 8> as it has address taken, results will be incomplete 

Function Rcpp::class_<binSegCppTmpl<Cost_LinearL2> >::invoke(SEXPREC*, SEXPREC*, SEXPREC**, int)
  [UP] ignoring variable <unnamed var:   %28 = alloca %struct.SEXPREC*, align 8> as it has address taken, results will be incomplete 

Function Rcpp::class_<binSegCppTmpl<Cost_SIGMA> >::invoke(SEXPREC*, SEXPREC*, SEXPREC**, int)
  [UP] ignoring variable <unnamed var:   %28 = alloca %struct.SEXPREC*, align 8> as it has address taken, results will be incomplete 

Function Rcpp::class_<binSegCppTmpl<Cost_VAR> >::invoke(SEXPREC*, SEXPREC*, SEXPREC**, int)
  [UP] ignoring variable <unnamed var:   %28 = alloca %struct.SEXPREC*, align 8> as it has address taken, results will be incomplete 

Function Rcpp::class_<windowCppTmpl<Cost_L1_cwMed> >::invoke(SEXPREC*, SEXPREC*, SEXPREC**, int)
  [UP] ignoring variable <unnamed var:   %28 = alloca %struct.SEXPREC*, align 8> as it has address taken, results will be incomplete 

Function Rcpp::class_<windowCppTmpl<Cost_L2> >::invoke(SEXPREC*, SEXPREC*, SEXPREC**, int)
  [UP] ignoring variable <unnamed var:   %28 = alloca %struct.SEXPREC*, align 8> as it has address taken, results will be incomplete 

Function Rcpp::class_<windowCppTmpl<Cost_LinearL2> >::invoke(SEXPREC*, SEXPREC*, SEXPREC**, int)
  [UP] ignoring variable <unnamed var:   %28 = alloca %struct.SEXPREC*, align 8> as it has address taken, results will be incomplete 

Function Rcpp::class_<windowCppTmpl<Cost_SIGMA> >::invoke(SEXPREC*, SEXPREC*, SEXPREC**, int)
  [UP] ignoring variable <unnamed var:   %28 = alloca %struct.SEXPREC*, align 8> as it has address taken, results will be incomplete 

Function Rcpp::class_<windowCppTmpl<Cost_VAR> >::invoke(SEXPREC*, SEXPREC*, SEXPREC**, int)
  [UP] ignoring variable <unnamed var:   %28 = alloca %struct.SEXPREC*, align 8> as it has address taken, results will be incomplete 
