Package rust version 1.4.4
Package built using 89303/R 4.6.0; x86_64-pc-linux-gnu; 2026-01-16 09:02:49 UTC; unix   
Checked with rchk version 35618ebbccf3cd0b45a3530e6303970a22a9056b LLVM version 14.0.6
More information at https://github.com/kalibera/cran-checks/blob/master/rchk/PROTECT.md
For rchk in docker image see https://github.com/kalibera/rchk/blob/master/doc/DOCKER.md


Function Rcpp::Armor<SEXPREC*>::init(SEXPREC*)
  [PB] has possible protection stack imbalance Rcpp/include/Rcpp/protection/Armor.h:47

Function Rcpp::Armor<SEXPREC*>::~Armor()
  [PB] has negative depth Rcpp/include/Rcpp/protection/Armor.h:41
  [UP] attempt to unprotect more items (1) than protected (0), results will be incomplete Rcpp/include/Rcpp/protection/Armor.h:41
  [PB] has possible protection stack imbalance Rcpp/include/Rcpp/protection/Armor.h:42

Function Rcpp::Rcpp_protect(SEXPREC*)
  [PB] has possible protection stack imbalance Rcpp/include/Rcpp/protection/Shield.h:25

Function Rcpp::Rcpp_unprotect(int)
  [PB] has an unsupported form of unprotect with a variable results will be incomplete Rcpp/include/Rcpp/protection/Shield.h:31
  [UP] unsupported form of unprotect, unprotecting all variables, results will be incomplete Rcpp/include/Rcpp/protection/Shield.h:31

Function Rcpp::internal::convert_using_rfunction(SEXPREC*, char const*)
  [UP] ignoring variable <unnamed var:   %10 = alloca %struct.SEXPREC*, align 8> as it has address taken, results will be incomplete 

Function _rust_all_pos
  [UP] unprotected variable rcpp_result_gen while calling allocating function Rf_onintr rust/src/RcppExports.cpp:172
  [UP] allocating function Rcpp::internal::isLongjumpSentinel(SEXPREC*) may destroy its unprotected argument (rcpp_result_gen <arg 1>), which is later used. rust/src/RcppExports.cpp:174
  [UP] calling allocating function Rcpp::internal::isLongjumpSentinel(SEXPREC*) with a fresh pointer (rcpp_result_gen <arg 1>) rust/src/RcppExports.cpp:174
  [UP] allocating function Rf_inherits may destroy its unprotected argument (rcpp_result_gen <arg 1>), which is later used. rust/src/RcppExports.cpp:178
  [UP] calling allocating function Rf_inherits with a fresh pointer (rcpp_result_gen <arg 1>) rust/src/RcppExports.cpp:178
  [PB] has negative depth rust/src/RcppExports.cpp:184
  [UP] attempt to unprotect more items (1) than protected (0), results will be incomplete rust/src/RcppExports.cpp:184
  [PB] has possible protection stack imbalance rust/src/RcppExports.cpp:185

Function _rust_all_pos_try(SEXPREC*)
  [UP] ignoring variable <unnamed var:   %11 = alloca %struct.SEXPREC*, align 8> as it has address taken, results will be incomplete 

Function _rust_any_col_nonneg
  [UP] unprotected variable rcpp_result_gen while calling allocating function Rf_onintr rust/src/RcppExports.cpp:240
  [UP] allocating function Rcpp::internal::isLongjumpSentinel(SEXPREC*) may destroy its unprotected argument (rcpp_result_gen <arg 1>), which is later used. rust/src/RcppExports.cpp:242
  [UP] calling allocating function Rcpp::internal::isLongjumpSentinel(SEXPREC*) with a fresh pointer (rcpp_result_gen <arg 1>) rust/src/RcppExports.cpp:242
  [UP] allocating function Rf_inherits may destroy its unprotected argument (rcpp_result_gen <arg 1>), which is later used. rust/src/RcppExports.cpp:246
  [UP] calling allocating function Rf_inherits with a fresh pointer (rcpp_result_gen <arg 1>) rust/src/RcppExports.cpp:246
  [PB] has negative depth rust/src/RcppExports.cpp:252
  [UP] attempt to unprotect more items (1) than protected (0), results will be incomplete rust/src/RcppExports.cpp:252
  [PB] has possible protection stack imbalance rust/src/RcppExports.cpp:253

Function _rust_any_col_nonneg_try(SEXPREC*)
  [UP] ignoring variable <unnamed var:   %11 = alloca %struct.SEXPREC*, align 8> as it has address taken, results will be incomplete 

Function _rust_any_col_nonpos
  [UP] unprotected variable rcpp_result_gen while calling allocating function Rf_onintr rust/src/RcppExports.cpp:308
  [UP] allocating function Rcpp::internal::isLongjumpSentinel(SEXPREC*) may destroy its unprotected argument (rcpp_result_gen <arg 1>), which is later used. rust/src/RcppExports.cpp:310
  [UP] calling allocating function Rcpp::internal::isLongjumpSentinel(SEXPREC*) with a fresh pointer (rcpp_result_gen <arg 1>) rust/src/RcppExports.cpp:310
  [UP] allocating function Rf_inherits may destroy its unprotected argument (rcpp_result_gen <arg 1>), which is later used. rust/src/RcppExports.cpp:314
  [UP] calling allocating function Rf_inherits with a fresh pointer (rcpp_result_gen <arg 1>) rust/src/RcppExports.cpp:314
  [PB] has negative depth rust/src/RcppExports.cpp:320
  [UP] attempt to unprotect more items (1) than protected (0), results will be incomplete rust/src/RcppExports.cpp:320
  [PB] has possible protection stack imbalance rust/src/RcppExports.cpp:321

Function _rust_any_col_nonpos_try(SEXPREC*)
  [UP] ignoring variable <unnamed var:   %11 = alloca %struct.SEXPREC*, align 8> as it has address taken, results will be incomplete 

Function _rust_any_infinite
  [UP] unprotected variable rcpp_result_gen while calling allocating function Rf_onintr rust/src/RcppExports.cpp:36
  [UP] allocating function Rcpp::internal::isLongjumpSentinel(SEXPREC*) may destroy its unprotected argument (rcpp_result_gen <arg 1>), which is later used. rust/src/RcppExports.cpp:38
  [UP] calling allocating function Rcpp::internal::isLongjumpSentinel(SEXPREC*) with a fresh pointer (rcpp_result_gen <arg 1>) rust/src/RcppExports.cpp:38
  [UP] allocating function Rf_inherits may destroy its unprotected argument (rcpp_result_gen <arg 1>), which is later used. rust/src/RcppExports.cpp:42
  [UP] calling allocating function Rf_inherits with a fresh pointer (rcpp_result_gen <arg 1>) rust/src/RcppExports.cpp:42
  [PB] has negative depth rust/src/RcppExports.cpp:48
  [UP] attempt to unprotect more items (1) than protected (0), results will be incomplete rust/src/RcppExports.cpp:48
  [PB] has possible protection stack imbalance rust/src/RcppExports.cpp:49

Function _rust_any_infinite_try(SEXPREC*)
  [UP] ignoring variable <unnamed var:   %11 = alloca %struct.SEXPREC*, align 8> as it has address taken, results will be incomplete 

Function _rust_any_naC
  [UP] unprotected variable rcpp_result_gen while calling allocating function Rf_onintr rust/src/RcppExports.cpp:70
  [UP] allocating function Rcpp::internal::isLongjumpSentinel(SEXPREC*) may destroy its unprotected argument (rcpp_result_gen <arg 1>), which is later used. rust/src/RcppExports.cpp:72
  [UP] calling allocating function Rcpp::internal::isLongjumpSentinel(SEXPREC*) with a fresh pointer (rcpp_result_gen <arg 1>) rust/src/RcppExports.cpp:72
  [UP] allocating function Rf_inherits may destroy its unprotected argument (rcpp_result_gen <arg 1>), which is later used. rust/src/RcppExports.cpp:76
  [UP] calling allocating function Rf_inherits with a fresh pointer (rcpp_result_gen <arg 1>) rust/src/RcppExports.cpp:76
  [PB] has negative depth rust/src/RcppExports.cpp:82
  [UP] attempt to unprotect more items (1) than protected (0), results will be incomplete rust/src/RcppExports.cpp:82
  [PB] has possible protection stack imbalance rust/src/RcppExports.cpp:83

Function _rust_any_naC_try(SEXPREC*)
  [UP] ignoring variable <unnamed var:   %11 = alloca %struct.SEXPREC*, align 8> as it has address taken, results will be incomplete 

Function _rust_any_neg
  [UP] unprotected variable rcpp_result_gen while calling allocating function Rf_onintr rust/src/RcppExports.cpp:206
  [UP] allocating function Rcpp::internal::isLongjumpSentinel(SEXPREC*) may destroy its unprotected argument (rcpp_result_gen <arg 1>), which is later used. rust/src/RcppExports.cpp:208
  [UP] calling allocating function Rcpp::internal::isLongjumpSentinel(SEXPREC*) with a fresh pointer (rcpp_result_gen <arg 1>) rust/src/RcppExports.cpp:208
  [UP] allocating function Rf_inherits may destroy its unprotected argument (rcpp_result_gen <arg 1>), which is later used. rust/src/RcppExports.cpp:212
  [UP] calling allocating function Rf_inherits with a fresh pointer (rcpp_result_gen <arg 1>) rust/src/RcppExports.cpp:212
  [PB] has negative depth rust/src/RcppExports.cpp:218
  [UP] attempt to unprotect more items (1) than protected (0), results will be incomplete rust/src/RcppExports.cpp:218
  [PB] has possible protection stack imbalance rust/src/RcppExports.cpp:219

Function _rust_any_neg_try(SEXPREC*)
  [UP] ignoring variable <unnamed var:   %11 = alloca %struct.SEXPREC*, align 8> as it has address taken, results will be incomplete 

Function _rust_any_nonpos
  [UP] unprotected variable rcpp_result_gen while calling allocating function Rf_onintr rust/src/RcppExports.cpp:138
  [UP] allocating function Rcpp::internal::isLongjumpSentinel(SEXPREC*) may destroy its unprotected argument (rcpp_result_gen <arg 1>), which is later used. rust/src/RcppExports.cpp:140
  [UP] calling allocating function Rcpp::internal::isLongjumpSentinel(SEXPREC*) with a fresh pointer (rcpp_result_gen <arg 1>) rust/src/RcppExports.cpp:140
  [UP] allocating function Rf_inherits may destroy its unprotected argument (rcpp_result_gen <arg 1>), which is later used. rust/src/RcppExports.cpp:144
  [UP] calling allocating function Rf_inherits with a fresh pointer (rcpp_result_gen <arg 1>) rust/src/RcppExports.cpp:144
  [PB] has negative depth rust/src/RcppExports.cpp:150
  [UP] attempt to unprotect more items (1) than protected (0), results will be incomplete rust/src/RcppExports.cpp:150
  [PB] has possible protection stack imbalance rust/src/RcppExports.cpp:151

Function _rust_any_nonpos_try(SEXPREC*)
  [UP] ignoring variable <unnamed var:   %11 = alloca %struct.SEXPREC*, align 8> as it has address taken, results will be incomplete 

Function _rust_any_pos
  [UP] unprotected variable rcpp_result_gen while calling allocating function Rf_onintr rust/src/RcppExports.cpp:274
  [UP] allocating function Rcpp::internal::isLongjumpSentinel(SEXPREC*) may destroy its unprotected argument (rcpp_result_gen <arg 1>), which is later used. rust/src/RcppExports.cpp:276
  [UP] calling allocating function Rcpp::internal::isLongjumpSentinel(SEXPREC*) with a fresh pointer (rcpp_result_gen <arg 1>) rust/src/RcppExports.cpp:276
  [UP] allocating function Rf_inherits may destroy its unprotected argument (rcpp_result_gen <arg 1>), which is later used. rust/src/RcppExports.cpp:280
  [UP] calling allocating function Rf_inherits with a fresh pointer (rcpp_result_gen <arg 1>) rust/src/RcppExports.cpp:280
  [PB] has negative depth rust/src/RcppExports.cpp:286
  [UP] attempt to unprotect more items (1) than protected (0), results will be incomplete rust/src/RcppExports.cpp:286
  [PB] has possible protection stack imbalance rust/src/RcppExports.cpp:287

Function _rust_any_pos_try(SEXPREC*)
  [UP] ignoring variable <unnamed var:   %11 = alloca %struct.SEXPREC*, align 8> as it has address taken, results will be incomplete 

Function _rust_bc_log_j
  [UP] unprotected variable rcpp_result_gen while calling allocating function Rf_onintr rust/src/RcppExports.cpp:2055
  [UP] allocating function Rcpp::internal::isLongjumpSentinel(SEXPREC*) may destroy its unprotected argument (rcpp_result_gen <arg 1>), which is later used. rust/src/RcppExports.cpp:2057
  [UP] calling allocating function Rcpp::internal::isLongjumpSentinel(SEXPREC*) with a fresh pointer (rcpp_result_gen <arg 1>) rust/src/RcppExports.cpp:2057
  [UP] allocating function Rf_inherits may destroy its unprotected argument (rcpp_result_gen <arg 1>), which is later used. rust/src/RcppExports.cpp:2061
  [UP] calling allocating function Rf_inherits with a fresh pointer (rcpp_result_gen <arg 1>) rust/src/RcppExports.cpp:2061
  [PB] has negative depth rust/src/RcppExports.cpp:2067
  [UP] attempt to unprotect more items (1) than protected (0), results will be incomplete rust/src/RcppExports.cpp:2067
  [PB] has possible protection stack imbalance rust/src/RcppExports.cpp:2068

Function _rust_bc_log_j_try(SEXPREC*, SEXPREC*)
  [UP] ignoring variable <unnamed var:   %14 = alloca %struct.SEXPREC*, align 8> as it has address taken, results will be incomplete 

Function _rust_bc_no_trans
  [UP] unprotected variable rcpp_result_gen while calling allocating function Rf_onintr rust/src/RcppExports.cpp:1429
  [UP] allocating function Rcpp::internal::isLongjumpSentinel(SEXPREC*) may destroy its unprotected argument (rcpp_result_gen <arg 1>), which is later used. rust/src/RcppExports.cpp:1431
  [UP] calling allocating function Rcpp::internal::isLongjumpSentinel(SEXPREC*) with a fresh pointer (rcpp_result_gen <arg 1>) rust/src/RcppExports.cpp:1431
  [UP] allocating function Rf_inherits may destroy its unprotected argument (rcpp_result_gen <arg 1>), which is later used. rust/src/RcppExports.cpp:1435
  [UP] calling allocating function Rf_inherits with a fresh pointer (rcpp_result_gen <arg 1>) rust/src/RcppExports.cpp:1435
  [PB] has negative depth rust/src/RcppExports.cpp:1441
  [UP] attempt to unprotect more items (1) than protected (0), results will be incomplete rust/src/RcppExports.cpp:1441
  [PB] has possible protection stack imbalance rust/src/RcppExports.cpp:1442

Function _rust_bc_no_trans_try(SEXPREC*, SEXPREC*, SEXPREC*, SEXPREC*)
  [UP] ignoring variable <unnamed var:   %20 = alloca %struct.SEXPREC*, align 8> as it has address taken, results will be incomplete 

Function _rust_bc_phi_to_theta
  [UP] unprotected variable rcpp_result_gen while calling allocating function Rf_onintr rust/src/RcppExports.cpp:2194
  [UP] allocating function Rcpp::internal::isLongjumpSentinel(SEXPREC*) may destroy its unprotected argument (rcpp_result_gen <arg 1>), which is later used. rust/src/RcppExports.cpp:2196
  [UP] calling allocating function Rcpp::internal::isLongjumpSentinel(SEXPREC*) with a fresh pointer (rcpp_result_gen <arg 1>) rust/src/RcppExports.cpp:2196
  [UP] allocating function Rf_inherits may destroy its unprotected argument (rcpp_result_gen <arg 1>), which is later used. rust/src/RcppExports.cpp:2200
  [UP] calling allocating function Rf_inherits with a fresh pointer (rcpp_result_gen <arg 1>) rust/src/RcppExports.cpp:2200
  [PB] has negative depth rust/src/RcppExports.cpp:2206
  [UP] attempt to unprotect more items (1) than protected (0), results will be incomplete rust/src/RcppExports.cpp:2206
  [PB] has possible protection stack imbalance rust/src/RcppExports.cpp:2207

Function _rust_bc_phi_to_theta_try(SEXPREC*, SEXPREC*)
  [UP] ignoring variable <unnamed var:   %14 = alloca %struct.SEXPREC*, align 8> as it has address taken, results will be incomplete 

Function _rust_cpp_a_obj
  [UP] unprotected variable rcpp_result_gen while calling allocating function Rf_onintr rust/src/RcppExports.cpp:935
  [UP] allocating function Rcpp::internal::isLongjumpSentinel(SEXPREC*) may destroy its unprotected argument (rcpp_result_gen <arg 1>), which is later used. rust/src/RcppExports.cpp:937
  [UP] calling allocating function Rcpp::internal::isLongjumpSentinel(SEXPREC*) with a fresh pointer (rcpp_result_gen <arg 1>) rust/src/RcppExports.cpp:937
  [UP] allocating function Rf_inherits may destroy its unprotected argument (rcpp_result_gen <arg 1>), which is later used. rust/src/RcppExports.cpp:941
  [UP] calling allocating function Rf_inherits with a fresh pointer (rcpp_result_gen <arg 1>) rust/src/RcppExports.cpp:941
  [PB] has negative depth rust/src/RcppExports.cpp:947
  [UP] attempt to unprotect more items (1) than protected (0), results will be incomplete rust/src/RcppExports.cpp:947
  [PB] has possible protection stack imbalance rust/src/RcppExports.cpp:948

Function _rust_cpp_a_obj_2
  [UP] unprotected variable rcpp_result_gen while calling allocating function Rf_onintr rust/src/RcppExports.cpp:983
  [UP] allocating function Rcpp::internal::isLongjumpSentinel(SEXPREC*) may destroy its unprotected argument (rcpp_result_gen <arg 1>), which is later used. rust/src/RcppExports.cpp:985
  [UP] calling allocating function Rcpp::internal::isLongjumpSentinel(SEXPREC*) with a fresh pointer (rcpp_result_gen <arg 1>) rust/src/RcppExports.cpp:985
  [UP] allocating function Rf_inherits may destroy its unprotected argument (rcpp_result_gen <arg 1>), which is later used. rust/src/RcppExports.cpp:989
  [UP] calling allocating function Rf_inherits with a fresh pointer (rcpp_result_gen <arg 1>) rust/src/RcppExports.cpp:989
  [PB] has negative depth rust/src/RcppExports.cpp:995
  [UP] attempt to unprotect more items (1) than protected (0), results will be incomplete rust/src/RcppExports.cpp:995
  [PB] has possible protection stack imbalance rust/src/RcppExports.cpp:996

Function _rust_cpp_a_obj_2_try(SEXPREC*, SEXPREC*, SEXPREC*, SEXPREC*, SEXPREC*, SEXPREC*, SEXPREC*, SEXPREC*, SEXPREC*, SEXPREC*, SEXPREC*, SEXPREC*, SEXPREC*, SEXPREC*, SEXPREC*)
  [UP] ignoring variable <unnamed var:   %53 = alloca %struct.SEXPREC*, align 8> as it has address taken, results will be incomplete 

Function _rust_cpp_a_obj_try(SEXPREC*, SEXPREC*, SEXPREC*, SEXPREC*, SEXPREC*, SEXPREC*, SEXPREC*, SEXPREC*, SEXPREC*)
  [UP] ignoring variable <unnamed var:   %35 = alloca %struct.SEXPREC*, align 8> as it has address taken, results will be incomplete 

Function _rust_cpp_logf
  [UP] unprotected variable rcpp_result_gen while calling allocating function Rf_onintr rust/src/RcppExports.cpp:489
  [UP] allocating function Rcpp::internal::isLongjumpSentinel(SEXPREC*) may destroy its unprotected argument (rcpp_result_gen <arg 1>), which is later used. rust/src/RcppExports.cpp:491
  [UP] calling allocating function Rcpp::internal::isLongjumpSentinel(SEXPREC*) with a fresh pointer (rcpp_result_gen <arg 1>) rust/src/RcppExports.cpp:491
  [UP] allocating function Rf_inherits may destroy its unprotected argument (rcpp_result_gen <arg 1>), which is later used. rust/src/RcppExports.cpp:495
  [UP] calling allocating function Rf_inherits with a fresh pointer (rcpp_result_gen <arg 1>) rust/src/RcppExports.cpp:495
  [PB] has negative depth rust/src/RcppExports.cpp:501
  [UP] attempt to unprotect more items (1) than protected (0), results will be incomplete rust/src/RcppExports.cpp:501
  [PB] has possible protection stack imbalance rust/src/RcppExports.cpp:502

Function _rust_cpp_logf_rho
  [UP] unprotected variable rcpp_result_gen while calling allocating function Rf_onintr rust/src/RcppExports.cpp:564
  [UP] allocating function Rcpp::internal::isLongjumpSentinel(SEXPREC*) may destroy its unprotected argument (rcpp_result_gen <arg 1>), which is later used. rust/src/RcppExports.cpp:566
  [UP] calling allocating function Rcpp::internal::isLongjumpSentinel(SEXPREC*) with a fresh pointer (rcpp_result_gen <arg 1>) rust/src/RcppExports.cpp:566
  [UP] allocating function Rf_inherits may destroy its unprotected argument (rcpp_result_gen <arg 1>), which is later used. rust/src/RcppExports.cpp:570
  [UP] calling allocating function Rf_inherits with a fresh pointer (rcpp_result_gen <arg 1>) rust/src/RcppExports.cpp:570
  [PB] has negative depth rust/src/RcppExports.cpp:576
  [UP] attempt to unprotect more items (1) than protected (0), results will be incomplete rust/src/RcppExports.cpp:576
  [PB] has possible protection stack imbalance rust/src/RcppExports.cpp:577

Function _rust_cpp_logf_rho_2
  [UP] unprotected variable rcpp_result_gen while calling allocating function Rf_onintr rust/src/RcppExports.cpp:644
  [UP] allocating function Rcpp::internal::isLongjumpSentinel(SEXPREC*) may destroy its unprotected argument (rcpp_result_gen <arg 1>), which is later used. rust/src/RcppExports.cpp:646
  [UP] calling allocating function Rcpp::internal::isLongjumpSentinel(SEXPREC*) with a fresh pointer (rcpp_result_gen <arg 1>) rust/src/RcppExports.cpp:646
  [UP] allocating function Rf_inherits may destroy its unprotected argument (rcpp_result_gen <arg 1>), which is later used. rust/src/RcppExports.cpp:650
  [UP] calling allocating function Rf_inherits with a fresh pointer (rcpp_result_gen <arg 1>) rust/src/RcppExports.cpp:650
  [PB] has negative depth rust/src/RcppExports.cpp:656
  [UP] attempt to unprotect more items (1) than protected (0), results will be incomplete rust/src/RcppExports.cpp:656
  [PB] has possible protection stack imbalance rust/src/RcppExports.cpp:657

Function _rust_cpp_logf_rho_2_try(SEXPREC*, SEXPREC*, SEXPREC*, SEXPREC*, SEXPREC*, SEXPREC*, SEXPREC*, SEXPREC*, SEXPREC*, SEXPREC*, SEXPREC*)
  [UP] ignoring variable <unnamed var:   %41 = alloca %struct.SEXPREC*, align 8> as it has address taken, results will be incomplete 

Function _rust_cpp_logf_rho_3
  [UP] unprotected variable rcpp_result_gen while calling allocating function Rf_onintr rust/src/RcppExports.cpp:726
  [UP] allocating function Rcpp::internal::isLongjumpSentinel(SEXPREC*) may destroy its unprotected argument (rcpp_result_gen <arg 1>), which is later used. rust/src/RcppExports.cpp:728
  [UP] calling allocating function Rcpp::internal::isLongjumpSentinel(SEXPREC*) with a fresh pointer (rcpp_result_gen <arg 1>) rust/src/RcppExports.cpp:728
  [UP] allocating function Rf_inherits may destroy its unprotected argument (rcpp_result_gen <arg 1>), which is later used. rust/src/RcppExports.cpp:732
  [UP] calling allocating function Rf_inherits with a fresh pointer (rcpp_result_gen <arg 1>) rust/src/RcppExports.cpp:732
  [PB] has negative depth rust/src/RcppExports.cpp:738
  [UP] attempt to unprotect more items (1) than protected (0), results will be incomplete rust/src/RcppExports.cpp:738
  [PB] has possible protection stack imbalance rust/src/RcppExports.cpp:739

Function _rust_cpp_logf_rho_3_try(SEXPREC*, SEXPREC*, SEXPREC*, SEXPREC*, SEXPREC*, SEXPREC*, SEXPREC*, SEXPREC*, SEXPREC*, SEXPREC*, SEXPREC*)
  [UP] ignoring variable <unnamed var:   %41 = alloca %struct.SEXPREC*, align 8> as it has address taken, results will be incomplete 

Function _rust_cpp_logf_rho_4
  [UP] unprotected variable rcpp_result_gen while calling allocating function Rf_onintr rust/src/RcppExports.cpp:810
  [UP] allocating function Rcpp::internal::isLongjumpSentinel(SEXPREC*) may destroy its unprotected argument (rcpp_result_gen <arg 1>), which is later used. rust/src/RcppExports.cpp:812
  [UP] calling allocating function Rcpp::internal::isLongjumpSentinel(SEXPREC*) with a fresh pointer (rcpp_result_gen <arg 1>) rust/src/RcppExports.cpp:812
  [UP] allocating function Rf_inherits may destroy its unprotected argument (rcpp_result_gen <arg 1>), which is later used. rust/src/RcppExports.cpp:816
  [UP] calling allocating function Rf_inherits with a fresh pointer (rcpp_result_gen <arg 1>) rust/src/RcppExports.cpp:816
  [PB] has negative depth rust/src/RcppExports.cpp:822
  [UP] attempt to unprotect more items (1) than protected (0), results will be incomplete rust/src/RcppExports.cpp:822
  [PB] has possible protection stack imbalance rust/src/RcppExports.cpp:823

Function _rust_cpp_logf_rho_4_try(SEXPREC*, SEXPREC*, SEXPREC*, SEXPREC*, SEXPREC*, SEXPREC*, SEXPREC*, SEXPREC*, SEXPREC*, SEXPREC*, SEXPREC*)
  [UP] ignoring variable <unnamed var:   %41 = alloca %struct.SEXPREC*, align 8> as it has address taken, results will be incomplete 

Function _rust_cpp_logf_rho_try(SEXPREC*, SEXPREC*, SEXPREC*, SEXPREC*, SEXPREC*, SEXPREC*)
  [UP] ignoring variable <unnamed var:   %26 = alloca %struct.SEXPREC*, align 8> as it has address taken, results will be incomplete 

Function _rust_cpp_logf_scaled
  [UP] unprotected variable rcpp_result_gen while calling allocating function Rf_onintr rust/src/RcppExports.cpp:525
  [UP] allocating function Rcpp::internal::isLongjumpSentinel(SEXPREC*) may destroy its unprotected argument (rcpp_result_gen <arg 1>), which is later used. rust/src/RcppExports.cpp:527
  [UP] calling allocating function Rcpp::internal::isLongjumpSentinel(SEXPREC*) with a fresh pointer (rcpp_result_gen <arg 1>) rust/src/RcppExports.cpp:527
  [UP] allocating function Rf_inherits may destroy its unprotected argument (rcpp_result_gen <arg 1>), which is later used. rust/src/RcppExports.cpp:531
  [UP] calling allocating function Rf_inherits with a fresh pointer (rcpp_result_gen <arg 1>) rust/src/RcppExports.cpp:531
  [PB] has negative depth rust/src/RcppExports.cpp:537
  [UP] attempt to unprotect more items (1) than protected (0), results will be incomplete rust/src/RcppExports.cpp:537
  [PB] has possible protection stack imbalance rust/src/RcppExports.cpp:538

Function _rust_cpp_logf_scaled_try(SEXPREC*, SEXPREC*, SEXPREC*)
  [UP] ignoring variable <unnamed var:   %17 = alloca %struct.SEXPREC*, align 8> as it has address taken, results will be incomplete 

Function _rust_cpp_logf_try(SEXPREC*, SEXPREC*, SEXPREC*)
  [UP] ignoring variable <unnamed var:   %17 = alloca %struct.SEXPREC*, align 8> as it has address taken, results will be incomplete 

Function _rust_cpp_lower_box
  [UP] unprotected variable rcpp_result_gen while calling allocating function Rf_onintr rust/src/RcppExports.cpp:1026
  [UP] allocating function Rcpp::internal::isLongjumpSentinel(SEXPREC*) may destroy its unprotected argument (rcpp_result_gen <arg 1>), which is later used. rust/src/RcppExports.cpp:1028
  [UP] calling allocating function Rcpp::internal::isLongjumpSentinel(SEXPREC*) with a fresh pointer (rcpp_result_gen <arg 1>) rust/src/RcppExports.cpp:1028
  [UP] allocating function Rf_inherits may destroy its unprotected argument (rcpp_result_gen <arg 1>), which is later used. rust/src/RcppExports.cpp:1032
  [UP] calling allocating function Rf_inherits with a fresh pointer (rcpp_result_gen <arg 1>) rust/src/RcppExports.cpp:1032
  [PB] has negative depth rust/src/RcppExports.cpp:1038
  [UP] attempt to unprotect more items (1) than protected (0), results will be incomplete rust/src/RcppExports.cpp:1038
  [PB] has possible protection stack imbalance rust/src/RcppExports.cpp:1039

Function _rust_cpp_lower_box_2
  [UP] unprotected variable rcpp_result_gen while calling allocating function Rf_onintr rust/src/RcppExports.cpp:1075
  [UP] allocating function Rcpp::internal::isLongjumpSentinel(SEXPREC*) may destroy its unprotected argument (rcpp_result_gen <arg 1>), which is later used. rust/src/RcppExports.cpp:1077
  [UP] calling allocating function Rcpp::internal::isLongjumpSentinel(SEXPREC*) with a fresh pointer (rcpp_result_gen <arg 1>) rust/src/RcppExports.cpp:1077
  [UP] allocating function Rf_inherits may destroy its unprotected argument (rcpp_result_gen <arg 1>), which is later used. rust/src/RcppExports.cpp:1081
  [UP] calling allocating function Rf_inherits with a fresh pointer (rcpp_result_gen <arg 1>) rust/src/RcppExports.cpp:1081
  [PB] has negative depth rust/src/RcppExports.cpp:1087
  [UP] attempt to unprotect more items (1) than protected (0), results will be incomplete rust/src/RcppExports.cpp:1087
  [PB] has possible protection stack imbalance rust/src/RcppExports.cpp:1088

Function _rust_cpp_lower_box_2_try(SEXPREC*, SEXPREC*, SEXPREC*, SEXPREC*, SEXPREC*, SEXPREC*, SEXPREC*, SEXPREC*, SEXPREC*, SEXPREC*, SEXPREC*, SEXPREC*, SEXPREC*, SEXPREC*, SEXPREC*, SEXPREC*)
  [UP] ignoring variable <unnamed var:   %56 = alloca %struct.SEXPREC*, align 8> as it has address taken, results will be incomplete 

Function _rust_cpp_lower_box_try(SEXPREC*, SEXPREC*, SEXPREC*, SEXPREC*, SEXPREC*, SEXPREC*, SEXPREC*, SEXPREC*, SEXPREC*, SEXPREC*)
  [UP] ignoring variable <unnamed var:   %38 = alloca %struct.SEXPREC*, align 8> as it has address taken, results will be incomplete 

Function _rust_cpp_psi_to_phi
  [UP] unprotected variable rcpp_result_gen while calling allocating function Rf_onintr rust/src/RcppExports.cpp:416
  [UP] allocating function Rcpp::internal::isLongjumpSentinel(SEXPREC*) may destroy its unprotected argument (rcpp_result_gen <arg 1>), which is later used. rust/src/RcppExports.cpp:418
  [UP] calling allocating function Rcpp::internal::isLongjumpSentinel(SEXPREC*) with a fresh pointer (rcpp_result_gen <arg 1>) rust/src/RcppExports.cpp:418
  [UP] allocating function Rf_inherits may destroy its unprotected argument (rcpp_result_gen <arg 1>), which is later used. rust/src/RcppExports.cpp:422
  [UP] calling allocating function Rf_inherits with a fresh pointer (rcpp_result_gen <arg 1>) rust/src/RcppExports.cpp:422
  [PB] has negative depth rust/src/RcppExports.cpp:428
  [UP] attempt to unprotect more items (1) than protected (0), results will be incomplete rust/src/RcppExports.cpp:428
  [PB] has possible protection stack imbalance rust/src/RcppExports.cpp:429

Function _rust_cpp_psi_to_phi_0
  [UP] unprotected variable rcpp_result_gen while calling allocating function Rf_onintr rust/src/RcppExports.cpp:453
  [UP] allocating function Rcpp::internal::isLongjumpSentinel(SEXPREC*) may destroy its unprotected argument (rcpp_result_gen <arg 1>), which is later used. rust/src/RcppExports.cpp:455
  [UP] calling allocating function Rcpp::internal::isLongjumpSentinel(SEXPREC*) with a fresh pointer (rcpp_result_gen <arg 1>) rust/src/RcppExports.cpp:455
  [UP] allocating function Rf_inherits may destroy its unprotected argument (rcpp_result_gen <arg 1>), which is later used. rust/src/RcppExports.cpp:459
  [UP] calling allocating function Rf_inherits with a fresh pointer (rcpp_result_gen <arg 1>) rust/src/RcppExports.cpp:459
  [PB] has negative depth rust/src/RcppExports.cpp:465
  [UP] attempt to unprotect more items (1) than protected (0), results will be incomplete rust/src/RcppExports.cpp:465
  [PB] has possible protection stack imbalance rust/src/RcppExports.cpp:466

Function _rust_cpp_psi_to_phi_0_try(SEXPREC*, SEXPREC*, SEXPREC*, SEXPREC*)
  [UP] ignoring variable <unnamed var:   %20 = alloca %struct.SEXPREC*, align 8> as it has address taken, results will be incomplete 

Function _rust_cpp_psi_to_phi_try(SEXPREC*, SEXPREC*, SEXPREC*, SEXPREC*)
  [UP] ignoring variable <unnamed var:   %20 = alloca %struct.SEXPREC*, align 8> as it has address taken, results will be incomplete 

Function _rust_cpp_rho_to_psi
  [UP] unprotected variable rcpp_result_gen while calling allocating function Rf_onintr rust/src/RcppExports.cpp:379
  [UP] allocating function Rcpp::internal::isLongjumpSentinel(SEXPREC*) may destroy its unprotected argument (rcpp_result_gen <arg 1>), which is later used. rust/src/RcppExports.cpp:381
  [UP] calling allocating function Rcpp::internal::isLongjumpSentinel(SEXPREC*) with a fresh pointer (rcpp_result_gen <arg 1>) rust/src/RcppExports.cpp:381
  [UP] allocating function Rf_inherits may destroy its unprotected argument (rcpp_result_gen <arg 1>), which is later used. rust/src/RcppExports.cpp:385
  [UP] calling allocating function Rf_inherits with a fresh pointer (rcpp_result_gen <arg 1>) rust/src/RcppExports.cpp:385
  [PB] has negative depth rust/src/RcppExports.cpp:391
  [UP] attempt to unprotect more items (1) than protected (0), results will be incomplete rust/src/RcppExports.cpp:391
  [PB] has possible protection stack imbalance rust/src/RcppExports.cpp:392

Function _rust_cpp_rho_to_psi_try(SEXPREC*, SEXPREC*, SEXPREC*)
  [UP] ignoring variable <unnamed var:   %17 = alloca %struct.SEXPREC*, align 8> as it has address taken, results will be incomplete 

Function _rust_cpp_upper_box
  [UP] unprotected variable rcpp_result_gen while calling allocating function Rf_onintr rust/src/RcppExports.cpp:1118
  [UP] allocating function Rcpp::internal::isLongjumpSentinel(SEXPREC*) may destroy its unprotected argument (rcpp_result_gen <arg 1>), which is later used. rust/src/RcppExports.cpp:1120
  [UP] calling allocating function Rcpp::internal::isLongjumpSentinel(SEXPREC*) with a fresh pointer (rcpp_result_gen <arg 1>) rust/src/RcppExports.cpp:1120
  [UP] allocating function Rf_inherits may destroy its unprotected argument (rcpp_result_gen <arg 1>), which is later used. rust/src/RcppExports.cpp:1124
  [UP] calling allocating function Rf_inherits with a fresh pointer (rcpp_result_gen <arg 1>) rust/src/RcppExports.cpp:1124
  [PB] has negative depth rust/src/RcppExports.cpp:1130
  [UP] attempt to unprotect more items (1) than protected (0), results will be incomplete rust/src/RcppExports.cpp:1130
  [PB] has possible protection stack imbalance rust/src/RcppExports.cpp:1131

Function _rust_cpp_upper_box_2
  [UP] unprotected variable rcpp_result_gen while calling allocating function Rf_onintr rust/src/RcppExports.cpp:1167
  [UP] allocating function Rcpp::internal::isLongjumpSentinel(SEXPREC*) may destroy its unprotected argument (rcpp_result_gen <arg 1>), which is later used. rust/src/RcppExports.cpp:1169
  [UP] calling allocating function Rcpp::internal::isLongjumpSentinel(SEXPREC*) with a fresh pointer (rcpp_result_gen <arg 1>) rust/src/RcppExports.cpp:1169
  [UP] allocating function Rf_inherits may destroy its unprotected argument (rcpp_result_gen <arg 1>), which is later used. rust/src/RcppExports.cpp:1173
  [UP] calling allocating function Rf_inherits with a fresh pointer (rcpp_result_gen <arg 1>) rust/src/RcppExports.cpp:1173
  [PB] has negative depth rust/src/RcppExports.cpp:1179
  [UP] attempt to unprotect more items (1) than protected (0), results will be incomplete rust/src/RcppExports.cpp:1179
  [PB] has possible protection stack imbalance rust/src/RcppExports.cpp:1180

Function _rust_cpp_upper_box_2_try(SEXPREC*, SEXPREC*, SEXPREC*, SEXPREC*, SEXPREC*, SEXPREC*, SEXPREC*, SEXPREC*, SEXPREC*, SEXPREC*, SEXPREC*, SEXPREC*, SEXPREC*, SEXPREC*, SEXPREC*, SEXPREC*)
  [UP] ignoring variable <unnamed var:   %56 = alloca %struct.SEXPREC*, align 8> as it has address taken, results will be incomplete 

Function _rust_cpp_upper_box_try(SEXPREC*, SEXPREC*, SEXPREC*, SEXPREC*, SEXPREC*, SEXPREC*, SEXPREC*, SEXPREC*, SEXPREC*, SEXPREC*)
  [UP] ignoring variable <unnamed var:   %38 = alloca %struct.SEXPREC*, align 8> as it has address taken, results will be incomplete 

Function _rust_create_log_j_xptr
  [UP] unprotected variable rcpp_result_gen while calling allocating function Rf_onintr rust/src/RcppExports.cpp:2089
  [UP] allocating function Rcpp::internal::isLongjumpSentinel(SEXPREC*) may destroy its unprotected argument (rcpp_result_gen <arg 1>), which is later used. rust/src/RcppExports.cpp:2091
  [UP] calling allocating function Rcpp::internal::isLongjumpSentinel(SEXPREC*) with a fresh pointer (rcpp_result_gen <arg 1>) rust/src/RcppExports.cpp:2091
  [UP] allocating function Rf_inherits may destroy its unprotected argument (rcpp_result_gen <arg 1>), which is later used. rust/src/RcppExports.cpp:2095
  [UP] calling allocating function Rf_inherits with a fresh pointer (rcpp_result_gen <arg 1>) rust/src/RcppExports.cpp:2095
  [PB] has negative depth rust/src/RcppExports.cpp:2101
  [UP] attempt to unprotect more items (1) than protected (0), results will be incomplete rust/src/RcppExports.cpp:2101
  [PB] has possible protection stack imbalance rust/src/RcppExports.cpp:2102

Function _rust_create_log_j_xptr_try(SEXPREC*)
  [UP] ignoring variable <unnamed var:   %11 = alloca %struct.SEXPREC*, align 8> as it has address taken, results will be incomplete 
  [UP] ignoring variable <unnamed var:   %12 = alloca %struct.SEXPREC*, align 8> as it has address taken, results will be incomplete 

Function _rust_create_log_jac_xptr
  [UP] unprotected variable rcpp_result_gen while calling allocating function Rf_onintr rust/src/RcppExports.cpp:1532
  [UP] allocating function Rcpp::internal::isLongjumpSentinel(SEXPREC*) may destroy its unprotected argument (rcpp_result_gen <arg 1>), which is later used. rust/src/RcppExports.cpp:1534
  [UP] calling allocating function Rcpp::internal::isLongjumpSentinel(SEXPREC*) with a fresh pointer (rcpp_result_gen <arg 1>) rust/src/RcppExports.cpp:1534
  [UP] allocating function Rf_inherits may destroy its unprotected argument (rcpp_result_gen <arg 1>), which is later used. rust/src/RcppExports.cpp:1538
  [UP] calling allocating function Rf_inherits with a fresh pointer (rcpp_result_gen <arg 1>) rust/src/RcppExports.cpp:1538
  [PB] has negative depth rust/src/RcppExports.cpp:1544
  [UP] attempt to unprotect more items (1) than protected (0), results will be incomplete rust/src/RcppExports.cpp:1544
  [PB] has possible protection stack imbalance rust/src/RcppExports.cpp:1545

Function _rust_create_log_jac_xptr_try(SEXPREC*)
  [UP] ignoring variable <unnamed var:   %11 = alloca %struct.SEXPREC*, align 8> as it has address taken, results will be incomplete 
  [UP] ignoring variable <unnamed var:   %12 = alloca %struct.SEXPREC*, align 8> as it has address taken, results will be incomplete 

Function _rust_create_phi_to_theta_xptr
  [UP] unprotected variable rcpp_result_gen while calling allocating function Rf_onintr rust/src/RcppExports.cpp:2263
  [UP] allocating function Rcpp::internal::isLongjumpSentinel(SEXPREC*) may destroy its unprotected argument (rcpp_result_gen <arg 1>), which is later used. rust/src/RcppExports.cpp:2265
  [UP] calling allocating function Rcpp::internal::isLongjumpSentinel(SEXPREC*) with a fresh pointer (rcpp_result_gen <arg 1>) rust/src/RcppExports.cpp:2265
  [UP] allocating function Rf_inherits may destroy its unprotected argument (rcpp_result_gen <arg 1>), which is later used. rust/src/RcppExports.cpp:2269
  [UP] calling allocating function Rf_inherits with a fresh pointer (rcpp_result_gen <arg 1>) rust/src/RcppExports.cpp:2269
  [PB] has negative depth rust/src/RcppExports.cpp:2275
  [UP] attempt to unprotect more items (1) than protected (0), results will be incomplete rust/src/RcppExports.cpp:2275
  [PB] has possible protection stack imbalance rust/src/RcppExports.cpp:2276

Function _rust_create_phi_to_theta_xptr_try(SEXPREC*)
  [UP] ignoring variable <unnamed var:   %11 = alloca %struct.SEXPREC*, align 8> as it has address taken, results will be incomplete 
  [UP] ignoring variable <unnamed var:   %12 = alloca %struct.SEXPREC*, align 8> as it has address taken, results will be incomplete 

Function _rust_create_psi_to_phi_xptr
  [UP] unprotected variable rcpp_result_gen while calling allocating function Rf_onintr rust/src/RcppExports.cpp:1463
  [UP] allocating function Rcpp::internal::isLongjumpSentinel(SEXPREC*) may destroy its unprotected argument (rcpp_result_gen <arg 1>), which is later used. rust/src/RcppExports.cpp:1465
  [UP] calling allocating function Rcpp::internal::isLongjumpSentinel(SEXPREC*) with a fresh pointer (rcpp_result_gen <arg 1>) rust/src/RcppExports.cpp:1465
  [UP] allocating function Rf_inherits may destroy its unprotected argument (rcpp_result_gen <arg 1>), which is later used. rust/src/RcppExports.cpp:1469
  [UP] calling allocating function Rf_inherits with a fresh pointer (rcpp_result_gen <arg 1>) rust/src/RcppExports.cpp:1469
  [PB] has negative depth rust/src/RcppExports.cpp:1475
  [UP] attempt to unprotect more items (1) than protected (0), results will be incomplete rust/src/RcppExports.cpp:1475
  [PB] has possible protection stack imbalance rust/src/RcppExports.cpp:1476

Function _rust_create_psi_to_phi_xptr_try(SEXPREC*)
  [UP] ignoring variable <unnamed var:   %11 = alloca %struct.SEXPREC*, align 8> as it has address taken, results will be incomplete 
  [UP] ignoring variable <unnamed var:   %12 = alloca %struct.SEXPREC*, align 8> as it has address taken, results will be incomplete 

Function _rust_create_trans_xptr
  [UP] unprotected variable rcpp_result_gen while calling allocating function Rf_onintr rust/src/RcppExports.cpp:1392
  [UP] allocating function Rcpp::internal::isLongjumpSentinel(SEXPREC*) may destroy its unprotected argument (rcpp_result_gen <arg 1>), which is later used. rust/src/RcppExports.cpp:1394
  [UP] calling allocating function Rcpp::internal::isLongjumpSentinel(SEXPREC*) with a fresh pointer (rcpp_result_gen <arg 1>) rust/src/RcppExports.cpp:1394
  [UP] allocating function Rf_inherits may destroy its unprotected argument (rcpp_result_gen <arg 1>), which is later used. rust/src/RcppExports.cpp:1398
  [UP] calling allocating function Rf_inherits with a fresh pointer (rcpp_result_gen <arg 1>) rust/src/RcppExports.cpp:1398
  [PB] has negative depth rust/src/RcppExports.cpp:1404
  [UP] attempt to unprotect more items (1) than protected (0), results will be incomplete rust/src/RcppExports.cpp:1404
  [PB] has possible protection stack imbalance rust/src/RcppExports.cpp:1405

Function _rust_create_trans_xptr_try(SEXPREC*)
  [UP] ignoring variable <unnamed var:   %11 = alloca %struct.SEXPREC*, align 8> as it has address taken, results will be incomplete 
  [UP] ignoring variable <unnamed var:   %12 = alloca %struct.SEXPREC*, align 8> as it has address taken, results will be incomplete 

Function _rust_create_xptr
  [UP] unprotected variable rcpp_result_gen while calling allocating function Rf_onintr rust/src/RcppExports.cpp:1985
  [UP] allocating function Rcpp::internal::isLongjumpSentinel(SEXPREC*) may destroy its unprotected argument (rcpp_result_gen <arg 1>), which is later used. rust/src/RcppExports.cpp:1987
  [UP] calling allocating function Rcpp::internal::isLongjumpSentinel(SEXPREC*) with a fresh pointer (rcpp_result_gen <arg 1>) rust/src/RcppExports.cpp:1987
  [UP] allocating function Rf_inherits may destroy its unprotected argument (rcpp_result_gen <arg 1>), which is later used. rust/src/RcppExports.cpp:1991
  [UP] calling allocating function Rf_inherits with a fresh pointer (rcpp_result_gen <arg 1>) rust/src/RcppExports.cpp:1991
  [PB] has negative depth rust/src/RcppExports.cpp:1997
  [UP] attempt to unprotect more items (1) than protected (0), results will be incomplete rust/src/RcppExports.cpp:1997
  [PB] has possible protection stack imbalance rust/src/RcppExports.cpp:1998

Function _rust_create_xptr_try(SEXPREC*)
  [UP] ignoring variable <unnamed var:   %11 = alloca %struct.SEXPREC*, align 8> as it has address taken, results will be incomplete 
  [UP] ignoring variable <unnamed var:   %12 = alloca %struct.SEXPREC*, align 8> as it has address taken, results will be incomplete 

Function _rust_exptrans
  [UP] unprotected variable rcpp_result_gen while calling allocating function Rf_onintr rust/src/RcppExports.cpp:2124
  [UP] allocating function Rcpp::internal::isLongjumpSentinel(SEXPREC*) may destroy its unprotected argument (rcpp_result_gen <arg 1>), which is later used. rust/src/RcppExports.cpp:2126
  [UP] calling allocating function Rcpp::internal::isLongjumpSentinel(SEXPREC*) with a fresh pointer (rcpp_result_gen <arg 1>) rust/src/RcppExports.cpp:2126
  [UP] allocating function Rf_inherits may destroy its unprotected argument (rcpp_result_gen <arg 1>), which is later used. rust/src/RcppExports.cpp:2130
  [UP] calling allocating function Rf_inherits with a fresh pointer (rcpp_result_gen <arg 1>) rust/src/RcppExports.cpp:2130
  [PB] has negative depth rust/src/RcppExports.cpp:2136
  [UP] attempt to unprotect more items (1) than protected (0), results will be incomplete rust/src/RcppExports.cpp:2136
  [PB] has possible protection stack imbalance rust/src/RcppExports.cpp:2137

Function _rust_exptrans_try(SEXPREC*, SEXPREC*)
  [UP] ignoring variable <unnamed var:   %14 = alloca %struct.SEXPREC*, align 8> as it has address taken, results will be incomplete 

Function _rust_gp_phi_to_theta
  [UP] unprotected variable rcpp_result_gen while calling allocating function Rf_onintr rust/src/RcppExports.cpp:2229
  [UP] allocating function Rcpp::internal::isLongjumpSentinel(SEXPREC*) may destroy its unprotected argument (rcpp_result_gen <arg 1>), which is later used. rust/src/RcppExports.cpp:2231
  [UP] calling allocating function Rcpp::internal::isLongjumpSentinel(SEXPREC*) with a fresh pointer (rcpp_result_gen <arg 1>) rust/src/RcppExports.cpp:2231
  [UP] allocating function Rf_inherits may destroy its unprotected argument (rcpp_result_gen <arg 1>), which is later used. rust/src/RcppExports.cpp:2235
  [UP] calling allocating function Rf_inherits with a fresh pointer (rcpp_result_gen <arg 1>) rust/src/RcppExports.cpp:2235
  [PB] has negative depth rust/src/RcppExports.cpp:2241
  [UP] attempt to unprotect more items (1) than protected (0), results will be incomplete rust/src/RcppExports.cpp:2241
  [PB] has possible protection stack imbalance rust/src/RcppExports.cpp:2242

Function _rust_gp_phi_to_theta_try(SEXPREC*, SEXPREC*)
  [UP] ignoring variable <unnamed var:   %14 = alloca %struct.SEXPREC*, align 8> as it has address taken, results will be incomplete 

Function _rust_log_none_jac
  [UP] unprotected variable rcpp_result_gen while calling allocating function Rf_onintr rust/src/RcppExports.cpp:1498
  [UP] allocating function Rcpp::internal::isLongjumpSentinel(SEXPREC*) may destroy its unprotected argument (rcpp_result_gen <arg 1>), which is later used. rust/src/RcppExports.cpp:1500
  [UP] calling allocating function Rcpp::internal::isLongjumpSentinel(SEXPREC*) with a fresh pointer (rcpp_result_gen <arg 1>) rust/src/RcppExports.cpp:1500
  [UP] allocating function Rf_inherits may destroy its unprotected argument (rcpp_result_gen <arg 1>), which is later used. rust/src/RcppExports.cpp:1504
  [UP] calling allocating function Rf_inherits with a fresh pointer (rcpp_result_gen <arg 1>) rust/src/RcppExports.cpp:1504
  [PB] has negative depth rust/src/RcppExports.cpp:1510
  [UP] attempt to unprotect more items (1) than protected (0), results will be incomplete rust/src/RcppExports.cpp:1510
  [PB] has possible protection stack imbalance rust/src/RcppExports.cpp:1511

Function _rust_log_none_jac_try(SEXPREC*, SEXPREC*)
  [UP] ignoring variable <unnamed var:   %14 = alloca %struct.SEXPREC*, align 8> as it has address taken, results will be incomplete 

Function _rust_logcauchy
  [UP] unprotected variable rcpp_result_gen while calling allocating function Rf_onintr rust/src/RcppExports.cpp:1741
  [UP] allocating function Rcpp::internal::isLongjumpSentinel(SEXPREC*) may destroy its unprotected argument (rcpp_result_gen <arg 1>), which is later used. rust/src/RcppExports.cpp:1743
  [UP] calling allocating function Rcpp::internal::isLongjumpSentinel(SEXPREC*) with a fresh pointer (rcpp_result_gen <arg 1>) rust/src/RcppExports.cpp:1743
  [UP] allocating function Rf_inherits may destroy its unprotected argument (rcpp_result_gen <arg 1>), which is later used. rust/src/RcppExports.cpp:1747
  [UP] calling allocating function Rf_inherits with a fresh pointer (rcpp_result_gen <arg 1>) rust/src/RcppExports.cpp:1747
  [PB] has negative depth rust/src/RcppExports.cpp:1753
  [UP] attempt to unprotect more items (1) than protected (0), results will be incomplete rust/src/RcppExports.cpp:1753
  [PB] has possible protection stack imbalance rust/src/RcppExports.cpp:1754

Function _rust_logcauchy_try(SEXPREC*, SEXPREC*)
  [UP] ignoring variable <unnamed var:   %14 = alloca %struct.SEXPREC*, align 8> as it has address taken, results will be incomplete 

Function _rust_logdN01
  [UP] unprotected variable rcpp_result_gen while calling allocating function Rf_onintr rust/src/RcppExports.cpp:1636
  [UP] allocating function Rcpp::internal::isLongjumpSentinel(SEXPREC*) may destroy its unprotected argument (rcpp_result_gen <arg 1>), which is later used. rust/src/RcppExports.cpp:1638
  [UP] calling allocating function Rcpp::internal::isLongjumpSentinel(SEXPREC*) with a fresh pointer (rcpp_result_gen <arg 1>) rust/src/RcppExports.cpp:1638
  [UP] allocating function Rf_inherits may destroy its unprotected argument (rcpp_result_gen <arg 1>), which is later used. rust/src/RcppExports.cpp:1642
  [UP] calling allocating function Rf_inherits with a fresh pointer (rcpp_result_gen <arg 1>) rust/src/RcppExports.cpp:1642
  [PB] has negative depth rust/src/RcppExports.cpp:1648
  [UP] attempt to unprotect more items (1) than protected (0), results will be incomplete rust/src/RcppExports.cpp:1648
  [PB] has possible protection stack imbalance rust/src/RcppExports.cpp:1649

Function _rust_logdN01_try(SEXPREC*, SEXPREC*)
  [UP] ignoring variable <unnamed var:   %14 = alloca %struct.SEXPREC*, align 8> as it has address taken, results will be incomplete 

Function _rust_logdgamma
  [UP] unprotected variable rcpp_result_gen while calling allocating function Rf_onintr rust/src/RcppExports.cpp:1916
  [UP] allocating function Rcpp::internal::isLongjumpSentinel(SEXPREC*) may destroy its unprotected argument (rcpp_result_gen <arg 1>), which is later used. rust/src/RcppExports.cpp:1918
  [UP] calling allocating function Rcpp::internal::isLongjumpSentinel(SEXPREC*) with a fresh pointer (rcpp_result_gen <arg 1>) rust/src/RcppExports.cpp:1918
  [UP] allocating function Rf_inherits may destroy its unprotected argument (rcpp_result_gen <arg 1>), which is later used. rust/src/RcppExports.cpp:1922
  [UP] calling allocating function Rf_inherits with a fresh pointer (rcpp_result_gen <arg 1>) rust/src/RcppExports.cpp:1922
  [PB] has negative depth rust/src/RcppExports.cpp:1928
  [UP] attempt to unprotect more items (1) than protected (0), results will be incomplete rust/src/RcppExports.cpp:1928
  [PB] has possible protection stack imbalance rust/src/RcppExports.cpp:1929

Function _rust_logdgamma_try(SEXPREC*, SEXPREC*)
  [UP] ignoring variable <unnamed var:   %14 = alloca %struct.SEXPREC*, align 8> as it has address taken, results will be incomplete 

Function _rust_logdlnorm
  [UP] unprotected variable rcpp_result_gen while calling allocating function Rf_onintr rust/src/RcppExports.cpp:1881
  [UP] allocating function Rcpp::internal::isLongjumpSentinel(SEXPREC*) may destroy its unprotected argument (rcpp_result_gen <arg 1>), which is later used. rust/src/RcppExports.cpp:1883
  [UP] calling allocating function Rcpp::internal::isLongjumpSentinel(SEXPREC*) with a fresh pointer (rcpp_result_gen <arg 1>) rust/src/RcppExports.cpp:1883
  [UP] allocating function Rf_inherits may destroy its unprotected argument (rcpp_result_gen <arg 1>), which is later used. rust/src/RcppExports.cpp:1887
  [UP] calling allocating function Rf_inherits with a fresh pointer (rcpp_result_gen <arg 1>) rust/src/RcppExports.cpp:1887
  [PB] has negative depth rust/src/RcppExports.cpp:1893
  [UP] attempt to unprotect more items (1) than protected (0), results will be incomplete rust/src/RcppExports.cpp:1893
  [PB] has possible protection stack imbalance rust/src/RcppExports.cpp:1894

Function _rust_logdlnorm_try(SEXPREC*, SEXPREC*)
  [UP] ignoring variable <unnamed var:   %14 = alloca %struct.SEXPREC*, align 8> as it has address taken, results will be incomplete 

Function _rust_logdmvnorm
  [UP] unprotected variable rcpp_result_gen while calling allocating function Rf_onintr rust/src/RcppExports.cpp:1706
  [UP] allocating function Rcpp::internal::isLongjumpSentinel(SEXPREC*) may destroy its unprotected argument (rcpp_result_gen <arg 1>), which is later used. rust/src/RcppExports.cpp:1708
  [UP] calling allocating function Rcpp::internal::isLongjumpSentinel(SEXPREC*) with a fresh pointer (rcpp_result_gen <arg 1>) rust/src/RcppExports.cpp:1708
  [UP] allocating function Rf_inherits may destroy its unprotected argument (rcpp_result_gen <arg 1>), which is later used. rust/src/RcppExports.cpp:1712
  [UP] calling allocating function Rf_inherits with a fresh pointer (rcpp_result_gen <arg 1>) rust/src/RcppExports.cpp:1712
  [PB] has negative depth rust/src/RcppExports.cpp:1718
  [UP] attempt to unprotect more items (1) than protected (0), results will be incomplete rust/src/RcppExports.cpp:1718
  [PB] has possible protection stack imbalance rust/src/RcppExports.cpp:1719

Function _rust_logdmvnorm_try(SEXPREC*, SEXPREC*)
  [UP] ignoring variable <unnamed var:   %14 = alloca %struct.SEXPREC*, align 8> as it has address taken, results will be incomplete 

Function _rust_logdnorm2
  [UP] unprotected variable rcpp_result_gen while calling allocating function Rf_onintr rust/src/RcppExports.cpp:1671
  [UP] allocating function Rcpp::internal::isLongjumpSentinel(SEXPREC*) may destroy its unprotected argument (rcpp_result_gen <arg 1>), which is later used. rust/src/RcppExports.cpp:1673
  [UP] calling allocating function Rcpp::internal::isLongjumpSentinel(SEXPREC*) with a fresh pointer (rcpp_result_gen <arg 1>) rust/src/RcppExports.cpp:1673
  [UP] allocating function Rf_inherits may destroy its unprotected argument (rcpp_result_gen <arg 1>), which is later used. rust/src/RcppExports.cpp:1677
  [UP] calling allocating function Rf_inherits with a fresh pointer (rcpp_result_gen <arg 1>) rust/src/RcppExports.cpp:1677
  [PB] has negative depth rust/src/RcppExports.cpp:1683
  [UP] attempt to unprotect more items (1) than protected (0), results will be incomplete rust/src/RcppExports.cpp:1683
  [PB] has possible protection stack imbalance rust/src/RcppExports.cpp:1684

Function _rust_logdnorm2_try(SEXPREC*, SEXPREC*)
  [UP] ignoring variable <unnamed var:   %14 = alloca %struct.SEXPREC*, align 8> as it has address taken, results will be incomplete 

Function _rust_loggp
  [UP] unprotected variable rcpp_result_gen while calling allocating function Rf_onintr rust/src/RcppExports.cpp:1951
  [UP] allocating function Rcpp::internal::isLongjumpSentinel(SEXPREC*) may destroy its unprotected argument (rcpp_result_gen <arg 1>), which is later used. rust/src/RcppExports.cpp:1953
  [UP] calling allocating function Rcpp::internal::isLongjumpSentinel(SEXPREC*) with a fresh pointer (rcpp_result_gen <arg 1>) rust/src/RcppExports.cpp:1953
  [UP] allocating function Rf_inherits may destroy its unprotected argument (rcpp_result_gen <arg 1>), which is later used. rust/src/RcppExports.cpp:1957
  [UP] calling allocating function Rf_inherits with a fresh pointer (rcpp_result_gen <arg 1>) rust/src/RcppExports.cpp:1957
  [PB] has negative depth rust/src/RcppExports.cpp:1963
  [UP] attempt to unprotect more items (1) than protected (0), results will be incomplete rust/src/RcppExports.cpp:1963
  [PB] has possible protection stack imbalance rust/src/RcppExports.cpp:1964

Function _rust_loggp_try(SEXPREC*, SEXPREC*)
  [UP] ignoring variable <unnamed var:   %14 = alloca %struct.SEXPREC*, align 8> as it has address taken, results will be incomplete 

Function _rust_loghalfcauchy
  [UP] unprotected variable rcpp_result_gen while calling allocating function Rf_onintr rust/src/RcppExports.cpp:1776
  [UP] allocating function Rcpp::internal::isLongjumpSentinel(SEXPREC*) may destroy its unprotected argument (rcpp_result_gen <arg 1>), which is later used. rust/src/RcppExports.cpp:1778
  [UP] calling allocating function Rcpp::internal::isLongjumpSentinel(SEXPREC*) with a fresh pointer (rcpp_result_gen <arg 1>) rust/src/RcppExports.cpp:1778
  [UP] allocating function Rf_inherits may destroy its unprotected argument (rcpp_result_gen <arg 1>), which is later used. rust/src/RcppExports.cpp:1782
  [UP] calling allocating function Rf_inherits with a fresh pointer (rcpp_result_gen <arg 1>) rust/src/RcppExports.cpp:1782
  [PB] has negative depth rust/src/RcppExports.cpp:1788
  [UP] attempt to unprotect more items (1) than protected (0), results will be incomplete rust/src/RcppExports.cpp:1788
  [PB] has possible protection stack imbalance rust/src/RcppExports.cpp:1789

Function _rust_loghalfcauchy_try(SEXPREC*, SEXPREC*)
  [UP] ignoring variable <unnamed var:   %14 = alloca %struct.SEXPREC*, align 8> as it has address taken, results will be incomplete 

Function _rust_lognormalmix
  [UP] unprotected variable rcpp_result_gen while calling allocating function Rf_onintr rust/src/RcppExports.cpp:1811
  [UP] allocating function Rcpp::internal::isLongjumpSentinel(SEXPREC*) may destroy its unprotected argument (rcpp_result_gen <arg 1>), which is later used. rust/src/RcppExports.cpp:1813
  [UP] calling allocating function Rcpp::internal::isLongjumpSentinel(SEXPREC*) with a fresh pointer (rcpp_result_gen <arg 1>) rust/src/RcppExports.cpp:1813
  [UP] allocating function Rf_inherits may destroy its unprotected argument (rcpp_result_gen <arg 1>), which is later used. rust/src/RcppExports.cpp:1817
  [UP] calling allocating function Rf_inherits with a fresh pointer (rcpp_result_gen <arg 1>) rust/src/RcppExports.cpp:1817
  [PB] has negative depth rust/src/RcppExports.cpp:1823
  [UP] attempt to unprotect more items (1) than protected (0), results will be incomplete rust/src/RcppExports.cpp:1823
  [PB] has possible protection stack imbalance rust/src/RcppExports.cpp:1824

Function _rust_lognormalmix_try(SEXPREC*, SEXPREC*)
  [UP] ignoring variable <unnamed var:   %14 = alloca %struct.SEXPREC*, align 8> as it has address taken, results will be incomplete 

Function _rust_lognormt
  [UP] unprotected variable rcpp_result_gen while calling allocating function Rf_onintr rust/src/RcppExports.cpp:1846
  [UP] allocating function Rcpp::internal::isLongjumpSentinel(SEXPREC*) may destroy its unprotected argument (rcpp_result_gen <arg 1>), which is later used. rust/src/RcppExports.cpp:1848
  [UP] calling allocating function Rcpp::internal::isLongjumpSentinel(SEXPREC*) with a fresh pointer (rcpp_result_gen <arg 1>) rust/src/RcppExports.cpp:1848
  [UP] allocating function Rf_inherits may destroy its unprotected argument (rcpp_result_gen <arg 1>), which is later used. rust/src/RcppExports.cpp:1852
  [UP] calling allocating function Rf_inherits with a fresh pointer (rcpp_result_gen <arg 1>) rust/src/RcppExports.cpp:1852
  [PB] has negative depth rust/src/RcppExports.cpp:1858
  [UP] attempt to unprotect more items (1) than protected (0), results will be incomplete rust/src/RcppExports.cpp:1858
  [PB] has possible protection stack imbalance rust/src/RcppExports.cpp:1859

Function _rust_lognormt_try(SEXPREC*, SEXPREC*)
  [UP] ignoring variable <unnamed var:   %14 = alloca %struct.SEXPREC*, align 8> as it has address taken, results will be incomplete 

Function _rust_neglog
  [UP] unprotected variable rcpp_result_gen while calling allocating function Rf_onintr rust/src/RcppExports.cpp:2020
  [UP] allocating function Rcpp::internal::isLongjumpSentinel(SEXPREC*) may destroy its unprotected argument (rcpp_result_gen <arg 1>), which is later used. rust/src/RcppExports.cpp:2022
  [UP] calling allocating function Rcpp::internal::isLongjumpSentinel(SEXPREC*) with a fresh pointer (rcpp_result_gen <arg 1>) rust/src/RcppExports.cpp:2022
  [UP] allocating function Rf_inherits may destroy its unprotected argument (rcpp_result_gen <arg 1>), which is later used. rust/src/RcppExports.cpp:2026
  [UP] calling allocating function Rf_inherits with a fresh pointer (rcpp_result_gen <arg 1>) rust/src/RcppExports.cpp:2026
  [PB] has negative depth rust/src/RcppExports.cpp:2032
  [UP] attempt to unprotect more items (1) than protected (0), results will be incomplete rust/src/RcppExports.cpp:2032
  [PB] has possible protection stack imbalance rust/src/RcppExports.cpp:2033

Function _rust_neglog_try(SEXPREC*, SEXPREC*)
  [UP] ignoring variable <unnamed var:   %14 = alloca %struct.SEXPREC*, align 8> as it has address taken, results will be incomplete 

Function _rust_no_naC
  [UP] unprotected variable rcpp_result_gen while calling allocating function Rf_onintr rust/src/RcppExports.cpp:104
  [UP] allocating function Rcpp::internal::isLongjumpSentinel(SEXPREC*) may destroy its unprotected argument (rcpp_result_gen <arg 1>), which is later used. rust/src/RcppExports.cpp:106
  [UP] calling allocating function Rcpp::internal::isLongjumpSentinel(SEXPREC*) with a fresh pointer (rcpp_result_gen <arg 1>) rust/src/RcppExports.cpp:106
  [UP] allocating function Rf_inherits may destroy its unprotected argument (rcpp_result_gen <arg 1>), which is later used. rust/src/RcppExports.cpp:110
  [UP] calling allocating function Rf_inherits with a fresh pointer (rcpp_result_gen <arg 1>) rust/src/RcppExports.cpp:110
  [PB] has negative depth rust/src/RcppExports.cpp:116
  [UP] attempt to unprotect more items (1) than protected (0), results will be incomplete rust/src/RcppExports.cpp:116
  [PB] has possible protection stack imbalance rust/src/RcppExports.cpp:117

Function _rust_no_naC_try(SEXPREC*)
  [UP] ignoring variable <unnamed var:   %11 = alloca %struct.SEXPREC*, align 8> as it has address taken, results will be incomplete 

Function _rust_no_trans
  [UP] unprotected variable rcpp_result_gen while calling allocating function Rf_onintr rust/src/RcppExports.cpp:1567
  [UP] allocating function Rcpp::internal::isLongjumpSentinel(SEXPREC*) may destroy its unprotected argument (rcpp_result_gen <arg 1>), which is later used. rust/src/RcppExports.cpp:1569
  [UP] calling allocating function Rcpp::internal::isLongjumpSentinel(SEXPREC*) with a fresh pointer (rcpp_result_gen <arg 1>) rust/src/RcppExports.cpp:1569
  [UP] allocating function Rf_inherits may destroy its unprotected argument (rcpp_result_gen <arg 1>), which is later used. rust/src/RcppExports.cpp:1573
  [UP] calling allocating function Rf_inherits with a fresh pointer (rcpp_result_gen <arg 1>) rust/src/RcppExports.cpp:1573
  [PB] has negative depth rust/src/RcppExports.cpp:1579
  [UP] attempt to unprotect more items (1) than protected (0), results will be incomplete rust/src/RcppExports.cpp:1579
  [PB] has possible protection stack imbalance rust/src/RcppExports.cpp:1580

Function _rust_no_trans_try(SEXPREC*, SEXPREC*)
  [UP] ignoring variable <unnamed var:   %14 = alloca %struct.SEXPREC*, align 8> as it has address taken, results will be incomplete 

Function _rust_null_phi_to_theta_xptr
  [UP] unprotected variable rcpp_result_gen while calling allocating function Rf_onintr rust/src/RcppExports.cpp:1601
  [UP] allocating function Rcpp::internal::isLongjumpSentinel(SEXPREC*) may destroy its unprotected argument (rcpp_result_gen <arg 1>), which is later used. rust/src/RcppExports.cpp:1603
  [UP] calling allocating function Rcpp::internal::isLongjumpSentinel(SEXPREC*) with a fresh pointer (rcpp_result_gen <arg 1>) rust/src/RcppExports.cpp:1603
  [UP] allocating function Rf_inherits may destroy its unprotected argument (rcpp_result_gen <arg 1>), which is later used. rust/src/RcppExports.cpp:1607
  [UP] calling allocating function Rf_inherits with a fresh pointer (rcpp_result_gen <arg 1>) rust/src/RcppExports.cpp:1607
  [PB] has negative depth rust/src/RcppExports.cpp:1613
  [UP] attempt to unprotect more items (1) than protected (0), results will be incomplete rust/src/RcppExports.cpp:1613
  [PB] has possible protection stack imbalance rust/src/RcppExports.cpp:1614

Function _rust_null_phi_to_theta_xptr_try(SEXPREC*)
  [UP] ignoring variable <unnamed var:   %11 = alloca %struct.SEXPREC*, align 8> as it has address taken, results will be incomplete 
  [UP] ignoring variable <unnamed var:   %12 = alloca %struct.SEXPREC*, align 8> as it has address taken, results will be incomplete 

Function _rust_rcpp_apply
  [UP] unprotected variable rcpp_result_gen while calling allocating function Rf_onintr rust/src/RcppExports.cpp:893
  [UP] allocating function Rcpp::internal::isLongjumpSentinel(SEXPREC*) may destroy its unprotected argument (rcpp_result_gen <arg 1>), which is later used. rust/src/RcppExports.cpp:895
  [UP] calling allocating function Rcpp::internal::isLongjumpSentinel(SEXPREC*) with a fresh pointer (rcpp_result_gen <arg 1>) rust/src/RcppExports.cpp:895
  [UP] allocating function Rf_inherits may destroy its unprotected argument (rcpp_result_gen <arg 1>), which is later used. rust/src/RcppExports.cpp:899
  [UP] calling allocating function Rf_inherits with a fresh pointer (rcpp_result_gen <arg 1>) rust/src/RcppExports.cpp:899
  [PB] has negative depth rust/src/RcppExports.cpp:905
  [UP] attempt to unprotect more items (1) than protected (0), results will be incomplete rust/src/RcppExports.cpp:905
  [PB] has possible protection stack imbalance rust/src/RcppExports.cpp:906

Function _rust_rcpp_apply_try(SEXPREC*, SEXPREC*, SEXPREC*, SEXPREC*, SEXPREC*, SEXPREC*, SEXPREC*, SEXPREC*, SEXPREC*, SEXPREC*, SEXPREC*)
  [UP] ignoring variable <unnamed var:   %41 = alloca %struct.SEXPREC*, align 8> as it has address taken, results will be incomplete 

Function _rust_ru_cpp
  [UP] unprotected variable rcpp_result_gen while calling allocating function Rf_onintr rust/src/RcppExports.cpp:1211
  [UP] allocating function Rcpp::internal::isLongjumpSentinel(SEXPREC*) may destroy its unprotected argument (rcpp_result_gen <arg 1>), which is later used. rust/src/RcppExports.cpp:1213
  [UP] calling allocating function Rcpp::internal::isLongjumpSentinel(SEXPREC*) with a fresh pointer (rcpp_result_gen <arg 1>) rust/src/RcppExports.cpp:1213
  [UP] allocating function Rf_inherits may destroy its unprotected argument (rcpp_result_gen <arg 1>), which is later used. rust/src/RcppExports.cpp:1217
  [UP] calling allocating function Rf_inherits with a fresh pointer (rcpp_result_gen <arg 1>) rust/src/RcppExports.cpp:1217
  [PB] has negative depth rust/src/RcppExports.cpp:1223
  [UP] attempt to unprotect more items (1) than protected (0), results will be incomplete rust/src/RcppExports.cpp:1223
  [PB] has possible protection stack imbalance rust/src/RcppExports.cpp:1224

Function _rust_ru_cpp_2
  [UP] unprotected variable rcpp_result_gen while calling allocating function Rf_onintr rust/src/RcppExports.cpp:1260
  [UP] allocating function Rcpp::internal::isLongjumpSentinel(SEXPREC*) may destroy its unprotected argument (rcpp_result_gen <arg 1>), which is later used. rust/src/RcppExports.cpp:1262
  [UP] calling allocating function Rcpp::internal::isLongjumpSentinel(SEXPREC*) with a fresh pointer (rcpp_result_gen <arg 1>) rust/src/RcppExports.cpp:1262
  [UP] allocating function Rf_inherits may destroy its unprotected argument (rcpp_result_gen <arg 1>), which is later used. rust/src/RcppExports.cpp:1266
  [UP] calling allocating function Rf_inherits with a fresh pointer (rcpp_result_gen <arg 1>) rust/src/RcppExports.cpp:1266
  [PB] has negative depth rust/src/RcppExports.cpp:1272
  [UP] attempt to unprotect more items (1) than protected (0), results will be incomplete rust/src/RcppExports.cpp:1272
  [PB] has possible protection stack imbalance rust/src/RcppExports.cpp:1273

Function _rust_ru_cpp_2_try(SEXPREC*, SEXPREC*, SEXPREC*, SEXPREC*, SEXPREC*, SEXPREC*, SEXPREC*, SEXPREC*, SEXPREC*, SEXPREC*, SEXPREC*, SEXPREC*, SEXPREC*, SEXPREC*, SEXPREC*, SEXPREC*)
  [UP] ignoring variable <unnamed var:   %56 = alloca %struct.SEXPREC*, align 8> as it has address taken, results will be incomplete 

Function _rust_ru_cpp_3
  [UP] unprotected variable rcpp_result_gen while calling allocating function Rf_onintr rust/src/RcppExports.cpp:1309
  [UP] allocating function Rcpp::internal::isLongjumpSentinel(SEXPREC*) may destroy its unprotected argument (rcpp_result_gen <arg 1>), which is later used. rust/src/RcppExports.cpp:1311
  [UP] calling allocating function Rcpp::internal::isLongjumpSentinel(SEXPREC*) with a fresh pointer (rcpp_result_gen <arg 1>) rust/src/RcppExports.cpp:1311
  [UP] allocating function Rf_inherits may destroy its unprotected argument (rcpp_result_gen <arg 1>), which is later used. rust/src/RcppExports.cpp:1315
  [UP] calling allocating function Rf_inherits with a fresh pointer (rcpp_result_gen <arg 1>) rust/src/RcppExports.cpp:1315
  [PB] has negative depth rust/src/RcppExports.cpp:1321
  [UP] attempt to unprotect more items (1) than protected (0), results will be incomplete rust/src/RcppExports.cpp:1321
  [PB] has possible protection stack imbalance rust/src/RcppExports.cpp:1322

Function _rust_ru_cpp_3_try(SEXPREC*, SEXPREC*, SEXPREC*, SEXPREC*, SEXPREC*, SEXPREC*, SEXPREC*, SEXPREC*, SEXPREC*, SEXPREC*, SEXPREC*, SEXPREC*, SEXPREC*, SEXPREC*, SEXPREC*, SEXPREC*)
  [UP] ignoring variable <unnamed var:   %56 = alloca %struct.SEXPREC*, align 8> as it has address taken, results will be incomplete 

Function _rust_ru_cpp_4
  [UP] unprotected variable rcpp_result_gen while calling allocating function Rf_onintr rust/src/RcppExports.cpp:1358
  [UP] allocating function Rcpp::internal::isLongjumpSentinel(SEXPREC*) may destroy its unprotected argument (rcpp_result_gen <arg 1>), which is later used. rust/src/RcppExports.cpp:1360
  [UP] calling allocating function Rcpp::internal::isLongjumpSentinel(SEXPREC*) with a fresh pointer (rcpp_result_gen <arg 1>) rust/src/RcppExports.cpp:1360
  [UP] allocating function Rf_inherits may destroy its unprotected argument (rcpp_result_gen <arg 1>), which is later used. rust/src/RcppExports.cpp:1364
  [UP] calling allocating function Rf_inherits with a fresh pointer (rcpp_result_gen <arg 1>) rust/src/RcppExports.cpp:1364
  [PB] has negative depth rust/src/RcppExports.cpp:1370
  [UP] attempt to unprotect more items (1) than protected (0), results will be incomplete rust/src/RcppExports.cpp:1370
  [PB] has possible protection stack imbalance rust/src/RcppExports.cpp:1371

Function _rust_ru_cpp_4_try(SEXPREC*, SEXPREC*, SEXPREC*, SEXPREC*, SEXPREC*, SEXPREC*, SEXPREC*, SEXPREC*, SEXPREC*, SEXPREC*, SEXPREC*, SEXPREC*, SEXPREC*, SEXPREC*, SEXPREC*, SEXPREC*)
  [UP] ignoring variable <unnamed var:   %56 = alloca %struct.SEXPREC*, align 8> as it has address taken, results will be incomplete 

Function _rust_ru_cpp_try(SEXPREC*, SEXPREC*, SEXPREC*, SEXPREC*, SEXPREC*, SEXPREC*, SEXPREC*, SEXPREC*, SEXPREC*, SEXPREC*, SEXPREC*)
  [UP] ignoring variable <unnamed var:   %41 = alloca %struct.SEXPREC*, align 8> as it has address taken, results will be incomplete 

Function _rust_trans1
  [UP] unprotected variable rcpp_result_gen while calling allocating function Rf_onintr rust/src/RcppExports.cpp:600
  [UP] allocating function Rcpp::internal::isLongjumpSentinel(SEXPREC*) may destroy its unprotected argument (rcpp_result_gen <arg 1>), which is later used. rust/src/RcppExports.cpp:602
  [UP] calling allocating function Rcpp::internal::isLongjumpSentinel(SEXPREC*) with a fresh pointer (rcpp_result_gen <arg 1>) rust/src/RcppExports.cpp:602
  [UP] allocating function Rf_inherits may destroy its unprotected argument (rcpp_result_gen <arg 1>), which is later used. rust/src/RcppExports.cpp:606
  [UP] calling allocating function Rf_inherits with a fresh pointer (rcpp_result_gen <arg 1>) rust/src/RcppExports.cpp:606
  [PB] has negative depth rust/src/RcppExports.cpp:612
  [UP] attempt to unprotect more items (1) than protected (0), results will be incomplete rust/src/RcppExports.cpp:612
  [PB] has possible protection stack imbalance rust/src/RcppExports.cpp:613

Function _rust_trans1_try(SEXPREC*, SEXPREC*, SEXPREC*)
  [UP] ignoring variable <unnamed var:   %17 = alloca %struct.SEXPREC*, align 8> as it has address taken, results will be incomplete 

Function _rust_trans2
  [UP] unprotected variable rcpp_result_gen while calling allocating function Rf_onintr rust/src/RcppExports.cpp:682
  [UP] allocating function Rcpp::internal::isLongjumpSentinel(SEXPREC*) may destroy its unprotected argument (rcpp_result_gen <arg 1>), which is later used. rust/src/RcppExports.cpp:684
  [UP] calling allocating function Rcpp::internal::isLongjumpSentinel(SEXPREC*) with a fresh pointer (rcpp_result_gen <arg 1>) rust/src/RcppExports.cpp:684
  [UP] allocating function Rf_inherits may destroy its unprotected argument (rcpp_result_gen <arg 1>), which is later used. rust/src/RcppExports.cpp:688
  [UP] calling allocating function Rf_inherits with a fresh pointer (rcpp_result_gen <arg 1>) rust/src/RcppExports.cpp:688
  [PB] has negative depth rust/src/RcppExports.cpp:694
  [UP] attempt to unprotect more items (1) than protected (0), results will be incomplete rust/src/RcppExports.cpp:694
  [PB] has possible protection stack imbalance rust/src/RcppExports.cpp:695

Function _rust_trans2_try(SEXPREC*, SEXPREC*, SEXPREC*, SEXPREC*, SEXPREC*)
  [UP] ignoring variable <unnamed var:   %23 = alloca %struct.SEXPREC*, align 8> as it has address taken, results will be incomplete 

Function _rust_trans3
  [UP] unprotected variable rcpp_result_gen while calling allocating function Rf_onintr rust/src/RcppExports.cpp:766
  [UP] allocating function Rcpp::internal::isLongjumpSentinel(SEXPREC*) may destroy its unprotected argument (rcpp_result_gen <arg 1>), which is later used. rust/src/RcppExports.cpp:768
  [UP] calling allocating function Rcpp::internal::isLongjumpSentinel(SEXPREC*) with a fresh pointer (rcpp_result_gen <arg 1>) rust/src/RcppExports.cpp:768
  [UP] allocating function Rf_inherits may destroy its unprotected argument (rcpp_result_gen <arg 1>), which is later used. rust/src/RcppExports.cpp:772
  [UP] calling allocating function Rf_inherits with a fresh pointer (rcpp_result_gen <arg 1>) rust/src/RcppExports.cpp:772
  [PB] has negative depth rust/src/RcppExports.cpp:778
  [UP] attempt to unprotect more items (1) than protected (0), results will be incomplete rust/src/RcppExports.cpp:778
  [PB] has possible protection stack imbalance rust/src/RcppExports.cpp:779

Function _rust_trans3_try(SEXPREC*, SEXPREC*, SEXPREC*, SEXPREC*, SEXPREC*, SEXPREC*, SEXPREC*)
  [UP] ignoring variable <unnamed var:   %29 = alloca %struct.SEXPREC*, align 8> as it has address taken, results will be incomplete 

Function _rust_trans4
  [UP] unprotected variable rcpp_result_gen while calling allocating function Rf_onintr rust/src/RcppExports.cpp:849
  [UP] allocating function Rcpp::internal::isLongjumpSentinel(SEXPREC*) may destroy its unprotected argument (rcpp_result_gen <arg 1>), which is later used. rust/src/RcppExports.cpp:851
  [UP] calling allocating function Rcpp::internal::isLongjumpSentinel(SEXPREC*) with a fresh pointer (rcpp_result_gen <arg 1>) rust/src/RcppExports.cpp:851
  [UP] allocating function Rf_inherits may destroy its unprotected argument (rcpp_result_gen <arg 1>), which is later used. rust/src/RcppExports.cpp:855
  [UP] calling allocating function Rf_inherits with a fresh pointer (rcpp_result_gen <arg 1>) rust/src/RcppExports.cpp:855
  [PB] has negative depth rust/src/RcppExports.cpp:861
  [UP] attempt to unprotect more items (1) than protected (0), results will be incomplete rust/src/RcppExports.cpp:861
  [PB] has possible protection stack imbalance rust/src/RcppExports.cpp:862

Function _rust_trans4_try(SEXPREC*, SEXPREC*, SEXPREC*, SEXPREC*, SEXPREC*, SEXPREC*)
  [UP] ignoring variable <unnamed var:   %26 = alloca %struct.SEXPREC*, align 8> as it has address taken, results will be incomplete 

Function _rust_vecpow
  [UP] unprotected variable rcpp_result_gen while calling allocating function Rf_onintr rust/src/RcppExports.cpp:343
  [UP] allocating function Rcpp::internal::isLongjumpSentinel(SEXPREC*) may destroy its unprotected argument (rcpp_result_gen <arg 1>), which is later used. rust/src/RcppExports.cpp:345
  [UP] calling allocating function Rcpp::internal::isLongjumpSentinel(SEXPREC*) with a fresh pointer (rcpp_result_gen <arg 1>) rust/src/RcppExports.cpp:345
  [UP] allocating function Rf_inherits may destroy its unprotected argument (rcpp_result_gen <arg 1>), which is later used. rust/src/RcppExports.cpp:349
  [UP] calling allocating function Rf_inherits with a fresh pointer (rcpp_result_gen <arg 1>) rust/src/RcppExports.cpp:349
  [PB] has negative depth rust/src/RcppExports.cpp:355
  [UP] attempt to unprotect more items (1) than protected (0), results will be incomplete rust/src/RcppExports.cpp:355
  [PB] has possible protection stack imbalance rust/src/RcppExports.cpp:356

Function _rust_vecpow_try(SEXPREC*, SEXPREC*)
  [UP] ignoring variable <unnamed var:   %14 = alloca %struct.SEXPREC*, align 8> as it has address taken, results will be incomplete 

Function _rust_vecpower
  [UP] unprotected variable rcpp_result_gen while calling allocating function Rf_onintr rust/src/RcppExports.cpp:2159
  [UP] allocating function Rcpp::internal::isLongjumpSentinel(SEXPREC*) may destroy its unprotected argument (rcpp_result_gen <arg 1>), which is later used. rust/src/RcppExports.cpp:2161
  [UP] calling allocating function Rcpp::internal::isLongjumpSentinel(SEXPREC*) with a fresh pointer (rcpp_result_gen <arg 1>) rust/src/RcppExports.cpp:2161
  [UP] allocating function Rf_inherits may destroy its unprotected argument (rcpp_result_gen <arg 1>), which is later used. rust/src/RcppExports.cpp:2165
  [UP] calling allocating function Rf_inherits with a fresh pointer (rcpp_result_gen <arg 1>) rust/src/RcppExports.cpp:2165
  [PB] has negative depth rust/src/RcppExports.cpp:2171
  [UP] attempt to unprotect more items (1) than protected (0), results will be incomplete rust/src/RcppExports.cpp:2171
  [PB] has possible protection stack imbalance rust/src/RcppExports.cpp:2172

Function _rust_vecpower_try(SEXPREC*, SEXPREC*)
  [UP] ignoring variable <unnamed var:   %14 = alloca %struct.SEXPREC*, align 8> as it has address taken, results will be incomplete 
