Package SAMtool version 1.1.1
Package built using 80023/R 4.1.0; x86_64-pc-linux-gnu; 2021-02-19 16:34:59 UTC; unix   
Checked with rchk version 3d653b7c8f92dac912532856b55f44d2986c6553 LLVM version 10.0.1
More information at https://github.com/kalibera/cran-checks/blob/master/rchk/PROTECT.md
For rchk in docker image see https://github.com/kalibera/rchk/blob/master/doc/DOCKER.md


Function MakeADFunObject
  [UP] ignoring variable info as it has address taken, results will be incomplete 
  [PB] has negative depth TMB/include/tmb_core.hpp:1241
  [UP] attempt to unprotect more items (4) than protected (3), results will be incomplete TMB/include/tmb_core.hpp:1241
  [PB] has possible protection stack imbalance TMB/include/tmb_core.hpp:1244

Function MakeADGradObject
  [PB] has negative depth TMB/include/tmb_core.hpp:1502
  [UP] attempt to unprotect more items (3) than protected (2), results will be incomplete TMB/include/tmb_core.hpp:1502
  [PB] has possible protection stack imbalance TMB/include/tmb_core.hpp:1504

Function SEXPREC* EvalADFunObjectTemplate<CppAD::ADFun<double> >(SEXPREC*, SEXPREC*, SEXPREC*)
  [PB] has negative depth TMB/include/tmb_core.hpp:1111
  [UP] attempt to unprotect more items (4) than protected (3), results will be incomplete TMB/include/tmb_core.hpp:1111
  [PB] has possible protection stack imbalance TMB/include/tmb_core.hpp:1113

Function SEXPREC* EvalADFunObjectTemplate<parallelADFun<double> >(SEXPREC*, SEXPREC*, SEXPREC*)
  [PB] has negative depth TMB/include/tmb_core.hpp:1111
  [UP] attempt to unprotect more items (4) than protected (3), results will be incomplete TMB/include/tmb_core.hpp:1111
  [PB] has possible protection stack imbalance TMB/include/tmb_core.hpp:1113

Function memory_manager_struct::CallCFinalizer(SEXPREC*)
  [UP] ignoring variable x as it has address taken, results will be incomplete 

Function memory_manager_struct::RegisterCFinalizer(SEXPREC*)
  [UP] ignoring variable x as it has address taken, results will be incomplete 
