Package SCCI version 1.2
Package built using 88872/R 4.6.0; x86_64-pc-linux-gnu; 2025-09-27 04:17:57 UTC; unix   
Checked with rchk version 35618ebbccf3cd0b45a3530e6303970a22a9056b LLVM version 14.0.6
More information at https://github.com/kalibera/cran-checks/blob/master/rchk/PROTECT.md
For rchk in docker image see https://github.com/kalibera/rchk/blob/master/doc/DOCKER.md


Function Rcpp::Rcpp_protect(SEXPREC*)
  [PB] has possible protection stack imbalance Rcpp/include/Rcpp/protection/Shield.h:25

Function Rcpp::Rcpp_unprotect(int)
  [PB] has an unsupported form of unprotect with a variable results will be incomplete Rcpp/include/Rcpp/protection/Shield.h:31
  [UP] unsupported form of unprotect, unprotecting all variables, results will be incomplete Rcpp/include/Rcpp/protection/Shield.h:31

Function conditionalFNML
  [UP] ignoring variable yEXP as it has address taken, results will be incomplete 
  [UP] ignoring variable xEXP as it has address taken, results will be incomplete 

Function conditionalQNML
  [UP] ignoring variable xEXP as it has address taken, results will be incomplete 
  [UP] ignoring variable yEXP as it has address taken, results will be incomplete 

Function indepAsymfNML
  [UP] ignoring variable xEXP as it has address taken, results will be incomplete 
  [UP] ignoring variable yEXP as it has address taken, results will be incomplete 
  [UP] ignoring variable zEXP as it has address taken, results will be incomplete 

Function indepAsymqNML
  [UP] ignoring variable xEXP as it has address taken, results will be incomplete 
  [UP] ignoring variable yEXP as it has address taken, results will be incomplete 
  [UP] ignoring variable zEXP as it has address taken, results will be incomplete 

Function indepfNML
  [UP] ignoring variable xEXP as it has address taken, results will be incomplete 
  [UP] ignoring variable xyEXP as it has address taken, results will be incomplete 
  [UP] ignoring variable yEXP as it has address taken, results will be incomplete 
  [UP] ignoring variable zEXP as it has address taken, results will be incomplete 

Function indepqNML
  [UP] ignoring variable xEXP as it has address taken, results will be incomplete 
  [UP] ignoring variable xyEXP as it has address taken, results will be incomplete 
  [UP] ignoring variable yEXP as it has address taken, results will be incomplete 
  [UP] ignoring variable zEXP as it has address taken, results will be incomplete 
