Package simer version 0.9.0.6
Package built using 87687/R 4.5.0; x86_64-pc-linux-gnu; 2025-02-05 23:53:13 UTC; unix   
Checked with rchk version 35618ebbccf3cd0b45a3530e6303970a22a9056b LLVM version 14.0.6
More information at https://github.com/kalibera/cran-checks/blob/master/rchk/PROTECT.md
For rchk in docker image see https://github.com/kalibera/rchk/blob/master/doc/DOCKER.md


Function Rcpp::Armor<SEXPREC*>::init(SEXPREC*)
  [PB] has possible protection stack imbalance Rcpp/include/Rcpp/protection/Armor.h:47

Function Rcpp::Armor<SEXPREC*>::~Armor()
  [PB] has negative depth Rcpp/include/Rcpp/protection/Armor.h:41
  [UP] attempt to unprotect more items (1) than protected (0), results will be incomplete Rcpp/include/Rcpp/protection/Armor.h:41
  [PB] has possible protection stack imbalance Rcpp/include/Rcpp/protection/Armor.h:42

Function Rcpp::DataFrame_Impl<Rcpp::PreserveStorage> PedigreeCorrector<char>(Rcpp::XPtr<BigMatrix, Rcpp::PreserveStorage, &(void Rcpp::standard_delete_finalizer<BigMatrix>(BigMatrix*)), false>, Rcpp::Vector<16, Rcpp::PreserveStorage>, Rcpp::DataFrame_Impl<Rcpp::PreserveStorage>, Rcpp::Nullable<Rcpp::Vector<16, Rcpp::PreserveStorage> >, Rcpp::Nullable<Rcpp::Vector<16, Rcpp::PreserveStorage> >, double, double, Rcpp::Nullable<Rcpp::Vector<14, Rcpp::PreserveStorage> >, int, bool)
  [UP] ignoring variable <unnamed var:   %171 = alloca %struct.SEXPREC*, align 8> as it has address taken, results will be incomplete 

Function Rcpp::DataFrame_Impl<Rcpp::PreserveStorage> PedigreeCorrector<double>(Rcpp::XPtr<BigMatrix, Rcpp::PreserveStorage, &(void Rcpp::standard_delete_finalizer<BigMatrix>(BigMatrix*)), false>, Rcpp::Vector<16, Rcpp::PreserveStorage>, Rcpp::DataFrame_Impl<Rcpp::PreserveStorage>, Rcpp::Nullable<Rcpp::Vector<16, Rcpp::PreserveStorage> >, Rcpp::Nullable<Rcpp::Vector<16, Rcpp::PreserveStorage> >, double, double, Rcpp::Nullable<Rcpp::Vector<14, Rcpp::PreserveStorage> >, int, bool)
  [UP] ignoring variable <unnamed var:   %171 = alloca %struct.SEXPREC*, align 8> as it has address taken, results will be incomplete 

Function Rcpp::DataFrame_Impl<Rcpp::PreserveStorage> PedigreeCorrector<int>(Rcpp::XPtr<BigMatrix, Rcpp::PreserveStorage, &(void Rcpp::standard_delete_finalizer<BigMatrix>(BigMatrix*)), false>, Rcpp::Vector<16, Rcpp::PreserveStorage>, Rcpp::DataFrame_Impl<Rcpp::PreserveStorage>, Rcpp::Nullable<Rcpp::Vector<16, Rcpp::PreserveStorage> >, Rcpp::Nullable<Rcpp::Vector<16, Rcpp::PreserveStorage> >, double, double, Rcpp::Nullable<Rcpp::Vector<14, Rcpp::PreserveStorage> >, int, bool)
  [UP] ignoring variable <unnamed var:   %171 = alloca %struct.SEXPREC*, align 8> as it has address taken, results will be incomplete 

Function Rcpp::DataFrame_Impl<Rcpp::PreserveStorage> PedigreeCorrector<short>(Rcpp::XPtr<BigMatrix, Rcpp::PreserveStorage, &(void Rcpp::standard_delete_finalizer<BigMatrix>(BigMatrix*)), false>, Rcpp::Vector<16, Rcpp::PreserveStorage>, Rcpp::DataFrame_Impl<Rcpp::PreserveStorage>, Rcpp::Nullable<Rcpp::Vector<16, Rcpp::PreserveStorage> >, Rcpp::Nullable<Rcpp::Vector<16, Rcpp::PreserveStorage> >, double, double, Rcpp::Nullable<Rcpp::Vector<14, Rcpp::PreserveStorage> >, int, bool)
  [UP] ignoring variable <unnamed var:   %171 = alloca %struct.SEXPREC*, align 8> as it has address taken, results will be incomplete 

Function Rcpp::Rcpp_protect(SEXPREC*)
  [PB] has possible protection stack imbalance Rcpp/include/Rcpp/protection/Shield.h:25

Function Rcpp::Rcpp_unprotect(int)
  [PB] has an unsupported form of unprotect with a variable results will be incomplete Rcpp/include/Rcpp/protection/Shield.h:31
  [UP] unsupported form of unprotect, unprotecting all variables, results will be incomplete Rcpp/include/Rcpp/protection/Shield.h:31

Function Rcpp::internal::Proxy_Iterator<Rcpp::internal::string_proxy<16, Rcpp::PreserveStorage> > Rcpp::Vector<16, Rcpp::PreserveStorage>::insert<Rcpp::internal::string_proxy<16, Rcpp::PreserveStorage> >(Rcpp::internal::Proxy_Iterator<Rcpp::internal::string_proxy<16, Rcpp::PreserveStorage> >, Rcpp::internal::string_proxy<16, Rcpp::PreserveStorage> const&)
  [UP] ignoring variable <unnamed var:   %9 = alloca %struct.SEXPREC*, align 8> as it has address taken, results will be incomplete 

Function Rcpp::internal::convert_using_rfunction(SEXPREC*, char const*)
  [UP] ignoring variable <unnamed var:   %10 = alloca %struct.SEXPREC*, align 8> as it has address taken, results will be incomplete 

Function Rcpp::sugar::IndexHash<16>::add_value(int)
  [UP] ignoring variable val as it has address taken, results will be incomplete 

Function _simer_GenoFilter
  [UP] ignoring variable <unnamed var:   %36 = alloca %struct.SEXPREC*, align 8> as it has address taken, results will be incomplete 

Function _simer_PedigreeCorrector
  [UP] ignoring variable <unnamed var:   %39 = alloca %struct.SEXPREC*, align 8> as it has address taken, results will be incomplete 

Function _simer_hasNA
  [UP] ignoring variable <unnamed var:   %24 = alloca %struct.SEXPREC*, align 8> as it has address taken, results will be incomplete 

Function _simer_hasNABed
  [UP] ignoring variable <unnamed var:   %24 = alloca %struct.SEXPREC*, align 8> as it has address taken, results will be incomplete 

Function bool std::__1::__insertion_sort_incomplete<Rcpp::internal::NAComparator<SEXPREC*>&, SEXPREC**>(SEXPREC**, SEXPREC**, Rcpp::internal::NAComparator<SEXPREC*>&)
  [UP] ignoring variable __t as it has address taken, results will be incomplete 

Function bool std::__1::__insertion_sort_incomplete<Rcpp::internal::NAComparatorGreater<SEXPREC*>&, SEXPREC**>(SEXPREC**, SEXPREC**, Rcpp::internal::NAComparatorGreater<SEXPREC*>&)
  [UP] ignoring variable __t as it has address taken, results will be incomplete 

Function std::__1::enable_if<is_move_constructible<SEXPREC*>::value&&is_move_assignable<SEXPREC*>::value, void>::type std::__1::swap<SEXPREC*>(SEXPREC*&, SEXPREC*&)
  [UP] ignoring variable __t as it has address taken, results will be incomplete 

Function void Rcpp::Vector<16, Rcpp::PreserveStorage>::fill__dispatch<Rcpp::internal::string_proxy<16, Rcpp::PreserveStorage> >(Rcpp::traits::integral_constant<bool, true>, Rcpp::internal::string_proxy<16, Rcpp::PreserveStorage> const&)
  [UP] ignoring variable <unnamed var:   %8 = alloca %struct.SEXPREC*, align 8> as it has address taken, results will be incomplete 

Function void Rcpp::Vector<16, Rcpp::PreserveStorage>::push_back<Rcpp::internal::string_proxy<16, Rcpp::PreserveStorage> >(Rcpp::internal::string_proxy<16, Rcpp::PreserveStorage> const&)
  [UP] ignoring variable <unnamed var:   %5 = alloca %struct.SEXPREC*, align 8> as it has address taken, results will be incomplete 

Function void std::__1::__insertion_sort_3<Rcpp::internal::NAComparator<SEXPREC*>&, SEXPREC**>(SEXPREC**, SEXPREC**, Rcpp::internal::NAComparator<SEXPREC*>&)
  [UP] ignoring variable __t as it has address taken, results will be incomplete 

Function void std::__1::__insertion_sort_3<Rcpp::internal::NAComparatorGreater<SEXPREC*>&, SEXPREC**>(SEXPREC**, SEXPREC**, Rcpp::internal::NAComparatorGreater<SEXPREC*>&)
  [UP] ignoring variable __t as it has address taken, results will be incomplete 

Function void std::__1::__sift_down<Rcpp::internal::NAComparator<SEXPREC*>&, SEXPREC**>(SEXPREC**, Rcpp::internal::NAComparator<SEXPREC*>&, std::__1::iterator_traits<SEXPREC**>::difference_type, SEXPREC**)
  [UP] ignoring variable __top as it has address taken, results will be incomplete 

Function void std::__1::__sift_down<Rcpp::internal::NAComparatorGreater<SEXPREC*>&, SEXPREC**>(SEXPREC**, Rcpp::internal::NAComparatorGreater<SEXPREC*>&, std::__1::iterator_traits<SEXPREC**>::difference_type, SEXPREC**)
  [UP] ignoring variable __top as it has address taken, results will be incomplete 
