Package sisireg version 0.9.1
Package built using 80923/R 4.2.0; x86_64-pc-linux-gnu; 2021-09-18 21:30:38 UTC; unix   
Checked with rchk version 35d5d01a98903a5f3e9ec166dcdb2f790ecb784f LLVM version 11.0.0
More information at https://github.com/kalibera/cran-checks/blob/master/rchk/PROTECT.md
For rchk in docker image see https://github.com/kalibera/rchk/blob/master/doc/DOCKER.md


Function getNeighborhood
  [PB] has too high protection stack depth results will be incomplete
  [UP] protect stack is too deep, unprotecting all variables, results will be incomplete
  [UP] protect stack is too deep, unprotecting all variables, results will be incomplete
  [PB] has possible protection stack imbalance sisireg/src/ssrnd.c:105

Function ssr3dC
  [PB] has too high protection stack depth results will be incomplete
  [UP] protect stack is too deep, unprotecting all variables, results will be incomplete
  [UP] protect stack is too deep, unprotecting all variables, results will be incomplete
  [UP] unprotected variable nb while calling allocating function Rf_asReal sisireg/src/ssr3d.c:90
  [UP] unprotected variable nb while calling allocating function Rf_asInteger sisireg/src/ssr3d.c:91
  [UP] unprotected variable nb while calling allocating function Rf_coerceVector sisireg/src/ssr3d.c:97
  [UP] unprotected variable nb while calling allocating function Rf_coerceVector sisireg/src/ssr3d.c:110
  [UP] unprotected variable nb while calling allocating function Rf_allocVector sisireg/src/ssr3d.c:115
  [PB] has an unsupported form of unprotect (not constant, not variable), results will be incomplete sisireg/src/ssr3d.c:185
  [UP] unsupported form of unprotect, unprotecting all variables, results will be incomplete sisireg/src/ssr3d.c:185

Function ssrndC
  [UP] unprotected variable cols while calling allocating function Rf_coerceVector sisireg/src/ssrnd.c:117
  [PB] has an unsupported form of unprotect (not constant, not variable), results will be incomplete sisireg/src/ssrnd.c:182
  [UP] unsupported form of unprotect, unprotecting all variables, results will be incomplete sisireg/src/ssrnd.c:182
