Package slam version 0.1-55
Package built using 87351/R 4.5.0; x86_64-pc-linux-gnu; 2024-11-20 12:36:11 UTC; unix   
Checked with rchk version 35618ebbccf3cd0b45a3530e6303970a22a9056b LLVM version 14.0.6
More information at https://github.com/kalibera/cran-checks/blob/master/rchk/PROTECT.md
For rchk in docker image see https://github.com/kalibera/rchk/blob/master/doc/DOCKER.md


Function _ini_array
  [PB] has an unsupported form of unprotect (not constant, not variable), results will be incomplete slam/src/util.c:202
  [UP] unsupported form of unprotect, unprotecting all variables, results will be incomplete slam/src/util.c:202

Function _vector_index
  [PB] has an unsupported form of unprotect (not constant, not variable), results will be incomplete slam/src/util.c:89
  [UP] unsupported form of unprotect, unprotecting all variables, results will be incomplete slam/src/util.c:89

Function tcrossprod_stm_matrix
  [PB] has negative depth slam/src/sparse.c:564
  [UP] attempt to unprotect more items (1) than protected (0), results will be incomplete slam/src/sparse.c:564
  [UP] unprotected variable dnn while calling allocating function Rf_allocVector slam/src/sparse.c:654
  [UP] unprotected variable dnn while calling allocating function Rf_setAttrib(?,S:dimnames,V) slam/src/sparse.c:654
  [UP] unprotected variable dnn while calling allocating function Rf_setAttrib(V,S:dimnames,V) slam/src/sparse.c:654
  [PB] has negative depth slam/src/sparse.c:734
  [UP] attempt to unprotect more items (1) than protected (0), results will be incomplete slam/src/sparse.c:734
  [PB] has possible protection stack imbalance slam/src/sparse.c:737

Function tcrossprod_stm_stm
  [PB] has negative depth slam/src/sparse.c:320
  [UP] attempt to unprotect more items (1) than protected (0), results will be incomplete slam/src/sparse.c:320
  [PB] has negative depth slam/src/sparse.c:342
  [UP] attempt to unprotect more items (1) than protected (0), results will be incomplete slam/src/sparse.c:342
  [PB] has negative depth slam/src/sparse.c:344
  [UP] attempt to unprotect more items (1) than protected (0), results will be incomplete slam/src/sparse.c:344
  [UP] unprotected variable sx while calling allocating function Rf_getAttrib(?,S:names) slam/src/sparse.c:377
  [UP] unprotected variable sx while calling allocating function Rf_allocVector slam/src/sparse.c:388
  [UP] unprotected variable sx while calling allocating function Rf_setAttrib(?,S:dimnames,V) slam/src/sparse.c:388
  [UP] unprotected variable sy while calling allocating function Rf_allocVector slam/src/sparse.c:388
  [UP] unprotected variable sy while calling allocating function Rf_setAttrib(?,S:dimnames,V) slam/src/sparse.c:388
  [UP] unprotected variable sx while calling allocating function Rf_allocVector slam/src/sparse.c:393
  [UP] unprotected variable sx while calling allocating function Rf_setAttrib(V,S:names,V) slam/src/sparse.c:393
  [UP] unprotected variable sy while calling allocating function Rf_allocVector slam/src/sparse.c:393
  [UP] unprotected variable sy while calling allocating function Rf_setAttrib(V,S:names,V) slam/src/sparse.c:393
  [PB] has negative depth slam/src/sparse.c:403
  [UP] attempt to unprotect more items (1) than protected (0), results will be incomplete slam/src/sparse.c:403
  [PB] has negative depth slam/src/sparse.c:406
  [UP] attempt to unprotect more items (1) than protected (0), results will be incomplete slam/src/sparse.c:406
  [PB] has negative depth slam/src/sparse.c:500
  [UP] attempt to unprotect more items (1) than protected (0), results will be incomplete slam/src/sparse.c:500
  [PB] has negative depth slam/src/sparse.c:503
  [UP] attempt to unprotect more items (1) than protected (0), results will be incomplete slam/src/sparse.c:503
  [PB] has possible protection stack imbalance slam/src/sparse.c:506
