Package smam version 0.7.3
Package built using 89578/R 4.6.0; x86_64-pc-linux-gnu; 2026-03-09 10:35:09 UTC; unix   
Checked with rchk version 35618ebbccf3cd0b45a3530e6303970a22a9056b LLVM version 14.0.6
More information at https://github.com/kalibera/cran-checks/blob/master/rchk/PROTECT.md
For rchk in docker image see https://github.com/kalibera/rchk/blob/master/doc/DOCKER.md


Function Rcpp::Rcpp_protect(SEXPREC*)
  [PB] has possible protection stack imbalance Rcpp/include/Rcpp/protection/Shield.h:25

Function Rcpp::Rcpp_unprotect(int)
  [PB] has an unsupported form of unprotect with a variable results will be incomplete Rcpp/include/Rcpp/protection/Shield.h:31
  [UP] unsupported form of unprotect, unprotecting all variables, results will be incomplete Rcpp/include/Rcpp/protection/Shield.h:31

Function _smam_con_n_v
  [UP] unprotected variable rcpp_result_gen while calling allocating function Rf_onintr smam/src/RcppExports.cpp:2811
  [UP] allocating function Rcpp::internal::isLongjumpSentinel(SEXPREC*) may destroy its unprotected argument (rcpp_result_gen <arg 1>), which is later used. smam/src/RcppExports.cpp:2813
  [UP] calling allocating function Rcpp::internal::isLongjumpSentinel(SEXPREC*) with a fresh pointer (rcpp_result_gen <arg 1>) smam/src/RcppExports.cpp:2813
  [UP] allocating function Rf_inherits may destroy its unprotected argument (rcpp_result_gen <arg 1>), which is later used. smam/src/RcppExports.cpp:2817
  [UP] calling allocating function Rf_inherits with a fresh pointer (rcpp_result_gen <arg 1>) smam/src/RcppExports.cpp:2817
  [PB] has negative depth smam/src/RcppExports.cpp:2823
  [UP] attempt to unprotect more items (1) than protected (0), results will be incomplete smam/src/RcppExports.cpp:2823
  [PB] has possible protection stack imbalance smam/src/RcppExports.cpp:2824

Function _smam_con_n_v_try(SEXPREC*)
  [UP] ignoring variable <unnamed var:   %11 = alloca %struct.SEXPREC*, align 8> as it has address taken, results will be incomplete 

Function _smam_con_v_m
  [UP] unprotected variable rcpp_result_gen while calling allocating function Rf_onintr smam/src/RcppExports.cpp:2777
  [UP] allocating function Rcpp::internal::isLongjumpSentinel(SEXPREC*) may destroy its unprotected argument (rcpp_result_gen <arg 1>), which is later used. smam/src/RcppExports.cpp:2779
  [UP] calling allocating function Rcpp::internal::isLongjumpSentinel(SEXPREC*) with a fresh pointer (rcpp_result_gen <arg 1>) smam/src/RcppExports.cpp:2779
  [UP] allocating function Rf_inherits may destroy its unprotected argument (rcpp_result_gen <arg 1>), which is later used. smam/src/RcppExports.cpp:2783
  [UP] calling allocating function Rf_inherits with a fresh pointer (rcpp_result_gen <arg 1>) smam/src/RcppExports.cpp:2783
  [PB] has negative depth smam/src/RcppExports.cpp:2789
  [UP] attempt to unprotect more items (1) than protected (0), results will be incomplete smam/src/RcppExports.cpp:2789
  [PB] has possible protection stack imbalance smam/src/RcppExports.cpp:2790

Function _smam_con_v_m_try(SEXPREC*)
  [UP] ignoring variable <unnamed var:   %11 = alloca %struct.SEXPREC*, align 8> as it has address taken, results will be incomplete 

Function _smam_fwd_bwd_mr
  [UP] unprotected variable rcpp_result_gen while calling allocating function Rf_onintr smam/src/RcppExports.cpp:1496
  [UP] allocating function Rcpp::internal::isLongjumpSentinel(SEXPREC*) may destroy its unprotected argument (rcpp_result_gen <arg 1>), which is later used. smam/src/RcppExports.cpp:1498
  [UP] calling allocating function Rcpp::internal::isLongjumpSentinel(SEXPREC*) with a fresh pointer (rcpp_result_gen <arg 1>) smam/src/RcppExports.cpp:1498
  [UP] allocating function Rf_inherits may destroy its unprotected argument (rcpp_result_gen <arg 1>), which is later used. smam/src/RcppExports.cpp:1502
  [UP] calling allocating function Rf_inherits with a fresh pointer (rcpp_result_gen <arg 1>) smam/src/RcppExports.cpp:1502
  [PB] has negative depth smam/src/RcppExports.cpp:1508
  [UP] attempt to unprotect more items (1) than protected (0), results will be incomplete smam/src/RcppExports.cpp:1508
  [PB] has possible protection stack imbalance smam/src/RcppExports.cpp:1509

Function _smam_fwd_bwd_mr_try(SEXPREC*, SEXPREC*, SEXPREC*)
  [UP] ignoring variable <unnamed var:   %17 = alloca %struct.SEXPREC*, align 8> as it has address taken, results will be incomplete 

Function _smam_fwd_bwd_ths
  [UP] unprotected variable rcpp_result_gen while calling allocating function Rf_onintr smam/src/RcppExports.cpp:1643
  [UP] allocating function Rcpp::internal::isLongjumpSentinel(SEXPREC*) may destroy its unprotected argument (rcpp_result_gen <arg 1>), which is later used. smam/src/RcppExports.cpp:1645
  [UP] calling allocating function Rcpp::internal::isLongjumpSentinel(SEXPREC*) with a fresh pointer (rcpp_result_gen <arg 1>) smam/src/RcppExports.cpp:1645
  [UP] allocating function Rf_inherits may destroy its unprotected argument (rcpp_result_gen <arg 1>), which is later used. smam/src/RcppExports.cpp:1649
  [UP] calling allocating function Rf_inherits with a fresh pointer (rcpp_result_gen <arg 1>) smam/src/RcppExports.cpp:1649
  [PB] has negative depth smam/src/RcppExports.cpp:1655
  [UP] attempt to unprotect more items (1) than protected (0), results will be incomplete smam/src/RcppExports.cpp:1655
  [PB] has possible protection stack imbalance smam/src/RcppExports.cpp:1656

Function _smam_fwd_bwd_ths_try(SEXPREC*, SEXPREC*, SEXPREC*)
  [UP] ignoring variable <unnamed var:   %17 = alloca %struct.SEXPREC*, align 8> as it has address taken, results will be incomplete 

Function _smam_g00_mrme
  [UP] unprotected variable rcpp_result_gen while calling allocating function Rf_onintr smam/src/RcppExports.cpp:150
  [UP] allocating function Rcpp::internal::isLongjumpSentinel(SEXPREC*) may destroy its unprotected argument (rcpp_result_gen <arg 1>), which is later used. smam/src/RcppExports.cpp:152
  [UP] calling allocating function Rcpp::internal::isLongjumpSentinel(SEXPREC*) with a fresh pointer (rcpp_result_gen <arg 1>) smam/src/RcppExports.cpp:152
  [UP] allocating function Rf_inherits may destroy its unprotected argument (rcpp_result_gen <arg 1>), which is later used. smam/src/RcppExports.cpp:156
  [UP] calling allocating function Rf_inherits with a fresh pointer (rcpp_result_gen <arg 1>) smam/src/RcppExports.cpp:156
  [PB] has negative depth smam/src/RcppExports.cpp:162
  [UP] attempt to unprotect more items (1) than protected (0), results will be incomplete smam/src/RcppExports.cpp:162
  [PB] has possible protection stack imbalance smam/src/RcppExports.cpp:163

Function _smam_g00_mrme_try(SEXPREC*, SEXPREC*, SEXPREC*, SEXPREC*)
  [UP] ignoring variable <unnamed var:   %20 = alloca %struct.SEXPREC*, align 8> as it has address taken, results will be incomplete 

Function _smam_g01_mrme
  [UP] unprotected variable rcpp_result_gen while calling allocating function Rf_onintr smam/src/RcppExports.cpp:113
  [UP] allocating function Rcpp::internal::isLongjumpSentinel(SEXPREC*) may destroy its unprotected argument (rcpp_result_gen <arg 1>), which is later used. smam/src/RcppExports.cpp:115
  [UP] calling allocating function Rcpp::internal::isLongjumpSentinel(SEXPREC*) with a fresh pointer (rcpp_result_gen <arg 1>) smam/src/RcppExports.cpp:115
  [UP] allocating function Rf_inherits may destroy its unprotected argument (rcpp_result_gen <arg 1>), which is later used. smam/src/RcppExports.cpp:119
  [UP] calling allocating function Rf_inherits with a fresh pointer (rcpp_result_gen <arg 1>) smam/src/RcppExports.cpp:119
  [PB] has negative depth smam/src/RcppExports.cpp:125
  [UP] attempt to unprotect more items (1) than protected (0), results will be incomplete smam/src/RcppExports.cpp:125
  [PB] has possible protection stack imbalance smam/src/RcppExports.cpp:126

Function _smam_g01_mrme_try(SEXPREC*, SEXPREC*, SEXPREC*, SEXPREC*)
  [UP] ignoring variable <unnamed var:   %20 = alloca %struct.SEXPREC*, align 8> as it has address taken, results will be incomplete 

Function _smam_g10_mrme
  [UP] unprotected variable rcpp_result_gen while calling allocating function Rf_onintr smam/src/RcppExports.cpp:76
  [UP] allocating function Rcpp::internal::isLongjumpSentinel(SEXPREC*) may destroy its unprotected argument (rcpp_result_gen <arg 1>), which is later used. smam/src/RcppExports.cpp:78
  [UP] calling allocating function Rcpp::internal::isLongjumpSentinel(SEXPREC*) with a fresh pointer (rcpp_result_gen <arg 1>) smam/src/RcppExports.cpp:78
  [UP] allocating function Rf_inherits may destroy its unprotected argument (rcpp_result_gen <arg 1>), which is later used. smam/src/RcppExports.cpp:82
  [UP] calling allocating function Rf_inherits with a fresh pointer (rcpp_result_gen <arg 1>) smam/src/RcppExports.cpp:82
  [PB] has negative depth smam/src/RcppExports.cpp:88
  [UP] attempt to unprotect more items (1) than protected (0), results will be incomplete smam/src/RcppExports.cpp:88
  [PB] has possible protection stack imbalance smam/src/RcppExports.cpp:89

Function _smam_g10_mrme_try(SEXPREC*, SEXPREC*, SEXPREC*, SEXPREC*)
  [UP] ignoring variable <unnamed var:   %20 = alloca %struct.SEXPREC*, align 8> as it has address taken, results will be incomplete 

Function _smam_g11_mrme
  [UP] unprotected variable rcpp_result_gen while calling allocating function Rf_onintr smam/src/RcppExports.cpp:187
  [UP] allocating function Rcpp::internal::isLongjumpSentinel(SEXPREC*) may destroy its unprotected argument (rcpp_result_gen <arg 1>), which is later used. smam/src/RcppExports.cpp:189
  [UP] calling allocating function Rcpp::internal::isLongjumpSentinel(SEXPREC*) with a fresh pointer (rcpp_result_gen <arg 1>) smam/src/RcppExports.cpp:189
  [UP] allocating function Rf_inherits may destroy its unprotected argument (rcpp_result_gen <arg 1>), which is later used. smam/src/RcppExports.cpp:193
  [UP] calling allocating function Rf_inherits with a fresh pointer (rcpp_result_gen <arg 1>) smam/src/RcppExports.cpp:193
  [PB] has negative depth smam/src/RcppExports.cpp:199
  [UP] attempt to unprotect more items (1) than protected (0), results will be incomplete smam/src/RcppExports.cpp:199
  [PB] has possible protection stack imbalance smam/src/RcppExports.cpp:200

Function _smam_g11_mrme_try(SEXPREC*, SEXPREC*, SEXPREC*, SEXPREC*)
  [UP] ignoring variable <unnamed var:   %20 = alloca %struct.SEXPREC*, align 8> as it has address taken, results will be incomplete 

Function _smam_h00
  [UP] unprotected variable rcpp_result_gen while calling allocating function Rf_onintr smam/src/RcppExports.cpp:1349
  [UP] allocating function Rcpp::internal::isLongjumpSentinel(SEXPREC*) may destroy its unprotected argument (rcpp_result_gen <arg 1>), which is later used. smam/src/RcppExports.cpp:1351
  [UP] calling allocating function Rcpp::internal::isLongjumpSentinel(SEXPREC*) with a fresh pointer (rcpp_result_gen <arg 1>) smam/src/RcppExports.cpp:1351
  [UP] allocating function Rf_inherits may destroy its unprotected argument (rcpp_result_gen <arg 1>), which is later used. smam/src/RcppExports.cpp:1355
  [UP] calling allocating function Rf_inherits with a fresh pointer (rcpp_result_gen <arg 1>) smam/src/RcppExports.cpp:1355
  [PB] has negative depth smam/src/RcppExports.cpp:1361
  [UP] attempt to unprotect more items (1) than protected (0), results will be incomplete smam/src/RcppExports.cpp:1361
  [PB] has possible protection stack imbalance smam/src/RcppExports.cpp:1362

Function _smam_h00_try(SEXPREC*, SEXPREC*, SEXPREC*, SEXPREC*)
  [UP] ignoring variable <unnamed var:   %20 = alloca %struct.SEXPREC*, align 8> as it has address taken, results will be incomplete 

Function _smam_h00mm
  [UP] unprotected variable rcpp_result_gen while calling allocating function Rf_onintr smam/src/RcppExports.cpp:1016
  [UP] allocating function Rcpp::internal::isLongjumpSentinel(SEXPREC*) may destroy its unprotected argument (rcpp_result_gen <arg 1>), which is later used. smam/src/RcppExports.cpp:1018
  [UP] calling allocating function Rcpp::internal::isLongjumpSentinel(SEXPREC*) with a fresh pointer (rcpp_result_gen <arg 1>) smam/src/RcppExports.cpp:1018
  [UP] allocating function Rf_inherits may destroy its unprotected argument (rcpp_result_gen <arg 1>), which is later used. smam/src/RcppExports.cpp:1022
  [UP] calling allocating function Rf_inherits with a fresh pointer (rcpp_result_gen <arg 1>) smam/src/RcppExports.cpp:1022
  [PB] has negative depth smam/src/RcppExports.cpp:1028
  [UP] attempt to unprotect more items (1) than protected (0), results will be incomplete smam/src/RcppExports.cpp:1028
  [PB] has possible protection stack imbalance smam/src/RcppExports.cpp:1029

Function _smam_h00mm_try(SEXPREC*, SEXPREC*, SEXPREC*, SEXPREC*)
  [UP] ignoring variable <unnamed var:   %20 = alloca %struct.SEXPREC*, align 8> as it has address taken, results will be incomplete 

Function _smam_h01
  [UP] unprotected variable rcpp_result_gen while calling allocating function Rf_onintr smam/src/RcppExports.cpp:1386
  [UP] allocating function Rcpp::internal::isLongjumpSentinel(SEXPREC*) may destroy its unprotected argument (rcpp_result_gen <arg 1>), which is later used. smam/src/RcppExports.cpp:1388
  [UP] calling allocating function Rcpp::internal::isLongjumpSentinel(SEXPREC*) with a fresh pointer (rcpp_result_gen <arg 1>) smam/src/RcppExports.cpp:1388
  [UP] allocating function Rf_inherits may destroy its unprotected argument (rcpp_result_gen <arg 1>), which is later used. smam/src/RcppExports.cpp:1392
  [UP] calling allocating function Rf_inherits with a fresh pointer (rcpp_result_gen <arg 1>) smam/src/RcppExports.cpp:1392
  [PB] has negative depth smam/src/RcppExports.cpp:1398
  [UP] attempt to unprotect more items (1) than protected (0), results will be incomplete smam/src/RcppExports.cpp:1398
  [PB] has possible protection stack imbalance smam/src/RcppExports.cpp:1399

Function _smam_h01_try(SEXPREC*, SEXPREC*, SEXPREC*, SEXPREC*)
  [UP] ignoring variable <unnamed var:   %20 = alloca %struct.SEXPREC*, align 8> as it has address taken, results will be incomplete 

Function _smam_h01mm
  [UP] unprotected variable rcpp_result_gen while calling allocating function Rf_onintr smam/src/RcppExports.cpp:1053
  [UP] allocating function Rcpp::internal::isLongjumpSentinel(SEXPREC*) may destroy its unprotected argument (rcpp_result_gen <arg 1>), which is later used. smam/src/RcppExports.cpp:1055
  [UP] calling allocating function Rcpp::internal::isLongjumpSentinel(SEXPREC*) with a fresh pointer (rcpp_result_gen <arg 1>) smam/src/RcppExports.cpp:1055
  [UP] allocating function Rf_inherits may destroy its unprotected argument (rcpp_result_gen <arg 1>), which is later used. smam/src/RcppExports.cpp:1059
  [UP] calling allocating function Rf_inherits with a fresh pointer (rcpp_result_gen <arg 1>) smam/src/RcppExports.cpp:1059
  [PB] has negative depth smam/src/RcppExports.cpp:1065
  [UP] attempt to unprotect more items (1) than protected (0), results will be incomplete smam/src/RcppExports.cpp:1065
  [PB] has possible protection stack imbalance smam/src/RcppExports.cpp:1066

Function _smam_h01mm_try(SEXPREC*, SEXPREC*, SEXPREC*, SEXPREC*)
  [UP] ignoring variable <unnamed var:   %20 = alloca %struct.SEXPREC*, align 8> as it has address taken, results will be incomplete 

Function _smam_h10
  [UP] unprotected variable rcpp_result_gen while calling allocating function Rf_onintr smam/src/RcppExports.cpp:1312
  [UP] allocating function Rcpp::internal::isLongjumpSentinel(SEXPREC*) may destroy its unprotected argument (rcpp_result_gen <arg 1>), which is later used. smam/src/RcppExports.cpp:1314
  [UP] calling allocating function Rcpp::internal::isLongjumpSentinel(SEXPREC*) with a fresh pointer (rcpp_result_gen <arg 1>) smam/src/RcppExports.cpp:1314
  [UP] allocating function Rf_inherits may destroy its unprotected argument (rcpp_result_gen <arg 1>), which is later used. smam/src/RcppExports.cpp:1318
  [UP] calling allocating function Rf_inherits with a fresh pointer (rcpp_result_gen <arg 1>) smam/src/RcppExports.cpp:1318
  [PB] has negative depth smam/src/RcppExports.cpp:1324
  [UP] attempt to unprotect more items (1) than protected (0), results will be incomplete smam/src/RcppExports.cpp:1324
  [PB] has possible protection stack imbalance smam/src/RcppExports.cpp:1325

Function _smam_h10_try(SEXPREC*, SEXPREC*, SEXPREC*, SEXPREC*)
  [UP] ignoring variable <unnamed var:   %20 = alloca %struct.SEXPREC*, align 8> as it has address taken, results will be incomplete 

Function _smam_h10mm
  [UP] unprotected variable rcpp_result_gen while calling allocating function Rf_onintr smam/src/RcppExports.cpp:979
  [UP] allocating function Rcpp::internal::isLongjumpSentinel(SEXPREC*) may destroy its unprotected argument (rcpp_result_gen <arg 1>), which is later used. smam/src/RcppExports.cpp:981
  [UP] calling allocating function Rcpp::internal::isLongjumpSentinel(SEXPREC*) with a fresh pointer (rcpp_result_gen <arg 1>) smam/src/RcppExports.cpp:981
  [UP] allocating function Rf_inherits may destroy its unprotected argument (rcpp_result_gen <arg 1>), which is later used. smam/src/RcppExports.cpp:985
  [UP] calling allocating function Rf_inherits with a fresh pointer (rcpp_result_gen <arg 1>) smam/src/RcppExports.cpp:985
  [PB] has negative depth smam/src/RcppExports.cpp:991
  [UP] attempt to unprotect more items (1) than protected (0), results will be incomplete smam/src/RcppExports.cpp:991
  [PB] has possible protection stack imbalance smam/src/RcppExports.cpp:992

Function _smam_h10mm_try(SEXPREC*, SEXPREC*, SEXPREC*, SEXPREC*)
  [UP] ignoring variable <unnamed var:   %20 = alloca %struct.SEXPREC*, align 8> as it has address taken, results will be incomplete 

Function _smam_h11
  [UP] unprotected variable rcpp_result_gen while calling allocating function Rf_onintr smam/src/RcppExports.cpp:1275
  [UP] allocating function Rcpp::internal::isLongjumpSentinel(SEXPREC*) may destroy its unprotected argument (rcpp_result_gen <arg 1>), which is later used. smam/src/RcppExports.cpp:1277
  [UP] calling allocating function Rcpp::internal::isLongjumpSentinel(SEXPREC*) with a fresh pointer (rcpp_result_gen <arg 1>) smam/src/RcppExports.cpp:1277
  [UP] allocating function Rf_inherits may destroy its unprotected argument (rcpp_result_gen <arg 1>), which is later used. smam/src/RcppExports.cpp:1281
  [UP] calling allocating function Rf_inherits with a fresh pointer (rcpp_result_gen <arg 1>) smam/src/RcppExports.cpp:1281
  [PB] has negative depth smam/src/RcppExports.cpp:1287
  [UP] attempt to unprotect more items (1) than protected (0), results will be incomplete smam/src/RcppExports.cpp:1287
  [PB] has possible protection stack imbalance smam/src/RcppExports.cpp:1288

Function _smam_h11_try(SEXPREC*, SEXPREC*, SEXPREC*, SEXPREC*)
  [UP] ignoring variable <unnamed var:   %20 = alloca %struct.SEXPREC*, align 8> as it has address taken, results will be incomplete 

Function _smam_h11mm
  [UP] unprotected variable rcpp_result_gen while calling allocating function Rf_onintr smam/src/RcppExports.cpp:942
  [UP] allocating function Rcpp::internal::isLongjumpSentinel(SEXPREC*) may destroy its unprotected argument (rcpp_result_gen <arg 1>), which is later used. smam/src/RcppExports.cpp:944
  [UP] calling allocating function Rcpp::internal::isLongjumpSentinel(SEXPREC*) with a fresh pointer (rcpp_result_gen <arg 1>) smam/src/RcppExports.cpp:944
  [UP] allocating function Rf_inherits may destroy its unprotected argument (rcpp_result_gen <arg 1>), which is later used. smam/src/RcppExports.cpp:948
  [UP] calling allocating function Rf_inherits with a fresh pointer (rcpp_result_gen <arg 1>) smam/src/RcppExports.cpp:948
  [PB] has negative depth smam/src/RcppExports.cpp:954
  [UP] attempt to unprotect more items (1) than protected (0), results will be incomplete smam/src/RcppExports.cpp:954
  [PB] has possible protection stack imbalance smam/src/RcppExports.cpp:955

Function _smam_h11mm_try(SEXPREC*, SEXPREC*, SEXPREC*, SEXPREC*)
  [UP] ignoring variable <unnamed var:   %20 = alloca %struct.SEXPREC*, align 8> as it has address taken, results will be incomplete 

Function _smam_mrllk_state
  [UP] unprotected variable rcpp_result_gen while calling allocating function Rf_onintr smam/src/RcppExports.cpp:1607
  [UP] allocating function Rcpp::internal::isLongjumpSentinel(SEXPREC*) may destroy its unprotected argument (rcpp_result_gen <arg 1>), which is later used. smam/src/RcppExports.cpp:1609
  [UP] calling allocating function Rcpp::internal::isLongjumpSentinel(SEXPREC*) with a fresh pointer (rcpp_result_gen <arg 1>) smam/src/RcppExports.cpp:1609
  [UP] allocating function Rf_inherits may destroy its unprotected argument (rcpp_result_gen <arg 1>), which is later used. smam/src/RcppExports.cpp:1613
  [UP] calling allocating function Rf_inherits with a fresh pointer (rcpp_result_gen <arg 1>) smam/src/RcppExports.cpp:1613
  [PB] has negative depth smam/src/RcppExports.cpp:1619
  [UP] attempt to unprotect more items (1) than protected (0), results will be incomplete smam/src/RcppExports.cpp:1619
  [PB] has possible protection stack imbalance smam/src/RcppExports.cpp:1620

Function _smam_mrllk_state_try(SEXPREC*, SEXPREC*, SEXPREC*, SEXPREC*)
  [UP] ignoring variable <unnamed var:   %20 = alloca %struct.SEXPREC*, align 8> as it has address taken, results will be incomplete 

Function _smam_ncllk_m1_inc
  [UP] unprotected variable rcpp_result_gen while calling allocating function Rf_onintr smam/src/RcppExports.cpp:1423
  [UP] allocating function Rcpp::internal::isLongjumpSentinel(SEXPREC*) may destroy its unprotected argument (rcpp_result_gen <arg 1>), which is later used. smam/src/RcppExports.cpp:1425
  [UP] calling allocating function Rcpp::internal::isLongjumpSentinel(SEXPREC*) with a fresh pointer (rcpp_result_gen <arg 1>) smam/src/RcppExports.cpp:1425
  [UP] allocating function Rf_inherits may destroy its unprotected argument (rcpp_result_gen <arg 1>), which is later used. smam/src/RcppExports.cpp:1429
  [UP] calling allocating function Rf_inherits with a fresh pointer (rcpp_result_gen <arg 1>) smam/src/RcppExports.cpp:1429
  [PB] has negative depth smam/src/RcppExports.cpp:1435
  [UP] attempt to unprotect more items (1) than protected (0), results will be incomplete smam/src/RcppExports.cpp:1435
  [PB] has possible protection stack imbalance smam/src/RcppExports.cpp:1436

Function _smam_ncllk_m1_inc_try(SEXPREC*, SEXPREC*, SEXPREC*, SEXPREC*)
  [UP] ignoring variable <unnamed var:   %20 = alloca %struct.SEXPREC*, align 8> as it has address taken, results will be incomplete 

Function _smam_nllk_fwd_ths
  [UP] unprotected variable rcpp_result_gen while calling allocating function Rf_onintr smam/src/RcppExports.cpp:2847
  [UP] allocating function Rcpp::internal::isLongjumpSentinel(SEXPREC*) may destroy its unprotected argument (rcpp_result_gen <arg 1>), which is later used. smam/src/RcppExports.cpp:2849
  [UP] calling allocating function Rcpp::internal::isLongjumpSentinel(SEXPREC*) with a fresh pointer (rcpp_result_gen <arg 1>) smam/src/RcppExports.cpp:2849
  [UP] allocating function Rf_inherits may destroy its unprotected argument (rcpp_result_gen <arg 1>), which is later used. smam/src/RcppExports.cpp:2853
  [UP] calling allocating function Rf_inherits with a fresh pointer (rcpp_result_gen <arg 1>) smam/src/RcppExports.cpp:2853
  [PB] has negative depth smam/src/RcppExports.cpp:2859
  [UP] attempt to unprotect more items (1) than protected (0), results will be incomplete smam/src/RcppExports.cpp:2859
  [PB] has possible protection stack imbalance smam/src/RcppExports.cpp:2860

Function _smam_nllk_fwd_ths_parallel
  [UP] unprotected variable rcpp_result_gen while calling allocating function Rf_onintr smam/src/RcppExports.cpp:2884
  [UP] allocating function Rcpp::internal::isLongjumpSentinel(SEXPREC*) may destroy its unprotected argument (rcpp_result_gen <arg 1>), which is later used. smam/src/RcppExports.cpp:2886
  [UP] calling allocating function Rcpp::internal::isLongjumpSentinel(SEXPREC*) with a fresh pointer (rcpp_result_gen <arg 1>) smam/src/RcppExports.cpp:2886
  [UP] allocating function Rf_inherits may destroy its unprotected argument (rcpp_result_gen <arg 1>), which is later used. smam/src/RcppExports.cpp:2890
  [UP] calling allocating function Rf_inherits with a fresh pointer (rcpp_result_gen <arg 1>) smam/src/RcppExports.cpp:2890
  [PB] has negative depth smam/src/RcppExports.cpp:2896
  [UP] attempt to unprotect more items (1) than protected (0), results will be incomplete smam/src/RcppExports.cpp:2896
  [PB] has possible protection stack imbalance smam/src/RcppExports.cpp:2897

Function _smam_nllk_fwd_ths_parallel_try(SEXPREC*, SEXPREC*, SEXPREC*, SEXPREC*)
  [UP] ignoring variable <unnamed var:   %20 = alloca %struct.SEXPREC*, align 8> as it has address taken, results will be incomplete 

Function _smam_nllk_fwd_ths_try(SEXPREC*, SEXPREC*, SEXPREC*)
  [UP] ignoring variable <unnamed var:   %17 = alloca %struct.SEXPREC*, align 8> as it has address taken, results will be incomplete 

Function _smam_nllk_inc
  [UP] unprotected variable rcpp_result_gen while calling allocating function Rf_onintr smam/src/RcppExports.cpp:1460
  [UP] allocating function Rcpp::internal::isLongjumpSentinel(SEXPREC*) may destroy its unprotected argument (rcpp_result_gen <arg 1>), which is later used. smam/src/RcppExports.cpp:1462
  [UP] calling allocating function Rcpp::internal::isLongjumpSentinel(SEXPREC*) with a fresh pointer (rcpp_result_gen <arg 1>) smam/src/RcppExports.cpp:1462
  [UP] allocating function Rf_inherits may destroy its unprotected argument (rcpp_result_gen <arg 1>), which is later used. smam/src/RcppExports.cpp:1466
  [UP] calling allocating function Rf_inherits with a fresh pointer (rcpp_result_gen <arg 1>) smam/src/RcppExports.cpp:1466
  [PB] has negative depth smam/src/RcppExports.cpp:1472
  [UP] attempt to unprotect more items (1) than protected (0), results will be incomplete smam/src/RcppExports.cpp:1472
  [PB] has possible protection stack imbalance smam/src/RcppExports.cpp:1473

Function _smam_nllk_inc_mm
  [UP] unprotected variable rcpp_result_gen while calling allocating function Rf_onintr smam/src/RcppExports.cpp:1090
  [UP] allocating function Rcpp::internal::isLongjumpSentinel(SEXPREC*) may destroy its unprotected argument (rcpp_result_gen <arg 1>), which is later used. smam/src/RcppExports.cpp:1092
  [UP] calling allocating function Rcpp::internal::isLongjumpSentinel(SEXPREC*) with a fresh pointer (rcpp_result_gen <arg 1>) smam/src/RcppExports.cpp:1092
  [UP] allocating function Rf_inherits may destroy its unprotected argument (rcpp_result_gen <arg 1>), which is later used. smam/src/RcppExports.cpp:1096
  [UP] calling allocating function Rf_inherits with a fresh pointer (rcpp_result_gen <arg 1>) smam/src/RcppExports.cpp:1096
  [PB] has negative depth smam/src/RcppExports.cpp:1102
  [UP] attempt to unprotect more items (1) than protected (0), results will be incomplete smam/src/RcppExports.cpp:1102
  [PB] has possible protection stack imbalance smam/src/RcppExports.cpp:1103

Function _smam_nllk_inc_mm_try(SEXPREC*, SEXPREC*, SEXPREC*, SEXPREC*)
  [UP] ignoring variable <unnamed var:   %20 = alloca %struct.SEXPREC*, align 8> as it has address taken, results will be incomplete 

Function _smam_nllk_inc_try(SEXPREC*, SEXPREC*, SEXPREC*, SEXPREC*)
  [UP] ignoring variable <unnamed var:   %20 = alloca %struct.SEXPREC*, align 8> as it has address taken, results will be incomplete 

Function _smam_nllk_mrme
  [UP] unprotected variable rcpp_result_gen while calling allocating function Rf_onintr smam/src/RcppExports.cpp:363
  [UP] allocating function Rcpp::internal::isLongjumpSentinel(SEXPREC*) may destroy its unprotected argument (rcpp_result_gen <arg 1>), which is later used. smam/src/RcppExports.cpp:365
  [UP] calling allocating function Rcpp::internal::isLongjumpSentinel(SEXPREC*) with a fresh pointer (rcpp_result_gen <arg 1>) smam/src/RcppExports.cpp:365
  [UP] allocating function Rf_inherits may destroy its unprotected argument (rcpp_result_gen <arg 1>), which is later used. smam/src/RcppExports.cpp:369
  [UP] calling allocating function Rf_inherits with a fresh pointer (rcpp_result_gen <arg 1>) smam/src/RcppExports.cpp:369
  [PB] has negative depth smam/src/RcppExports.cpp:375
  [UP] attempt to unprotect more items (1) than protected (0), results will be incomplete smam/src/RcppExports.cpp:375
  [PB] has possible protection stack imbalance smam/src/RcppExports.cpp:376

Function _smam_nllk_mrme_approx
  [UP] unprotected variable rcpp_result_gen while calling allocating function Rf_onintr smam/src/RcppExports.cpp:707
  [UP] allocating function Rcpp::internal::isLongjumpSentinel(SEXPREC*) may destroy its unprotected argument (rcpp_result_gen <arg 1>), which is later used. smam/src/RcppExports.cpp:709
  [UP] calling allocating function Rcpp::internal::isLongjumpSentinel(SEXPREC*) with a fresh pointer (rcpp_result_gen <arg 1>) smam/src/RcppExports.cpp:709
  [UP] allocating function Rf_inherits may destroy its unprotected argument (rcpp_result_gen <arg 1>), which is later used. smam/src/RcppExports.cpp:713
  [UP] calling allocating function Rf_inherits with a fresh pointer (rcpp_result_gen <arg 1>) smam/src/RcppExports.cpp:713
  [PB] has negative depth smam/src/RcppExports.cpp:719
  [UP] attempt to unprotect more items (1) than protected (0), results will be incomplete smam/src/RcppExports.cpp:719
  [PB] has possible protection stack imbalance smam/src/RcppExports.cpp:720

Function _smam_nllk_mrme_approx_1dim
  [UP] unprotected variable rcpp_result_gen while calling allocating function Rf_onintr smam/src/RcppExports.cpp:905
  [UP] allocating function Rcpp::internal::isLongjumpSentinel(SEXPREC*) may destroy its unprotected argument (rcpp_result_gen <arg 1>), which is later used. smam/src/RcppExports.cpp:907
  [UP] calling allocating function Rcpp::internal::isLongjumpSentinel(SEXPREC*) with a fresh pointer (rcpp_result_gen <arg 1>) smam/src/RcppExports.cpp:907
  [UP] allocating function Rf_inherits may destroy its unprotected argument (rcpp_result_gen <arg 1>), which is later used. smam/src/RcppExports.cpp:911
  [UP] calling allocating function Rf_inherits with a fresh pointer (rcpp_result_gen <arg 1>) smam/src/RcppExports.cpp:911
  [PB] has negative depth smam/src/RcppExports.cpp:917
  [UP] attempt to unprotect more items (1) than protected (0), results will be incomplete smam/src/RcppExports.cpp:917
  [PB] has possible protection stack imbalance smam/src/RcppExports.cpp:918

Function _smam_nllk_mrme_approx_1dim_try(SEXPREC*, SEXPREC*, SEXPREC*, SEXPREC*, SEXPREC*)
  [UP] ignoring variable <unnamed var:   %23 = alloca %struct.SEXPREC*, align 8> as it has address taken, results will be incomplete 

Function _smam_nllk_mrme_approx_try(SEXPREC*, SEXPREC*, SEXPREC*, SEXPREC*, SEXPREC*)
  [UP] ignoring variable <unnamed var:   %23 = alloca %struct.SEXPREC*, align 8> as it has address taken, results will be incomplete 

Function _smam_nllk_mrme_fixed_sig_err
  [UP] unprotected variable rcpp_result_gen while calling allocating function Rf_onintr smam/src/RcppExports.cpp:436
  [UP] allocating function Rcpp::internal::isLongjumpSentinel(SEXPREC*) may destroy its unprotected argument (rcpp_result_gen <arg 1>), which is later used. smam/src/RcppExports.cpp:438
  [UP] calling allocating function Rcpp::internal::isLongjumpSentinel(SEXPREC*) with a fresh pointer (rcpp_result_gen <arg 1>) smam/src/RcppExports.cpp:438
  [UP] allocating function Rf_inherits may destroy its unprotected argument (rcpp_result_gen <arg 1>), which is later used. smam/src/RcppExports.cpp:442
  [UP] calling allocating function Rf_inherits with a fresh pointer (rcpp_result_gen <arg 1>) smam/src/RcppExports.cpp:442
  [PB] has negative depth smam/src/RcppExports.cpp:448
  [UP] attempt to unprotect more items (1) than protected (0), results will be incomplete smam/src/RcppExports.cpp:448
  [PB] has possible protection stack imbalance smam/src/RcppExports.cpp:449

Function _smam_nllk_mrme_fixed_sig_err_try(SEXPREC*, SEXPREC*, SEXPREC*, SEXPREC*)
  [UP] ignoring variable <unnamed var:   %20 = alloca %struct.SEXPREC*, align 8> as it has address taken, results will be incomplete 

Function _smam_nllk_mrme_naive_cmp
  [UP] unprotected variable rcpp_result_gen while calling allocating function Rf_onintr smam/src/RcppExports.cpp:399
  [UP] allocating function Rcpp::internal::isLongjumpSentinel(SEXPREC*) may destroy its unprotected argument (rcpp_result_gen <arg 1>), which is later used. smam/src/RcppExports.cpp:401
  [UP] calling allocating function Rcpp::internal::isLongjumpSentinel(SEXPREC*) with a fresh pointer (rcpp_result_gen <arg 1>) smam/src/RcppExports.cpp:401
  [UP] allocating function Rf_inherits may destroy its unprotected argument (rcpp_result_gen <arg 1>), which is later used. smam/src/RcppExports.cpp:405
  [UP] calling allocating function Rf_inherits with a fresh pointer (rcpp_result_gen <arg 1>) smam/src/RcppExports.cpp:405
  [PB] has negative depth smam/src/RcppExports.cpp:411
  [UP] attempt to unprotect more items (1) than protected (0), results will be incomplete smam/src/RcppExports.cpp:411
  [PB] has possible protection stack imbalance smam/src/RcppExports.cpp:412

Function _smam_nllk_mrme_naive_cmp_try(SEXPREC*, SEXPREC*, SEXPREC*)
  [UP] ignoring variable <unnamed var:   %17 = alloca %struct.SEXPREC*, align 8> as it has address taken, results will be incomplete 

Function _smam_nllk_mrme_one_chain
  [UP] unprotected variable rcpp_result_gen while calling allocating function Rf_onintr smam/src/RcppExports.cpp:472
  [UP] allocating function Rcpp::internal::isLongjumpSentinel(SEXPREC*) may destroy its unprotected argument (rcpp_result_gen <arg 1>), which is later used. smam/src/RcppExports.cpp:474
  [UP] calling allocating function Rcpp::internal::isLongjumpSentinel(SEXPREC*) with a fresh pointer (rcpp_result_gen <arg 1>) smam/src/RcppExports.cpp:474
  [UP] allocating function Rf_inherits may destroy its unprotected argument (rcpp_result_gen <arg 1>), which is later used. smam/src/RcppExports.cpp:478
  [UP] calling allocating function Rf_inherits with a fresh pointer (rcpp_result_gen <arg 1>) smam/src/RcppExports.cpp:478
  [PB] has negative depth smam/src/RcppExports.cpp:484
  [UP] attempt to unprotect more items (1) than protected (0), results will be incomplete smam/src/RcppExports.cpp:484
  [PB] has possible protection stack imbalance smam/src/RcppExports.cpp:485

Function _smam_nllk_mrme_one_chain_fixed_sig_err
  [UP] unprotected variable rcpp_result_gen while calling allocating function Rf_onintr smam/src/RcppExports.cpp:509
  [UP] allocating function Rcpp::internal::isLongjumpSentinel(SEXPREC*) may destroy its unprotected argument (rcpp_result_gen <arg 1>), which is later used. smam/src/RcppExports.cpp:511
  [UP] calling allocating function Rcpp::internal::isLongjumpSentinel(SEXPREC*) with a fresh pointer (rcpp_result_gen <arg 1>) smam/src/RcppExports.cpp:511
  [UP] allocating function Rf_inherits may destroy its unprotected argument (rcpp_result_gen <arg 1>), which is later used. smam/src/RcppExports.cpp:515
  [UP] calling allocating function Rf_inherits with a fresh pointer (rcpp_result_gen <arg 1>) smam/src/RcppExports.cpp:515
  [PB] has negative depth smam/src/RcppExports.cpp:521
  [UP] attempt to unprotect more items (1) than protected (0), results will be incomplete smam/src/RcppExports.cpp:521
  [PB] has possible protection stack imbalance smam/src/RcppExports.cpp:522

Function _smam_nllk_mrme_one_chain_fixed_sig_err_try(SEXPREC*, SEXPREC*, SEXPREC*, SEXPREC*)
  [UP] ignoring variable <unnamed var:   %20 = alloca %struct.SEXPREC*, align 8> as it has address taken, results will be incomplete 

Function _smam_nllk_mrme_one_chain_try(SEXPREC*, SEXPREC*, SEXPREC*)
  [UP] ignoring variable <unnamed var:   %17 = alloca %struct.SEXPREC*, align 8> as it has address taken, results will be incomplete 

Function _smam_nllk_mrme_try(SEXPREC*, SEXPREC*, SEXPREC*)
  [UP] ignoring variable <unnamed var:   %17 = alloca %struct.SEXPREC*, align 8> as it has address taken, results will be incomplete 

Function _smam_norm_mrme
  [UP] unprotected variable rcpp_result_gen while calling allocating function Rf_onintr smam/src/RcppExports.cpp:39
  [UP] allocating function Rcpp::internal::isLongjumpSentinel(SEXPREC*) may destroy its unprotected argument (rcpp_result_gen <arg 1>), which is later used. smam/src/RcppExports.cpp:41
  [UP] calling allocating function Rcpp::internal::isLongjumpSentinel(SEXPREC*) with a fresh pointer (rcpp_result_gen <arg 1>) smam/src/RcppExports.cpp:41
  [UP] allocating function Rf_inherits may destroy its unprotected argument (rcpp_result_gen <arg 1>), which is later used. smam/src/RcppExports.cpp:45
  [UP] calling allocating function Rf_inherits with a fresh pointer (rcpp_result_gen <arg 1>) smam/src/RcppExports.cpp:45
  [PB] has negative depth smam/src/RcppExports.cpp:51
  [UP] attempt to unprotect more items (1) than protected (0), results will be incomplete smam/src/RcppExports.cpp:51
  [PB] has possible protection stack imbalance smam/src/RcppExports.cpp:52

Function _smam_norm_mrme_try(SEXPREC*, SEXPREC*, SEXPREC*, SEXPREC*)
  [UP] ignoring variable <unnamed var:   %20 = alloca %struct.SEXPREC*, align 8> as it has address taken, results will be incomplete 

Function _smam_partial_viterbi_mr
  [UP] unprotected variable rcpp_result_gen while calling allocating function Rf_onintr smam/src/RcppExports.cpp:1570
  [UP] allocating function Rcpp::internal::isLongjumpSentinel(SEXPREC*) may destroy its unprotected argument (rcpp_result_gen <arg 1>), which is later used. smam/src/RcppExports.cpp:1572
  [UP] calling allocating function Rcpp::internal::isLongjumpSentinel(SEXPREC*) with a fresh pointer (rcpp_result_gen <arg 1>) smam/src/RcppExports.cpp:1572
  [UP] allocating function Rf_inherits may destroy its unprotected argument (rcpp_result_gen <arg 1>), which is later used. smam/src/RcppExports.cpp:1576
  [UP] calling allocating function Rf_inherits with a fresh pointer (rcpp_result_gen <arg 1>) smam/src/RcppExports.cpp:1576
  [PB] has negative depth smam/src/RcppExports.cpp:1582
  [UP] attempt to unprotect more items (1) than protected (0), results will be incomplete smam/src/RcppExports.cpp:1582
  [PB] has possible protection stack imbalance smam/src/RcppExports.cpp:1583

Function _smam_partial_viterbi_mr_try(SEXPREC*, SEXPREC*, SEXPREC*, SEXPREC*, SEXPREC*)
  [UP] ignoring variable <unnamed var:   %23 = alloca %struct.SEXPREC*, align 8> as it has address taken, results will be incomplete 

Function _smam_partial_viterbi_ths
  [UP] unprotected variable rcpp_result_gen while calling allocating function Rf_onintr smam/src/RcppExports.cpp:1717
  [UP] allocating function Rcpp::internal::isLongjumpSentinel(SEXPREC*) may destroy its unprotected argument (rcpp_result_gen <arg 1>), which is later used. smam/src/RcppExports.cpp:1719
  [UP] calling allocating function Rcpp::internal::isLongjumpSentinel(SEXPREC*) with a fresh pointer (rcpp_result_gen <arg 1>) smam/src/RcppExports.cpp:1719
  [UP] allocating function Rf_inherits may destroy its unprotected argument (rcpp_result_gen <arg 1>), which is later used. smam/src/RcppExports.cpp:1723
  [UP] calling allocating function Rf_inherits with a fresh pointer (rcpp_result_gen <arg 1>) smam/src/RcppExports.cpp:1723
  [PB] has negative depth smam/src/RcppExports.cpp:1729
  [UP] attempt to unprotect more items (1) than protected (0), results will be incomplete smam/src/RcppExports.cpp:1729
  [PB] has possible protection stack imbalance smam/src/RcppExports.cpp:1730

Function _smam_partial_viterbi_ths_try(SEXPREC*, SEXPREC*, SEXPREC*, SEXPREC*, SEXPREC*)
  [UP] ignoring variable <unnamed var:   %23 = alloca %struct.SEXPREC*, align 8> as it has address taken, results will be incomplete 

Function _smam_q00_mrme_approx
  [UP] unprotected variable rcpp_result_gen while calling allocating function Rf_onintr smam/src/RcppExports.cpp:629
  [UP] allocating function Rcpp::internal::isLongjumpSentinel(SEXPREC*) may destroy its unprotected argument (rcpp_result_gen <arg 1>), which is later used. smam/src/RcppExports.cpp:631
  [UP] calling allocating function Rcpp::internal::isLongjumpSentinel(SEXPREC*) with a fresh pointer (rcpp_result_gen <arg 1>) smam/src/RcppExports.cpp:631
  [UP] allocating function Rf_inherits may destroy its unprotected argument (rcpp_result_gen <arg 1>), which is later used. smam/src/RcppExports.cpp:635
  [UP] calling allocating function Rf_inherits with a fresh pointer (rcpp_result_gen <arg 1>) smam/src/RcppExports.cpp:635
  [PB] has negative depth smam/src/RcppExports.cpp:641
  [UP] attempt to unprotect more items (1) than protected (0), results will be incomplete smam/src/RcppExports.cpp:641
  [PB] has possible protection stack imbalance smam/src/RcppExports.cpp:642

Function _smam_q00_mrme_approx_1dim
  [UP] unprotected variable rcpp_result_gen while calling allocating function Rf_onintr smam/src/RcppExports.cpp:827
  [UP] allocating function Rcpp::internal::isLongjumpSentinel(SEXPREC*) may destroy its unprotected argument (rcpp_result_gen <arg 1>), which is later used. smam/src/RcppExports.cpp:829
  [UP] calling allocating function Rcpp::internal::isLongjumpSentinel(SEXPREC*) with a fresh pointer (rcpp_result_gen <arg 1>) smam/src/RcppExports.cpp:829
  [UP] allocating function Rf_inherits may destroy its unprotected argument (rcpp_result_gen <arg 1>), which is later used. smam/src/RcppExports.cpp:833
  [UP] calling allocating function Rf_inherits with a fresh pointer (rcpp_result_gen <arg 1>) smam/src/RcppExports.cpp:833
  [PB] has negative depth smam/src/RcppExports.cpp:839
  [UP] attempt to unprotect more items (1) than protected (0), results will be incomplete smam/src/RcppExports.cpp:839
  [PB] has possible protection stack imbalance smam/src/RcppExports.cpp:840

Function _smam_q00_mrme_approx_1dim_try(SEXPREC*, SEXPREC*, SEXPREC*, SEXPREC*, SEXPREC*, SEXPREC*, SEXPREC*)
  [UP] ignoring variable <unnamed var:   %29 = alloca %struct.SEXPREC*, align 8> as it has address taken, results will be incomplete 

Function _smam_q00_mrme_approx_try(SEXPREC*, SEXPREC*, SEXPREC*, SEXPREC*, SEXPREC*, SEXPREC*, SEXPREC*)
  [UP] ignoring variable <unnamed var:   %29 = alloca %struct.SEXPREC*, align 8> as it has address taken, results will be incomplete 

Function _smam_q01_mrme_approx
  [UP] unprotected variable rcpp_result_gen while calling allocating function Rf_onintr smam/src/RcppExports.cpp:589
  [UP] allocating function Rcpp::internal::isLongjumpSentinel(SEXPREC*) may destroy its unprotected argument (rcpp_result_gen <arg 1>), which is later used. smam/src/RcppExports.cpp:591
  [UP] calling allocating function Rcpp::internal::isLongjumpSentinel(SEXPREC*) with a fresh pointer (rcpp_result_gen <arg 1>) smam/src/RcppExports.cpp:591
  [UP] allocating function Rf_inherits may destroy its unprotected argument (rcpp_result_gen <arg 1>), which is later used. smam/src/RcppExports.cpp:595
  [UP] calling allocating function Rf_inherits with a fresh pointer (rcpp_result_gen <arg 1>) smam/src/RcppExports.cpp:595
  [PB] has negative depth smam/src/RcppExports.cpp:601
  [UP] attempt to unprotect more items (1) than protected (0), results will be incomplete smam/src/RcppExports.cpp:601
  [PB] has possible protection stack imbalance smam/src/RcppExports.cpp:602

Function _smam_q01_mrme_approx_1dim
  [UP] unprotected variable rcpp_result_gen while calling allocating function Rf_onintr smam/src/RcppExports.cpp:787
  [UP] allocating function Rcpp::internal::isLongjumpSentinel(SEXPREC*) may destroy its unprotected argument (rcpp_result_gen <arg 1>), which is later used. smam/src/RcppExports.cpp:789
  [UP] calling allocating function Rcpp::internal::isLongjumpSentinel(SEXPREC*) with a fresh pointer (rcpp_result_gen <arg 1>) smam/src/RcppExports.cpp:789
  [UP] allocating function Rf_inherits may destroy its unprotected argument (rcpp_result_gen <arg 1>), which is later used. smam/src/RcppExports.cpp:793
  [UP] calling allocating function Rf_inherits with a fresh pointer (rcpp_result_gen <arg 1>) smam/src/RcppExports.cpp:793
  [PB] has negative depth smam/src/RcppExports.cpp:799
  [UP] attempt to unprotect more items (1) than protected (0), results will be incomplete smam/src/RcppExports.cpp:799
  [PB] has possible protection stack imbalance smam/src/RcppExports.cpp:800

Function _smam_q01_mrme_approx_1dim_try(SEXPREC*, SEXPREC*, SEXPREC*, SEXPREC*, SEXPREC*, SEXPREC*, SEXPREC*)
  [UP] ignoring variable <unnamed var:   %29 = alloca %struct.SEXPREC*, align 8> as it has address taken, results will be incomplete 

Function _smam_q01_mrme_approx_try(SEXPREC*, SEXPREC*, SEXPREC*, SEXPREC*, SEXPREC*, SEXPREC*, SEXPREC*)
  [UP] ignoring variable <unnamed var:   %29 = alloca %struct.SEXPREC*, align 8> as it has address taken, results will be incomplete 

Function _smam_q10_mrme_approx
  [UP] unprotected variable rcpp_result_gen while calling allocating function Rf_onintr smam/src/RcppExports.cpp:549
  [UP] allocating function Rcpp::internal::isLongjumpSentinel(SEXPREC*) may destroy its unprotected argument (rcpp_result_gen <arg 1>), which is later used. smam/src/RcppExports.cpp:551
  [UP] calling allocating function Rcpp::internal::isLongjumpSentinel(SEXPREC*) with a fresh pointer (rcpp_result_gen <arg 1>) smam/src/RcppExports.cpp:551
  [UP] allocating function Rf_inherits may destroy its unprotected argument (rcpp_result_gen <arg 1>), which is later used. smam/src/RcppExports.cpp:555
  [UP] calling allocating function Rf_inherits with a fresh pointer (rcpp_result_gen <arg 1>) smam/src/RcppExports.cpp:555
  [PB] has negative depth smam/src/RcppExports.cpp:561
  [UP] attempt to unprotect more items (1) than protected (0), results will be incomplete smam/src/RcppExports.cpp:561
  [PB] has possible protection stack imbalance smam/src/RcppExports.cpp:562

Function _smam_q10_mrme_approx_1dim
  [UP] unprotected variable rcpp_result_gen while calling allocating function Rf_onintr smam/src/RcppExports.cpp:747
  [UP] allocating function Rcpp::internal::isLongjumpSentinel(SEXPREC*) may destroy its unprotected argument (rcpp_result_gen <arg 1>), which is later used. smam/src/RcppExports.cpp:749
  [UP] calling allocating function Rcpp::internal::isLongjumpSentinel(SEXPREC*) with a fresh pointer (rcpp_result_gen <arg 1>) smam/src/RcppExports.cpp:749
  [UP] allocating function Rf_inherits may destroy its unprotected argument (rcpp_result_gen <arg 1>), which is later used. smam/src/RcppExports.cpp:753
  [UP] calling allocating function Rf_inherits with a fresh pointer (rcpp_result_gen <arg 1>) smam/src/RcppExports.cpp:753
  [PB] has negative depth smam/src/RcppExports.cpp:759
  [UP] attempt to unprotect more items (1) than protected (0), results will be incomplete smam/src/RcppExports.cpp:759
  [PB] has possible protection stack imbalance smam/src/RcppExports.cpp:760

Function _smam_q10_mrme_approx_1dim_try(SEXPREC*, SEXPREC*, SEXPREC*, SEXPREC*, SEXPREC*, SEXPREC*, SEXPREC*)
  [UP] ignoring variable <unnamed var:   %29 = alloca %struct.SEXPREC*, align 8> as it has address taken, results will be incomplete 

Function _smam_q10_mrme_approx_try(SEXPREC*, SEXPREC*, SEXPREC*, SEXPREC*, SEXPREC*, SEXPREC*, SEXPREC*)
  [UP] ignoring variable <unnamed var:   %29 = alloca %struct.SEXPREC*, align 8> as it has address taken, results will be incomplete 

Function _smam_q11_mrme_approx
  [UP] unprotected variable rcpp_result_gen while calling allocating function Rf_onintr smam/src/RcppExports.cpp:669
  [UP] allocating function Rcpp::internal::isLongjumpSentinel(SEXPREC*) may destroy its unprotected argument (rcpp_result_gen <arg 1>), which is later used. smam/src/RcppExports.cpp:671
  [UP] calling allocating function Rcpp::internal::isLongjumpSentinel(SEXPREC*) with a fresh pointer (rcpp_result_gen <arg 1>) smam/src/RcppExports.cpp:671
  [UP] allocating function Rf_inherits may destroy its unprotected argument (rcpp_result_gen <arg 1>), which is later used. smam/src/RcppExports.cpp:675
  [UP] calling allocating function Rf_inherits with a fresh pointer (rcpp_result_gen <arg 1>) smam/src/RcppExports.cpp:675
  [PB] has negative depth smam/src/RcppExports.cpp:681
  [UP] attempt to unprotect more items (1) than protected (0), results will be incomplete smam/src/RcppExports.cpp:681
  [PB] has possible protection stack imbalance smam/src/RcppExports.cpp:682

Function _smam_q11_mrme_approx_1dim
  [UP] unprotected variable rcpp_result_gen while calling allocating function Rf_onintr smam/src/RcppExports.cpp:867
  [UP] allocating function Rcpp::internal::isLongjumpSentinel(SEXPREC*) may destroy its unprotected argument (rcpp_result_gen <arg 1>), which is later used. smam/src/RcppExports.cpp:869
  [UP] calling allocating function Rcpp::internal::isLongjumpSentinel(SEXPREC*) with a fresh pointer (rcpp_result_gen <arg 1>) smam/src/RcppExports.cpp:869
  [UP] allocating function Rf_inherits may destroy its unprotected argument (rcpp_result_gen <arg 1>), which is later used. smam/src/RcppExports.cpp:873
  [UP] calling allocating function Rf_inherits with a fresh pointer (rcpp_result_gen <arg 1>) smam/src/RcppExports.cpp:873
  [PB] has negative depth smam/src/RcppExports.cpp:879
  [UP] attempt to unprotect more items (1) than protected (0), results will be incomplete smam/src/RcppExports.cpp:879
  [PB] has possible protection stack imbalance smam/src/RcppExports.cpp:880

Function _smam_q11_mrme_approx_1dim_try(SEXPREC*, SEXPREC*, SEXPREC*, SEXPREC*, SEXPREC*, SEXPREC*, SEXPREC*)
  [UP] ignoring variable <unnamed var:   %29 = alloca %struct.SEXPREC*, align 8> as it has address taken, results will be incomplete 

Function _smam_q11_mrme_approx_try(SEXPREC*, SEXPREC*, SEXPREC*, SEXPREC*, SEXPREC*, SEXPREC*, SEXPREC*)
  [UP] ignoring variable <unnamed var:   %29 = alloca %struct.SEXPREC*, align 8> as it has address taken, results will be incomplete 

Function _smam_t00_mrme
  [UP] unprotected variable rcpp_result_gen while calling allocating function Rf_onintr smam/src/RcppExports.cpp:257
  [UP] allocating function Rcpp::internal::isLongjumpSentinel(SEXPREC*) may destroy its unprotected argument (rcpp_result_gen <arg 1>), which is later used. smam/src/RcppExports.cpp:259
  [UP] calling allocating function Rcpp::internal::isLongjumpSentinel(SEXPREC*) with a fresh pointer (rcpp_result_gen <arg 1>) smam/src/RcppExports.cpp:259
  [UP] allocating function Rf_inherits may destroy its unprotected argument (rcpp_result_gen <arg 1>), which is later used. smam/src/RcppExports.cpp:263
  [UP] calling allocating function Rf_inherits with a fresh pointer (rcpp_result_gen <arg 1>) smam/src/RcppExports.cpp:263
  [PB] has negative depth smam/src/RcppExports.cpp:269
  [UP] attempt to unprotect more items (1) than protected (0), results will be incomplete smam/src/RcppExports.cpp:269
  [PB] has possible protection stack imbalance smam/src/RcppExports.cpp:270

Function _smam_t00_mrme_try(SEXPREC*, SEXPREC*)
  [UP] ignoring variable <unnamed var:   %14 = alloca %struct.SEXPREC*, align 8> as it has address taken, results will be incomplete 

Function _smam_t01_mrme
  [UP] unprotected variable rcpp_result_gen while calling allocating function Rf_onintr smam/src/RcppExports.cpp:327
  [UP] allocating function Rcpp::internal::isLongjumpSentinel(SEXPREC*) may destroy its unprotected argument (rcpp_result_gen <arg 1>), which is later used. smam/src/RcppExports.cpp:329
  [UP] calling allocating function Rcpp::internal::isLongjumpSentinel(SEXPREC*) with a fresh pointer (rcpp_result_gen <arg 1>) smam/src/RcppExports.cpp:329
  [UP] allocating function Rf_inherits may destroy its unprotected argument (rcpp_result_gen <arg 1>), which is later used. smam/src/RcppExports.cpp:333
  [UP] calling allocating function Rf_inherits with a fresh pointer (rcpp_result_gen <arg 1>) smam/src/RcppExports.cpp:333
  [PB] has negative depth smam/src/RcppExports.cpp:339
  [UP] attempt to unprotect more items (1) than protected (0), results will be incomplete smam/src/RcppExports.cpp:339
  [PB] has possible protection stack imbalance smam/src/RcppExports.cpp:340

Function _smam_t01_mrme_try(SEXPREC*, SEXPREC*)
  [UP] ignoring variable <unnamed var:   %14 = alloca %struct.SEXPREC*, align 8> as it has address taken, results will be incomplete 

Function _smam_t10_mrme
  [UP] unprotected variable rcpp_result_gen while calling allocating function Rf_onintr smam/src/RcppExports.cpp:292
  [UP] allocating function Rcpp::internal::isLongjumpSentinel(SEXPREC*) may destroy its unprotected argument (rcpp_result_gen <arg 1>), which is later used. smam/src/RcppExports.cpp:294
  [UP] calling allocating function Rcpp::internal::isLongjumpSentinel(SEXPREC*) with a fresh pointer (rcpp_result_gen <arg 1>) smam/src/RcppExports.cpp:294
  [UP] allocating function Rf_inherits may destroy its unprotected argument (rcpp_result_gen <arg 1>), which is later used. smam/src/RcppExports.cpp:298
  [UP] calling allocating function Rf_inherits with a fresh pointer (rcpp_result_gen <arg 1>) smam/src/RcppExports.cpp:298
  [PB] has negative depth smam/src/RcppExports.cpp:304
  [UP] attempt to unprotect more items (1) than protected (0), results will be incomplete smam/src/RcppExports.cpp:304
  [PB] has possible protection stack imbalance smam/src/RcppExports.cpp:305

Function _smam_t10_mrme_try(SEXPREC*, SEXPREC*)
  [UP] ignoring variable <unnamed var:   %14 = alloca %struct.SEXPREC*, align 8> as it has address taken, results will be incomplete 

Function _smam_t11_mrme
  [UP] unprotected variable rcpp_result_gen while calling allocating function Rf_onintr smam/src/RcppExports.cpp:222
  [UP] allocating function Rcpp::internal::isLongjumpSentinel(SEXPREC*) may destroy its unprotected argument (rcpp_result_gen <arg 1>), which is later used. smam/src/RcppExports.cpp:224
  [UP] calling allocating function Rcpp::internal::isLongjumpSentinel(SEXPREC*) with a fresh pointer (rcpp_result_gen <arg 1>) smam/src/RcppExports.cpp:224
  [UP] allocating function Rf_inherits may destroy its unprotected argument (rcpp_result_gen <arg 1>), which is later used. smam/src/RcppExports.cpp:228
  [UP] calling allocating function Rf_inherits with a fresh pointer (rcpp_result_gen <arg 1>) smam/src/RcppExports.cpp:228
  [PB] has negative depth smam/src/RcppExports.cpp:234
  [UP] attempt to unprotect more items (1) than protected (0), results will be incomplete smam/src/RcppExports.cpp:234
  [PB] has possible protection stack imbalance smam/src/RcppExports.cpp:235

Function _smam_t11_mrme_try(SEXPREC*, SEXPREC*)
  [UP] ignoring variable <unnamed var:   %14 = alloca %struct.SEXPREC*, align 8> as it has address taken, results will be incomplete 

Function _smam_ths_h00
  [UP] unprotected variable rcpp_result_gen while calling allocating function Rf_onintr smam/src/RcppExports.cpp:2105
  [UP] allocating function Rcpp::internal::isLongjumpSentinel(SEXPREC*) may destroy its unprotected argument (rcpp_result_gen <arg 1>), which is later used. smam/src/RcppExports.cpp:2107
  [UP] calling allocating function Rcpp::internal::isLongjumpSentinel(SEXPREC*) with a fresh pointer (rcpp_result_gen <arg 1>) smam/src/RcppExports.cpp:2107
  [UP] allocating function Rf_inherits may destroy its unprotected argument (rcpp_result_gen <arg 1>), which is later used. smam/src/RcppExports.cpp:2111
  [UP] calling allocating function Rf_inherits with a fresh pointer (rcpp_result_gen <arg 1>) smam/src/RcppExports.cpp:2111
  [PB] has negative depth smam/src/RcppExports.cpp:2117
  [UP] attempt to unprotect more items (1) than protected (0), results will be incomplete smam/src/RcppExports.cpp:2117
  [PB] has possible protection stack imbalance smam/src/RcppExports.cpp:2118

Function _smam_ths_h00_paral
  [UP] unprotected variable rcpp_result_gen while calling allocating function Rf_onintr smam/src/RcppExports.cpp:2439
  [UP] allocating function Rcpp::internal::isLongjumpSentinel(SEXPREC*) may destroy its unprotected argument (rcpp_result_gen <arg 1>), which is later used. smam/src/RcppExports.cpp:2441
  [UP] calling allocating function Rcpp::internal::isLongjumpSentinel(SEXPREC*) with a fresh pointer (rcpp_result_gen <arg 1>) smam/src/RcppExports.cpp:2441
  [UP] allocating function Rf_inherits may destroy its unprotected argument (rcpp_result_gen <arg 1>), which is later used. smam/src/RcppExports.cpp:2445
  [UP] calling allocating function Rf_inherits with a fresh pointer (rcpp_result_gen <arg 1>) smam/src/RcppExports.cpp:2445
  [PB] has negative depth smam/src/RcppExports.cpp:2451
  [UP] attempt to unprotect more items (1) than protected (0), results will be incomplete smam/src/RcppExports.cpp:2451
  [PB] has possible protection stack imbalance smam/src/RcppExports.cpp:2452

Function _smam_ths_h00_paral_try(SEXPREC*, SEXPREC*, SEXPREC*, SEXPREC*, SEXPREC*)
  [UP] ignoring variable <unnamed var:   %23 = alloca %struct.SEXPREC*, align 8> as it has address taken, results will be incomplete 

Function _smam_ths_h00_try(SEXPREC*, SEXPREC*, SEXPREC*, SEXPREC*)
  [UP] ignoring variable <unnamed var:   %20 = alloca %struct.SEXPREC*, align 8> as it has address taken, results will be incomplete 

Function _smam_ths_h01
  [UP] unprotected variable rcpp_result_gen while calling allocating function Rf_onintr smam/src/RcppExports.cpp:2142
  [UP] allocating function Rcpp::internal::isLongjumpSentinel(SEXPREC*) may destroy its unprotected argument (rcpp_result_gen <arg 1>), which is later used. smam/src/RcppExports.cpp:2144
  [UP] calling allocating function Rcpp::internal::isLongjumpSentinel(SEXPREC*) with a fresh pointer (rcpp_result_gen <arg 1>) smam/src/RcppExports.cpp:2144
  [UP] allocating function Rf_inherits may destroy its unprotected argument (rcpp_result_gen <arg 1>), which is later used. smam/src/RcppExports.cpp:2148
  [UP] calling allocating function Rf_inherits with a fresh pointer (rcpp_result_gen <arg 1>) smam/src/RcppExports.cpp:2148
  [PB] has negative depth smam/src/RcppExports.cpp:2154
  [UP] attempt to unprotect more items (1) than protected (0), results will be incomplete smam/src/RcppExports.cpp:2154
  [PB] has possible protection stack imbalance smam/src/RcppExports.cpp:2155

Function _smam_ths_h01_paral
  [UP] unprotected variable rcpp_result_gen while calling allocating function Rf_onintr smam/src/RcppExports.cpp:2477
  [UP] allocating function Rcpp::internal::isLongjumpSentinel(SEXPREC*) may destroy its unprotected argument (rcpp_result_gen <arg 1>), which is later used. smam/src/RcppExports.cpp:2479
  [UP] calling allocating function Rcpp::internal::isLongjumpSentinel(SEXPREC*) with a fresh pointer (rcpp_result_gen <arg 1>) smam/src/RcppExports.cpp:2479
  [UP] allocating function Rf_inherits may destroy its unprotected argument (rcpp_result_gen <arg 1>), which is later used. smam/src/RcppExports.cpp:2483
  [UP] calling allocating function Rf_inherits with a fresh pointer (rcpp_result_gen <arg 1>) smam/src/RcppExports.cpp:2483
  [PB] has negative depth smam/src/RcppExports.cpp:2489
  [UP] attempt to unprotect more items (1) than protected (0), results will be incomplete smam/src/RcppExports.cpp:2489
  [PB] has possible protection stack imbalance smam/src/RcppExports.cpp:2490

Function _smam_ths_h01_paral_try(SEXPREC*, SEXPREC*, SEXPREC*, SEXPREC*, SEXPREC*)
  [UP] ignoring variable <unnamed var:   %23 = alloca %struct.SEXPREC*, align 8> as it has address taken, results will be incomplete 

Function _smam_ths_h01_try(SEXPREC*, SEXPREC*, SEXPREC*, SEXPREC*)
  [UP] ignoring variable <unnamed var:   %20 = alloca %struct.SEXPREC*, align 8> as it has address taken, results will be incomplete 

Function _smam_ths_h02
  [UP] unprotected variable rcpp_result_gen while calling allocating function Rf_onintr smam/src/RcppExports.cpp:2179
  [UP] allocating function Rcpp::internal::isLongjumpSentinel(SEXPREC*) may destroy its unprotected argument (rcpp_result_gen <arg 1>), which is later used. smam/src/RcppExports.cpp:2181
  [UP] calling allocating function Rcpp::internal::isLongjumpSentinel(SEXPREC*) with a fresh pointer (rcpp_result_gen <arg 1>) smam/src/RcppExports.cpp:2181
  [UP] allocating function Rf_inherits may destroy its unprotected argument (rcpp_result_gen <arg 1>), which is later used. smam/src/RcppExports.cpp:2185
  [UP] calling allocating function Rf_inherits with a fresh pointer (rcpp_result_gen <arg 1>) smam/src/RcppExports.cpp:2185
  [PB] has negative depth smam/src/RcppExports.cpp:2191
  [UP] attempt to unprotect more items (1) than protected (0), results will be incomplete smam/src/RcppExports.cpp:2191
  [PB] has possible protection stack imbalance smam/src/RcppExports.cpp:2192

Function _smam_ths_h02_paral
  [UP] unprotected variable rcpp_result_gen while calling allocating function Rf_onintr smam/src/RcppExports.cpp:2515
  [UP] allocating function Rcpp::internal::isLongjumpSentinel(SEXPREC*) may destroy its unprotected argument (rcpp_result_gen <arg 1>), which is later used. smam/src/RcppExports.cpp:2517
  [UP] calling allocating function Rcpp::internal::isLongjumpSentinel(SEXPREC*) with a fresh pointer (rcpp_result_gen <arg 1>) smam/src/RcppExports.cpp:2517
  [UP] allocating function Rf_inherits may destroy its unprotected argument (rcpp_result_gen <arg 1>), which is later used. smam/src/RcppExports.cpp:2521
  [UP] calling allocating function Rf_inherits with a fresh pointer (rcpp_result_gen <arg 1>) smam/src/RcppExports.cpp:2521
  [PB] has negative depth smam/src/RcppExports.cpp:2527
  [UP] attempt to unprotect more items (1) than protected (0), results will be incomplete smam/src/RcppExports.cpp:2527
  [PB] has possible protection stack imbalance smam/src/RcppExports.cpp:2528

Function _smam_ths_h02_paral_try(SEXPREC*, SEXPREC*, SEXPREC*, SEXPREC*, SEXPREC*)
  [UP] ignoring variable <unnamed var:   %23 = alloca %struct.SEXPREC*, align 8> as it has address taken, results will be incomplete 

Function _smam_ths_h02_try(SEXPREC*, SEXPREC*, SEXPREC*, SEXPREC*)
  [UP] ignoring variable <unnamed var:   %20 = alloca %struct.SEXPREC*, align 8> as it has address taken, results will be incomplete 

Function _smam_ths_h10
  [UP] unprotected variable rcpp_result_gen while calling allocating function Rf_onintr smam/src/RcppExports.cpp:2216
  [UP] allocating function Rcpp::internal::isLongjumpSentinel(SEXPREC*) may destroy its unprotected argument (rcpp_result_gen <arg 1>), which is later used. smam/src/RcppExports.cpp:2218
  [UP] calling allocating function Rcpp::internal::isLongjumpSentinel(SEXPREC*) with a fresh pointer (rcpp_result_gen <arg 1>) smam/src/RcppExports.cpp:2218
  [UP] allocating function Rf_inherits may destroy its unprotected argument (rcpp_result_gen <arg 1>), which is later used. smam/src/RcppExports.cpp:2222
  [UP] calling allocating function Rf_inherits with a fresh pointer (rcpp_result_gen <arg 1>) smam/src/RcppExports.cpp:2222
  [PB] has negative depth smam/src/RcppExports.cpp:2228
  [UP] attempt to unprotect more items (1) than protected (0), results will be incomplete smam/src/RcppExports.cpp:2228
  [PB] has possible protection stack imbalance smam/src/RcppExports.cpp:2229

Function _smam_ths_h10_paral
  [UP] unprotected variable rcpp_result_gen while calling allocating function Rf_onintr smam/src/RcppExports.cpp:2553
  [UP] allocating function Rcpp::internal::isLongjumpSentinel(SEXPREC*) may destroy its unprotected argument (rcpp_result_gen <arg 1>), which is later used. smam/src/RcppExports.cpp:2555
  [UP] calling allocating function Rcpp::internal::isLongjumpSentinel(SEXPREC*) with a fresh pointer (rcpp_result_gen <arg 1>) smam/src/RcppExports.cpp:2555
  [UP] allocating function Rf_inherits may destroy its unprotected argument (rcpp_result_gen <arg 1>), which is later used. smam/src/RcppExports.cpp:2559
  [UP] calling allocating function Rf_inherits with a fresh pointer (rcpp_result_gen <arg 1>) smam/src/RcppExports.cpp:2559
  [PB] has negative depth smam/src/RcppExports.cpp:2565
  [UP] attempt to unprotect more items (1) than protected (0), results will be incomplete smam/src/RcppExports.cpp:2565
  [PB] has possible protection stack imbalance smam/src/RcppExports.cpp:2566

Function _smam_ths_h10_paral_try(SEXPREC*, SEXPREC*, SEXPREC*, SEXPREC*, SEXPREC*)
  [UP] ignoring variable <unnamed var:   %23 = alloca %struct.SEXPREC*, align 8> as it has address taken, results will be incomplete 

Function _smam_ths_h10_try(SEXPREC*, SEXPREC*, SEXPREC*, SEXPREC*)
  [UP] ignoring variable <unnamed var:   %20 = alloca %struct.SEXPREC*, align 8> as it has address taken, results will be incomplete 

Function _smam_ths_h11
  [UP] unprotected variable rcpp_result_gen while calling allocating function Rf_onintr smam/src/RcppExports.cpp:2253
  [UP] allocating function Rcpp::internal::isLongjumpSentinel(SEXPREC*) may destroy its unprotected argument (rcpp_result_gen <arg 1>), which is later used. smam/src/RcppExports.cpp:2255
  [UP] calling allocating function Rcpp::internal::isLongjumpSentinel(SEXPREC*) with a fresh pointer (rcpp_result_gen <arg 1>) smam/src/RcppExports.cpp:2255
  [UP] allocating function Rf_inherits may destroy its unprotected argument (rcpp_result_gen <arg 1>), which is later used. smam/src/RcppExports.cpp:2259
  [UP] calling allocating function Rf_inherits with a fresh pointer (rcpp_result_gen <arg 1>) smam/src/RcppExports.cpp:2259
  [PB] has negative depth smam/src/RcppExports.cpp:2265
  [UP] attempt to unprotect more items (1) than protected (0), results will be incomplete smam/src/RcppExports.cpp:2265
  [PB] has possible protection stack imbalance smam/src/RcppExports.cpp:2266

Function _smam_ths_h11_paral
  [UP] unprotected variable rcpp_result_gen while calling allocating function Rf_onintr smam/src/RcppExports.cpp:2591
  [UP] allocating function Rcpp::internal::isLongjumpSentinel(SEXPREC*) may destroy its unprotected argument (rcpp_result_gen <arg 1>), which is later used. smam/src/RcppExports.cpp:2593
  [UP] calling allocating function Rcpp::internal::isLongjumpSentinel(SEXPREC*) with a fresh pointer (rcpp_result_gen <arg 1>) smam/src/RcppExports.cpp:2593
  [UP] allocating function Rf_inherits may destroy its unprotected argument (rcpp_result_gen <arg 1>), which is later used. smam/src/RcppExports.cpp:2597
  [UP] calling allocating function Rf_inherits with a fresh pointer (rcpp_result_gen <arg 1>) smam/src/RcppExports.cpp:2597
  [PB] has negative depth smam/src/RcppExports.cpp:2603
  [UP] attempt to unprotect more items (1) than protected (0), results will be incomplete smam/src/RcppExports.cpp:2603
  [PB] has possible protection stack imbalance smam/src/RcppExports.cpp:2604

Function _smam_ths_h11_paral_try(SEXPREC*, SEXPREC*, SEXPREC*, SEXPREC*, SEXPREC*)
  [UP] ignoring variable <unnamed var:   %23 = alloca %struct.SEXPREC*, align 8> as it has address taken, results will be incomplete 

Function _smam_ths_h11_try(SEXPREC*, SEXPREC*, SEXPREC*, SEXPREC*)
  [UP] ignoring variable <unnamed var:   %20 = alloca %struct.SEXPREC*, align 8> as it has address taken, results will be incomplete 

Function _smam_ths_h12
  [UP] unprotected variable rcpp_result_gen while calling allocating function Rf_onintr smam/src/RcppExports.cpp:2290
  [UP] allocating function Rcpp::internal::isLongjumpSentinel(SEXPREC*) may destroy its unprotected argument (rcpp_result_gen <arg 1>), which is later used. smam/src/RcppExports.cpp:2292
  [UP] calling allocating function Rcpp::internal::isLongjumpSentinel(SEXPREC*) with a fresh pointer (rcpp_result_gen <arg 1>) smam/src/RcppExports.cpp:2292
  [UP] allocating function Rf_inherits may destroy its unprotected argument (rcpp_result_gen <arg 1>), which is later used. smam/src/RcppExports.cpp:2296
  [UP] calling allocating function Rf_inherits with a fresh pointer (rcpp_result_gen <arg 1>) smam/src/RcppExports.cpp:2296
  [PB] has negative depth smam/src/RcppExports.cpp:2302
  [UP] attempt to unprotect more items (1) than protected (0), results will be incomplete smam/src/RcppExports.cpp:2302
  [PB] has possible protection stack imbalance smam/src/RcppExports.cpp:2303

Function _smam_ths_h12_paral
  [UP] unprotected variable rcpp_result_gen while calling allocating function Rf_onintr smam/src/RcppExports.cpp:2629
  [UP] allocating function Rcpp::internal::isLongjumpSentinel(SEXPREC*) may destroy its unprotected argument (rcpp_result_gen <arg 1>), which is later used. smam/src/RcppExports.cpp:2631
  [UP] calling allocating function Rcpp::internal::isLongjumpSentinel(SEXPREC*) with a fresh pointer (rcpp_result_gen <arg 1>) smam/src/RcppExports.cpp:2631
  [UP] allocating function Rf_inherits may destroy its unprotected argument (rcpp_result_gen <arg 1>), which is later used. smam/src/RcppExports.cpp:2635
  [UP] calling allocating function Rf_inherits with a fresh pointer (rcpp_result_gen <arg 1>) smam/src/RcppExports.cpp:2635
  [PB] has negative depth smam/src/RcppExports.cpp:2641
  [UP] attempt to unprotect more items (1) than protected (0), results will be incomplete smam/src/RcppExports.cpp:2641
  [PB] has possible protection stack imbalance smam/src/RcppExports.cpp:2642

Function _smam_ths_h12_paral_try(SEXPREC*, SEXPREC*, SEXPREC*, SEXPREC*, SEXPREC*)
  [UP] ignoring variable <unnamed var:   %23 = alloca %struct.SEXPREC*, align 8> as it has address taken, results will be incomplete 

Function _smam_ths_h12_try(SEXPREC*, SEXPREC*, SEXPREC*, SEXPREC*)
  [UP] ignoring variable <unnamed var:   %20 = alloca %struct.SEXPREC*, align 8> as it has address taken, results will be incomplete 

Function _smam_ths_h20
  [UP] unprotected variable rcpp_result_gen while calling allocating function Rf_onintr smam/src/RcppExports.cpp:2327
  [UP] allocating function Rcpp::internal::isLongjumpSentinel(SEXPREC*) may destroy its unprotected argument (rcpp_result_gen <arg 1>), which is later used. smam/src/RcppExports.cpp:2329
  [UP] calling allocating function Rcpp::internal::isLongjumpSentinel(SEXPREC*) with a fresh pointer (rcpp_result_gen <arg 1>) smam/src/RcppExports.cpp:2329
  [UP] allocating function Rf_inherits may destroy its unprotected argument (rcpp_result_gen <arg 1>), which is later used. smam/src/RcppExports.cpp:2333
  [UP] calling allocating function Rf_inherits with a fresh pointer (rcpp_result_gen <arg 1>) smam/src/RcppExports.cpp:2333
  [PB] has negative depth smam/src/RcppExports.cpp:2339
  [UP] attempt to unprotect more items (1) than protected (0), results will be incomplete smam/src/RcppExports.cpp:2339
  [PB] has possible protection stack imbalance smam/src/RcppExports.cpp:2340

Function _smam_ths_h20_paral
  [UP] unprotected variable rcpp_result_gen while calling allocating function Rf_onintr smam/src/RcppExports.cpp:2667
  [UP] allocating function Rcpp::internal::isLongjumpSentinel(SEXPREC*) may destroy its unprotected argument (rcpp_result_gen <arg 1>), which is later used. smam/src/RcppExports.cpp:2669
  [UP] calling allocating function Rcpp::internal::isLongjumpSentinel(SEXPREC*) with a fresh pointer (rcpp_result_gen <arg 1>) smam/src/RcppExports.cpp:2669
  [UP] allocating function Rf_inherits may destroy its unprotected argument (rcpp_result_gen <arg 1>), which is later used. smam/src/RcppExports.cpp:2673
  [UP] calling allocating function Rf_inherits with a fresh pointer (rcpp_result_gen <arg 1>) smam/src/RcppExports.cpp:2673
  [PB] has negative depth smam/src/RcppExports.cpp:2679
  [UP] attempt to unprotect more items (1) than protected (0), results will be incomplete smam/src/RcppExports.cpp:2679
  [PB] has possible protection stack imbalance smam/src/RcppExports.cpp:2680

Function _smam_ths_h20_paral_try(SEXPREC*, SEXPREC*, SEXPREC*, SEXPREC*, SEXPREC*)
  [UP] ignoring variable <unnamed var:   %23 = alloca %struct.SEXPREC*, align 8> as it has address taken, results will be incomplete 

Function _smam_ths_h20_try(SEXPREC*, SEXPREC*, SEXPREC*, SEXPREC*)
  [UP] ignoring variable <unnamed var:   %20 = alloca %struct.SEXPREC*, align 8> as it has address taken, results will be incomplete 

Function _smam_ths_h21
  [UP] unprotected variable rcpp_result_gen while calling allocating function Rf_onintr smam/src/RcppExports.cpp:2364
  [UP] allocating function Rcpp::internal::isLongjumpSentinel(SEXPREC*) may destroy its unprotected argument (rcpp_result_gen <arg 1>), which is later used. smam/src/RcppExports.cpp:2366
  [UP] calling allocating function Rcpp::internal::isLongjumpSentinel(SEXPREC*) with a fresh pointer (rcpp_result_gen <arg 1>) smam/src/RcppExports.cpp:2366
  [UP] allocating function Rf_inherits may destroy its unprotected argument (rcpp_result_gen <arg 1>), which is later used. smam/src/RcppExports.cpp:2370
  [UP] calling allocating function Rf_inherits with a fresh pointer (rcpp_result_gen <arg 1>) smam/src/RcppExports.cpp:2370
  [PB] has negative depth smam/src/RcppExports.cpp:2376
  [UP] attempt to unprotect more items (1) than protected (0), results will be incomplete smam/src/RcppExports.cpp:2376
  [PB] has possible protection stack imbalance smam/src/RcppExports.cpp:2377

Function _smam_ths_h21_paral
  [UP] unprotected variable rcpp_result_gen while calling allocating function Rf_onintr smam/src/RcppExports.cpp:2705
  [UP] allocating function Rcpp::internal::isLongjumpSentinel(SEXPREC*) may destroy its unprotected argument (rcpp_result_gen <arg 1>), which is later used. smam/src/RcppExports.cpp:2707
  [UP] calling allocating function Rcpp::internal::isLongjumpSentinel(SEXPREC*) with a fresh pointer (rcpp_result_gen <arg 1>) smam/src/RcppExports.cpp:2707
  [UP] allocating function Rf_inherits may destroy its unprotected argument (rcpp_result_gen <arg 1>), which is later used. smam/src/RcppExports.cpp:2711
  [UP] calling allocating function Rf_inherits with a fresh pointer (rcpp_result_gen <arg 1>) smam/src/RcppExports.cpp:2711
  [PB] has negative depth smam/src/RcppExports.cpp:2717
  [UP] attempt to unprotect more items (1) than protected (0), results will be incomplete smam/src/RcppExports.cpp:2717
  [PB] has possible protection stack imbalance smam/src/RcppExports.cpp:2718

Function _smam_ths_h21_paral_try(SEXPREC*, SEXPREC*, SEXPREC*, SEXPREC*, SEXPREC*)
  [UP] ignoring variable <unnamed var:   %23 = alloca %struct.SEXPREC*, align 8> as it has address taken, results will be incomplete 

Function _smam_ths_h21_try(SEXPREC*, SEXPREC*, SEXPREC*, SEXPREC*)
  [UP] ignoring variable <unnamed var:   %20 = alloca %struct.SEXPREC*, align 8> as it has address taken, results will be incomplete 

Function _smam_ths_h22
  [UP] unprotected variable rcpp_result_gen while calling allocating function Rf_onintr smam/src/RcppExports.cpp:2401
  [UP] allocating function Rcpp::internal::isLongjumpSentinel(SEXPREC*) may destroy its unprotected argument (rcpp_result_gen <arg 1>), which is later used. smam/src/RcppExports.cpp:2403
  [UP] calling allocating function Rcpp::internal::isLongjumpSentinel(SEXPREC*) with a fresh pointer (rcpp_result_gen <arg 1>) smam/src/RcppExports.cpp:2403
  [UP] allocating function Rf_inherits may destroy its unprotected argument (rcpp_result_gen <arg 1>), which is later used. smam/src/RcppExports.cpp:2407
  [UP] calling allocating function Rf_inherits with a fresh pointer (rcpp_result_gen <arg 1>) smam/src/RcppExports.cpp:2407
  [PB] has negative depth smam/src/RcppExports.cpp:2413
  [UP] attempt to unprotect more items (1) than protected (0), results will be incomplete smam/src/RcppExports.cpp:2413
  [PB] has possible protection stack imbalance smam/src/RcppExports.cpp:2414

Function _smam_ths_h22_paral
  [UP] unprotected variable rcpp_result_gen while calling allocating function Rf_onintr smam/src/RcppExports.cpp:2743
  [UP] allocating function Rcpp::internal::isLongjumpSentinel(SEXPREC*) may destroy its unprotected argument (rcpp_result_gen <arg 1>), which is later used. smam/src/RcppExports.cpp:2745
  [UP] calling allocating function Rcpp::internal::isLongjumpSentinel(SEXPREC*) with a fresh pointer (rcpp_result_gen <arg 1>) smam/src/RcppExports.cpp:2745
  [UP] allocating function Rf_inherits may destroy its unprotected argument (rcpp_result_gen <arg 1>), which is later used. smam/src/RcppExports.cpp:2749
  [UP] calling allocating function Rf_inherits with a fresh pointer (rcpp_result_gen <arg 1>) smam/src/RcppExports.cpp:2749
  [PB] has negative depth smam/src/RcppExports.cpp:2755
  [UP] attempt to unprotect more items (1) than protected (0), results will be incomplete smam/src/RcppExports.cpp:2755
  [PB] has possible protection stack imbalance smam/src/RcppExports.cpp:2756

Function _smam_ths_h22_paral_try(SEXPREC*, SEXPREC*, SEXPREC*, SEXPREC*, SEXPREC*)
  [UP] ignoring variable <unnamed var:   %23 = alloca %struct.SEXPREC*, align 8> as it has address taken, results will be incomplete 

Function _smam_ths_h22_try(SEXPREC*, SEXPREC*, SEXPREC*, SEXPREC*)
  [UP] ignoring variable <unnamed var:   %20 = alloca %struct.SEXPREC*, align 8> as it has address taken, results will be incomplete 

Function _smam_ths_vp00
  [UP] unprotected variable rcpp_result_gen while calling allocating function Rf_onintr smam/src/RcppExports.cpp:1756
  [UP] allocating function Rcpp::internal::isLongjumpSentinel(SEXPREC*) may destroy its unprotected argument (rcpp_result_gen <arg 1>), which is later used. smam/src/RcppExports.cpp:1758
  [UP] calling allocating function Rcpp::internal::isLongjumpSentinel(SEXPREC*) with a fresh pointer (rcpp_result_gen <arg 1>) smam/src/RcppExports.cpp:1758
  [UP] allocating function Rf_inherits may destroy its unprotected argument (rcpp_result_gen <arg 1>), which is later used. smam/src/RcppExports.cpp:1762
  [UP] calling allocating function Rf_inherits with a fresh pointer (rcpp_result_gen <arg 1>) smam/src/RcppExports.cpp:1762
  [PB] has negative depth smam/src/RcppExports.cpp:1768
  [UP] attempt to unprotect more items (1) than protected (0), results will be incomplete smam/src/RcppExports.cpp:1768
  [PB] has possible protection stack imbalance smam/src/RcppExports.cpp:1769

Function _smam_ths_vp00_try(SEXPREC*, SEXPREC*, SEXPREC*, SEXPREC*, SEXPREC*, SEXPREC*)
  [UP] ignoring variable <unnamed var:   %26 = alloca %struct.SEXPREC*, align 8> as it has address taken, results will be incomplete 

Function _smam_ths_vp01
  [UP] unprotected variable rcpp_result_gen while calling allocating function Rf_onintr smam/src/RcppExports.cpp:1795
  [UP] allocating function Rcpp::internal::isLongjumpSentinel(SEXPREC*) may destroy its unprotected argument (rcpp_result_gen <arg 1>), which is later used. smam/src/RcppExports.cpp:1797
  [UP] calling allocating function Rcpp::internal::isLongjumpSentinel(SEXPREC*) with a fresh pointer (rcpp_result_gen <arg 1>) smam/src/RcppExports.cpp:1797
  [UP] allocating function Rf_inherits may destroy its unprotected argument (rcpp_result_gen <arg 1>), which is later used. smam/src/RcppExports.cpp:1801
  [UP] calling allocating function Rf_inherits with a fresh pointer (rcpp_result_gen <arg 1>) smam/src/RcppExports.cpp:1801
  [PB] has negative depth smam/src/RcppExports.cpp:1807
  [UP] attempt to unprotect more items (1) than protected (0), results will be incomplete smam/src/RcppExports.cpp:1807
  [PB] has possible protection stack imbalance smam/src/RcppExports.cpp:1808

Function _smam_ths_vp01_try(SEXPREC*, SEXPREC*, SEXPREC*, SEXPREC*, SEXPREC*, SEXPREC*)
  [UP] ignoring variable <unnamed var:   %26 = alloca %struct.SEXPREC*, align 8> as it has address taken, results will be incomplete 

Function _smam_ths_vp02
  [UP] unprotected variable rcpp_result_gen while calling allocating function Rf_onintr smam/src/RcppExports.cpp:1834
  [UP] allocating function Rcpp::internal::isLongjumpSentinel(SEXPREC*) may destroy its unprotected argument (rcpp_result_gen <arg 1>), which is later used. smam/src/RcppExports.cpp:1836
  [UP] calling allocating function Rcpp::internal::isLongjumpSentinel(SEXPREC*) with a fresh pointer (rcpp_result_gen <arg 1>) smam/src/RcppExports.cpp:1836
  [UP] allocating function Rf_inherits may destroy its unprotected argument (rcpp_result_gen <arg 1>), which is later used. smam/src/RcppExports.cpp:1840
  [UP] calling allocating function Rf_inherits with a fresh pointer (rcpp_result_gen <arg 1>) smam/src/RcppExports.cpp:1840
  [PB] has negative depth smam/src/RcppExports.cpp:1846
  [UP] attempt to unprotect more items (1) than protected (0), results will be incomplete smam/src/RcppExports.cpp:1846
  [PB] has possible protection stack imbalance smam/src/RcppExports.cpp:1847

Function _smam_ths_vp02_try(SEXPREC*, SEXPREC*, SEXPREC*, SEXPREC*, SEXPREC*, SEXPREC*)
  [UP] ignoring variable <unnamed var:   %26 = alloca %struct.SEXPREC*, align 8> as it has address taken, results will be incomplete 

Function _smam_ths_vp10
  [UP] unprotected variable rcpp_result_gen while calling allocating function Rf_onintr smam/src/RcppExports.cpp:1873
  [UP] allocating function Rcpp::internal::isLongjumpSentinel(SEXPREC*) may destroy its unprotected argument (rcpp_result_gen <arg 1>), which is later used. smam/src/RcppExports.cpp:1875
  [UP] calling allocating function Rcpp::internal::isLongjumpSentinel(SEXPREC*) with a fresh pointer (rcpp_result_gen <arg 1>) smam/src/RcppExports.cpp:1875
  [UP] allocating function Rf_inherits may destroy its unprotected argument (rcpp_result_gen <arg 1>), which is later used. smam/src/RcppExports.cpp:1879
  [UP] calling allocating function Rf_inherits with a fresh pointer (rcpp_result_gen <arg 1>) smam/src/RcppExports.cpp:1879
  [PB] has negative depth smam/src/RcppExports.cpp:1885
  [UP] attempt to unprotect more items (1) than protected (0), results will be incomplete smam/src/RcppExports.cpp:1885
  [PB] has possible protection stack imbalance smam/src/RcppExports.cpp:1886

Function _smam_ths_vp10_try(SEXPREC*, SEXPREC*, SEXPREC*, SEXPREC*, SEXPREC*, SEXPREC*)
  [UP] ignoring variable <unnamed var:   %26 = alloca %struct.SEXPREC*, align 8> as it has address taken, results will be incomplete 

Function _smam_ths_vp11
  [UP] unprotected variable rcpp_result_gen while calling allocating function Rf_onintr smam/src/RcppExports.cpp:1912
  [UP] allocating function Rcpp::internal::isLongjumpSentinel(SEXPREC*) may destroy its unprotected argument (rcpp_result_gen <arg 1>), which is later used. smam/src/RcppExports.cpp:1914
  [UP] calling allocating function Rcpp::internal::isLongjumpSentinel(SEXPREC*) with a fresh pointer (rcpp_result_gen <arg 1>) smam/src/RcppExports.cpp:1914
  [UP] allocating function Rf_inherits may destroy its unprotected argument (rcpp_result_gen <arg 1>), which is later used. smam/src/RcppExports.cpp:1918
  [UP] calling allocating function Rf_inherits with a fresh pointer (rcpp_result_gen <arg 1>) smam/src/RcppExports.cpp:1918
  [PB] has negative depth smam/src/RcppExports.cpp:1924
  [UP] attempt to unprotect more items (1) than protected (0), results will be incomplete smam/src/RcppExports.cpp:1924
  [PB] has possible protection stack imbalance smam/src/RcppExports.cpp:1925

Function _smam_ths_vp11_try(SEXPREC*, SEXPREC*, SEXPREC*, SEXPREC*, SEXPREC*, SEXPREC*)
  [UP] ignoring variable <unnamed var:   %26 = alloca %struct.SEXPREC*, align 8> as it has address taken, results will be incomplete 

Function _smam_ths_vp12
  [UP] unprotected variable rcpp_result_gen while calling allocating function Rf_onintr smam/src/RcppExports.cpp:1951
  [UP] allocating function Rcpp::internal::isLongjumpSentinel(SEXPREC*) may destroy its unprotected argument (rcpp_result_gen <arg 1>), which is later used. smam/src/RcppExports.cpp:1953
  [UP] calling allocating function Rcpp::internal::isLongjumpSentinel(SEXPREC*) with a fresh pointer (rcpp_result_gen <arg 1>) smam/src/RcppExports.cpp:1953
  [UP] allocating function Rf_inherits may destroy its unprotected argument (rcpp_result_gen <arg 1>), which is later used. smam/src/RcppExports.cpp:1957
  [UP] calling allocating function Rf_inherits with a fresh pointer (rcpp_result_gen <arg 1>) smam/src/RcppExports.cpp:1957
  [PB] has negative depth smam/src/RcppExports.cpp:1963
  [UP] attempt to unprotect more items (1) than protected (0), results will be incomplete smam/src/RcppExports.cpp:1963
  [PB] has possible protection stack imbalance smam/src/RcppExports.cpp:1964

Function _smam_ths_vp12_try(SEXPREC*, SEXPREC*, SEXPREC*, SEXPREC*, SEXPREC*, SEXPREC*)
  [UP] ignoring variable <unnamed var:   %26 = alloca %struct.SEXPREC*, align 8> as it has address taken, results will be incomplete 

Function _smam_ths_vp20
  [UP] unprotected variable rcpp_result_gen while calling allocating function Rf_onintr smam/src/RcppExports.cpp:1990
  [UP] allocating function Rcpp::internal::isLongjumpSentinel(SEXPREC*) may destroy its unprotected argument (rcpp_result_gen <arg 1>), which is later used. smam/src/RcppExports.cpp:1992
  [UP] calling allocating function Rcpp::internal::isLongjumpSentinel(SEXPREC*) with a fresh pointer (rcpp_result_gen <arg 1>) smam/src/RcppExports.cpp:1992
  [UP] allocating function Rf_inherits may destroy its unprotected argument (rcpp_result_gen <arg 1>), which is later used. smam/src/RcppExports.cpp:1996
  [UP] calling allocating function Rf_inherits with a fresh pointer (rcpp_result_gen <arg 1>) smam/src/RcppExports.cpp:1996
  [PB] has negative depth smam/src/RcppExports.cpp:2002
  [UP] attempt to unprotect more items (1) than protected (0), results will be incomplete smam/src/RcppExports.cpp:2002
  [PB] has possible protection stack imbalance smam/src/RcppExports.cpp:2003

Function _smam_ths_vp20_try(SEXPREC*, SEXPREC*, SEXPREC*, SEXPREC*, SEXPREC*, SEXPREC*)
  [UP] ignoring variable <unnamed var:   %26 = alloca %struct.SEXPREC*, align 8> as it has address taken, results will be incomplete 

Function _smam_ths_vp21
  [UP] unprotected variable rcpp_result_gen while calling allocating function Rf_onintr smam/src/RcppExports.cpp:2029
  [UP] allocating function Rcpp::internal::isLongjumpSentinel(SEXPREC*) may destroy its unprotected argument (rcpp_result_gen <arg 1>), which is later used. smam/src/RcppExports.cpp:2031
  [UP] calling allocating function Rcpp::internal::isLongjumpSentinel(SEXPREC*) with a fresh pointer (rcpp_result_gen <arg 1>) smam/src/RcppExports.cpp:2031
  [UP] allocating function Rf_inherits may destroy its unprotected argument (rcpp_result_gen <arg 1>), which is later used. smam/src/RcppExports.cpp:2035
  [UP] calling allocating function Rf_inherits with a fresh pointer (rcpp_result_gen <arg 1>) smam/src/RcppExports.cpp:2035
  [PB] has negative depth smam/src/RcppExports.cpp:2041
  [UP] attempt to unprotect more items (1) than protected (0), results will be incomplete smam/src/RcppExports.cpp:2041
  [PB] has possible protection stack imbalance smam/src/RcppExports.cpp:2042

Function _smam_ths_vp21_try(SEXPREC*, SEXPREC*, SEXPREC*, SEXPREC*, SEXPREC*, SEXPREC*)
  [UP] ignoring variable <unnamed var:   %26 = alloca %struct.SEXPREC*, align 8> as it has address taken, results will be incomplete 

Function _smam_ths_vp22
  [UP] unprotected variable rcpp_result_gen while calling allocating function Rf_onintr smam/src/RcppExports.cpp:2068
  [UP] allocating function Rcpp::internal::isLongjumpSentinel(SEXPREC*) may destroy its unprotected argument (rcpp_result_gen <arg 1>), which is later used. smam/src/RcppExports.cpp:2070
  [UP] calling allocating function Rcpp::internal::isLongjumpSentinel(SEXPREC*) with a fresh pointer (rcpp_result_gen <arg 1>) smam/src/RcppExports.cpp:2070
  [UP] allocating function Rf_inherits may destroy its unprotected argument (rcpp_result_gen <arg 1>), which is later used. smam/src/RcppExports.cpp:2074
  [UP] calling allocating function Rf_inherits with a fresh pointer (rcpp_result_gen <arg 1>) smam/src/RcppExports.cpp:2074
  [PB] has negative depth smam/src/RcppExports.cpp:2080
  [UP] attempt to unprotect more items (1) than protected (0), results will be incomplete smam/src/RcppExports.cpp:2080
  [PB] has possible protection stack imbalance smam/src/RcppExports.cpp:2081

Function _smam_ths_vp22_try(SEXPREC*, SEXPREC*, SEXPREC*, SEXPREC*, SEXPREC*, SEXPREC*)
  [UP] ignoring variable <unnamed var:   %26 = alloca %struct.SEXPREC*, align 8> as it has address taken, results will be incomplete 

Function _smam_viterbi_mr
  [UP] unprotected variable rcpp_result_gen while calling allocating function Rf_onintr smam/src/RcppExports.cpp:1532
  [UP] allocating function Rcpp::internal::isLongjumpSentinel(SEXPREC*) may destroy its unprotected argument (rcpp_result_gen <arg 1>), which is later used. smam/src/RcppExports.cpp:1534
  [UP] calling allocating function Rcpp::internal::isLongjumpSentinel(SEXPREC*) with a fresh pointer (rcpp_result_gen <arg 1>) smam/src/RcppExports.cpp:1534
  [UP] allocating function Rf_inherits may destroy its unprotected argument (rcpp_result_gen <arg 1>), which is later used. smam/src/RcppExports.cpp:1538
  [UP] calling allocating function Rf_inherits with a fresh pointer (rcpp_result_gen <arg 1>) smam/src/RcppExports.cpp:1538
  [PB] has negative depth smam/src/RcppExports.cpp:1544
  [UP] attempt to unprotect more items (1) than protected (0), results will be incomplete smam/src/RcppExports.cpp:1544
  [PB] has possible protection stack imbalance smam/src/RcppExports.cpp:1545

Function _smam_viterbi_mr_try(SEXPREC*, SEXPREC*, SEXPREC*)
  [UP] ignoring variable <unnamed var:   %17 = alloca %struct.SEXPREC*, align 8> as it has address taken, results will be incomplete 

Function _smam_viterbi_ths
  [UP] unprotected variable rcpp_result_gen while calling allocating function Rf_onintr smam/src/RcppExports.cpp:1679
  [UP] allocating function Rcpp::internal::isLongjumpSentinel(SEXPREC*) may destroy its unprotected argument (rcpp_result_gen <arg 1>), which is later used. smam/src/RcppExports.cpp:1681
  [UP] calling allocating function Rcpp::internal::isLongjumpSentinel(SEXPREC*) with a fresh pointer (rcpp_result_gen <arg 1>) smam/src/RcppExports.cpp:1681
  [UP] allocating function Rf_inherits may destroy its unprotected argument (rcpp_result_gen <arg 1>), which is later used. smam/src/RcppExports.cpp:1685
  [UP] calling allocating function Rf_inherits with a fresh pointer (rcpp_result_gen <arg 1>) smam/src/RcppExports.cpp:1685
  [PB] has negative depth smam/src/RcppExports.cpp:1691
  [UP] attempt to unprotect more items (1) than protected (0), results will be incomplete smam/src/RcppExports.cpp:1691
  [PB] has possible protection stack imbalance smam/src/RcppExports.cpp:1692

Function _smam_viterbi_ths_try(SEXPREC*, SEXPREC*, SEXPREC*)
  [UP] ignoring variable <unnamed var:   %17 = alloca %struct.SEXPREC*, align 8> as it has address taken, results will be incomplete 

Function _smam_vp00
  [UP] unprotected variable rcpp_result_gen while calling allocating function Rf_onintr smam/src/RcppExports.cpp:1201
  [UP] allocating function Rcpp::internal::isLongjumpSentinel(SEXPREC*) may destroy its unprotected argument (rcpp_result_gen <arg 1>), which is later used. smam/src/RcppExports.cpp:1203
  [UP] calling allocating function Rcpp::internal::isLongjumpSentinel(SEXPREC*) with a fresh pointer (rcpp_result_gen <arg 1>) smam/src/RcppExports.cpp:1203
  [UP] allocating function Rf_inherits may destroy its unprotected argument (rcpp_result_gen <arg 1>), which is later used. smam/src/RcppExports.cpp:1207
  [UP] calling allocating function Rf_inherits with a fresh pointer (rcpp_result_gen <arg 1>) smam/src/RcppExports.cpp:1207
  [PB] has negative depth smam/src/RcppExports.cpp:1213
  [UP] attempt to unprotect more items (1) than protected (0), results will be incomplete smam/src/RcppExports.cpp:1213
  [PB] has possible protection stack imbalance smam/src/RcppExports.cpp:1214

Function _smam_vp00_try(SEXPREC*, SEXPREC*, SEXPREC*, SEXPREC*)
  [UP] ignoring variable <unnamed var:   %20 = alloca %struct.SEXPREC*, align 8> as it has address taken, results will be incomplete 

Function _smam_vp01
  [UP] unprotected variable rcpp_result_gen while calling allocating function Rf_onintr smam/src/RcppExports.cpp:1238
  [UP] allocating function Rcpp::internal::isLongjumpSentinel(SEXPREC*) may destroy its unprotected argument (rcpp_result_gen <arg 1>), which is later used. smam/src/RcppExports.cpp:1240
  [UP] calling allocating function Rcpp::internal::isLongjumpSentinel(SEXPREC*) with a fresh pointer (rcpp_result_gen <arg 1>) smam/src/RcppExports.cpp:1240
  [UP] allocating function Rf_inherits may destroy its unprotected argument (rcpp_result_gen <arg 1>), which is later used. smam/src/RcppExports.cpp:1244
  [UP] calling allocating function Rf_inherits with a fresh pointer (rcpp_result_gen <arg 1>) smam/src/RcppExports.cpp:1244
  [PB] has negative depth smam/src/RcppExports.cpp:1250
  [UP] attempt to unprotect more items (1) than protected (0), results will be incomplete smam/src/RcppExports.cpp:1250
  [PB] has possible protection stack imbalance smam/src/RcppExports.cpp:1251

Function _smam_vp01_try(SEXPREC*, SEXPREC*, SEXPREC*, SEXPREC*)
  [UP] ignoring variable <unnamed var:   %20 = alloca %struct.SEXPREC*, align 8> as it has address taken, results will be incomplete 

Function _smam_vp10
  [UP] unprotected variable rcpp_result_gen while calling allocating function Rf_onintr smam/src/RcppExports.cpp:1164
  [UP] allocating function Rcpp::internal::isLongjumpSentinel(SEXPREC*) may destroy its unprotected argument (rcpp_result_gen <arg 1>), which is later used. smam/src/RcppExports.cpp:1166
  [UP] calling allocating function Rcpp::internal::isLongjumpSentinel(SEXPREC*) with a fresh pointer (rcpp_result_gen <arg 1>) smam/src/RcppExports.cpp:1166
  [UP] allocating function Rf_inherits may destroy its unprotected argument (rcpp_result_gen <arg 1>), which is later used. smam/src/RcppExports.cpp:1170
  [UP] calling allocating function Rf_inherits with a fresh pointer (rcpp_result_gen <arg 1>) smam/src/RcppExports.cpp:1170
  [PB] has negative depth smam/src/RcppExports.cpp:1176
  [UP] attempt to unprotect more items (1) than protected (0), results will be incomplete smam/src/RcppExports.cpp:1176
  [PB] has possible protection stack imbalance smam/src/RcppExports.cpp:1177

Function _smam_vp10_try(SEXPREC*, SEXPREC*, SEXPREC*, SEXPREC*)
  [UP] ignoring variable <unnamed var:   %20 = alloca %struct.SEXPREC*, align 8> as it has address taken, results will be incomplete 

Function _smam_vp11
  [UP] unprotected variable rcpp_result_gen while calling allocating function Rf_onintr smam/src/RcppExports.cpp:1127
  [UP] allocating function Rcpp::internal::isLongjumpSentinel(SEXPREC*) may destroy its unprotected argument (rcpp_result_gen <arg 1>), which is later used. smam/src/RcppExports.cpp:1129
  [UP] calling allocating function Rcpp::internal::isLongjumpSentinel(SEXPREC*) with a fresh pointer (rcpp_result_gen <arg 1>) smam/src/RcppExports.cpp:1129
  [UP] allocating function Rf_inherits may destroy its unprotected argument (rcpp_result_gen <arg 1>), which is later used. smam/src/RcppExports.cpp:1133
  [UP] calling allocating function Rf_inherits with a fresh pointer (rcpp_result_gen <arg 1>) smam/src/RcppExports.cpp:1133
  [PB] has negative depth smam/src/RcppExports.cpp:1139
  [UP] attempt to unprotect more items (1) than protected (0), results will be incomplete smam/src/RcppExports.cpp:1139
  [PB] has possible protection stack imbalance smam/src/RcppExports.cpp:1140

Function _smam_vp11_try(SEXPREC*, SEXPREC*, SEXPREC*, SEXPREC*)
  [UP] ignoring variable <unnamed var:   %20 = alloca %struct.SEXPREC*, align 8> as it has address taken, results will be incomplete 
