Package spass version 1.3
Package built using 88872/R 4.6.0; x86_64-pc-linux-gnu; 2025-09-27 07:15:10 UTC; unix   
Checked with rchk version 35618ebbccf3cd0b45a3530e6303970a22a9056b LLVM version 14.0.6
More information at https://github.com/kalibera/cran-checks/blob/master/rchk/PROTECT.md
For rchk in docker image see https://github.com/kalibera/rchk/blob/master/doc/DOCKER.md


Function Rcpp::Rcpp_protect(SEXPREC*)
  [PB] has possible protection stack imbalance Rcpp/include/Rcpp/protection/Shield.h:25

Function Rcpp::Rcpp_unprotect(int)
  [PB] has an unsupported form of unprotect with a variable results will be incomplete Rcpp/include/Rcpp/protection/Shield.h:31
  [UP] unsupported form of unprotect, unprotecting all variables, results will be incomplete Rcpp/include/Rcpp/protection/Shield.h:31

Function _spass_minFunc
  [UP] ignoring variable <unnamed var:   %18 = alloca %struct.SEXPREC*, align 8> as it has address taken, results will be incomplete 

Function _spass_minFuncBlinded
  [UP] ignoring variable <unnamed var:   %24 = alloca %struct.SEXPREC*, align 8> as it has address taken, results will be incomplete 

Function _spass_minFuncMult
  [UP] ignoring variable <unnamed var:   %21 = alloca %struct.SEXPREC*, align 8> as it has address taken, results will be incomplete 

Function _spass_mlFirst
  [UP] ignoring variable <unnamed var:   %33 = alloca %struct.SEXPREC*, align 8> as it has address taken, results will be incomplete 

Function _spass_mlFirstBlinded
  [UP] ignoring variable <unnamed var:   %30 = alloca %struct.SEXPREC*, align 8> as it has address taken, results will be incomplete 

Function _spass_mlFirstGrad
  [UP] ignoring variable <unnamed var:   %33 = alloca %struct.SEXPREC*, align 8> as it has address taken, results will be incomplete 

Function _spass_mlFirstHExp
  [UP] ignoring variable <unnamed var:   %21 = alloca %struct.SEXPREC*, align 8> as it has address taken, results will be incomplete 

Function _spass_mlFirstHObs
  [UP] ignoring variable <unnamed var:   %33 = alloca %struct.SEXPREC*, align 8> as it has address taken, results will be incomplete 

Function _spass_mlFirstJExp
  [UP] ignoring variable <unnamed var:   %27 = alloca %struct.SEXPREC*, align 8> as it has address taken, results will be incomplete 

Function _spass_mlFirstJObs
  [UP] ignoring variable <unnamed var:   %33 = alloca %struct.SEXPREC*, align 8> as it has address taken, results will be incomplete 

Function _spass_mlFirstOneGroup
  [UP] ignoring variable <unnamed var:   %24 = alloca %struct.SEXPREC*, align 8> as it has address taken, results will be incomplete 

Function _spass_mlSecond
  [UP] ignoring variable <unnamed var:   %36 = alloca %struct.SEXPREC*, align 8> as it has address taken, results will be incomplete 

Function _spass_mlSecondBlinded
  [UP] ignoring variable <unnamed var:   %30 = alloca %struct.SEXPREC*, align 8> as it has address taken, results will be incomplete 

Function _spass_mlSecondOneGroup
  [UP] ignoring variable <unnamed var:   %27 = alloca %struct.SEXPREC*, align 8> as it has address taken, results will be incomplete 
