Package StrucDiv version 0.1.0
Package built using 82591/R 4.3.0; x86_64-pc-linux-gnu; 2022-07-15 08:59:46 UTC; unix   
Checked with rchk version 29e18222e1cfa67ba8e63bd3b22a25f78593c554 LLVM version 14.0.0
More information at https://github.com/kalibera/cran-checks/blob/master/rchk/PROTECT.md
For rchk in docker image see https://github.com/kalibera/rchk/blob/master/doc/DOCKER.md


Function Rcpp::Armor<SEXPREC*>::init(SEXPREC*)
  [PB] has possible protection stack imbalance Rcpp/include/Rcpp/protection/Armor.h:47

Function Rcpp::Armor<SEXPREC*>::~Armor()
  [PB] has negative depth Rcpp/include/Rcpp/protection/Armor.h:41
  [UP] attempt to unprotect more items (1) than protected (0), results will be incomplete Rcpp/include/Rcpp/protection/Armor.h:41
  [PB] has possible protection stack imbalance Rcpp/include/Rcpp/protection/Armor.h:42

Function Rcpp::Rcpp_protect(SEXPREC*)
  [PB] has possible protection stack imbalance Rcpp/include/Rcpp/protection/Shield.h:25

Function Rcpp::Rcpp_unprotect(int)
  [PB] has an unsupported form of unprotect with a variable results will be incomplete Rcpp/include/Rcpp/protection/Shield.h:31
  [UP] unsupported form of unprotect, unprotecting all variables, results will be incomplete Rcpp/include/Rcpp/protection/Shield.h:31

Function Rcpp::internal::convert_using_rfunction(SEXPREC*, char const*)
  [UP] ignoring variable <unnamed var:   %10 = alloca %struct.SEXPREC*, align 8> as it has address taken, results will be incomplete 

Function Rcpp::sugar::IndexHash<16>::add_value(int)
  [UP] ignoring variable val as it has address taken, results will be incomplete 

Function _StrucDiv_ContrastRank
  [UP] ignoring variable <unnamed var:   %21 = alloca %struct.SEXPREC*, align 8> as it has address taken, results will be incomplete 

Function _StrucDiv_ContrastValue
  [UP] ignoring variable <unnamed var:   %21 = alloca %struct.SEXPREC*, align 8> as it has address taken, results will be incomplete 

Function _StrucDiv_DissimilarityRank
  [UP] ignoring variable <unnamed var:   %21 = alloca %struct.SEXPREC*, align 8> as it has address taken, results will be incomplete 

Function _StrucDiv_DissimilarityValue
  [UP] ignoring variable <unnamed var:   %21 = alloca %struct.SEXPREC*, align 8> as it has address taken, results will be incomplete 

Function _StrucDiv_Entropy
  [UP] ignoring variable <unnamed var:   %21 = alloca %struct.SEXPREC*, align 8> as it has address taken, results will be incomplete 

Function _StrucDiv_HomogeneityRank
  [UP] ignoring variable <unnamed var:   %21 = alloca %struct.SEXPREC*, align 8> as it has address taken, results will be incomplete 

Function _StrucDiv_HomogeneityValue
  [UP] ignoring variable <unnamed var:   %21 = alloca %struct.SEXPREC*, align 8> as it has address taken, results will be incomplete 

Function _StrucDiv_NormalizedEntropy
  [UP] ignoring variable <unnamed var:   %24 = alloca %struct.SEXPREC*, align 8> as it has address taken, results will be incomplete 

Function _StrucDiv_ProbabilityMatrixAllDynamic
  [UP] ignoring variable <unnamed var:   %21 = alloca %struct.SEXPREC*, align 8> as it has address taken, results will be incomplete 

Function _StrucDiv_ProbabilityMatrixDiagonal135Dynamic
  [UP] ignoring variable <unnamed var:   %21 = alloca %struct.SEXPREC*, align 8> as it has address taken, results will be incomplete 

Function _StrucDiv_ProbabilityMatrixDiagonal45Dynamic
  [UP] ignoring variable <unnamed var:   %21 = alloca %struct.SEXPREC*, align 8> as it has address taken, results will be incomplete 

Function _StrucDiv_ProbabilityMatrixHorizontalDynamic
  [UP] ignoring variable <unnamed var:   %21 = alloca %struct.SEXPREC*, align 8> as it has address taken, results will be incomplete 

Function _StrucDiv_ProbabilityMatrixVerticalDynamic
  [UP] ignoring variable <unnamed var:   %21 = alloca %struct.SEXPREC*, align 8> as it has address taken, results will be incomplete 

Function _StrucDiv_WeightedEntropyAbsRank
  [UP] ignoring variable <unnamed var:   %21 = alloca %struct.SEXPREC*, align 8> as it has address taken, results will be incomplete 

Function _StrucDiv_WeightedEntropyAbsValue
  [UP] ignoring variable <unnamed var:   %21 = alloca %struct.SEXPREC*, align 8> as it has address taken, results will be incomplete 

Function _StrucDiv_WeightedEntropySqrRank
  [UP] ignoring variable <unnamed var:   %21 = alloca %struct.SEXPREC*, align 8> as it has address taken, results will be incomplete 

Function _StrucDiv_WeightedEntropySqrValue
  [UP] ignoring variable <unnamed var:   %21 = alloca %struct.SEXPREC*, align 8> as it has address taken, results will be incomplete 

Function _StrucDiv_do_focal_get
  [UP] ignoring variable <unnamed var:   %18 = alloca %struct.SEXPREC*, align 8> as it has address taken, results will be incomplete 
