Package surveyvoi version 1.0.6
Package built using 86189/R 4.4.0; x86_64-pc-linux-gnu; 2024-03-26 02:22:11 UTC; unix   
Checked with rchk version fdc068715daa3a256062cc20e0d4a5157dacc9a4 LLVM version 14.0.6
More information at https://github.com/kalibera/cran-checks/blob/master/rchk/PROTECT.md
For rchk in docker image see https://github.com/kalibera/rchk/blob/master/doc/DOCKER.md


Function PoissonBinomial::dpb_dc(Rcpp::Vector<13, Rcpp::PreserveStorage>, Rcpp::Vector<14, Rcpp::PreserveStorage>)
  [UP] ignoring variable <unnamed var:   %9 = alloca %struct.SEXPREC*, align 8> as it has address taken, results will be incomplete 

Function PoissonBinomial::dpb_na(Rcpp::Vector<13, Rcpp::PreserveStorage>, Rcpp::Vector<14, Rcpp::PreserveStorage>, bool)
  [UP] ignoring variable <unnamed var:   %11 = alloca %struct.SEXPREC*, align 8> as it has address taken, results will be incomplete 

Function Rcpp::Rcpp_protect(SEXPREC*)
  [PB] has possible protection stack imbalance Rcpp/include/Rcpp/protection/Shield.h:25

Function Rcpp::Rcpp_unprotect(int)
  [PB] has an unsupported form of unprotect with a variable results will be incomplete Rcpp/include/Rcpp/protection/Shield.h:31
  [UP] unsupported form of unprotect, unprotecting all variables, results will be incomplete Rcpp/include/Rcpp/protection/Shield.h:31

Function _surveyvoi_rcpp_approx_expected_value_of_decision_given_survey_scheme
  [UP] ignoring variable <unnamed var:   %51 = alloca %struct.SEXPREC*, align 8> as it has address taken, results will be incomplete 

Function _surveyvoi_rcpp_expected_value_of_action
  [UP] ignoring variable <unnamed var:   %18 = alloca %struct.SEXPREC*, align 8> as it has address taken, results will be incomplete 

Function _surveyvoi_rcpp_expected_value_of_decision_given_current_info
  [UP] ignoring variable <unnamed var:   %27 = alloca %struct.SEXPREC*, align 8> as it has address taken, results will be incomplete 

Function _surveyvoi_rcpp_expected_value_of_decision_given_survey_scheme
  [UP] ignoring variable <unnamed var:   %42 = alloca %struct.SEXPREC*, align 8> as it has address taken, results will be incomplete 

Function _surveyvoi_rcpp_feasible_actions_ilp_matrix
  [UP] ignoring variable <unnamed var:   %12 = alloca %struct.SEXPREC*, align 8> as it has address taken, results will be incomplete 

Function _surveyvoi_rcpp_formula_sensitivity_and_specificity
  [UP] ignoring variable <unnamed var:   %18 = alloca %struct.SEXPREC*, align 8> as it has address taken, results will be incomplete 

Function _surveyvoi_rcpp_greedy_heuristic_prioritization
  [UP] ignoring variable <unnamed var:   %27 = alloca %struct.SEXPREC*, align 8> as it has address taken, results will be incomplete 

Function _surveyvoi_rcpp_log_sum
  [UP] ignoring variable <unnamed var:   %12 = alloca %struct.SEXPREC*, align 8> as it has address taken, results will be incomplete 

Function _surveyvoi_rcpp_maxlik_sensitivity_and_specificity
  [UP] ignoring variable <unnamed var:   %18 = alloca %struct.SEXPREC*, align 8> as it has address taken, results will be incomplete 

Function _surveyvoi_rcpp_model_performance
  [UP] ignoring variable <unnamed var:   %24 = alloca %struct.SEXPREC*, align 8> as it has address taken, results will be incomplete 

Function _surveyvoi_rcpp_n_states
  [UP] ignoring variable <unnamed var:   %12 = alloca %struct.SEXPREC*, align 8> as it has address taken, results will be incomplete 

Function _surveyvoi_rcpp_nth_state
  [UP] ignoring variable <unnamed var:   %15 = alloca %struct.SEXPREC*, align 8> as it has address taken, results will be incomplete 

Function _surveyvoi_rcpp_nth_state_sparse
  [UP] ignoring variable <unnamed var:   %18 = alloca %struct.SEXPREC*, align 8> as it has address taken, results will be incomplete 

Function _surveyvoi_rcpp_pmedian_constraint_matrix
  [UP] ignoring variable <unnamed var:   %15 = alloca %struct.SEXPREC*, align 8> as it has address taken, results will be incomplete 

Function _surveyvoi_rcpp_probability_of_outcome
  [UP] ignoring variable <unnamed var:   %21 = alloca %struct.SEXPREC*, align 8> as it has address taken, results will be incomplete 

Function _surveyvoi_rcpp_probability_of_state
  [UP] ignoring variable <unnamed var:   %15 = alloca %struct.SEXPREC*, align 8> as it has address taken, results will be incomplete 

Function _surveyvoi_rcpp_sample_n_uniform_states_with_replacement
  [UP] ignoring variable <unnamed var:   %18 = alloca %struct.SEXPREC*, align 8> as it has address taken, results will be incomplete 

Function _surveyvoi_rcpp_sample_n_uniform_states_without_replacement
  [UP] ignoring variable <unnamed var:   %18 = alloca %struct.SEXPREC*, align 8> as it has address taken, results will be incomplete 

Function _surveyvoi_rcpp_sample_n_weighted_states_with_replacement
  [UP] ignoring variable <unnamed var:   %18 = alloca %struct.SEXPREC*, align 8> as it has address taken, results will be incomplete 

Function _surveyvoi_rcpp_sample_n_weighted_states_without_replacement
  [UP] ignoring variable <unnamed var:   %18 = alloca %struct.SEXPREC*, align 8> as it has address taken, results will be incomplete 

Function _surveyvoi_rcpp_standard_error_value
  [UP] ignoring variable <unnamed var:   %12 = alloca %struct.SEXPREC*, align 8> as it has address taken, results will be incomplete 

Function _surveyvoi_rcpp_total_probability_of_negative_result
  [UP] ignoring variable <unnamed var:   %18 = alloca %struct.SEXPREC*, align 8> as it has address taken, results will be incomplete 

Function _surveyvoi_rcpp_total_probability_of_positive_result
  [UP] ignoring variable <unnamed var:   %18 = alloca %struct.SEXPREC*, align 8> as it has address taken, results will be incomplete 

Function _surveyvoi_rcpp_update_posterior_probability_matrix
  [UP] ignoring variable <unnamed var:   %27 = alloca %struct.SEXPREC*, align 8> as it has address taken, results will be incomplete 

Function _surveyvoi_rcpp_which_state
  [UP] ignoring variable <unnamed var:   %12 = alloca %struct.SEXPREC*, align 8> as it has address taken, results will be incomplete 

Function _surveyvoi_rcpp_which_state_sparse
  [UP] ignoring variable <unnamed var:   %15 = alloca %struct.SEXPREC*, align 8> as it has address taken, results will be incomplete 

Function approx_expected_value_of_action(Eigen::Matrix<double, -1, -1, 0, -1, -1>&, Rcpp::Vector<13, Rcpp::PreserveStorage>&)
  [UP] ignoring variable <unnamed var:   %12 = alloca %struct.SEXPREC*, align 8> as it has address taken, results will be incomplete 

Function expected_value_of_action(std::__1::vector<bool, std::__1::allocator<bool> >&, Eigen::Matrix<double, -1, -1, 0, -1, -1>&, Eigen::Matrix<int, -1, 1, 0, -1, 1>&)
  [UP] ignoring variable <unnamed var:   %25 = alloca %struct.SEXPREC*, align 8> as it has address taken, results will be incomplete 

Function rcpp_greedy_heuristic_prioritization(Eigen::Matrix<double, -1, -1, 0, -1, -1>, Eigen::Matrix<double, -1, 1, 0, -1, 1>, Eigen::Matrix<double, -1, 1, 0, -1, 1>, Eigen::Matrix<double, -1, 1, 0, -1, 1>, Eigen::Matrix<int, -1, 1, 0, -1, 1>, double)
  [UP] ignoring variable <unnamed var:   %14 = alloca %struct.SEXPREC*, align 8> as it has address taken, results will be incomplete 
