Package svglite version 2.1.3
Package built using 86189/R 4.4.0; x86_64-pc-linux-gnu; 2024-03-25 23:45:26 UTC; unix   
Checked with rchk version fdc068715daa3a256062cc20e0d4a5157dacc9a4 LLVM version 14.0.6
More information at https://github.com/kalibera/cran-checks/blob/master/rchk/PROTECT.md
For rchk in docker image see https://github.com/kalibera/rchk/blob/master/doc/DOCKER.md


Function SvgStreamString::finish(bool)
  [UP] ignoring variable <unnamed var:   %10 = alloca %struct.SEXPREC*, align 8> as it has address taken, results will be incomplete 

Function cpp11::attribute_proxy<cpp11::writable::r_vector<cpp11::r_string> >::operator SEXPREC*() const
  [UP] ignoring variable <unnamed var:   %4 = alloca %struct.SEXPREC*, align 8> as it has address taken, results will be incomplete 

Function cpp11::environment::exists(SEXPREC*) const
  [UP] ignoring variable name as it has address taken, results will be incomplete 

Function cpp11::environment::proxy& cpp11::environment::proxy::operator=<bool>(bool)
  [UP] ignoring variable <unnamed var:   %6 = alloca %struct.SEXPREC*, align 8> as it has address taken, results will be incomplete 

Function cpp11::environment::proxy& cpp11::environment::proxy::operator=<cpp11::writable::r_vector<cpp11::r_string> >(cpp11::writable::r_vector<cpp11::r_string>)
  [UP] ignoring variable <unnamed var:   %5 = alloca %struct.SEXPREC*, align 8> as it has address taken, results will be incomplete 

Function cpp11::environment::proxy& cpp11::environment::proxy::operator=<std::__1::basic_string<char, std::__1::char_traits<char>, std::__1::allocator<char> > >(std::__1::basic_string<char, std::__1::char_traits<char>, std::__1::allocator<char> >)
  [UP] ignoring variable <unnamed var:   %5 = alloca %struct.SEXPREC*, align 8> as it has address taken, results will be incomplete 

Function cpp11::package::operator[](char const*)
  [UP] ignoring variable <unnamed var:   %7 = alloca %struct.SEXPREC*, align 8> as it has address taken, results will be incomplete 

Function svg_set_clip_path(SEXPREC*, SEXPREC*, _DevDesc*)
  [UP] unprotected variable <unnamed var:   %4 = alloca %struct.SEXPREC*, align 8> while calling allocating function std::__1::shared_ptr<SvgStream>::~shared_ptr[abi:v160006]() svglite/src/devSVG.cpp:1223

Function svg_set_mask(SEXPREC*, SEXPREC*, _DevDesc*)
  [UP] unprotected variable <unnamed var:   %4 = alloca %struct.SEXPREC*, align 8> while calling allocating function std::__1::shared_ptr<SvgStream>::~shared_ptr[abi:v160006]() svglite/src/devSVG.cpp:1315

Function svg_set_pattern(SEXPREC*, _DevDesc*)
  [UP] unprotected variable <unnamed var:   %3 = alloca %struct.SEXPREC*, align 8> while calling allocating function std::__1::shared_ptr<SvgStream>::~shared_ptr[abi:v160006]() svglite/src/devSVG.cpp:1141
