Package T4cluster version 0.1.2
Package built using 87687/R 4.5.0; x86_64-pc-linux-gnu; 2025-02-06 02:50:38 UTC; unix   
Checked with rchk version 35618ebbccf3cd0b45a3530e6303970a22a9056b LLVM version 14.0.6
More information at https://github.com/kalibera/cran-checks/blob/master/rchk/PROTECT.md
For rchk in docker image see https://github.com/kalibera/rchk/blob/master/doc/DOCKER.md


Function Rcpp::Armor<SEXPREC*>::init(SEXPREC*)
  [PB] has possible protection stack imbalance Rcpp/include/Rcpp/protection/Armor.h:47

Function Rcpp::Armor<SEXPREC*>::~Armor()
  [PB] has negative depth Rcpp/include/Rcpp/protection/Armor.h:41
  [UP] attempt to unprotect more items (1) than protected (0), results will be incomplete Rcpp/include/Rcpp/protection/Armor.h:41
  [PB] has possible protection stack imbalance Rcpp/include/Rcpp/protection/Armor.h:42

Function Rcpp::Rcpp_protect(SEXPREC*)
  [PB] has possible protection stack imbalance Rcpp/include/Rcpp/protection/Shield.h:25

Function Rcpp::Rcpp_unprotect(int)
  [PB] has an unsupported form of unprotect with a variable results will be incomplete Rcpp/include/Rcpp/protection/Shield.h:31
  [UP] unsupported form of unprotect, unprotecting all variables, results will be incomplete Rcpp/include/Rcpp/protection/Shield.h:31

Function Rcpp::Vector<19, Rcpp::PreserveStorage>::push_back_name__impl(SEXPREC* const&, std::__1::basic_string<char, std::__1::char_traits<char>, std::__1::allocator<char> > const&, Rcpp::traits::integral_constant<bool, true>)
  [UP] unprotected variable names while calling allocating function Rf_allocVector Rcpp/include/Rcpp/vector/Vector.h:682

Function Rcpp::internal::convert_using_rfunction(SEXPREC*, char const*)
  [UP] ignoring variable <unnamed var:   %10 = alloca %struct.SEXPREC*, align 8> as it has address taken, results will be incomplete 

Function Rcpp::internal::generic_name_proxy<19, Rcpp::PreserveStorage>::set(SEXPREC*)
  [UP] ignoring variable rhs as it has address taken, results will be incomplete 

Function _T4cluster_arma_kmeans_kmeanspp
  [UP] ignoring variable <unnamed var:   %21 = alloca %struct.SEXPREC*, align 8> as it has address taken, results will be incomplete 

Function _T4cluster_arma_kmeans_random
  [UP] ignoring variable <unnamed var:   %18 = alloca %struct.SEXPREC*, align 8> as it has address taken, results will be incomplete 

Function _T4cluster_coreset_18B
  [UP] ignoring variable <unnamed var:   %21 = alloca %struct.SEXPREC*, align 8> as it has address taken, results will be incomplete 

Function _T4cluster_cpp_EKSS_0
  [UP] ignoring variable <unnamed var:   %18 = alloca %struct.SEXPREC*, align 8> as it has address taken, results will be incomplete 

Function _T4cluster_cpp_EKSS_T
  [UP] ignoring variable <unnamed var:   %21 = alloca %struct.SEXPREC*, align 8> as it has address taken, results will be incomplete 

Function _T4cluster_cpp_EKSS_affinity
  [UP] ignoring variable <unnamed var:   %12 = alloca %struct.SEXPREC*, align 8> as it has address taken, results will be incomplete 

Function _T4cluster_cpp_LRR
  [UP] ignoring variable <unnamed var:   %18 = alloca %struct.SEXPREC*, align 8> as it has address taken, results will be incomplete 

Function _T4cluster_cpp_LRSC
  [UP] ignoring variable <unnamed var:   %21 = alloca %struct.SEXPREC*, align 8> as it has address taken, results will be incomplete 

Function _T4cluster_cpp_LSR
  [UP] ignoring variable <unnamed var:   %21 = alloca %struct.SEXPREC*, align 8> as it has address taken, results will be incomplete 

Function _T4cluster_cpp_SSQP
  [UP] ignoring variable <unnamed var:   %24 = alloca %struct.SEXPREC*, align 8> as it has address taken, results will be incomplete 

Function _T4cluster_cpp_pdist
  [UP] ignoring variable <unnamed var:   %15 = alloca %struct.SEXPREC*, align 8> as it has address taken, results will be incomplete 

Function _T4cluster_cpp_pdist2
  [UP] ignoring variable <unnamed var:   %18 = alloca %struct.SEXPREC*, align 8> as it has address taken, results will be incomplete 

Function _T4cluster_cpp_pdistMP
  [UP] ignoring variable <unnamed var:   %18 = alloca %struct.SEXPREC*, align 8> as it has address taken, results will be incomplete 

Function _T4cluster_cpp_sample
  [UP] ignoring variable <unnamed var:   %21 = alloca %struct.SEXPREC*, align 8> as it has address taken, results will be incomplete 

Function _T4cluster_cpp_sc05Z
  [UP] ignoring variable <unnamed var:   %24 = alloca %struct.SEXPREC*, align 8> as it has address taken, results will be incomplete 

Function _T4cluster_cpp_sc09G
  [UP] ignoring variable <unnamed var:   %24 = alloca %struct.SEXPREC*, align 8> as it has address taken, results will be incomplete 

Function _T4cluster_cpp_sc10Z
  [UP] ignoring variable <unnamed var:   %21 = alloca %struct.SEXPREC*, align 8> as it has address taken, results will be incomplete 

Function _T4cluster_cpp_sc11Y
  [UP] ignoring variable <unnamed var:   %27 = alloca %struct.SEXPREC*, align 8> as it has address taken, results will be incomplete 

Function _T4cluster_cpp_sc12L
  [UP] ignoring variable <unnamed var:   %24 = alloca %struct.SEXPREC*, align 8> as it has address taken, results will be incomplete 

Function _T4cluster_cpp_scNJW
  [UP] ignoring variable <unnamed var:   %24 = alloca %struct.SEXPREC*, align 8> as it has address taken, results will be incomplete 

Function _T4cluster_cpp_scSM
  [UP] ignoring variable <unnamed var:   %24 = alloca %struct.SEXPREC*, align 8> as it has address taken, results will be incomplete 

Function _T4cluster_cpp_scUL
  [UP] ignoring variable <unnamed var:   %24 = alloca %struct.SEXPREC*, align 8> as it has address taken, results will be incomplete 

Function _T4cluster_cpp_setdiff
  [UP] ignoring variable <unnamed var:   %15 = alloca %struct.SEXPREC*, align 8> as it has address taken, results will be incomplete 

Function _T4cluster_cpp_shortestpath
  [UP] ignoring variable <unnamed var:   %15 = alloca %struct.SEXPREC*, align 8> as it has address taken, results will be incomplete 

Function _T4cluster_eval_label
  [UP] ignoring variable <unnamed var:   %21 = alloca %struct.SEXPREC*, align 8> as it has address taken, results will be incomplete 

Function _T4cluster_fast_loss_prj
  [UP] ignoring variable <unnamed var:   %27 = alloca %struct.SEXPREC*, align 8> as it has address taken, results will be incomplete 

Function _T4cluster_fpp_pdist_lp
  [UP] ignoring variable <unnamed var:   %18 = alloca %struct.SEXPREC*, align 8> as it has address taken, results will be incomplete 

Function _T4cluster_gauss_rmvnorm
  [UP] ignoring variable <unnamed var:   %18 = alloca %struct.SEXPREC*, align 8> as it has address taken, results will be incomplete 

Function _T4cluster_gauss_w2median
  [UP] ignoring variable <unnamed var:   %24 = alloca %struct.SEXPREC*, align 8> as it has address taken, results will be incomplete 

Function _T4cluster_gmm_03F
  [UP] ignoring variable <unnamed var:   %27 = alloca %struct.SEXPREC*, align 8> as it has address taken, results will be incomplete 

Function _T4cluster_gmm_11R
  [UP] ignoring variable <unnamed var:   %24 = alloca %struct.SEXPREC*, align 8> as it has address taken, results will be incomplete 

Function _T4cluster_gmm_16Gfix
  [UP] ignoring variable <unnamed var:   %24 = alloca %struct.SEXPREC*, align 8> as it has address taken, results will be incomplete 

Function _T4cluster_gmm_armadillo
  [UP] ignoring variable <unnamed var:   %21 = alloca %struct.SEXPREC*, align 8> as it has address taken, results will be incomplete 

Function _T4cluster_gmm_combine_wsum
  [UP] ignoring variable <unnamed var:   %15 = alloca %struct.SEXPREC*, align 8> as it has address taken, results will be incomplete 

Function _T4cluster_gmm_density
  [UP] ignoring variable <unnamed var:   %21 = alloca %struct.SEXPREC*, align 8> as it has address taken, results will be incomplete 

Function _T4cluster_gmm_loglkd
  [UP] ignoring variable <unnamed var:   %21 = alloca %struct.SEXPREC*, align 8> as it has address taken, results will be incomplete 

Function _T4cluster_gmm_pdist_wass2
  [UP] ignoring variable <unnamed var:   %15 = alloca %struct.SEXPREC*, align 8> as it has address taken, results will be incomplete 

Function _T4cluster_gmm_predict
  [UP] ignoring variable <unnamed var:   %21 = alloca %struct.SEXPREC*, align 8> as it has address taken, results will be incomplete 

Function _T4cluster_gmm_sample
  [UP] ignoring variable <unnamed var:   %21 = alloca %struct.SEXPREC*, align 8> as it has address taken, results will be incomplete 

Function _T4cluster_gmm_skeleton
  [UP] ignoring variable <unnamed var:   %15 = alloca %struct.SEXPREC*, align 8> as it has address taken, results will be incomplete 

Function _T4cluster_gmm_w2barycenter
  [UP] ignoring variable <unnamed var:   %18 = alloca %struct.SEXPREC*, align 8> as it has address taken, results will be incomplete 

Function _T4cluster_label_gmm
  [UP] ignoring variable <unnamed var:   %18 = alloca %struct.SEXPREC*, align 8> as it has address taken, results will be incomplete 

Function _T4cluster_label_kmeans
  [UP] ignoring variable <unnamed var:   %18 = alloca %struct.SEXPREC*, align 8> as it has address taken, results will be incomplete 

Function _T4cluster_sc_2015LB_commute
  [UP] ignoring variable <unnamed var:   %15 = alloca %struct.SEXPREC*, align 8> as it has address taken, results will be incomplete 

Function _T4cluster_sc_normalNJW
  [UP] ignoring variable <unnamed var:   %21 = alloca %struct.SEXPREC*, align 8> as it has address taken, results will be incomplete 

Function _T4cluster_sc_normalSM
  [UP] ignoring variable <unnamed var:   %21 = alloca %struct.SEXPREC*, align 8> as it has address taken, results will be incomplete 

Function _T4cluster_sc_unnormalized
  [UP] ignoring variable <unnamed var:   %21 = alloca %struct.SEXPREC*, align 8> as it has address taken, results will be incomplete 

Function _T4cluster_sp_gskmeans
  [UP] ignoring variable <unnamed var:   %27 = alloca %struct.SEXPREC*, align 8> as it has address taken, results will be incomplete 

Function _T4cluster_sp_spkmeans
  [UP] ignoring variable <unnamed var:   %27 = alloca %struct.SEXPREC*, align 8> as it has address taken, results will be incomplete 

Function _T4cluster_src_pcm
  [UP] ignoring variable <unnamed var:   %12 = alloca %struct.SEXPREC*, align 8> as it has address taken, results will be incomplete 

Function _T4cluster_src_psm
  [UP] ignoring variable <unnamed var:   %12 = alloca %struct.SEXPREC*, align 8> as it has address taken, results will be incomplete 

Function void Rcpp::Vector<19, Rcpp::PreserveStorage>::push_back<SEXPREC*>(SEXPREC* const&, std::__1::basic_string<char, std::__1::char_traits<char>, std::__1::allocator<char> > const&)
  [UP] ignoring variable <unnamed var:   %7 = alloca %struct.SEXPREC*, align 8> as it has address taken, results will be incomplete 
