Package tbart version 1.0
Package built using 76619/R 3.7.0; x86_64-pc-linux-gnu; 2019-05-30 22:02:13 UTC; unix   
Checked with rchk version e904af503d348d9704682081216d92ba35f57e07
More information at https://github.com/kalibera/cran-checks/blob/master/rchk/PROTECT.md


Function Rcpp::Rcpp_protect(SEXPREC*)
  [PB] has possible protection stack imbalance Rcpp/include/Rcpp/protection/Shield.h:25

Function Rcpp::Rcpp_unprotect(int)
  [PB] has an unsupported form of unprotect with a variable results will be incomplete Rcpp/include/Rcpp/protection/Shield.h:31
  [UP] unsupported form of unprotect, unprotecting all variables, results will be incomplete Rcpp/include/Rcpp/protection/Shield.h:31

Function tbart_bestswap
  [PB] has possible protection stack imbalance tbart/src/RcppExports.cpp:93

Function tbart_bestswap2
  [PB] has possible protection stack imbalance tbart/src/RcppExports.cpp:111

Function tbart_dmat
  [PB] has possible protection stack imbalance tbart/src/RcppExports.cpp:25

Function tbart_dmatex
  [PB] has possible protection stack imbalance tbart/src/RcppExports.cpp:44

Function tbart_dtotal
  [PB] has possible protection stack imbalance tbart/src/RcppExports.cpp:76

Function tbart_rviss
  [PB] has possible protection stack imbalance tbart/src/RcppExports.cpp:60
