Package this.path version 2.4.0
Package built using 86189/R 4.4.0; x86_64-pc-linux-gnu; 2024-03-25 22:22:59 UTC; unix   
Checked with rchk version fdc068715daa3a256062cc20e0d4a5157dacc9a4 LLVM version 14.0.6
More information at https://github.com/kalibera/cran-checks/blob/master/rchk/PROTECT.md
For rchk in docker image see https://github.com/kalibera/rchk/blob/master/doc/DOCKER.md


Function _env_path
  [PB] uses multiple pointer protection counters results will be incomplete
  [UP] unprotected variable envir while calling allocating function Rf_eval this.path/src/thispath.c:2443
  [UP] calling allocating function Rf_topenv with a fresh pointer (envir <arg 2>) this.path/src/thispath.c:2451
  [UP] calling allocating function Rf_topenv with a fresh pointer (envir <arg 2>) this.path/src/thispath.c:2456
  [UP] calling allocating function Rf_eval with a fresh pointer (file <arg 1>) this.path/src/thispath.c:2511
  [UP] unprotected variable returnthis while calling allocating function Rf_findVarInFrame(?,S:source) this.path/src/thispath.c:2511
  [UP] unprotected variable returnthis while calling allocating function Rprintf this.path/src/thispath.c:2511
  [UP] calling allocating function Rf_eval with a fresh pointer (file <arg 1>) this.path/src/thispath.c:2518
  [UP] unprotected variable returnthis while calling allocating function Rf_findVarInFrame(?,S:source) this.path/src/thispath.c:2518
  [UP] unprotected variable returnthis while calling allocating function Rprintf this.path/src/thispath.c:2518
  [UP] unsupported form of unprotect, unprotecting all variables, results will be incomplete this.path/src/thispath.c:2525

Function _src_path
  [PB] uses multiple pointer protection counters results will be incomplete
  [PB] uses multiple pointer protection counters results will be incomplete
  [PB] uses multiple pointer protection counters results will be incomplete
  [UP] unprotected variable ofile while calling allocating function Rf_findVarInFrame(?,S:original) this.path/src/thispath.c:2803
  [UP] unprotected variable ofile while calling allocating function Rf_findVarInFrame(?,S:.this.path::document.context) this.path/src/thispath.c:2812
  [UP] unprotected variable ofile while calling allocating function Rf_findVarInFrame(?,S:isFile) this.path/src/thispath.c:2817
  [UP] unprotected variable ofile while calling allocating function INCREMENT_NAMED_defineVar(S:.this.path::document.context,?,?) this.path/src/thispath.c:2820
  [UP] unprotected variable ofile while calling allocating function R_LockBinding(S:.this.path::document.context,?) this.path/src/thispath.c:2820
  [UP] unprotected variable ofile while calling allocating function document_context_assign_lines this.path/src/thispath.c:2820
  [UP] unprotected variable ofile while calling allocating function Rf_findVarInFrame(?,S:filename) this.path/src/thispath.c:2824
  [UP] unprotected variable ofile while calling allocating function DocumentContext this.path/src/thispath.c:2827
  [UP] unprotected variable ofile while calling allocating function INCREMENT_NAMED_defineVar(S:.this.path::document.context,?,?) this.path/src/thispath.c:2827
  [UP] unprotected variable ofile while calling allocating function INCREMENT_NAMED_defineVar(S:source,?,?) this.path/src/thispath.c:2827
  [UP] unprotected variable ofile while calling allocating function R_LockBinding(S:.this.path::document.context,?) this.path/src/thispath.c:2827
  [UP] unprotected variable ofile while calling allocating function Rf_findVarInFrame(?,S:wd) this.path/src/thispath.c:2827
  [UP] unprotected variable ofile while calling allocating function Rf_mkChar this.path/src/thispath.c:2827
  [UP] unprotected variable ofile while calling allocating function assign_default this.path/src/thispath.c:2827
  [UP] unprotected variable ofile while calling allocating function assign_file_uri this.path/src/thispath.c:2827
  [UP] unprotected variable ofile while calling allocating function assign_url this.path/src/thispath.c:2827
  [UP] unsupported form of unprotect, unprotecting all variables, results will be incomplete this.path/src/thispath.c:2827
  [UP] unprotected variable ofile while calling allocating function DocumentContext this.path/src/thispath.c:2852
  [UP] unprotected variable ofile while calling allocating function Rf_findVarInFrame(?,S:wd) this.path/src/thispath.c:2852
  [UP] unsupported form of unprotect, unprotecting all variables, results will be incomplete this.path/src/thispath.c:2852
  [UP] allocating function Rf_findVarInFrame(?,S:errcnd) may destroy its unprotected argument (documentcontext <arg 1>), which is later used. this.path/src/thispath.c:2880
  [UP] allocating function Rf_findVarInFrame(?,S:file) may destroy its unprotected argument (documentcontext <arg 1>), which is later used. this.path/src/thispath.c:2880
  [UP] allocating function Rf_findVarInFrame(?,S:for.msg) may destroy its unprotected argument (documentcontext <arg 1>), which is later used. this.path/src/thispath.c:2880
  [UP] allocating function Rf_findVarInFrame(?,S:lines) may destroy its unprotected argument (documentcontext <arg 1>), which is later used. this.path/src/thispath.c:2880
  [UP] allocating function Rf_findVarInFrame(?,S:ofile) may destroy its unprotected argument (documentcontext <arg 1>), which is later used. this.path/src/thispath.c:2880
  [UP] calling allocating function Rf_eval with a fresh pointer (file <arg 1>) this.path/src/thispath.c:2880
  [UP] calling allocating function Rf_findVarInFrame(?,S:errcnd) with a fresh pointer (documentcontext <arg 1>) this.path/src/thispath.c:2880
  [UP] calling allocating function Rf_findVarInFrame(?,S:file) with a fresh pointer (documentcontext <arg 1>) this.path/src/thispath.c:2880
  [UP] calling allocating function Rf_findVarInFrame(?,S:for.msg) with a fresh pointer (documentcontext <arg 1>) this.path/src/thispath.c:2880
  [UP] calling allocating function Rf_findVarInFrame(?,S:lines) with a fresh pointer (documentcontext <arg 1>) this.path/src/thispath.c:2880
  [UP] calling allocating function Rf_findVarInFrame(?,S:ofile) with a fresh pointer (documentcontext <arg 1>) this.path/src/thispath.c:2880
  [UP] calling allocating function Rf_findVarInFrame(?,S:source) with a fresh pointer (documentcontext <arg 1>) this.path/src/thispath.c:2880
  [UP] unprotected variable documentcontext while calling allocating function PRVALUE this.path/src/thispath.c:2880
  [UP] unprotected variable documentcontext while calling allocating function Rf_ScalarString /var/scratch2/tomaERROR: too many states (abstraction error?) in function _sys_path
s/cran/rchk/pkgbuild/qmvAszNH/this.path/src/thispath.c:2880
  [UP] unprotected variable documentcontext while calling allocating function Rf_duplicate this.path/src/thispath.c:2880
  [UP] unprotected variable documentcontext while calling allocating function Rf_eval this.path/src/thispath.c:2880
  [UP] unprotected variable documentcontext while calling allocating function stop this.path/src/thispath.c:2880
  [UP] unprotected variable returnthis while calling allocating function Rf_findVarInFrame(?,S:source) this.path/src/thispath.c:2880
  [UP] unprotected variable returnthis while calling allocating function Rprintf this.path/src/thispath.c:2880
  [PB] has possible protection stack imbalance this.path/src/thispath.c:2892

Function _sys_path
  [PB] uses multiple pointer protection counters results will be incomplete
  [UP] unprotected variable source while calling allocating function getInFrame(S:sys.source,?,?) this.path/src/thispath.c:873
  [UP] unprotected variable source while calling allocating function getInFrame(S:wrap.source,?,?) this.path/src/thispath.c:874
  [UP] unprotected variable sys_source while calling allocating function getInFrame(S:wrap.source,?,?) this.path/src/thispath.c:874
  [UP] unprotected variable source while calling allocating function get_debugSource this.path/src/thispath.c:875
  [UP] unprotected variable sys_source while calling allocating function get_debugSource this.path/src/thispath.c:875
  [UP] unprotected variable wrap_source while calling allocating function get_debugSource this.path/src/thispath.c:875
  [UP] unprotected variable source while calling allocating function Rf_findVarInFrame(?,S:utils) this.path/src/thispath.c:907
  [UP] unprotected variable sys_source while calling allocating function Rf_findVarInFrame(?,S:utils) this.path/src/thispath.c:907
  [UP] unprotected variable wrap_source while calling allocating function Rf_findVarInFrame(?,S:utils) this.path/src/thispath.c:907
  [UP] unprotected variable source while calling allocating function Rf_findVarInFrame(?,S:compiler) this.path/src/thispath.c:912
  [UP] unprotected variable sys_source while calling allocating function Rf_findVarInFrame(?,S:compiler) this.path/src/thispath.c:912
  [UP] unprotected variable wrap_source while calling allocating function Rf_findVarInFrame(?,S:compiler) this.path/src/thispath.c:912
  [UP] unprotected variable source while calling allocating function Rf_findVarInFrame(?,S:box) this.path/src/thispath.c:917
  [UP] unprotected variable sys_source while calling allocating function Rf_findVarInFrame(?,S:box) this.path/src/thispath.c:917
  [UP] unprotected variable wrap_source while calling allocating function Rf_findVarInFrame(?,S:box) this.path/src/thispath.c:917
  [UP] unprotected variable source while calling allocating function Rf_findVarInFrame(?,S:knitr) this.path/src/thispath.c:922
  [UP] unprotected variable sys_source while calling allocating function Rf_findVarInFrame(?,S:knitr) this.path/src/thispath.c:922
  [UP] unprotected variable wrap_source while calling allocating function Rf_findVarInFrame(?,S:knitr) this.path/src/thispath.c:922
  [UP] unprotected variable source while calling allocating function Rf_findVarInFrame(?,S:plumber) this.path/src/thispath.c:927
  [UP] unprotected variable sys_source while calling allocating function Rf_findVarInFrame(?,S:plumber) this.path/src/thispath.c:927
  [UP] unprotected variable wrap_source while calling allocating function Rf_findVarInFrame(?,S:plumber) this.path/src/thispath.c:927
  [UP] unprotected variable source while calling allocating function Rf_findVarInFrame(?,S:shiny) this.path/src/thispath.c:944
  [UP] unprotected variable sys_source while calling allocating function Rf_findVarInFrame(?,S:shiny) this.path/src/thispath.c:944
  [UP] unprotected variable wrap_source while calling allocating function Rf_findVarInFrame(?,S:shiny) this.path/src/thispath.c:944
  [UP] unprotected variable source while calling allocating function Rf_findVarInFrame(?,S:targets) this.path/src/thispath.c:949
  [UP] unprotected variable sys_source while calling allocating function Rf_findVarInFrame(?,S:targets) this.path/src/thispath.c:949
  [UP] unprotected variable wrap_source while calling allocating function Rf_findVarInFrame(?,S:targets) this.path/src/thispath.c:949
  [UP] unprotected variable source while calling allocating function Rf_findVarInFrame(?,S:testthat) this.path/src/thispath.c:964
  [UP] unprotected variable sys_source while calling allocating function Rf_findVarInFrame(?,S:testthat) this.path/src/thispath.c:964
  [UP] unprotected variable wrap_source while calling allocating function Rf_findVarInFrame(?,S:testthat) this.path/src/thispath.c:964
  [UP] unprotected variable source while calling allocating function Rf_allocVector this.path/src/thispath.c:969
  [UP] unprotected variable sys_source while calling allocating function Rf_allocVector this.path/src/thispath.c:969
  [UP] unprotected variable wrap_source while calling allocating function Rf_allocVector this.path/src/thispath.c:969
  [UP] unprotected variable source while calling allocating function Rf_cons(V,?) this.path/src/thispath.c:975
  [UP] unprotected variable sys_source while calling allocating function Rf_cons(V,?) this.path/src/thispath.c:975
  [UP] unprotected variable wrap_source while calling allocating function Rf_cons(V,?) this.path/src/thispath.c:975
  [UP] unprotected variable source while calling allocating function Rf_lcons this.path/src/thispath.c:976
  [UP] unprotected variable source while calling allocating function getInFrame(S:sys.frame,?,?) this.path/src/thispath.c:976
  [UP] unprotected variable sys_source while calling allocating function Rf_lcons this.path/src/thispath.c:976
  [UP] unprotected variable sys_source while calling allocating function getInFrame(S:sys.frame,?,?) this.path/src/thispath.c:976
  [UP] unprotected variable wrap_source while calling allocating function Rf_lcons this.path/src/thispath.c:976
  [UP] unprotected variable wrap_source while calling allocating function getInFrame(S:sys.frame,?,?) this.path/src/thispath.c:976
  [UP] unprotected variable source while calling allocating function Rf_cons(V,?) this.path/src/thispath.c:981
  [UP] unprotected variable sys_source while calling allocating function Rf_cons(V,?) this.path/src/thispath.c:981
  [UP] unprotected variable wrap_source while calling allocating function Rf_cons(V,?) this.path/src/thispath.c:981
  [UP] unprotected variable source while calling allocating function Rf_lcons this.path/src/thispath.c:982
  [UP] unprotected variable source while calling allocating function getInFrame(S:sys.function,?,?) this.path/src/thispath.c:982
  [UP] unprotected variable sys_source while calling allocating function Rf_lcons this.path/src/thispath.c:982
  [UP] unprotected variable sys_source while calling allocating function getInFrame(S:sys.function,?,?) this.path/src/thispath.c:982
  [UP] unprotected variable wrap_source while calling allocating function Rf_lcons this.path/src/thispath.c:982
  [UP] unprotected variable wrap_source while calling allocating function getInFrame(S:sys.function,?,?) this.path/src/thispath.c:982
  [UP] unprotected variable source while calling allocating function Rf_asInteger this.path/src/thispath.c:989
  [UP] unprotected variable source while calling allocating function Rf_eval this.path/src/thispath.c:989
  [UP] unprotected variable sys_source while calling allocating function Rf_asInteger this.path/src/thispath.c:989
  [UP] unprotected variable sys_source while calling allocating function Rf_eval this.path/src/thispath.c:989
  [UP] unprotected variable wrap_source while calling allocating function Rf_asInteger this.path/src/thispath.c:989
  [UP] unprotected variable wrap_source while calling allocating function Rf_eval this.path/src/thispath.c:989
  [UP] unprotected variable source while calling allocating function Rf_eval this.path/src/thispath.c:998
  [UP] unprotected variable sys_source while calling allocating function Rf_eval this.path/src/thispath.c:998
  [UP] unprotected variable wrap_source while calling allocating function Rf_eval this.path/src/thispath.c:998
  [UP] unprotected variable frame while calling allocating function Rf_eval this.path/src/thispath.c:1000
  [UP] unprotected variable source while calling allocating function Rf_eval this.path/src/thispath.c:1000
  [UP] unprotected variable sys_source while calling allocating function Rf_eval this.path/src/thispath.c:1000
  [UP] unprotected variable wrap_source while calling allocating function Rf_eval this.path/src/thispath.c:1000
  [UP] allocating function R_compute_identical may destroy its unprotected argument (source <arg 2>), which is later used. this.path/src/thispath.c:1013
  [UP] calling allocating function R_compute_identical with a fresh pointer (source <arg 2>) this.path/src/thispath.c:1013
  [UP] unprotected variable frame while calling allocating function R_compute_identical this.path/src/thispath.c:1013
  [UP] unprotected variable sys_source while calling allocating function R_compute_identical this.path/src/thispath.c:1013
  [UP] unprotected variable wrap_source while calling allocating function R_compute_identical this.path/src/thispath.c:1013
  [UP] allocating function R_compute_identical may destroy its unprotected argument (sys_source <arg 2>), which is later used. this.path/src/thispath.c:1277
  [UP] calling allocating function R_compute_identical with a fresh pointer (sys_source <arg 2>) this.path/src/thispath.c:1277
  [UP] unprotected variable frame while calling allocating function R_compute_identical this.path/src/thispath.c:1277
  [UP] unprotected variable source while calling allocating function R_compute_identical this.path/src/thispath.c:1277
  [UP] unprotected variable wrap_source while calling allocating function R_compute_identical this.path/src/thispath.c:1277
  [UP] allocating function Rf_findVarInFrame(?,S:.this.path::document.context) may destroy its unprotected argument (frame <arg 1>), which is later used. this.path/src/thispath.c:1280
  [UP] calling allocating function Rf_findVarInFrame(?,S:.this.path::document.context) with a fresh pointer (frame <arg 1>) this.path/src/thispath.c:1280
  [UP] allocating function Rf_findVarInFrame(?,S:srcfile) may destroy its unprotected argument (frame <arg 1>), which is later used. this.path/src/thispath.c:1281
  [UP] calling allocating function Rf_findVarInFrame(?,S:srcfile) with a fresh pointer (frame <arg 1>) this.path/src/thispath.c:1281
  [UP] unprotected variable documentcontext while calling allocating function Rf_findVarInFrame(?,S:srcfile) this.path/src/thispath.c:1281
  [UP] allocating function Rf_findVarInFrame(?,S:file) may destroy its unprotected argument (frame <arg 1>), which is later used. this.path/src/thispath.c:1315
  [UP] calling allocating function Rf_findVarInFrame(?,S:file) with a fresh pointer (frame <arg 1>) this.path/src/thispath.c:1315
  [UP] allocating function Rf_findVarInFrame(?,S:owd) may destroy its unprotected argument (frame <arg 1>), which is later used. this.path/src/thispath.c:1326
  [UP] calling allocating function Rf_findVarInFrame(?,S:owd) with a fresh pointer (frame <arg 1>) this.path/src/thispath.c:1326
  [UP] unprotected variable ofile while calling allocating function Rf_findVarInFrame(?,S:owd) this.path/src/thispath.c:1326
  [UP] allocating function INCREMENT_NAMED_defineVar(S:.this.path::document.context,?,?) may destroy its unprotected argument (frame <arg 3>), which is later used. this.path/src/thispath.c:1329
  [UP] calling allocating function INCREMENT_NAMED_defineVar(S:.this.path::document.context,?,?) with a fresh pointer (frame <arg 3>) this.path/src/thispath.c:1329
  [UP] calling allocating function R_LockBinding(S:.this.path::document.context,?) with a fresh pointer (frame <arg 2>) this.path/src/thispath.c:1329
  [UP] unprotected variable frame while calling allocating function DocumentContext this.path/src/thispath.c:1329
  [UP] unprotected variable frame while calling allocating function INCREMENT_NAMED_defineVar(S:source,?,?) this.path/src/thispath.c:1329
  [UP] unprotected variable frame while calling allocating function Rf_mkChar this.path/src/thispath.c:1329
  [UP] unprotected variable frame while calling allocating function assign_default this.path/src/thispath.c:1329
  [UP] unprotected variable ofile while calling allocating function DocumentContext this.path/src/thispath.c:1329
  [UP] unprotected variable wd while calling allocating function DocumentContext this.path/src/thispath.c:1329
  [UP] unsupported form of unprotect, unprotecting all variables, results will be incomplete this.path/src/thispath.c:1329
  [UP] allocating function R_compute_identical may destroy its unprotected argument (wrap_source <arg 2>), which is later used. this.path/src/thispath.c:1355
  [UP] calling allocating function R_compute_identical with a fresh pointer (wrap_source <arg 2>) this.path/src/thispath.c:1355
  [UP] unprotected variable frame while calling allocating function R_compute_identical this.path/src/thispath.c:1355
  [UP] unprotected variable source while calling allocating function R_compute_identical this.path/src/thispath.c:1355
  [UP] unprotected variable sys_source while calling allocating function R_compute_identical this.path/src/thispath.c:1355
  [UP] calling allocating function Rf_findVarInFrame(?,S:.this.path::document.context) with a fresh pointer (frame <arg 1>) this.path/src/thispath.c:2188
  [UP] unprotected variable source while calling allocating function Rf_findVarInFrame(?,S:.this.path::document.context) this.path/src/thispath.c:2188
  [UP] unprotected variable sys_source while calling allocating function Rf_findVarInFrame(?,S:.this.path::document.context) this.path/src/thispath.c:2188
  [UP] unprotected variable wrap_source while calling allocating function Rf_findVarInFrame(?,S:.this.path::document.context) this.path/src/thispath.c:2188
  [UP] allocating function Rf_findVarInFrame(?,S:set.sys.path.was.here) may destroy its unprotected argument (documentcontext <arg 1>), which is later used. this.path/src/thispath.c:2194
  [UP] calling allocating function Rf_findVarInFrame(?,S:set.sys.path.was.here) with a fresh pointer (documentcontext <arg 1>) this.path/src/thispath.c:2194
  [UP] unprotected variable source while calling allocating function Rf_findVarInFrame(?,S:set.sys.path.was.here) this.path/src/thispath.c:2194
  [UP] unprotected variable sys_source while calling allocating function Rf_findVarInFrame(?,S:set.sys.path.was.here) this.path/src/thispath.c:2194
  [UP] unprotected variable wrap_source while calling allocating function Rf_findVarInFrame(?,S:set.sys.path.was.here) this.path/src/thispath.c:2194
  [UP] allocating function Rf_findVarInFrame(?,S:source) may destroy its unprotected argument (documentcontext <arg 1>), which is later used. this.path/src/thispath.c:2207
  [UP] calling allocating function Rf_findVarInFrame(?,S:source) with a fresh pointer (documentcontext <arg 1>) this.path/src/thispath.c:2207
  [UP] unprotected variable source while calling allocating function Rf_findVarInFrame(?,S:source) this.path/src/thispath.c:2207
  [UP] unprotected variable sys_source while calling allocating function Rf_findVarInFrame(?,S:source) this.path/src/thispath.c:2207
  [UP] unprotected variable wrap_source while calling allocating function Rf_findVarInFrame(?,S:source) this.path/src/thispath.c:2207
  [UP] allocating function Rf_findVarInFrame(?,S:n) may destroy its unprotected argument (documentcontext <arg 1>), which is later used. this.path/src/thispath.c:2214
  [UP] calling allocating function Rf_findVarInFrame(?,S:n) with a fresh pointer (documentcontext <arg 1>) this.path/src/thispath.c:2214
  [UP] unprotected variable source while calling allocating function Rf_findVarInFrame(?,S:n) this.path/src/thispath.c:2214
  [UP] unprotected variable sys_source while calling allocating function Rf_findVarInFrame(?,S:n) this.path/src/thispath.c:2214
  [UP] unprotected variable wrap_source while calling allocating function Rf_findVarInFrame(?,S:n) this.path/src/thispath.c:2214
  [UP] allocating function R_existsVarInFrame(?,S:associated.with.file) may destroy its unprotected argument (documentcontext <arg 1>), which is later used. this.path/src/thispath.c:2221
  [UP] allocating function Rf_findVarInFrame(?,S:errcnd) may destroy its unprotected argument (documentcontext <arg 1>), which is later used. this.path/src/thispath.c:2221
  [UP] allocating function Rf_findVarInFrame(?,S:file) may destroy its unprotected argument (documentcontext <arg 1>), which is later used. this.path/src/thispath.c:2221
  [UP] allocating function Rf_findVarInFrame(?,S:for.msg) may destroy its unprotected argument (documentcontext <arg 1>), which is later used. this.path/src/thispath.c:2221
  [UP] allocating function Rf_findVarInFrame(?,S:lines) may destroy its unprotected argument (documentcontext <arg 1>), which is later used. this.path/src/thispath.c:2221
  [UP] allocating function Rf_findVarInFrame(?,S:ofile) may destroy its unprotected argument (documentcontext <arg 1>), which is later used. this.path/src/thispath.c:2221
  [UP] calling allocating function R_existsVarInFrame(?,S:associated.with.file) with a fresh pointer (documentcontext <arg 1>) this.path/src/thispath.c:2221
  [UP] calling allocating function Rf_eval with a fresh pointer (file <arg 1>) this.path/src/thispath.c:2221
  [UP] calling allocating function Rf_findVarInFrame(?,S:errcnd) with a fresh pointer (documentcontext <arg 1>) this.path/src/thispath.c:2221
  [UP] calling allocating function Rf_findVarInFrame(?,S:file) with a fresh pointer (documentcontext <arg 1>) this.path/src/thispath.c:2221
  [UP] calling allocating function Rf_findVarInFrame(?,S:for.msg) with a fresh pointer (documentcontext <arg 1>) this.path/src/thispath.c:2221
  [UP] calling allocating function Rf_findVarInFrame(?,S:lines) with a fresh pointer (documentcontext <arg 1>) this.path/src/thispath.c:2221
  [UP] calling allocating function Rf_findVarInFrame(?,S:ofile) with a fresh pointer (documentcontext <arg 1>) this.path/src/thispath.c:2221
  [UP] calling allocating function Rf_findVarInFrame(?,S:source) with a fresh pointer (documentcontext <arg 1>) this.path/src/thispath.c:2221
  [UP] unprotected variable documentcontext while calling allocating function PRVALUE this.path/src/thispath.c:2221
  [UP] unprotected variable documentcontext while calling allocating function Rf_ScalarInteger this.path/src/thispath.c:2221
  [UP] unprotected variable documentcontext while calling allocating function Rf_ScalarString this.path/src/thispath.c:2221
  [UP] unprotected variable documentcontext while calling allocating function Rf_duplicate this.path/src/thispath.c:2221
  [UP] unprotected variable documentcontext while calling allocating function Rf_eval this.path/src/thispath.c:2221
  [UP] unprotected variable documentcontext while calling allocating function stop this.path/src/thispath.c:2221
  [UP] unprotected variable n while calling allocating function R_existsVarInFrame(?,S:associated.with.file) this.path/src/thispath.c:2221
  [UP] unprotected variable n while calling allocating function Rf_findVarInFrame(?,S:errcnd) this.path/src/thispath.c:2221
  [UP] unprotected variable n while calling allocating function Rf_findVarInFrame(?,S:lines) this.path/src/thispath.c:2221
  [UP] unprotected variable returnthis while calling allocating function Rf_findVarInFrame(?,S:source) this.path/src/thispath.c:2221
  [UP] unprotected variable returnthis while calling allocating function Rprintf this.path/src/thispath.c:2221
  [UP] unprotected variable source while calling allocating function PRVALUE this.path/src/thispath.c:2221
  [UP] unprotected variable source while calling allocating function R_existsVarInFrame(?,S:associated.with.file) this.path/src/thispath.c:2221
  [UP] unprotected variable source while calling allocating function Rf_ScalarInteger this.path/src/thispath.c:2221
  [UP] unprotected variable source while calling allocating function Rf_ScalarString this.path/src/thispath.c:2221
  [UP] unprotected variable source while calling allocating function Rf_duplicate this.path/src/thispath.c:2221
  [UP] unprotected variable source while calling allocating function Rf_eval this.path/src/thispath.c:2221
  [UP] unprotected variable source while calling allocating function Rf_findVarInFrame(?,S:errcnd) this.path/src/thispath.c:2221
  [UP] unprotected variable source while calling allocating function Rf_findVarInFrame(?,S:file) this.path/src/thispath.c:2221
  [UP] unprotected variable source while calling allocating function Rf_findVarInFrame(?,S:for.msg) this.path/src/thispath.c:2221
  [UP] unprotected variable source while calling allocating function Rf_findVarInFrame(?,S:lines) this.path/src/thispath.c:2221
  [UP] unprotected variable source while calling allocating function Rf_findVarInFrame(?,S:ofile) this.path/src/thispath.c:2221
  [UP] unprotected variable source while calling allocating function Rf_findVarInFrame(?,S:source) this.path/src/thispath.c:2221
  [UP] unprotected variable source while calling allocating function stop this.path/src/thispath.c:2221
  [UP] unsupported form of unprotect, unprotecting all variables, results will be incomplete this.path/src/thispath.c:2221

Function assign_default
  [UP] unprotected variable e while calling allocating function Rf_translateChar this.path/src/thispathdefn.c:313
  [UP] unprotected variable e while calling allocating function INCREMENT_NAMED_defineVar(S:wd,?,?) this.path/src/thispathdefn.c:317

Function assign_file_uri
  [UP] unprotected variable e while calling allocating function Rf_translateChar this.path/src/thispathdefn.c:341
  [UP] unprotected variable e while calling allocating function INCREMENT_NAMED_defineVar(S:wd,?,?) this.path/src/thispathdefn.c:352

Function assign_file_uri2
  [UP] unprotected variable e while calling allocating function INCREMENT_NAMED_defineVar(S:wd,?,?) this.path/src/thispathdefn.c:378

Function assign_url
  [UP] unprotected variable e while calling allocating function Rf_translateChar this.path/src/thispathdefn.c:399
  [UP] unprotected variable e while calling allocating function Rf_ScalarString this.path/src/thispathdefn.c:403
  [UP] unprotected variable e while calling allocating function Rf_cons(V,?) this.path/src/thispathdefn.c:403
  [UP] unprotected variable e while calling allocating function Rf_lcons(S:.normalizeURL_1,?) this.path/src/thispathdefn.c:403
  [UP] unprotected variable e while calling allocating function Rf_mkCharCE this.path/src/thispathdefn.c:403
  [UP] calling allocating function Rf_eval with a fresh pointer (e <arg 1>) this.path/src/thispathdefn.c:404

Function do_ThisPathUnrecognizedConnectionClassError
  [UP] calling allocating function ThisPathUnrecognizedConnectionClassError with argument allocated using summaryconnection this.path/src/error.c:230

Function do_asArgs
  [UP] unprotected variable dots while calling allocating function Rf_allocVector this.path/src/progargs.c:65

Function do_onLoad
  [UP] calling allocating function makePROMISE with argument allocated using Rf_lcons(S:.normalizePath_not_dir,?) this.path/src/ns-hooks.c:297
  [UP] calling allocating function R_MakeActiveBinding(S:.mbcslocale,?,?) with a fresh pointer (fun <arg 2>) this.path/src/ns-hooks.c:392
  [UP] unprotected variable fun while calling allocating function R_removeVarFromFrame(S:.mbcslocale,?) this.path/src/ns-hooks.c:392
  [UP] calling allocating function R_MakeActiveBinding(S:.utf8locale,?,?) with a fresh pointer (fun <arg 2>) this.path/src/ns-hooks.c:393
  [UP] unprotected variable fun while calling allocating function R_removeVarFromFrame(S:.utf8locale,?) this.path/src/ns-hooks.c:393
  [UP] calling allocating function R_MakeActiveBinding(S:.latin1locale,?,?) with a fresh pointer (fun <arg 2>) this.path/src/ns-hooks.c:394
  [UP] unprotected variable fun while calling allocating function R_removeVarFromFrame(S:.latin1locale,?) this.path/src/ns-hooks.c:394
  [UP] calling allocating function R_MakeActiveBinding(S:.R_MB_CUR_MAX,?,?) with a fresh pointer (fun <arg 2>) this.path/src/ns-hooks.c:395
  [UP] unprotected variable fun while calling allocating function R_removeVarFromFrame(S:.R_MB_CUR_MAX,?) this.path/src/ns-hooks.c:395
  [UP] calling allocating function R_MakeActiveBinding(S:.in_site_file,?,?) with a fresh pointer (fun <arg 2>) this.path/src/ns-hooks.c:397
  [UP] unprotected variable fun while calling allocating function R_removeVarFromFrame(S:.in_site_file,?) this.path/src/ns-hooks.c:397
  [UP] calling allocating function R_MakeActiveBinding(S:last.condition,?,?) with a fresh pointer (fun <arg 2>) this.path/src/ns-hooks.c:399
  [UP] unprotected variable fun while calling allocating function R_removeVarFromFrame(S:last.condition,?) this.path/src/ns-hooks.c:399
  [UP] allocating function MARK_NOT_MUTABLE_defineVar(S:OS.type,V,?) may destroy its unprotected argument (value <arg 2>), which is later used. this.path/src/ns-hooks.c:403
  [UP] unprotected variable value while calling allocating function Rf_install this.path/src/ns-hooks.c:403
  [UP] unprotected variable value while calling allocating function Rf_allocVector this.path/src/ns-hooks.c:404
  [UP] unprotected variable names while calling allocating function Rf_mkChar this.path/src/ns-hooks.c:411
  [UP] unprotected variable value while calling allocating function Rf_mkChar this.path/src/ns-hooks.c:411
  [UP] unprotected variable names while calling allocating function Rf_mkChar this.path/src/ns-hooks.c:434
  [UP] unprotected variable value while calling allocating function Rf_mkChar this.path/src/ns-hooks.c:434
  [UP] unprotected variable names while calling allocating function Rf_mkChar this.path/src/ns-hooks.c:443
  [UP] unprotected variable value while calling allocating function Rf_mkChar this.path/src/ns-hooks.c:443
  [UP] unprotected variable names while calling allocating function Rf_mkChar this.path/src/ns-hooks.c:452
  [UP] unprotected variable value while calling allocating function Rf_mkChar this.path/src/ns-hooks.c:452
  [UP] unprotected variable names while calling allocating function Rf_mkChar this.path/src/ns-hooks.c:453
  [UP] unprotected variable value while calling allocating function Rf_mkChar this.path/src/ns-hooks.c:453
  [UP] unprotected variable names while calling allocating function Rf_mkChar this.path/src/ns-hooks.c:454
  [UP] unprotected variable value while calling allocating function Rf_mkChar this.path/src/ns-hooks.c:454
  [UP] unprotected variable names while calling allocating function Rf_mkChar this.path/src/ns-hooks.c:455
  [UP] unprotected variable value while calling allocating function Rf_mkChar this.path/src/ns-hooks.c:455
  [UP] unprotected variable names while calling allocating function Rf_mkChar this.path/src/ns-hooks.c:488
  [UP] unprotected variable value while calling allocating function Rf_mkChar this.path/src/ns-hooks.c:488
  [UP] unprotected variable names while calling allocating function Rf_mkChar this.path/src/ns-hooks.c:497
  [UP] unprotected variable value while calling allocating function Rf_mkChar this.path/src/ns-hooks.c:497
  [UP] unprotected variable names while calling allocating function Rf_mkChar this.path/src/ns-hooks.c:506
  [UP] unprotected variable value while calling allocating function Rf_mkChar this.path/src/ns-hooks.c:506
  [UP] unprotected variable names while calling allocating function Rf_mkChar this.path/src/ns-hooks.c:507
  [UP] unprotected variable value while calling allocating function Rf_mkChar this.path/src/ns-hooks.c:507
  [UP] unprotected variable names while calling allocating function Rf_mkChar this.path/src/ns-hooks.c:508
  [UP] unprotected variable value while calling allocating function Rf_mkChar this.path/src/ns-hooks.c:508
  [UP] unprotected variable value while calling allocating function Rf_mkChar this.path/src/ns-hooks.c:544
  [UP] unprotected variable tmp while calling allocating function Rf_mkString this.path/src/ns-hooks.c:667
  [UP] unprotected variable tmp while calling allocating function getInFrame(S:[[,?,?) this.path/src/ns-hooks.c:670
  [UP] unprotected variable tmp while calling allocating function Rf_allocList this.path/src/ns-hooks.c:671
  [UP] unprotected variable tmp2 while calling allocating function Rf_mkString this.path/src/ns-hooks.c:672
  [UP] unprotected variable tmp2 while calling allocating function getInFrame(S:::,?,?) this.path/src/ns-hooks.c:674
  [UP] unprotected variable tmp while calling allocating function Rf_mkString this.path/src/ns-hooks.c:689
  [UP] unprotected variable tmp while calling allocating function Rf_install this.path/src/ns-hooks.c:692
  [UP] unprotected variable tmp while calling allocating function getInFrame(S:as.numeric_version,?,?) this.path/src/ns-hooks.c:692
  [UP] unprotected variable tmp2 while calling allocating function Rf_install this.path/src/ns-hooks.c:695
  [UP] unprotected variable tmp2 while calling allocating function getInFrame(S:getNamespaceVersion,?,?) this.path/src/ns-hooks.c:695

Function do_print_ThisPathDocumentContext
  [UP] unprotected variable errcnd while calling allocating function Rprintf this.path/src/print.c:223
  [UP] unprotected variable errcnd while calling allocating function Rf_type2char this.path/src/print.c:226
  [UP] unprotected variable for_msg while calling allocating function Rf_type2char this.path/src/print.c:237
  [UP] unprotected variable associated_with_file while calling allocating function Rf_type2char this.path/src/print.c:249
  [UP] unprotected variable ofile while calling allocating function Rf_type2char this.path/src/print.c:260
  [UP] unprotected variable wd while calling allocating function Rf_type2char this.path/src/print.c:270
  [UP] unprotected variable file while calling allocating function Rprintf this.path/src/print.c:281
  [UP] unprotected variable file while calling allocating function Rf_type2char this.path/src/print.c:292
  [UP] unprotected variable lines while calling allocating function Rprintf this.path/src/print.c:302
  [UP] unprotected variable lines while calling allocating function Rf_type2char this.path/src/print.c:314
  [UP] unprotected variable lines while calling allocating function Rf_type2char this.path/src/print.c:315
  [UP] unprotected variable source while calling allocating function Rf_type2char this.path/src/print.c:326
  [UP] unprotected variable setsyspathwashere while calling allocating function Rprintf this.path/src/print.c:335
  [UP] unprotected variable setsyspathwashere while calling allocating function Rf_type2char this.path/src/print.c:338
  [UP] unprotected variable setsyspathwashere while calling allocating function Rprintf this.path/src/print.c:338
  [UP] unprotected variable setsyspathwashere while calling allocating function Rf_findVarInFrame(?,S:n) this.path/src/print.c:342
  [UP] unprotected variable n while calling allocating function Rf_type2char this.path/src/print.c:351

Function do_reset_proj
  [UP] unprotected variable _proj while calling allocating function Rf_allocVector this.path/src/rprojroot.c:13
  [UP] allocating function INCREMENT_NAMED_defineVar(S:x,V,?) may destroy its unprotected argument (value <arg 2>), which is later used. this.path/src/rprojroot.c:14

Function do_set_gui_path
  [UP] unprotected variable dots while calling allocating function Rf_allocVector this.path/src/thispath.c:504
  [UP] unprotected variable dots while calling allocating function Rf_allocVector this.path/src/thispath.c:508
  [UP] unprotected variable dots while calling allocating function Rf_findVarInFrame(?,S:.custom_gui_path.function) this.path/src/thispath.c:510
  [UP] unprotected variable dots while calling allocating function Rf_findVarInFrame(?,S:.get_contents) this.path/src/thispath.c:517
  [UP] unprotected variable _getContents while calling allocating function Rf_allocVector this.path/src/thispath.c:521
  [UP] unprotected variable dots while calling allocating function Rf_allocVector this.path/src/thispath.c:521
  [UP] unprotected variable dots while calling allocating function Rf_ScalarString this.path/src/thispath.c:525
  [UP] unprotected variable dots while calling allocating function Rf_findVarInFrame(?,S:guiname) this.path/src/thispath.c:525
  [UP] unprotected variable dots while calling allocating function PRVALUE this.path/src/thispath.c:529
  [UP] unprotected variable dots while calling allocating function Rf_findVarInFrame(?,S:ofile) this.path/src/thispath.c:529
  [UP] unprotected variable dots while calling allocating function Rf_eval this.path/src/thispath.c:554
  [UP] unprotected variable dots while calling allocating function Rf_eERROR: too many states (abstraction error?) in function do_wrap_source
val this.path/src/thispath.c:612
  [UP] unprotected variable dots while calling allocating function is_abs_path_unix this.path/src/thispath.c:619
  [UP] unprotected variable path while calling allocating function is_abs_path_unix this.path/src/thispath.c:619
  [UP] unprotected variable path while calling allocating function Rf_eval this.path/src/thispath.c:630
  [UP] unprotected variable _getContents while calling allocating function Rf_findVarInFrame(?,S:ofile) this.path/src/thispath.c:645
  [UP] unprotected variable path while calling allocating function Rf_findVarInFrame(?,S:ofile) this.path/src/thispath.c:645
  [UP] unprotected variable _getContents while calling allocating function Rf_findVarInFrame(?,S:file) this.path/src/thispath.c:648
  [UP] unprotected variable ofile while calling allocating function Rf_findVarInFrame(?,S:file) this.path/src/thispath.c:648
  [UP] unprotected variable path while calling allocating function Rf_findVarInFrame(?,S:file) this.path/src/thispath.c:648
  [UP] unprotected variable _getContents while calling allocating function Rf_defineVar(S:guiname,?,?) this.path/src/thispath.c:653
  [UP] unprotected variable file while calling allocating function Rf_defineVar(S:guiname,?,?) this.path/src/thispath.c:653
  [UP] unprotected variable ofile while calling allocating function Rf_defineVar(S:guiname,?,?) this.path/src/thispath.c:653
  [UP] unprotected variable path while calling allocating function Rf_defineVar(S:guiname,?,?) this.path/src/thispath.c:653

Function do_set_jupyter_path
  [UP] unprotected variable ofile while calling allocating function Rf_findVarInFrame this.path/src/thispath.c:455

Function do_wrap_source
  [PB] uses multiple pointer protection counters results will be incomplete
  [PB] uses multiple pointer protection counters results will be incomplete
  [UP] unprotected variable promise while calling allocating function Rf_asInteger this.path/src/setsyspath.c:87
  [UP] unprotected variable promise while calling allocating function Rf_eval this.path/src/setsyspath.c:87
  [UP] unprotected variable promise while calling allocating function sys_parent this.path/src/setsyspath.c:98
  [UP] unprotected variable promise while calling allocating function Rf_ScalarInteger this.path/src/setsyspath.c:115
  [UP] unprotected variable promise while calling allocating function Rf_cons(V,?) this.path/src/setsyspath.c:115
  [UP] unprotected variable promise while calling allocating function Rf_lcons this.path/src/setsyspath.c:116
  [UP] unprotected variable promise while calling allocating function getInFrame(S:sys.function,?,?) this.path/src/setsyspath.c:116
  [UP] unprotected variable promise while calling allocating function Rf_eval this.path/src/setsyspath.c:117
  [UP] calling allocating function R_compute_identical with argument allocated using getInFrame(S:withArgs,?,?) this.path/src/setsyspath.c:121
  [UP] unprotected variable promise while calling allocating function R_compute_identical this.path/src/setsyspath.c:121
  [UP] unprotected variable promise while calling allocating function getInFrame(S:withArgs,?,?) this.path/src/setsyspath.c:121
  [UP] unprotected variable promise while calling allocating function on_exit_SET_PRSEEN_2 this.path/src/setsyspath.c:182
  [UP] unprotected variable ptr while calling allocating function PRVALUE this.path/src/setsyspath.c:202
  [UP] unprotected variable ptr while calling allocating function Rf_cons this.path/src/setsyspath.c:202
  [UP] unprotected variable promises while calling allocating function PRVALUE this.path/src/setsyspath.c:208
  [UP] unprotected variable ptr while calling allocating function PRVALUE this.path/src/setsyspath.c:208
  [UP] unprotected variable ptr while calling allocating function Rf_cons this.path/src/setsyspath.c:208
  [UP] unprotected variable promise while calling allocating function INCREMENT_NAMED_defineVar(S:.this.path::document.context,?,?) this.path/src/setsyspath.c:258
  [UP] unprotected variable promises while calling allocating function INCREMENT_NAMED_defineVar(S:.this.path::document.context,?,?) this.path/src/setsyspath.c:258
  [UP] unprotected variable ptr while calling allocating function INCREMENT_NAMED_defineVar(S:.this.path::document.context,?,?) this.path/src/setsyspath.c:258
  [UP] unprotected variable promise while calling allocating function R_LockBinding(S:.this.path::document.context,?) this.path/src/setsyspath.c:259
  [UP] unprotected variable promises while calling allocating function R_LockBinding(S:.this.path::document.context,?) this.path/src/setsyspath.c:259
  [UP] unprotected variable ptr while calling allocating function R_LockBinding(S:.this.path::document.context,?) this.path/src/setsyspath.c:259
  [UP] unprotected variable promises while calling allocating function Rf_eval this.path/src/setsyspath.c:260
  [UP] unprotected variable ptr while calling allocating function Rf_eval this.path/src/setsyspath.c:260
  [UP] unprotected variable promises while calling allocating function Rf_duplicate this.path/src/setsyspath.c:268
  [UP] unprotected variable ptr while calling allocating function Rf_duplicate this.path/src/setsyspath.c:268
  [UP] unprotected variable promises while calling allocating function findFunction3 this.path/src/setsyspath.c:275
  [UP] unprotected variable ptr while calling allocating function findFunction3 this.path/src/setsyspath.c:275
  [UP] unprotected variable promises while calling allocating function Rf_eval this.path/src/setsyspath.c:277
  [UP] unprotected variable ptr while calling allocating function Rf_eval this.path/src/setsyspath.c:277
  [UP] unprotected variable promises while calling allocating function Rf_findVar(S:...,?) this.path/src/setsyspath.c:318
  [UP] unprotected variable ptr while calling allocating function Rf_findVar(S:...,?) this.path/src/setsyspath.c:318
  [UP] unprotected variable dots while calling allocating function Rf_pmatch this.path/src/setsyspath.c:321
  [UP] unprotected variable promises while calling allocating function Rf_pmatch this.path/src/setsyspath.c:321
  [UP] unprotected variable ptr while calling allocating function Rf_pmatch this.path/src/setsyspath.c:321
  [UP] unprotected variable dots while calling allocating function Rf_pmatch this.path/src/setsyspath.c:334
  [UP] unprotected variable promises while calling allocating function Rf_pmatch this.path/src/setsyspath.c:334
  [UP] unprotected variable ptr while calling allocating function Rf_pmatch this.path/src/setsyspath.c:334
  [UP] unprotected variable dots while calling allocating function Rf_pmatch this.path/src/setsyspath.c:354
  [UP] unprotected variable promises while calling allocating function Rf_pmatch this.path/src/setsyspath.c:354
  [UP] unprotected variable ptr while calling allocating function Rf_pmatch this.path/src/setsyspath.c:354
  [UP] unprotected variable dots while calling allocating function Rf_pmatch this.path/src/setsyspath.c:367
  [UP] unprotected variable promises while calling allocating function Rf_pmatch this.path/src/setsyspath.c:367
  [UP] unprotected variable ptr while calling allocating function Rf_pmatch this.path/src/setsyspath.c:367
  [UP] unprotected variable promises while calling allocating function Rf_findVar(S:...,?) this.path/src/setsyspath.c:417
  [UP] unprotected variable ptr while calling allocating function Rf_findVar(S:...,?) this.path/src/setsyspath.c:417
  [UP] unprotected variable promises while calling allocating function INCREMENT_NAMED_defineVar(S:.this.path::document.context,?,?) this.path/src/setsyspath.c:436
  [UP] unprotected variable ptr while calling allocating function INCREMENT_NAMED_defineVar(S:.this.path::document.context,?,?) this.path/src/setsyspath.c:436
  [UP] unprotected variable promises while calling allocating function R_LockBinding(S:.this.path::document.context,?) this.path/src/setsyspath.c:437
  [UP] unprotected variable ptr while calling allocating function R_LockBinding(S:.this.path::document.context,?) this.path/src/setsyspath.c:437
  [UP] unprotected variable promises while calling allocating function Rf_eval this.path/src/setsyspath.c:438
  [UP] unprotected variable ptr while calling allocating function Rf_eval this.path/src/setsyspath.c:438
  [UP] unprotected variable promises while calling allocating function Rf_eval this.path/src/setsyspath.c:447
  [UP] unprotected variable promises while calling allocating function Rf_eval this.path/src/setsyspath.c:453
  [UP] unprotected variable promises while calling allocating function makeEVPROMISE this.path/src/setsyspath.c:463
  [UP] unprotected variable promises while calling allocating function PRVALUE this.path/src/setsyspath.c:473
  [UP] unprotected variable promises while calling allocating function DocumentContext this.path/src/setsyspath.c:479
  [UP] unprotected variable promises while calling allocating function INCREMENT_NAMED_defineVar(S:.this.path::document.context,?,?) this.path/src/setsyspath.c:479
  [UP] unprotected variable promises while calling allocating function INCREMENT_NAMED_defineVar(S:errcnd,V,?) this.path/src/setsyspath.c:479
  [UP] unprotected variable promises while calling allocating function INCREMENT_NAMED_defineVar(S:for.msg,V,?) this.path/src/setsyspath.c:479
  [UP] unprotected variable promises while calling allocating function INCREMENT_NAMED_defineVar(S:source,?,?) this.path/src/setsyspath.c:479
  [UP] unprotected variable promises while calling allocating function R_LockBinding(S:.this.path::document.context,?) this.path/src/setsyspath.c:479
  [UP] unprotected variable promises while calling allocating function Rf_ScalarString this.path/src/setsyspath.c:479
  [UP] unprotected variable promises while calling allocating function Rf_defineVar(S:associated.with.file,?,?) this.path/src/setsyspath.c:479
  [UP] unprotected variable promises while calling allocating function Rf_eval this.path/src/setsyspath.c:479
  [UP] unprotected variable promises while calling allocating function Rf_mkChar this.path/src/setsyspath.c:479
  [UP] unprotected variable promises while calling allocating function Rf_mkCharCE this.path/src/setsyspath.c:479
  [UP] unprotected variable promises while calling allocating function Rf_translateCharUTF8 this.path/src/setsyspath.c:479
  [UP] unprotected variable promises while calling allocating function ThisPathInZipFileError this.path/src/setsyspath.c:479
  [UP] unprotected variable promises while calling allocating function ThisPathNotFoundError this.path/src/setsyspath.c:479
  [UP] unprotected variable promises while calling allocating function ThisPathUnrecognizedConnectionClassError this.path/src/setsyspath.c:479
  [UP] unprotected variable promises while calling allocating function assign_default this.path/src/setsyspath.c:479
  [UP] unprotected variable promises while calling allocating function assign_file_uri this.path/src/setsyspath.c:479
  [UP] unprotected variable promises while calling allocating function assign_file_uri2 this.path/src/setsyspath.c:479
  [UP] unprotected variable promises while calling allocating function assign_url this.path/src/setsyspath.c:479
  [UP] unprotected variable promises while calling allocating function assign_url(V,?,?) this.path/src/setsyspath.c:479
  [UP] unprotected variable promises while calling allocating function getInFrame(S:file,?,?) this.path/src/setsyspath.c:479
  [UP] unprotected variable promises while calling allocating function stop(V) this.path/src/setsyspath.c:479
  [UP] unprotected variable promises while calling allocating function summaryconnection this.path/src/setsyspath.c:479
  [UP] unsupported form of unprotect, unprotecting all variables, results will be incomplete this.path/src/setsyspath.c:479

Function findFunction3
  [UP] calling allocating function Rf_eval with a fresh pointer (vl <arg 1>) this.path/src/thispathdefn.c:170

Function get_file_from_closure
  [UP] calling allocating function Rf_eval with a fresh pointer (ofile <arg 1>) this.path/src/./get_file_from_closure.h:77
  [UP] calling allocating function Rf_eval with a fresh pointer (file <arg 1>) this.path/src/./get_file_from_closure.h:80

Function get_file_from_closure.803
  [UP] calling allocating function Rf_eval with a fresh pointer (ofile <arg 1>) this.path/src/./get_file_from_closure.h:77
  [UP] calling allocating function Rf_eval with a fresh pointer (file <arg 1>) this.path/src/./get_file_from_closure.h:80

Function my_PrintObjectS4
  [UP] unprotected variable methods while calling allocating function R_NewEnv this.path/src/print.c:23
  [UP] calling allocating function getInFrame(S:show,?,?) with a fresh pointer (methods <arg 2>) this.path/src/print.c:27

Function on_exit_SET_PRSEEN_2
  [UP] unprotected variable ptr while calling allocating function Rf_cons this.path/src/setsyspath.c:52
  [UP] unprotected variable ptr while calling allocating function getInFrame(S:.C_SET_PRSEEN_2,?,?) this.path/src/setsyspath.c:52
  [UP] unprotected variable ptr while calling allocating function Rf_lcons this.path/src/setsyspath.c:53
  [UP] unprotected variable ptr while calling allocating function getInFrame(S:.External2,?,?) this.path/src/setsyspath.c:53
  [UP] unprotected variable ptr while calling allocating function Rf_cons this.path/src/setsyspath.c:58
  [UP] unprotected variable ptr while calling allocating function Rf_lcons this.path/src/setsyspath.c:60
  [UP] unprotected variable ptr while calling allocating function getInFrame(S:on.exit,?,?) this.path/src/setsyspath.c:60
  [UP] unprotected variable ptr while calling allocating function Rf_eval this.path/src/setsyspath.c:61

Function path_join
  [UP] unprotected variable dots while calling allocating function Rf_allocVector this.path/src/pathjoin.c:598

Function path_unsplit
  [UP] unprotected variable dots while calling allocating function Rf_allocVector this.path/src/pathsplit.c:337

Function set_path
  [PB] uses multiple pointer protection counters results will be incomplete
  [PB] uses multiple pointer protection counters results will be incomplete
  [UP] calling allocating function R_compute_identical with argument allocated using getInFrame(S:wrap.source,?,?) this.path/src/setsyspath.c:559
  [UP] calling allocating function duplicateEnv with a fresh pointer (documentcontext <arg 1>) this.path/src/setsyspath.c:613
  [UP] allocating function INCREMENT_NAMED_defineVar(S:.this.path::document.context,?,?) may destroy its unprotected argument (documentcontext <arg 2>), which is later used. this.path/src/setsyspath.c:614
  [UP] unprotected variable documentcontext while calling allocating function R_LockBinding(S:.this.path::document.context,?) this.path/src/setsyspath.c:615
  [UP] allocating function Rf_findVarInFrame(?,S:source) may destroy its unprotected argument (documentcontext <arg 1>), which is later used. this.path/src/setsyspath.c:616
  [UP] calling allocating function Rf_findVarInFrame(?,S:source) with a fresh pointer (documentcontext <arg 1>) this.path/src/setsyspath.c:616
  [UP] unprotected variable documentcontext while calling allocating function Rf_mkChar this.path/src/setsyspath.c:625
  [UP] unprotected variable documentcontext while calling allocating function Rf_mkChar this.path/src/setsyspath.c:631
  [UP] allocating function INCREMENT_NAMED_defineVar(S:source,?,?) may destroy its unprotected argument (documentcontext <arg 3>), which is later used. this.path/src/setsyspath.c:633
  [UP] calling allocating function INCREMENT_NAMED_defineVar(S:source,?,?) with a fresh pointer (documentcontext <arg 3>) this.path/src/setsyspath.c:633
  [UP] calling allocating function MARK_NOT_MUTABLE_defineVar(S:n,V,?) with a fresh pointer (documentcontext <arg 3>) this.path/src/setsyspath.c:635
  [UP] unprotected variable documentcontext while calling allocating function Rf_ScalarInteger this.path/src/setsyspath.c:635
  [UP] allocating function R_existsVarInFrame(?,S:set.sys.path.was.here) may destroy its unprotected argument (documentcontext <arg 1>), which is later used. this.path/src/setsyspath.c:647
  [UP] calling allocating function R_existsVarInFrame(?,S:set.sys.path.was.here) with a fresh pointer (documentcontext <arg 1>) this.path/src/setsyspath.c:647
  [UP] unprotected variable documentcontext while calling allocating function Rf_topenv this.path/src/setsyspath.c:665
  [UP] unprotected variable documentcontext while calling allocating function R_IsNamespaceEnv this.path/src/setsyspath.c:668
  [UP] unprotected variable documentcontext while calling allocating function R_existsVarInFrame(?,S:.this.path::document.context) this.path/src/setsyspath.c:690
  [UP] allocating function document_context_assign_lines may destroy its unprotected argument (documentcontext <arg 1>), which is later used. this.path/src/setsyspath.c:697
  [UP] calling allocating function document_context_assign_lines with a fresh pointer (documentcontext <arg 1>) this.path/src/setsyspath.c:697
  [UP] unsupported form of unprotect, unprotecting all variables, results will be incomplete this.path/src/setsyspath.c:882

Function startup_file
  [UP] unprotected variable promise while calling allocating function getInFrame(S:withVisible,?,?) this.path/src/startup.c:39
  [UP] unprotected variable promise while calling allocating function on_exit_SET_PRSEEN_2 this.path/src/startup.c:52
  [UP] unprotected variable ptr while calling allocating function Rf_cons this.path/src/startup.c:53
  [UP] unprotected variable promise while calling allocating function Rf_warning this.path/src/startup.c:59
  [UP] unprotected variable ptr while calling allocating function Rf_warning this.path/src/startup.c:59
  [UP] unprotected variable promise while calling allocating function Rf_cons this.path/src/startup.c:66
  [UP] unprotected variable promise while calling allocating function Rf_lcons this.path/src/startup.c:66
  [UP] unprotected variable ptr while calling allocating function Rf_cons this.path/src/startup.c:66
  [UP] unprotected variable ptr while calling allocating function Rf_lcons this.path/src/startup.c:66
  [UP] unprotected variable promise while calling allocating function Rf_eval this.path/src/startup.c:67
  [UP] unprotected variable ptr while calling allocating function Rf_eval this.path/src/startup.c:67
  [UP] unprotected variable promise while calling allocating function my_PrintValueEnv this.path/src/startup.c:69
  [UP] unprotected variable ptr while calling allocating function my_PrintValueEnv this.path/src/startup.c:69

Function tryCatch
  [UP] unprotected variable dots while calling allocating function Rf_findVarInFrame(?,S:else.) this.path/src/error.c:296
  [UP] unprotected variable dots while calling allocating function Rf_allocSExp this.path/src/error.c:312
  [UP] unprotected variable else_ while calling allocating function Rf_allocSExp this.path/src/error.c:312
  [UP] allocating function MARK_NOT_MUTABLE_defineVar(S:fun,?,?) may destroy its unprotected argument (fun <arg 2>), which is later used. this.path/src/error.c:313
  [UP] unprotected variable dots while calling allocating function MARK_NOT_MUTABLE_defineVar(S:fun,?,?) this.path/src/error.c:313
  [UP] unprotected variable else_ while calling allocating function MARK_NOT_MUTABLE_defineVar(S:fun,?,?) this.path/src/error.c:313
  [UP] unprotected variable dots while calling allocating function Rf_cons this.path/src/error.c:314
  [UP] unprotected variable else_ while calling allocating function Rf_cons this.path/src/error.c:314
  [UP] unprotected variable fun while calling allocating function Rf_cons this.path/src/error.c:314
  [UP] unprotected variable dots while calling allocating function Rf_lcons(S:invisible,?) this.path/src/error.c:316
  [UP] unprotected variable else_ while calling allocating function Rf_lcons(S:invisible,?) this.path/src/error.c:316
  [UP] unprotected variable fun while calling allocating function Rf_lcons(S:invisible,?) this.path/src/error.c:316
  [UP] unprotected variable dots while calling allocating function Rf_install this.path/src/error.c:324
  [UP] unprotected variable else_ while calling allocating function Rf_install this.path/src/error.c:324
  [UP] unprotected variable dots while calling allocating function Rf_cons this.path/src/error.c:326
  [UP] unprotected variable dots while calling allocating function Rf_cons(S:fun,?) this.path/src/error.c:326
  [UP] unprotected variable else_ while calling allocating function Rf_cons this.path/src/error.c:326
  [UP] unprotected variable else_ while calling allocating function Rf_cons(S:fun,?) this.path/src/error.c:326
  [UP] unprotected variable dots while calling allocating function Rf_allocSExp this.path/src/error.c:335
  [UP] unprotected variable else_ while calling allocating function Rf_allocSExp this.path/src/error.c:335
  [UP] unprotected variable dots while calling allocating function Rf_cons this.path/src/error.c:338
  [UP] unprotected variable else_ while calling allocating function Rf_cons this.path/src/error.c:338
  [UP] unprotected variable dots while calling allocating function Rf_cons this.path/src/error.c:340
  [UP] unprotected variable dots while calling allocating function Rf_lcons(S:invisible,?) this.path/src/error.c:340
  [UP] unprotected variable dots while calling allocating function Rf_lcons(S:{,?) this.path/src/error.c:340
  [UP] unprotected variable else_ while calling allocating function Rf_cons this.path/src/error.c:340
  [UP] unprotected variable else_ while calling allocating function Rf_lcons(S:invisible,?) this.path/src/error.c:340
  [UP] unprotected variable else_ while calling allocating function Rf_lcons(S:{,?) this.path/src/error.c:340
  [UP] unprotected variable formals while calling allocating function Rf_cons this.path/src/error.c:340
  [UP] unprotected variable formals while calling allocating function Rf_lcons(S:invisible,?) this.path/src/error.c:340
  [UP] unprotected variable formals while calling allocating function Rf_lcons(S:{,?) this.path/src/error.c:340
  [UP] unprotected variable dots while calling allocating function Rf_cons(S:c,?) this.path/src/error.c:345
  [UP] unprotected variable dots while calling allocating function Rf_lcons(S:.last.condition,?) this.path/src/error.c:345
  [UP] unprotected variable else_ while calling allocating function Rf_cons(S:c,?) this.path/src/error.c:345
  [UP] unprotected variable else_ while calling allocating function Rf_lcons(S:.last.condition,?) this.path/src/error.c:345
  [UP] unprotected variable formals while calling allocating function Rf_cons(S:c,?) this.path/src/error.c:345
  [UP] unprotected variable formals while calling allocating function Rf_lcons(S:.last.condition,?) this.path/src/error.c:345
  [UP] unprotected variable assign_last_condition while calling allocating function Rf_allocVector this.path/src/error.c:349
  [UP] unprotected variable dots while calling allocating function Rf_allocVector this.path/src/error.c:349
  [UP] unprotected variable else_ while calling allocating function Rf_allocVector this.path/src/error.c:349
  [UP] unprotected variable formals while calling allocating function Rf_allocVector this.path/src/error.c:349
  [UP] allocating function MARK_NOT_MUTABLE_defineVar(S:funs,V,?) may destroy its unprotected argument (funs <arg 2>), which is later used. this.path/src/error.c:350
  [UP] unprotected variable assign_last_condition while calling allocating function MARK_NOT_MUTABLE_defineVar(S:funs,V,?) this.path/src/error.c:350
  [UP] unprotected variable dots while calling allocating function MARK_NOT_MUTABLE_defineVar(S:funs,V,?) this.path/src/error.c:350
  [UP] unprotected variable else_ while calling allocating function MARK_NOT_MUTABLE_defineVar(S:funs,V,?) this.path/src/error.c:350
  [UP] unprotected variable formals while calling allocating function MARK_NOT_MUTABLE_defineVar(S:funs,V,?) this.path/src/error.c:350
  [UP] unprotected variable assign_last_condition while calling allocating function Rf_allocSExp this.path/src/error.c:356
  [UP] unprotected variable dots while calling allocating function Rf_allocSExp this.path/src/error.c:356
  [UP] unprotected variable else_ while calling allocating function Rf_allocSExp this.path/src/error.c:356
  [UP] unprotected variable formals while calling allocating function Rf_allocSExp this.path/src/error.c:356
  [UP] unprotected variable funs while calling allocating function Rf_allocSExp this.path/src/error.c:356
  [UP] unprotected variable assign_last_condition while calling allocating function Rf_cons this.path/src/error.c:360
  [UP] unprotected variable assign_last_condition while calling allocating function Rf_install this.path/src/error.c:360
  [UP] unprotected variable assign_last_condition while calling allocating function Rf_lcons(S:{,?) this.path/src/error.c:360
  [UP] unprotected variable dots while calling allocating function Rf_cons this.path/src/error.c:360
  [UP] unprotected variable dots while calling allocating function Rf_install this.path/src/error.c:360
  [UP] unprotected variable dots while calling allocating function Rf_lcons(S:{,?) this.path/src/error.c:360
  [UP] unprotected variable else_ while calling allocating function Rf_cons this.path/src/error.c:360
  [UP] unprotected variable else_ while calling allocating function Rf_install this.path/src/error.c:360
  [UP] unprotected variable else_ while calling allocating function Rf_lcons(S:{,?) this.path/src/error.c:360
  [UP] unprotected variable formals while calling allocating function Rf_cons this.path/src/error.c:360
  [UP] unprotected variable formals while calling allocating function Rf_install this.path/src/error.c:360
  [UP] unprotected variable formals while calling allocating function Rf_lcons(S:{,?) this.path/src/error.c:360
  [UP] unprotected variable fun0 while calling allocating function Rf_cons this.path/src/error.c:360
  [UP] unprotected variable fun0 while calling allocating function Rf_install this.path/src/error.c:360
  [UP] unprotected variable fun0 while calling allocating function Rf_lcons(S:{,?) this.path/src/error.c:360
  [UP] unprotected variable funs while calling allocating function Rf_cons this.path/src/error.c:360
  [UP] unprotected variable funs while calling allocating function Rf_install this.path/src/error.c:360
  [UP] unprotected variable funs while calling allocating function Rf_lcons(S:{,?) this.path/src/error.c:360
  [UP] unprotected variable assign_last_condition while calling allocating function Rf_ScalarInteger this.path/src/error.c:366
  [UP] unprotected variable assign_last_condition while calling allocating function Rf_cons this.path/src/error.c:366
  [UP] unprotected variable assign_last_condition while calling allocating function Rf_cons(S:funs,?) this.path/src/error.c:366
  [UP] unprotected variable assign_last_condition while calling allocating function Rf_cons(V,?) this.path/src/error.c:366
  [UP] unprotected variable assign_last_condition while calling allocating function Rf_lcons(S:[[,?) this.path/src/error.c:366
  [UP] unprotected variable dots while calling allocating function Rf_ScalarInteger this.path/src/error.c:366
  [UP] unprotected variable dots while calling allocating function Rf_cons this.path/src/error.c:366
  [UP] unprotected variable dots while calling allocating function Rf_cons(S:funs,?) this.path/src/error.c:366
  [UP] unprotected variable dots while calling allocating function Rf_cons(V,?) this.path/src/error.c:366
  [UP] unprotected variable dots while calling allocating function Rf_lcons(S:[[,?) this.path/src/error.c:366
  [UP] unprotected variable else_ while calling allocating function Rf_ScalarInteger this.path/src/error.c:366
  [UP] unprotected variable else_ while calling allocating function Rf_cons this.path/src/error.c:366
  [UP] unprotected variable else_ while calling allocating function Rf_cons(S:funs,?) this.path/src/error.c:366
  [UP] unprotected variable else_ while calling allocating function Rf_cons(V,?) this.path/src/error.c:366
  [UP] unprotected variable else_ while calling allocating function Rf_lcons(S:[[,?) this.path/src/error.c:366
  [UP] unprotected variable formals while calling allocating function Rf_ScalarInteger this.path/src/error.c:366
  [UP] unprotected variable formals while calling allocating function Rf_cons this.path/src/error.c:366
  [UP] unprotected variable formals while calling allocating function Rf_cons(S:funs,?) this.path/src/error.c:366
  [UP] unprotected variable formals while calling allocating function Rf_cons(V,?) this.path/src/error.c:366
  [UP] unprotected variable formals while calling allocating function Rf_lcons(S:[[,?) this.path/src/error.c:366
  [UP] unprotected variable fun0 while calling allocating function Rf_ScalarInteger this.path/src/error.c:366
  [UP] unprotected variable fun0 while calling allocating function Rf_cons this.path/src/error.c:366
  [UP] unprotected variable fun0 while calling allocating function Rf_cons(S:funs,?) this.path/src/error.c:366
  [UP] unprotected variable fun0 while calling allocating function Rf_cons(V,?) this.path/src/error.c:366
  [UP] unprotected variable fun0 while calling allocating function Rf_lcons(S:[[,?) this.path/src/error.c:366
  [UP] unprotected variable funs while calling allocating function Rf_ScalarInteger this.path/src/error.c:366
  [UP] unprotected variable funs while calling allocating function Rf_cons this.path/src/error.c:366
  [UP] unprotected variable funs while calling allocating function Rf_cons(S:funs,?) this.path/src/error.c:366
  [UP] unprotected variable funs while calling allocating function Rf_cons(V,?) this.path/src/error.c:366
  [UP] unprotected variable funs while calling allocating function Rf_lcons(S:[[,?) this.path/src/error.c:366
  [UP] unprotected variable else_ while calling allocating function Rf_cons(S:expr,?) this.path/src/error.c:385
  [UP] unprotected variable else_ while calling allocating function Rf_lcons(S:tryCatch,?) this.path/src/error.c:387

Function unLockEnvironment
  [UP] allocating function R_lsInternal3 may destroy its unprotected argument (env <arg 1>), which is later used. this.path/src/promises.c:353
  [UP] calling allocating function R_lsInternal3 with a fresh pointer (env <arg 1>) this.path/src/promises.c:353
  [UP] allocating function R_unLockBinding may destroy its unprotected argument (env <arg 2>), which is later used. this.path/src/promises.c:356
  [UP] calling allocating function R_unLockBinding with a fresh pointer (env <arg 2>) this.path/src/promises.c:356
  [UP] unprotected variable env while calling allocating function Rf_installTrChar this.path/src/promises.c:356
