Package tidyr version 1.1.2
Package built using 79393/R 4.1.0; x86_64-pc-linux-gnu; 2020-11-02 14:44:15 UTC; unix   
Checked with rchk version 1df3a0cc105e4278d3a4b8e1215f64bf6611d1e8 LLVM version 10.0.1
More information at https://github.com/kalibera/cran-checks/blob/master/rchk/PROTECT.md


Function _tidyr_fillDown
  [UP] ignoring variable <unnamed var:   %7 = alloca %struct.SEXPREC*, align 8> as it has address taken, results will be incomplete 

Function _tidyr_fillUp
  [UP] ignoring variable <unnamed var:   %7 = alloca %struct.SEXPREC*, align 8> as it has address taken, results will be incomplete 

Function cpp11::attribute_proxy<cpp11::r_vector<SEXPREC*> >::operator SEXPREC*() const
  [UP] ignoring variable <unnamed var:   %4 = alloca %struct.SEXPREC*, align 8> as it has address taken, results will be incomplete 

Function cpp11::writable::r_vector<SEXPREC*>::r_vector(std::initializer_list<cpp11::named_arg>)::{lambda()#1}::operator()() const
  [PB] has an unsupported form of unprotect (not constant, not variable), results will be incomplete cpp11/include/cpp11/list.hpp:102
  [UP] unsupported form of unprotect, unprotecting all variables, results will be incomplete cpp11/include/cpp11/list.hpp:102

Function melt_dataframe(cpp11::data_frame, cpp11::r_vector<int> const&, cpp11::r_vector<int> const&, cpp11::r_vector<cpp11::r_string>, cpp11::r_vector<cpp11::r_string>, cpp11::sexp, bool, bool, bool)
  [UP] ignoring variable <unnamed var:   %30 = alloca %struct.SEXPREC*, align 8> as it has address taken, results will be incomplete 
  [UP] ignoring variable <unnamed var:   %37 = alloca %struct.SEXPREC*, align 8> as it has address taken, results will be incomplete 
  [UP] ignoring variable <unnamed var:   %41 = alloca %struct.SEXPREC*, align 8> as it has address taken, results will be incomplete 
  [UP] ignoring variable <unnamed var:   %45 = alloca %struct.SEXPREC*, align 8> as it has address taken, results will be incomplete 

Function simplifyPieces(cpp11::r_vector<SEXPREC*>, int, bool)
  [UP] ignoring variable <unnamed var:   %15 = alloca %struct.SEXPREC*, align 8> as it has address taken, results will be incomplete 
