Package timechange version 0.3.0
Package built using 86189/R 4.4.0; x86_64-pc-linux-gnu; 2024-03-25 22:56:59 UTC; unix   
Checked with rchk version fdc068715daa3a256062cc20e0d4a5157dacc9a4 LLVM version 14.0.6
More information at https://github.com/kalibera/cran-checks/blob/master/rchk/PROTECT.md
For rchk in docker image see https://github.com/kalibera/rchk/blob/master/doc/DOCKER.md


Function C_time_get(cpp11::r_vector<double> const&, cpp11::r_vector<cpp11::r_string> const&, int)
  [UP] ignoring variable <unnamed var:   %102 = alloca %struct.SEXPREC*, align 8> as it has address taken, results will be incomplete 
  [UP] ignoring variable <unnamed var:   %106 = alloca %struct.SEXPREC*, align 8> as it has address taken, results will be incomplete 
  [UP] ignoring variable <unnamed var:   %110 = alloca %struct.SEXPREC*, align 8> as it has address taken, results will be incomplete 
  [UP] ignoring variable <unnamed var:   %114 = alloca %struct.SEXPREC*, align 8> as it has address taken, results will be incomplete 
  [UP] ignoring variable <unnamed var:   %82 = alloca %struct.SEXPREC*, align 8> as it has address taken, results will be incomplete 
  [UP] ignoring variable <unnamed var:   %86 = alloca %struct.SEXPREC*, align 8> as it has address taken, results will be incomplete 
  [UP] ignoring variable <unnamed var:   %90 = alloca %struct.SEXPREC*, align 8> as it has address taken, results will be incomplete 
  [UP] ignoring variable <unnamed var:   %94 = alloca %struct.SEXPREC*, align 8> as it has address taken, results will be incomplete 
  [UP] ignoring variable <unnamed var:   %98 = alloca %struct.SEXPREC*, align 8> as it has address taken, results will be incomplete 

Function cpp11::attribute_proxy<cpp11::writable::r_vector<SEXPREC*> >::operator SEXPREC*() const
  [UP] ignoring variable <unnamed var:   %4 = alloca %struct.SEXPREC*, align 8> as it has address taken, results will be incomplete 

Function cpp11::attribute_proxy<cpp11::writable::r_vector<cpp11::r_string> >::operator SEXPREC*() const
  [UP] ignoring variable <unnamed var:   %4 = alloca %struct.SEXPREC*, align 8> as it has address taken, results will be incomplete 

Function cpp11::attribute_proxy<cpp11::writable::r_vector<double> >::operator SEXPREC*() const
  [UP] ignoring variable <unnamed var:   %4 = alloca %struct.SEXPREC*, align 8> as it has address taken, results will be incomplete 

Function cpp11::attribute_proxy<cpp11::writable::r_vector<int> >::operator SEXPREC*() const
  [UP] ignoring variable <unnamed var:   %4 = alloca %struct.SEXPREC*, align 8> as it has address taken, results will be incomplete 

Function cpp11::package::operator[](char const*)
  [UP] ignoring variable <unnamed var:   %7 = alloca %struct.SEXPREC*, align 8> as it has address taken, results will be incomplete 
