Package touch version 0.1-5
Package built using 79376/R 4.1.0; x86_64-pc-linux-gnu; 2020-10-27 14:01:29 UTC; unix   
Checked with rchk version 53e92298ce18bdbb81b74a94866e519bae0691be LLVM version 10.0.1
More information at https://github.com/kalibera/cran-checks/blob/master/rchk/PROTECT.md


Function Rcpp::Armor<SEXPREC*>::init(SEXPREC*)
  [PB] has possible protection stack imbalance Rcpp/include/Rcpp/protection/Armor.h:47

Function Rcpp::Armor<SEXPREC*>::~Armor()
  [PB] has negative depth Rcpp/include/Rcpp/protection/Armor.h:41
  [UP] attempt to unprotect more items (1) than protected (0), results will be incomplete Rcpp/include/Rcpp/protection/Armor.h:41
  [PB] has possible protection stack imbalance Rcpp/include/Rcpp/protection/Armor.h:42

Function Rcpp::Rcpp_protect(SEXPREC*)
  [PB] has possible protection stack imbalance Rcpp/include/Rcpp/protection/Shield.h:25

Function Rcpp::Rcpp_unprotect(int)
  [PB] has an unsupported form of unprotect with a variable results will be incomplete Rcpp/include/Rcpp/protection/Shield.h:31
  [UP] unsupported form of unprotect, unprotecting all variables, results will be incomplete Rcpp/include/Rcpp/protection/Shield.h:31

Function Rcpp::Vector<16, Rcpp::PreserveStorage>::Vector(SEXPREC*)
  [UP] calling allocating function Rcpp::PreserveStorage<Rcpp::Vector<16, Rcpp::PreserveStorage> >::set__(SEXPREC*) with argument allocated using SEXPREC* Rcpp::r_cast<16>(SEXPREC*) Rcpp/include/Rcpp/vector/Vector.h:74

Function Rcpp::Vector<19, Rcpp::PreserveStorage>::Vector(int const&)
  [UP] calling allocating function Rcpp::PreserveStorage<Rcpp::Vector<19, Rcpp::PreserveStorage> >::set__(SEXPREC*)(?,V) with argument allocated using Rf_allocVector Rcpp/include/Rcpp/vector/Vector.h:130

Function Rcpp::internal::convert_using_rfunction(SEXPREC*, char const*)
  [UP] ignoring variable <unnamed var:   %10 = alloca %struct.SEXPREC*, align 8> as it has address taken, results will be incomplete 

Function _ZN4Rcpp6VectorILi16ENS_15PreserveStorageEEC2ImEET_PNS_6traits9enable_ifIXsr6traits13is_arithmeticIS4_EE5valueEvE4typeE
  [UP] calling allocating function Rcpp::PreserveStorage<Rcpp::Vector<16, Rcpp::PreserveStorage> >::set__(SEXPREC*)(?,V) with argument allocated using Rf_allocVector Rcpp/include/Rcpp/vector/Vector.h:125

Function _touch_rcpp_gem
  [UP] ignoring variable <unnamed var:   %18 = alloca %struct.SEXPREC*, align 8> as it has address taken, results will be incomplete 

Function _touch_rcpp_split_string
  [UP] ignoring variable <unnamed var:   %12 = alloca %struct.SEXPREC*, align 8> as it has address taken, results will be incomplete 

Function _touch_rcpp_strcat
  [UP] ignoring variable <unnamed var:   %12 = alloca %struct.SEXPREC*, align 8> as it has address taken, results will be incomplete 

Function _touch_rcpp_strsplit
  [UP] ignoring variable <unnamed var:   %12 = alloca %struct.SEXPREC*, align 8> as it has address taken, results will be incomplete 

Function void Rcpp::Vector<16, Rcpp::PreserveStorage>::import_sugar_expression<true, Rcpp::sugar::Sapply<19, true, Rcpp::Vector<19, Rcpp::PreserveStorage>, Rcpp::String (*)(Rcpp::Vector<16, Rcpp::PreserveStorage> const&), false> >(Rcpp::VectorBase<16, true, Rcpp::sugar::Sapply<19, true, Rcpp::Vector<19, Rcpp::PreserveStorage>, Rcpp::String (*)(Rcpp::Vector<16, Rcpp::PreserveStorage> const&), false> > const&, Rcpp::traits::integral_constant<bool, false>)
  [UP] calling allocating function Rcpp::PreserveStorage<Rcpp::Vector<16, Rcpp::PreserveStorage> >::set__(SEXPREC*)(?,V) with argument allocated using Rf_allocVector Rcpp/include/Rcpp/vector/Vector.h:1070

Function void Rcpp::Vector<19, Rcpp::PreserveStorage>::import_sugar_expression<true, Rcpp::sugar::Lapply<16, true, Rcpp::Vector<16, Rcpp::PreserveStorage>, Rcpp::Vector<16, Rcpp::PreserveStorage> (*)(Rcpp::Vector<16, Rcpp::PreserveStorage> const&)> >(Rcpp::VectorBase<19, true, Rcpp::sugar::Lapply<16, true, Rcpp::Vector<16, Rcpp::PreserveStorage>, Rcpp::Vector<16, Rcpp::PreserveStorage> (*)(Rcpp::Vector<16, Rcpp::PreserveStorage> const&)> > const&, Rcpp::traits::integral_constant<bool, false>)
  [UP] calling allocating function Rcpp::PreserveStorage<Rcpp::Vector<19, Rcpp::PreserveStorage> >::set__(SEXPREC*)(?,V) with argument allocated using Rf_allocVector Rcpp/include/Rcpp/vector/Vector.h:1070
