Package tzdb version 0.4.0
Package built using 87358/R 4.5.0; x86_64-pc-linux-gnu; 2024-11-21 15:34:00 UTC; unix   
Checked with rchk version 35618ebbccf3cd0b45a3530e6303970a22a9056b LLVM version 14.0.6
More information at https://github.com/kalibera/cran-checks/blob/master/rchk/PROTECT.md
For rchk in docker image see https://github.com/kalibera/rchk/blob/master/doc/DOCKER.md


Function cpp11::detail::store::insert(SEXPREC*)
  [PB] has negative depth cpp11/include/cpp11/protect.hpp:313
  [UP] attempt to unprotect more items (2) than protected (0), results will be incomplete cpp11/include/cpp11/protect.hpp:313
  [PB] has possible protection stack imbalance cpp11/include/cpp11/protect.hpp:316

Function cpp11::writable::r_vector<cpp11::r_string>::reserve_data(SEXPREC*, bool, long)
  [PB] has negative depth cpp11/include/cpp11/r_vector.hpp:1341
  [UP] attempt to unprotect more items (1) than protected (0), results will be incomplete cpp11/include/cpp11/r_vector.hpp:1341
  [PB] has possible protection stack imbalance cpp11/include/cpp11/r_vector.hpp:1342

Function cpp11::writable::r_vector<cpp11::r_string>::resize_data(SEXPREC*, bool, long)
  [PB] has negative depth cpp11/include/cpp11/r_vector.hpp:1366
  [UP] attempt to unprotect more items (1) than protected (0), results will be incomplete cpp11/include/cpp11/r_vector.hpp:1366
  [PB] has possible protection stack imbalance cpp11/include/cpp11/r_vector.hpp:1367

Function cpp11::writable::r_vector<cpp11::r_string>::resize_names(SEXPREC*, long)
  [PB] has negative depth cpp11/include/cpp11/r_vector.hpp:1388
  [UP] attempt to unprotect more items (1) than protected (0), results will be incomplete cpp11/include/cpp11/r_vector.hpp:1388
  [PB] has possible protection stack imbalance cpp11/include/cpp11/r_vector.hpp:1389
