Package understandBPMN version 1.1.0
Package built using 76619/R 3.7.0; x86_64-pc-linux-gnu; 2019-05-30 23:00:54 UTC; unix   
Checked with rchk version e904af503d348d9704682081216d92ba35f57e07
More information at https://github.com/kalibera/cran-checks/blob/master/rchk/PROTECT.md


Function Rcpp::Armor<SEXPREC*>::init(SEXPREC*)
  [PB] has possible protection stack imbalance Rcpp/include/Rcpp/protection/Armor.h:47

Function Rcpp::Armor<SEXPREC*>::~Armor()
  [PB] has negative depth Rcpp/include/Rcpp/protection/Armor.h:41
  [UP] attempt to unprotect more items (1) than protected (0), results will be incomplete Rcpp/include/Rcpp/protection/Armor.h:41
  [PB] has possible protection stack imbalance Rcpp/include/Rcpp/protection/Armor.h:42

Function Rcpp::Rcpp_protect(SEXPREC*)
  [PB] has possible protection stack imbalance Rcpp/include/Rcpp/protection/Shield.h:25

Function Rcpp::Rcpp_unprotect(int)
  [PB] has an unsupported form of unprotect with a variable results will be incomplete Rcpp/include/Rcpp/protection/Shield.h:31
  [UP] unsupported form of unprotect, unprotecting all variables, results will be incomplete Rcpp/include/Rcpp/protection/Shield.h:31

Function Rcpp::internal::convert_using_rfunction(SEXPREC*, char const*)
  [UP] ignoring variable <unnamed var:   %9 = alloca %struct.SEXPREC*, align 8> as it has address taken, results will be incomplete 
  [UP] calling allocating function Rcpp::Rcpp_fast_eval(SEXPREC*, SEXPREC*) with argument allocated using Rf_lang2 Rcpp/include/Rcpp/r_cast.h:34

Function _understandBPMN_createPathLog
  [UP] ignoring variable <unnamed var:   %21 = alloca %struct.SEXPREC*, align 8> as it has address taken, results will be incomplete 

Function _understandBPMN_maxV
  [UP] ignoring variable <unnamed var:   %18 = alloca %struct.SEXPREC*, align 8> as it has address taken, results will be incomplete 

Function _understandBPMN_unstructuredElements
  [UP] ignoring variable <unnamed var:   %21 = alloca %struct.SEXPREC*, align 8> as it has address taken, results will be incomplete 

Function _understandBPMN_valueOfConnectionPaths
  [UP] ignoring variable <unnamed var:   %21 = alloca %struct.SEXPREC*, align 8> as it has address taken, results will be incomplete 

Function void Rcpp::Vector<16, Rcpp::PreserveStorage>::push_back<Rcpp::String>(Rcpp::String const&)
  [UP] ignoring variable <unnamed var:   %5 = alloca %struct.SEXPREC*, align 8> as it has address taken, results will be incomplete 

Function void Rcpp::Vector<16, Rcpp::PreserveStorage>::push_back<Rcpp::internal::string_proxy<16, Rcpp::PreserveStorage> >(Rcpp::internal::string_proxy<16, Rcpp::PreserveStorage> const&)
  [UP] ignoring variable <unnamed var:   %5 = alloca %struct.SEXPREC*, align 8> as it has address taken, results will be incomplete 

Function void Rcpp::Vector<16, Rcpp::PreserveStorage>::push_back<char [5]>(char const (&) [5])
  [UP] ignoring variable <unnamed var:   %5 = alloca %struct.SEXPREC*, align 8> as it has address taken, results will be incomplete 

Function void Rcpp::Vector<16, Rcpp::PreserveStorage>::push_back<char [6]>(char const (&) [6])
  [UP] ignoring variable <unnamed var:   %5 = alloca %struct.SEXPREC*, align 8> as it has address taken, results will be incomplete 

Function void Rcpp::Vector<19, Rcpp::PreserveStorage>::push_back<Rcpp::Vector<16, Rcpp::PreserveStorage> >(Rcpp::Vector<16, Rcpp::PreserveStorage> const&)
  [UP] ignoring variable <unnamed var:   %5 = alloca %struct.SEXPREC*, align 8> as it has address taken, results will be incomplete 

Function void Rcpp::Vector<19, Rcpp::PreserveStorage>::push_back<Rcpp::internal::generic_proxy<19, Rcpp::PreserveStorage> >(Rcpp::internal::generic_proxy<19, Rcpp::PreserveStorage> const&)
  [UP] ignoring variable <unnamed var:   %5 = alloca %struct.SEXPREC*, align 8> as it has address taken, results will be incomplete 
