Package unfoldr version 0.7
Package built using 80023/R 4.1.0; x86_64-pc-linux-gnu; 2021-02-19 13:35:35 UTC; unix   
Checked with rchk version 3d653b7c8f92dac912532856b55f44d2986c6553 LLVM version 10.0.1
More information at https://github.com/kalibera/cran-checks/blob/master/rchk/PROTECT.md
For rchk in docker image see https://github.com/kalibera/rchk/blob/master/doc/DOCKER.md


Function PoissonSystem
  [PB] has negative depth unfoldr/src/SimPoisson.cpp:310
  [UP] unsupported form of unprotect, unprotecting all variables, results will be incomplete unfoldr/src/SimPoisson.cpp:310
  [PB] has possible protection stack imbalance unfoldr/src/SimPoisson.cpp:312

Function UpdateIntersections
  [PB] has negative depth unfoldr/src/SimPoisson.cpp:454
  [UP] attempt to unprotect more items (2) than protected (1), results will be incomplete unfoldr/src/SimPoisson.cpp:454
  [PB] has possible protection stack imbalance unfoldr/src/SimPoisson.cpp:456

Function convert_R_CylinderIntersections(std::__1::vector<STGM::Intersector<STGM::CCylinder>, std::__1::allocator<STGM::Intersector<STGM::CCylinder> > >&, STGM::CBox3&)
  [PB] has negative depth unfoldr/src/SimPoisson.cpp:2062
  [UP] attempt to unprotect more items (13) than protected (1), results will be incomplete unfoldr/src/SimPoisson.cpp:2062
  [UP] attempt to unprotect more items (16) than protected (4), results will be incomplete unfoldr/src/SimPoisson.cpp:2062
  [UP] attempt to unprotect more items (3) than protected (1), results will be incomplete unfoldr/src/SimPoisson.cpp:2062
  [UP] attempt to unprotect more items (6) than protected (4), results will be incomplete unfoldr/src/SimPoisson.cpp:2062
  [PB] has possible protection stack imbalance unfoldr/src/SimPoisson.cpp:2078
