Package zlib version 1.0.3
Package built using 88872/R 4.6.0; x86_64-pc-linux-gnu; 2025-09-27 04:23:13 UTC; unix   
Checked with rchk version 35618ebbccf3cd0b45a3530e6303970a22a9056b LLVM version 14.0.6
More information at https://github.com/kalibera/cran-checks/blob/master/rchk/PROTECT.md
For rchk in docker image see https://github.com/kalibera/rchk/blob/master/doc/DOCKER.md


Function Rcpp::Rcpp_protect(SEXPREC*)
  [PB] has possible protection stack imbalance Rcpp/include/Rcpp/protection/Shield.h:25

Function Rcpp::Rcpp_unprotect(int)
  [PB] has an unsupported form of unprotect with a variable results will be incomplete Rcpp/include/Rcpp/protection/Shield.h:31
  [UP] unsupported form of unprotect, unprotecting all variables, results will be incomplete Rcpp/include/Rcpp/protection/Shield.h:31

Function _zlib_compress_chunk
  [UP] ignoring variable <unnamed var:   %15 = alloca %struct.SEXPREC*, align 8> as it has address taken, results will be incomplete 

Function _zlib_create_compressor
  [UP] ignoring variable <unnamed var:   %27 = alloca %struct.SEXPREC*, align 8> as it has address taken, results will be incomplete 
  [UP] ignoring variable <unnamed var:   %28 = alloca %struct.SEXPREC*, align 8> as it has address taken, results will be incomplete 

Function _zlib_create_decompressor
  [UP] ignoring variable <unnamed var:   %12 = alloca %struct.SEXPREC*, align 8> as it has address taken, results will be incomplete 
  [UP] ignoring variable <unnamed var:   %13 = alloca %struct.SEXPREC*, align 8> as it has address taken, results will be incomplete 

Function _zlib_decompress_chunk
  [UP] ignoring variable <unnamed var:   %15 = alloca %struct.SEXPREC*, align 8> as it has address taken, results will be incomplete 

Function _zlib_flush_compressor_buffer
  [UP] ignoring variable <unnamed var:   %15 = alloca %struct.SEXPREC*, align 8> as it has address taken, results will be incomplete 

Function _zlib_flush_decompressor_buffer
  [UP] ignoring variable <unnamed var:   %15 = alloca %struct.SEXPREC*, align 8> as it has address taken, results will be incomplete 

Function _zlib_validate_gzip_file
  [UP] ignoring variable <unnamed var:   %12 = alloca %struct.SEXPREC*, align 8> as it has address taken, results will be incomplete 

Function _zlib_zlib_constants
  [UP] ignoring variable <unnamed var:   %9 = alloca %struct.SEXPREC*, align 8> as it has address taken, results will be incomplete 
