* using log directory ‘/var/scratch2/tomas/cran/rcnst/check/RxODE.Rcheck’
* using R Under development (unstable) (2019-06-29 r76756)
* using platform: x86_64-pc-linux-gnu (64-bit)
* using session charset: UTF-8
* checking for file ‘RxODE/DESCRIPTION’ ... OK
* this is package ‘RxODE’ version ‘0.9.0-8’
* package encoding: UTF-8
* checking package namespace information ... OK
* checking package dependencies ... NOTE
Package suggested but not available for checking: ‘installr’
* checking if this is a source package ... OK
* checking if there is a namespace ... OK
* checking for executable files ... OK
* checking for hidden files and directories ... OK
* checking for portable file names ... OK
* checking for sufficient/correct file permissions ... OK
* checking whether package ‘RxODE’ can be installed ... OK
* checking package directory ... OK
* checking ‘build’ directory ... OK
* checking DESCRIPTION meta-information ... OK
* checking top-level files ... OK
* checking for left-over files ... OK
* checking index information ... OK
* checking package subdirectories ... OK
* checking R files for non-ASCII characters ... OK
* checking R files for syntax errors ... OK
* checking whether the package can be loaded ... OK
* checking whether the package can be loaded with stated dependencies ... OK
* checking whether the package can be unloaded cleanly ... OK
* checking whether the namespace can be loaded with stated dependencies ... OK
* checking whether the namespace can be unloaded cleanly ... OK
* checking loading without being on the library search path ... OK
* checking dependencies in R code ... NOTE
Namespace in Imports field not imported from: ‘n1qn1’
  All declared Imports should be used.
* checking S3 generic/method consistency ... OK
* checking replacement functions ... OK
* checking foreign function calls ... OK
* checking R code for possible problems ... OK
* checking Rd files ... OK
* checking Rd metadata ... OK
* checking Rd cross-references ... OK
* checking for missing documentation entries ... OK
* checking for code/documentation mismatches ... OK
* checking Rd \usage sections ... OK
* checking Rd contents ... OK
* checking for unstated dependencies in examples ... OK
* checking line endings in shell scripts ... OK
* checking line endings in C/C++/Fortran sources/headers ... OK
* checking line endings in Makefiles ... OK
* checking compilation flags in Makevars ... OK
* checking for GNU extensions in Makefiles ... OK
* checking for portable use of $(BLAS_LIBS) and $(LAPACK_LIBS) ... OK
* checking use of PKG_*FLAGS in Makefiles ... OK
* checking compiled code ... NOTE
Note: information on .o files is not available
* checking installed files from ‘inst/doc’ ... OK
* checking files in ‘vignettes’ ... OK
* checking examples ... OK
* checking for unstated dependencies in ‘tests’ ... OK
* checking tests ... ERROR
  Running ‘testthat.R’
Running the tests in ‘tests/testthat.R’ failed.
Last 13 lines of output:
  ERROR: modification of compiler constant of type language, length 5
  ERROR: the modified constant is function body:
  et(., amt = NA_real_, time = 0.5, cmt = "-out")
  ERROR: the body was originally:
  et(., amt = 3, time = 0.5, cmt = "-out")
  ERROR: modification of compiler constant of type double, length 1
  ERROR: the modified value of the constant is:
  [1] NA
  ERROR: the original value of the constant is:
  [1] 3
  ERROR: the modified constant is at index 3
  ERROR: the modified constant is in this function body:
  et(., amt = NA_real_, time = 0.5, cmt = "-out")
  Fatal error: compiler constants were modified!
  
* checking for unstated dependencies in vignettes ... OK
* checking package vignettes in ‘inst/doc’ ... OK
* checking running R code from vignettes ... NONE
  ‘RxODE-cmt.Rmd’ using ‘UTF-8’... OK
  ‘RxODE-covariates.Rmd’ using ‘UTF-8’... OK
  ‘RxODE-data-frame.Rmd’ using ‘UTF-8’... OK
  ‘RxODE-events.Rmd’ using ‘UTF-8’... OK
  ‘RxODE-intro.Rmd’ using ‘UTF-8’... OK
  ‘RxODE-model-types.Rmd’ using ‘UTF-8’... OK
  ‘RxODE-rxUse.Rmd’ using ‘UTF-8’... OK
  ‘RxODE-shiny.Rmd’ using ‘UTF-8’... OK
  ‘RxODE-stiff.Rmd’ using ‘UTF-8’... OK
  ‘RxODE-syntax.Rmd’ using ‘UTF-8’... OK
  ‘RxODE-transit-compartments.Rmd’ using ‘UTF-8’... OK
* checking re-building of vignette outputs ... WARNING
Error(s) in re-building vignettes:
--- re-building ‘RxODE-cmt.Rmd’ using rmarkdown
--- finished re-building ‘RxODE-cmt.Rmd’

--- re-building ‘RxODE-covariates.Rmd’ using rmarkdown
udunits system database from /usr/share/udunits
▂▂▂▂▂▂▂▂▂▂▂▂▂▂▂▂▂▂▂▂▂▂▂▂▂▂▂▂▂▂▂▂▂▂▂▂▂▂▂▂▂▂▂▂▂▂▂▂▂▂▂▂▂▂▂▂▂▂▂▂▂▂▂▂▂▂▂▂▂▂▂▂▂▂▂
▂▂▂▂▂▂▂▂▂▂▂▂▂▂▂▂▂▂▂▂▂▂▂▂▂▂▂▂▂▂▂▂▂▂▂▂▂▂▂▂▂▂▂▂▂▂▂▂▂▂▂▂▂▂▂▂▂▂▂▂▂▂▂▂▂▂▂▂▂▂▂▂▂▂▂
▂▂▂▂▂▂▂▂▂▂▂▂▂▂▂▂▂▂▂▂▂▂▂▂▂▂▂▂▂▂▂▂▂▂▂▂▂▂▂▂▂▂▂▂▂▂▂▂▂▂▂▂▂▂▂▂▂▂▂▂▂▂▂▂▂▂▂▂▂▂▂▂▂▂▂
--- finished re-building ‘RxODE-covariates.Rmd’

--- re-building ‘RxODE-data-frame.Rmd’ using rmarkdown
udunits system database from /usr/share/udunits
___________________________________________________________________________
___________________________________________________________________________
___________________________________________________________________________

Attaching package: 'dplyr'

The following objects are masked from 'package:stats':

    filter, lag

The following objects are masked from 'package:base':

    intersect, setdiff, setequal, union

___________________________________________________________________________
___________________________________________________________________________
___________________________________________________________________________
___________________________________________________________________________
--- finished re-building ‘RxODE-data-frame.Rmd’

--- re-building ‘RxODE-events.Rmd’ using rmarkdown
--- finished re-building ‘RxODE-events.Rmd’

--- re-building ‘RxODE-intro.Rmd’ using rmarkdown
Quitting from lines 36-47 (RxODE-intro.Rmd) 
Error: processing vignette 'RxODE-intro.Rmd' failed with diagnostics:
cannot open the connection
--- failed re-building ‘RxODE-intro.Rmd’

--- re-building ‘RxODE-model-types.Rmd’ using rmarkdown
Quitting from lines 35-40 (RxODE-model-types.Rmd) 
Error: processing vignette 'RxODE-model-types.Rmd' failed with diagnostics:
Error building model
--- failed re-building ‘RxODE-model-types.Rmd’

--- re-building ‘RxODE-rxUse.Rmd’ using rmarkdown
--- finished re-building ‘RxODE-rxUse.Rmd’

--- re-building ‘RxODE-shiny.Rmd’ using rmarkdown
--- finished re-building ‘RxODE-shiny.Rmd’

--- re-building ‘RxODE-stiff.Rmd’ using rmarkdown
--- finished re-building ‘RxODE-stiff.Rmd’

--- re-building ‘RxODE-syntax.Rmd’ using rmarkdown
--- finished re-building ‘RxODE-syntax.Rmd’

--- re-building ‘RxODE-transit-compartments.Rmd’ using rmarkdown
--- finished re-building ‘RxODE-transit-compartments.Rmd’

SUMMARY: processing the following files failed:
  ‘RxODE-intro.Rmd’ ‘RxODE-model-types.Rmd’

Error: Vignette re-building failed.
Execution halted

* checking PDF version of manual ... OK
* DONE
Status: 1 ERROR, 1 WARNING, 3 NOTEs
