* installing *source* package ‘data.table’ ...
** package ‘data.table’ successfully unpacked and MD5 sums checked
** libs
make[1]: Entering directory '/tmp/RtmpVfAcnM/R.INSTALL34b63af24d1/data.table/src'
gcc -I/home/tomas/cran/rcnst/build/include -DNDEBUG   -I/usr/local/include  -fopenmp -fpic  -g -O2  -c assign.c -o assign.o
gcc -I/home/tomas/cran/rcnst/build/include -DNDEBUG   -I/usr/local/include  -fopenmp -fpic  -g -O2  -c between.c -o between.o
gcc -I/home/tomas/cran/rcnst/build/include -DNDEBUG   -I/usr/local/include  -fopenmp -fpic  -g -O2  -c bmerge.c -o bmerge.o
gcc -I/home/tomas/cran/rcnst/build/include -DNDEBUG   -I/usr/local/include  -fopenmp -fpic  -g -O2  -c chmatch.c -o chmatch.o
gcc -I/home/tomas/cran/rcnst/build/include -DNDEBUG   -I/usr/local/include  -fopenmp -fpic  -g -O2  -c dogroups.c -o dogroups.o
gcc -I/home/tomas/cran/rcnst/build/include -DNDEBUG   -I/usr/local/include  -fopenmp -fpic  -g -O2  -c fastmean.c -o fastmean.o
gcc -I/home/tomas/cran/rcnst/build/include -DNDEBUG   -I/usr/local/include  -fopenmp -fpic  -g -O2  -c fcast.c -o fcast.o
gcc -I/home/tomas/cran/rcnst/build/include -DNDEBUG   -I/usr/local/include  -fopenmp -fpic  -g -O2  -c fmelt.c -o fmelt.o
gcc -I/home/tomas/cran/rcnst/build/include -DNDEBUG   -I/usr/local/include  -fopenmp -fpic  -g -O2  -c forder.c -o forder.o
gcc -I/home/tomas/cran/rcnst/build/include -DNDEBUG   -I/usr/local/include  -fopenmp -fpic  -g -O2  -c frank.c -o frank.o
gcc -I/home/tomas/cran/rcnst/build/include -DNDEBUG   -I/usr/local/include  -fopenmp -fpic  -g -O2  -c fread.c -o fread.o
gcc -I/home/tomas/cran/rcnst/build/include -DNDEBUG   -I/usr/local/include  -fopenmp -fpic  -g -O2  -c fsort.c -o fsort.o
gcc -I/home/tomas/cran/rcnst/build/include -DNDEBUG   -I/usr/local/include  -fopenmp -fpic  -g -O2  -c fwrite.c -o fwrite.o
gcc -I/home/tomas/cran/rcnst/build/include -DNDEBUG   -I/usr/local/include  -fopenmp -fpic  -g -O2  -c gsumm.c -o gsumm.o
gcc -I/home/tomas/cran/rcnst/build/include -DNDEBUG   -I/usr/local/include  -fopenmp -fpic  -g -O2  -c ijoin.c -o ijoin.o
gcc -I/home/tomas/cran/rcnst/build/include -DNDEBUG   -I/usr/local/include  -fopenmp -fpic  -g -O2  -c init.c -o init.o
gcc -I/home/tomas/cran/rcnst/build/include -DNDEBUG   -I/usr/local/include  -fopenmp -fpic  -g -O2  -c inrange.c -o inrange.o
gcc -I/home/tomas/cran/rcnst/build/include -DNDEBUG   -I/usr/local/include  -fopenmp -fpic  -g -O2  -c openmp-utils.c -o openmp-utils.o
gcc -I/home/tomas/cran/rcnst/build/include -DNDEBUG   -I/usr/local/include  -fopenmp -fpic  -g -O2  -c quickselect.c -o quickselect.o
gcc -I/home/tomas/cran/rcnst/build/include -DNDEBUG   -I/usr/local/include  -fopenmp -fpic  -g -O2  -c rbindlist.c -o rbindlist.o
gcc -I/home/tomas/cran/rcnst/build/include -DNDEBUG   -I/usr/local/include  -fopenmp -fpic  -g -O2  -c reorder.c -o reorder.o
gcc -I/home/tomas/cran/rcnst/build/include -DNDEBUG   -I/usr/local/include  -fopenmp -fpic  -g -O2  -c shift.c -o shift.o
gcc -I/home/tomas/cran/rcnst/build/include -DNDEBUG   -I/usr/local/include  -fopenmp -fpic  -g -O2  -c subset.c -o subset.o
gcc -I/home/tomas/cran/rcnst/build/include -DNDEBUG   -I/usr/local/include  -fopenmp -fpic  -g -O2  -c transpose.c -o transpose.o
gcc -I/home/tomas/cran/rcnst/build/include -DNDEBUG   -I/usr/local/include  -fopenmp -fpic  -g -O2  -c uniqlist.c -o uniqlist.o
gcc -I/home/tomas/cran/rcnst/build/include -DNDEBUG   -I/usr/local/include  -fopenmp -fpic  -g -O2  -c vecseq.c -o vecseq.o
gcc -I/home/tomas/cran/rcnst/build/include -DNDEBUG   -I/usr/local/include  -fopenmp -fpic  -g -O2  -c wrappers.c -o wrappers.o
gcc -shared -L/usr/local/lib -o data.table.so assign.o between.o bmerge.o chmatch.o dogroups.o fastmean.o fcast.o fmelt.o forder.o frank.o fread.o fsort.o fwrite.o gsumm.o ijoin.o init.o inrange.o openmp-utils.o quickselect.o rbindlist.o reorder.o shift.o subset.o transpose.o uniqlist.o vecseq.o wrappers.o -fopenmp
mv data.table.so datatable.so
if [ "" != "Windows_NT" ] && [ `uname -s` = 'Darwin' ]; then install_name_tool -id datatable.so datatable.so; fi
make[1]: Leaving directory '/tmp/RtmpVfAcnM/R.INSTALL34b63af24d1/data.table/src'
installing to /home/tomas/cran/rcnst/lib/data.table/libs
** R
** inst
** byte-compile and prepare package for lazy loading
** help
*** installing help indices
** building package indices
** installing vignettes
** testing if installed package can be loaded
* DONE (data.table)
