Hmm ... looks like a package
Converting parsed Rd's to LaTeX .
Creating pdf output from LaTeX ...

This is pdfTeX, Version 3.141592653-2.6-1.40.25 (TeX Live 2023/Fedora 40) (preloaded format=pdflatex)
 restricted \write18 enabled.
entering extended mode
LaTeX2e <2022-11-01> patch level 1
L3 programming layer <2023-02-22> (./Rd2.tex
(/usr/share/texlive/texmf-dist/tex/latex/base/book.cls
Document Class: book 2022/07/02 v1.4n Standard LaTeX document class
(/usr/share/texlive/texmf-dist/tex/latex/base/bk10.clo))
(/var/scratch2/tomas/cran/rlibro/build/share/texmf/tex/latex/Rd.sty
(/usr/share/texlive/texmf-dist/tex/latex/base/ifthen.sty)
(/usr/share/texlive/texmf-dist/tex/generic/iftex/iftex.sty)
(/usr/share/texlive/texmf-dist/tex/latex/tools/longtable.sty)
(/usr/share/texlive/texmf-dist/tex/latex/tools/bm.sty)
(/usr/share/texlive/texmf-dist/tex/latex/base/alltt.sty)
(/usr/share/texlive/texmf-dist/tex/latex/tools/verbatim.sty)
(/usr/share/texlive/texmf-dist/tex/latex/url/url.sty)
(/usr/share/texlive/texmf-dist/tex/latex/base/textcomp.sty)
(/usr/share/texlive/texmf-dist/tex/latex/amsmath/amsmath.sty
For additional information on amsmath, use the `?' option.
(/usr/share/texlive/texmf-dist/tex/latex/amsmath/amstext.sty
(/usr/share/texlive/texmf-dist/tex/latex/amsmath/amsgen.sty))
(/usr/share/texlive/texmf-dist/tex/latex/amsmath/amsbsy.sty)
(/usr/share/texlive/texmf-dist/tex/latex/amsmath/amsopn.sty))
(/usr/share/texlive/texmf-dist/tex/latex/amsfonts/amsfonts.sty)
(/usr/share/texlive/texmf-dist/tex/latex/amsfonts/amssymb.sty)
(/usr/share/texlive/texmf-dist/tex/latex/jknapltx/mathrsfs.sty)
(/usr/share/texlive/texmf-dist/tex/latex/base/fontenc.sty)
(/usr/share/texlive/texmf-dist/tex/latex/psnfss/times.sty)
(/usr/share/texlive/texmf-dist/tex/latex/inconsolata/zi4.sty
`inconsolata-zi4' v1.12, 2019/05/17 Text macros for Inconsolata (msharpe)
(/usr/share/texlive/texmf-dist/tex/latex/xkeyval/xkeyval.sty
(/usr/share/texlive/texmf-dist/tex/generic/xkeyval/xkeyval.tex
(/usr/share/texlive/texmf-dist/tex/generic/xkeyval/xkvutils.tex
(/usr/share/texlive/texmf-dist/tex/generic/xkeyval/keyval.tex)))))
(/usr/share/texlive/texmf-dist/tex/latex/graphics/color.sty
(/usr/share/texlive/texmf-dist/tex/latex/graphics-cfg/color.cfg)
(/usr/share/texlive/texmf-dist/tex/latex/graphics-def/pdftex.def)
(/usr/share/texlive/texmf-dist/tex/latex/graphics/mathcolor.ltx))
(/usr/share/texlive/texmf-dist/tex/latex/hyperref/hyperref.sty
(/usr/share/texlive/texmf-dist/tex/generic/ltxcmds/ltxcmds.sty)
(/usr/share/texlive/texmf-dist/tex/generic/pdftexcmds/pdftexcmds.sty
(/usr/share/texlive/texmf-dist/tex/generic/infwarerr/infwarerr.sty))
(/usr/share/texlive/texmf-dist/tex/latex/kvsetkeys/kvsetkeys.sty)
(/usr/share/texlive/texmf-dist/tex/generic/kvdefinekeys/kvdefinekeys.sty)
(/usr/share/texlive/texmf-dist/tex/generic/pdfescape/pdfescape.sty)
(/usr/share/texlive/texmf-dist/tex/latex/hycolor/hycolor.sty)
(/usr/share/texlive/texmf-dist/tex/latex/letltxmacro/letltxmacro.sty)
(/usr/share/texlive/texmf-dist/tex/latex/auxhook/auxhook.sty)
(/usr/share/texlive/texmf-dist/tex/latex/hyperref/nameref.sty
(/usr/share/texlive/texmf-dist/tex/latex/refcount/refcount.sty)
(/usr/share/texlive/texmf-dist/tex/generic/gettitlestring/gettitlestring.sty
(/usr/share/texlive/texmf-dist/tex/latex/kvoptions/kvoptions.sty)))
(/usr/share/texlive/texmf-dist/tex/latex/hyperref/pd1enc.def)
(/usr/share/texlive/texmf-dist/tex/generic/intcalc/intcalc.sty)
(/usr/share/texlive/texmf-dist/tex/generic/etexcmds/etexcmds.sty)
(/usr/share/texlive/texmf-dist/tex/latex/hyperref/puenc.def)
(/usr/share/texlive/texmf-dist/tex/generic/bitset/bitset.sty
(/usr/share/texlive/texmf-dist/tex/generic/bigintcalc/bigintcalc.sty))
(/usr/share/texlive/texmf-dist/tex/latex/base/atbegshi-ltx.sty))
(/usr/share/texlive/texmf-dist/tex/latex/hyperref/hpdftex.def
(/usr/share/texlive/texmf-dist/tex/latex/base/atveryend-ltx.sty)
(/usr/share/texlive/texmf-dist/tex/latex/rerunfilecheck/rerunfilecheck.sty
(/usr/share/texlive/texmf-dist/tex/generic/uniquecounter/uniquecounter.sty))))
(/usr/share/texlive/texmf-dist/tex/latex/base/makeidx.sty)
Writing index file Rd2.idx
(/usr/share/texlive/texmf-dist/tex/latex/psnfss/t1ptm.fd)
(/usr/share/texlive/texmf-dist/tex/latex/l3backend/l3backend-pdftex.def)
No file Rd2.aux.
(/usr/share/texlive/texmf-dist/tex/context/base/mkii/supp-pdf.mkii
[Loading MPS to PDF converter (version 2006.09.02).]
) (/usr/share/texlive/texmf-dist/tex/latex/inconsolata/t1zi4.fd)
(/usr/share/texlive/texmf-dist/tex/latex/amsfonts/umsa.fd)
(/usr/share/texlive/texmf-dist/tex/latex/amsfonts/umsb.fd)
(/usr/share/texlive/texmf-dist/tex/latex/jknapltx/ursfs.fd)
No file Rd2.toc.
[1{/var/lib/texmf/fonts/map/pdftex/updmap/pdftex.map}{/usr/share/texlive/texmf-
dist/fonts/enc/dvips/base/8r.enc}{/usr/share/texlive/texmf-dist/fonts/enc/dvips
/inconsolata/i4-t1-0.enc}]
(/usr/share/texlive/texmf-dist/tex/latex/inconsolata/ts1zi4.fd)
Overfull \hbox (1.34903pt too wide) in paragraph at lines 73--75
[]\T1/ptm/m/n/10 character (HTML) or \T1/zi4/m/n/10 htmltools::[tagList][htmlto
ols::tagList]\T1/ptm/m/n/10 , ti-tle for

Overfull \hbox (28.07921pt too wide) in paragraph at lines 81--83
[]\T1/ptm/m/n/10 character, one of the stan-dard Boot-strap types []\T1/zi4/m/n
/10 c("default", "primary", "success",

Overfull \hbox (61.7087pt too wide) in paragraph at lines 90--93
[]\T1/ptm/m/n/10 All of these func-tions re-turn a []\T1/zi4/m/n/10 bsplus_acco
rdion []\T1/ptm/m/n/10 ob-ject (which is also an \T1/zi4/m/n/10 htmltools::[tag
][htmltools::tag]\T1/ptm/m/n/10 ,
[2{/usr/share/texlive/texmf-dist/fonts/enc/dvips/inconsolata/i4-ts1.enc}]
Overfull \hbox (48.8986pt too wide) in paragraph at lines 137--140
[]\T1/ptm/m/n/10 Combines Boot-strap ac-cor-dion with the func-tion-al-ity of \
T1/zi4/m/n/10 shiny::[sidebarLayout][shiny::sidebarLayout]\T1/ptm/m/n/10 ,
[3]
Overfull \hbox (1.34903pt too wide) in paragraph at lines 182--184
[]\T1/ptm/m/n/10 character (HTML) or \T1/zi4/m/n/10 htmltools::[tagList][htmlto
ols::tagList]\T1/ptm/m/n/10 , ti-tle for

Overfull \hbox (0.8787pt too wide) in paragraph at lines 193--195
[]\T1/ptm/m/n/10 character, in-di-cated boot-strap type for active-panel header
, one of []\T1/zi4/m/n/10 c("default",

Overfull \hbox (8.65858pt too wide) in paragraph at lines 196--198
[]\T1/ptm/m/n/10 character, in-di-cated boot-strap type for inactive-panel head
er, one of []\T1/zi4/m/n/10 c("default",

Overfull \hbox (26.48961pt too wide) in paragraph at lines 205--208
[]\T1/ptm/m/n/10 If you use a []\T1/zi4/m/n/10 bs_accordion_sidebar()[]\T1/ptm/
m/n/10 , you will have to call the func-tion []\T1/zi4/m/n/10 use_bs_accordion_
sidebar()

Overfull \hbox (69.32869pt too wide) in paragraph at lines 209--212
[]\T1/ptm/m/n/10 All of these func-tions re-turn a []\T1/zi4/m/n/10 bsplus_accs
idebar []\T1/ptm/m/n/10 ob-ject, (which is also an \T1/zi4/m/n/10 htmltools::[t
ag][htmltools::tag]\T1/ptm/m/n/10 ,
[4] [5]
Overfull \hbox (1.66925pt too wide) in paragraph at lines 317--319
[]\T1/ptm/m/n/10 character (HTML) or \T1/zi4/m/n/10 htmltools::[tagList][htmlto
ols::tagList]\T1/ptm/m/n/10 , cap-tion

Overfull \hbox (56.7087pt too wide) in paragraph at lines 332--335
[]\T1/ptm/m/n/10 All of these func-tions re-turn a []\T1/zi4/m/n/10 bsplus_caro
usel []\T1/ptm/m/n/10 ob-ject (which is also an \T1/zi4/m/n/10 htmltools::[tag]
[htmltools::tag]\T1/ptm/m/n/10 ,

Overfull \hbox (83.82092pt too wide) in paragraph at lines 359--361
[][][]$\T1/zi4/m/n/10 https : / / getbootstrap . com / docs / 3 . 3 / javascrip
t / #carousel$[][]\T1/ptm/m/n/10 , [][][]\T1/zi4/m/n/10 bs_carousel_image()[][]
[][]\T1/ptm/m/n/10 , [][][]\T1/zi4/m/n/10 bs_carousel_caption()[][][] 
[6] (/usr/share/texlive/texmf-dist/tex/latex/psnfss/ts1ptm.fd) [7] [8]
Overfull \hbox (6.19943pt too wide) in paragraph at lines 516--518
[]\T1/ptm/m/n/10 additional ar-gu-ments passed to \T1/zi4/m/n/10 htmltools::[ta
g][htmltools::tag]$img\T1/ptm/m/n/10 , typ-
[9] [10]
Overfull \hbox (9.23012pt too wide) in paragraph at lines 637--639
[]\T1/zi4/m/n/10 htmltools::[tag][htmltools::tag]\T1/ptm/m/n/10 , gen-er-ally \
T1/zi4/m/n/10 <button/> \T1/ptm/m/n/10 or \T1/zi4/m/n/10 <a/>\T1/ptm/m/n/10 , i
nto which
[11]
Overfull \hbox (9.23012pt too wide) in paragraph at lines 694--696
[]\T1/zi4/m/n/10 htmltools::[tag][htmltools::tag]\T1/ptm/m/n/10 , gen-er-ally \
T1/zi4/m/n/10 <button/> \T1/ptm/m/n/10 or \T1/zi4/m/n/10 <a/>\T1/ptm/m/n/10 , i
nto which
[12]
Overfull \hbox (57.72812pt too wide) in paragraph at lines 760--762
[]\T1/ptm/m/n/10 character, ti-tle for the modal win-dow (this ar-gu-ment is de
p-re-cated for []\T1/zi4/m/n/10 bs_modal_closebutton[]\T1/ptm/m/n/10 ,

Overfull \hbox (32.33823pt too wide) in paragraph at lines 784--786
[]\T1/ptm/m/n/10 At least one but-ton or link to which the []\T1/zi4/m/n/10 id 
[]\T1/ptm/m/n/10 of the modal win-dow is at-tached, us-ing []\T1/zi4/m/n/10 bs_
attach_modal() 

Overfull \hbox (13.2591pt too wide) in paragraph at lines 802--804
[]\T1/ptm/m/n/10 If you want to com-pose your own footer for the modal win-dow,
 the func-tion []\T1/zi4/m/n/10 bs_modal_closebutton()
[13] (/usr/share/texlive/texmf-dist/tex/latex/base/t1cmtt.fd)
(/usr/share/texlive/texmf-dist/tex/latex/base/ts1cmtt.fd) [14{/usr/share/texliv
e/texmf-dist/fonts/enc/dvips/cm-super/cm-super-ts1.enc}] [15] [16]
Overfull \hbox (19.99951pt too wide) in paragraph at lines 1040--1042
[]\T1/ptm/m/n/10 This func-tion is be-ing dep-re-cated in fa-vor of \T1/zi4/m/n
/10 shiny::[includeMarkdown][shiny::includeMarkdown] 
[17]
Overfull \hbox (45.84094pt too wide) in paragraph at lines 1137--1140
[][][]\T1/zi4/m/n/10 shinyInput_label_embed()[][][][]\T1/ptm/m/n/10 , \T1/zi4/m
/n/10 shiny::[icon][shiny::icon]\T1/ptm/m/n/10 , [][][]\T1/zi4/m/n/10 bs_attach
_modal()[][][][]\T1/ptm/m/n/10 , [][][]\T1/zi4/m/n/10 bs_embed_popover()[][][][
]\T1/ptm/m/n/10 ,
[18]

Package hyperref Warning: Glyph not defined in PU encoding,
(hyperref)                removing `\Rpercent' on input line 1151.


Package hyperref Warning: Glyph not defined in PU encoding,
(hyperref)                removing `\Rpercent' on input line 1151.

No file Rd2.ind.
[19] (/var/scratch2/tomas/tmp/RtmpQF5BmR/Rd2pdf12bf052088e624/Rd2.aux)

Package rerunfilecheck Warning: File `Rd2.out' has changed.
(rerunfilecheck)                Rerun to get outlines right
(rerunfilecheck)                or use package `bookmark'.

 )
(see the transcript file for additional information)
pdfTeX warning (dest): name{Rfn.htmltools::tagList\(\)} has been referenced but
 does not exist, replaced by a fixed one


pdfTeX warning (dest): name{Rfn.htmltools::tags} has been referenced but does n
ot exist, replaced by a fixed one


pdfTeX warning (dest): name{Rfn.lubridate::duration\(\)} has been referenced bu
t does not exist, replaced by a fixed one

</usr/share/texlive/texmf-dist/fonts/type1/public/inconsolata/Inconsolata-zi4r.
pfb></usr/share/texlive/texmf-dist/fonts/type1/public/cm-super/sftt0900.pfb></u
sr/share/texlive/texmf-dist/fonts/type1/urw/times/utmb8a.pfb></usr/share/texliv
e/texmf-dist/fonts/type1/urw/times/utmr8a.pfb></usr/share/texlive/texmf-dist/fo
nts/type1/urw/times/utmr8a.pfb></usr/share/texlive/texmf-dist/fonts/type1/urw/t
imes/utmri8a.pfb>
Output written on Rd2.pdf (19 pages, 132110 bytes).
Transcript written on Rd2.log.
This is makeindex, version 2.17 [TeX Live 2023] (kpathsea + Thai support).
Scanning input file Rd2.idx....done (66 entries accepted, 0 rejected).
Sorting entries....done (449 comparisons).
Generating output file Rd2.ind....done (107 lines written, 0 warnings).
Output written in Rd2.ind.
Transcript written in Rd2.ilg.
This is pdfTeX, Version 3.141592653-2.6-1.40.25 (TeX Live 2023/Fedora 40) (preloaded format=pdflatex)
 restricted \write18 enabled.
entering extended mode
LaTeX2e <2022-11-01> patch level 1
L3 programming layer <2023-02-22> (./Rd2.tex
(/usr/share/texlive/texmf-dist/tex/latex/base/book.cls
Document Class: book 2022/07/02 v1.4n Standard LaTeX document class
(/usr/share/texlive/texmf-dist/tex/latex/base/bk10.clo))
(/var/scratch2/tomas/cran/rlibro/build/share/texmf/tex/latex/Rd.sty
(/usr/share/texlive/texmf-dist/tex/latex/base/ifthen.sty)
(/usr/share/texlive/texmf-dist/tex/generic/iftex/iftex.sty)
(/usr/share/texlive/texmf-dist/tex/latex/tools/longtable.sty)
(/usr/share/texlive/texmf-dist/tex/latex/tools/bm.sty)
(/usr/share/texlive/texmf-dist/tex/latex/base/alltt.sty)
(/usr/share/texlive/texmf-dist/tex/latex/tools/verbatim.sty)
(/usr/share/texlive/texmf-dist/tex/latex/url/url.sty)
(/usr/share/texlive/texmf-dist/tex/latex/base/textcomp.sty)
(/usr/share/texlive/texmf-dist/tex/latex/amsmath/amsmath.sty
For additional information on amsmath, use the `?' option.
(/usr/share/texlive/texmf-dist/tex/latex/amsmath/amstext.sty
(/usr/share/texlive/texmf-dist/tex/latex/amsmath/amsgen.sty))
(/usr/share/texlive/texmf-dist/tex/latex/amsmath/amsbsy.sty)
(/usr/share/texlive/texmf-dist/tex/latex/amsmath/amsopn.sty))
(/usr/share/texlive/texmf-dist/tex/latex/amsfonts/amsfonts.sty)
(/usr/share/texlive/texmf-dist/tex/latex/amsfonts/amssymb.sty)
(/usr/share/texlive/texmf-dist/tex/latex/jknapltx/mathrsfs.sty)
(/usr/share/texlive/texmf-dist/tex/latex/base/fontenc.sty)
(/usr/share/texlive/texmf-dist/tex/latex/psnfss/times.sty)
(/usr/share/texlive/texmf-dist/tex/latex/inconsolata/zi4.sty
`inconsolata-zi4' v1.12, 2019/05/17 Text macros for Inconsolata (msharpe)
(/usr/share/texlive/texmf-dist/tex/latex/xkeyval/xkeyval.sty
(/usr/share/texlive/texmf-dist/tex/generic/xkeyval/xkeyval.tex
(/usr/share/texlive/texmf-dist/tex/generic/xkeyval/xkvutils.tex
(/usr/share/texlive/texmf-dist/tex/generic/xkeyval/keyval.tex)))))
(/usr/share/texlive/texmf-dist/tex/latex/graphics/color.sty
(/usr/share/texlive/texmf-dist/tex/latex/graphics-cfg/color.cfg)
(/usr/share/texlive/texmf-dist/tex/latex/graphics-def/pdftex.def)
(/usr/share/texlive/texmf-dist/tex/latex/graphics/mathcolor.ltx))
(/usr/share/texlive/texmf-dist/tex/latex/hyperref/hyperref.sty
(/usr/share/texlive/texmf-dist/tex/generic/ltxcmds/ltxcmds.sty)
(/usr/share/texlive/texmf-dist/tex/generic/pdftexcmds/pdftexcmds.sty
(/usr/share/texlive/texmf-dist/tex/generic/infwarerr/infwarerr.sty))
(/usr/share/texlive/texmf-dist/tex/latex/kvsetkeys/kvsetkeys.sty)
(/usr/share/texlive/texmf-dist/tex/generic/kvdefinekeys/kvdefinekeys.sty)
(/usr/share/texlive/texmf-dist/tex/generic/pdfescape/pdfescape.sty)
(/usr/share/texlive/texmf-dist/tex/latex/hycolor/hycolor.sty)
(/usr/share/texlive/texmf-dist/tex/latex/letltxmacro/letltxmacro.sty)
(/usr/share/texlive/texmf-dist/tex/latex/auxhook/auxhook.sty)
(/usr/share/texlive/texmf-dist/tex/latex/hyperref/nameref.sty
(/usr/share/texlive/texmf-dist/tex/latex/refcount/refcount.sty)
(/usr/share/texlive/texmf-dist/tex/generic/gettitlestring/gettitlestring.sty
(/usr/share/texlive/texmf-dist/tex/latex/kvoptions/kvoptions.sty)))
(/usr/share/texlive/texmf-dist/tex/latex/hyperref/pd1enc.def)
(/usr/share/texlive/texmf-dist/tex/generic/intcalc/intcalc.sty)
(/usr/share/texlive/texmf-dist/tex/generic/etexcmds/etexcmds.sty)
(/usr/share/texlive/texmf-dist/tex/latex/hyperref/puenc.def)
(/usr/share/texlive/texmf-dist/tex/generic/bitset/bitset.sty
(/usr/share/texlive/texmf-dist/tex/generic/bigintcalc/bigintcalc.sty))
(/usr/share/texlive/texmf-dist/tex/latex/base/atbegshi-ltx.sty))
(/usr/share/texlive/texmf-dist/tex/latex/hyperref/hpdftex.def
(/usr/share/texlive/texmf-dist/tex/latex/base/atveryend-ltx.sty)
(/usr/share/texlive/texmf-dist/tex/latex/rerunfilecheck/rerunfilecheck.sty
(/usr/share/texlive/texmf-dist/tex/generic/uniquecounter/uniquecounter.sty))))
(/usr/share/texlive/texmf-dist/tex/latex/base/makeidx.sty)
Writing index file Rd2.idx
(/usr/share/texlive/texmf-dist/tex/latex/psnfss/t1ptm.fd)
(/usr/share/texlive/texmf-dist/tex/latex/l3backend/l3backend-pdftex.def)
(/var/scratch2/tomas/tmp/RtmpQF5BmR/Rd2pdf12bf052088e624/Rd2.aux)
(/usr/share/texlive/texmf-dist/tex/context/base/mkii/supp-pdf.mkii
[Loading MPS to PDF converter (version 2006.09.02).]
) (/var/scratch2/tomas/tmp/RtmpQF5BmR/Rd2pdf12bf052088e624/Rd2.out)
(/var/scratch2/tomas/tmp/RtmpQF5BmR/Rd2pdf12bf052088e624/Rd2.out)
(/usr/share/texlive/texmf-dist/tex/latex/inconsolata/t1zi4.fd)
(/usr/share/texlive/texmf-dist/tex/latex/amsfonts/umsa.fd)
(/usr/share/texlive/texmf-dist/tex/latex/amsfonts/umsb.fd)
(/usr/share/texlive/texmf-dist/tex/latex/jknapltx/ursfs.fd)
(/var/scratch2/tomas/tmp/RtmpQF5BmR/Rd2pdf12bf052088e624/Rd2.toc [1{/var/lib/te
xmf/fonts/map/pdftex/updmap/pdftex.map}{/usr/share/texlive/texmf-dist/fonts/enc
/dvips/base/8r.enc}{/usr/share/texlive/texmf-dist/fonts/enc/dvips/inconsolata/i
4-t1-0.enc}]) (/usr/share/texlive/texmf-dist/tex/latex/inconsolata/ts1zi4.fd)
Overfull \hbox (1.34903pt too wide) in paragraph at lines 73--75
[]\T1/ptm/m/n/10 character (HTML) or \T1/zi4/m/n/10 htmltools::[tagList][htmlto
ols::tagList]\T1/ptm/m/n/10 , ti-tle for

Overfull \hbox (28.07921pt too wide) in paragraph at lines 81--83
[]\T1/ptm/m/n/10 character, one of the stan-dard Boot-strap types []\T1/zi4/m/n
/10 c("default", "primary", "success",

Overfull \hbox (61.7087pt too wide) in paragraph at lines 90--93
[]\T1/ptm/m/n/10 All of these func-tions re-turn a []\T1/zi4/m/n/10 bsplus_acco
rdion []\T1/ptm/m/n/10 ob-ject (which is also an \T1/zi4/m/n/10 htmltools::[tag
][htmltools::tag]\T1/ptm/m/n/10 ,
[2{/usr/share/texlive/texmf-dist/fonts/enc/dvips/inconsolata/i4-ts1.enc}]
Overfull \hbox (48.8986pt too wide) in paragraph at lines 137--140
[]\T1/ptm/m/n/10 Combines Boot-strap ac-cor-dion with the func-tion-al-ity of \
T1/zi4/m/n/10 shiny::[sidebarLayout][shiny::sidebarLayout]\T1/ptm/m/n/10 ,
[3]
Overfull \hbox (1.34903pt too wide) in paragraph at lines 182--184
[]\T1/ptm/m/n/10 character (HTML) or \T1/zi4/m/n/10 htmltools::[tagList][htmlto
ols::tagList]\T1/ptm/m/n/10 , ti-tle for

Overfull \hbox (0.8787pt too wide) in paragraph at lines 193--195
[]\T1/ptm/m/n/10 character, in-di-cated boot-strap type for active-panel header
, one of []\T1/zi4/m/n/10 c("default",

Overfull \hbox (8.65858pt too wide) in paragraph at lines 196--198
[]\T1/ptm/m/n/10 character, in-di-cated boot-strap type for inactive-panel head
er, one of []\T1/zi4/m/n/10 c("default",

Overfull \hbox (26.48961pt too wide) in paragraph at lines 205--208
[]\T1/ptm/m/n/10 If you use a []\T1/zi4/m/n/10 bs_accordion_sidebar()[]\T1/ptm/
m/n/10 , you will have to call the func-tion []\T1/zi4/m/n/10 use_bs_accordion_
sidebar()

Overfull \hbox (69.32869pt too wide) in paragraph at lines 209--212
[]\T1/ptm/m/n/10 All of these func-tions re-turn a []\T1/zi4/m/n/10 bsplus_accs
idebar []\T1/ptm/m/n/10 ob-ject, (which is also an \T1/zi4/m/n/10 htmltools::[t
ag][htmltools::tag]\T1/ptm/m/n/10 ,
[4] [5]
Overfull \hbox (1.66925pt too wide) in paragraph at lines 317--319
[]\T1/ptm/m/n/10 character (HTML) or \T1/zi4/m/n/10 htmltools::[tagList][htmlto
ols::tagList]\T1/ptm/m/n/10 , cap-tion

Overfull \hbox (56.7087pt too wide) in paragraph at lines 332--335
[]\T1/ptm/m/n/10 All of these func-tions re-turn a []\T1/zi4/m/n/10 bsplus_caro
usel []\T1/ptm/m/n/10 ob-ject (which is also an \T1/zi4/m/n/10 htmltools::[tag]
[htmltools::tag]\T1/ptm/m/n/10 ,

Overfull \hbox (83.82092pt too wide) in paragraph at lines 359--361
[][][]$\T1/zi4/m/n/10 https : / / getbootstrap . com / docs / 3 . 3 / javascrip
t / #carousel$[][]\T1/ptm/m/n/10 , [][][]\T1/zi4/m/n/10 bs_carousel_image()[][]
[][]\T1/ptm/m/n/10 , [][][]\T1/zi4/m/n/10 bs_carousel_caption()[][][] 
[6] (/usr/share/texlive/texmf-dist/tex/latex/psnfss/ts1ptm.fd) [7] [8]
Overfull \hbox (6.19943pt too wide) in paragraph at lines 516--518
[]\T1/ptm/m/n/10 additional ar-gu-ments passed to \T1/zi4/m/n/10 htmltools::[ta
g][htmltools::tag]$img\T1/ptm/m/n/10 , typ-
[9] [10]
Overfull \hbox (9.23012pt too wide) in paragraph at lines 637--639
[]\T1/zi4/m/n/10 htmltools::[tag][htmltools::tag]\T1/ptm/m/n/10 , gen-er-ally \
T1/zi4/m/n/10 <button/> \T1/ptm/m/n/10 or \T1/zi4/m/n/10 <a/>\T1/ptm/m/n/10 , i
nto which
[11]
Overfull \hbox (9.23012pt too wide) in paragraph at lines 694--696
[]\T1/zi4/m/n/10 htmltools::[tag][htmltools::tag]\T1/ptm/m/n/10 , gen-er-ally \
T1/zi4/m/n/10 <button/> \T1/ptm/m/n/10 or \T1/zi4/m/n/10 <a/>\T1/ptm/m/n/10 , i
nto which
[12]
Overfull \hbox (57.72812pt too wide) in paragraph at lines 760--762
[]\T1/ptm/m/n/10 character, ti-tle for the modal win-dow (this ar-gu-ment is de
p-re-cated for []\T1/zi4/m/n/10 bs_modal_closebutton[]\T1/ptm/m/n/10 ,

Overfull \hbox (32.33823pt too wide) in paragraph at lines 784--786
[]\T1/ptm/m/n/10 At least one but-ton or link to which the []\T1/zi4/m/n/10 id 
[]\T1/ptm/m/n/10 of the modal win-dow is at-tached, us-ing []\T1/zi4/m/n/10 bs_
attach_modal() 

Overfull \hbox (13.2591pt too wide) in paragraph at lines 802--804
[]\T1/ptm/m/n/10 If you want to com-pose your own footer for the modal win-dow,
 the func-tion []\T1/zi4/m/n/10 bs_modal_closebutton()
[13] (/usr/share/texlive/texmf-dist/tex/latex/base/t1cmtt.fd)
(/usr/share/texlive/texmf-dist/tex/latex/base/ts1cmtt.fd) [14{/usr/share/texliv
e/texmf-dist/fonts/enc/dvips/cm-super/cm-super-ts1.enc}] [15] [16]
Overfull \hbox (19.99951pt too wide) in paragraph at lines 1040--1042
[]\T1/ptm/m/n/10 This func-tion is be-ing dep-re-cated in fa-vor of \T1/zi4/m/n
/10 shiny::[includeMarkdown][shiny::includeMarkdown] 
[17]
Overfull \hbox (45.84094pt too wide) in paragraph at lines 1137--1140
[][][]\T1/zi4/m/n/10 shinyInput_label_embed()[][][][]\T1/ptm/m/n/10 , \T1/zi4/m
/n/10 shiny::[icon][shiny::icon]\T1/ptm/m/n/10 , [][][]\T1/zi4/m/n/10 bs_attach
_modal()[][][][]\T1/ptm/m/n/10 , [][][]\T1/zi4/m/n/10 bs_embed_popover()[][][][
]\T1/ptm/m/n/10 ,
[18]

Package hyperref Warning: Glyph not defined in PU encoding,
(hyperref)                removing `\Rpercent' on input line 1151.


Package hyperref Warning: Glyph not defined in PU encoding,
(hyperref)                removing `\Rpercent' on input line 1151.

(/var/scratch2/tomas/tmp/RtmpQF5BmR/Rd2pdf12bf052088e624/Rd2.ind [19]

LaTeX Font Warning: Font shape `T1/zi4/m/it' undefined
(Font)              using `T1/zi4/m/n' instead on input line 20.

[20]) (/var/scratch2/tomas/tmp/RtmpQF5BmR/Rd2pdf12bf052088e624/Rd2.aux)

LaTeX Font Warning: Some font shapes were not available, defaults substituted.


Package rerunfilecheck Warning: File `Rd2.out' has changed.
(rerunfilecheck)                Rerun to get outlines right
(rerunfilecheck)                or use package `bookmark'.

 )
(see the transcript file for additional information)
pdfTeX warning (dest): name{Rfn.htmltools::tagList\(\)} has been referenced but
 does not exist, replaced by a fixed one


pdfTeX warning (dest): name{Rfn.htmltools::tags} has been referenced but does n
ot exist, replaced by a fixed one


pdfTeX warning (dest): name{Rfn.lubridate::duration\(\)} has been referenced bu
t does not exist, replaced by a fixed one

</usr/share/texlive/texmf-dist/fonts/type1/public/inconsolata/Inconsolata-zi4r.
pfb></usr/share/texlive/texmf-dist/fonts/type1/public/amsfonts/cm/cmsy10.pfb></
usr/share/texlive/texmf-dist/fonts/type1/public/cm-super/sftt0900.pfb></usr/sha
re/texlive/texmf-dist/fonts/type1/urw/times/utmb8a.pfb></usr/share/texlive/texm
f-dist/fonts/type1/urw/times/utmr8a.pfb></usr/share/texlive/texmf-dist/fonts/ty
pe1/urw/times/utmr8a.pfb></usr/share/texlive/texmf-dist/fonts/type1/urw/times/u
tmri8a.pfb>
Output written on Rd2.pdf (20 pages, 148953 bytes).
Transcript written on Rd2.log.
This is makeindex, version 2.17 [TeX Live 2023] (kpathsea + Thai support).
Scanning input file Rd2.idx....done (66 entries accepted, 0 rejected).
Sorting entries....done (449 comparisons).
Generating output file Rd2.ind....done (107 lines written, 0 warnings).
Output written in Rd2.ind.
Transcript written in Rd2.ilg.
This is pdfTeX, Version 3.141592653-2.6-1.40.25 (TeX Live 2023/Fedora 40) (preloaded format=pdflatex)
 restricted \write18 enabled.
entering extended mode
LaTeX2e <2022-11-01> patch level 1
L3 programming layer <2023-02-22> (./Rd2.tex
(/usr/share/texlive/texmf-dist/tex/latex/base/book.cls
Document Class: book 2022/07/02 v1.4n Standard LaTeX document class
(/usr/share/texlive/texmf-dist/tex/latex/base/bk10.clo))
(/var/scratch2/tomas/cran/rlibro/build/share/texmf/tex/latex/Rd.sty
(/usr/share/texlive/texmf-dist/tex/latex/base/ifthen.sty)
(/usr/share/texlive/texmf-dist/tex/generic/iftex/iftex.sty)
(/usr/share/texlive/texmf-dist/tex/latex/tools/longtable.sty)
(/usr/share/texlive/texmf-dist/tex/latex/tools/bm.sty)
(/usr/share/texlive/texmf-dist/tex/latex/base/alltt.sty)
(/usr/share/texlive/texmf-dist/tex/latex/tools/verbatim.sty)
(/usr/share/texlive/texmf-dist/tex/latex/url/url.sty)
(/usr/share/texlive/texmf-dist/tex/latex/base/textcomp.sty)
(/usr/share/texlive/texmf-dist/tex/latex/amsmath/amsmath.sty
For additional information on amsmath, use the `?' option.
(/usr/share/texlive/texmf-dist/tex/latex/amsmath/amstext.sty
(/usr/share/texlive/texmf-dist/tex/latex/amsmath/amsgen.sty))
(/usr/share/texlive/texmf-dist/tex/latex/amsmath/amsbsy.sty)
(/usr/share/texlive/texmf-dist/tex/latex/amsmath/amsopn.sty))
(/usr/share/texlive/texmf-dist/tex/latex/amsfonts/amsfonts.sty)
(/usr/share/texlive/texmf-dist/tex/latex/amsfonts/amssymb.sty)
(/usr/share/texlive/texmf-dist/tex/latex/jknapltx/mathrsfs.sty)
(/usr/share/texlive/texmf-dist/tex/latex/base/fontenc.sty)
(/usr/share/texlive/texmf-dist/tex/latex/psnfss/times.sty)
(/usr/share/texlive/texmf-dist/tex/latex/inconsolata/zi4.sty
`inconsolata-zi4' v1.12, 2019/05/17 Text macros for Inconsolata (msharpe)
(/usr/share/texlive/texmf-dist/tex/latex/xkeyval/xkeyval.sty
(/usr/share/texlive/texmf-dist/tex/generic/xkeyval/xkeyval.tex
(/usr/share/texlive/texmf-dist/tex/generic/xkeyval/xkvutils.tex
(/usr/share/texlive/texmf-dist/tex/generic/xkeyval/keyval.tex)))))
(/usr/share/texlive/texmf-dist/tex/latex/graphics/color.sty
(/usr/share/texlive/texmf-dist/tex/latex/graphics-cfg/color.cfg)
(/usr/share/texlive/texmf-dist/tex/latex/graphics-def/pdftex.def)
(/usr/share/texlive/texmf-dist/tex/latex/graphics/mathcolor.ltx))
(/usr/share/texlive/texmf-dist/tex/latex/hyperref/hyperref.sty
(/usr/share/texlive/texmf-dist/tex/generic/ltxcmds/ltxcmds.sty)
(/usr/share/texlive/texmf-dist/tex/generic/pdftexcmds/pdftexcmds.sty
(/usr/share/texlive/texmf-dist/tex/generic/infwarerr/infwarerr.sty))
(/usr/share/texlive/texmf-dist/tex/latex/kvsetkeys/kvsetkeys.sty)
(/usr/share/texlive/texmf-dist/tex/generic/kvdefinekeys/kvdefinekeys.sty)
(/usr/share/texlive/texmf-dist/tex/generic/pdfescape/pdfescape.sty)
(/usr/share/texlive/texmf-dist/tex/latex/hycolor/hycolor.sty)
(/usr/share/texlive/texmf-dist/tex/latex/letltxmacro/letltxmacro.sty)
(/usr/share/texlive/texmf-dist/tex/latex/auxhook/auxhook.sty)
(/usr/share/texlive/texmf-dist/tex/latex/hyperref/nameref.sty
(/usr/share/texlive/texmf-dist/tex/latex/refcount/refcount.sty)
(/usr/share/texlive/texmf-dist/tex/generic/gettitlestring/gettitlestring.sty
(/usr/share/texlive/texmf-dist/tex/latex/kvoptions/kvoptions.sty)))
(/usr/share/texlive/texmf-dist/tex/latex/hyperref/pd1enc.def)
(/usr/share/texlive/texmf-dist/tex/generic/intcalc/intcalc.sty)
(/usr/share/texlive/texmf-dist/tex/generic/etexcmds/etexcmds.sty)
(/usr/share/texlive/texmf-dist/tex/latex/hyperref/puenc.def)
(/usr/share/texlive/texmf-dist/tex/generic/bitset/bitset.sty
(/usr/share/texlive/texmf-dist/tex/generic/bigintcalc/bigintcalc.sty))
(/usr/share/texlive/texmf-dist/tex/latex/base/atbegshi-ltx.sty))
(/usr/share/texlive/texmf-dist/tex/latex/hyperref/hpdftex.def
(/usr/share/texlive/texmf-dist/tex/latex/base/atveryend-ltx.sty)
(/usr/share/texlive/texmf-dist/tex/latex/rerunfilecheck/rerunfilecheck.sty
(/usr/share/texlive/texmf-dist/tex/generic/uniquecounter/uniquecounter.sty))))
(/usr/share/texlive/texmf-dist/tex/latex/base/makeidx.sty)
Writing index file Rd2.idx
(/usr/share/texlive/texmf-dist/tex/latex/psnfss/t1ptm.fd)
(/usr/share/texlive/texmf-dist/tex/latex/l3backend/l3backend-pdftex.def)
(/var/scratch2/tomas/tmp/RtmpQF5BmR/Rd2pdf12bf052088e624/Rd2.aux)
(/usr/share/texlive/texmf-dist/tex/context/base/mkii/supp-pdf.mkii
[Loading MPS to PDF converter (version 2006.09.02).]
) (/var/scratch2/tomas/tmp/RtmpQF5BmR/Rd2pdf12bf052088e624/Rd2.out)
(/var/scratch2/tomas/tmp/RtmpQF5BmR/Rd2pdf12bf052088e624/Rd2.out)
(/usr/share/texlive/texmf-dist/tex/latex/inconsolata/t1zi4.fd)
(/usr/share/texlive/texmf-dist/tex/latex/amsfonts/umsa.fd)
(/usr/share/texlive/texmf-dist/tex/latex/amsfonts/umsb.fd)
(/usr/share/texlive/texmf-dist/tex/latex/jknapltx/ursfs.fd)
(/var/scratch2/tomas/tmp/RtmpQF5BmR/Rd2pdf12bf052088e624/Rd2.toc [1{/var/lib/te
xmf/fonts/map/pdftex/updmap/pdftex.map}{/usr/share/texlive/texmf-dist/fonts/enc
/dvips/base/8r.enc}{/usr/share/texlive/texmf-dist/fonts/enc/dvips/inconsolata/i
4-t1-0.enc}]) (/usr/share/texlive/texmf-dist/tex/latex/inconsolata/ts1zi4.fd)
Overfull \hbox (1.34903pt too wide) in paragraph at lines 73--75
[]\T1/ptm/m/n/10 character (HTML) or \T1/zi4/m/n/10 htmltools::[tagList][htmlto
ols::tagList]\T1/ptm/m/n/10 , ti-tle for

Overfull \hbox (28.07921pt too wide) in paragraph at lines 81--83
[]\T1/ptm/m/n/10 character, one of the stan-dard Boot-strap types []\T1/zi4/m/n
/10 c("default", "primary", "success",

Overfull \hbox (61.7087pt too wide) in paragraph at lines 90--93
[]\T1/ptm/m/n/10 All of these func-tions re-turn a []\T1/zi4/m/n/10 bsplus_acco
rdion []\T1/ptm/m/n/10 ob-ject (which is also an \T1/zi4/m/n/10 htmltools::[tag
][htmltools::tag]\T1/ptm/m/n/10 ,
[2{/usr/share/texlive/texmf-dist/fonts/enc/dvips/inconsolata/i4-ts1.enc}]
Overfull \hbox (48.8986pt too wide) in paragraph at lines 137--140
[]\T1/ptm/m/n/10 Combines Boot-strap ac-cor-dion with the func-tion-al-ity of \
T1/zi4/m/n/10 shiny::[sidebarLayout][shiny::sidebarLayout]\T1/ptm/m/n/10 ,
[3]
Overfull \hbox (1.34903pt too wide) in paragraph at lines 182--184
[]\T1/ptm/m/n/10 character (HTML) or \T1/zi4/m/n/10 htmltools::[tagList][htmlto
ols::tagList]\T1/ptm/m/n/10 , ti-tle for

Overfull \hbox (0.8787pt too wide) in paragraph at lines 193--195
[]\T1/ptm/m/n/10 character, in-di-cated boot-strap type for active-panel header
, one of []\T1/zi4/m/n/10 c("default",

Overfull \hbox (8.65858pt too wide) in paragraph at lines 196--198
[]\T1/ptm/m/n/10 character, in-di-cated boot-strap type for inactive-panel head
er, one of []\T1/zi4/m/n/10 c("default",

Overfull \hbox (26.48961pt too wide) in paragraph at lines 205--208
[]\T1/ptm/m/n/10 If you use a []\T1/zi4/m/n/10 bs_accordion_sidebar()[]\T1/ptm/
m/n/10 , you will have to call the func-tion []\T1/zi4/m/n/10 use_bs_accordion_
sidebar()

Overfull \hbox (69.32869pt too wide) in paragraph at lines 209--212
[]\T1/ptm/m/n/10 All of these func-tions re-turn a []\T1/zi4/m/n/10 bsplus_accs
idebar []\T1/ptm/m/n/10 ob-ject, (which is also an \T1/zi4/m/n/10 htmltools::[t
ag][htmltools::tag]\T1/ptm/m/n/10 ,
[4] [5]
Overfull \hbox (1.66925pt too wide) in paragraph at lines 317--319
[]\T1/ptm/m/n/10 character (HTML) or \T1/zi4/m/n/10 htmltools::[tagList][htmlto
ols::tagList]\T1/ptm/m/n/10 , cap-tion

Overfull \hbox (56.7087pt too wide) in paragraph at lines 332--335
[]\T1/ptm/m/n/10 All of these func-tions re-turn a []\T1/zi4/m/n/10 bsplus_caro
usel []\T1/ptm/m/n/10 ob-ject (which is also an \T1/zi4/m/n/10 htmltools::[tag]
[htmltools::tag]\T1/ptm/m/n/10 ,

Overfull \hbox (83.82092pt too wide) in paragraph at lines 359--361
[][][]$\T1/zi4/m/n/10 https : / / getbootstrap . com / docs / 3 . 3 / javascrip
t / #carousel$[][]\T1/ptm/m/n/10 , [][][]\T1/zi4/m/n/10 bs_carousel_image()[][]
[][]\T1/ptm/m/n/10 , [][][]\T1/zi4/m/n/10 bs_carousel_caption()[][][] 
[6] (/usr/share/texlive/texmf-dist/tex/latex/psnfss/ts1ptm.fd) [7] [8]
Overfull \hbox (6.19943pt too wide) in paragraph at lines 516--518
[]\T1/ptm/m/n/10 additional ar-gu-ments passed to \T1/zi4/m/n/10 htmltools::[ta
g][htmltools::tag]$img\T1/ptm/m/n/10 , typ-
[9] [10]
Overfull \hbox (9.23012pt too wide) in paragraph at lines 637--639
[]\T1/zi4/m/n/10 htmltools::[tag][htmltools::tag]\T1/ptm/m/n/10 , gen-er-ally \
T1/zi4/m/n/10 <button/> \T1/ptm/m/n/10 or \T1/zi4/m/n/10 <a/>\T1/ptm/m/n/10 , i
nto which
[11]
Overfull \hbox (9.23012pt too wide) in paragraph at lines 694--696
[]\T1/zi4/m/n/10 htmltools::[tag][htmltools::tag]\T1/ptm/m/n/10 , gen-er-ally \
T1/zi4/m/n/10 <button/> \T1/ptm/m/n/10 or \T1/zi4/m/n/10 <a/>\T1/ptm/m/n/10 , i
nto which
[12]
Overfull \hbox (57.72812pt too wide) in paragraph at lines 760--762
[]\T1/ptm/m/n/10 character, ti-tle for the modal win-dow (this ar-gu-ment is de
p-re-cated for []\T1/zi4/m/n/10 bs_modal_closebutton[]\T1/ptm/m/n/10 ,

Overfull \hbox (32.33823pt too wide) in paragraph at lines 784--786
[]\T1/ptm/m/n/10 At least one but-ton or link to which the []\T1/zi4/m/n/10 id 
[]\T1/ptm/m/n/10 of the modal win-dow is at-tached, us-ing []\T1/zi4/m/n/10 bs_
attach_modal() 

Overfull \hbox (13.2591pt too wide) in paragraph at lines 802--804
[]\T1/ptm/m/n/10 If you want to com-pose your own footer for the modal win-dow,
 the func-tion []\T1/zi4/m/n/10 bs_modal_closebutton()
[13] (/usr/share/texlive/texmf-dist/tex/latex/base/t1cmtt.fd)
(/usr/share/texlive/texmf-dist/tex/latex/base/ts1cmtt.fd) [14{/usr/share/texliv
e/texmf-dist/fonts/enc/dvips/cm-super/cm-super-ts1.enc}] [15] [16]
Overfull \hbox (19.99951pt too wide) in paragraph at lines 1040--1042
[]\T1/ptm/m/n/10 This func-tion is be-ing dep-re-cated in fa-vor of \T1/zi4/m/n
/10 shiny::[includeMarkdown][shiny::includeMarkdown] 
[17]
Overfull \hbox (45.84094pt too wide) in paragraph at lines 1137--1140
[][][]\T1/zi4/m/n/10 shinyInput_label_embed()[][][][]\T1/ptm/m/n/10 , \T1/zi4/m
/n/10 shiny::[icon][shiny::icon]\T1/ptm/m/n/10 , [][][]\T1/zi4/m/n/10 bs_attach
_modal()[][][][]\T1/ptm/m/n/10 , [][][]\T1/zi4/m/n/10 bs_embed_popover()[][][][
]\T1/ptm/m/n/10 ,
[18]

Package hyperref Warning: Glyph not defined in PU encoding,
(hyperref)                removing `\Rpercent' on input line 1151.


Package hyperref Warning: Glyph not defined in PU encoding,
(hyperref)                removing `\Rpercent' on input line 1151.

(/var/scratch2/tomas/tmp/RtmpQF5BmR/Rd2pdf12bf052088e624/Rd2.ind [19]

LaTeX Font Warning: Font shape `T1/zi4/m/it' undefined
(Font)              using `T1/zi4/m/n' instead on input line 20.

[20]) (/var/scratch2/tomas/tmp/RtmpQF5BmR/Rd2pdf12bf052088e624/Rd2.aux)

LaTeX Font Warning: Some font shapes were not available, defaults substituted.

 )
(see the transcript file for additional information)
pdfTeX warning (dest): name{Rfn.htmltools::tagList\(\)} has been referenced but
 does not exist, replaced by a fixed one


pdfTeX warning (dest): name{Rfn.htmltools::tags} has been referenced but does n
ot exist, replaced by a fixed one


pdfTeX warning (dest): name{Rfn.lubridate::duration\(\)} has been referenced bu
t does not exist, replaced by a fixed one

</usr/share/texlive/texmf-dist/fonts/type1/public/inconsolata/Inconsolata-zi4r.
pfb></usr/share/texlive/texmf-dist/fonts/type1/public/amsfonts/cm/cmsy10.pfb></
usr/share/texlive/texmf-dist/fonts/type1/public/cm-super/sftt0900.pfb></usr/sha
re/texlive/texmf-dist/fonts/type1/urw/times/utmb8a.pfb></usr/share/texlive/texm
f-dist/fonts/type1/urw/times/utmr8a.pfb></usr/share/texlive/texmf-dist/fonts/ty
pe1/urw/times/utmr8a.pfb></usr/share/texlive/texmf-dist/fonts/type1/urw/times/u
tmri8a.pfb>
Output written on Rd2.pdf (20 pages, 149326 bytes).
Transcript written on Rd2.log.
Saving output to ‘bsplus-manual.pdf’ ...
Done
You may want to clean up by 'rm -Rf /var/scratch2/tomas/tmp/RtmpQF5BmR/Rd2pdf12bf052088e624'
