* using log directory ‘/var/scratch2/tomas/cran/rlibro/check/CoastlineFD.Rcheck’
* using R Under development (unstable) (2023-08-31 r85032)
* using platform: x86_64-pc-linux-gnu
* R was compiled by
    gcc (GCC) 13.2.1 20230728 (Red Hat 13.2.1-1)
    GNU Fortran (GCC) 13.2.1 20230728 (Red Hat 13.2.1-1)
* running under: Fedora Linux 38 (MATE-Compiz)
* using session charset: UTF-8
* checking for file ‘CoastlineFD/DESCRIPTION’ ... OK
* this is package ‘CoastlineFD’ version ‘0.1.4’
* package encoding: UTF-8
* checking package namespace information ... OK
* checking package dependencies ... OK
* checking if this is a source package ... OK
* checking if there is a namespace ... OK
* checking for executable files ... OK
* checking for hidden files and directories ... OK
* checking for portable file names ... OK
* checking for sufficient/correct file permissions ... OK
* checking whether package ‘CoastlineFD’ can be installed ... OK
* checking package directory ... OK
* checking DESCRIPTION meta-information ... OK
* checking top-level files ... OK
* checking for left-over files ... OK
* checking index information ... OK
* checking package subdirectories ... OK
* checking R files for non-ASCII characters ... OK
* checking R files for syntax errors ... OK
* checking whether the package can be loaded ... OK
* checking whether the package can be loaded with stated dependencies ... OK
* checking whether the package can be unloaded cleanly ... OK
* checking whether the namespace can be loaded with stated dependencies ... OK
* checking whether the namespace can be unloaded cleanly ... OK
* checking loading without being on the library search path ... OK
* checking dependencies in R code ... OK
* checking S3 generic/method consistency ... OK
* checking replacement functions ... OK
* checking foreign function calls ... OK
* checking R code for possible problems ... OK
* checking Rd files ... OK
* checking Rd metadata ... OK
* checking Rd cross-references ... OK
* checking for missing documentation entries ... OK
* checking for code/documentation mismatches ... OK
* checking Rd \usage sections ... OK
* checking Rd contents ... OK
* checking for unstated dependencies in examples ... OK
* checking examples ... ERROR
Running examples in ‘CoastlineFD-Ex.R’ failed
The error most likely occurred in:

> ### Name: FD
> ### Title: CoastlineFD
> ### Aliases: FD
> 
> ### ** Examples
> 
> DinputPath = list.files(system.file('extdata', package = 'CoastlineFD'),full.names = TRUE)[2]
> BinputPath = list.files(system.file('extdata', package = 'CoastlineFD'),full.names = TRUE)[1]
> netPath = list.files(system.file('extdata', package = 'CoastlineFD'),full.names = TRUE)[3]
> outputPath = paste0(system.file('extdata', package = 'CoastlineFD'), "/FD1985_1986.xlsx")
> 
> FD(
+   DinputPath,
+   BinputPath,
+   netPath,
+   outputPath,
+   c(1985:1986),
+   c(300, 600, 900, 1000, 1050, 1100),
+   0.00,
+   TRUE
+ )
Warning: OGR support is provided by the sf and terra packages among others
Warning: OGR support is provided by the sf and terra packages among others
Warning: OGR support is provided by the sf and terra packages among others
Warning: OGR support is provided by the sf and terra packages among others
Warning: OGR support is provided by the sf and terra packages among others
Warning: OGR support is provided by the sf and terra packages among others
Warning: OGR support is provided by the sf and terra packages among others
Warning: attribute variables are assumed to be spatially constant throughout all geometries
Warning: attribute variables are assumed to be spatially constant throughout all geometries
Warning: attribute variables are assumed to be spatially constant throughout all geometries
Warning: attribute variables are assumed to be spatially constant throughout all geometries
Warning: attribute variables are assumed to be spatially constant throughout all geometries
Warning: attribute variables are assumed to be spatially constant throughout all geometries
Warning: OGR support is provided by the sf and terra packages among others
Warning: OGR support is provided by the sf and terra packages among others
Warning: OGR support is provided by the sf and terra packages among others
Warning: OGR support is provided by the sf and terra packages among others
Warning: OGR support is provided by the sf and terra packages among others
Warning: OGR support is provided by the sf and terra packages among others
Warning: OGR support is provided by the sf and terra packages among others
Warning: attribute variables are assumed to be spatially constant throughout all geometries
Warning: attribute variables are assumed to be spatially constant throughout all geometries
Warning: attribute variables are assumed to be spatially constant throughout all geometries
Warning: attribute variables are assumed to be spatially constant throughout all geometries
Warning: attribute variables are assumed to be spatially constant throughout all geometries
Warning: attribute variables are assumed to be spatially constant throughout all geometries
[ERROR] workbook_close(): Error creating '/var/scratch2ro/tomas/cran/rlibro/lib/CoastlineFD/extdata/FD1985_1986.xlsx'. System error = Read-only file system
Error: Error in libxlsxwriter: 'Error creating output xlsx file. Usually a permissions error.'
Execution halted
* checking PDF version of manual ... OK
* DONE
Status: 1 ERROR
