* using log directory ‘/home/tomas/cran/rcnst/check/subplex.Rcheck’
* using R Under development (unstable) (2018-02-25 r74301)
* using platform: x86_64-pc-linux-gnu (64-bit)
* using session charset: UTF-8
* checking for file ‘subplex/DESCRIPTION’ ... OK
* this is package ‘subplex’ version ‘1.5-2’
* checking package namespace information ... OK
* checking package dependencies ... OK
* checking if this is a source package ... OK
* checking if there is a namespace ... OK
* checking for executable files ... OK
* checking for hidden files and directories ... OK
* checking for portable file names ... OK
* checking for sufficient/correct file permissions ... OK
* checking whether package ‘subplex’ can be installed ... OK
* checking package directory ... OK
* checking DESCRIPTION meta-information ... OK
* checking top-level files ... OK
* checking for left-over files ... OK
* checking index information ... OK
* checking package subdirectories ... OK
* checking R files for non-ASCII characters ... OK
* checking R files for syntax errors ... OK
* checking whether the package can be loaded ... OK
* checking whether the package can be loaded with stated dependencies ... OK
* checking whether the package can be unloaded cleanly ... OK
* checking whether the namespace can be loaded with stated dependencies ... OK
* checking whether the namespace can be unloaded cleanly ... OK
* checking loading without being on the library search path ... OK
* checking dependencies in R code ... OK
* checking S3 generic/method consistency ... OK
* checking replacement functions ... OK
* checking foreign function calls ... OK
* checking R code for possible problems ... OK
* checking Rd files ... OK
* checking Rd metadata ... OK
* checking Rd cross-references ... OK
* checking for missing documentation entries ... OK
* checking for code/documentation mismatches ... OK
* checking Rd \usage sections ... OK
* checking Rd contents ... OK
* checking for unstated dependencies in examples ... OK
* checking line endings in C/C++/Fortran sources/headers ... OK
* checking line endings in Makefiles ... OK
* checking compilation flags in Makevars ... OK
* checking for GNU extensions in Makefiles ... OK
* checking for portable use of $(BLAS_LIBS) and $(LAPACK_LIBS) ... OK
* checking compiled code ... NOTE
Note: information on .o files is not available
* checking examples ... ERROR
Running examples in ‘subplex-Ex.R’ failed
The error most likely occurred in:

> ### Name: subplex
> ### Title: Minimization of a function by the subplex algorithm
> ### Aliases: subplex
> ### Keywords: optimize
> 
> ### ** Examples
> 
> rosen <- function (x) {   ## Rosenbrock Banana function
+   x1 <- x[1]
+   x2 <- x[2]
+   100*(x2-x1*x1)^2+(1-x1)^2
+ }
> subplex(par=c(11,-33),fn=rosen)
ERROR: modification of compiler constant of type double, length 1
ERROR: the modified value of the constant is:
[1] -1
ERROR: the original value of the constant is:
[1] 1
ERROR: the modified constant is at index 9
ERROR: the modified constant is in this function body:
{
    con <- list(reltol = .Machine$double.eps, maxit = 10000, 
        parscale = 1)
    namc <- names(control)[names(control) %in% names(con)]
    con[namc] <- control[namc]
    fn <- match.fun(fn)
    tryCatch(.Call(call_subplex, par, fn, tol = con$reltol, maxnfe = con$maxit, 
        scale = con$parscale, hessian, environment(fn), pairlist(...)), 
        error = function(e) {
            stop("in ", sQuote("subplex"), ": ", conditionMessage(e), 
                call. = FALSE)
        })
}
Function subplex in namespace subplex has this body.
ERROR: detected compiler constant(s) modification after .Call invocation of function call_subplex from library subplex (/home/tomas/cran/rcnst/lib/subplex/libs/subplex.so).
NOTE: .Call function call_subplex modified its argument (number 5, type double, length 1)
Fatal error: compiler constants were modified (in .Call?)!

ERROR: modification of compiler constant of type double, length 1
ERROR: the modified value of the constant is:
[1] -1
ERROR: the original value of the constant is:
[1] 1
ERROR: the modified constant is at index 9
ERROR: the modified constant is in this function body:
{
    con <- list(reltol = .Machine$double.eps, maxit = 10000, 
        parscale = 1)
    namc <- names(control)[names(control) %in% names(con)]
    con[namc] <- control[namc]
    fn <- match.fun(fn)
    tryCatch(.Call(call_subplex, par, fn, tol = con$reltol, maxnfe = con$maxit, 
        scale = con$parscale, hessian, environment(fn), pairlist(...)), 
        error = function(e) {
            stop("in ", sQuote("subplex"), ": ", conditionMessage(e), 
                call. = FALSE)
        })
}
Function subplex in namespace subplex has this body.
Fatal error: compiler constants were modified!

* checking for unstated dependencies in ‘tests’ ... OK
* checking tests ... ERROR
  Running ‘ripple.R’
Running the tests in ‘tests/ripple.R’ failed.
Last 13 lines of output:
      con <- list(reltol = .Machine$double.eps, maxit = 10000, 
          parscale = 1)
      namc <- names(control)[names(control) %in% names(con)]
      con[namc] <- control[namc]
      fn <- match.fun(fn)
      tryCatch(.Call(call_subplex, par, fn, tol = con$reltol, maxnfe = con$maxit, 
          scale = con$parscale, hessian, environment(fn), pairlist(...)), 
          error = function(e) {
              stop("in ", sQuote("subplex"), ": ", conditionMessage(e), 
                  call. = FALSE)
          })
  }
  Function subplex in namespace subplex has this body.
  Fatal error: compiler constants were modified!
  
* checking PDF version of manual ... OK
* DONE
Status: 2 ERRORs, 1 NOTE
