* installing *source* package ‘bzinb’ ...
** package ‘bzinb’ successfully unpacked and MD5 sums checked
** using staged installation
** libs
make[1]: Entering directory '/tmp/RtmpHKralu/R.INSTALL858502fb1c0/bzinb/src'
g++ -std=gnu++11 -I"/var/scratch2/tomas/cran/rcnst/build/include" -DNDEBUG  -I"/var/scratch2/tomas/cran/rcnst/lib/Rcpp/include" -I"/var/scratch2/tomas/cran/rcnst/lib/BH/include" -I/usr/local/include   -fpic  -g -O2  -c RcppExports.cpp -o RcppExports.o
g++ -std=gnu++11 -I"/var/scratch2/tomas/cran/rcnst/build/include" -DNDEBUG  -I"/var/scratch2/tomas/cran/rcnst/lib/Rcpp/include" -I"/var/scratch2/tomas/cran/rcnst/lib/BH/include" -I/usr/local/include   -fpic  -g -O2  -c em.cpp -o em.o
g++ -std=gnu++11 -I"/var/scratch2/tomas/cran/rcnst/build/include" -DNDEBUG  -I"/var/scratch2/tomas/cran/rcnst/lib/Rcpp/include" -I"/var/scratch2/tomas/cran/rcnst/lib/BH/include" -I/usr/local/include   -fpic  -g -O2  -c expt.cpp -o expt.o
g++ -std=gnu++11 -I"/var/scratch2/tomas/cran/rcnst/build/include" -DNDEBUG  -I"/var/scratch2/tomas/cran/rcnst/lib/Rcpp/include" -I"/var/scratch2/tomas/cran/rcnst/lib/BH/include" -I/usr/local/include   -fpic  -g -O2  -c opt.cpp -o opt.o
g++ -std=gnu++11 -shared -L/usr/local/lib64 -o bzinb.so RcppExports.o em.o expt.o opt.o
make[1]: Leaving directory '/tmp/RtmpHKralu/R.INSTALL858502fb1c0/bzinb/src'
installing to /var/scratch2/tomas/cran/rcnst/lib/00LOCK-bzinb/00new/bzinb/libs
** R
** byte-compile and prepare package for lazy loading
** help
*** installing help indices
** building package indices
** testing if installed package can be loaded from temporary location
** checking absolute paths in shared objects and dynamic libraries
** testing if installed package can be loaded from final location
** testing if installed package keeps a record of temporary installation path
* DONE (bzinb)
